[I 2023-10-20 01:39:49,674] Trial 322 finished with value: 0.7891029731102663 and parameters: {'n_estimators': 12600, 'max_depth': 6, 'min_child_weight': 8, 'learning_rate': 0.00034434967523913135, 'colsample_bytree': 0.6}. Best is trial 218 with value: 0.7891376459062516.
[I 2023-10-20 01:40:23,984] Trial 323 finished with value: 0.7866191128118388 and parameters: {'n_estimators': 13400, 'max_depth': 6, 'min_child_weight': 8, 'learning_rate': 0.0017889965159623696, 'colsample_bytree': 0.6}. Best is trial 218 with value: 0.7891376459062516.
[I 2023-10-20 01:41:02,228] Trial 324 finished with value: 0.7889787818398004 and parameters: {'n_estimators': 13200, 'max_depth': 6, 'min_child_weight': 8, 'learning_rate': 0.0004048669420462799, 'colsample_bytree': 0.6}. Best is trial 218 with value: 0.7891376459062516.
[I 2023-10-20 01:41:41,034] Trial 325 finished with value: 0.7890278638375787 and parameters: {'n_estimators': 12800, 'max_depth': 6, 'min_child_weight': 8, 'learning_rate': 0.00029640552929891185, 'colsample_bytree': 0.6}. Best is trial 218 with value: 0.7891376459062516.
[I 2023-10-20 01:42:18,784] Trial 326 finished with value: 0.7890077188663552 and parameters: {'n_estimators': 13100, 'max_depth': 6, 'min_child_weight': 8, 'learning_rate': 0.000446078366262924, 'colsample_bytree': 0.6}. Best is trial 218 with value: 0.7891376459062516.
[I 2023-10-20 01:42:50,685] Trial 327 finished with value: 0.7811054683793033 and parameters: {'n_estimators': 12900, 'max_depth': 6, 'min_child_weight': 8, 'learning_rate': 0.005925693987898255, 'colsample_bytree': 0.6}. Best is trial 218 with value: 0.7891376459062516.
[I 2023-10-20 01:43:21,837] Trial 328 finished with value: 0.7890146966880467 and parameters: {'n_estimators': 13300, 'max_depth': 5, 'min_child_weight': 7, 'learning_rate': 0.0003447806534812921, 'colsample_bytree': 0.6}. Best is trial 218 with value: 0.7891376459062516.
[I 2023-10-20 01:44:03,776] Trial 329 finished with value: 0.7888410466174312 and parameters: {'n_estimators': 13600, 'max_depth': 6, 'min_child_weight': 8, 'learning_rate': 0.0002365206060916803, 'colsample_bytree': 0.6}. Best is trial 218 with value: 0.7891376459062516.
[I 2023-10-20 01:44:45,079] Trial 330 finished with value: 0.7890136988595448 and parameters: {'n_estimators': 14300, 'max_depth': 6, 'min_child_weight': 8, 'learning_rate': 0.0003999948634727073, 'colsample_bytree': 0.6}. Best is trial 218 with value: 0.7891376459062516.
[I 2023-10-20 01:45:22,999] Trial 331 finished with value: 0.788913595029558 and parameters: {'n_estimators': 13100, 'max_depth': 6, 'min_child_weight': 8, 'learning_rate': 0.00046507535054539806, 'colsample_bytree': 0.8}. Best is trial 218 with value: 0.7891376459062516.
[I 2023-10-20 01:46:02,936] Trial 332 finished with value: 0.7888539137206304 and parameters: {'n_estimators': 13400, 'max_depth': 6, 'min_child_weight': 8, 'learning_rate': 0.0003083135569308827, 'colsample_bytree': 0.7}. Best is trial 218 with value: 0.7891376459062516.
[I 2023-10-20 01:46:37,409] Trial 333 finished with value: 0.7878407968114146 and parameters: {'n_estimators': 13200, 'max_depth': 6, 'min_child_weight': 8, 'learning_rate': 0.0012690948963634601, 'colsample_bytree': 0.6}. Best is trial 218 with value: 0.7891376459062516.
[I 2023-10-20 01:47:31,163] Trial 334 finished with value: 0.788577515225607 and parameters: {'n_estimators': 12700, 'max_depth': 7, 'min_child_weight': 8, 'learning_rate': 0.00015703058139855263, 'colsample_bytree': 0.6}. Best is trial 218 with value: 0.7891376459062516.
[I 2023-10-20 01:47:55,502] Trial 335 finished with value: 0.7886180633474564 and parameters: {'n_estimators': 12900, 'max_depth': 4, 'min_child_weight': 8, 'learning_rate': 0.000356222714550795, 'colsample_bytree': 0.6}. Best is trial 218 with value: 0.7891376459062516.
[I 2023-10-20 01:48:35,078] Trial 336 finished with value: 0.7889825987082657 and parameters: {'n_estimators': 13100, 'max_depth': 6, 'min_child_weight': 8, 'learning_rate': 0.00027956671162288966, 'colsample_bytree': 0.6}. Best is trial 218 with value: 0.7891376459062516.
[I 2023-10-20 01:49:13,224] Trial 337 finished with value: 0.7890143198856754 and parameters: {'n_estimators': 13400, 'max_depth': 6, 'min_child_weight': 8, 'learning_rate': 0.00047369692837305764, 'colsample_bytree': 0.6}. Best is trial 218 with value: 0.7891376459062516.
[I 2023-10-20 01:49:53,201] Trial 338 finished with value: 0.7889897230642128 and parameters: {'n_estimators': 13800, 'max_depth': 6, 'min_child_weight': 8, 'learning_rate': 0.00040071859645911235, 'colsample_bytree': 0.6}. Best is trial 218 with value: 0.7891376459062516.
[I 2023-10-20 01:50:33,657] Trial 339 finished with value: 0.7884131665913062 and parameters: {'n_estimators': 13000, 'max_depth': 6, 'min_child_weight': 8, 'learning_rate': 0.00012638007329078644, 'colsample_bytree': 0.6}. Best is trial 218 with value: 0.7891376459062516.
[I 2023-10-20 01:51:07,191] Trial 340 finished with value: 0.7882040552308545 and parameters: {'n_estimators': 12800, 'max_depth': 6, 'min_child_weight': 8, 'learning_rate': 0.0011202016805432387, 'colsample_bytree': 0.6}. Best is trial 218 with value: 0.7891376459062516.
[I 2023-10-20 01:51:46,750] Trial 341 finished with value: 0.789106531799329 and parameters: {'n_estimators': 13200, 'max_depth': 6, 'min_child_weight': 8, 'learning_rate': 0.0003227128219598122, 'colsample_bytree': 0.6}. Best is trial 218 with value: 0.7891376459062516.
[I 2023-10-20 01:52:21,740] Trial 342 finished with value: 0.7873186324585936 and parameters: {'n_estimators': 13500, 'max_depth': 6, 'min_child_weight': 8, 'learning_rate': 0.0015051309049646695, 'colsample_bytree': 0.6}. Best is trial 218 with value: 0.7891376459062516.
[I 2023-10-20 01:52:51,298] Trial 343 finished with value: 0.7890408007189947 and parameters: {'n_estimators': 9900, 'max_depth': 6, 'min_child_weight': 8, 'learning_rate': 0.0003922352777072595, 'colsample_bytree': 0.6}. Best is trial 218 with value: 0.7891376459062516.
[I 2023-10-20 01:53:31,842] Trial 344 finished with value: 0.7888792362355489 and parameters: {'n_estimators': 13300, 'max_depth': 6, 'min_child_weight': 8, 'learning_rate': 0.0002459278996988871, 'colsample_bytree': 0.6}. Best is trial 218 with value: 0.7891376459062516.
[I 2023-10-20 01:54:03,361] Trial 345 finished with value: 0.7889782515253517 and parameters: {'n_estimators': 10500, 'max_depth': 6, 'min_child_weight': 8, 'learning_rate': 0.0003431649153024827, 'colsample_bytree': 0.6}. Best is trial 218 with value: 0.7891376459062516.
[I 2023-10-20 01:54:41,326] Trial 346 finished with value: 0.7889658938031362 and parameters: {'n_estimators': 12500, 'max_depth': 6, 'min_child_weight': 8, 'learning_rate': 0.0002862097509934497, 'colsample_bytree': 0.6}. Best is trial 218 with value: 0.7891376459062516.
[I 2023-10-20 01:55:20,926] Trial 347 finished with value: 0.7887434687588967 and parameters: {'n_estimators': 13000, 'max_depth': 6, 'min_child_weight': 8, 'learning_rate': 0.000199972991717869, 'colsample_bytree': 0.6}. Best is trial 218 with value: 0.7891376459062516.
[I 2023-10-20 01:55:55,789] Trial 348 finished with value: 0.7884001320203865 and parameters: {'n_estimators': 13200, 'max_depth': 6, 'min_child_weight': 8, 'learning_rate': 0.000965422858288388, 'colsample_bytree': 0.6}. Best is trial 218 with value: 0.7891376459062516.
[I 2023-10-20 01:56:32,821] Trial 349 finished with value: 0.7889964217730367 and parameters: {'n_estimators': 12800, 'max_depth': 6, 'min_child_weight': 8, 'learning_rate': 0.00043027952292883326, 'colsample_bytree': 0.6}. Best is trial 218 with value: 0.7891376459062516.
[I 2023-10-20 01:57:20,479] Trial 350 finished with value: 0.7886655962688192 and parameters: {'n_estimators': 13000, 'max_depth': 7, 'min_child_weight': 8, 'learning_rate': 0.0004953659384108364, 'colsample_bytree': 0.6}. Best is trial 218 with value: 0.7891376459062516.
[I 2023-10-20 01:58:00,132] Trial 351 finished with value: 0.789102959154623 and parameters: {'n_estimators': 13400, 'max_depth': 6, 'min_child_weight': 8, 'learning_rate': 0.00035750397157116733, 'colsample_bytree': 0.6}. Best is trial 218 with value: 0.7891376459062516.
[I 2023-10-20 01:58:38,954] Trial 352 finished with value: 0.7890055627194525 and parameters: {'n_estimators': 13600, 'max_depth': 6, 'min_child_weight': 8, 'learning_rate': 0.0004596487177370164, 'colsample_bytree': 0.6}. Best is trial 218 with value: 0.7891376459062516.
[I 2023-10-20 01:59:17,515] Trial 353 finished with value: 0.7888541649222112 and parameters: {'n_estimators': 12900, 'max_depth': 6, 'min_child_weight': 8, 'learning_rate': 0.00031501840147505066, 'colsample_bytree': 0.7}. Best is trial 218 with value: 0.7891376459062516.
[I 2023-10-20 01:59:50,672] Trial 354 finished with value: 0.7888359737410614 and parameters: {'n_estimators': 11100, 'max_depth': 6, 'min_child_weight': 8, 'learning_rate': 0.0003854452013077833, 'colsample_bytree': 0.8}. Best is trial 218 with value: 0.7891376459062516.
[I 2023-10-20 02:00:24,396] Trial 355 finished with value: 0.786018720100034 and parameters: {'n_estimators': 13100, 'max_depth': 6, 'min_child_weight': 8, 'learning_rate': 0.002167740762732227, 'colsample_bytree': 0.6}. Best is trial 218 with value: 0.7891376459062516.
[I 2023-10-20 02:00:54,349] Trial 356 finished with value: 0.7887294503151184 and parameters: {'n_estimators': 9600, 'max_depth': 6, 'min_child_weight': 8, 'learning_rate': 0.0002712775973435255, 'colsample_bytree': 0.6}. Best is trial 218 with value: 0.7891376459062516.
[I 2023-10-20 02:01:32,173] Trial 357 finished with value: 0.7890763666761564 and parameters: {'n_estimators': 12700, 'max_depth': 6, 'min_child_weight': 8, 'learning_rate': 0.00033702758867040273, 'colsample_bytree': 0.6}. Best is trial 218 with value: 0.7891376459062516.
[I 2023-10-20 02:02:04,554] Trial 358 finished with value: 0.7724837416754587 and parameters: {'n_estimators': 13300, 'max_depth': 6, 'min_child_weight': 8, 'learning_rate': 0.012376574753595422, 'colsample_bytree': 0.6}. Best is trial 218 with value: 0.7891376459062516.
[I 2023-10-20 02:02:44,433] Trial 359 finished with value: 0.7887816793104796 and parameters: {'n_estimators': 13100, 'max_depth': 6, 'min_child_weight': 8, 'learning_rate': 0.00023082861396120466, 'colsample_bytree': 0.6}. Best is trial 218 with value: 0.7891376459062516.
[I 2023-10-20 02:03:18,297] Trial 360 finished with value: 0.7891264813915452 and parameters: {'n_estimators': 11500, 'max_depth': 6, 'min_child_weight': 8, 'learning_rate': 0.00042014267242354813, 'colsample_bytree': 0.6}. Best is trial 218 with value: 0.7891376459062516.
[I 2023-10-20 02:03:42,769] Trial 361 finished with value: 0.7890259658700784 and parameters: {'n_estimators': 10300, 'max_depth': 5, 'min_child_weight': 8, 'learning_rate': 0.000416187115870228, 'colsample_bytree': 0.6}. Best is trial 218 with value: 0.7891376459062516.
[I 2023-10-20 02:04:21,398] Trial 362 finished with value: 0.7890150176678445 and parameters: {'n_estimators': 12900, 'max_depth': 6, 'min_child_weight': 8, 'learning_rate': 0.0002925426503282049, 'colsample_bytree': 0.6}. Best is trial 218 with value: 0.7891376459062516.
[I 2023-10-20 02:04:53,869] Trial 363 finished with value: 0.7890268311199683 and parameters: {'n_estimators': 10800, 'max_depth': 6, 'min_child_weight': 8, 'learning_rate': 0.0003561639990589206, 'colsample_bytree': 0.6}. Best is trial 218 with value: 0.7891376459062516.
[I 2023-10-20 02:05:16,927] Trial 364 finished with value: 0.788976821071905 and parameters: {'n_estimators': 7600, 'max_depth': 6, 'min_child_weight': 8, 'learning_rate': 0.0004766558931416626, 'colsample_bytree': 0.6}. Best is trial 218 with value: 0.7891376459062516.
[I 2023-10-20 02:05:55,343] Trial 365 finished with value: 0.7890157433613005 and parameters: {'n_estimators': 13200, 'max_depth': 6, 'min_child_weight': 8, 'learning_rate': 0.00040020859054699416, 'colsample_bytree': 0.6}. Best is trial 218 with value: 0.7891376459062516.
[I 2023-10-20 02:06:32,925] Trial 366 finished with value: 0.789014236151815 and parameters: {'n_estimators': 12400, 'max_depth': 6, 'min_child_weight': 8, 'learning_rate': 0.00030318368239580127, 'colsample_bytree': 0.6}. Best is trial 218 with value: 0.7891376459062516.
[I 2023-10-20 02:07:12,828] Trial 367 finished with value: 0.7890960860002568 and parameters: {'n_estimators': 13600, 'max_depth': 6, 'min_child_weight': 7, 'learning_rate': 0.0003567197068425979, 'colsample_bytree': 0.6}. Best is trial 218 with value: 0.7891376459062516.
[I 2023-10-20 02:07:45,044] Trial 368 finished with value: 0.785513749099861 and parameters: {'n_estimators': 12600, 'max_depth': 6, 'min_child_weight': 8, 'learning_rate': 0.0025698566633138497, 'colsample_bytree': 0.6}. Best is trial 218 with value: 0.7891376459062516.
[I 2023-10-20 02:08:24,718] Trial 369 finished with value: 0.7890263566280933 and parameters: {'n_estimators': 13900, 'max_depth': 6, 'min_child_weight': 8, 'learning_rate': 0.0004473185923849772, 'colsample_bytree': 0.6}. Best is trial 218 with value: 0.7891376459062516.
[I 2023-10-20 02:09:06,754] Trial 370 finished with value: 0.7882538768777317 and parameters: {'n_estimators': 13400, 'max_depth': 6, 'min_child_weight': 8, 'learning_rate': 0.00010656554855475969, 'colsample_bytree': 0.6}. Best is trial 218 with value: 0.7891376459062516.
[I 2023-10-20 02:09:59,122] Trial 371 finished with value: 0.7888322894512083 and parameters: {'n_estimators': 13000, 'max_depth': 7, 'min_child_weight': 8, 'learning_rate': 0.0002566813571558046, 'colsample_bytree': 0.6}. Best is trial 218 with value: 0.7891376459062516.
[I 2023-10-20 02:10:40,198] Trial 372 finished with value: 0.788727831460486 and parameters: {'n_estimators': 13300, 'max_depth': 6, 'min_child_weight': 8, 'learning_rate': 0.00018629711808645927, 'colsample_bytree': 0.6}. Best is trial 218 with value: 0.7891376459062516.
[I 2023-10-20 02:11:18,915] Trial 373 finished with value: 0.7891041104952021 and parameters: {'n_estimators': 13100, 'max_depth': 6, 'min_child_weight': 8, 'learning_rate': 0.00032329381388691614, 'colsample_bytree': 0.6}. Best is trial 218 with value: 0.7891376459062516.
[I 2023-10-20 02:11:48,773] Trial 374 finished with value: 0.7887608435349086 and parameters: {'n_estimators': 12900, 'max_depth': 5, 'min_child_weight': 8, 'learning_rate': 0.00038799720264298665, 'colsample_bytree': 0.8}. Best is trial 218 with value: 0.7891376459062516.
[I 2023-10-20 02:12:23,588] Trial 375 finished with value: 0.7889985220973657 and parameters: {'n_estimators': 12200, 'max_depth': 6, 'min_child_weight': 8, 'learning_rate': 0.0004972749886832386, 'colsample_bytree': 0.6}. Best is trial 218 with value: 0.7891376459062516.
[I 2023-10-20 02:13:02,698] Trial 376 finished with value: 0.7890153526032857 and parameters: {'n_estimators': 13500, 'max_depth': 6, 'min_child_weight': 8, 'learning_rate': 0.0003898522233046856, 'colsample_bytree': 0.6}. Best is trial 218 with value: 0.7891376459062516.
[I 2023-10-20 02:13:40,901] Trial 377 finished with value: 0.7888250604279359 and parameters: {'n_estimators': 12700, 'max_depth': 6, 'min_child_weight': 8, 'learning_rate': 0.0002901317887993013, 'colsample_bytree': 0.7}. Best is trial 218 with value: 0.7891376459062516.
[I 2023-10-20 02:14:15,937] Trial 378 finished with value: 0.7885334153925165 and parameters: {'n_estimators': 13200, 'max_depth': 6, 'min_child_weight': 8, 'learning_rate': 0.0009055259562598404, 'colsample_bytree': 0.6}. Best is trial 218 with value: 0.7891376459062516.
[I 2023-10-20 02:14:50,792] Trial 379 finished with value: 0.7890118567146183 and parameters: {'n_estimators': 11600, 'max_depth': 6, 'min_child_weight': 8, 'learning_rate': 0.00033305719955962316, 'colsample_bytree': 0.6}. Best is trial 218 with value: 0.7891376459062516.
[I 2023-10-20 02:15:41,564] Trial 380 finished with value: 0.7887141409743272 and parameters: {'n_estimators': 13700, 'max_depth': 7, 'min_child_weight': 8, 'learning_rate': 0.00043802536817930663, 'colsample_bytree': 0.6}. Best is trial 218 with value: 0.7891376459062516.
[I 2023-10-20 02:16:21,944] Trial 381 finished with value: 0.7887725244084202 and parameters: {'n_estimators': 13300, 'max_depth': 6, 'min_child_weight': 8, 'learning_rate': 0.00021425086233600713, 'colsample_bytree': 0.6}. Best is trial 218 with value: 0.7891376459062516.
[I 2023-10-20 02:17:00,993] Trial 382 finished with value: 0.7888434120989846 and parameters: {'n_estimators': 12800, 'max_depth': 6, 'min_child_weight': 8, 'learning_rate': 0.0002477734450602957, 'colsample_bytree': 0.6}. Best is trial 218 with value: 0.7891376459062516.
[I 2023-10-20 02:17:35,203] Trial 383 finished with value: 0.787057508415253 and parameters: {'n_estimators': 13200, 'max_depth': 6, 'min_child_weight': 8, 'learning_rate': 0.001675536062979689, 'colsample_bytree': 0.6}. Best is trial 218 with value: 0.7891376459062516.
[I 2023-10-20 02:19:05,580] Trial 384 finished with value: 0.7861189146417028 and parameters: {'n_estimators': 13100, 'max_depth': 10, 'min_child_weight': 8, 'learning_rate': 0.000608996476743468, 'colsample_bytree': 0.6}. Best is trial 218 with value: 0.7891376459062516.
[I 2023-10-20 02:19:37,983] Trial 385 finished with value: 0.782413768079536 and parameters: {'n_estimators': 13000, 'max_depth': 6, 'min_child_weight': 8, 'learning_rate': 0.0045901623531122, 'colsample_bytree': 0.6}. Best is trial 218 with value: 0.7891376459062516.
[I 2023-10-20 02:20:17,964] Trial 386 finished with value: 0.7891051641462774 and parameters: {'n_estimators': 13500, 'max_depth': 6, 'min_child_weight': 8, 'learning_rate': 0.0003548061587286241, 'colsample_bytree': 0.6}. Best is trial 218 with value: 0.7891376459062516.
[I 2023-10-20 02:20:50,385] Trial 387 finished with value: 0.7890164411434697 and parameters: {'n_estimators': 11300, 'max_depth': 6, 'min_child_weight': 8, 'learning_rate': 0.0005101673745041622, 'colsample_bytree': 0.6}. Best is trial 218 with value: 0.7891376459062516.
[I 2023-10-20 02:21:18,606] Trial 388 finished with value: 0.7889973707567866 and parameters: {'n_estimators': 10100, 'max_depth': 6, 'min_child_weight': 8, 'learning_rate': 0.0007545543560515889, 'colsample_bytree': 0.6}. Best is trial 218 with value: 0.7891376459062516.
[I 2023-10-20 02:21:58,356] Trial 389 finished with value: 0.7885145194513757 and parameters: {'n_estimators': 12900, 'max_depth': 6, 'min_child_weight': 8, 'learning_rate': 0.00014153631177418096, 'colsample_bytree': 0.6}. Best is trial 218 with value: 0.7891376459062516.
[I 2023-10-20 02:22:26,614] Trial 390 finished with value: 0.7890699191689136 and parameters: {'n_estimators': 9400, 'max_depth': 6, 'min_child_weight': 8, 'learning_rate': 0.00042573645068015717, 'colsample_bytree': 0.6}. Best is trial 218 with value: 0.7891376459062516.
[I 2023-10-20 02:22:57,841] Trial 391 finished with value: 0.7888919568044925 and parameters: {'n_estimators': 13300, 'max_depth': 5, 'min_child_weight': 8, 'learning_rate': 0.0002840584915731595, 'colsample_bytree': 0.6}. Best is trial 218 with value: 0.7891376459062516.
[I 2023-10-20 02:24:05,239] Trial 392 finished with value: 0.7884650606512261 and parameters: {'n_estimators': 13100, 'max_depth': 8, 'min_child_weight': 8, 'learning_rate': 0.0003320790552770478, 'colsample_bytree': 0.6}. Best is trial 218 with value: 0.7891376459062516.
[I 2023-10-20 02:24:38,047] Trial 393 finished with value: 0.7878501191811945 and parameters: {'n_estimators': 12600, 'max_depth': 6, 'min_child_weight': 8, 'learning_rate': 0.0013300248222160682, 'colsample_bytree': 0.6}. Best is trial 218 with value: 0.7891376459062516.
[I 2023-10-20 02:25:15,283] Trial 394 finished with value: 0.7890545888946572 and parameters: {'n_estimators': 12800, 'max_depth': 6, 'min_child_weight': 8, 'learning_rate': 0.0003978355777014152, 'colsample_bytree': 0.6}. Best is trial 218 with value: 0.7891376459062516.
[I 2023-10-20 02:25:56,583] Trial 395 finished with value: 0.7886744441467242 and parameters: {'n_estimators': 13400, 'max_depth': 6, 'min_child_weight': 8, 'learning_rate': 0.00017182433266266144, 'colsample_bytree': 0.6}. Best is trial 218 with value: 0.7891376459062516.
[I 2023-10-20 02:26:59,875] Trial 396 finished with value: 0.7876391377645293 and parameters: {'n_estimators': 9700, 'max_depth': 9, 'min_child_weight': 8, 'learning_rate': 0.0004906950809301364, 'colsample_bytree': 0.6}. Best is trial 218 with value: 0.7891376459062516.
[I 2023-10-20 02:27:30,281] Trial 397 finished with value: 0.7889538431050747 and parameters: {'n_estimators': 13000, 'max_depth': 5, 'min_child_weight': 8, 'learning_rate': 0.00031056346937967757, 'colsample_bytree': 0.6}. Best is trial 218 with value: 0.7891376459062516.
[I 2023-10-20 02:28:03,214] Trial 398 finished with value: 0.7841572326517396 and parameters: {'n_estimators': 13100, 'max_depth': 6, 'min_child_weight': 8, 'learning_rate': 0.0030611489764635134, 'colsample_bytree': 0.8}. Best is trial 218 with value: 0.7891376459062516.
[I 2023-10-20 02:28:37,110] Trial 399 finished with value: 0.7890904130312215 and parameters: {'n_estimators': 11400, 'max_depth': 6, 'min_child_weight': 8, 'learning_rate': 0.0003843913477896168, 'colsample_bytree': 0.6}. Best is trial 218 with value: 0.7891376459062516.
[I 2023-10-20 02:29:14,968] Trial 400 finished with value: 0.7888190315899943 and parameters: {'n_estimators': 13700, 'max_depth': 6, 'min_child_weight': 8, 'learning_rate': 0.000604479365310774, 'colsample_bytree': 0.7}. Best is trial 218 with value: 0.7891376459062516.
[I 2023-10-20 02:29:39,217] Trial 401 finished with value: 0.7885737123127851 and parameters: {'n_estimators': 7800, 'max_depth': 6, 'min_child_weight': 8, 'learning_rate': 0.00025004468909332054, 'colsample_bytree': 0.6}. Best is trial 218 with value: 0.7891376459062516.
