[I 2023-10-20 09:44:02,010] Trial 324 finished with value: 0.7898274594030334 and parameters: {'n_estimators': 11200, 'max_depth': 4, 'min_child_weight': 8, 'learning_rate': 0.0016788089060119195, 'subsample': 0.9734109969357936, 'colsample_bytree': 0.3775172423762296, 'reg_alpha': 1.0293835939559712, 'reg_lambda': 2.79406242326512, 'gamma': 1.0}. Best is trial 163 with value: 0.7899015848028625.
[I 2023-10-20 09:44:22,783] Trial 325 finished with value: 0.7897926261171493 and parameters: {'n_estimators': 11600, 'max_depth': 4, 'min_child_weight': 8, 'learning_rate': 0.001827244576217528, 'subsample': 0.9392288356116073, 'colsample_bytree': 0.3639164473811269, 'reg_alpha': 1.0839238526692072, 'reg_lambda': 4.0838453014722935, 'gamma': 1.0}. Best is trial 163 with value: 0.7899015848028625.
[I 2023-10-20 09:44:44,458] Trial 326 finished with value: 0.7893223279129614 and parameters: {'n_estimators': 11700, 'max_depth': 4, 'min_child_weight': 8, 'learning_rate': 0.0023734077474445872, 'subsample': 0.7674783103472517, 'colsample_bytree': 0.39380856410269643, 'reg_alpha': 2.5578941715735155, 'reg_lambda': 3.033085980065508, 'gamma': 1.0}. Best is trial 163 with value: 0.7899015848028625.
[I 2023-10-20 09:45:15,783] Trial 327 finished with value: 0.7895944559811096 and parameters: {'n_estimators': 11800, 'max_depth': 6, 'min_child_weight': 8, 'learning_rate': 0.0007538236344820016, 'subsample': 0.9486998762919736, 'colsample_bytree': 0.5195323372938783, 'reg_alpha': 8.330251579770625, 'reg_lambda': 4.779375922837589, 'gamma': 1.0}. Best is trial 163 with value: 0.7899015848028625.
[I 2023-10-20 09:45:36,464] Trial 328 finished with value: 0.7898738968063905 and parameters: {'n_estimators': 11400, 'max_depth': 4, 'min_child_weight': 8, 'learning_rate': 0.0014148390024058231, 'subsample': 0.9614164196168666, 'colsample_bytree': 0.359828010754201, 'reg_alpha': 1.4704002639399194, 'reg_lambda': 3.7246220843732547, 'gamma': 1.0}. Best is trial 163 with value: 0.7899015848028625.
[I 2023-10-20 09:45:56,782] Trial 329 finished with value: 0.7898112987679958 and parameters: {'n_estimators': 11300, 'max_depth': 4, 'min_child_weight': 8, 'learning_rate': 0.00151307923941157, 'subsample': 0.9635715258918307, 'colsample_bytree': 0.4124420464440892, 'reg_alpha': 1.3820868037847058, 'reg_lambda': 3.2827232991258555, 'gamma': 1.0}. Best is trial 163 with value: 0.7899015848028625.
[I 2023-10-20 09:46:15,728] Trial 330 finished with value: 0.789778607673371 and parameters: {'n_estimators': 11400, 'max_depth': 4, 'min_child_weight': 8, 'learning_rate': 0.00203619153404639, 'subsample': 0.9746133467602884, 'colsample_bytree': 0.3861466853121555, 'reg_alpha': 1.2229546270777056, 'reg_lambda': 3.670895734906507, 'gamma': 1.0}. Best is trial 163 with value: 0.7899015848028625.
[I 2023-10-20 09:46:35,887] Trial 331 finished with value: 0.7898696961577324 and parameters: {'n_estimators': 11400, 'max_depth': 4, 'min_child_weight': 8, 'learning_rate': 0.0017142739875874583, 'subsample': 0.9602083706731616, 'colsample_bytree': 0.3639192399003759, 'reg_alpha': 1.5026768312984822, 'reg_lambda': 3.474695003853684, 'gamma': 1.0}. Best is trial 163 with value: 0.7899015848028625.
[I 2023-10-20 09:46:52,693] Trial 332 finished with value: 0.7894841505758099 and parameters: {'n_estimators': 8700, 'max_depth': 4, 'min_child_weight': 8, 'learning_rate': 0.0010628901648516889, 'subsample': 0.9593193492811595, 'colsample_bytree': 0.3619137750517938, 'reg_alpha': 1.4365354524332938, 'reg_lambda': 3.4088469397102115, 'gamma': 1.0}. Best is trial 163 with value: 0.7899015848028625.
[I 2023-10-20 09:47:13,286] Trial 333 finished with value: 0.7898686634401219 and parameters: {'n_estimators': 11200, 'max_depth': 4, 'min_child_weight': 8, 'learning_rate': 0.0013984957047821407, 'subsample': 0.9537635918724634, 'colsample_bytree': 0.32874465617902976, 'reg_alpha': 1.0863826569012374, 'reg_lambda': 3.0001313157930616, 'gamma': 1.0}. Best is trial 163 with value: 0.7899015848028625.
[I 2023-10-20 09:47:34,071] Trial 334 finished with value: 0.7897102599099024 and parameters: {'n_estimators': 11200, 'max_depth': 4, 'min_child_weight': 8, 'learning_rate': 0.001334535827152258, 'subsample': 0.886272017211658, 'colsample_bytree': 0.3175330954769965, 'reg_alpha': 0.919110086679848, 'reg_lambda': 2.9052136514255404, 'gamma': 1.0}. Best is trial 163 with value: 0.7899015848028625.
[I 2023-10-20 09:47:54,562] Trial 335 finished with value: 0.7897830385901452 and parameters: {'n_estimators': 11100, 'max_depth': 4, 'min_child_weight': 8, 'learning_rate': 0.0014599137940797494, 'subsample': 0.9615551754864271, 'colsample_bytree': 0.28743557291017413, 'reg_alpha': 1.0502666295874534, 'reg_lambda': 2.646009525240361, 'gamma': 0.8999999999999999}. Best is trial 163 with value: 0.7899015848028625.
[I 2023-10-20 09:48:19,663] Trial 336 finished with value: 0.789738952712698 and parameters: {'n_estimators': 11200, 'max_depth': 5, 'min_child_weight': 8, 'learning_rate': 0.0009715728567012168, 'subsample': 0.9452483852963429, 'colsample_bytree': 0.325346662923121, 'reg_alpha': 1.233112040928658, 'reg_lambda': 3.1519575162169766, 'gamma': 1.0}. Best is trial 163 with value: 0.7899015848028625.
[I 2023-10-20 09:48:40,889] Trial 337 finished with value: 0.7895341466682297 and parameters: {'n_estimators': 11300, 'max_depth': 4, 'min_child_weight': 8, 'learning_rate': 0.001157732377842912, 'subsample': 0.7911138415034612, 'colsample_bytree': 0.24849294270045033, 'reg_alpha': 0.7563911686030974, 'reg_lambda': 3.040723158393034, 'gamma': 1.0}. Best is trial 163 with value: 0.7899015848028625.
[I 2023-10-20 09:48:57,570] Trial 338 finished with value: 0.7897705901562474 and parameters: {'n_estimators': 11400, 'max_depth': 4, 'min_child_weight': 8, 'learning_rate': 0.0032327444381441417, 'subsample': 0.98257233115645, 'colsample_bytree': 0.30141583545234624, 'reg_alpha': 1.516990391208601, 'reg_lambda': 3.223780271986305, 'gamma': 1.0}. Best is trial 163 with value: 0.7899015848028625.
[I 2023-10-20 09:49:18,044] Trial 339 finished with value: 0.7898417360262142 and parameters: {'n_estimators': 11300, 'max_depth': 4, 'min_child_weight': 8, 'learning_rate': 0.0014372052173989174, 'subsample': 0.9515791539581874, 'colsample_bytree': 0.35328599558352847, 'reg_alpha': 0.9831105193627104, 'reg_lambda': 3.4596936496861113, 'gamma': 1.0}. Best is trial 163 with value: 0.7899015848028625.
[I 2023-10-20 09:49:37,805] Trial 340 finished with value: 0.7898501094122442 and parameters: {'n_estimators': 11300, 'max_depth': 4, 'min_child_weight': 8, 'learning_rate': 0.0018240774005855319, 'subsample': 0.9709216921958709, 'colsample_bytree': 0.33022436422371704, 'reg_alpha': 1.2520984668298616, 'reg_lambda': 3.5760211916630174, 'gamma': 1.0}. Best is trial 163 with value: 0.7899015848028625.
[I 2023-10-20 09:49:59,096] Trial 341 finished with value: 0.7895788256605206 and parameters: {'n_estimators': 11400, 'max_depth': 4, 'min_child_weight': 8, 'learning_rate': 0.0012526378094566335, 'subsample': 0.9019734563150186, 'colsample_bytree': 0.5515149439630087, 'reg_alpha': 1.3793160873863288, 'reg_lambda': 3.2536890146735966, 'gamma': 1.0}. Best is trial 163 with value: 0.7899015848028625.
[I 2023-10-20 09:50:17,603] Trial 342 finished with value: 0.7897255971619803 and parameters: {'n_estimators': 11400, 'max_depth': 4, 'min_child_weight': 8, 'learning_rate': 0.0025476314583970927, 'subsample': 0.9637062886945549, 'colsample_bytree': 0.34254776691985256, 'reg_alpha': 1.5923829512562488, 'reg_lambda': 3.6621958034440647, 'gamma': 1.0}. Best is trial 163 with value: 0.7899015848028625.
[I 2023-10-20 09:50:37,908] Trial 343 finished with value: 0.7898211165631158 and parameters: {'n_estimators': 11200, 'max_depth': 4, 'min_child_weight': 8, 'learning_rate': 0.0015335997854629576, 'subsample': 0.9588024587639575, 'colsample_bytree': 0.35800722250987443, 'reg_alpha': 0.7390268205984925, 'reg_lambda': 2.7000295897442306, 'gamma': 1.0}. Best is trial 163 with value: 0.7899015848028625.
[I 2023-10-20 09:50:59,252] Trial 344 finished with value: 0.7896578146020689 and parameters: {'n_estimators': 11500, 'max_depth': 4, 'min_child_weight': 8, 'learning_rate': 0.0010935171348479293, 'subsample': 0.8427989340549114, 'colsample_bytree': 0.3090657883362743, 'reg_alpha': 0.5290002440964489, 'reg_lambda': 3.431833642823421, 'gamma': 1.0}. Best is trial 163 with value: 0.7899015848028625.
[I 2023-10-20 09:51:20,430] Trial 345 finished with value: 0.7873343046461129 and parameters: {'n_estimators': 11100, 'max_depth': 4, 'min_child_weight': 8, 'learning_rate': 0.00024320032964471062, 'subsample': 0.9698058486523843, 'colsample_bytree': 0.4882866264046623, 'reg_alpha': 1.0858412618631557, 'reg_lambda': 8.533616676685316, 'gamma': 1.0}. Best is trial 163 with value: 0.7899015848028625.
[I 2023-10-20 09:51:39,557] Trial 346 finished with value: 0.7896757894707461 and parameters: {'n_estimators': 11400, 'max_depth': 4, 'min_child_weight': 8, 'learning_rate': 0.0022132036764310257, 'subsample': 0.9188975752651036, 'colsample_bytree': 0.3323301443843404, 'reg_alpha': 5.481734393440144, 'reg_lambda': 2.9181745165966335, 'gamma': 1.0}. Best is trial 163 with value: 0.7899015848028625.
[I 2023-10-20 09:51:59,648] Trial 347 finished with value: 0.7898338789989896 and parameters: {'n_estimators': 11300, 'max_depth': 4, 'min_child_weight': 8, 'learning_rate': 0.0016725429164734574, 'subsample': 0.9342246764781907, 'colsample_bytree': 0.36871597496013675, 'reg_alpha': 2.4933300931142184, 'reg_lambda': 3.8143260879750804, 'gamma': 1.0}. Best is trial 163 with value: 0.7899015848028625.
[I 2023-10-20 09:52:19,908] Trial 348 finished with value: 0.789269924472058 and parameters: {'n_estimators': 11500, 'max_depth': 4, 'min_child_weight': 8, 'learning_rate': 0.001334247259938577, 'subsample': 0.9525844867025766, 'colsample_bytree': 0.8085361165160394, 'reg_alpha': 5.903731971081732, 'reg_lambda': 3.0805843000906217, 'gamma': 1.0}. Best is trial 163 with value: 0.7899015848028625.
[I 2023-10-20 09:52:39,200] Trial 349 finished with value: 0.7898350582508554 and parameters: {'n_estimators': 11500, 'max_depth': 4, 'min_child_weight': 8, 'learning_rate': 0.0018196723765459995, 'subsample': 0.9793110300539863, 'colsample_bytree': 0.3993720230615767, 'reg_alpha': 1.5691101956216074, 'reg_lambda': 9.84419588389531, 'gamma': 1.0}. Best is trial 163 with value: 0.7899015848028625.
[I 2023-10-20 09:53:00,628] Trial 350 finished with value: 0.7895632232512182 and parameters: {'n_estimators': 11400, 'max_depth': 4, 'min_child_weight': 8, 'learning_rate': 0.0008958759636870177, 'subsample': 0.9629863483551011, 'colsample_bytree': 0.34923432878800426, 'reg_alpha': 1.363664359346444, 'reg_lambda': 3.5166306609435036, 'gamma': 1.0}. Best is trial 163 with value: 0.7899015848028625.
[I 2023-10-20 09:53:21,797] Trial 351 finished with value: 0.7895093823790464 and parameters: {'n_estimators': 11300, 'max_depth': 4, 'min_child_weight': 8, 'learning_rate': 0.001209155125922939, 'subsample': 0.7523448488100993, 'colsample_bytree': 0.6898039079345989, 'reg_alpha': 2.6738931545872435, 'reg_lambda': 4.772556411619563, 'gamma': 1.0}. Best is trial 163 with value: 0.7899015848028625.
[I 2023-10-20 09:53:53,218] Trial 352 finished with value: 0.788938840788438 and parameters: {'n_estimators': 11800, 'max_depth': 7, 'min_child_weight': 8, 'learning_rate': 0.0014960645220544336, 'subsample': 0.9434648905800407, 'colsample_bytree': 0.3833082085613493, 'reg_alpha': 2.358503938153965, 'reg_lambda': 2.445643838336066, 'gamma': 1.0}. Best is trial 163 with value: 0.7899015848028625.
[I 2023-10-20 09:54:13,804] Trial 353 finished with value: 0.789818667347702 and parameters: {'n_estimators': 11500, 'max_depth': 4, 'min_child_weight': 8, 'learning_rate': 0.0013721620895464698, 'subsample': 0.9742270836030387, 'colsample_bytree': 0.4127357021384698, 'reg_alpha': 1.6152867234260195, 'reg_lambda': 3.7176037106902204, 'gamma': 1.0}. Best is trial 163 with value: 0.7899015848028625.
[I 2023-10-20 09:54:59,844] Trial 354 finished with value: 0.7862049302496943 and parameters: {'n_estimators': 11200, 'max_depth': 10, 'min_child_weight': 8, 'learning_rate': 0.0019361947146219857, 'subsample': 0.8665270894207463, 'colsample_bytree': 0.33335326933072373, 'reg_alpha': 1.151710149409074, 'reg_lambda': 3.313438139231165, 'gamma': 1.0}. Best is trial 163 with value: 0.7899015848028625.
[I 2023-10-20 09:55:20,800] Trial 355 finished with value: 0.7897995481162673 and parameters: {'n_estimators': 11400, 'max_depth': 4, 'min_child_weight': 8, 'learning_rate': 0.001630551429973545, 'subsample': 0.9119898461223432, 'colsample_bytree': 0.35821529786181244, 'reg_alpha': 0.8768808838572415, 'reg_lambda': 4.527009658127199, 'gamma': 1.0}. Best is trial 163 with value: 0.7899015848028625.
[I 2023-10-20 09:55:42,918] Trial 356 finished with value: 0.7896592520333372 and parameters: {'n_estimators': 11700, 'max_depth': 4, 'min_child_weight': 8, 'learning_rate': 0.0010465474649888984, 'subsample': 0.95691793001773, 'colsample_bytree': 0.507801803470127, 'reg_alpha': 3.161691203083842, 'reg_lambda': 2.0409601893937084, 'gamma': 1.0}. Best is trial 163 with value: 0.7899015848028625.
[I 2023-10-20 09:56:01,568] Trial 357 finished with value: 0.7893513347177332 and parameters: {'n_estimators': 11500, 'max_depth': 4, 'min_child_weight': 8, 'learning_rate': 0.0020971157598555206, 'subsample': 0.9677965807726547, 'colsample_bytree': 0.5871296506865541, 'reg_alpha': 1.7294708404659027, 'reg_lambda': 3.9677215250184106, 'gamma': 1.0}. Best is trial 163 with value: 0.7899015848028625.
[I 2023-10-20 09:56:14,000] Trial 358 finished with value: 0.7893402469590654 and parameters: {'n_estimators': 11100, 'max_depth': 4, 'min_child_weight': 8, 'learning_rate': 0.03429044597019499, 'subsample': 0.9511601577133926, 'colsample_bytree': 0.3153335594027012, 'reg_alpha': 6.837009177176181, 'reg_lambda': 3.517901898930806, 'gamma': 1.0}. Best is trial 163 with value: 0.7899015848028625.
[I 2023-10-20 09:56:35,686] Trial 359 finished with value: 0.7892880807640994 and parameters: {'n_estimators': 11900, 'max_depth': 4, 'min_child_weight': 8, 'learning_rate': 0.0012681765520078819, 'subsample': 0.9651544573669149, 'colsample_bytree': 0.20659343412711906, 'reg_alpha': 2.121813504543042, 'reg_lambda': 3.1530895357275464, 'gamma': 1.0}. Best is trial 163 with value: 0.7899015848028625.
[I 2023-10-20 09:56:57,384] Trial 360 finished with value: 0.7891855556299857 and parameters: {'n_estimators': 11300, 'max_depth': 4, 'min_child_weight': 8, 'learning_rate': 0.0005860254600632959, 'subsample': 0.9764063574148025, 'colsample_bytree': 0.3862408356934271, 'reg_alpha': 1.4014757348614193, 'reg_lambda': 0.20593298764798895, 'gamma': 1.0}. Best is trial 163 with value: 0.7899015848028625.
[I 2023-10-20 09:57:18,349] Trial 361 finished with value: 0.7898227842625 and parameters: {'n_estimators': 11600, 'max_depth': 4, 'min_child_weight': 8, 'learning_rate': 0.0015715786263515476, 'subsample': 0.931867955427992, 'colsample_bytree': 0.369895692549126, 'reg_alpha': 2.579336432362259, 'reg_lambda': 3.729574235637704, 'gamma': 1.0}. Best is trial 163 with value: 0.7899015848028625.
[I 2023-10-20 09:57:33,090] Trial 362 finished with value: 0.7895937721545838 and parameters: {'n_estimators': 11400, 'max_depth': 4, 'min_child_weight': 8, 'learning_rate': 0.007643341778771294, 'subsample': 0.9593840424002948, 'colsample_bytree': 0.3410599714801279, 'reg_alpha': 2.221058729825665, 'reg_lambda': 4.917501451056498, 'gamma': 1.0}. Best is trial 163 with value: 0.7899015848028625.
[I 2023-10-20 09:57:57,740] Trial 363 finished with value: 0.7897196869470078 and parameters: {'n_estimators': 11600, 'max_depth': 5, 'min_child_weight': 8, 'learning_rate': 0.0011518871474633906, 'subsample': 0.9826438653656243, 'colsample_bytree': 0.28564518786496934, 'reg_alpha': 1.667355738031542, 'reg_lambda': 3.35828696492513, 'gamma': 1.0}. Best is trial 163 with value: 0.7899015848028625.
[I 2023-10-20 09:58:19,786] Trial 364 finished with value: 0.7897666267535266 and parameters: {'n_estimators': 11800, 'max_depth': 4, 'min_child_weight': 8, 'learning_rate': 0.0013835648266268044, 'subsample': 0.8349415820115464, 'colsample_bytree': 0.39620450796452744, 'reg_alpha': 3.0265264703980694, 'reg_lambda': 4.074019207198618, 'gamma': 1.0}. Best is trial 163 with value: 0.7899015848028625.
[I 2023-10-20 09:58:36,743] Trial 365 finished with value: 0.7895153833057011 and parameters: {'n_estimators': 11500, 'max_depth': 4, 'min_child_weight': 8, 'learning_rate': 0.0029338395358131557, 'subsample': 0.9714171290771327, 'colsample_bytree': 0.5331925076321007, 'reg_alpha': 1.9224922932285047, 'reg_lambda': 2.926475089731699, 'gamma': 1.0}. Best is trial 163 with value: 0.7899015848028625.
[I 2023-10-20 09:58:58,316] Trial 366 finished with value: 0.7897559437085168 and parameters: {'n_estimators': 11700, 'max_depth': 4, 'min_child_weight': 8, 'learning_rate': 0.0017334223994377976, 'subsample': 0.8865280427718988, 'colsample_bytree': 0.35176869385077586, 'reg_alpha': 1.256582377393348, 'reg_lambda': 4.343651396292251, 'gamma': 1.0}. Best is trial 163 with value: 0.7899015848028625.
[I 2023-10-20 09:59:19,523] Trial 367 finished with value: 0.7892279319411184 and parameters: {'n_estimators': 11300, 'max_depth': 4, 'min_child_weight': 8, 'learning_rate': 0.0007942231939373454, 'subsample': 0.897263226002481, 'colsample_bytree': 0.30473182366483187, 'reg_alpha': 1.4812499520266864, 'reg_lambda': 7.562269828971504, 'gamma': 1.0}. Best is trial 163 with value: 0.7899015848028625.
[I 2023-10-20 09:59:36,282] Trial 368 finished with value: 0.789588134074657 and parameters: {'n_estimators': 11400, 'max_depth': 4, 'min_child_weight': 8, 'learning_rate': 0.004544573159594778, 'subsample': 0.9474091618022956, 'colsample_bytree': 0.37712646509384007, 'reg_alpha': 2.41334446632466, 'reg_lambda': 3.6131522339783997, 'gamma': 1.0}. Best is trial 163 with value: 0.7899015848028625.
[I 2023-10-20 09:59:57,558] Trial 369 finished with value: 0.7892851082120587 and parameters: {'n_estimators': 11200, 'max_depth': 4, 'min_child_weight': 8, 'learning_rate': 0.000982140517501276, 'subsample': 0.9551151812324316, 'colsample_bytree': 0.9544594087495342, 'reg_alpha': 1.7640811219441257, 'reg_lambda': 3.8987170783878686, 'gamma': 1.0}. Best is trial 163 with value: 0.7899015848028625.
[I 2023-10-20 10:00:18,945] Trial 370 finished with value: 0.7898611901930902 and parameters: {'n_estimators': 11900, 'max_depth': 4, 'min_child_weight': 8, 'learning_rate': 0.0014773649222675112, 'subsample': 0.9651353792603103, 'colsample_bytree': 0.3261403672436209, 'reg_alpha': 0.9968809802156436, 'reg_lambda': 3.327276036648352, 'gamma': 1.0}. Best is trial 163 with value: 0.7899015848028625.
[I 2023-10-20 10:00:38,084] Trial 371 finished with value: 0.7897549737913019 and parameters: {'n_estimators': 11500, 'max_depth': 4, 'min_child_weight': 8, 'learning_rate': 0.00227090539169002, 'subsample': 0.939708566317065, 'colsample_bytree': 0.3642448701722804, 'reg_alpha': 3.281183504501622, 'reg_lambda': 4.647366850391602, 'gamma': 1.0}. Best is trial 163 with value: 0.7899015848028625.
[I 2023-10-20 10:00:54,367] Trial 372 finished with value: 0.7895086985525206 and parameters: {'n_estimators': 11600, 'max_depth': 4, 'min_child_weight': 8, 'learning_rate': 0.005285513971715794, 'subsample': 0.9626984939994924, 'colsample_bytree': 0.4184527216403412, 'reg_alpha': 2.904082106889532, 'reg_lambda': 5.443882582786142, 'gamma': 0.7999999999999999}. Best is trial 163 with value: 0.7899015848028625.
[I 2023-10-20 10:01:09,920] Trial 373 finished with value: 0.7878645074495225 and parameters: {'n_estimators': 11400, 'max_depth': 4, 'min_child_weight': 8, 'learning_rate': 0.015061857230134094, 'subsample': 0.8654097663222899, 'colsample_bytree': 0.34485922695943844, 'reg_alpha': 6.413865308640121, 'reg_lambda': 3.820238566650407, 'gamma': 1.0}. Best is trial 163 with value: 0.7899015848028625.
[I 2023-10-20 10:01:28,882] Trial 374 finished with value: 0.7898433548808467 and parameters: {'n_estimators': 11500, 'max_depth': 4, 'min_child_weight': 8, 'learning_rate': 0.0018823904154478047, 'subsample': 0.9707885618913596, 'colsample_bytree': 0.3991436212891588, 'reg_alpha': 2.200087130519247, 'reg_lambda': 3.522449897170515, 'gamma': 1.0}. Best is trial 163 with value: 0.7899015848028625.
[I 2023-10-20 10:01:44,196] Trial 375 finished with value: 0.7896861794472447 and parameters: {'n_estimators': 11700, 'max_depth': 4, 'min_child_weight': 8, 'learning_rate': 0.006221389608379809, 'subsample': 0.9596172364820401, 'colsample_bytree': 0.3615913249026815, 'reg_alpha': 5.6055305578314645, 'reg_lambda': 4.116007205447364, 'gamma': 1.0}. Best is trial 163 with value: 0.7899015848028625.
[I 2023-10-20 10:02:03,534] Trial 376 finished with value: 0.7889305441584468 and parameters: {'n_estimators': 11000, 'max_depth': 4, 'min_child_weight': 8, 'learning_rate': 0.0038458216429275447, 'subsample': 0.8580398203392868, 'colsample_bytree': 0.32584722965798757, 'reg_alpha': 1.5261004572681007, 'reg_lambda': 3.0357745751116925, 'gamma': 1.0}. Best is trial 163 with value: 0.7899015848028625.
[I 2023-10-20 10:02:25,116] Trial 377 finished with value: 0.7897088503899207 and parameters: {'n_estimators': 11700, 'max_depth': 4, 'min_child_weight': 8, 'learning_rate': 0.0012244428120022543, 'subsample': 0.9528878960042562, 'colsample_bytree': 0.468917751587389, 'reg_alpha': 1.9874727569561055, 'reg_lambda': 3.6697602696786644, 'gamma': 1.0}. Best is trial 163 with value: 0.7899015848028625.
