[I 2023-10-19 22:37:34,322] A new study created in memory with name: no-name-392a18e4-5fe8-405b-96b8-d8bfea08a0c9
[I 2023-10-19 22:38:35,892] Trial 0 finished with value: 0.7365698005459448 and parameters: {'n_estimators': 10900, 'max_depth': 11, 'min_child_weight': 7, 'learning_rate': 0.052599246272296854, 'colsample_bytree': 0.6}. Best is trial 0 with value: 0.7365698005459448.
[I 2023-10-19 22:39:49,998] Trial 1 finished with value: 0.7873721174618592 and parameters: {'n_estimators': 9500, 'max_depth': 9, 'min_child_weight': 8, 'learning_rate': 0.0002721807039976667, 'colsample_bytree': 0.8}. Best is trial 1 with value: 0.7873721174618592.
[I 2023-10-19 22:40:07,892] Trial 2 finished with value: 0.787573790464388 and parameters: {'n_estimators': 9900, 'max_depth': 4, 'min_child_weight': 7, 'learning_rate': 0.003506982420841881, 'colsample_bytree': 0.6}. Best is trial 2 with value: 0.787573790464388.
[I 2023-10-19 22:40:31,666] Trial 3 finished with value: 0.7884824005381297 and parameters: {'n_estimators': 10900, 'max_depth': 5, 'min_child_weight': 7, 'learning_rate': 0.001522870230598534, 'colsample_bytree': 0.6}. Best is trial 3 with value: 0.7884824005381297.
[I 2023-10-19 22:41:51,558] Trial 4 finished with value: 0.7873587270220331 and parameters: {'n_estimators': 10100, 'max_depth': 9, 'min_child_weight': 7, 'learning_rate': 0.00023535645238717477, 'colsample_bytree': 0.8}. Best is trial 3 with value: 0.7884824005381297.
[I 2023-10-19 22:42:21,227] Trial 5 finished with value: 0.7587597131277946 and parameters: {'n_estimators': 13900, 'max_depth': 5, 'min_child_weight': 8, 'learning_rate': 0.03589774803861563, 'colsample_bytree': 0.7}. Best is trial 3 with value: 0.7884824005381297.
[I 2023-10-19 22:43:26,189] Trial 6 finished with value: 0.7884009065585941 and parameters: {'n_estimators': 10900, 'max_depth': 8, 'min_child_weight': 7, 'learning_rate': 0.00013497881931451584, 'colsample_bytree': 0.7}. Best is trial 3 with value: 0.7884824005381297.
[I 2023-10-19 22:44:33,849] Trial 7 finished with value: 0.7832110679416542 and parameters: {'n_estimators': 9100, 'max_depth': 11, 'min_child_weight': 7, 'learning_rate': 0.0011663479971841288, 'colsample_bytree': 0.8}. Best is trial 3 with value: 0.7884824005381297.
[I 2023-10-19 22:45:08,250] Trial 8 finished with value: 0.7833078991732677 and parameters: {'n_estimators': 7700, 'max_depth': 9, 'min_child_weight': 8, 'learning_rate': 0.0025449981561703086, 'colsample_bytree': 0.7}. Best is trial 3 with value: 0.7884824005381297.
[I 2023-10-19 22:45:42,372] Trial 9 finished with value: 0.7369124534579292 and parameters: {'n_estimators': 9600, 'max_depth': 9, 'min_child_weight': 7, 'learning_rate': 0.0646811755154849, 'colsample_bytree': 0.6}. Best is trial 3 with value: 0.7884824005381297.
[I 2023-10-19 22:46:13,936] Trial 10 finished with value: 0.7733172285208693 and parameters: {'n_estimators': 12800, 'max_depth': 6, 'min_child_weight': 8, 'learning_rate': 0.012244023114581247, 'colsample_bytree': 0.6}. Best is trial 3 with value: 0.7884824005381297.
[I 2023-10-19 22:47:05,721] Trial 11 finished with value: 0.7886175120995428 and parameters: {'n_estimators': 12200, 'max_depth': 7, 'min_child_weight': 7, 'learning_rate': 0.00016299521201337277, 'colsample_bytree': 0.7}. Best is trial 11 with value: 0.7886175120995428.
[I 2023-10-19 22:47:40,945] Trial 12 finished with value: 0.7888038199387069 and parameters: {'n_estimators': 12700, 'max_depth': 6, 'min_child_weight': 7, 'learning_rate': 0.0006066550032352436, 'colsample_bytree': 0.7}. Best is trial 12 with value: 0.7888038199387069.
[I 2023-10-19 22:48:27,626] Trial 13 finished with value: 0.7884967539173492 and parameters: {'n_estimators': 12500, 'max_depth': 7, 'min_child_weight': 7, 'learning_rate': 0.00045292468672950237, 'colsample_bytree': 0.7}. Best is trial 12 with value: 0.7888038199387069.
[I 2023-10-19 22:49:31,279] Trial 14 finished with value: 0.7885090697726346 and parameters: {'n_estimators': 14800, 'max_depth': 7, 'min_child_weight': 7, 'learning_rate': 0.00010537158817178258, 'colsample_bytree': 0.7}. Best is trial 12 with value: 0.7888038199387069.
[I 2023-10-19 22:50:06,269] Trial 15 finished with value: 0.7888516389507589 and parameters: {'n_estimators': 12400, 'max_depth': 6, 'min_child_weight': 7, 'learning_rate': 0.0005751868595403585, 'colsample_bytree': 0.7}. Best is trial 15 with value: 0.7888516389507589.
[I 2023-10-19 22:50:36,769] Trial 16 finished with value: 0.788819471192761 and parameters: {'n_estimators': 13600, 'max_depth': 5, 'min_child_weight': 7, 'learning_rate': 0.0004722883515564175, 'colsample_bytree': 0.7}. Best is trial 15 with value: 0.7888516389507589.
[I 2023-10-19 22:51:02,491] Trial 17 finished with value: 0.7888512481927442 and parameters: {'n_estimators': 13900, 'max_depth': 4, 'min_child_weight': 8, 'learning_rate': 0.0005570390614801917, 'colsample_bytree': 0.7}. Best is trial 15 with value: 0.7888516389507589.
[I 2023-10-19 22:51:28,986] Trial 18 finished with value: 0.7890504580242158 and parameters: {'n_estimators': 14400, 'max_depth': 4, 'min_child_weight': 8, 'learning_rate': 0.0008511565587190004, 'colsample_bytree': 0.7}. Best is trial 18 with value: 0.7890504580242158.
[I 2023-10-19 22:51:56,138] Trial 19 finished with value: 0.7888621824393348 and parameters: {'n_estimators': 15000, 'max_depth': 4, 'min_child_weight': 8, 'learning_rate': 0.0010684038634279254, 'colsample_bytree': 0.7}. Best is trial 18 with value: 0.7890504580242158.
[I 2023-10-19 22:52:23,093] Trial 20 finished with value: 0.7862371189411576 and parameters: {'n_estimators': 15000, 'max_depth': 4, 'min_child_weight': 8, 'learning_rate': 0.003799093396098713, 'colsample_bytree': 0.8}. Best is trial 18 with value: 0.7890504580242158.
[I 2023-10-19 22:53:01,226] Trial 21 finished with value: 0.7880909656746995 and parameters: {'n_estimators': 14400, 'max_depth': 6, 'min_child_weight': 8, 'learning_rate': 0.0009214073508246605, 'colsample_bytree': 0.7}. Best is trial 18 with value: 0.7890504580242158.
[I 2023-10-19 22:53:30,242] Trial 22 finished with value: 0.7876921831650283 and parameters: {'n_estimators': 13400, 'max_depth': 5, 'min_child_weight': 8, 'learning_rate': 0.0016527373606263082, 'colsample_bytree': 0.7}. Best is trial 18 with value: 0.7890504580242158.
[I 2023-10-19 22:53:52,896] Trial 23 finished with value: 0.7880860183991202 and parameters: {'n_estimators': 11900, 'max_depth': 4, 'min_child_weight': 8, 'learning_rate': 0.0002714264097084005, 'colsample_bytree': 0.7}. Best is trial 18 with value: 0.7890504580242158.
[I 2023-10-19 22:54:24,552] Trial 24 finished with value: 0.7885424935385372 and parameters: {'n_estimators': 14600, 'max_depth': 5, 'min_child_weight': 8, 'learning_rate': 0.001014440936557332, 'colsample_bytree': 0.7}. Best is trial 18 with value: 0.7890504580242158.
[I 2023-10-19 22:54:59,513] Trial 25 finished with value: 0.7801906619998994 and parameters: {'n_estimators': 14200, 'max_depth': 6, 'min_child_weight': 8, 'learning_rate': 0.005731219807802883, 'colsample_bytree': 0.7}. Best is trial 18 with value: 0.7890504580242158.
[I 2023-10-19 22:55:21,119] Trial 26 finished with value: 0.7888965691446307 and parameters: {'n_estimators': 11600, 'max_depth': 4, 'min_child_weight': 8, 'learning_rate': 0.000758603256331499, 'colsample_bytree': 0.7}. Best is trial 18 with value: 0.7890504580242158.
[I 2023-10-19 22:55:45,171] Trial 27 finished with value: 0.7878919512222353 and parameters: {'n_estimators': 13300, 'max_depth': 4, 'min_child_weight': 8, 'learning_rate': 0.0020732565015997846, 'colsample_bytree': 0.7}. Best is trial 18 with value: 0.7890504580242158.
[I 2023-10-19 22:56:06,567] Trial 28 finished with value: 0.7889228197098342 and parameters: {'n_estimators': 11500, 'max_depth': 4, 'min_child_weight': 8, 'learning_rate': 0.0009714415161617196, 'colsample_bytree': 0.8}. Best is trial 18 with value: 0.7890504580242158.
[I 2023-10-19 22:57:40,579] Trial 29 finished with value: 0.7841074877609007 and parameters: {'n_estimators': 11600, 'max_depth': 11, 'min_child_weight': 8, 'learning_rate': 0.0007194131424931713, 'colsample_bytree': 0.8}. Best is trial 18 with value: 0.7890504580242158.
[I 2023-10-19 22:57:58,850] Trial 30 finished with value: 0.7886343216719978 and parameters: {'n_estimators': 8400, 'max_depth': 5, 'min_child_weight': 8, 'learning_rate': 0.001401619211259771, 'colsample_bytree': 0.8}. Best is trial 18 with value: 0.7890504580242158.
[I 2023-10-19 22:58:19,667] Trial 31 finished with value: 0.7889026956720758 and parameters: {'n_estimators': 11300, 'max_depth': 4, 'min_child_weight': 8, 'learning_rate': 0.0008121803037854833, 'colsample_bytree': 0.8}. Best is trial 18 with value: 0.7890504580242158.
[I 2023-10-19 22:58:39,128] Trial 32 finished with value: 0.7883951917226288 and parameters: {'n_estimators': 10300, 'max_depth': 4, 'min_child_weight': 8, 'learning_rate': 0.00038489282074011467, 'colsample_bytree': 0.8}. Best is trial 18 with value: 0.7890504580242158.
[I 2023-10-19 22:59:00,627] Trial 33 finished with value: 0.7888783570300157 and parameters: {'n_estimators': 11500, 'max_depth': 4, 'min_child_weight': 8, 'learning_rate': 0.0008030442747831041, 'colsample_bytree': 0.8}. Best is trial 18 with value: 0.7890504580242158.
[I 2023-10-19 22:59:25,625] Trial 34 finished with value: 0.7885411677524157 and parameters: {'n_estimators': 10600, 'max_depth': 5, 'min_child_weight': 8, 'learning_rate': 0.0003507804750916278, 'colsample_bytree': 0.8}. Best is trial 18 with value: 0.7890504580242158.
[I 2023-10-19 22:59:46,917] Trial 35 finished with value: 0.787729242376032 and parameters: {'n_estimators': 11100, 'max_depth': 4, 'min_child_weight': 8, 'learning_rate': 0.000244606328172595, 'colsample_bytree': 0.8}. Best is trial 18 with value: 0.7890504580242158.
[I 2023-10-19 23:00:12,550] Trial 36 finished with value: 0.7878502796710933 and parameters: {'n_estimators': 11900, 'max_depth': 5, 'min_child_weight': 8, 'learning_rate': 0.0016678902769487617, 'colsample_bytree': 0.8}. Best is trial 18 with value: 0.7890504580242158.
[I 2023-10-19 23:00:33,408] Trial 37 finished with value: 0.7889366985971786 and parameters: {'n_estimators': 11300, 'max_depth': 4, 'min_child_weight': 8, 'learning_rate': 0.0007738874612061493, 'colsample_bytree': 0.6}. Best is trial 18 with value: 0.7890504580242158.
[I 2023-10-19 23:00:58,386] Trial 38 finished with value: 0.7889345564059194 and parameters: {'n_estimators': 10600, 'max_depth': 5, 'min_child_weight': 8, 'learning_rate': 0.00036978309820588157, 'colsample_bytree': 0.6}. Best is trial 18 with value: 0.7890504580242158.
[I 2023-10-19 23:02:30,168] Trial 39 finished with value: 0.7875398363840369 and parameters: {'n_estimators': 9400, 'max_depth': 10, 'min_child_weight': 8, 'learning_rate': 0.00029067598055259133, 'colsample_bytree': 0.6}. Best is trial 18 with value: 0.7890504580242158.
[I 2023-10-19 23:03:30,310] Trial 40 finished with value: 0.7884969632519998 and parameters: {'n_estimators': 10500, 'max_depth': 8, 'min_child_weight': 8, 'learning_rate': 0.00019950485373579802, 'colsample_bytree': 0.6}. Best is trial 18 with value: 0.7890504580242158.
[I 2023-10-19 23:03:56,308] Trial 41 finished with value: 0.7889851525910048 and parameters: {'n_estimators': 11200, 'max_depth': 5, 'min_child_weight': 8, 'learning_rate': 0.0003660303336475597, 'colsample_bytree': 0.6}. Best is trial 18 with value: 0.7890504580242158.
[I 2023-10-19 23:04:20,077] Trial 42 finished with value: 0.7887136874159173 and parameters: {'n_estimators': 10000, 'max_depth': 5, 'min_child_weight': 8, 'learning_rate': 0.00033505611045664657, 'colsample_bytree': 0.6}. Best is trial 18 with value: 0.7890504580242158.
[I 2023-10-19 23:04:45,649] Trial 43 finished with value: 0.7880753004650021 and parameters: {'n_estimators': 10800, 'max_depth': 5, 'min_child_weight': 8, 'learning_rate': 0.0001892962200947504, 'colsample_bytree': 0.6}. Best is trial 18 with value: 0.7890504580242158.
[I 2023-10-19 23:05:08,436] Trial 44 finished with value: 0.7890219954895359 and parameters: {'n_estimators': 9800, 'max_depth': 5, 'min_child_weight': 8, 'learning_rate': 0.00044945798517339594, 'colsample_bytree': 0.6}. Best is trial 18 with value: 0.7890504580242158.
[I 2023-10-19 23:05:34,944] Trial 45 finished with value: 0.7890906991219109 and parameters: {'n_estimators': 8800, 'max_depth': 6, 'min_child_weight': 8, 'learning_rate': 0.00046906996427463574, 'colsample_bytree': 0.6}. Best is trial 45 with value: 0.7890906991219109.
[I 2023-10-19 23:06:00,806] Trial 46 finished with value: 0.7890694935217902 and parameters: {'n_estimators': 8800, 'max_depth': 6, 'min_child_weight': 8, 'learning_rate': 0.0005692732965154117, 'colsample_bytree': 0.6}. Best is trial 45 with value: 0.7890906991219109.
[I 2023-10-19 23:06:26,338] Trial 47 finished with value: 0.7890921923757529 and parameters: {'n_estimators': 8600, 'max_depth': 6, 'min_child_weight': 8, 'learning_rate': 0.00048163059240110244, 'colsample_bytree': 0.6}. Best is trial 47 with value: 0.7890921923757529.
[I 2023-10-19 23:07:00,144] Trial 48 finished with value: 0.7888608357197483 and parameters: {'n_estimators': 8700, 'max_depth': 7, 'min_child_weight': 8, 'learning_rate': 0.000500545876739977, 'colsample_bytree': 0.6}. Best is trial 47 with value: 0.7890921923757529.
[I 2023-10-19 23:07:23,600] Trial 49 finished with value: 0.7879693492204377 and parameters: {'n_estimators': 7500, 'max_depth': 6, 'min_child_weight': 8, 'learning_rate': 0.00014515268646330995, 'colsample_bytree': 0.6}. Best is trial 47 with value: 0.7890921923757529.
[I 2023-10-19 23:07:57,725] Trial 50 finished with value: 0.7885660018198158 and parameters: {'n_estimators': 8100, 'max_depth': 7, 'min_child_weight': 8, 'learning_rate': 0.0002228553811063155, 'colsample_bytree': 0.6}. Best is trial 47 with value: 0.7890921923757529.
[I 2023-10-19 23:08:24,498] Trial 51 finished with value: 0.7890601920854755 and parameters: {'n_estimators': 9000, 'max_depth': 6, 'min_child_weight': 8, 'learning_rate': 0.0004463125672557116, 'colsample_bytree': 0.6}. Best is trial 47 with value: 0.7890921923757529.
[I 2023-10-19 23:08:50,373] Trial 52 finished with value: 0.7890612178252643 and parameters: {'n_estimators': 8900, 'max_depth': 6, 'min_child_weight': 8, 'learning_rate': 0.0005634523105747675, 'colsample_bytree': 0.6}. Best is trial 47 with value: 0.7890921923757529.
[I 2023-10-19 23:09:16,370] Trial 53 finished with value: 0.789107299359715 and parameters: {'n_estimators': 8800, 'max_depth': 6, 'min_child_weight': 8, 'learning_rate': 0.0005498621600957421, 'colsample_bytree': 0.6}. Best is trial 53 with value: 0.789107299359715.
[I 2023-10-19 23:09:43,197] Trial 54 finished with value: 0.7890936018957346 and parameters: {'n_estimators': 9000, 'max_depth': 6, 'min_child_weight': 8, 'learning_rate': 0.00048695629519166194, 'colsample_bytree': 0.6}. Best is trial 53 with value: 0.789107299359715.
[I 2023-10-19 23:10:14,021] Trial 55 finished with value: 0.7888538648758786 and parameters: {'n_estimators': 8000, 'max_depth': 7, 'min_child_weight': 8, 'learning_rate': 0.0005908055603984247, 'colsample_bytree': 0.6}. Best is trial 53 with value: 0.789107299359715.
[I 2023-10-19 23:10:51,696] Trial 56 finished with value: 0.7868157268936412 and parameters: {'n_estimators': 9200, 'max_depth': 8, 'min_child_weight': 8, 'learning_rate': 0.0012042436258201583, 'colsample_bytree': 0.6}. Best is trial 53 with value: 0.789107299359715.
[I 2023-10-19 23:11:17,018] Trial 57 finished with value: 0.78903715131825 and parameters: {'n_estimators': 8700, 'max_depth': 6, 'min_child_weight': 8, 'learning_rate': 0.0005990311954443414, 'colsample_bytree': 0.6}. Best is trial 53 with value: 0.789107299359715.
[I 2023-10-19 23:11:42,957] Trial 58 finished with value: 0.7886949380090321 and parameters: {'n_estimators': 8500, 'max_depth': 6, 'min_child_weight': 8, 'learning_rate': 0.00029029493563357785, 'colsample_bytree': 0.6}. Best is trial 53 with value: 0.789107299359715.
[I 2023-10-19 23:12:07,857] Trial 59 finished with value: 0.7877918334366051 and parameters: {'n_estimators': 8000, 'max_depth': 6, 'min_child_weight': 8, 'learning_rate': 0.00011949852665374176, 'colsample_bytree': 0.6}. Best is trial 53 with value: 0.789107299359715.
[I 2023-10-19 23:12:43,077] Trial 60 finished with value: 0.788610562189138 and parameters: {'n_estimators': 9500, 'max_depth': 7, 'min_child_weight': 7, 'learning_rate': 0.0006303899390266535, 'colsample_bytree': 0.6}. Best is trial 53 with value: 0.789107299359715.
[I 2023-10-19 23:13:09,527] Trial 61 finished with value: 0.7890777413070296 and parameters: {'n_estimators': 8800, 'max_depth': 6, 'min_child_weight': 8, 'learning_rate': 0.0004675050775431941, 'colsample_bytree': 0.6}. Best is trial 53 with value: 0.789107299359715.
[I 2023-10-19 23:13:35,982] Trial 62 finished with value: 0.7890976350766722 and parameters: {'n_estimators': 8900, 'max_depth': 6, 'min_child_weight': 8, 'learning_rate': 0.0004995633084155156, 'colsample_bytree': 0.6}. Best is trial 53 with value: 0.789107299359715.
[I 2023-10-19 23:14:00,901] Trial 63 finished with value: 0.788988222832549 and parameters: {'n_estimators': 8300, 'max_depth': 6, 'min_child_weight': 8, 'learning_rate': 0.0004441497237919167, 'colsample_bytree': 0.6}. Best is trial 53 with value: 0.789107299359715.
[I 2023-10-19 23:14:39,817] Trial 64 finished with value: 0.7885774384695683 and parameters: {'n_estimators': 9200, 'max_depth': 7, 'min_child_weight': 8, 'learning_rate': 0.00018756591204698502, 'colsample_bytree': 0.6}. Best is trial 53 with value: 0.789107299359715.
[I 2023-10-19 23:15:07,192] Trial 65 finished with value: 0.7887101147712112 and parameters: {'n_estimators': 8800, 'max_depth': 6, 'min_child_weight': 8, 'learning_rate': 0.0002840409693621148, 'colsample_bytree': 0.6}. Best is trial 53 with value: 0.789107299359715.
[I 2023-10-19 23:15:40,309] Trial 66 finished with value: 0.7881605624682508 and parameters: {'n_estimators': 9800, 'max_depth': 7, 'min_child_weight': 8, 'learning_rate': 0.0010390872066226753, 'colsample_bytree': 0.6}. Best is trial 53 with value: 0.789107299359715.
[I 2023-10-19 23:16:04,664] Trial 67 finished with value: 0.7881168115262449 and parameters: {'n_estimators': 7800, 'max_depth': 6, 'min_child_weight': 8, 'learning_rate': 0.0001566078780299859, 'colsample_bytree': 0.6}. Best is trial 53 with value: 0.789107299359715.
[I 2023-10-19 23:16:45,372] Trial 68 finished with value: 0.7880577582212696 and parameters: {'n_estimators': 8600, 'max_depth': 8, 'min_child_weight': 8, 'learning_rate': 0.0007004403459346545, 'colsample_bytree': 0.6}. Best is trial 53 with value: 0.789107299359715.
[I 2023-10-19 23:17:11,021] Trial 69 finished with value: 0.7885956156950749 and parameters: {'n_estimators': 8300, 'max_depth': 6, 'min_child_weight': 8, 'learning_rate': 0.0002462280024565337, 'colsample_bytree': 0.6}. Best is trial 53 with value: 0.789107299359715.
[I 2023-10-19 23:17:47,451] Trial 70 finished with value: 0.7888496712050418 and parameters: {'n_estimators': 9400, 'max_depth': 7, 'min_child_weight': 8, 'learning_rate': 0.0004986580423466473, 'colsample_bytree': 0.6}. Best is trial 53 with value: 0.789107299359715.
[I 2023-10-19 23:18:13,862] Trial 71 finished with value: 0.7890888011544108 and parameters: {'n_estimators': 8900, 'max_depth': 6, 'min_child_weight': 8, 'learning_rate': 0.0005288271160590279, 'colsample_bytree': 0.6}. Best is trial 53 with value: 0.789107299359715.
[I 2023-10-19 23:18:39,464] Trial 72 finished with value: 0.7890258612027532 and parameters: {'n_estimators': 9000, 'max_depth': 6, 'min_child_weight': 8, 'learning_rate': 0.0006885916113490759, 'colsample_bytree': 0.6}. Best is trial 53 with value: 0.789107299359715.
[I 2023-10-19 23:19:04,709] Trial 73 finished with value: 0.7889661589603604 and parameters: {'n_estimators': 9200, 'max_depth': 6, 'min_child_weight': 8, 'learning_rate': 0.0008809757781907924, 'colsample_bytree': 0.6}. Best is trial 53 with value: 0.789107299359715.
[I 2023-10-19 23:19:33,581] Trial 74 finished with value: 0.7890271451219444 and parameters: {'n_estimators': 9600, 'max_depth': 6, 'min_child_weight': 8, 'learning_rate': 0.0004065895874759825, 'colsample_bytree': 0.6}. Best is trial 53 with value: 0.789107299359715.
[I 2023-10-19 23:19:58,521] Trial 75 finished with value: 0.7887532656205517 and parameters: {'n_estimators': 8200, 'max_depth': 6, 'min_child_weight': 8, 'learning_rate': 0.0003344606582129282, 'colsample_bytree': 0.6}. Best is trial 53 with value: 0.789107299359715.
[I 2023-10-19 23:20:29,424] Trial 76 finished with value: 0.7888242649562631 and parameters: {'n_estimators': 7800, 'max_depth': 7, 'min_child_weight': 8, 'learning_rate': 0.0005285474995322503, 'colsample_bytree': 0.6}. Best is trial 53 with value: 0.789107299359715.
[I 2023-10-19 23:20:52,785] Trial 77 finished with value: 0.788812004923551 and parameters: {'n_estimators': 8500, 'max_depth': 6, 'min_child_weight': 8, 'learning_rate': 0.0011498167358230172, 'colsample_bytree': 0.6}. Best is trial 53 with value: 0.789107299359715.
[I 2023-10-19 23:21:13,806] Trial 78 finished with value: 0.7883866648245218 and parameters: {'n_estimators': 8800, 'max_depth': 5, 'min_child_weight': 8, 'learning_rate': 0.0003030748136745749, 'colsample_bytree': 0.6}. Best is trial 53 with value: 0.789107299359715.
[I 2023-10-19 23:21:51,066] Trial 79 finished with value: 0.7886373430687903 and parameters: {'n_estimators': 10200, 'max_depth': 7, 'min_child_weight': 8, 'learning_rate': 0.0006443979800316858, 'colsample_bytree': 0.6}. Best is trial 53 with value: 0.789107299359715.
[I 2023-10-19 23:22:12,564] Trial 80 finished with value: 0.7888937780159541 and parameters: {'n_estimators': 9100, 'max_depth': 5, 'min_child_weight': 8, 'learning_rate': 0.0004064552088048699, 'colsample_bytree': 0.6}. Best is trial 53 with value: 0.789107299359715.
