[I 2023-10-20 08:47:21,257] Trial 162 finished with value: 0.7898376888896331 and parameters: {'n_estimators': 11800, 'max_depth': 4, 'min_child_weight': 8, 'learning_rate': 0.0014798828639757229, 'subsample': 0.9596038495162869, 'colsample_bytree': 0.41678782472944453, 'reg_alpha': 2.77076319173019, 'reg_lambda': 4.997944818421909, 'gamma': 1.0}. Best is trial 157 with value: 0.789897391132026.
[I 2023-10-20 08:47:41,822] Trial 163 finished with value: 0.7899015848028625 and parameters: {'n_estimators': 11800, 'max_depth': 4, 'min_child_weight': 8, 'learning_rate': 0.0015437834544374147, 'subsample': 0.9689605630322542, 'colsample_bytree': 0.40144183702599706, 'reg_alpha': 2.7626161378981835, 'reg_lambda': 4.9306590479697965, 'gamma': 1.0}. Best is trial 163 with value: 0.7899015848028625.
[I 2023-10-20 08:48:03,169] Trial 164 finished with value: 0.7897647427416699 and parameters: {'n_estimators': 12000, 'max_depth': 4, 'min_child_weight': 8, 'learning_rate': 0.0015898156161270975, 'subsample': 0.9430918682434091, 'colsample_bytree': 0.409947043672118, 'reg_alpha': 2.495557444640646, 'reg_lambda': 4.7881607710481795, 'gamma': 1.0}. Best is trial 163 with value: 0.7899015848028625.
[I 2023-10-20 08:48:21,092] Trial 165 finished with value: 0.789759516353223 and parameters: {'n_estimators': 11800, 'max_depth': 4, 'min_child_weight': 8, 'learning_rate': 0.002465915034054093, 'subsample': 0.9720101997052075, 'colsample_bytree': 0.4272130600835538, 'reg_alpha': 2.2034080879330125, 'reg_lambda': 4.941831519055083, 'gamma': 1.0}. Best is trial 163 with value: 0.7899015848028625.
[I 2023-10-20 08:48:40,988] Trial 166 finished with value: 0.7898486789587975 and parameters: {'n_estimators': 11800, 'max_depth': 4, 'min_child_weight': 8, 'learning_rate': 0.0018017815826003383, 'subsample': 0.9683046928894699, 'colsample_bytree': 0.3957558698574618, 'reg_alpha': 2.4066964388152994, 'reg_lambda': 5.161025741087928, 'gamma': 1.0}. Best is trial 163 with value: 0.7899015848028625.
[I 2023-10-20 08:49:00,625] Trial 167 finished with value: 0.7898223586153768 and parameters: {'n_estimators': 11900, 'max_depth': 4, 'min_child_weight': 8, 'learning_rate': 0.0021210171786982877, 'subsample': 0.9570924822904019, 'colsample_bytree': 0.40181891146751925, 'reg_alpha': 2.7213190402514122, 'reg_lambda': 4.583905944501561, 'gamma': 1.0}. Best is trial 163 with value: 0.7899015848028625.
[I 2023-10-20 08:49:19,743] Trial 168 finished with value: 0.7897561739766326 and parameters: {'n_estimators': 11900, 'max_depth': 4, 'min_child_weight': 8, 'learning_rate': 0.002224413535184261, 'subsample': 0.9544456215888286, 'colsample_bytree': 0.423889594409753, 'reg_alpha': 2.6405189016636483, 'reg_lambda': 4.7089868991165496, 'gamma': 1.0}. Best is trial 163 with value: 0.7899015848028625.
[I 2023-10-20 08:49:39,222] Trial 169 finished with value: 0.7897198753481932 and parameters: {'n_estimators': 11600, 'max_depth': 4, 'min_child_weight': 8, 'learning_rate': 0.0018453102232603954, 'subsample': 0.965962322485673, 'colsample_bytree': 0.458492881392725, 'reg_alpha': 2.4049089637260517, 'reg_lambda': 4.422290219057083, 'gamma': 1.0}. Best is trial 163 with value: 0.7899015848028625.
[I 2023-10-20 08:50:03,740] Trial 170 finished with value: 0.7887957256655446 and parameters: {'n_estimators': 11800, 'max_depth': 7, 'min_child_weight': 8, 'learning_rate': 0.002478079558242316, 'subsample': 0.9487234779925554, 'colsample_bytree': 0.39059875176784625, 'reg_alpha': 2.689016736897381, 'reg_lambda': 5.118459788809126, 'gamma': 1.0}. Best is trial 163 with value: 0.7899015848028625.
[I 2023-10-20 08:50:25,565] Trial 171 finished with value: 0.7897904001920297 and parameters: {'n_estimators': 12000, 'max_depth': 4, 'min_child_weight': 8, 'learning_rate': 0.0015741424401770237, 'subsample': 0.9395056268318358, 'colsample_bytree': 0.3968498741739849, 'reg_alpha': 2.2280758829409115, 'reg_lambda': 4.521605132894577, 'gamma': 1.0}. Best is trial 163 with value: 0.7899015848028625.
[I 2023-10-20 08:50:45,354] Trial 172 finished with value: 0.7898243054276288 and parameters: {'n_estimators': 11900, 'max_depth': 4, 'min_child_weight': 8, 'learning_rate': 0.0020979287096903354, 'subsample': 0.9579321874835414, 'colsample_bytree': 0.4089105770270887, 'reg_alpha': 1.96515520512335, 'reg_lambda': 4.909823511564755, 'gamma': 1.0}. Best is trial 163 with value: 0.7899015848028625.
[I 2023-10-20 08:51:04,953] Trial 173 finished with value: 0.7897248784463462 and parameters: {'n_estimators': 11800, 'max_depth': 4, 'min_child_weight': 8, 'learning_rate': 0.0020032280098941854, 'subsample': 0.9604350162766763, 'colsample_bytree': 0.4211220060471178, 'reg_alpha': 1.8013350106988746, 'reg_lambda': 4.949060588699904, 'gamma': 1.0}. Best is trial 163 with value: 0.7899015848028625.
[I 2023-10-20 08:51:24,092] Trial 174 finished with value: 0.789669935078347 and parameters: {'n_estimators': 11700, 'max_depth': 4, 'min_child_weight': 8, 'learning_rate': 0.002280517239520319, 'subsample': 0.9570559726996554, 'colsample_bytree': 0.4747706733560574, 'reg_alpha': 2.0082220096977457, 'reg_lambda': 4.682181119793187, 'gamma': 1.0}. Best is trial 163 with value: 0.7899015848028625.
[I 2023-10-20 08:51:44,140] Trial 175 finished with value: 0.7898708614539548 and parameters: {'n_estimators': 11900, 'max_depth': 4, 'min_child_weight': 8, 'learning_rate': 0.0017771293539061846, 'subsample': 0.9677175760261296, 'colsample_bytree': 0.3769890560424297, 'reg_alpha': 2.4804093351880216, 'reg_lambda': 5.149976514197663, 'gamma': 1.0}. Best is trial 163 with value: 0.7899015848028625.
[I 2023-10-20 08:52:03,867] Trial 176 finished with value: 0.7898494814082919 and parameters: {'n_estimators': 11900, 'max_depth': 4, 'min_child_weight': 8, 'learning_rate': 0.0017560758818647162, 'subsample': 0.9677662835627658, 'colsample_bytree': 0.4349703628384019, 'reg_alpha': 2.441205597520276, 'reg_lambda': 4.208658315851539, 'gamma': 1.0}. Best is trial 163 with value: 0.7899015848028625.
[I 2023-10-20 08:52:23,982] Trial 177 finished with value: 0.7898328811704878 and parameters: {'n_estimators': 12000, 'max_depth': 4, 'min_child_weight': 8, 'learning_rate': 0.0017823933231019367, 'subsample': 0.9658320027712107, 'colsample_bytree': 0.4461525794087376, 'reg_alpha': 2.386606816055051, 'reg_lambda': 4.89181072757246, 'gamma': 1.0}. Best is trial 163 with value: 0.7899015848028625.
[I 2023-10-20 08:52:43,933] Trial 178 finished with value: 0.7898337882873077 and parameters: {'n_estimators': 12000, 'max_depth': 4, 'min_child_weight': 8, 'learning_rate': 0.0017874455002568226, 'subsample': 0.9682832275643769, 'colsample_bytree': 0.4399067384879513, 'reg_alpha': 2.480875138040895, 'reg_lambda': 4.233521641614715, 'gamma': 1.0}. Best is trial 163 with value: 0.7899015848028625.
[I 2023-10-20 08:53:04,346] Trial 179 finished with value: 0.7898264894858182 and parameters: {'n_estimators': 12000, 'max_depth': 4, 'min_child_weight': 8, 'learning_rate': 0.0017804066259760794, 'subsample': 0.9652443398556636, 'colsample_bytree': 0.44896455362925536, 'reg_alpha': 2.4278001848187425, 'reg_lambda': 4.111259832009643, 'gamma': 1.0}. Best is trial 163 with value: 0.7899015848028625.
[I 2023-10-20 08:53:26,002] Trial 180 finished with value: 0.7897378641725139 and parameters: {'n_estimators': 11700, 'max_depth': 4, 'min_child_weight': 8, 'learning_rate': 0.0010796433353318716, 'subsample': 0.9687952892118328, 'colsample_bytree': 0.4952763045466661, 'reg_alpha': 2.54282026016603, 'reg_lambda': 4.177766500630657, 'gamma': 1.0}. Best is trial 163 with value: 0.7899015848028625.
[I 2023-10-20 08:53:46,210] Trial 181 finished with value: 0.7898129734452018 and parameters: {'n_estimators': 12000, 'max_depth': 4, 'min_child_weight': 8, 'learning_rate': 0.0017490779542997663, 'subsample': 0.9655126102607903, 'colsample_bytree': 0.449172082934706, 'reg_alpha': 2.434526483804765, 'reg_lambda': 4.187360378837024, 'gamma': 1.0}. Best is trial 163 with value: 0.7899015848028625.
[I 2023-10-20 08:54:06,002] Trial 182 finished with value: 0.7898279687840168 and parameters: {'n_estimators': 12000, 'max_depth': 4, 'min_child_weight': 8, 'learning_rate': 0.0017947525431544768, 'subsample': 0.9733308833368629, 'colsample_bytree': 0.4370842110876194, 'reg_alpha': 2.2383294802273133, 'reg_lambda': 5.109695473545607, 'gamma': 1.0}. Best is trial 163 with value: 0.7899015848028625.
[I 2023-10-20 08:54:26,497] Trial 183 finished with value: 0.7898377447122068 and parameters: {'n_estimators': 11800, 'max_depth': 4, 'min_child_weight': 8, 'learning_rate': 0.0014925228900867112, 'subsample': 0.9728422853367383, 'colsample_bytree': 0.4335064544001381, 'reg_alpha': 2.7962958925842174, 'reg_lambda': 5.077286391968592, 'gamma': 1.0}. Best is trial 163 with value: 0.7899015848028625.
[I 2023-10-20 08:54:46,356] Trial 184 finished with value: 0.7897416461518709 and parameters: {'n_estimators': 11800, 'max_depth': 4, 'min_child_weight': 8, 'learning_rate': 0.0015181578058208287, 'subsample': 0.9757092552816563, 'colsample_bytree': 0.4744383824281736, 'reg_alpha': 2.834534568096498, 'reg_lambda': 5.199088296393845, 'gamma': 1.0}. Best is trial 163 with value: 0.7899015848028625.
[I 2023-10-20 08:55:07,722] Trial 185 finished with value: 0.7897669756446113 and parameters: {'n_estimators': 11700, 'max_depth': 4, 'min_child_weight': 8, 'learning_rate': 0.0012326355918851311, 'subsample': 0.9678000955492703, 'colsample_bytree': 0.4623234564064619, 'reg_alpha': 2.6580526622477514, 'reg_lambda': 4.8275275703887885, 'gamma': 1.0}. Best is trial 163 with value: 0.7899015848028625.
[I 2023-10-20 08:55:27,821] Trial 186 finished with value: 0.7896445916299633 and parameters: {'n_estimators': 11600, 'max_depth': 4, 'min_child_weight': 8, 'learning_rate': 0.0014056867013027882, 'subsample': 0.9759612942187533, 'colsample_bytree': 0.5107178822678574, 'reg_alpha': 2.917707152306144, 'reg_lambda': 3.6177334152697673, 'gamma': 1.0}. Best is trial 163 with value: 0.7899015848028625.
[I 2023-10-20 08:55:48,746] Trial 187 finished with value: 0.7898045651700636 and parameters: {'n_estimators': 11900, 'max_depth': 4, 'min_child_weight': 8, 'learning_rate': 0.0016229189797089926, 'subsample': 0.9497770198917046, 'colsample_bytree': 0.4349444252930634, 'reg_alpha': 2.5363052194392846, 'reg_lambda': 5.0335044077416216, 'gamma': 1.0}. Best is trial 163 with value: 0.7899015848028625.
[I 2023-10-20 08:56:06,535] Trial 188 finished with value: 0.7897789774979205 and parameters: {'n_estimators': 11800, 'max_depth': 4, 'min_child_weight': 8, 'learning_rate': 0.002588551535496426, 'subsample': 0.9714238825696526, 'colsample_bytree': 0.422075320790323, 'reg_alpha': 2.2204606337680355, 'reg_lambda': 5.21810378509237, 'gamma': 1.0}. Best is trial 163 with value: 0.7899015848028625.
[I 2023-10-20 08:56:28,042] Trial 189 finished with value: 0.7897535084487466 and parameters: {'n_estimators': 11800, 'max_depth': 4, 'min_child_weight': 8, 'learning_rate': 0.00111687489696831, 'subsample': 0.9781061600141157, 'colsample_bytree': 0.48998988772650154, 'reg_alpha': 3.0014563721084597, 'reg_lambda': 4.790673889646813, 'gamma': 1.0}. Best is trial 163 with value: 0.7899015848028625.
[I 2023-10-20 08:56:48,995] Trial 190 finished with value: 0.7898489929607735 and parameters: {'n_estimators': 11500, 'max_depth': 4, 'min_child_weight': 8, 'learning_rate': 0.0012751956670661276, 'subsample': 0.9674279443662315, 'colsample_bytree': 0.37716999638180515, 'reg_alpha': 2.7494021500185815, 'reg_lambda': 4.573937398302112, 'gamma': 1.0}. Best is trial 163 with value: 0.7899015848028625.
[I 2023-10-20 08:57:09,421] Trial 191 finished with value: 0.7898567941654246 and parameters: {'n_estimators': 11500, 'max_depth': 4, 'min_child_weight': 8, 'learning_rate': 0.001469955339516879, 'subsample': 0.9653959309195816, 'colsample_bytree': 0.4267377390814734, 'reg_alpha': 2.6977943948321568, 'reg_lambda': 4.649278041754757, 'gamma': 1.0}. Best is trial 163 with value: 0.7899015848028625.
[I 2023-10-20 08:57:28,331] Trial 192 finished with value: 0.789740466900005 and parameters: {'n_estimators': 11500, 'max_depth': 4, 'min_child_weight': 8, 'learning_rate': 0.0019101780039876104, 'subsample': 0.9642676238762058, 'colsample_bytree': 0.4565885445610774, 'reg_alpha': 2.7741426096647834, 'reg_lambda': 4.522036556208042, 'gamma': 1.0}. Best is trial 163 with value: 0.7899015848028625.
[I 2023-10-20 08:57:48,675] Trial 193 finished with value: 0.7898566894980994 and parameters: {'n_estimators': 11600, 'max_depth': 4, 'min_child_weight': 8, 'learning_rate': 0.0014703638743720864, 'subsample': 0.9701740812445928, 'colsample_bytree': 0.42936387902350126, 'reg_alpha': 2.4296090057129414, 'reg_lambda': 4.682711213036508, 'gamma': 1.0}. Best is trial 163 with value: 0.7899015848028625.
[I 2023-10-20 08:58:08,860] Trial 194 finished with value: 0.7898364328817286 and parameters: {'n_estimators': 11600, 'max_depth': 4, 'min_child_weight': 8, 'learning_rate': 0.0014982461211419935, 'subsample': 0.9723404753850886, 'colsample_bytree': 0.42355059615969864, 'reg_alpha': 2.5837978957547643, 'reg_lambda': 4.35761429683259, 'gamma': 1.0}. Best is trial 163 with value: 0.7899015848028625.
[I 2023-10-20 08:58:29,590] Trial 195 finished with value: 0.7898766111790285 and parameters: {'n_estimators': 11500, 'max_depth': 4, 'min_child_weight': 8, 'learning_rate': 0.0015199366204746369, 'subsample': 0.961413672005992, 'colsample_bytree': 0.37789196499014954, 'reg_alpha': 2.5854108596711516, 'reg_lambda': 4.343005794790609, 'gamma': 1.0}. Best is trial 163 with value: 0.7899015848028625.
[I 2023-10-20 08:58:50,478] Trial 196 finished with value: 0.789879499997209 and parameters: {'n_estimators': 11400, 'max_depth': 4, 'min_child_weight': 8, 'learning_rate': 0.0015273598973838632, 'subsample': 0.9541793028510319, 'colsample_bytree': 0.3790689988759206, 'reg_alpha': 2.682193112560126, 'reg_lambda': 4.327551261102595, 'gamma': 1.0}. Best is trial 163 with value: 0.7899015848028625.
[I 2023-10-20 08:59:11,706] Trial 197 finished with value: 0.7898494953639352 and parameters: {'n_estimators': 11400, 'max_depth': 4, 'min_child_weight': 8, 'learning_rate': 0.0012648031866092416, 'subsample': 0.9603679383040862, 'colsample_bytree': 0.37831884456142073, 'reg_alpha': 2.2958595062430356, 'reg_lambda': 4.31085630654441, 'gamma': 0.8999999999999999}. Best is trial 163 with value: 0.7899015848028625.
[I 2023-10-20 08:59:33,033] Trial 198 finished with value: 0.7898331533055337 and parameters: {'n_estimators': 11400, 'max_depth': 4, 'min_child_weight': 8, 'learning_rate': 0.0012614578961214545, 'subsample': 0.9531531149952776, 'colsample_bytree': 0.3724446761588077, 'reg_alpha': 2.2383312866137817, 'reg_lambda': 3.9657707395673167, 'gamma': 0.8999999999999999}. Best is trial 163 with value: 0.7899015848028625.
[I 2023-10-20 08:59:54,280] Trial 199 finished with value: 0.7897045590295804 and parameters: {'n_estimators': 11300, 'max_depth': 4, 'min_child_weight': 8, 'learning_rate': 0.0009396248442197006, 'subsample': 0.9592504459809595, 'colsample_bytree': 0.37642251147954725, 'reg_alpha': 2.310759138083183, 'reg_lambda': 4.601376717279042, 'gamma': 1.0}. Best is trial 163 with value: 0.7899015848028625.
[I 2023-10-20 09:00:15,853] Trial 200 finished with value: 0.7898080819921961 and parameters: {'n_estimators': 11400, 'max_depth': 4, 'min_child_weight': 8, 'learning_rate': 0.001131651343304467, 'subsample': 0.9522392511121088, 'colsample_bytree': 0.3872835429384825, 'reg_alpha': 1.8814009816697908, 'reg_lambda': 4.334455963335749, 'gamma': 0.8999999999999999}. Best is trial 163 with value: 0.7899015848028625.
[I 2023-10-20 09:00:36,674] Trial 201 finished with value: 0.7898152272816081 and parameters: {'n_estimators': 11500, 'max_depth': 4, 'min_child_weight': 8, 'learning_rate': 0.0014581674109979085, 'subsample': 0.9442104520337019, 'colsample_bytree': 0.35525362198066657, 'reg_alpha': 2.7802702487129083, 'reg_lambda': 4.586350073509195, 'gamma': 1.0}. Best is trial 163 with value: 0.7899015848028625.
[I 2023-10-20 09:00:56,886] Trial 202 finished with value: 0.7898551055325752 and parameters: {'n_estimators': 11600, 'max_depth': 4, 'min_child_weight': 8, 'learning_rate': 0.0016711771234571248, 'subsample': 0.960597940925649, 'colsample_bytree': 0.3772588902048804, 'reg_alpha': 2.0858532884686993, 'reg_lambda': 3.8768901840386274, 'gamma': 1.0}. Best is trial 163 with value: 0.7899015848028625.
[I 2023-10-20 09:01:16,208] Trial 203 finished with value: 0.7897921446474525 and parameters: {'n_estimators': 11500, 'max_depth': 4, 'min_child_weight': 8, 'learning_rate': 0.0020660971742301115, 'subsample': 0.9617439619090355, 'colsample_bytree': 0.38242590771945284, 'reg_alpha': 1.6479141508025845, 'reg_lambda': 4.299015983356544, 'gamma': 1.0}. Best is trial 163 with value: 0.7899015848028625.
[I 2023-10-20 09:01:36,029] Trial 204 finished with value: 0.7898648884385867 and parameters: {'n_estimators': 11600, 'max_depth': 4, 'min_child_weight': 8, 'learning_rate': 0.0016472677443716023, 'subsample': 0.9685796438734519, 'colsample_bytree': 0.37874918449213957, 'reg_alpha': 2.03828164778259, 'reg_lambda': 3.9168338464988124, 'gamma': 1.0}. Best is trial 163 with value: 0.7899015848028625.
[I 2023-10-20 09:01:55,851] Trial 205 finished with value: 0.789844164308163 and parameters: {'n_estimators': 11400, 'max_depth': 4, 'min_child_weight': 8, 'learning_rate': 0.0016977323170321611, 'subsample': 0.9683905514498121, 'colsample_bytree': 0.3716022993505803, 'reg_alpha': 1.9574114113982257, 'reg_lambda': 3.9531120656059495, 'gamma': 1.0}. Best is trial 163 with value: 0.7899015848028625.
[I 2023-10-20 09:02:16,688] Trial 206 finished with value: 0.7898828423737991 and parameters: {'n_estimators': 11300, 'max_depth': 4, 'min_child_weight': 8, 'learning_rate': 0.0013260954742346724, 'subsample': 0.9628066534335274, 'colsample_bytree': 0.36761455080218874, 'reg_alpha': 2.073424695347245, 'reg_lambda': 3.9179208147418634, 'gamma': 1.0}. Best is trial 163 with value: 0.7899015848028625.
[I 2023-10-20 09:02:37,125] Trial 207 finished with value: 0.789823963514366 and parameters: {'n_estimators': 11200, 'max_depth': 4, 'min_child_weight': 8, 'learning_rate': 0.001630234835670985, 'subsample': 0.9345343383154991, 'colsample_bytree': 0.36572404388602825, 'reg_alpha': 1.688395420048674, 'reg_lambda': 3.8903934985142112, 'gamma': 1.0}. Best is trial 163 with value: 0.7899015848028625.
[I 2023-10-20 09:03:13,071] Trial 208 finished with value: 0.787477831460486 and parameters: {'n_estimators': 11400, 'max_depth': 10, 'min_child_weight': 8, 'learning_rate': 0.0019703461735555, 'subsample': 0.953915432901927, 'colsample_bytree': 0.3536003712592845, 'reg_alpha': 2.053791447800226, 'reg_lambda': 3.7769177149581803, 'gamma': 1.0}. Best is trial 163 with value: 0.7899015848028625.
[I 2023-10-20 09:03:34,498] Trial 209 finished with value: 0.789762816862883 and parameters: {'n_estimators': 11300, 'max_depth': 4, 'min_child_weight': 8, 'learning_rate': 0.0010241813871998944, 'subsample': 0.9622694700350853, 'colsample_bytree': 0.37702305647825696, 'reg_alpha': 2.0639241112283804, 'reg_lambda': 4.047883296318246, 'gamma': 1.0}. Best is trial 163 with value: 0.7899015848028625.
[I 2023-10-20 09:03:55,674] Trial 210 finished with value: 0.7898608203685407 and parameters: {'n_estimators': 11500, 'max_depth': 4, 'min_child_weight': 8, 'learning_rate': 0.0012444799297959218, 'subsample': 0.9683741283386352, 'colsample_bytree': 0.3465823454252843, 'reg_alpha': 1.836864859034967, 'reg_lambda': 3.513368075619618, 'gamma': 1.0}. Best is trial 163 with value: 0.7899015848028625.
[I 2023-10-20 09:04:15,888] Trial 211 finished with value: 0.7898825981500399 and parameters: {'n_estimators': 11500, 'max_depth': 4, 'min_child_weight': 8, 'learning_rate': 0.001714502713937326, 'subsample': 0.968129059039736, 'colsample_bytree': 0.34256115784824503, 'reg_alpha': 1.7845792538507512, 'reg_lambda': 3.779737747826336, 'gamma': 1.0}. Best is trial 163 with value: 0.7899015848028625.
[I 2023-10-20 09:04:37,215] Trial 212 finished with value: 0.78986762374469 and parameters: {'n_estimators': 11500, 'max_depth': 4, 'min_child_weight': 8, 'learning_rate': 0.0013243391436400327, 'subsample': 0.9628882016858782, 'colsample_bytree': 0.35024274826526813, 'reg_alpha': 1.709469682924019, 'reg_lambda': 3.5261998422973857, 'gamma': 1.0}. Best is trial 163 with value: 0.7899015848028625.
[I 2023-10-20 09:04:58,772] Trial 213 finished with value: 0.7898151923924996 and parameters: {'n_estimators': 11500, 'max_depth': 4, 'min_child_weight': 8, 'learning_rate': 0.001231822033686282, 'subsample': 0.9481768330761292, 'colsample_bytree': 0.34390759843547886, 'reg_alpha': 1.644792462794133, 'reg_lambda': 3.5713800477717665, 'gamma': 1.0}. Best is trial 163 with value: 0.7899015848028625.
[I 2023-10-20 09:05:20,351] Trial 214 finished with value: 0.7898810420958027 and parameters: {'n_estimators': 11600, 'max_depth': 4, 'min_child_weight': 8, 'learning_rate': 0.0013199537012890726, 'subsample': 0.9619629943413597, 'colsample_bytree': 0.34154523815826077, 'reg_alpha': 1.501720283588234, 'reg_lambda': 3.4013873180823713, 'gamma': 1.0}. Best is trial 163 with value: 0.7899015848028625.
[I 2023-10-20 09:05:57,591] Trial 215 finished with value: 0.7885838092207728 and parameters: {'n_estimators': 11300, 'max_depth': 8, 'min_child_weight': 8, 'learning_rate': 0.0012541733153836625, 'subsample': 0.9601952964612035, 'colsample_bytree': 0.33303964915622125, 'reg_alpha': 1.5799676804666192, 'reg_lambda': 3.303231202975433, 'gamma': 1.0}. Best is trial 163 with value: 0.7899015848028625.
