[I 2023-10-20 10:03:00,465] Trial 378 finished with value: 0.788023204048253 and parameters: {'n_estimators': 9600, 'max_depth': 9, 'min_child_weight': 8, 'learning_rate': 0.001598094007373756, 'subsample': 0.9759498444767863, 'colsample_bytree': 0.257699466023929, 'reg_alpha': 0.6189439837652824, 'reg_lambda': 3.2077088295270006, 'gamma': 1.0}. Best is trial 163 with value: 0.7899015848028625.
[I 2023-10-20 10:03:18,001] Trial 379 finished with value: 0.789777205131211 and parameters: {'n_estimators': 9200, 'max_depth': 4, 'min_child_weight': 8, 'learning_rate': 0.0013019990118775398, 'subsample': 0.8008350633525873, 'colsample_bytree': 0.38020911228248405, 'reg_alpha': 2.6964584038147374, 'reg_lambda': 4.987645478319576, 'gamma': 1.0}. Best is trial 163 with value: 0.7899015848028625.
[I 2023-10-20 10:03:38,928] Trial 380 finished with value: 0.7897339565923668 and parameters: {'n_estimators': 11300, 'max_depth': 4, 'min_child_weight': 8, 'learning_rate': 0.0010978323568594552, 'subsample': 0.8940933726294926, 'colsample_bytree': 0.3506055393468054, 'reg_alpha': 1.219609449940405, 'reg_lambda': 3.9334855507559046, 'gamma': 1.0}. Best is trial 163 with value: 0.7899015848028625.
[I 2023-10-20 10:03:59,450] Trial 381 finished with value: 0.7895674308776982 and parameters: {'n_estimators': 11200, 'max_depth': 4, 'min_child_weight': 8, 'learning_rate': 0.0019823982560271732, 'subsample': 0.8408657120349636, 'colsample_bytree': 0.29985466781674475, 'reg_alpha': 4.822364980909638, 'reg_lambda': 3.5215857423705614, 'gamma': 1.0}. Best is trial 163 with value: 0.7899015848028625.
[I 2023-10-20 10:04:20,410] Trial 382 finished with value: 0.7898744968990561 and parameters: {'n_estimators': 11600, 'max_depth': 4, 'min_child_weight': 8, 'learning_rate': 0.0014797630386765616, 'subsample': 0.9679498695089389, 'colsample_bytree': 0.3343223047308853, 'reg_alpha': 1.7886147730795354, 'reg_lambda': 4.291806560664183, 'gamma': 1.0}. Best is trial 163 with value: 0.7899015848028625.
[I 2023-10-20 10:04:42,089] Trial 383 finished with value: 0.7897290930506479 and parameters: {'n_estimators': 11600, 'max_depth': 4, 'min_child_weight': 8, 'learning_rate': 0.0014675297537561328, 'subsample': 0.734854724574496, 'colsample_bytree': 0.31982304563810193, 'reg_alpha': 1.8258606491190388, 'reg_lambda': 4.359421701685432, 'gamma': 0.8999999999999999}. Best is trial 163 with value: 0.7899015848028625.
[I 2023-10-20 10:05:03,158] Trial 384 finished with value: 0.7898388960527858 and parameters: {'n_estimators': 11500, 'max_depth': 4, 'min_child_weight': 8, 'learning_rate': 0.0013033265016620624, 'subsample': 0.9668398653839028, 'colsample_bytree': 0.336210261283748, 'reg_alpha': 1.6519260036845496, 'reg_lambda': 7.76404697014066, 'gamma': 1.0}. Best is trial 163 with value: 0.7899015848028625.
[I 2023-10-20 10:05:43,621] Trial 385 finished with value: 0.7887879105052502 and parameters: {'n_estimators': 11500, 'max_depth': 8, 'min_child_weight': 8, 'learning_rate': 0.0009350119326911749, 'subsample': 0.871482752713684, 'colsample_bytree': 0.5618399532815431, 'reg_alpha': 7.678978938030715, 'reg_lambda': 4.178682886434719, 'gamma': 1.0}. Best is trial 163 with value: 0.7899015848028625.
[I 2023-10-20 10:06:04,870] Trial 386 finished with value: 0.7896577518016736 and parameters: {'n_estimators': 11400, 'max_depth': 4, 'min_child_weight': 8, 'learning_rate': 0.001142862714786407, 'subsample': 0.877713596115399, 'colsample_bytree': 0.27433107091381587, 'reg_alpha': 1.4042594710812426, 'reg_lambda': 4.581155330427335, 'gamma': 1.0}. Best is trial 163 with value: 0.7899015848028625.
[I 2023-10-20 10:06:27,617] Trial 387 finished with value: 0.7897667244430302 and parameters: {'n_estimators': 11600, 'max_depth': 5, 'min_child_weight': 8, 'learning_rate': 0.001635539398683928, 'subsample': 0.9573822415011862, 'colsample_bytree': 0.36333630712594756, 'reg_alpha': 1.9365437139657375, 'reg_lambda': 4.4558487032348895, 'gamma': 1.0}. Best is trial 163 with value: 0.7899015848028625.
[I 2023-10-20 10:06:47,839] Trial 388 finished with value: 0.7896750777329337 and parameters: {'n_estimators': 11400, 'max_depth': 4, 'min_child_weight': 8, 'learning_rate': 0.0014287058093113347, 'subsample': 0.9473880578001774, 'colsample_bytree': 0.34100427950553447, 'reg_alpha': 6.29126975365011, 'reg_lambda': 3.9745205699432806, 'gamma': 1.0}. Best is trial 163 with value: 0.7899015848028625.
[I 2023-10-20 10:07:06,083] Trial 389 finished with value: 0.7897567601136547 and parameters: {'n_estimators': 11500, 'max_depth': 4, 'min_child_weight': 8, 'learning_rate': 0.0025922715196754105, 'subsample': 0.9605997609942588, 'colsample_bytree': 0.3090048832394203, 'reg_alpha': 1.7047698502236328, 'reg_lambda': 3.767653115820469, 'gamma': 1.0}. Best is trial 163 with value: 0.7899015848028625.
[I 2023-10-20 10:07:18,900] Trial 390 finished with value: 0.7892617813541439 and parameters: {'n_estimators': 11300, 'max_depth': 4, 'min_child_weight': 8, 'learning_rate': 0.02825712820780177, 'subsample': 0.9677040205975269, 'colsample_bytree': 0.3836347413442718, 'reg_alpha': 2.0777144412448125, 'reg_lambda': 4.230598867135445, 'gamma': 1.0}. Best is trial 163 with value: 0.7899015848028625.
[I 2023-10-20 10:07:40,735] Trial 391 finished with value: 0.7892261037518352 and parameters: {'n_estimators': 11600, 'max_depth': 4, 'min_child_weight': 8, 'learning_rate': 0.0006512665993802842, 'subsample': 0.9528339651766153, 'colsample_bytree': 0.33357641137407945, 'reg_alpha': 0.9623338035888476, 'reg_lambda': 3.4662669183122174, 'gamma': 1.0}. Best is trial 163 with value: 0.7899015848028625.
[I 2023-10-20 10:08:00,328] Trial 392 finished with value: 0.789774490758573 and parameters: {'n_estimators': 11300, 'max_depth': 4, 'min_child_weight': 8, 'learning_rate': 0.001685048173636466, 'subsample': 0.9834800354449299, 'colsample_bytree': 0.3560009855685426, 'reg_alpha': 0.37517284102934, 'reg_lambda': 2.5176871921094497, 'gamma': 1.0}. Best is trial 163 with value: 0.7899015848028625.
[I 2023-10-20 10:08:20,941] Trial 393 finished with value: 0.7897983409531146 and parameters: {'n_estimators': 11100, 'max_depth': 4, 'min_child_weight': 8, 'learning_rate': 0.0012276281272558536, 'subsample': 0.9636104782176907, 'colsample_bytree': 0.37250521086284333, 'reg_alpha': 1.3200270456725343, 'reg_lambda': 3.3336392558281114, 'gamma': 1.0}. Best is trial 163 with value: 0.7899015848028625.
[I 2023-10-20 10:08:43,048] Trial 394 finished with value: 0.7892676148130781 and parameters: {'n_estimators': 11700, 'max_depth': 4, 'min_child_weight': 8, 'learning_rate': 0.0007502086549921759, 'subsample': 0.8803712418927753, 'colsample_bytree': 0.3130452451318036, 'reg_alpha': 1.5872076748839898, 'reg_lambda': 2.7858440771358053, 'gamma': 1.0}. Best is trial 163 with value: 0.7899015848028625.
[I 2023-10-20 10:09:04,109] Trial 395 finished with value: 0.7897785797620841 and parameters: {'n_estimators': 11400, 'max_depth': 4, 'min_child_weight': 8, 'learning_rate': 0.0014326795201379345, 'subsample': 0.834213309009519, 'colsample_bytree': 0.39339585846247777, 'reg_alpha': 2.235772449115314, 'reg_lambda': 3.8539727782012845, 'gamma': 1.0}. Best is trial 163 with value: 0.7899015848028625.
[I 2023-10-20 10:09:25,245] Trial 396 finished with value: 0.788630811827687 and parameters: {'n_estimators': 11600, 'max_depth': 4, 'min_child_weight': 8, 'learning_rate': 0.0010859014916314847, 'subsample': 0.9566730558213614, 'colsample_bytree': 0.16260442943477416, 'reg_alpha': 1.7864548992026168, 'reg_lambda': 3.6140219683466084, 'gamma': 1.0}. Best is trial 163 with value: 0.7899015848028625.
[I 2023-10-20 10:09:40,877] Trial 397 finished with value: 0.7898075098108173 and parameters: {'n_estimators': 8300, 'max_depth': 4, 'min_child_weight': 8, 'learning_rate': 0.001860400138982899, 'subsample': 0.9450366684442721, 'colsample_bytree': 0.2955787459135911, 'reg_alpha': 1.1168627117726802, 'reg_lambda': 4.120882547146559, 'gamma': 1.0}. Best is trial 163 with value: 0.7899015848028625.
[I 2023-10-20 10:10:01,725] Trial 398 finished with value: 0.789815952975064 and parameters: {'n_estimators': 11400, 'max_depth': 4, 'min_child_weight': 8, 'learning_rate': 0.0013818121140840398, 'subsample': 0.923153973711312, 'colsample_bytree': 0.3441209100415672, 'reg_alpha': 0.8492988973790943, 'reg_lambda': 3.1317388363282164, 'gamma': 1.0}. Best is trial 163 with value: 0.7899015848028625.
[I 2023-10-20 10:10:16,539] Trial 399 finished with value: 0.7893292429342578 and parameters: {'n_estimators': 7800, 'max_depth': 4, 'min_child_weight': 8, 'learning_rate': 0.0016014039478196367, 'subsample': 0.9689652467452806, 'colsample_bytree': 0.6581823312365687, 'reg_alpha': 1.43265385732858, 'reg_lambda': 4.772920531609299, 'gamma': 1.0}. Best is trial 163 with value: 0.7899015848028625.
[I 2023-10-20 10:10:29,053] Trial 400 finished with value: 0.7886919584791698 and parameters: {'n_estimators': 11200, 'max_depth': 6, 'min_child_weight': 8, 'learning_rate': 0.07401951758703702, 'subsample': 0.9775514379276332, 'colsample_bytree': 0.23560466504611377, 'reg_alpha': 1.9812809800582196, 'reg_lambda': 4.4234525051429685, 'gamma': 1.0}. Best is trial 163 with value: 0.7899015848028625.
[I 2023-10-20 10:10:50,562] Trial 401 finished with value: 0.789833872021168 and parameters: {'n_estimators': 11500, 'max_depth': 4, 'min_child_weight': 8, 'learning_rate': 0.0012453783330718447, 'subsample': 0.9609402304353329, 'colsample_bytree': 0.36116464390187497, 'reg_alpha': 2.298095812139499, 'reg_lambda': 3.7514643501336575, 'gamma': 1.0}. Best is trial 163 with value: 0.7899015848028625.
[I 2023-10-20 10:11:12,417] Trial 402 finished with value: 0.7895416827156566 and parameters: {'n_estimators': 11500, 'max_depth': 4, 'min_child_weight': 8, 'learning_rate': 0.0009852805754388886, 'subsample': 0.8091033645885103, 'colsample_bytree': 0.5364517993372276, 'reg_alpha': 7.41625792313804, 'reg_lambda': 4.019427871513175, 'gamma': 1.0}. Best is trial 163 with value: 0.7899015848028625.
[I 2023-10-20 10:11:33,545] Trial 403 finished with value: 0.7897099040409962 and parameters: {'n_estimators': 11800, 'max_depth': 4, 'min_child_weight': 8, 'learning_rate': 0.0021088593397065136, 'subsample': 0.9302942774141345, 'colsample_bytree': 0.32519879356358566, 'reg_alpha': 0.33591960433826173, 'reg_lambda': 3.2986591080959133, 'gamma': 1.0}. Best is trial 163 with value: 0.7899015848028625.
[I 2023-10-20 10:11:54,069] Trial 404 finished with value: 0.7898176136966266 and parameters: {'n_estimators': 11300, 'max_depth': 4, 'min_child_weight': 8, 'learning_rate': 0.0015665239148168694, 'subsample': 0.9519530311155058, 'colsample_bytree': 0.4086196743529691, 'reg_alpha': 1.8366334504408737, 'reg_lambda': 2.9776944173852526, 'gamma': 1.0}. Best is trial 163 with value: 0.7899015848028625.
[I 2023-10-20 10:12:08,632] Trial 405 finished with value: 0.7894088249906497 and parameters: {'n_estimators': 11600, 'max_depth': 4, 'min_child_weight': 8, 'learning_rate': 0.00918788814855636, 'subsample': 0.938837116713814, 'colsample_bytree': 0.37082780635896617, 'reg_alpha': 6.091888837360149, 'reg_lambda': 4.3010099193408555, 'gamma': 1.0}. Best is trial 163 with value: 0.7899015848028625.
[I 2023-10-20 10:12:21,785] Trial 406 finished with value: 0.7886466165938182 and parameters: {'n_estimators': 11700, 'max_depth': 5, 'min_child_weight': 8, 'learning_rate': 0.05357454018672308, 'subsample': 0.970432693804689, 'colsample_bytree': 0.3441460737050089, 'reg_alpha': 1.559671951535981, 'reg_lambda': 3.5076211310793686, 'gamma': 1.0}. Best is trial 163 with value: 0.7899015848028625.
[I 2023-10-20 10:12:39,495] Trial 407 finished with value: 0.7893879752594355 and parameters: {'n_estimators': 11400, 'max_depth': 4, 'min_child_weight': 8, 'learning_rate': 0.0018290739611293457, 'subsample': 0.9648193710430938, 'colsample_bytree': 0.5716569817951016, 'reg_alpha': 9.671578312665275, 'reg_lambda': 3.844837749143721, 'gamma': 1.0}. Best is trial 163 with value: 0.7899015848028625.
[I 2023-10-20 10:12:59,579] Trial 408 finished with value: 0.7896376556752019 and parameters: {'n_estimators': 11500, 'max_depth': 4, 'min_child_weight': 8, 'learning_rate': 0.0013398063340797704, 'subsample': 0.9567133766505792, 'colsample_bytree': 0.3823980412730334, 'reg_alpha': 8.381561146413679, 'reg_lambda': 3.6541724784992895, 'gamma': 1.0}. Best is trial 163 with value: 0.7899015848028625.
[I 2023-10-20 10:13:21,607] Trial 409 finished with value: 0.7887355977760286 and parameters: {'n_estimators': 11600, 'max_depth': 4, 'min_child_weight': 8, 'learning_rate': 0.0004840322844876132, 'subsample': 0.9750927854361486, 'colsample_bytree': 0.35512129912627655, 'reg_alpha': 0.7287458272254193, 'reg_lambda': 3.375369917661376, 'gamma': 1.0}. Best is trial 163 with value: 0.7899015848028625.
[I 2023-10-20 10:13:43,017] Trial 410 finished with value: 0.7894641660944852 and parameters: {'n_estimators': 11200, 'max_depth': 4, 'min_child_weight': 8, 'learning_rate': 0.0008410030144617689, 'subsample': 0.9849925648475337, 'colsample_bytree': 0.3279261619003616, 'reg_alpha': 1.2616029980788848, 'reg_lambda': 4.614351338912026, 'gamma': 1.0}. Best is trial 163 with value: 0.7899015848028625.
[I 2023-10-20 10:14:01,987] Trial 411 finished with value: 0.7897393504485344 and parameters: {'n_estimators': 11400, 'max_depth': 4, 'min_child_weight': 8, 'learning_rate': 0.0024369634747978294, 'subsample': 0.9482578618799559, 'colsample_bytree': 0.39642425960682176, 'reg_alpha': 2.0904371745127053, 'reg_lambda': 4.078437482590684, 'gamma': 1.0}. Best is trial 163 with value: 0.7899015848028625.
[I 2023-10-20 10:14:23,618] Trial 412 finished with value: 0.789192854431475 and parameters: {'n_estimators': 11700, 'max_depth': 4, 'min_child_weight': 8, 'learning_rate': 0.0011300040200673273, 'subsample': 0.9237007594120943, 'colsample_bytree': 0.2269802157418623, 'reg_alpha': 2.4239667844042723, 'reg_lambda': 3.1211321684882627, 'gamma': 1.0}. Best is trial 163 with value: 0.7899015848028625.
[I 2023-10-20 10:14:46,195] Trial 413 finished with value: 0.7844150492075985 and parameters: {'n_estimators': 11900, 'max_depth': 4, 'min_child_weight': 8, 'learning_rate': 0.0001521433714130966, 'subsample': 0.9600945306282056, 'colsample_bytree': 0.28983592295671234, 'reg_alpha': 4.3527545267833485, 'reg_lambda': 3.935434997351721, 'gamma': 1.0}. Best is trial 163 with value: 0.7899015848028625.
[I 2023-10-20 10:15:06,650] Trial 414 finished with value: 0.7898805536482844 and parameters: {'n_estimators': 11300, 'max_depth': 4, 'min_child_weight': 8, 'learning_rate': 0.0014636049176267115, 'subsample': 0.9671318607429361, 'colsample_bytree': 0.3716257660703626, 'reg_alpha': 1.6912862889381524, 'reg_lambda': 3.7211500689657795, 'gamma': 1.0}. Best is trial 163 with value: 0.7899015848028625.
[I 2023-10-20 10:15:26,908] Trial 415 finished with value: 0.7881993172899258 and parameters: {'n_estimators': 11200, 'max_depth': 4, 'min_child_weight': 8, 'learning_rate': 0.0016679533724061196, 'subsample': 0.7831957074501915, 'colsample_bytree': 0.10541952770079671, 'reg_alpha': 1.7366544035177625, 'reg_lambda': 4.29998261001437, 'gamma': 1.0}. Best is trial 163 with value: 0.7899015848028625.
[I 2023-10-20 10:15:44,649] Trial 416 finished with value: 0.7893694630984878 and parameters: {'n_estimators': 11300, 'max_depth': 4, 'min_child_weight': 8, 'learning_rate': 0.0020791621048144413, 'subsample': 0.9705818341359449, 'colsample_bytree': 0.6227600367903203, 'reg_alpha': 4.665775321454904, 'reg_lambda': 3.7349776857953985, 'gamma': 1.0}. Best is trial 163 with value: 0.7899015848028625.
[I 2023-10-20 10:16:03,502] Trial 417 finished with value: 0.7898736107157014 and parameters: {'n_estimators': 10100, 'max_depth': 4, 'min_child_weight': 8, 'learning_rate': 0.001438138076866832, 'subsample': 0.8952037536067236, 'colsample_bytree': 0.37734796456180797, 'reg_alpha': 1.876135716058245, 'reg_lambda': 4.0497023630302875, 'gamma': 1.0}. Best is trial 163 with value: 0.7899015848028625.
[I 2023-10-20 10:16:23,815] Trial 418 finished with value: 0.7897911119298422 and parameters: {'n_estimators': 11000, 'max_depth': 4, 'min_child_weight': 8, 'learning_rate': 0.0015295553937532418, 'subsample': 0.9283668594472498, 'colsample_bytree': 0.41321754342518935, 'reg_alpha': 1.9755312427779979, 'reg_lambda': 4.520864491915701, 'gamma': 1.0}. Best is trial 163 with value: 0.7899015848028625.
[I 2023-10-20 10:16:42,698] Trial 419 finished with value: 0.7898321136101016 and parameters: {'n_estimators': 11100, 'max_depth': 4, 'min_child_weight': 8, 'learning_rate': 0.0017763519924389284, 'subsample': 0.979988885978412, 'colsample_bytree': 0.380097158991916, 'reg_alpha': 1.56536449183443, 'reg_lambda': 4.098001200400968, 'gamma': 1.0}. Best is trial 163 with value: 0.7899015848028625.
[I 2023-10-20 10:16:57,477] Trial 420 finished with value: 0.7895716245485349 and parameters: {'n_estimators': 8900, 'max_depth': 4, 'min_child_weight': 8, 'learning_rate': 0.0032462424801761366, 'subsample': 0.9042328948566943, 'colsample_bytree': 0.39584895626690786, 'reg_alpha': 5.3927741896017505, 'reg_lambda': 4.762358653775107, 'gamma': 1.0}. Best is trial 163 with value: 0.7899015848028625.
[I 2023-10-20 10:17:17,254] Trial 421 finished with value: 0.7896777223273547 and parameters: {'n_estimators': 11000, 'max_depth': 4, 'min_child_weight': 8, 'learning_rate': 0.0015106057824898214, 'subsample': 0.9394240537302558, 'colsample_bytree': 0.3723509244506292, 'reg_alpha': 6.639595789663508, 'reg_lambda': 8.909167456915402, 'gamma': 0.8999999999999999}. Best is trial 163 with value: 0.7899015848028625.
[I 2023-10-20 10:17:31,288] Trial 422 finished with value: 0.7880532784597436 and parameters: {'n_estimators': 11300, 'max_depth': 4, 'min_child_weight': 8, 'learning_rate': 0.021712529436602013, 'subsample': 0.9085507075685212, 'colsample_bytree': 0.4182533728822779, 'reg_alpha': 4.925548445598971, 'reg_lambda': 4.197449692257997, 'gamma': 1.0}. Best is trial 163 with value: 0.7899015848028625.
[I 2023-10-20 10:17:52,208] Trial 423 finished with value: 0.78982138172034 and parameters: {'n_estimators': 11300, 'max_depth': 4, 'min_child_weight': 8, 'learning_rate': 0.001222336662954257, 'subsample': 0.9748687782815585, 'colsample_bytree': 0.36646368531601475, 'reg_alpha': 2.1909104504487784, 'reg_lambda': 2.5825550630480065, 'gamma': 1.0}. Best is trial 163 with value: 0.7899015848028625.
[I 2023-10-20 10:18:11,138] Trial 424 finished with value: 0.7898282897638147 and parameters: {'n_estimators': 11500, 'max_depth': 4, 'min_child_weight': 8, 'learning_rate': 0.001926707169446851, 'subsample': 0.9673927920469069, 'colsample_bytree': 0.38869048634771297, 'reg_alpha': 2.598493620480836, 'reg_lambda': 7.988582378647983, 'gamma': 1.0}. Best is trial 163 with value: 0.7899015848028625.
[I 2023-10-20 10:18:32,495] Trial 425 finished with value: 0.7896460779059837 and parameters: {'n_estimators': 11400, 'max_depth': 4, 'min_child_weight': 8, 'learning_rate': 0.001021713999711041, 'subsample': 0.9651968891967673, 'colsample_bytree': 0.3571011827522643, 'reg_alpha': 1.8568315641424373, 'reg_lambda': 3.628423804997468, 'gamma': 1.0}. Best is trial 163 with value: 0.7899015848028625.
[I 2023-10-20 10:18:51,349] Trial 426 finished with value: 0.7896297637588688 and parameters: {'n_estimators': 11200, 'max_depth': 4, 'min_child_weight': 8, 'learning_rate': 0.0022809354389607046, 'subsample': 0.9167217558746903, 'colsample_bytree': 0.39561499172918124, 'reg_alpha': 5.147254710980656, 'reg_lambda': 4.924455154596983, 'gamma': 1.0}. Best is trial 163 with value: 0.7899015848028625.
[I 2023-10-20 10:19:07,763] Trial 427 finished with value: 0.7874115491322381 and parameters: {'n_estimators': 11800, 'max_depth': 4, 'min_child_weight': 8, 'learning_rate': 0.013403669282141484, 'subsample': 0.9004740489616773, 'colsample_bytree': 0.37371481754679553, 'reg_alpha': 1.4730289370786953, 'reg_lambda': 2.23450880912657, 'gamma': 1.0}. Best is trial 163 with value: 0.7899015848028625.
[I 2023-10-20 10:19:29,049] Trial 428 finished with value: 0.7889040284360188 and parameters: {'n_estimators': 11500, 'max_depth': 5, 'min_child_weight': 8, 'learning_rate': 0.003563593011743485, 'subsample': 0.8962285422076133, 'colsample_bytree': 0.3557731192469528, 'reg_alpha': 1.6444881909651765, 'reg_lambda': 3.938819352607397, 'gamma': 1.0}. Best is trial 163 with value: 0.7899015848028625.
[I 2023-10-20 10:19:51,465] Trial 429 finished with value: 0.789718842630583 and parameters: {'n_estimators': 11900, 'max_depth': 4, 'min_child_weight': 8, 'learning_rate': 0.001341374525653033, 'subsample': 0.8213574695164011, 'colsample_bytree': 0.5142455625615429, 'reg_alpha': 2.413074887675578, 'reg_lambda': 5.125172847285837, 'gamma': 1.0}. Best is trial 163 with value: 0.7899015848028625.
[I 2023-10-20 10:20:12,251] Trial 430 finished with value: 0.7897530409346931 and parameters: {'n_estimators': 11300, 'max_depth': 4, 'min_child_weight': 8, 'learning_rate': 0.0017811543302698098, 'subsample': 0.882392736158728, 'colsample_bytree': 0.40605594565520625, 'reg_alpha': 2.060424263342783, 'reg_lambda': 4.426659695064618, 'gamma': 1.0}. Best is trial 163 with value: 0.7899015848028625.
[I 2023-10-20 10:20:33,856] Trial 431 finished with value: 0.7893959090426987 and parameters: {'n_estimators': 11600, 'max_depth': 4, 'min_child_weight': 8, 'learning_rate': 0.0014923614725442847, 'subsample': 0.8592175190687038, 'colsample_bytree': 0.6139169128978414, 'reg_alpha': 5.780728463974681, 'reg_lambda': 2.8139108878993966, 'gamma': 1.0}. Best is trial 163 with value: 0.7899015848028625.
