[I 2023-10-19 23:22:38,685] Trial 81 finished with value: 0.7891150935865446 and parameters: {'n_estimators': 8800, 'max_depth': 6, 'min_child_weight': 8, 'learning_rate': 0.0005211755834862062, 'colsample_bytree': 0.6}. Best is trial 81 with value: 0.7891150935865446.
[I 2023-10-19 23:23:03,893] Trial 82 finished with value: 0.7890926598898063 and parameters: {'n_estimators': 8500, 'max_depth': 6, 'min_child_weight': 8, 'learning_rate': 0.0005083812706917914, 'colsample_bytree': 0.6}. Best is trial 81 with value: 0.7891150935865446.
[I 2023-10-19 23:23:27,836] Trial 83 finished with value: 0.7890474715165319 and parameters: {'n_estimators': 8500, 'max_depth': 6, 'min_child_weight': 8, 'learning_rate': 0.0007978618985335961, 'colsample_bytree': 0.6}. Best is trial 81 with value: 0.7891150935865446.
[I 2023-10-19 23:23:55,240] Trial 84 finished with value: 0.7891167403524637 and parameters: {'n_estimators': 9300, 'max_depth': 6, 'min_child_weight': 8, 'learning_rate': 0.00048147964024498316, 'colsample_bytree': 0.6}. Best is trial 84 with value: 0.7891167403524637.
[I 2023-10-19 23:24:23,535] Trial 85 finished with value: 0.7888358551180926 and parameters: {'n_estimators': 9300, 'max_depth': 6, 'min_child_weight': 8, 'learning_rate': 0.0003450409027543586, 'colsample_bytree': 0.6}. Best is trial 84 with value: 0.7891167403524637.
[I 2023-10-19 23:24:49,824] Trial 86 finished with value: 0.788841953734251 and parameters: {'n_estimators': 9700, 'max_depth': 6, 'min_child_weight': 8, 'learning_rate': 0.0009645418742257275, 'colsample_bytree': 0.6}. Best is trial 84 with value: 0.7891167403524637.
[I 2023-10-19 23:25:24,561] Trial 87 finished with value: 0.7888529577590585 and parameters: {'n_estimators': 9000, 'max_depth': 7, 'min_child_weight': 8, 'learning_rate': 0.0004998319632349672, 'colsample_bytree': 0.6}. Best is trial 84 with value: 0.7891167403524637.
[I 2023-10-19 23:25:42,509] Trial 88 finished with value: 0.7885393395631326 and parameters: {'n_estimators': 7600, 'max_depth': 5, 'min_child_weight': 7, 'learning_rate': 0.0003964486572667998, 'colsample_bytree': 0.6}. Best is trial 84 with value: 0.7891167403524637.
[I 2023-10-19 23:26:09,150] Trial 89 finished with value: 0.788602307426077 and parameters: {'n_estimators': 8400, 'max_depth': 6, 'min_child_weight': 8, 'learning_rate': 0.0002490787393205185, 'colsample_bytree': 0.6}. Best is trial 84 with value: 0.7891167403524637.
[I 2023-10-19 23:26:27,522] Trial 90 finished with value: 0.7889573669050292 and parameters: {'n_estimators': 8100, 'max_depth': 5, 'min_child_weight': 8, 'learning_rate': 0.0007243822729359552, 'colsample_bytree': 0.6}. Best is trial 84 with value: 0.7891167403524637.
[I 2023-10-19 23:26:54,205] Trial 91 finished with value: 0.789079276427802 and parameters: {'n_estimators': 8900, 'max_depth': 6, 'min_child_weight': 8, 'learning_rate': 0.000466540769217758, 'colsample_bytree': 0.6}. Best is trial 84 with value: 0.7891167403524637.
[I 2023-10-19 23:27:23,033] Trial 92 finished with value: 0.7887998984029162 and parameters: {'n_estimators': 9400, 'max_depth': 6, 'min_child_weight': 8, 'learning_rate': 0.0003255253348095745, 'colsample_bytree': 0.6}. Best is trial 84 with value: 0.7891167403524637.
[I 2023-10-19 23:27:48,351] Trial 93 finished with value: 0.7891070481581342 and parameters: {'n_estimators': 8600, 'max_depth': 6, 'min_child_weight': 8, 'learning_rate': 0.0005257688593319034, 'colsample_bytree': 0.6}. Best is trial 84 with value: 0.7891167403524637.
[I 2023-10-19 23:28:13,241] Trial 94 finished with value: 0.7891085344341545 and parameters: {'n_estimators': 8500, 'max_depth': 6, 'min_child_weight': 8, 'learning_rate': 0.0005658258222301966, 'colsample_bytree': 0.6}. Best is trial 84 with value: 0.7891167403524637.
[I 2023-10-19 23:28:32,606] Trial 95 finished with value: 0.7890173063933593 and parameters: {'n_estimators': 8600, 'max_depth': 5, 'min_child_weight': 8, 'learning_rate': 0.0008787764603497753, 'colsample_bytree': 0.6}. Best is trial 84 with value: 0.7891167403524637.
[I 2023-10-19 23:28:55,704] Trial 96 finished with value: 0.7890370954956766 and parameters: {'n_estimators': 7900, 'max_depth': 6, 'min_child_weight': 8, 'learning_rate': 0.0006485915145507072, 'colsample_bytree': 0.6}. Best is trial 84 with value: 0.7891167403524637.
[I 2023-10-19 23:29:29,393] Trial 97 finished with value: 0.7887835144775844 and parameters: {'n_estimators': 8300, 'max_depth': 7, 'min_child_weight': 8, 'learning_rate': 0.00037389756428253296, 'colsample_bytree': 0.6}. Best is trial 84 with value: 0.7891167403524637.
[I 2023-10-19 23:29:54,467] Trial 98 finished with value: 0.7890636321515695 and parameters: {'n_estimators': 8600, 'max_depth': 6, 'min_child_weight': 8, 'learning_rate': 0.0005877332452935911, 'colsample_bytree': 0.6}. Best is trial 84 with value: 0.7891167403524637.
[I 2023-10-19 23:30:27,033] Trial 99 finished with value: 0.7888314939795356 and parameters: {'n_estimators': 8100, 'max_depth': 7, 'min_child_weight': 8, 'learning_rate': 0.0004289621308264605, 'colsample_bytree': 0.6}. Best is trial 84 with value: 0.7891167403524637.
[I 2023-10-19 23:30:46,103] Trial 100 finished with value: 0.7889320653235755 and parameters: {'n_estimators': 8400, 'max_depth': 5, 'min_child_weight': 8, 'learning_rate': 0.0007327042959888747, 'colsample_bytree': 0.6}. Best is trial 84 with value: 0.7891167403524637.
[I 2023-10-19 23:31:13,404] Trial 101 finished with value: 0.7891002587376283 and parameters: {'n_estimators': 9100, 'max_depth': 6, 'min_child_weight': 8, 'learning_rate': 0.0005144269671677159, 'colsample_bytree': 0.6}. Best is trial 84 with value: 0.7891167403524637.
[I 2023-10-19 23:31:41,070] Trial 102 finished with value: 0.7887520654352207 and parameters: {'n_estimators': 9100, 'max_depth': 6, 'min_child_weight': 8, 'learning_rate': 0.0002977750579853063, 'colsample_bytree': 0.6}. Best is trial 84 with value: 0.7891167403524637.
[I 2023-10-19 23:32:06,594] Trial 103 finished with value: 0.7891059596179503 and parameters: {'n_estimators': 8700, 'max_depth': 6, 'min_child_weight': 8, 'learning_rate': 0.0005299110644579783, 'colsample_bytree': 0.6}. Best is trial 84 with value: 0.7891167403524637.
[I 2023-10-19 23:32:33,827] Trial 104 finished with value: 0.7890605130652733 and parameters: {'n_estimators': 9300, 'max_depth': 6, 'min_child_weight': 8, 'learning_rate': 0.0005393556622231715, 'colsample_bytree': 0.6}. Best is trial 84 with value: 0.7891167403524637.
[I 2023-10-19 23:32:58,104] Trial 105 finished with value: 0.7890410937875056 and parameters: {'n_estimators': 8700, 'max_depth': 6, 'min_child_weight': 8, 'learning_rate': 0.0008205366858066879, 'colsample_bytree': 0.6}. Best is trial 84 with value: 0.7891167403524637.
[I 2023-10-19 23:33:25,429] Trial 106 finished with value: 0.7890173482602896 and parameters: {'n_estimators': 9600, 'max_depth': 6, 'min_child_weight': 8, 'learning_rate': 0.0006343113093813749, 'colsample_bytree': 0.6}. Best is trial 84 with value: 0.7891167403524637.
[I 2023-10-19 23:33:44,864] Trial 107 finished with value: 0.7883644544180777 and parameters: {'n_estimators': 8200, 'max_depth': 5, 'min_child_weight': 8, 'learning_rate': 0.00039462988649022413, 'colsample_bytree': 0.8}. Best is trial 84 with value: 0.7891167403524637.
[I 2023-10-19 23:35:11,685] Trial 108 finished with value: 0.7877149657528512 and parameters: {'n_estimators': 8600, 'max_depth': 10, 'min_child_weight': 8, 'learning_rate': 0.00026249260547927075, 'colsample_bytree': 0.6}. Best is trial 84 with value: 0.7891167403524637.
[I 2023-10-19 23:35:38,005] Trial 109 finished with value: 0.7881268386560156 and parameters: {'n_estimators': 9900, 'max_depth': 6, 'min_child_weight': 8, 'learning_rate': 0.0013285240897142137, 'colsample_bytree': 0.7}. Best is trial 84 with value: 0.7891167403524637.
[I 2023-10-19 23:36:08,912] Trial 110 finished with value: 0.7884823307599127 and parameters: {'n_estimators': 9000, 'max_depth': 7, 'min_child_weight': 8, 'learning_rate': 0.0009754564839844243, 'colsample_bytree': 0.6}. Best is trial 84 with value: 0.7891167403524637.
[I 2023-10-19 23:36:36,162] Trial 111 finished with value: 0.7890788298472138 and parameters: {'n_estimators': 8800, 'max_depth': 6, 'min_child_weight': 8, 'learning_rate': 0.0004863383690127138, 'colsample_bytree': 0.6}. Best is trial 84 with value: 0.7891167403524637.
[I 2023-10-19 23:37:03,112] Trial 112 finished with value: 0.7889915163643874 and parameters: {'n_estimators': 9200, 'max_depth': 6, 'min_child_weight': 8, 'learning_rate': 0.0005835958339144363, 'colsample_bytree': 0.6}. Best is trial 84 with value: 0.7891167403524637.
[I 2023-10-19 23:37:28,540] Trial 113 finished with value: 0.789011772980758 and parameters: {'n_estimators': 8500, 'max_depth': 6, 'min_child_weight': 8, 'learning_rate': 0.00043852142180420076, 'colsample_bytree': 0.6}. Best is trial 84 with value: 0.7891167403524637.
[I 2023-10-19 23:37:54,814] Trial 114 finished with value: 0.7887980632358113 and parameters: {'n_estimators': 8700, 'max_depth': 6, 'min_child_weight': 8, 'learning_rate': 0.0003503672578955103, 'colsample_bytree': 0.6}. Best is trial 84 with value: 0.7891167403524637.
[I 2023-10-19 23:38:21,285] Trial 115 finished with value: 0.7891211084688425 and parameters: {'n_estimators': 8900, 'max_depth': 6, 'min_child_weight': 8, 'learning_rate': 0.0005226422668138653, 'colsample_bytree': 0.6}. Best is trial 115 with value: 0.7891211084688425.
[I 2023-10-19 23:38:47,109] Trial 116 finished with value: 0.78897114810287 and parameters: {'n_estimators': 9000, 'max_depth': 6, 'min_child_weight': 8, 'learning_rate': 0.0006598164893505192, 'colsample_bytree': 0.6}. Best is trial 115 with value: 0.7891211084688425.
[I 2023-10-19 23:39:11,640] Trial 117 finished with value: 0.7890922202870396 and parameters: {'n_estimators': 8300, 'max_depth': 6, 'min_child_weight': 8, 'learning_rate': 0.000532672823546141, 'colsample_bytree': 0.6}. Best is trial 115 with value: 0.7891211084688425.
[I 2023-10-19 23:39:36,074] Trial 118 finished with value: 0.7891182126728407 and parameters: {'n_estimators': 8300, 'max_depth': 6, 'min_child_weight': 8, 'learning_rate': 0.0005563676722384735, 'colsample_bytree': 0.6}. Best is trial 115 with value: 0.7891211084688425.
[I 2023-10-19 23:39:57,522] Trial 119 finished with value: 0.7889919280558673 and parameters: {'n_estimators': 9500, 'max_depth': 5, 'min_child_weight': 8, 'learning_rate': 0.0007237391330471189, 'colsample_bytree': 0.6}. Best is trial 115 with value: 0.7891211084688425.
[I 2023-10-19 23:40:19,780] Trial 120 finished with value: 0.7890607223999242 and parameters: {'n_estimators': 7900, 'max_depth': 6, 'min_child_weight': 8, 'learning_rate': 0.0008628563437092556, 'colsample_bytree': 0.6}. Best is trial 115 with value: 0.7891211084688425.
[I 2023-10-19 23:40:44,357] Trial 121 finished with value: 0.7891080599422794 and parameters: {'n_estimators': 8300, 'max_depth': 6, 'min_child_weight': 8, 'learning_rate': 0.000548065415450037, 'colsample_bytree': 0.6}. Best is trial 115 with value: 0.7891211084688425.
[I 2023-10-19 23:41:09,173] Trial 122 finished with value: 0.7889128344469936 and parameters: {'n_estimators': 8200, 'max_depth': 6, 'min_child_weight': 8, 'learning_rate': 0.00041536801239631455, 'colsample_bytree': 0.6}. Best is trial 115 with value: 0.7891211084688425.
[I 2023-10-19 23:41:33,901] Trial 123 finished with value: 0.7891015705681064 and parameters: {'n_estimators': 8400, 'max_depth': 6, 'min_child_weight': 8, 'learning_rate': 0.0005473213897460394, 'colsample_bytree': 0.6}. Best is trial 115 with value: 0.7891211084688425.
[I 2023-10-19 23:42:00,416] Trial 124 finished with value: 0.7890117032025411 and parameters: {'n_estimators': 9100, 'max_depth': 6, 'min_child_weight': 8, 'learning_rate': 0.0006215845734256927, 'colsample_bytree': 0.6}. Best is trial 115 with value: 0.7891211084688425.
[I 2023-10-19 23:42:37,269] Trial 125 finished with value: 0.7887594689040354 and parameters: {'n_estimators': 8900, 'max_depth': 7, 'min_child_weight': 8, 'learning_rate': 0.00033107380864172317, 'colsample_bytree': 0.6}. Best is trial 115 with value: 0.7891211084688425.
[I 2023-10-19 23:43:01,202] Trial 126 finished with value: 0.7890383724370462 and parameters: {'n_estimators': 8400, 'max_depth': 6, 'min_child_weight': 8, 'learning_rate': 0.0007625285545494395, 'colsample_bytree': 0.6}. Best is trial 115 with value: 0.7891211084688425.
[I 2023-10-19 23:43:24,181] Trial 127 finished with value: 0.7887594828596789 and parameters: {'n_estimators': 7700, 'max_depth': 6, 'min_child_weight': 7, 'learning_rate': 0.0005467147373685096, 'colsample_bytree': 0.8}. Best is trial 115 with value: 0.7891211084688425.
[I 2023-10-19 23:43:47,795] Trial 128 finished with value: 0.7888412768855468 and parameters: {'n_estimators': 8700, 'max_depth': 6, 'min_child_weight': 8, 'learning_rate': 0.001092749935959512, 'colsample_bytree': 0.6}. Best is trial 115 with value: 0.7891211084688425.
[I 2023-10-19 23:44:06,515] Trial 129 finished with value: 0.7885060344201988 and parameters: {'n_estimators': 8000, 'max_depth': 5, 'min_child_weight': 8, 'learning_rate': 0.00040815474540548173, 'colsample_bytree': 0.7}. Best is trial 115 with value: 0.7891211084688425.
[I 2023-10-19 23:44:39,391] Trial 130 finished with value: 0.7886223198186882 and parameters: {'n_estimators': 8900, 'max_depth': 7, 'min_child_weight': 8, 'learning_rate': 0.0006681383465292058, 'colsample_bytree': 0.6}. Best is trial 115 with value: 0.7891211084688425.
[I 2023-10-19 23:45:04,427] Trial 131 finished with value: 0.7890928971357437 and parameters: {'n_estimators': 8500, 'max_depth': 6, 'min_child_weight': 8, 'learning_rate': 0.0005329901288849019, 'colsample_bytree': 0.6}. Best is trial 115 with value: 0.7891211084688425.
[I 2023-10-19 23:45:29,711] Trial 132 finished with value: 0.7890343881008602 and parameters: {'n_estimators': 8400, 'max_depth': 6, 'min_child_weight': 8, 'learning_rate': 0.00046178677126055206, 'colsample_bytree': 0.6}. Best is trial 115 with value: 0.7891211084688425.
[I 2023-10-19 23:45:55,508] Trial 133 finished with value: 0.7890920249080324 and parameters: {'n_estimators': 8700, 'max_depth': 6, 'min_child_weight': 8, 'learning_rate': 0.0005727968012648432, 'colsample_bytree': 0.6}. Best is trial 115 with value: 0.7891211084688425.
[I 2023-10-19 23:46:23,210] Trial 134 finished with value: 0.7889065962744015 and parameters: {'n_estimators': 9200, 'max_depth': 6, 'min_child_weight': 8, 'learning_rate': 0.0003752348675633041, 'colsample_bytree': 0.6}. Best is trial 115 with value: 0.7891211084688425.
[I 2023-10-19 23:46:48,283] Trial 135 finished with value: 0.788713352480476 and parameters: {'n_estimators': 8200, 'max_depth': 6, 'min_child_weight': 8, 'learning_rate': 0.00030668345297009836, 'colsample_bytree': 0.6}. Best is trial 115 with value: 0.7891211084688425.
[I 2023-10-19 23:47:14,263] Trial 136 finished with value: 0.789100649495643 and parameters: {'n_estimators': 8600, 'max_depth': 6, 'min_child_weight': 8, 'learning_rate': 0.0005041672317466234, 'colsample_bytree': 0.6}. Best is trial 115 with value: 0.7891211084688425.
[I 2023-10-19 23:47:40,124] Trial 137 finished with value: 0.788931444297445 and parameters: {'n_estimators': 9300, 'max_depth': 6, 'min_child_weight': 8, 'learning_rate': 0.0009115234074060823, 'colsample_bytree': 0.6}. Best is trial 115 with value: 0.7891211084688425.
[I 2023-10-19 23:48:04,812] Trial 138 finished with value: 0.7890576451805581 and parameters: {'n_estimators': 8800, 'max_depth': 6, 'min_child_weight': 8, 'learning_rate': 0.0007687567647160423, 'colsample_bytree': 0.6}. Best is trial 115 with value: 0.7891211084688425.
[I 2023-10-19 23:48:25,844] Trial 139 finished with value: 0.7890091214085153 and parameters: {'n_estimators': 9000, 'max_depth': 5, 'min_child_weight': 8, 'learning_rate': 0.0004744544600582723, 'colsample_bytree': 0.6}. Best is trial 115 with value: 0.7891211084688425.
[I 2023-10-19 23:49:02,035] Trial 140 finished with value: 0.7885749613428679 and parameters: {'n_estimators': 8600, 'max_depth': 7, 'min_child_weight': 8, 'learning_rate': 0.00022314364642014755, 'colsample_bytree': 0.6}. Best is trial 115 with value: 0.7891211084688425.
[I 2023-10-19 23:49:26,777] Trial 141 finished with value: 0.7891146121168477 and parameters: {'n_estimators': 8400, 'max_depth': 6, 'min_child_weight': 8, 'learning_rate': 0.0005504934946021341, 'colsample_bytree': 0.6}. Best is trial 115 with value: 0.7891211084688425.
[I 2023-10-19 23:49:50,912] Trial 142 finished with value: 0.7890432569122301 and parameters: {'n_estimators': 8300, 'max_depth': 6, 'min_child_weight': 8, 'learning_rate': 0.0006184986074613031, 'colsample_bytree': 0.6}. Best is trial 115 with value: 0.7891211084688425.
[I 2023-10-19 23:50:15,341] Trial 143 finished with value: 0.7889132042715434 and parameters: {'n_estimators': 8100, 'max_depth': 6, 'min_child_weight': 8, 'learning_rate': 0.00042071641878693906, 'colsample_bytree': 0.6}. Best is trial 115 with value: 0.7891211084688425.
[I 2023-10-19 23:50:40,767] Trial 144 finished with value: 0.7888067087568871 and parameters: {'n_estimators': 8400, 'max_depth': 6, 'min_child_weight': 8, 'learning_rate': 0.00037741744024248706, 'colsample_bytree': 0.6}. Best is trial 115 with value: 0.7891211084688425.
[I 2023-10-19 23:51:05,946] Trial 145 finished with value: 0.7889713155705905 and parameters: {'n_estimators': 8800, 'max_depth': 6, 'min_child_weight': 8, 'learning_rate': 0.0006797100009080538, 'colsample_bytree': 0.6}. Best is trial 115 with value: 0.7891211084688425.
[I 2023-10-19 23:51:29,981] Trial 146 finished with value: 0.7890673024857793 and parameters: {'n_estimators': 7900, 'max_depth': 6, 'min_child_weight': 8, 'learning_rate': 0.0005095321551588621, 'colsample_bytree': 0.6}. Best is trial 115 with value: 0.7891211084688425.
[I 2023-10-19 23:51:55,445] Trial 147 finished with value: 0.789112797883208 and parameters: {'n_estimators': 8600, 'max_depth': 6, 'min_child_weight': 8, 'learning_rate': 0.0005641497087606836, 'colsample_bytree': 0.6}. Best is trial 115 with value: 0.7891211084688425.
[I 2023-10-19 23:52:20,445] Trial 148 finished with value: 0.7890518396329108 and parameters: {'n_estimators': 8600, 'max_depth': 6, 'min_child_weight': 8, 'learning_rate': 0.0005968425526301298, 'colsample_bytree': 0.6}. Best is trial 115 with value: 0.7891211084688425.
[I 2023-10-19 23:52:43,902] Trial 149 finished with value: 0.7890774203272319 and parameters: {'n_estimators': 8200, 'max_depth': 6, 'min_child_weight': 8, 'learning_rate': 0.0007838576092286638, 'colsample_bytree': 0.6}. Best is trial 115 with value: 0.7891211084688425.
[I 2023-10-19 23:53:09,944] Trial 150 finished with value: 0.7886429392817867 and parameters: {'n_estimators': 8500, 'max_depth': 6, 'min_child_weight': 8, 'learning_rate': 0.00027275080812134213, 'colsample_bytree': 0.6}. Best is trial 115 with value: 0.7891211084688425.
[I 2023-10-19 23:53:36,275] Trial 151 finished with value: 0.7890717194469099 and parameters: {'n_estimators': 8900, 'max_depth': 6, 'min_child_weight': 8, 'learning_rate': 0.0004601204020878328, 'colsample_bytree': 0.6}. Best is trial 115 with value: 0.7891211084688425.
[I 2023-10-19 23:54:02,998] Trial 152 finished with value: 0.7890630460145474 and parameters: {'n_estimators': 9100, 'max_depth': 6, 'min_child_weight': 8, 'learning_rate': 0.0005520997151138121, 'colsample_bytree': 0.6}. Best is trial 115 with value: 0.7891211084688425.
[I 2023-10-19 23:54:29,329] Trial 153 finished with value: 0.7888078461418229 and parameters: {'n_estimators': 8700, 'max_depth': 6, 'min_child_weight': 8, 'learning_rate': 0.0003571209643548695, 'colsample_bytree': 0.6}. Best is trial 115 with value: 0.7891211084688425.
[I 2023-10-19 23:54:54,458] Trial 154 finished with value: 0.7890016062945534 and parameters: {'n_estimators': 8400, 'max_depth': 6, 'min_child_weight': 8, 'learning_rate': 0.00044931598656443647, 'colsample_bytree': 0.6}. Best is trial 115 with value: 0.7891211084688425.
[I 2023-10-19 23:55:20,359] Trial 155 finished with value: 0.7890150176678445 and parameters: {'n_estimators': 9100, 'max_depth': 6, 'min_child_weight': 8, 'learning_rate': 0.0006816259252822996, 'colsample_bytree': 0.6}. Best is trial 115 with value: 0.7891211084688425.
[I 2023-10-19 23:55:46,277] Trial 156 finished with value: 0.7888435935223485 and parameters: {'n_estimators': 8600, 'max_depth': 6, 'min_child_weight': 8, 'learning_rate': 0.0005087214546916107, 'colsample_bytree': 0.8}. Best is trial 115 with value: 0.7891211084688425.
[I 2023-10-19 23:56:12,174] Trial 157 finished with value: 0.7890347718810532 and parameters: {'n_estimators': 8900, 'max_depth': 6, 'min_child_weight': 8, 'learning_rate': 0.0005760751975086477, 'colsample_bytree': 0.6}. Best is trial 115 with value: 0.7891211084688425.
[I 2023-10-19 23:56:34,649] Trial 158 finished with value: 0.7888955015379119 and parameters: {'n_estimators': 8000, 'max_depth': 6, 'min_child_weight': 8, 'learning_rate': 0.0008608535208971652, 'colsample_bytree': 0.7}. Best is trial 115 with value: 0.7891211084688425.
[I 2023-10-19 23:57:39,477] Trial 159 finished with value: 0.7877807456779372 and parameters: {'n_estimators': 9400, 'max_depth': 9, 'min_child_weight': 8, 'learning_rate': 0.0004088515568533255, 'colsample_bytree': 0.6}. Best is trial 115 with value: 0.7891211084688425.
[I 2023-10-19 23:58:13,745] Trial 160 finished with value: 0.7887552682553771 and parameters: {'n_estimators': 8300, 'max_depth': 7, 'min_child_weight': 8, 'learning_rate': 0.000325486182018631, 'colsample_bytree': 0.6}. Best is trial 115 with value: 0.7891211084688425.
[I 2023-10-19 23:58:38,855] Trial 161 finished with value: 0.789092324954365 and parameters: {'n_estimators': 8500, 'max_depth': 6, 'min_child_weight': 8, 'learning_rate': 0.0005243929301859773, 'colsample_bytree': 0.6}. Best is trial 115 with value: 0.7891211084688425.
