[I 2023-10-20 09:25:17,987] Trial 270 finished with value: 0.7896667741251207 and parameters: {'n_estimators': 8200, 'max_depth': 4, 'min_child_weight': 8, 'learning_rate': 0.0016271774756274901, 'subsample': 0.7037101970683428, 'colsample_bytree': 0.3944515565723372, 'reg_alpha': 2.204331171260854, 'reg_lambda': 4.189150511114027, 'gamma': 1.0}. Best is trial 163 with value: 0.7899015848028625.
[I 2023-10-20 09:25:38,372] Trial 271 finished with value: 0.7898013204829769 and parameters: {'n_estimators': 11600, 'max_depth': 4, 'min_child_weight': 8, 'learning_rate': 0.0017472549679715054, 'subsample': 0.9455642599129885, 'colsample_bytree': 0.3683102555168725, 'reg_alpha': 1.933411906740538, 'reg_lambda': 3.700601369760124, 'gamma': 1.0}. Best is trial 163 with value: 0.7899015848028625.
[I 2023-10-20 09:25:57,274] Trial 272 finished with value: 0.7897700528639772 and parameters: {'n_estimators': 11600, 'max_depth': 4, 'min_child_weight': 8, 'learning_rate': 0.0022117431178952595, 'subsample': 0.971529298331126, 'colsample_bytree': 0.3851067858464101, 'reg_alpha': 1.7417361324554246, 'reg_lambda': 4.3055019818516165, 'gamma': 1.0}. Best is trial 163 with value: 0.7899015848028625.
[I 2023-10-20 09:26:18,422] Trial 273 finished with value: 0.789844366664992 and parameters: {'n_estimators': 11700, 'max_depth': 4, 'min_child_weight': 8, 'learning_rate': 0.0015405737500267319, 'subsample': 0.9537664249941508, 'colsample_bytree': 0.3542260883038963, 'reg_alpha': 1.6215141180921488, 'reg_lambda': 3.9193771518548552, 'gamma': 1.0}. Best is trial 163 with value: 0.7899015848028625.
[I 2023-10-20 09:26:38,546] Trial 274 finished with value: 0.789806658516571 and parameters: {'n_estimators': 11600, 'max_depth': 4, 'min_child_weight': 8, 'learning_rate': 0.0019438099825079581, 'subsample': 0.9496173390400585, 'colsample_bytree': 0.40546279624694226, 'reg_alpha': 2.070426629786456, 'reg_lambda': 3.577914157020315, 'gamma': 1.0}. Best is trial 163 with value: 0.7899015848028625.
[I 2023-10-20 09:26:59,343] Trial 275 finished with value: 0.7898384773834843 and parameters: {'n_estimators': 11500, 'max_depth': 4, 'min_child_weight': 8, 'learning_rate': 0.0016219615498844163, 'subsample': 0.9287703496275599, 'colsample_bytree': 0.3684277051685774, 'reg_alpha': 2.22561129741482, 'reg_lambda': 4.160210022908604, 'gamma': 1.0}. Best is trial 163 with value: 0.7899015848028625.
[I 2023-10-20 09:27:20,539] Trial 276 finished with value: 0.7897715600734625 and parameters: {'n_estimators': 11400, 'max_depth': 4, 'min_child_weight': 8, 'learning_rate': 0.0014846420829227381, 'subsample': 0.8547365744727596, 'colsample_bytree': 0.3508696743816734, 'reg_alpha': 1.2005740387255641, 'reg_lambda': 3.780677762403983, 'gamma': 1.0}. Best is trial 163 with value: 0.7899015848028625.
[I 2023-10-20 09:27:41,968] Trial 277 finished with value: 0.7893600081500958 and parameters: {'n_estimators': 11300, 'max_depth': 4, 'min_child_weight': 8, 'learning_rate': 0.0006713910820077011, 'subsample': 0.9665229125833452, 'colsample_bytree': 0.3923649894758738, 'reg_alpha': 1.5078169024426389, 'reg_lambda': 3.5499378229659606, 'gamma': 1.0}. Best is trial 163 with value: 0.7899015848028625.
[I 2023-10-20 09:27:56,214] Trial 278 finished with value: 0.7894066967550338 and parameters: {'n_estimators': 7500, 'max_depth': 4, 'min_child_weight': 8, 'learning_rate': 0.0011547018572486611, 'subsample': 0.9575718144685906, 'colsample_bytree': 0.3363264307818451, 'reg_alpha': 1.9452997234719316, 'reg_lambda': 3.194811798959569, 'gamma': 1.0}. Best is trial 163 with value: 0.7899015848028625.
[I 2023-10-20 09:28:17,513] Trial 279 finished with value: 0.7892306184024696 and parameters: {'n_estimators': 11600, 'max_depth': 4, 'min_child_weight': 8, 'learning_rate': 0.0017728304975158308, 'subsample': 0.9351035760365609, 'colsample_bytree': 0.8878965874295326, 'reg_alpha': 1.8702199229069614, 'reg_lambda': 4.057088004137934, 'gamma': 1.0}. Best is trial 163 with value: 0.7899015848028625.
[I 2023-10-20 09:28:38,640] Trial 280 finished with value: 0.789830431955074 and parameters: {'n_estimators': 11700, 'max_depth': 4, 'min_child_weight': 8, 'learning_rate': 0.001445096907814582, 'subsample': 0.9736747414361653, 'colsample_bytree': 0.37175536501510054, 'reg_alpha': 0.8896204214136609, 'reg_lambda': 2.89434902450722, 'gamma': 1.0}. Best is trial 163 with value: 0.7899015848028625.
[I 2023-10-20 09:28:58,805] Trial 281 finished with value: 0.7897122625447279 and parameters: {'n_estimators': 11500, 'max_depth': 4, 'min_child_weight': 8, 'learning_rate': 0.0020329865377400813, 'subsample': 0.9424094615076646, 'colsample_bytree': 0.35669072612138625, 'reg_alpha': 1.2586015460756308, 'reg_lambda': 4.302710844309184, 'gamma': 1.0}. Best is trial 163 with value: 0.7899015848028625.
[I 2023-10-20 09:29:20,437] Trial 282 finished with value: 0.7898329649043481 and parameters: {'n_estimators': 11500, 'max_depth': 4, 'min_child_weight': 8, 'learning_rate': 0.0012546881019044774, 'subsample': 0.9024142783665905, 'colsample_bytree': 0.38617935626451155, 'reg_alpha': 1.5980763464420038, 'reg_lambda': 3.7836845690065464, 'gamma': 1.0}. Best is trial 163 with value: 0.7899015848028625.
[I 2023-10-20 09:29:38,869] Trial 283 finished with value: 0.7895826495068075 and parameters: {'n_estimators': 11100, 'max_depth': 4, 'min_child_weight': 8, 'learning_rate': 0.002514646949309586, 'subsample': 0.9652668790956662, 'colsample_bytree': 0.40463799672684675, 'reg_alpha': 0.013521259897222526, 'reg_lambda': 3.240345074678687, 'gamma': 1.0}. Best is trial 163 with value: 0.7899015848028625.
[I 2023-10-20 09:30:00,189] Trial 284 finished with value: 0.7897347869531481 and parameters: {'n_estimators': 11300, 'max_depth': 4, 'min_child_weight': 8, 'learning_rate': 0.001062097284453884, 'subsample': 0.8154813121156075, 'colsample_bytree': 0.3325800044692902, 'reg_alpha': 2.2454393233522927, 'reg_lambda': 3.4639549288093403, 'gamma': 1.0}. Best is trial 163 with value: 0.7899015848028625.
[I 2023-10-20 09:30:21,744] Trial 285 finished with value: 0.7894706066239066 and parameters: {'n_estimators': 11400, 'max_depth': 4, 'min_child_weight': 8, 'learning_rate': 0.0008396392846792542, 'subsample': 0.9784945022810951, 'colsample_bytree': 0.3498203597430922, 'reg_alpha': 2.0248845214273032, 'reg_lambda': 3.933466845465202, 'gamma': 1.0}. Best is trial 163 with value: 0.7899015848028625.
[I 2023-10-20 09:30:43,603] Trial 286 finished with value: 0.7897219058943055 and parameters: {'n_estimators': 11700, 'max_depth': 4, 'min_child_weight': 8, 'learning_rate': 0.0016560311208047582, 'subsample': 0.8246106654500714, 'colsample_bytree': 0.37600986693745136, 'reg_alpha': 1.7232377648348034, 'reg_lambda': 3.669474583738418, 'gamma': 1.0}. Best is trial 163 with value: 0.7899015848028625.
[I 2023-10-20 09:31:04,645] Trial 287 finished with value: 0.7897801846610732 and parameters: {'n_estimators': 11600, 'max_depth': 4, 'min_child_weight': 8, 'learning_rate': 0.001420853870039895, 'subsample': 0.9572125412386446, 'colsample_bytree': 0.30127690269984575, 'reg_alpha': 1.5045463115345623, 'reg_lambda': 4.151528042718103, 'gamma': 1.0}. Best is trial 163 with value: 0.7899015848028625.
[I 2023-10-20 09:31:24,354] Trial 288 finished with value: 0.7891744399600311 and parameters: {'n_estimators': 11600, 'max_depth': 4, 'min_child_weight': 8, 'learning_rate': 0.0018758257741457, 'subsample': 0.9702122132101915, 'colsample_bytree': 0.6472600905455518, 'reg_alpha': 1.7432015036797732, 'reg_lambda': 4.3699705200587795, 'gamma': 1.0}. Best is trial 163 with value: 0.7899015848028625.
[I 2023-10-20 09:31:42,155] Trial 289 finished with value: 0.7897564600673219 and parameters: {'n_estimators': 9400, 'max_depth': 4, 'min_child_weight': 8, 'learning_rate': 0.0012579854417851602, 'subsample': 0.96219093534506, 'colsample_bytree': 0.36069245800828986, 'reg_alpha': 2.0783761463483534, 'reg_lambda': 3.356369441837933, 'gamma': 1.0}. Best is trial 163 with value: 0.7899015848028625.
[I 2023-10-20 09:32:01,186] Trial 290 finished with value: 0.7895749459916602 and parameters: {'n_estimators': 11400, 'max_depth': 4, 'min_child_weight': 8, 'learning_rate': 0.0022241225915169854, 'subsample': 0.9505003621669893, 'colsample_bytree': 0.5242621496209215, 'reg_alpha': 2.3281148845198234, 'reg_lambda': 3.910110176840525, 'gamma': 1.0}. Best is trial 163 with value: 0.7899015848028625.
[I 2023-10-20 09:32:23,036] Trial 291 finished with value: 0.7842699733168099 and parameters: {'n_estimators': 11500, 'max_depth': 4, 'min_child_weight': 8, 'learning_rate': 0.00010760275465556814, 'subsample': 0.9664935867102756, 'colsample_bytree': 0.32019753719933863, 'reg_alpha': 1.3932215447481833, 'reg_lambda': 2.7695242078107336, 'gamma': 1.0}. Best is trial 163 with value: 0.7899015848028625.
[I 2023-10-20 09:32:43,453] Trial 292 finished with value: 0.7866919542924768 and parameters: {'n_estimators': 11200, 'max_depth': 4, 'min_child_weight': 8, 'learning_rate': 0.0009879011518926755, 'subsample': 0.870295936489723, 'colsample_bytree': 0.1242957041082855, 'reg_alpha': 1.913756697335878, 'reg_lambda': 3.598912983872138, 'gamma': 1.0}. Best is trial 163 with value: 0.7899015848028625.
[I 2023-10-20 09:33:04,483] Trial 293 finished with value: 0.7898401311272253 and parameters: {'n_estimators': 11700, 'max_depth': 4, 'min_child_weight': 8, 'learning_rate': 0.0014971810996308064, 'subsample': 0.9567332300606614, 'colsample_bytree': 0.3423656758387726, 'reg_alpha': 2.169666696981456, 'reg_lambda': 3.724150975779848, 'gamma': 1.0}. Best is trial 163 with value: 0.7899015848028625.
[I 2023-10-20 09:33:24,678] Trial 294 finished with value: 0.7898546589519869 and parameters: {'n_estimators': 11500, 'max_depth': 4, 'min_child_weight': 8, 'learning_rate': 0.0016551661382396808, 'subsample': 0.9733435729815304, 'colsample_bytree': 0.3857876997532068, 'reg_alpha': 1.1116768779339194, 'reg_lambda': 3.2322004105891233, 'gamma': 1.0}. Best is trial 163 with value: 0.7899015848028625.
[I 2023-10-20 09:33:45,964] Trial 295 finished with value: 0.7898065817605323 and parameters: {'n_estimators': 11300, 'max_depth': 4, 'min_child_weight': 8, 'learning_rate': 0.0011747354160794256, 'subsample': 0.9618361578932124, 'colsample_bytree': 0.4089481811016984, 'reg_alpha': 1.6636800736025208, 'reg_lambda': 3.4831329134264255, 'gamma': 1.0}. Best is trial 163 with value: 0.7899015848028625.
[I 2023-10-20 09:34:07,452] Trial 296 finished with value: 0.7898426780321427 and parameters: {'n_estimators': 11600, 'max_depth': 4, 'min_child_weight': 8, 'learning_rate': 0.0013457898182479737, 'subsample': 0.9453030389372332, 'colsample_bytree': 0.3667820790652659, 'reg_alpha': 1.8164010312648116, 'reg_lambda': 4.441179562367312, 'gamma': 1.0}. Best is trial 163 with value: 0.7899015848028625.
[I 2023-10-20 09:34:29,086] Trial 297 finished with value: 0.7878853781142018 and parameters: {'n_estimators': 11400, 'max_depth': 4, 'min_child_weight': 8, 'learning_rate': 0.00035340133763191254, 'subsample': 0.9519299229081287, 'colsample_bytree': 0.3342904780190633, 'reg_alpha': 1.3594715488954388, 'reg_lambda': 4.021948646577021, 'gamma': 1.0}. Best is trial 163 with value: 0.7899015848028625.
[I 2023-10-20 09:34:43,344] Trial 298 finished with value: 0.7896218229977838 and parameters: {'n_estimators': 11700, 'max_depth': 5, 'min_child_weight': 8, 'learning_rate': 0.01084823471019864, 'subsample': 0.9771543990897096, 'colsample_bytree': 0.3817257853990683, 'reg_alpha': 2.349465271915978, 'reg_lambda': 3.82771594239145, 'gamma': 1.0}. Best is trial 163 with value: 0.7899015848028625.
[I 2023-10-20 09:35:16,511] Trial 299 finished with value: 0.7881025977034594 and parameters: {'n_estimators': 11500, 'max_depth': 9, 'min_child_weight': 8, 'learning_rate': 0.0018978894734840066, 'subsample': 0.9690181628434427, 'colsample_bytree': 0.2955738034477334, 'reg_alpha': 1.9815748654048415, 'reg_lambda': 4.157942496641284, 'gamma': 1.0}. Best is trial 163 with value: 0.7899015848028625.
[I 2023-10-20 09:35:37,472] Trial 300 finished with value: 0.789829908618447 and parameters: {'n_estimators': 11300, 'max_depth': 4, 'min_child_weight': 8, 'learning_rate': 0.0014836152757937867, 'subsample': 0.9138498673652671, 'colsample_bytree': 0.35475083586185097, 'reg_alpha': 1.6172870773680852, 'reg_lambda': 3.594355248127987, 'gamma': 1.0}. Best is trial 163 with value: 0.7899015848028625.
[I 2023-10-20 09:36:15,941] Trial 301 finished with value: 0.7887249845092359 and parameters: {'n_estimators': 11500, 'max_depth': 8, 'min_child_weight': 8, 'learning_rate': 0.0011158716644814222, 'subsample': 0.9597144546238141, 'colsample_bytree': 0.3223144044224153, 'reg_alpha': 2.5483611126297814, 'reg_lambda': 3.302553682004062, 'gamma': 1.0}. Best is trial 163 with value: 0.7899015848028625.
[I 2023-10-20 09:36:35,832] Trial 302 finished with value: 0.7898344860694768 and parameters: {'n_estimators': 11200, 'max_depth': 4, 'min_child_weight': 8, 'learning_rate': 0.0017134786147053774, 'subsample': 0.9651359208656288, 'colsample_bytree': 0.4005272295284762, 'reg_alpha': 1.176593959891427, 'reg_lambda': 3.900513674155994, 'gamma': 1.0}. Best is trial 163 with value: 0.7899015848028625.
[I 2023-10-20 09:36:57,225] Trial 303 finished with value: 0.7898494674526486 and parameters: {'n_estimators': 11700, 'max_depth': 4, 'min_child_weight': 8, 'learning_rate': 0.0013251879928555476, 'subsample': 0.9547148832723795, 'colsample_bytree': 0.366422786668704, 'reg_alpha': 2.1079129476404597, 'reg_lambda': 4.26173938155116, 'gamma': 1.0}. Best is trial 163 with value: 0.7899015848028625.
[I 2023-10-20 09:37:13,885] Trial 304 finished with value: 0.789581484210585 and parameters: {'n_estimators': 11400, 'max_depth': 4, 'min_child_weight': 8, 'learning_rate': 0.0022903413204992417, 'subsample': 0.9797326863726613, 'colsample_bytree': 0.34474988564313297, 'reg_alpha': 9.425079601525136, 'reg_lambda': 3.4505257022137963, 'gamma': 1.0}. Best is trial 163 with value: 0.7899015848028625.
[I 2023-10-20 09:37:26,726] Trial 305 finished with value: 0.7879801369327728 and parameters: {'n_estimators': 11600, 'max_depth': 4, 'min_child_weight': 8, 'learning_rate': 0.09182393408980712, 'subsample': 0.9690226373266488, 'colsample_bytree': 0.6031802627795677, 'reg_alpha': 1.8534044432741297, 'reg_lambda': 1.1228985676347651, 'gamma': 1.0}. Best is trial 163 with value: 0.7899015848028625.
[I 2023-10-20 09:37:46,805] Trial 306 finished with value: 0.7890806859477836 and parameters: {'n_estimators': 11100, 'max_depth': 4, 'min_child_weight': 8, 'learning_rate': 0.0020293175668545924, 'subsample': 0.9345649141336916, 'colsample_bytree': 0.7595870024486003, 'reg_alpha': 1.3897788431966416, 'reg_lambda': 3.7353628035906428, 'gamma': 1.0}. Best is trial 163 with value: 0.7899015848028625.
[I 2023-10-20 09:38:07,275] Trial 307 finished with value: 0.7898546449963437 and parameters: {'n_estimators': 11400, 'max_depth': 4, 'min_child_weight': 8, 'learning_rate': 0.0015921056228368321, 'subsample': 0.9482105971285625, 'colsample_bytree': 0.38329504366616873, 'reg_alpha': 2.294978688205503, 'reg_lambda': 3.9907932264545147, 'gamma': 1.0}. Best is trial 163 with value: 0.7899015848028625.
[I 2023-10-20 09:38:28,692] Trial 308 finished with value: 0.7896911127671807 and parameters: {'n_estimators': 11600, 'max_depth': 4, 'min_child_weight': 8, 'learning_rate': 0.0012432680372055313, 'subsample': 0.9731056600712217, 'colsample_bytree': 0.2823200658161932, 'reg_alpha': 1.5548769020452282, 'reg_lambda': 9.327111358092402, 'gamma': 1.0}. Best is trial 163 with value: 0.7899015848028625.
[I 2023-10-20 09:38:50,608] Trial 309 finished with value: 0.7894041149610079 and parameters: {'n_estimators': 11700, 'max_depth': 4, 'min_child_weight': 8, 'learning_rate': 0.001000300381891061, 'subsample': 0.9227089278367706, 'colsample_bytree': 0.3161441468886811, 'reg_alpha': 7.169987592272097, 'reg_lambda': 3.6149994354636354, 'gamma': 1.0}. Best is trial 163 with value: 0.7899015848028625.
[I 2023-10-20 09:39:10,253] Trial 310 finished with value: 0.7896538791106347 and parameters: {'n_estimators': 11300, 'max_depth': 4, 'min_child_weight': 8, 'learning_rate': 0.0014351153433694993, 'subsample': 0.9594294033326582, 'colsample_bytree': 0.3504284359951094, 'reg_alpha': 7.892677595831998, 'reg_lambda': 4.471488468402455, 'gamma': 1.0}. Best is trial 163 with value: 0.7899015848028625.
[I 2023-10-20 09:39:30,048] Trial 311 finished with value: 0.7898337673538426 and parameters: {'n_estimators': 11500, 'max_depth': 4, 'min_child_weight': 8, 'learning_rate': 0.0017881641123817238, 'subsample': 0.9638451581096485, 'colsample_bytree': 0.4042723273427151, 'reg_alpha': 1.785153092436976, 'reg_lambda': 3.0925200483456217, 'gamma': 1.0}. Best is trial 163 with value: 0.7899015848028625.
[I 2023-10-20 09:39:48,735] Trial 312 finished with value: 0.7896889007977047 and parameters: {'n_estimators': 11800, 'max_depth': 4, 'min_child_weight': 8, 'learning_rate': 0.0027653429747664083, 'subsample': 0.950825994589667, 'colsample_bytree': 0.3664178650767805, 'reg_alpha': 2.519407873828385, 'reg_lambda': 4.1768329197178735, 'gamma': 1.0}. Best is trial 163 with value: 0.7899015848028625.
[I 2023-10-20 09:40:14,567] Trial 313 finished with value: 0.7897313608426976 and parameters: {'n_estimators': 11400, 'max_depth': 5, 'min_child_weight': 8, 'learning_rate': 0.0011265738647312535, 'subsample': 0.942811637996853, 'colsample_bytree': 0.3322119382621821, 'reg_alpha': 1.9929112426702402, 'reg_lambda': 3.371257756490755, 'gamma': 1.0}. Best is trial 163 with value: 0.7899015848028625.
[I 2023-10-20 09:40:36,825] Trial 314 finished with value: 0.7889240547842736 and parameters: {'n_estimators': 11600, 'max_depth': 4, 'min_child_weight': 8, 'learning_rate': 0.0004896485741276406, 'subsample': 0.9555197046057946, 'colsample_bytree': 0.3806512280026486, 'reg_alpha': 1.6634261131360815, 'reg_lambda': 3.8918322515417194, 'gamma': 1.0}. Best is trial 163 with value: 0.7899015848028625.
[I 2023-10-20 09:40:56,813] Trial 315 finished with value: 0.7898424686974919 and parameters: {'n_estimators': 11500, 'max_depth': 4, 'min_child_weight': 8, 'learning_rate': 0.0015198562335837506, 'subsample': 0.9740936130066231, 'colsample_bytree': 0.3497648777734711, 'reg_alpha': 2.2653596448723152, 'reg_lambda': 3.662248647360345, 'gamma': 1.0}. Best is trial 163 with value: 0.7899015848028625.
[I 2023-10-20 09:41:18,216] Trial 316 finished with value: 0.789832692769302 and parameters: {'n_estimators': 11700, 'max_depth': 4, 'min_child_weight': 8, 'learning_rate': 0.0013050467804934162, 'subsample': 0.9655118080074573, 'colsample_bytree': 0.3957133540187675, 'reg_alpha': 1.5069586023238184, 'reg_lambda': 4.455564105218986, 'gamma': 1.0}. Best is trial 163 with value: 0.7899015848028625.
[I 2023-10-20 09:41:37,508] Trial 317 finished with value: 0.7897871834162299 and parameters: {'n_estimators': 11300, 'max_depth': 4, 'min_child_weight': 8, 'learning_rate': 0.001890892827941466, 'subsample': 0.979544088497538, 'colsample_bytree': 0.26687278958269395, 'reg_alpha': 1.966488037272935, 'reg_lambda': 4.020948635899068, 'gamma': 1.0}. Best is trial 163 with value: 0.7899015848028625.
[I 2023-10-20 09:41:58,271] Trial 318 finished with value: 0.7898519306237057 and parameters: {'n_estimators': 11600, 'max_depth': 4, 'min_child_weight': 8, 'learning_rate': 0.0016376196728728782, 'subsample': 0.9603542006426914, 'colsample_bytree': 0.30868279452509423, 'reg_alpha': 1.756767277173295, 'reg_lambda': 3.5004208331890596, 'gamma': 1.0}. Best is trial 163 with value: 0.7899015848028625.
[I 2023-10-20 09:42:17,187] Trial 319 finished with value: 0.7897719438536555 and parameters: {'n_estimators': 11500, 'max_depth': 4, 'min_child_weight': 8, 'learning_rate': 0.0020677011473203386, 'subsample': 0.969519858247015, 'colsample_bytree': 0.36884109345608135, 'reg_alpha': 1.223423581101808, 'reg_lambda': 3.1382396952236906, 'gamma': 1.0}. Best is trial 163 with value: 0.7899015848028625.
[I 2023-10-20 09:42:39,288] Trial 320 finished with value: 0.789605376272057 and parameters: {'n_estimators': 11800, 'max_depth': 4, 'min_child_weight': 8, 'learning_rate': 0.0008830146087649216, 'subsample': 0.9561734691834425, 'colsample_bytree': 0.3422330301694973, 'reg_alpha': 0.8204287421078127, 'reg_lambda': 3.798080898328086, 'gamma': 1.0}. Best is trial 163 with value: 0.7899015848028625.
[I 2023-10-20 09:43:00,483] Trial 321 finished with value: 0.7898136851830144 and parameters: {'n_estimators': 11400, 'max_depth': 4, 'min_child_weight': 8, 'learning_rate': 0.0011920665739229622, 'subsample': 0.9648482287231032, 'colsample_bytree': 0.3293632714939308, 'reg_alpha': 2.100039700746476, 'reg_lambda': 4.283831642165323, 'gamma': 1.0}. Best is trial 163 with value: 0.7899015848028625.
[I 2023-10-20 09:43:21,528] Trial 322 finished with value: 0.7898736176935229 and parameters: {'n_estimators': 11600, 'max_depth': 4, 'min_child_weight': 8, 'learning_rate': 0.0014083090547752934, 'subsample': 0.9734392409092851, 'colsample_bytree': 0.35907387798023704, 'reg_alpha': 1.0443863553657762, 'reg_lambda': 3.353751860757781, 'gamma': 1.0}. Best is trial 163 with value: 0.7899015848028625.
[I 2023-10-20 09:43:42,593] Trial 323 finished with value: 0.7897776307783342 and parameters: {'n_estimators': 11700, 'max_depth': 4, 'min_child_weight': 8, 'learning_rate': 0.0014317981246462109, 'subsample': 0.9799490051583243, 'colsample_bytree': 0.4140852153806432, 'reg_alpha': 0.6221375791690029, 'reg_lambda': 3.301609722404093, 'gamma': 1.0}. Best is trial 163 with value: 0.7899015848028625.
