[I 2023-10-20 09:06:19,327] Trial 216 finished with value: 0.7897233921703258 and parameters: {'n_estimators': 11600, 'max_depth': 4, 'min_child_weight': 8, 'learning_rate': 0.0010351013420087866, 'subsample': 0.9544694359186042, 'colsample_bytree': 0.3509915961769442, 'reg_alpha': 1.3396478769797961, 'reg_lambda': 3.6480671405412735, 'gamma': 1.0}. Best is trial 163 with value: 0.7899015848028625.
[I 2023-10-20 09:06:40,593] Trial 217 finished with value: 0.7898598085843954 and parameters: {'n_estimators': 11500, 'max_depth': 4, 'min_child_weight': 8, 'learning_rate': 0.0013154342751555547, 'subsample': 0.9628952462990449, 'colsample_bytree': 0.3437698600250957, 'reg_alpha': 1.8450165440555406, 'reg_lambda': 3.395485259753279, 'gamma': 1.0}. Best is trial 163 with value: 0.7899015848028625.
[I 2023-10-20 09:07:01,656] Trial 218 finished with value: 0.7898580431955073 and parameters: {'n_estimators': 11400, 'max_depth': 4, 'min_child_weight': 8, 'learning_rate': 0.001329416885706853, 'subsample': 0.960434970485618, 'colsample_bytree': 0.3231407643410797, 'reg_alpha': 1.4163846272738094, 'reg_lambda': 3.814041395067797, 'gamma': 1.0}. Best is trial 163 with value: 0.7899015848028625.
[I 2023-10-20 09:07:23,057] Trial 219 finished with value: 0.7897618678791329 and parameters: {'n_estimators': 11400, 'max_depth': 4, 'min_child_weight': 8, 'learning_rate': 0.0011241202338576751, 'subsample': 0.9459463598394501, 'colsample_bytree': 0.31831191597128283, 'reg_alpha': 1.47488191337295, 'reg_lambda': 3.3753798814967895, 'gamma': 1.0}. Best is trial 163 with value: 0.7899015848028625.
[I 2023-10-20 09:07:44,359] Trial 220 finished with value: 0.7895626929367697 and parameters: {'n_estimators': 11300, 'max_depth': 4, 'min_child_weight': 8, 'learning_rate': 0.000902940133072867, 'subsample': 0.9386233048098416, 'colsample_bytree': 0.3341703261475558, 'reg_alpha': 1.255056276646236, 'reg_lambda': 3.1010710257545684, 'gamma': 1.0}. Best is trial 163 with value: 0.7899015848028625.
[I 2023-10-20 09:08:05,740] Trial 221 finished with value: 0.7898667864060868 and parameters: {'n_estimators': 11600, 'max_depth': 4, 'min_child_weight': 8, 'learning_rate': 0.0013053825193107282, 'subsample': 0.9613031669408443, 'colsample_bytree': 0.34681736705028793, 'reg_alpha': 1.810926720240946, 'reg_lambda': 3.860204347992237, 'gamma': 1.0}. Best is trial 163 with value: 0.7899015848028625.
[I 2023-10-20 09:08:26,939] Trial 222 finished with value: 0.7898705753632654 and parameters: {'n_estimators': 11500, 'max_depth': 4, 'min_child_weight': 8, 'learning_rate': 0.0013266682258943844, 'subsample': 0.95948162900392, 'colsample_bytree': 0.3448013687501686, 'reg_alpha': 1.8714663382729788, 'reg_lambda': 3.755145928965714, 'gamma': 1.0}. Best is trial 163 with value: 0.7899015848028625.
[I 2023-10-20 09:08:48,217] Trial 223 finished with value: 0.7898546798854519 and parameters: {'n_estimators': 11500, 'max_depth': 4, 'min_child_weight': 8, 'learning_rate': 0.001369633579037256, 'subsample': 0.9541226837463596, 'colsample_bytree': 0.3453946264380886, 'reg_alpha': 1.3998948506848468, 'reg_lambda': 3.7941344958184957, 'gamma': 1.0}. Best is trial 163 with value: 0.7899015848028625.
[I 2023-10-20 09:09:09,458] Trial 224 finished with value: 0.7898643581241382 and parameters: {'n_estimators': 11600, 'max_depth': 4, 'min_child_weight': 8, 'learning_rate': 0.0013350647072288668, 'subsample': 0.9557613908240739, 'colsample_bytree': 0.34630143010907394, 'reg_alpha': 1.793033497092838, 'reg_lambda': 3.785572793256531, 'gamma': 1.0}. Best is trial 163 with value: 0.7899015848028625.
[I 2023-10-20 09:09:30,782] Trial 225 finished with value: 0.7898556218913805 and parameters: {'n_estimators': 11600, 'max_depth': 4, 'min_child_weight': 8, 'learning_rate': 0.0013600237988289018, 'subsample': 0.9537381413142424, 'colsample_bytree': 0.34629984518768253, 'reg_alpha': 1.8552572692314608, 'reg_lambda': 3.792628001629196, 'gamma': 1.0}. Best is trial 163 with value: 0.7899015848028625.
[I 2023-10-20 09:09:52,515] Trial 226 finished with value: 0.7897690201463667 and parameters: {'n_estimators': 11600, 'max_depth': 4, 'min_child_weight': 8, 'learning_rate': 0.0010782620540017338, 'subsample': 0.950804651676369, 'colsample_bytree': 0.34676713154124345, 'reg_alpha': 1.849898863679491, 'reg_lambda': 3.742554107163526, 'gamma': 1.0}. Best is trial 163 with value: 0.7899015848028625.
[I 2023-10-20 09:10:13,902] Trial 227 finished with value: 0.7896847699272631 and parameters: {'n_estimators': 11500, 'max_depth': 4, 'min_child_weight': 8, 'learning_rate': 0.0012191915543799735, 'subsample': 0.9547831585666944, 'colsample_bytree': 0.30379302238978284, 'reg_alpha': 1.737443443164894, 'reg_lambda': 3.7772408050392854, 'gamma': 1.0}. Best is trial 163 with value: 0.7899015848028625.
[I 2023-10-20 09:10:35,388] Trial 228 finished with value: 0.7898106428527569 and parameters: {'n_estimators': 11600, 'max_depth': 4, 'min_child_weight': 8, 'learning_rate': 0.0013840823283291454, 'subsample': 0.9464825112343449, 'colsample_bytree': 0.35573726893066354, 'reg_alpha': 1.4336234733330426, 'reg_lambda': 3.4946336743422006, 'gamma': 1.0}. Best is trial 163 with value: 0.7899015848028625.
[I 2023-10-20 09:10:56,694] Trial 229 finished with value: 0.7898513933314354 and parameters: {'n_estimators': 11500, 'max_depth': 4, 'min_child_weight': 8, 'learning_rate': 0.0013623841202640664, 'subsample': 0.9567889662401586, 'colsample_bytree': 0.323238910128741, 'reg_alpha': 1.285986666631421, 'reg_lambda': 3.897433018195483, 'gamma': 1.0}. Best is trial 163 with value: 0.7899015848028625.
[I 2023-10-20 09:11:18,290] Trial 230 finished with value: 0.789675838315498 and parameters: {'n_estimators': 11600, 'max_depth': 4, 'min_child_weight': 8, 'learning_rate': 0.0009887691741880362, 'subsample': 0.9273942524842167, 'colsample_bytree': 0.33842634023728235, 'reg_alpha': 1.8297755846982158, 'reg_lambda': 3.3911907590698385, 'gamma': 1.0}. Best is trial 163 with value: 0.7899015848028625.
[I 2023-10-20 09:11:39,379] Trial 231 finished with value: 0.7898908110461709 and parameters: {'n_estimators': 11600, 'max_depth': 4, 'min_child_weight': 8, 'learning_rate': 0.0015254296498732152, 'subsample': 0.9625035241831578, 'colsample_bytree': 0.3556609538555072, 'reg_alpha': 1.847870159221518, 'reg_lambda': 3.6646454028399744, 'gamma': 1.0}. Best is trial 163 with value: 0.7899015848028625.
[I 2023-10-20 09:12:00,290] Trial 232 finished with value: 0.789874092185398 and parameters: {'n_estimators': 11400, 'max_depth': 4, 'min_child_weight': 8, 'learning_rate': 0.0014014881346153664, 'subsample': 0.9619936538476446, 'colsample_bytree': 0.3543630086494387, 'reg_alpha': 1.4974601278024957, 'reg_lambda': 3.5664386750376176, 'gamma': 1.0}. Best is trial 163 with value: 0.7899015848028625.
[I 2023-10-20 09:12:20,935] Trial 233 finished with value: 0.7898831075310233 and parameters: {'n_estimators': 11400, 'max_depth': 4, 'min_child_weight': 8, 'learning_rate': 0.0014860845879460557, 'subsample': 0.9618310536476329, 'colsample_bytree': 0.3623490830542921, 'reg_alpha': 1.9221111745508228, 'reg_lambda': 3.504169684480498, 'gamma': 1.0}. Best is trial 163 with value: 0.7899015848028625.
[I 2023-10-20 09:12:42,215] Trial 234 finished with value: 0.7897707366905028 and parameters: {'n_estimators': 11400, 'max_depth': 4, 'min_child_weight': 8, 'learning_rate': 0.001133102820791608, 'subsample': 0.9624383830861134, 'colsample_bytree': 0.3620518169197935, 'reg_alpha': 1.790724746559456, 'reg_lambda': 3.176549898567892, 'gamma': 1.0}. Best is trial 163 with value: 0.7899015848028625.
[I 2023-10-20 09:13:02,935] Trial 235 finished with value: 0.7898895550382664 and parameters: {'n_estimators': 11600, 'max_depth': 4, 'min_child_weight': 8, 'learning_rate': 0.0015070654296022207, 'subsample': 0.9623861046781346, 'colsample_bytree': 0.3581417090156478, 'reg_alpha': 1.9857386867614706, 'reg_lambda': 3.5290807210188575, 'gamma': 1.0}. Best is trial 163 with value: 0.7899015848028625.
[I 2023-10-20 09:13:24,017] Trial 236 finished with value: 0.7898746155220248 and parameters: {'n_estimators': 11400, 'max_depth': 4, 'min_child_weight': 8, 'learning_rate': 0.0014235777771558049, 'subsample': 0.9616298512093652, 'colsample_bytree': 0.35995063103528935, 'reg_alpha': 1.5069375987731166, 'reg_lambda': 3.5478097569207416, 'gamma': 1.0}. Best is trial 163 with value: 0.7899015848028625.
[I 2023-10-20 09:13:44,745] Trial 237 finished with value: 0.7898932393281195 and parameters: {'n_estimators': 11300, 'max_depth': 4, 'min_child_weight': 8, 'learning_rate': 0.001397268257531539, 'subsample': 0.9641774783396869, 'colsample_bytree': 0.3624666404342055, 'reg_alpha': 1.6026591500896161, 'reg_lambda': 3.519101815092619, 'gamma': 1.0}. Best is trial 163 with value: 0.7899015848028625.
[I 2023-10-20 09:14:05,794] Trial 238 finished with value: 0.7898099869375178 and parameters: {'n_estimators': 11300, 'max_depth': 4, 'min_child_weight': 8, 'learning_rate': 0.0011866690562287376, 'subsample': 0.963362710613752, 'colsample_bytree': 0.3608259177950892, 'reg_alpha': 1.5365777564024623, 'reg_lambda': 3.5453979303570917, 'gamma': 1.0}. Best is trial 163 with value: 0.7899015848028625.
[I 2023-10-20 09:14:26,827] Trial 239 finished with value: 0.7898664026258938 and parameters: {'n_estimators': 11400, 'max_depth': 4, 'min_child_weight': 8, 'learning_rate': 0.001416238544426367, 'subsample': 0.9589412366167612, 'colsample_bytree': 0.3284834012910341, 'reg_alpha': 1.0677232321790686, 'reg_lambda': 3.440242319457113, 'gamma': 1.0}. Best is trial 163 with value: 0.7899015848028625.
[I 2023-10-20 09:14:47,826] Trial 240 finished with value: 0.789693869006749 and parameters: {'n_estimators': 11200, 'max_depth': 4, 'min_child_weight': 8, 'learning_rate': 0.001043453253066772, 'subsample': 0.9489448714884201, 'colsample_bytree': 0.32701879059580485, 'reg_alpha': 1.123890396906134, 'reg_lambda': 3.449018650452565, 'gamma': 1.0}. Best is trial 163 with value: 0.7899015848028625.
[I 2023-10-20 09:15:09,001] Trial 241 finished with value: 0.7898552101999008 and parameters: {'n_estimators': 11400, 'max_depth': 4, 'min_child_weight': 8, 'learning_rate': 0.001463902450234928, 'subsample': 0.9607473703964005, 'colsample_bytree': 0.36189258231462745, 'reg_alpha': 1.1071227538178658, 'reg_lambda': 3.1283736402603646, 'gamma': 1.0}. Best is trial 163 with value: 0.7899015848028625.
[I 2023-10-20 09:15:30,316] Trial 242 finished with value: 0.7897851110031875 and parameters: {'n_estimators': 11400, 'max_depth': 4, 'min_child_weight': 8, 'learning_rate': 0.0013178336323289848, 'subsample': 0.8525224380446917, 'colsample_bytree': 0.3375909932874227, 'reg_alpha': 1.5993496126498463, 'reg_lambda': 3.479493926846931, 'gamma': 1.0}. Best is trial 163 with value: 0.7899015848028625.
[I 2023-10-20 09:15:50,476] Trial 243 finished with value: 0.789836153768861 and parameters: {'n_estimators': 11200, 'max_depth': 4, 'min_child_weight': 8, 'learning_rate': 0.0015434921002278948, 'subsample': 0.9640783430000245, 'colsample_bytree': 0.31495920282399115, 'reg_alpha': 1.9652896174422347, 'reg_lambda': 3.636909127261057, 'gamma': 1.0}. Best is trial 163 with value: 0.7899015848028625.
[I 2023-10-20 09:16:03,602] Trial 244 finished with value: 0.7887104706401176 and parameters: {'n_estimators': 11500, 'max_depth': 4, 'min_child_weight': 8, 'learning_rate': 0.04133749483049023, 'subsample': 0.9572320576700405, 'colsample_bytree': 0.3631023005359283, 'reg_alpha': 1.67051824235185, 'reg_lambda': 3.246366366987992, 'gamma': 1.0}. Best is trial 163 with value: 0.7899015848028625.
[I 2023-10-20 09:16:24,484] Trial 245 finished with value: 0.7898065538492455 and parameters: {'n_estimators': 11300, 'max_depth': 4, 'min_child_weight': 8, 'learning_rate': 0.0015800242282039097, 'subsample': 0.9126232161238317, 'colsample_bytree': 0.3559589694993797, 'reg_alpha': 1.4404121496640114, 'reg_lambda': 3.6769071564903, 'gamma': 1.0}. Best is trial 163 with value: 0.7899015848028625.
[I 2023-10-20 09:16:45,604] Trial 246 finished with value: 0.7898209909623253 and parameters: {'n_estimators': 11400, 'max_depth': 4, 'min_child_weight': 8, 'learning_rate': 0.0012470387062643743, 'subsample': 0.965594222519931, 'colsample_bytree': 0.33876075602483424, 'reg_alpha': 1.0068729039348863, 'reg_lambda': 3.412323219346379, 'gamma': 1.0}. Best is trial 163 with value: 0.7899015848028625.
[I 2023-10-20 09:17:06,407] Trial 247 finished with value: 0.7897557692629745 and parameters: {'n_estimators': 11500, 'max_depth': 4, 'min_child_weight': 8, 'learning_rate': 0.0013929612748337773, 'subsample': 0.9566466607258995, 'colsample_bytree': 0.30141874925804674, 'reg_alpha': 1.7658687826900048, 'reg_lambda': 4.032711594463853, 'gamma': 1.0}. Best is trial 163 with value: 0.7899015848028625.
[I 2023-10-20 09:17:27,626] Trial 248 finished with value: 0.7897479052579283 and parameters: {'n_estimators': 11300, 'max_depth': 4, 'min_child_weight': 8, 'learning_rate': 0.0011277445729660637, 'subsample': 0.9403403831041198, 'colsample_bytree': 0.3216233067819102, 'reg_alpha': 2.0341194798816615, 'reg_lambda': 3.090775055193897, 'gamma': 1.0}. Best is trial 163 with value: 0.7899015848028625.
[I 2023-10-20 09:17:48,166] Trial 249 finished with value: 0.7898475694851484 and parameters: {'n_estimators': 11500, 'max_depth': 4, 'min_child_weight': 8, 'learning_rate': 0.0015710055571516856, 'subsample': 0.9634750066020805, 'colsample_bytree': 0.3729488160819956, 'reg_alpha': 1.5246839434758475, 'reg_lambda': 3.588000116501404, 'gamma': 1.0}. Best is trial 163 with value: 0.7899015848028625.
[I 2023-10-20 09:18:05,291] Trial 250 finished with value: 0.7891273257079698 and parameters: {'n_estimators': 9000, 'max_depth': 4, 'min_child_weight': 8, 'learning_rate': 0.0007964550626522953, 'subsample': 0.9574991927326989, 'colsample_bytree': 0.35223208099678033, 'reg_alpha': 1.8924297127245309, 'reg_lambda': 2.963737242969873, 'gamma': 1.0}. Best is trial 163 with value: 0.7899015848028625.
[I 2023-10-20 09:18:37,102] Trial 251 finished with value: 0.7891335080579883 and parameters: {'n_estimators': 11500, 'max_depth': 6, 'min_child_weight': 8, 'learning_rate': 0.0013051972405971656, 'subsample': 0.7920972232682146, 'colsample_bytree': 0.3833309146538025, 'reg_alpha': 1.6944502865005484, 'reg_lambda': 3.367174983367152, 'gamma': 1.0}. Best is trial 163 with value: 0.7899015848028625.
[I 2023-10-20 09:18:58,599] Trial 252 finished with value: 0.789620169254043 and parameters: {'n_estimators': 11400, 'max_depth': 4, 'min_child_weight': 8, 'learning_rate': 0.0009587339885941106, 'subsample': 0.9685381149648972, 'colsample_bytree': 0.33045251405337295, 'reg_alpha': 2.131648893795922, 'reg_lambda': 3.682696105987399, 'gamma': 1.0}. Best is trial 163 with value: 0.7899015848028625.
[I 2023-10-20 09:19:19,804] Trial 253 finished with value: 0.7895649188618895 and parameters: {'n_estimators': 11700, 'max_depth': 4, 'min_child_weight': 8, 'learning_rate': 0.0015867207460308521, 'subsample': 0.9485043069003246, 'colsample_bytree': 0.5423221780791808, 'reg_alpha': 1.2552740714642008, 'reg_lambda': 4.007268730311665, 'gamma': 1.0}. Best is trial 163 with value: 0.7899015848028625.
[I 2023-10-20 09:19:52,036] Trial 254 finished with value: 0.7887990052417396 and parameters: {'n_estimators': 11200, 'max_depth': 7, 'min_child_weight': 8, 'learning_rate': 0.0011970828274308267, 'subsample': 0.9621314363304462, 'colsample_bytree': 0.5652042794587676, 'reg_alpha': 1.548679896089073, 'reg_lambda': 3.5139215573758826, 'gamma': 1.0}. Best is trial 163 with value: 0.7899015848028625.
[I 2023-10-20 09:20:11,705] Trial 255 finished with value: 0.7898086890626832 and parameters: {'n_estimators': 11600, 'max_depth': 4, 'min_child_weight': 8, 'learning_rate': 0.0019257384921757292, 'subsample': 0.9681262397647115, 'colsample_bytree': 0.3623301133995377, 'reg_alpha': 0.9690307685939236, 'reg_lambda': 3.854066145503485, 'gamma': 1.0}. Best is trial 163 with value: 0.7899015848028625.
[I 2023-10-20 09:20:32,523] Trial 256 finished with value: 0.7898375702666645 and parameters: {'n_estimators': 11100, 'max_depth': 4, 'min_child_weight': 8, 'learning_rate': 0.0013698633584340357, 'subsample': 0.8846991673902729, 'colsample_bytree': 0.34365888106086323, 'reg_alpha': 1.900715895959194, 'reg_lambda': 3.6697508044555827, 'gamma': 1.0}. Best is trial 163 with value: 0.7899015848028625.
[I 2023-10-20 09:20:52,962] Trial 257 finished with value: 0.7898164693338693 and parameters: {'n_estimators': 11400, 'max_depth': 4, 'min_child_weight': 8, 'learning_rate': 0.0016136206002017254, 'subsample': 0.9515010284952168, 'colsample_bytree': 0.31016008740211437, 'reg_alpha': 2.1078221060535016, 'reg_lambda': 3.2832689961059223, 'gamma': 1.0}. Best is trial 163 with value: 0.7899015848028625.
[I 2023-10-20 09:21:14,921] Trial 258 finished with value: 0.7857749429214186 and parameters: {'n_estimators': 11500, 'max_depth': 4, 'min_child_weight': 8, 'learning_rate': 0.00016624884045067452, 'subsample': 0.9591101094704146, 'colsample_bytree': 0.3897805969038787, 'reg_alpha': 1.7436122453760974, 'reg_lambda': 3.8940659064184766, 'gamma': 1.0}. Best is trial 163 with value: 0.7899015848028625.
[I 2023-10-20 09:21:36,539] Trial 259 finished with value: 0.7898146830115162 and parameters: {'n_estimators': 11600, 'max_depth': 4, 'min_child_weight': 8, 'learning_rate': 0.001175412166366383, 'subsample': 0.9694549866837142, 'colsample_bytree': 0.3723213684137235, 'reg_alpha': 1.418965556072383, 'reg_lambda': 2.961581826179858, 'gamma': 1.0}. Best is trial 163 with value: 0.7899015848028625.
[I 2023-10-20 09:21:56,901] Trial 260 finished with value: 0.7898775113180267 and parameters: {'n_estimators': 11300, 'max_depth': 4, 'min_child_weight': 8, 'learning_rate': 0.0014250379087377204, 'subsample': 0.9648231669624149, 'colsample_bytree': 0.34720630372731043, 'reg_alpha': 1.9168205270607426, 'reg_lambda': 4.06998976482396, 'gamma': 1.0}. Best is trial 163 with value: 0.7899015848028625.
[I 2023-10-20 09:22:17,127] Trial 261 finished with value: 0.7898307599126935 and parameters: {'n_estimators': 11300, 'max_depth': 4, 'min_child_weight': 8, 'learning_rate': 0.0017224572664703381, 'subsample': 0.9584297638398017, 'colsample_bytree': 0.2860201433310107, 'reg_alpha': 0.8002629973216369, 'reg_lambda': 3.958153687039296, 'gamma': 1.0}. Best is trial 163 with value: 0.7899015848028625.
[I 2023-10-20 09:22:38,302] Trial 262 finished with value: 0.7895435946388001 and parameters: {'n_estimators': 11200, 'max_depth': 4, 'min_child_weight': 8, 'learning_rate': 0.0009076580828500608, 'subsample': 0.9515632804066819, 'colsample_bytree': 0.3436890147158607, 'reg_alpha': 1.955488564646735, 'reg_lambda': 3.546223245324469, 'gamma': 1.0}. Best is trial 163 with value: 0.7899015848028625.
[I 2023-10-20 09:23:00,241] Trial 263 finished with value: 0.789727209038791 and parameters: {'n_estimators': 11700, 'max_depth': 4, 'min_child_weight': 8, 'learning_rate': 0.0010631884194202926, 'subsample': 0.9450506400370585, 'colsample_bytree': 0.328430507732663, 'reg_alpha': 1.572133219048362, 'reg_lambda': 4.078785626184413, 'gamma': 1.0}. Best is trial 163 with value: 0.7899015848028625.
[I 2023-10-20 09:23:20,930] Trial 264 finished with value: 0.7898542751717941 and parameters: {'n_estimators': 11300, 'max_depth': 4, 'min_child_weight': 8, 'learning_rate': 0.0013855271123771483, 'subsample': 0.9708255896932826, 'colsample_bytree': 0.3588867773928474, 'reg_alpha': 1.3150155073326977, 'reg_lambda': 3.753088746598106, 'gamma': 1.0}. Best is trial 163 with value: 0.7899015848028625.
[I 2023-10-20 09:23:40,409] Trial 265 finished with value: 0.7898082773712034 and parameters: {'n_estimators': 11400, 'max_depth': 4, 'min_child_weight': 8, 'learning_rate': 0.0020009139239345773, 'subsample': 0.9630170281489043, 'colsample_bytree': 0.31023333126888414, 'reg_alpha': 2.133899228970016, 'reg_lambda': 3.3768485754191166, 'gamma': 1.0}. Best is trial 163 with value: 0.7899015848028625.
[I 2023-10-20 09:24:01,116] Trial 266 finished with value: 0.789876715846354 and parameters: {'n_estimators': 11600, 'max_depth': 4, 'min_child_weight': 8, 'learning_rate': 0.0016363181969722832, 'subsample': 0.9555352341798116, 'colsample_bytree': 0.38116351284864125, 'reg_alpha': 1.6858796415082338, 'reg_lambda': 4.145866240071952, 'gamma': 1.0}. Best is trial 163 with value: 0.7899015848028625.
[I 2023-10-20 09:24:21,195] Trial 267 finished with value: 0.7897106925348472 and parameters: {'n_estimators': 11700, 'max_depth': 4, 'min_child_weight': 8, 'learning_rate': 0.002224923902554786, 'subsample': 0.9396358802884586, 'colsample_bytree': 0.3865446541063593, 'reg_alpha': 1.7399330901032437, 'reg_lambda': 4.057953825663834, 'gamma': 1.0}. Best is trial 163 with value: 0.7899015848028625.
[I 2023-10-20 09:24:41,936] Trial 268 finished with value: 0.7898650768397725 and parameters: {'n_estimators': 11600, 'max_depth': 4, 'min_child_weight': 8, 'learning_rate': 0.001706638294767365, 'subsample': 0.9548726073466262, 'colsample_bytree': 0.3717257919156285, 'reg_alpha': 1.888542610058896, 'reg_lambda': 4.225846459480223, 'gamma': 1.0}. Best is trial 163 with value: 0.7899015848028625.
[I 2023-10-20 09:25:02,327] Trial 269 finished with value: 0.7897426090912644 and parameters: {'n_estimators': 11700, 'max_depth': 4, 'min_child_weight': 8, 'learning_rate': 0.0018738594684893015, 'subsample': 0.9546189524218227, 'colsample_bytree': 0.37234056209599997, 'reg_alpha': 0.4750010539848324, 'reg_lambda': 4.09144769425151, 'gamma': 1.0}. Best is trial 163 with value: 0.7899015848028625.
