[I 2023-10-20 08:27:50,901] Trial 108 finished with value: 0.7897862204768364 and parameters: {'n_estimators': 10900, 'max_depth': 4, 'min_child_weight': 8, 'learning_rate': 0.0014463006438031043, 'subsample': 0.9710779366914294, 'colsample_bytree': 0.33609484827907365, 'reg_alpha': 4.035608523426964, 'reg_lambda': 5.081813146275846, 'gamma': 0.7}. Best is trial 107 with value: 0.7898549869096065.
[I 2023-10-20 08:28:08,515] Trial 109 finished with value: 0.7896652041152401 and parameters: {'n_estimators': 8100, 'max_depth': 5, 'min_child_weight': 8, 'learning_rate': 0.001986619724830106, 'subsample': 0.9682577724910508, 'colsample_bytree': 0.31410514938292644, 'reg_alpha': 4.287066298164229, 'reg_lambda': 5.649129739982195, 'gamma': 0.7}. Best is trial 107 with value: 0.7898549869096065.
[I 2023-10-20 08:28:29,697] Trial 110 finished with value: 0.7897766887724058 and parameters: {'n_estimators': 11100, 'max_depth': 4, 'min_child_weight': 8, 'learning_rate': 0.001161552638563601, 'subsample': 0.9795187813636214, 'colsample_bytree': 0.36755613065662174, 'reg_alpha': 3.687557117117269, 'reg_lambda': 5.384549641883741, 'gamma': 0.7}. Best is trial 107 with value: 0.7898549869096065.
[I 2023-10-20 08:28:48,787] Trial 111 finished with value: 0.7898152900820035 and parameters: {'n_estimators': 10800, 'max_depth': 4, 'min_child_weight': 8, 'learning_rate': 0.0017444274023611609, 'subsample': 0.9941580215285983, 'colsample_bytree': 0.32781448432096777, 'reg_alpha': 3.8202592083515086, 'reg_lambda': 5.90269663892072, 'gamma': 0.7}. Best is trial 107 with value: 0.7898549869096065.
[I 2023-10-20 08:29:08,261] Trial 112 finished with value: 0.7898504234142203 and parameters: {'n_estimators': 10800, 'max_depth': 4, 'min_child_weight': 8, 'learning_rate': 0.001791143323671767, 'subsample': 0.9770795763537559, 'colsample_bytree': 0.3426437810393736, 'reg_alpha': 3.941839907990959, 'reg_lambda': 5.835703586112093, 'gamma': 0.7}. Best is trial 107 with value: 0.7898549869096065.
[I 2023-10-20 08:29:28,859] Trial 113 finished with value: 0.789784783045568 and parameters: {'n_estimators': 11300, 'max_depth': 4, 'min_child_weight': 8, 'learning_rate': 0.0015613114994108422, 'subsample': 0.9778696784997293, 'colsample_bytree': 0.41529832913330234, 'reg_alpha': 4.207821956216286, 'reg_lambda': 5.242287751573428, 'gamma': 0.7}. Best is trial 107 with value: 0.7898549869096065.
[I 2023-10-20 08:29:49,022] Trial 114 finished with value: 0.7894202965295107 and parameters: {'n_estimators': 10500, 'max_depth': 4, 'min_child_weight': 8, 'learning_rate': 0.0009035709957887365, 'subsample': 0.9569337435533647, 'colsample_bytree': 0.35594602194051733, 'reg_alpha': 4.434069520640021, 'reg_lambda': 4.942446638618136, 'gamma': 0.7}. Best is trial 107 with value: 0.7898549869096065.
[I 2023-10-20 08:30:07,160] Trial 115 finished with value: 0.7897489100642517 and parameters: {'n_estimators': 10700, 'max_depth': 4, 'min_child_weight': 8, 'learning_rate': 0.002236388962644577, 'subsample': 0.9832202406389338, 'colsample_bytree': 0.31365455843568346, 'reg_alpha': 4.002193664644139, 'reg_lambda': 5.710407858814657, 'gamma': 0.7}. Best is trial 107 with value: 0.7898549869096065.
[I 2023-10-20 08:30:27,703] Trial 116 finished with value: 0.7897685456544916 and parameters: {'n_estimators': 10600, 'max_depth': 4, 'min_child_weight': 8, 'learning_rate': 0.0012694957604835989, 'subsample': 0.9730900447458154, 'colsample_bytree': 0.3816098534955724, 'reg_alpha': 3.6657674463298147, 'reg_lambda': 6.24745125436288, 'gamma': 0.7}. Best is trial 107 with value: 0.7898549869096065.
[I 2023-10-20 08:30:47,706] Trial 117 finished with value: 0.789780980132746 and parameters: {'n_estimators': 10800, 'max_depth': 4, 'min_child_weight': 8, 'learning_rate': 0.0017550417727503756, 'subsample': 0.9682095103925703, 'colsample_bytree': 0.27367385016285556, 'reg_alpha': 3.2042002478488003, 'reg_lambda': 5.796820543768106, 'gamma': 0.7}. Best is trial 107 with value: 0.7898549869096065.
[I 2023-10-20 08:31:07,974] Trial 118 finished with value: 0.789820502514807 and parameters: {'n_estimators': 11900, 'max_depth': 4, 'min_child_weight': 8, 'learning_rate': 0.001466085679752483, 'subsample': 0.9996200822876957, 'colsample_bytree': 0.3995702725810471, 'reg_alpha': 4.102150013444062, 'reg_lambda': 5.549239713041419, 'gamma': 0.7}. Best is trial 107 with value: 0.7898549869096065.
[I 2023-10-20 08:31:33,557] Trial 119 finished with value: 0.7896214043284824 and parameters: {'n_estimators': 11700, 'max_depth': 5, 'min_child_weight': 8, 'learning_rate': 0.0014378010052202783, 'subsample': 0.9529967866637168, 'colsample_bytree': 0.4063356113099893, 'reg_alpha': 4.175578950215179, 'reg_lambda': 5.507151789980382, 'gamma': 0.7}. Best is trial 107 with value: 0.7898549869096065.
[I 2023-10-20 08:31:56,308] Trial 120 finished with value: 0.789706240684608 and parameters: {'n_estimators': 12000, 'max_depth': 4, 'min_child_weight': 8, 'learning_rate': 0.0010421313667740289, 'subsample': 0.9763451336902176, 'colsample_bytree': 0.3356650516381651, 'reg_alpha': 3.328380470936554, 'reg_lambda': 4.787753567731777, 'gamma': 0.7}. Best is trial 107 with value: 0.7898549869096065.
[I 2023-10-20 08:32:14,318] Trial 121 finished with value: 0.7897904001920296 and parameters: {'n_estimators': 11600, 'max_depth': 4, 'min_child_weight': 8, 'learning_rate': 0.0020920985947634335, 'subsample': 0.9957233453294511, 'colsample_bytree': 0.3661576927094291, 'reg_alpha': 4.422672499028177, 'reg_lambda': 5.28203887180825, 'gamma': 0.7}. Best is trial 107 with value: 0.7898549869096065.
[I 2023-10-20 08:32:31,627] Trial 122 finished with value: 0.7897886627144284 and parameters: {'n_estimators': 11300, 'max_depth': 4, 'min_child_weight': 8, 'learning_rate': 0.0032989654746983094, 'subsample': 0.9837560316816795, 'colsample_bytree': 0.3090278686562345, 'reg_alpha': 3.9220576016110638, 'reg_lambda': 6.35428068362951, 'gamma': 0.7}. Best is trial 107 with value: 0.7898549869096065.
[I 2023-10-20 08:32:52,018] Trial 123 finished with value: 0.7898172996946504 and parameters: {'n_estimators': 11900, 'max_depth': 4, 'min_child_weight': 8, 'learning_rate': 0.001522901027282599, 'subsample': 0.9993182154718109, 'colsample_bytree': 0.40007603936443603, 'reg_alpha': 3.451788770787857, 'reg_lambda': 5.8663482014456925, 'gamma': 0.7}. Best is trial 107 with value: 0.7898549869096065.
[I 2023-10-20 08:33:12,979] Trial 124 finished with value: 0.7898394333450559 and parameters: {'n_estimators': 11700, 'max_depth': 4, 'min_child_weight': 8, 'learning_rate': 0.0015633897562576866, 'subsample': 0.9849346088418358, 'colsample_bytree': 0.3994838187292634, 'reg_alpha': 3.5351240962538513, 'reg_lambda': 5.5764121638226944, 'gamma': 0.7}. Best is trial 107 with value: 0.7898549869096065.
[I 2023-10-20 08:33:34,764] Trial 125 finished with value: 0.7898145434550824 and parameters: {'n_estimators': 11900, 'max_depth': 4, 'min_child_weight': 8, 'learning_rate': 0.0012351148083951829, 'subsample': 0.9988634894672076, 'colsample_bytree': 0.44020166242171455, 'reg_alpha': 3.4973314786228653, 'reg_lambda': 5.091112498780589, 'gamma': 0.7}. Best is trial 107 with value: 0.7898549869096065.
[I 2023-10-20 08:33:57,385] Trial 126 finished with value: 0.7897651893222583 and parameters: {'n_estimators': 11900, 'max_depth': 4, 'min_child_weight': 8, 'learning_rate': 0.001007648835108978, 'subsample': 0.9991354691715336, 'colsample_bytree': 0.4133559560436276, 'reg_alpha': 3.4557701698162506, 'reg_lambda': 4.681007948566357, 'gamma': 0.7}. Best is trial 107 with value: 0.7898549869096065.
[I 2023-10-20 08:34:19,891] Trial 127 finished with value: 0.7898293224814249 and parameters: {'n_estimators': 11900, 'max_depth': 4, 'min_child_weight': 8, 'learning_rate': 0.0012433509872360187, 'subsample': 0.9861150546841155, 'colsample_bytree': 0.3976900168305902, 'reg_alpha': 3.0891070979216853, 'reg_lambda': 5.0695718756002295, 'gamma': 0.7}. Best is trial 107 with value: 0.7898549869096065.
[I 2023-10-20 08:34:41,799] Trial 128 finished with value: 0.7897835968158805 and parameters: {'n_estimators': 11900, 'max_depth': 4, 'min_child_weight': 8, 'learning_rate': 0.0012028728452960977, 'subsample': 0.9992950960276258, 'colsample_bytree': 0.3959299716657921, 'reg_alpha': 3.0818167282901987, 'reg_lambda': 5.009024861242262, 'gamma': 0.7}. Best is trial 107 with value: 0.7898549869096065.
[I 2023-10-20 08:35:04,356] Trial 129 finished with value: 0.789688258838109 and parameters: {'n_estimators': 11800, 'max_depth': 4, 'min_child_weight': 8, 'learning_rate': 0.0008772512235299205, 'subsample': 0.9883027491547061, 'colsample_bytree': 0.4372360278709247, 'reg_alpha': 3.3481816035527245, 'reg_lambda': 5.176018264097625, 'gamma': 0.7}. Best is trial 107 with value: 0.7898549869096065.
[I 2023-10-20 08:35:26,153] Trial 130 finished with value: 0.7897104901780182 and parameters: {'n_estimators': 11700, 'max_depth': 4, 'min_child_weight': 8, 'learning_rate': 0.0014625388811124677, 'subsample': 0.9775354249172797, 'colsample_bytree': 0.4673547086512375, 'reg_alpha': 2.9133623520684524, 'reg_lambda': 5.416685084014752, 'gamma': 0.7}. Best is trial 107 with value: 0.7898549869096065.
[I 2023-10-20 08:35:48,609] Trial 131 finished with value: 0.7898091426210931 and parameters: {'n_estimators': 11900, 'max_depth': 4, 'min_child_weight': 8, 'learning_rate': 0.001234899856854798, 'subsample': 0.9838724487693118, 'colsample_bytree': 0.36779175557601007, 'reg_alpha': 3.5151891607789927, 'reg_lambda': 5.0914416754050915, 'gamma': 0.7}. Best is trial 107 with value: 0.7898549869096065.
[I 2023-10-20 08:36:11,196] Trial 132 finished with value: 0.7898011948821866 and parameters: {'n_estimators': 12000, 'max_depth': 4, 'min_child_weight': 8, 'learning_rate': 0.0012054968342979054, 'subsample': 0.987618698520818, 'colsample_bytree': 0.42291879943782484, 'reg_alpha': 3.4961180681671467, 'reg_lambda': 4.658116538020477, 'gamma': 0.7}. Best is trial 107 with value: 0.7898549869096065.
[I 2023-10-20 08:36:34,108] Trial 133 finished with value: 0.7896798226516839 and parameters: {'n_estimators': 11900, 'max_depth': 4, 'min_child_weight': 8, 'learning_rate': 0.0009646803202488035, 'subsample': 0.9999397032567072, 'colsample_bytree': 0.3680711346585549, 'reg_alpha': 3.692507064556288, 'reg_lambda': 5.058617676839891, 'gamma': 0.7}. Best is trial 107 with value: 0.7898549869096065.
[I 2023-10-20 08:36:56,663] Trial 134 finished with value: 0.7895107570099197 and parameters: {'n_estimators': 11700, 'max_depth': 4, 'min_child_weight': 8, 'learning_rate': 0.0007970983126783158, 'subsample': 0.9913457422192761, 'colsample_bytree': 0.40152377991298366, 'reg_alpha': 3.199581421897545, 'reg_lambda': 4.422192234876205, 'gamma': 0.7}. Best is trial 107 with value: 0.7898549869096065.
[I 2023-10-20 08:37:18,612] Trial 135 finished with value: 0.7898150179469574 and parameters: {'n_estimators': 11500, 'max_depth': 4, 'min_child_weight': 8, 'learning_rate': 0.0013716287120366087, 'subsample': 0.9828737202943734, 'colsample_bytree': 0.35592632488262604, 'reg_alpha': 2.834287432651682, 'reg_lambda': 5.341019756309068, 'gamma': 0.7}. Best is trial 107 with value: 0.7898549869096065.
[I 2023-10-20 08:37:40,420] Trial 136 finished with value: 0.7895593226488927 and parameters: {'n_estimators': 11500, 'max_depth': 4, 'min_child_weight': 8, 'learning_rate': 0.0014253250777148802, 'subsample': 0.9621015582169509, 'colsample_bytree': 0.5117645829020734, 'reg_alpha': 2.6521215655365875, 'reg_lambda': 5.555420841575674, 'gamma': 0.7}. Best is trial 107 with value: 0.7898549869096065.
[I 2023-10-20 08:38:02,738] Trial 137 finished with value: 0.7898332998397892 and parameters: {'n_estimators': 11800, 'max_depth': 4, 'min_child_weight': 8, 'learning_rate': 0.0013418657917449134, 'subsample': 0.9757123401183784, 'colsample_bytree': 0.4540480049836526, 'reg_alpha': 2.98325526830486, 'reg_lambda': 5.266723999678321, 'gamma': 0.7}. Best is trial 107 with value: 0.7898549869096065.
[I 2023-10-20 08:38:45,810] Trial 138 finished with value: 0.7884195582759757 and parameters: {'n_estimators': 11600, 'max_depth': 8, 'min_child_weight': 8, 'learning_rate': 0.0010596785094983538, 'subsample': 0.9747859610774574, 'colsample_bytree': 0.49346015359462353, 'reg_alpha': 3.0214544511581445, 'reg_lambda': 5.2777871982594915, 'gamma': 0.7}. Best is trial 107 with value: 0.7898549869096065.
[I 2023-10-20 08:39:08,124] Trial 139 finished with value: 0.78953984057073 and parameters: {'n_estimators': 11800, 'max_depth': 4, 'min_child_weight': 8, 'learning_rate': 0.0019788717898646495, 'subsample': 0.8924512340279034, 'colsample_bytree': 0.45443355132333374, 'reg_alpha': 2.6901854052523446, 'reg_lambda': 5.5095022334062955, 'gamma': 0.7}. Best is trial 107 with value: 0.7898549869096065.
[I 2023-10-20 08:39:30,347] Trial 140 finished with value: 0.7898068538955783 and parameters: {'n_estimators': 11800, 'max_depth': 4, 'min_child_weight': 8, 'learning_rate': 0.0013565445022380106, 'subsample': 0.9796971846006323, 'colsample_bytree': 0.4303131671847497, 'reg_alpha': 3.131545457460147, 'reg_lambda': 4.8392427071413735, 'gamma': 0.7}. Best is trial 107 with value: 0.7898549869096065.
[I 2023-10-20 08:39:50,699] Trial 141 finished with value: 0.7897729905269093 and parameters: {'n_estimators': 11500, 'max_depth': 4, 'min_child_weight': 8, 'learning_rate': 0.001632014333179938, 'subsample': 0.9911634619747424, 'colsample_bytree': 0.393924309048428, 'reg_alpha': 2.8012245118638335, 'reg_lambda': 5.918089352831716, 'gamma': 0.7}. Best is trial 107 with value: 0.7898549869096065.
[I 2023-10-20 08:40:10,644] Trial 142 finished with value: 0.7897327912961445 and parameters: {'n_estimators': 12000, 'max_depth': 4, 'min_child_weight': 8, 'learning_rate': 0.002342604556019039, 'subsample': 0.985686481542657, 'colsample_bytree': 0.3509426184052603, 'reg_alpha': 2.35709287006776, 'reg_lambda': 5.351550856781668, 'gamma': 0.7}. Best is trial 107 with value: 0.7898549869096065.
[I 2023-10-20 08:40:31,922] Trial 143 finished with value: 0.7897404110774315 and parameters: {'n_estimators': 11600, 'max_depth': 4, 'min_child_weight': 8, 'learning_rate': 0.0015354942004413145, 'subsample': 0.9913632436785362, 'colsample_bytree': 0.2928384040868273, 'reg_alpha': 3.2268754541031353, 'reg_lambda': 5.616461861483561, 'gamma': 0.7}. Best is trial 107 with value: 0.7898549869096065.
[I 2023-10-20 08:40:54,289] Trial 144 finished with value: 0.7897953753788958 and parameters: {'n_estimators': 11700, 'max_depth': 4, 'min_child_weight': 8, 'learning_rate': 0.001169698746736533, 'subsample': 0.9811047285419909, 'colsample_bytree': 0.384665128130093, 'reg_alpha': 2.9067831022812816, 'reg_lambda': 6.1514619507918065, 'gamma': 0.7}. Best is trial 107 with value: 0.7898549869096065.
[I 2023-10-20 08:41:29,959] Trial 145 finished with value: 0.787634888271119 and parameters: {'n_estimators': 11800, 'max_depth': 9, 'min_child_weight': 8, 'learning_rate': 0.0019209881295771123, 'subsample': 0.9712741288157544, 'colsample_bytree': 0.46302477301554085, 'reg_alpha': 3.635656918737318, 'reg_lambda': 4.924751533255069, 'gamma': 0.7}. Best is trial 107 with value: 0.7898549869096065.
[I 2023-10-20 08:41:51,823] Trial 146 finished with value: 0.7895517447345358 and parameters: {'n_estimators': 11400, 'max_depth': 4, 'min_child_weight': 8, 'learning_rate': 0.0009594321283947035, 'subsample': 0.9957687863401496, 'colsample_bytree': 0.3229361343497811, 'reg_alpha': 3.370555492120789, 'reg_lambda': 5.196678165381078, 'gamma': 0.7}. Best is trial 107 with value: 0.7898549869096065.
[I 2023-10-20 08:42:14,789] Trial 147 finished with value: 0.7894889234058469 and parameters: {'n_estimators': 11900, 'max_depth': 4, 'min_child_weight': 8, 'learning_rate': 0.0006836876544241247, 'subsample': 0.9998496933633206, 'colsample_bytree': 0.4112539568964239, 'reg_alpha': 3.8753033467045173, 'reg_lambda': 5.85250110901197, 'gamma': 0.7}. Best is trial 107 with value: 0.7898549869096065.
[I 2023-10-20 08:42:35,077] Trial 148 finished with value: 0.7898136014491541 and parameters: {'n_estimators': 11700, 'max_depth': 4, 'min_child_weight': 8, 'learning_rate': 0.001375384795024302, 'subsample': 0.9862861714963921, 'colsample_bytree': 0.4390660085265048, 'reg_alpha': 3.7211649544299212, 'reg_lambda': 6.12119510200344, 'gamma': 1.0}. Best is trial 107 with value: 0.7898549869096065.
[I 2023-10-20 08:42:56,254] Trial 149 finished with value: 0.7898147458119114 and parameters: {'n_estimators': 11700, 'max_depth': 4, 'min_child_weight': 8, 'learning_rate': 0.0013407505978368672, 'subsample': 0.961255028278141, 'colsample_bytree': 0.44598272814411316, 'reg_alpha': 3.074002137970636, 'reg_lambda': 6.029160638952918, 'gamma': 1.0}. Best is trial 107 with value: 0.7898549869096065.
[I 2023-10-20 08:43:17,150] Trial 150 finished with value: 0.7897631587761459 and parameters: {'n_estimators': 11600, 'max_depth': 4, 'min_child_weight': 8, 'learning_rate': 0.0013224863329151437, 'subsample': 0.9628561353018368, 'colsample_bytree': 0.47736113138878833, 'reg_alpha': 3.197678983049857, 'reg_lambda': 5.604504908705014, 'gamma': 1.0}. Best is trial 107 with value: 0.7898549869096065.
[I 2023-10-20 08:43:37,004] Trial 151 finished with value: 0.7898517561781633 and parameters: {'n_estimators': 11800, 'max_depth': 4, 'min_child_weight': 8, 'learning_rate': 0.001633757214178985, 'subsample': 0.9760805465050915, 'colsample_bytree': 0.4332508924350196, 'reg_alpha': 3.0088375111574233, 'reg_lambda': 6.0771157189255005, 'gamma': 1.0}. Best is trial 107 with value: 0.7898549869096065.
[I 2023-10-20 08:43:55,828] Trial 152 finished with value: 0.7897507382535349 and parameters: {'n_estimators': 11700, 'max_depth': 4, 'min_child_weight': 8, 'learning_rate': 0.0015910419508876601, 'subsample': 0.9872364546828116, 'colsample_bytree': 0.45932792538227873, 'reg_alpha': 2.9982349920009974, 'reg_lambda': 6.105007890598672, 'gamma': 1.0}. Best is trial 107 with value: 0.7898549869096065.
[I 2023-10-20 08:44:18,041] Trial 153 finished with value: 0.7897951381329582 and parameters: {'n_estimators': 12000, 'max_depth': 4, 'min_child_weight': 8, 'learning_rate': 0.0011180743249676146, 'subsample': 0.9800884126041608, 'colsample_bytree': 0.4231558956346117, 'reg_alpha': 2.4015533405333818, 'reg_lambda': 5.83103771218539, 'gamma': 1.0}. Best is trial 107 with value: 0.7898549869096065.
[I 2023-10-20 08:44:38,761] Trial 154 finished with value: 0.7898418476713612 and parameters: {'n_estimators': 11800, 'max_depth': 4, 'min_child_weight': 8, 'learning_rate': 0.0013790371957531364, 'subsample': 0.9739967068519079, 'colsample_bytree': 0.44694776158076194, 'reg_alpha': 2.865253383722232, 'reg_lambda': 5.402092037022463, 'gamma': 1.0}. Best is trial 107 with value: 0.7898549869096065.
[I 2023-10-20 08:44:58,241] Trial 155 finished with value: 0.7898659560453056 and parameters: {'n_estimators': 11800, 'max_depth': 4, 'min_child_weight': 8, 'learning_rate': 0.0017725314201885794, 'subsample': 0.9734530397089813, 'colsample_bytree': 0.45253795878721126, 'reg_alpha': 2.8814413344191543, 'reg_lambda': 5.325392474761288, 'gamma': 1.0}. Best is trial 155 with value: 0.7898659560453056.
[I 2023-10-20 08:45:20,781] Trial 156 finished with value: 0.7896865492717945 and parameters: {'n_estimators': 11900, 'max_depth': 4, 'min_child_weight': 8, 'learning_rate': 0.0008421229341919549, 'subsample': 0.9578112742441677, 'colsample_bytree': 0.4868857631109249, 'reg_alpha': 2.7985478697204735, 'reg_lambda': 5.320563156623922, 'gamma': 1.0}. Best is trial 155 with value: 0.7898659560453056.
[I 2023-10-20 08:45:39,947] Trial 157 finished with value: 0.789897391132026 and parameters: {'n_estimators': 11800, 'max_depth': 4, 'min_child_weight': 8, 'learning_rate': 0.0017699369975045108, 'subsample': 0.9753074996693133, 'colsample_bytree': 0.4449745541498126, 'reg_alpha': 2.6094970204529124, 'reg_lambda': 5.091725874224361, 'gamma': 1.0}. Best is trial 157 with value: 0.789897391132026.
[I 2023-10-20 08:45:59,721] Trial 158 finished with value: 0.7897333076549495 and parameters: {'n_estimators': 11800, 'max_depth': 4, 'min_child_weight': 8, 'learning_rate': 0.0017549452852221217, 'subsample': 0.9668051626249135, 'colsample_bytree': 0.4994255398271279, 'reg_alpha': 2.586297780322281, 'reg_lambda': 5.511703598596408, 'gamma': 1.0}. Best is trial 157 with value: 0.789897391132026.
[I 2023-10-20 08:46:19,670] Trial 159 finished with value: 0.7897609398288479 and parameters: {'n_estimators': 11800, 'max_depth': 4, 'min_child_weight': 8, 'learning_rate': 0.0019310144894954012, 'subsample': 0.9500809568122982, 'colsample_bytree': 0.44565704528088923, 'reg_alpha': 2.942219301751918, 'reg_lambda': 4.4344328087296905, 'gamma': 1.0}. Best is trial 157 with value: 0.789897391132026.
[I 2023-10-20 08:46:40,169] Trial 160 finished with value: 0.7896497482401934 and parameters: {'n_estimators': 12000, 'max_depth': 5, 'min_child_weight': 8, 'learning_rate': 0.0021362917531747836, 'subsample': 0.9728848499713694, 'colsample_bytree': 0.4691867038748392, 'reg_alpha': 2.1140586954337555, 'reg_lambda': 5.363553250498875, 'gamma': 1.0}. Best is trial 157 with value: 0.789897391132026.
[I 2023-10-20 08:47:00,439] Trial 161 finished with value: 0.789845769207152 and parameters: {'n_estimators': 11900, 'max_depth': 4, 'min_child_weight': 8, 'learning_rate': 0.001514045638716745, 'subsample': 0.9745020712849399, 'colsample_bytree': 0.44034552599834054, 'reg_alpha': 2.8188133555389805, 'reg_lambda': 5.210364053935759, 'gamma': 1.0}. Best is trial 157 with value: 0.789897391132026.
