[I 2023-10-20 10:39:10,058] Trial 486 finished with value: 0.7896333503592183 and parameters: {'n_estimators': 11800, 'max_depth': 5, 'min_child_weight': 8, 'learning_rate': 0.001383784424293685, 'subsample': 0.9435712027454087, 'colsample_bytree': 0.44043954968923454, 'reg_alpha': 4.260824410485139, 'reg_lambda': 3.659501065182447, 'gamma': 0.7999999999999999}. Best is trial 163 with value: 0.7899015848028625.
[I 2023-10-20 10:39:31,142] Trial 487 finished with value: 0.7796608220432178 and parameters: {'n_estimators': 11200, 'max_depth': 4, 'min_child_weight': 8, 'learning_rate': 0.00010347983035774047, 'subsample': 0.9724505845980067, 'colsample_bytree': 0.1563770774773276, 'reg_alpha': 6.2251345404896865, 'reg_lambda': 3.8514327246981086, 'gamma': 1.0}. Best is trial 163 with value: 0.7899015848028625.
[I 2023-10-20 10:39:53,490] Trial 488 finished with value: 0.7847193310781014 and parameters: {'n_estimators': 11600, 'max_depth': 4, 'min_child_weight': 8, 'learning_rate': 0.0001427687173337378, 'subsample': 0.9552493518131698, 'colsample_bytree': 0.34133940032173754, 'reg_alpha': 5.222416757766764, 'reg_lambda': 9.806406795833041, 'gamma': 1.0}. Best is trial 163 with value: 0.7899015848028625.
[I 2023-10-20 10:40:15,502] Trial 489 finished with value: 0.7895515284220632 and parameters: {'n_estimators': 11500, 'max_depth': 4, 'min_child_weight': 8, 'learning_rate': 0.0009711847488975041, 'subsample': 0.8535225564412978, 'colsample_bytree': 0.592072340439388, 'reg_alpha': 5.000904351473052, 'reg_lambda': 4.180693858036359, 'gamma': 1.0}. Best is trial 163 with value: 0.7899015848028625.
[I 2023-10-20 10:40:35,890] Trial 490 finished with value: 0.7898477927754425 and parameters: {'n_estimators': 11700, 'max_depth': 4, 'min_child_weight': 8, 'learning_rate': 0.0015895072604272444, 'subsample': 0.9832742988024321, 'colsample_bytree': 0.3988292450937412, 'reg_alpha': 0.8207294974539461, 'reg_lambda': 6.77813471130077, 'gamma': 1.0}. Best is trial 163 with value: 0.7899015848028625.
[I 2023-10-20 10:41:28,057] Trial 491 finished with value: 0.7865806231473884 and parameters: {'n_estimators': 11300, 'max_depth': 10, 'min_child_weight': 8, 'learning_rate': 0.001171378595957179, 'subsample': 0.9625857603647888, 'colsample_bytree': 0.7386072820053611, 'reg_alpha': 1.2259693924279225, 'reg_lambda': 3.0046212656673217, 'gamma': 1.0}. Best is trial 163 with value: 0.7899015848028625.
[I 2023-10-20 10:41:44,316] Trial 492 finished with value: 0.7898109219656244 and parameters: {'n_estimators': 9500, 'max_depth': 4, 'min_child_weight': 8, 'learning_rate': 0.0022328102882260563, 'subsample': 0.9687844621779527, 'colsample_bytree': 0.2776152776199987, 'reg_alpha': 2.1117531753461343, 'reg_lambda': 5.709438425540792, 'gamma': 1.0}. Best is trial 163 with value: 0.7899015848028625.
[I 2023-10-20 10:42:04,749] Trial 493 finished with value: 0.789490074746426 and parameters: {'n_estimators': 11600, 'max_depth': 4, 'min_child_weight': 8, 'learning_rate': 0.0013769863979041994, 'subsample': 0.9536094018603303, 'colsample_bytree': 0.30866775948554576, 'reg_alpha': 9.73617992913325, 'reg_lambda': 3.4362161019355684, 'gamma': 1.0}. Best is trial 163 with value: 0.7899015848028625.
[I 2023-10-20 10:42:25,476] Trial 494 finished with value: 0.7897757607221207 and parameters: {'n_estimators': 11100, 'max_depth': 4, 'min_child_weight': 8, 'learning_rate': 0.0017752072359597934, 'subsample': 0.8769118711580856, 'colsample_bytree': 0.35627373892360936, 'reg_alpha': 1.6907626880667372, 'reg_lambda': 3.9831236166820267, 'gamma': 1.0}. Best is trial 163 with value: 0.7899015848028625.
[I 2023-10-20 10:42:39,639] Trial 495 finished with value: 0.7830989483027146 and parameters: {'n_estimators': 12000, 'max_depth': 4, 'min_child_weight': 8, 'learning_rate': 0.09684868035264198, 'subsample': 0.9162999793023505, 'colsample_bytree': 0.37972385970204525, 'reg_alpha': 2.4304497154342073, 'reg_lambda': 3.6270458497143214, 'gamma': 0.8999999999999999}. Best is trial 163 with value: 0.7899015848028625.
[I 2023-10-20 10:43:00,088] Trial 496 finished with value: 0.7898422244737326 and parameters: {'n_estimators': 11300, 'max_depth': 4, 'min_child_weight': 8, 'learning_rate': 0.0015359324288338834, 'subsample': 0.9599581654086199, 'colsample_bytree': 0.4109901600415119, 'reg_alpha': 1.9208473210795747, 'reg_lambda': 5.14188979937719, 'gamma': 1.0}. Best is trial 163 with value: 0.7899015848028625.
[I 2023-10-20 10:43:21,356] Trial 497 finished with value: 0.7893651926716126 and parameters: {'n_estimators': 11500, 'max_depth': 4, 'min_child_weight': 8, 'learning_rate': 0.0007519520095868373, 'subsample': 0.9755322613370626, 'colsample_bytree': 0.33353586127413987, 'reg_alpha': 0.1427970862288901, 'reg_lambda': 4.299434320970883, 'gamma': 1.0}. Best is trial 163 with value: 0.7899015848028625.
[I 2023-10-20 10:43:42,826] Trial 498 finished with value: 0.7897666686204567 and parameters: {'n_estimators': 11400, 'max_depth': 4, 'min_child_weight': 8, 'learning_rate': 0.0010697562665829782, 'subsample': 0.7638358813805135, 'colsample_bytree': 0.4555670452363535, 'reg_alpha': 0.9908944469479001, 'reg_lambda': 2.4934239673205014, 'gamma': 1.0}. Best is trial 163 with value: 0.7899015848028625.
[I 2023-10-20 10:44:04,789] Trial 499 finished with value: 0.7898486231362238 and parameters: {'n_estimators': 11800, 'max_depth': 4, 'min_child_weight': 8, 'learning_rate': 0.0013197181562909896, 'subsample': 0.909672090421524, 'colsample_bytree': 0.35625412551198804, 'reg_alpha': 1.4086947477516296, 'reg_lambda': 7.836383489579902, 'gamma': 1.0}. Best is trial 163 with value: 0.7899015848028625.
Best Hyperparameters: {'n_estimators': 11800, 'max_depth': 4, 'min_child_weight': 8, 'learning_rate': 0.0015437834544374147, 'subsample': 0.9689605630322542, 'colsample_bytree': 0.40144183702599706, 'reg_alpha': 2.7626161378981835, 'reg_lambda': 4.9306590479697965, 'gamma': 1.0}
Best ROC AUC: 0.7899015848028625
Final ROC AUC with Best Hyperparameters: 0.7898619577534763

n_estimators=11800, max_depth=4, min_child_weight=8, learning_rate=0.0015437834544374147, subsample=0.9689605630322542, colsample_bytree=0.40144183702599706, reg_alpha=2.7626161378981835, reg_lambda=4.9306590479697965, gamma=1.0