[I 2023-10-20 08:53:34,699] A new study created in memory with name: no-name-39772208-caba-4e65-a92e-5bf894355967
[I 2023-10-20 08:54:37,041] Trial 0 finished with value: 0.7865468923573313 and parameters: {'n_estimators': 10000, 'max_depth': 9, 'min_child_weight': 8, 'learning_rate': 0.010103192405429503, 'subsample': 0.9456953166953506, 'colsample_bytree': 0.16936929350485302, 'reg_alpha': 1.2026200655918802, 'reg_lambda': 9.038077297042811, 'gamma': 0.7}. Best is trial 0 with value: 0.7865468923573313.
[I 2023-10-20 08:56:04,721] Trial 1 finished with value: 0.7886565320784419 and parameters: {'n_estimators': 7600, 'max_depth': 7, 'min_child_weight': 8, 'learning_rate': 0.001809102643504301, 'subsample': 0.8889098390678152, 'colsample_bytree': 0.5436320230344586, 'reg_alpha': 8.273457067406998, 'reg_lambda': 7.350197086857051, 'gamma': 0.7}. Best is trial 1 with value: 0.7886565320784419.
[I 2023-10-20 08:57:49,741] Trial 2 finished with value: 0.7892969635311127 and parameters: {'n_estimators': 10700, 'max_depth': 6, 'min_child_weight': 7, 'learning_rate': 0.0009123469542042276, 'subsample': 0.9580912023228972, 'colsample_bytree': 0.2559953023039303, 'reg_alpha': 9.322178495215017, 'reg_lambda': 0.37824891501666663, 'gamma': 0.7}. Best is trial 2 with value: 0.7892969635311127.
[I 2023-10-20 08:59:27,776] Trial 3 finished with value: 0.7876209675168444 and parameters: {'n_estimators': 10000, 'max_depth': 9, 'min_child_weight': 7, 'learning_rate': 0.0019615214203498733, 'subsample': 0.9702832334965212, 'colsample_bytree': 0.6182839313766954, 'reg_alpha': 1.6026815136181856, 'reg_lambda': 4.2684082936153525, 'gamma': 1.0}. Best is trial 2 with value: 0.7892969635311127.
[I 2023-10-20 09:01:01,693] Trial 4 finished with value: 0.7849217995523029 and parameters: {'n_estimators': 11900, 'max_depth': 5, 'min_child_weight': 8, 'learning_rate': 0.0059898027079065275, 'subsample': 0.8102855669790923, 'colsample_bytree': 0.4890472897289361, 'reg_alpha': 1.0349046369694466, 'reg_lambda': 2.765385532273361, 'gamma': 0.7}. Best is trial 2 with value: 0.7892969635311127.
[I 2023-10-20 09:03:22,599] Trial 5 finished with value: 0.7805746864166933 and parameters: {'n_estimators': 7900, 'max_depth': 9, 'min_child_weight': 7, 'learning_rate': 0.003912959205105373, 'subsample': 0.7125451005538397, 'colsample_bytree': 0.9260427146975041, 'reg_alpha': 4.419780094396905, 'reg_lambda': 8.118684999595827, 'gamma': 0.7}. Best is trial 2 with value: 0.7892969635311127.
[I 2023-10-20 09:04:44,259] Trial 6 finished with value: 0.761666206130435 and parameters: {'n_estimators': 11300, 'max_depth': 4, 'min_child_weight': 7, 'learning_rate': 0.06867507689990006, 'subsample': 0.7631643424963046, 'colsample_bytree': 0.8091944453916552, 'reg_alpha': 1.4291862831688442, 'reg_lambda': 6.3878686999167735, 'gamma': 0.7999999999999999}. Best is trial 2 with value: 0.7892969635311127.
[I 2023-10-20 09:05:36,633] Trial 7 finished with value: 0.7825026376165994 and parameters: {'n_estimators': 10900, 'max_depth': 8, 'min_child_weight': 7, 'learning_rate': 0.051157946024601546, 'subsample': 0.8475407840860519, 'colsample_bytree': 0.269251086453668, 'reg_alpha': 3.886635947783056, 'reg_lambda': 5.191378815107569, 'gamma': 1.0}. Best is trial 2 with value: 0.7892969635311127.
[I 2023-10-20 09:06:58,690] Trial 8 finished with value: 0.7637299457404585 and parameters: {'n_estimators': 9100, 'max_depth': 8, 'min_child_weight': 8, 'learning_rate': 0.03329373788657279, 'subsample': 0.7861184739449141, 'colsample_bytree': 0.6935753418933882, 'reg_alpha': 3.169392181319068, 'reg_lambda': 9.291818944751904, 'gamma': 0.7}. Best is trial 2 with value: 0.7892969635311127.
[I 2023-10-20 09:08:55,919] Trial 9 finished with value: 0.7785651993703214 and parameters: {'n_estimators': 10200, 'max_depth': 6, 'min_child_weight': 7, 'learning_rate': 0.008328912447874353, 'subsample': 0.7064089873115216, 'colsample_bytree': 0.9805821949908877, 'reg_alpha': 3.968680661022598, 'reg_lambda': 7.715768147850777, 'gamma': 0.7}. Best is trial 2 with value: 0.7892969635311127.
[I 2023-10-20 09:10:31,486] Trial 10 finished with value: 0.7869866974807272 and parameters: {'n_estimators': 8900, 'max_depth': 6, 'min_child_weight': 7, 'learning_rate': 0.0002734801356455802, 'subsample': 0.9962356203274162, 'colsample_bytree': 0.35263242384490534, 'reg_alpha': 9.80522307359468, 'reg_lambda': 0.11846608697514771, 'gamma': 0.8999999999999999}. Best is trial 2 with value: 0.7892969635311127.
[I 2023-10-20 09:11:39,826] Trial 11 finished with value: 0.7846003592182608 and parameters: {'n_estimators': 7500, 'max_depth': 7, 'min_child_weight': 8, 'learning_rate': 0.0008531129704162434, 'subsample': 0.9203968835341091, 'colsample_bytree': 0.10685462166929793, 'reg_alpha': 8.812703322254094, 'reg_lambda': 0.33170955571799965, 'gamma': 0.7999999999999999}. Best is trial 2 with value: 0.7892969635311127.
[I 2023-10-20 09:13:13,997] Trial 12 finished with value: 0.7895401894618146 and parameters: {'n_estimators': 8800, 'max_depth': 6, 'min_child_weight': 8, 'learning_rate': 0.0007737709835985511, 'subsample': 0.903866964619128, 'colsample_bytree': 0.45001015176834763, 'reg_alpha': 7.516175631900569, 'reg_lambda': 2.478890878080512, 'gamma': 0.7999999999999999}. Best is trial 12 with value: 0.7895401894618146.
[I 2023-10-20 09:14:40,264] Trial 13 finished with value: 0.7860618081489792 and parameters: {'n_estimators': 8800, 'max_depth': 5, 'min_child_weight': 8, 'learning_rate': 0.0001915578343704397, 'subsample': 0.9063706831315161, 'colsample_bytree': 0.3739435525901584, 'reg_alpha': 6.8908287759922295, 'reg_lambda': 1.70887866865785, 'gamma': 0.7999999999999999}. Best is trial 12 with value: 0.7895401894618146.
[I 2023-10-20 09:16:34,369] Trial 14 finished with value: 0.7895871850909071 and parameters: {'n_estimators': 10700, 'max_depth': 6, 'min_child_weight': 7, 'learning_rate': 0.0006333541619865225, 'subsample': 0.9441130224361738, 'colsample_bytree': 0.42339171271216863, 'reg_alpha': 6.477774250052958, 'reg_lambda': 2.143983429845062, 'gamma': 0.8999999999999999}. Best is trial 14 with value: 0.7895871850909071.
[I 2023-10-20 09:17:46,457] Trial 15 finished with value: 0.7845089916210317 and parameters: {'n_estimators': 8400, 'max_depth': 4, 'min_child_weight': 8, 'learning_rate': 0.00011255440012006415, 'subsample': 0.8750314747409701, 'colsample_bytree': 0.4514408246029412, 'reg_alpha': 6.011659412563231, 'reg_lambda': 3.475676417174732, 'gamma': 0.8999999999999999}. Best is trial 14 with value: 0.7895871850909071.
[I 2023-10-20 09:19:21,318] Trial 16 finished with value: 0.7892354191437934 and parameters: {'n_estimators': 9500, 'max_depth': 5, 'min_child_weight': 8, 'learning_rate': 0.000494481819716663, 'subsample': 0.9372571297878004, 'colsample_bytree': 0.5945309559418084, 'reg_alpha': 7.377296769830098, 'reg_lambda': 2.076994417030032, 'gamma': 0.8999999999999999}. Best is trial 14 with value: 0.7895871850909071.
[I 2023-10-20 09:22:00,400] Trial 17 finished with value: 0.7886018887567756 and parameters: {'n_estimators': 9500, 'max_depth': 10, 'min_child_weight': 7, 'learning_rate': 0.0003969257279824253, 'subsample': 0.8710579144051641, 'colsample_bytree': 0.42847189766815547, 'reg_alpha': 5.633811337605312, 'reg_lambda': 3.6248327793057395, 'gamma': 0.8999999999999999}. Best is trial 14 with value: 0.7895871850909071.
[I 2023-10-20 09:23:51,656] Trial 18 finished with value: 0.7894889792284203 and parameters: {'n_estimators': 10600, 'max_depth': 6, 'min_child_weight': 7, 'learning_rate': 0.0008426987548528016, 'subsample': 0.9136238242167013, 'colsample_bytree': 0.5135549218045247, 'reg_alpha': 7.530259894755752, 'reg_lambda': 1.7028370393369274, 'gamma': 0.7999999999999999}. Best is trial 14 with value: 0.7895871850909071.
[I 2023-10-20 09:26:09,522] Trial 19 finished with value: 0.7854691049966785 and parameters: {'n_estimators': 11600, 'max_depth': 7, 'min_child_weight': 8, 'learning_rate': 0.00011052561204269133, 'subsample': 0.9758421977883822, 'colsample_bytree': 0.3598432583692186, 'reg_alpha': 6.280987145544159, 'reg_lambda': 5.190950153550147, 'gamma': 1.0}. Best is trial 14 with value: 0.7895871850909071.
[I 2023-10-20 09:27:17,127] Trial 20 finished with value: 0.7893439242710968 and parameters: {'n_estimators': 8400, 'max_depth': 5, 'min_child_weight': 8, 'learning_rate': 0.001683327138907384, 'subsample': 0.9393096573329208, 'colsample_bytree': 0.6722271137563249, 'reg_alpha': 8.092753692807069, 'reg_lambda': 3.052631271263016, 'gamma': 0.8999999999999999}. Best is trial 14 with value: 0.7895871850909071.
[I 2023-10-20 09:29:11,102] Trial 21 finished with value: 0.7895481232450777 and parameters: {'n_estimators': 10500, 'max_depth': 6, 'min_child_weight': 7, 'learning_rate': 0.0007283633425424425, 'subsample': 0.9117197949706879, 'colsample_bytree': 0.5151953321203331, 'reg_alpha': 7.43201525486888, 'reg_lambda': 1.3718077219871112, 'gamma': 0.7999999999999999}. Best is trial 14 with value: 0.7895871850909071.
[I 2023-10-20 09:31:24,294] Trial 22 finished with value: 0.7893656601856658 and parameters: {'n_estimators': 10300, 'max_depth': 7, 'min_child_weight': 7, 'learning_rate': 0.0005408116289512814, 'subsample': 0.8974427954854083, 'colsample_bytree': 0.5270143955840861, 'reg_alpha': 7.012868380774645, 'reg_lambda': 1.3960777754663232, 'gamma': 0.7999999999999999}. Best is trial 14 with value: 0.7895871850909071.
[I 2023-10-20 09:33:29,098] Trial 23 finished with value: 0.7882246398048443 and parameters: {'n_estimators': 11000, 'max_depth': 6, 'min_child_weight': 7, 'learning_rate': 0.00024041685537891532, 'subsample': 0.9181543881063181, 'colsample_bytree': 0.435636315907107, 'reg_alpha': 5.396864453725252, 'reg_lambda': 2.6002081529797847, 'gamma': 0.7999999999999999}. Best is trial 14 with value: 0.7895871850909071.
[I 2023-10-20 09:34:56,901] Trial 24 finished with value: 0.7894776332903499 and parameters: {'n_estimators': 9500, 'max_depth': 5, 'min_child_weight': 7, 'learning_rate': 0.0011617371351621956, 'subsample': 0.8570845047940924, 'colsample_bytree': 0.5808958581245359, 'reg_alpha': 6.325787416981643, 'reg_lambda': 1.0765382137840056, 'gamma': 0.7999999999999999}. Best is trial 14 with value: 0.7895871850909071.
[I 2023-10-20 09:37:28,305] Trial 25 finished with value: 0.7891739026677609 and parameters: {'n_estimators': 11200, 'max_depth': 8, 'min_child_weight': 7, 'learning_rate': 0.0005787050678092731, 'subsample': 0.9261858973152323, 'colsample_bytree': 0.4963554760484869, 'reg_alpha': 7.648386426118731, 'reg_lambda': 2.406106875448995, 'gamma': 0.8999999999999999}. Best is trial 14 with value: 0.7895871850909071.
[I 2023-10-20 09:39:35,476] Trial 26 finished with value: 0.7890109007530466 and parameters: {'n_estimators': 10300, 'max_depth': 7, 'min_child_weight': 7, 'learning_rate': 0.0003766058403661992, 'subsample': 0.955807363979253, 'colsample_bytree': 0.4141472660814002, 'reg_alpha': 8.614792073348863, 'reg_lambda': 1.1671909243370324, 'gamma': 0.7999999999999999}. Best is trial 14 with value: 0.7895871850909071.
[I 2023-10-20 09:40:33,431] Trial 27 finished with value: 0.7895717082823952 and parameters: {'n_estimators': 9700, 'max_depth': 6, 'min_child_weight': 7, 'learning_rate': 0.0029119925911435104, 'subsample': 0.99247452993943, 'colsample_bytree': 0.3063756728953797, 'reg_alpha': 6.731678282717881, 'reg_lambda': 2.205108566953748, 'gamma': 0.8999999999999999}. Best is trial 14 with value: 0.7895871850909071.
[I 2023-10-20 09:41:30,585] Trial 28 finished with value: 0.7897672617353005 and parameters: {'n_estimators': 9800, 'max_depth': 4, 'min_child_weight': 7, 'learning_rate': 0.0028898760594956263, 'subsample': 0.9682517105043777, 'colsample_bytree': 0.30975552041970444, 'reg_alpha': 6.792962926876002, 'reg_lambda': 0.9126606745163357, 'gamma': 0.8999999999999999}. Best is trial 28 with value: 0.7897672617353005.
[I 2023-10-20 09:42:23,333] Trial 29 finished with value: 0.7897144186916305 and parameters: {'n_estimators': 9800, 'max_depth': 4, 'min_child_weight': 7, 'learning_rate': 0.003555974002831661, 'subsample': 0.9912812132300525, 'colsample_bytree': 0.24141549908621202, 'reg_alpha': 5.204923018415351, 'reg_lambda': 0.6651488599370947, 'gamma': 1.0}. Best is trial 28 with value: 0.7897672617353005.
[I 2023-10-20 09:43:08,515] Trial 30 finished with value: 0.7897330913424769 and parameters: {'n_estimators': 9900, 'max_depth': 4, 'min_child_weight': 7, 'learning_rate': 0.012095460575448191, 'subsample': 0.9788753907095014, 'colsample_bytree': 0.21216984522029209, 'reg_alpha': 5.121990048084744, 'reg_lambda': 0.8012496546407621, 'gamma': 1.0}. Best is trial 28 with value: 0.7897672617353005.
[I 2023-10-20 09:43:49,247] Trial 31 finished with value: 0.7896792016255534 and parameters: {'n_estimators': 10000, 'max_depth': 4, 'min_child_weight': 7, 'learning_rate': 0.020250005398506563, 'subsample': 0.9776008539258143, 'colsample_bytree': 0.20448021941215191, 'reg_alpha': 5.2617215544598315, 'reg_lambda': 0.8002466141020315, 'gamma': 1.0}. Best is trial 28 with value: 0.7897672617353005.
[I 2023-10-20 09:44:32,203] Trial 32 finished with value: 0.7898144666990436 and parameters: {'n_estimators': 10000, 'max_depth': 4, 'min_child_weight': 7, 'learning_rate': 0.015247951712644883, 'subsample': 0.9777307044033773, 'colsample_bytree': 0.20056283189165713, 'reg_alpha': 5.196758671970193, 'reg_lambda': 0.7811697722414868, 'gamma': 1.0}. Best is trial 32 with value: 0.7898144666990436.
[I 2023-10-20 09:45:09,750] Trial 33 finished with value: 0.7897214942028259 and parameters: {'n_estimators': 9200, 'max_depth': 4, 'min_child_weight': 7, 'learning_rate': 0.01701522771570479, 'subsample': 0.9965027980317839, 'colsample_bytree': 0.19591951697131033, 'reg_alpha': 4.83205250279445, 'reg_lambda': 0.8059982666372001, 'gamma': 1.0}. Best is trial 32 with value: 0.7898144666990436.
[I 2023-10-20 09:45:52,309] Trial 34 finished with value: 0.7894447468167178 and parameters: {'n_estimators': 9200, 'max_depth': 4, 'min_child_weight': 7, 'learning_rate': 0.012457627235414043, 'subsample': 0.9627777247558517, 'colsample_bytree': 0.16794217162851627, 'reg_alpha': 4.6950352128045605, 'reg_lambda': 0.2288532442375364, 'gamma': 1.0}. Best is trial 32 with value: 0.7898144666990436.
[I 2023-10-20 09:46:30,241] Trial 35 finished with value: 0.7893990211511731 and parameters: {'n_estimators': 9200, 'max_depth': 4, 'min_child_weight': 7, 'learning_rate': 0.015859954845550014, 'subsample': 0.9984984755288286, 'colsample_bytree': 0.15835030153600632, 'reg_alpha': 5.75658707942314, 'reg_lambda': 0.483420148388616, 'gamma': 1.0}. Best is trial 32 with value: 0.7898144666990436.
[I 2023-10-20 09:47:17,187] Trial 36 finished with value: 0.7895477743539934 and parameters: {'n_estimators': 9700, 'max_depth': 5, 'min_child_weight': 7, 'learning_rate': 0.007943053451727527, 'subsample': 0.9648116701506699, 'colsample_bytree': 0.21788506739652347, 'reg_alpha': 4.752441510135764, 'reg_lambda': 0.05644058357500947, 'gamma': 1.0}. Best is trial 32 with value: 0.7898144666990436.
[I 2023-10-20 09:48:04,948] Trial 37 finished with value: 0.789751526747386 and parameters: {'n_estimators': 10000, 'max_depth': 4, 'min_child_weight': 7, 'learning_rate': 0.005488950279867893, 'subsample': 0.9783352951736928, 'colsample_bytree': 0.2976246695913907, 'reg_alpha': 5.960443950654599, 'reg_lambda': 0.898554946681861, 'gamma': 1.0}. Best is trial 32 with value: 0.7898144666990436.
[I 2023-10-20 09:48:53,992] Trial 38 finished with value: 0.7895838706256035 and parameters: {'n_estimators': 10000, 'max_depth': 5, 'min_child_weight': 7, 'learning_rate': 0.006790970512532999, 'subsample': 0.9548519051470047, 'colsample_bytree': 0.2950638880765081, 'reg_alpha': 5.91881327818734, 'reg_lambda': 1.6211332309145166, 'gamma': 1.0}. Best is trial 32 with value: 0.7898144666990436.
[I 2023-10-20 09:49:43,723] Trial 39 finished with value: 0.7897086061661613 and parameters: {'n_estimators': 10100, 'max_depth': 4, 'min_child_weight': 7, 'learning_rate': 0.005772702045460003, 'subsample': 0.9750705269840118, 'colsample_bytree': 0.26579805574679044, 'reg_alpha': 3.102549804406789, 'reg_lambda': 0.9782279091331159, 'gamma': 1.0}. Best is trial 32 with value: 0.7898144666990436.
[I 2023-10-20 09:50:35,983] Trial 40 finished with value: 0.7896882658159307 and parameters: {'n_estimators': 10400, 'max_depth': 4, 'min_child_weight': 7, 'learning_rate': 0.0050971388018252895, 'subsample': 0.9467679412671199, 'colsample_bytree': 0.31848094351442885, 'reg_alpha': 5.697883196157813, 'reg_lambda': 0.8548952093193644, 'gamma': 1.0}. Best is trial 32 with value: 0.7898144666990436.
[I 2023-10-20 09:51:21,310] Trial 41 finished with value: 0.7896324920871504 and parameters: {'n_estimators': 9900, 'max_depth': 4, 'min_child_weight': 7, 'learning_rate': 0.011052402538710144, 'subsample': 0.981826957656098, 'colsample_bytree': 0.20560777222939336, 'reg_alpha': 4.977101598571821, 'reg_lambda': 0.6815029865205078, 'gamma': 1.0}. Best is trial 32 with value: 0.7898144666990436.
[I 2023-10-20 09:52:02,507] Trial 42 finished with value: 0.789233186240852 and parameters: {'n_estimators': 9400, 'max_depth': 4, 'min_child_weight': 7, 'learning_rate': 0.02278285986167234, 'subsample': 0.9659828634899867, 'colsample_bytree': 0.1287321987157235, 'reg_alpha': 4.456187267986892, 'reg_lambda': 1.7475444707657295, 'gamma': 1.0}. Best is trial 32 with value: 0.7898144666990436.
[I 2023-10-20 09:52:39,935] Trial 43 finished with value: 0.7899152124886262 and parameters: {'n_estimators': 8500, 'max_depth': 5, 'min_child_weight': 7, 'learning_rate': 0.011195332381371161, 'subsample': 0.9868083202625144, 'colsample_bytree': 0.2395663625836835, 'reg_alpha': 4.024597312940515, 'reg_lambda': 0.01530921878077851, 'gamma': 1.0}. Best is trial 43 with value: 0.7899152124886262.
[I 2023-10-20 09:53:27,227] Trial 44 finished with value: 0.7897620213912101 and parameters: {'n_estimators': 10900, 'max_depth': 5, 'min_child_weight': 7, 'learning_rate': 0.011092034061818416, 'subsample': 0.9827686561630634, 'colsample_bytree': 0.24851111239544144, 'reg_alpha': 4.128535154484936, 'reg_lambda': 0.02126179855564647, 'gamma': 1.0}. Best is trial 43 with value: 0.7899152124886262.
[I 2023-10-20 09:54:04,973] Trial 45 finished with value: 0.789700497937356 and parameters: {'n_estimators': 7800, 'max_depth': 5, 'min_child_weight': 7, 'learning_rate': 0.0090460562585298, 'subsample': 0.9581534837213058, 'colsample_bytree': 0.2589432873147057, 'reg_alpha': 4.257438822996651, 'reg_lambda': 0.04987149286168055, 'gamma': 1.0}. Best is trial 43 with value: 0.7899152124886262.
[I 2023-10-20 09:54:42,530] Trial 46 finished with value: 0.7888091509944791 and parameters: {'n_estimators': 8400, 'max_depth': 5, 'min_child_weight': 7, 'learning_rate': 0.028707109369334034, 'subsample': 0.9337252729714707, 'colsample_bytree': 0.10358443491943342, 'reg_alpha': 3.643417991606755, 'reg_lambda': 0.041728682273799, 'gamma': 0.8999999999999999}. Best is trial 43 with value: 0.7899152124886262.
[I 2023-10-20 09:55:40,354] Trial 47 finished with value: 0.7897366570093615 and parameters: {'n_estimators': 11800, 'max_depth': 5, 'min_child_weight': 7, 'learning_rate': 0.004237160286036934, 'subsample': 0.9867542427412301, 'colsample_bytree': 0.3182890579529037, 'reg_alpha': 2.5311054695123634, 'reg_lambda': 1.2476702289578687, 'gamma': 1.0}. Best is trial 43 with value: 0.7899152124886262.
[I 2023-10-20 09:56:50,641] Trial 48 finished with value: 0.7894082737427359 and parameters: {'n_estimators': 10700, 'max_depth': 5, 'min_child_weight': 7, 'learning_rate': 0.0026528359630730936, 'subsample': 0.9488974991293954, 'colsample_bytree': 0.16508112367508015, 'reg_alpha': 4.098976821197897, 'reg_lambda': 0.38939542442630165, 'gamma': 0.8999999999999999}. Best is trial 43 with value: 0.7899152124886262.
[I 2023-10-20 09:57:41,551] Trial 49 finished with value: 0.7897270834380008 and parameters: {'n_estimators': 10900, 'max_depth': 4, 'min_child_weight': 7, 'learning_rate': 0.007053876176204442, 'subsample': 0.9737927991660092, 'colsample_bytree': 0.2511118658112802, 'reg_alpha': 4.359195597783306, 'reg_lambda': 1.892738005763691, 'gamma': 1.0}. Best is trial 43 with value: 0.7899152124886262.
[I 2023-10-20 09:58:33,864] Trial 50 finished with value: 0.7888321638504178 and parameters: {'n_estimators': 8200, 'max_depth': 5, 'min_child_weight': 7, 'learning_rate': 0.004862832939976595, 'subsample': 0.9309840710440859, 'colsample_bytree': 0.2895320265820195, 'reg_alpha': 0.06243147495400336, 'reg_lambda': 0.445046674031333, 'gamma': 0.8999999999999999}. Best is trial 43 with value: 0.7899152124886262.
[I 2023-10-20 09:59:32,908] Trial 51 finished with value: 0.7897696411724974 and parameters: {'n_estimators': 12000, 'max_depth': 5, 'min_child_weight': 7, 'learning_rate': 0.004293422059829983, 'subsample': 0.9999099884008104, 'colsample_bytree': 0.3414293976907191, 'reg_alpha': 2.7578696376112806, 'reg_lambda': 1.2631841844319207, 'gamma': 1.0}. Best is trial 43 with value: 0.7899152124886262.
[I 2023-10-20 10:00:23,191] Trial 52 finished with value: 0.7897246970229822 and parameters: {'n_estimators': 11300, 'max_depth': 5, 'min_child_weight': 7, 'learning_rate': 0.009626105718081628, 'subsample': 0.9886111861308736, 'colsample_bytree': 0.3431329947523384, 'reg_alpha': 3.4992240505764243, 'reg_lambda': 1.0692694822127775, 'gamma': 1.0}. Best is trial 43 with value: 0.7899152124886262.
[I 2023-10-20 10:01:13,761] Trial 53 finished with value: 0.7899089394269255 and parameters: {'n_estimators': 11600, 'max_depth': 4, 'min_child_weight': 7, 'learning_rate': 0.0060142948244755615, 'subsample': 0.9985969791357032, 'colsample_bytree': 0.38587650791302275, 'reg_alpha': 2.5392117904211573, 'reg_lambda': 1.4238578440515293, 'gamma': 1.0}. Best is trial 43 with value: 0.7899152124886262.
