[I 2023-10-20 10:02:17,731] Trial 54 finished with value: 0.7895721757964486 and parameters: {'n_estimators': 12000, 'max_depth': 5, 'min_child_weight': 7, 'learning_rate': 0.004048411338396941, 'subsample': 0.96403511631788, 'colsample_bytree': 0.35128590446671504, 'reg_alpha': 2.457819151133683, 'reg_lambda': 1.4290187752566839, 'gamma': 1.0}. Best is trial 43 with value: 0.7899152124886262.
[I 2023-10-20 10:03:36,884] Trial 55 finished with value: 0.7880742049469964 and parameters: {'n_estimators': 11400, 'max_depth': 10, 'min_child_weight': 7, 'learning_rate': 0.002483585837056189, 'subsample': 0.9970529212779443, 'colsample_bytree': 0.3704077172550403, 'reg_alpha': 3.841927354717039, 'reg_lambda': 2.0801085510163047, 'gamma': 1.0}. Best is trial 43 with value: 0.7899152124886262.
[I 2023-10-20 10:04:29,613] Trial 56 finished with value: 0.7898133572253948 and parameters: {'n_estimators': 11700, 'max_depth': 4, 'min_child_weight': 7, 'learning_rate': 0.007156056848487529, 'subsample': 0.9852446772160941, 'colsample_bytree': 0.39229588444813823, 'reg_alpha': 3.2301638702406708, 'reg_lambda': 1.477681887798341, 'gamma': 1.0}. Best is trial 43 with value: 0.7899152124886262.
[I 2023-10-20 10:05:18,768] Trial 57 finished with value: 0.7897655591468079 and parameters: {'n_estimators': 11700, 'max_depth': 4, 'min_child_weight': 7, 'learning_rate': 0.007740864867567514, 'subsample': 0.9998227825296436, 'colsample_bytree': 0.380549676290406, 'reg_alpha': 2.7871714713073072, 'reg_lambda': 1.5188509749281605, 'gamma': 1.0}. Best is trial 43 with value: 0.7899152124886262.
[I 2023-10-20 10:06:22,297] Trial 58 finished with value: 0.7897487216630661 and parameters: {'n_estimators': 11600, 'max_depth': 4, 'min_child_weight': 7, 'learning_rate': 0.003345976504191418, 'subsample': 0.9662260294338217, 'colsample_bytree': 0.3978674407938483, 'reg_alpha': 3.24138053431285, 'reg_lambda': 2.718767814320796, 'gamma': 0.8999999999999999}. Best is trial 43 with value: 0.7899152124886262.
[I 2023-10-20 10:07:46,255] Trial 59 finished with value: 0.7893649554256751 and parameters: {'n_estimators': 12000, 'max_depth': 4, 'min_child_weight': 7, 'learning_rate': 0.002019094821783204, 'subsample': 0.9466025984269086, 'colsample_bytree': 0.4636260505140939, 'reg_alpha': 2.0441756861156364, 'reg_lambda': 1.8934237377408278, 'gamma': 0.7}. Best is trial 43 with value: 0.7899152124886262.
[I 2023-10-20 10:08:39,315] Trial 60 finished with value: 0.7897520361283695 and parameters: {'n_estimators': 11800, 'max_depth': 4, 'min_child_weight': 7, 'learning_rate': 0.006584825126174571, 'subsample': 0.9830783888730021, 'colsample_bytree': 0.4004314583853143, 'reg_alpha': 3.45214492314404, 'reg_lambda': 0.5020837230531567, 'gamma': 0.8999999999999999}. Best is trial 43 with value: 0.7899152124886262.
[I 2023-10-20 10:09:33,223] Trial 61 finished with value: 0.7897722299443448 and parameters: {'n_estimators': 11600, 'max_depth': 4, 'min_child_weight': 7, 'learning_rate': 0.004459820259931987, 'subsample': 0.99999164091807, 'colsample_bytree': 0.38789839939332676, 'reg_alpha': 2.9069468567820715, 'reg_lambda': 1.558245152065264, 'gamma': 1.0}. Best is trial 43 with value: 0.7899152124886262.
[I 2023-10-20 10:10:30,375] Trial 62 finished with value: 0.7898742875644053 and parameters: {'n_estimators': 11500, 'max_depth': 4, 'min_child_weight': 7, 'learning_rate': 0.0039971056199281695, 'subsample': 0.9859173469341369, 'colsample_bytree': 0.3431771882357829, 'reg_alpha': 2.9751594961210244, 'reg_lambda': 1.3100619307325276, 'gamma': 1.0}. Best is trial 43 with value: 0.7899152124886262.
[I 2023-10-20 10:11:22,907] Trial 63 finished with value: 0.789835044295212 and parameters: {'n_estimators': 11500, 'max_depth': 4, 'min_child_weight': 7, 'learning_rate': 0.005352670499125146, 'subsample': 0.9896023876565347, 'colsample_bytree': 0.34064606473096326, 'reg_alpha': 2.928423314487148, 'reg_lambda': 2.3657535752453414, 'gamma': 1.0}. Best is trial 43 with value: 0.7899152124886262.
[I 2023-10-20 10:12:15,138] Trial 64 finished with value: 0.7897664313745193 and parameters: {'n_estimators': 11500, 'max_depth': 4, 'min_child_weight': 7, 'learning_rate': 0.006136710480096284, 'subsample': 0.9908750359206397, 'colsample_bytree': 0.4650127742556287, 'reg_alpha': 2.0492202058286444, 'reg_lambda': 2.4379493440459807, 'gamma': 1.0}. Best is trial 43 with value: 0.7899152124886262.
[I 2023-10-20 10:13:06,398] Trial 65 finished with value: 0.7898527609844868 and parameters: {'n_estimators': 11200, 'max_depth': 4, 'min_child_weight': 7, 'learning_rate': 0.004849517398480244, 'subsample': 0.9888323078068327, 'colsample_bytree': 0.41587502409468413, 'reg_alpha': 3.3119728805791118, 'reg_lambda': 3.0004800574290247, 'gamma': 1.0}. Best is trial 43 with value: 0.7899152124886262.
[I 2023-10-20 10:13:55,922] Trial 66 finished with value: 0.7896530278163884 and parameters: {'n_estimators': 11100, 'max_depth': 4, 'min_child_weight': 7, 'learning_rate': 0.008711855263177483, 'subsample': 0.9701187936215784, 'colsample_bytree': 0.43127296509394736, 'reg_alpha': 3.316287363598865, 'reg_lambda': 2.9438186554649786, 'gamma': 1.0}. Best is trial 43 with value: 0.7899152124886262.
[I 2023-10-20 10:14:53,780] Trial 67 finished with value: 0.7883556972518547 and parameters: {'n_estimators': 11400, 'max_depth': 9, 'min_child_weight': 7, 'learning_rate': 0.005360192305736328, 'subsample': 0.9870310877441801, 'colsample_bytree': 0.41587768446547424, 'reg_alpha': 3.7089544336272193, 'reg_lambda': 2.2929281504292924, 'gamma': 1.0}. Best is trial 43 with value: 0.7899152124886262.
[I 2023-10-20 10:16:03,628] Trial 68 finished with value: 0.7884721082511346 and parameters: {'n_estimators': 11200, 'max_depth': 8, 'min_child_weight': 8, 'learning_rate': 0.003521546827749335, 'subsample': 0.953971566950765, 'colsample_bytree': 0.34144853339666037, 'reg_alpha': 3.770003592584901, 'reg_lambda': 2.025340511288632, 'gamma': 1.0}. Best is trial 43 with value: 0.7899152124886262.
[I 2023-10-20 10:16:53,353] Trial 69 finished with value: 0.789529457572053 and parameters: {'n_estimators': 11800, 'max_depth': 4, 'min_child_weight': 7, 'learning_rate': 0.014134755976062334, 'subsample': 0.975054991661247, 'colsample_bytree': 0.48153436119707854, 'reg_alpha': 3.1325616969205696, 'reg_lambda': 3.134625199121279, 'gamma': 1.0}. Best is trial 43 with value: 0.7899152124886262.
[I 2023-10-20 10:17:40,583] Trial 70 finished with value: 0.789785550605954 and parameters: {'n_estimators': 11100, 'max_depth': 4, 'min_child_weight': 7, 'learning_rate': 0.009878882466428705, 'subsample': 0.9853522068479227, 'colsample_bytree': 0.2769023164445693, 'reg_alpha': 3.5097542933057606, 'reg_lambda': 4.049494081309907, 'gamma': 1.0}. Best is trial 43 with value: 0.7899152124886262.
[I 2023-10-20 10:18:26,999] Trial 71 finished with value: 0.7897542760091326 and parameters: {'n_estimators': 11100, 'max_depth': 4, 'min_child_weight': 7, 'learning_rate': 0.010244103032133838, 'subsample': 0.9884602515204286, 'colsample_bytree': 0.3703391932366225, 'reg_alpha': 3.4571841068101183, 'reg_lambda': 3.989932251442445, 'gamma': 1.0}. Best is trial 43 with value: 0.7899152124886262.
[I 2023-10-20 10:19:16,802] Trial 72 finished with value: 0.7897885092023513 and parameters: {'n_estimators': 11400, 'max_depth': 4, 'min_child_weight': 7, 'learning_rate': 0.00752329310839791, 'subsample': 0.9815678382217832, 'colsample_bytree': 0.28023030673637395, 'reg_alpha': 3.897687292889757, 'reg_lambda': 4.480382398641565, 'gamma': 1.0}. Best is trial 43 with value: 0.7899152124886262.
[I 2023-10-20 10:20:07,536] Trial 73 finished with value: 0.7898129874008452 and parameters: {'n_estimators': 11400, 'max_depth': 4, 'min_child_weight': 7, 'learning_rate': 0.007442640925511701, 'subsample': 0.9720057572458544, 'colsample_bytree': 0.3261275286450449, 'reg_alpha': 3.9818135748325574, 'reg_lambda': 4.755057609042101, 'gamma': 1.0}. Best is trial 43 with value: 0.7899152124886262.
[I 2023-10-20 10:20:57,047] Trial 74 finished with value: 0.7897730882164129 and parameters: {'n_estimators': 11500, 'max_depth': 4, 'min_child_weight': 7, 'learning_rate': 0.01292182684613296, 'subsample': 0.9710215730263491, 'colsample_bytree': 0.2305266009787327, 'reg_alpha': 3.082258195790441, 'reg_lambda': 2.7368824701405643, 'gamma': 1.0}. Best is trial 43 with value: 0.7899152124886262.
[I 2023-10-20 10:21:39,941] Trial 75 finished with value: 0.7897657545258152 and parameters: {'n_estimators': 8900, 'max_depth': 4, 'min_child_weight': 7, 'learning_rate': 0.006152269198065006, 'subsample': 0.9585145648801857, 'colsample_bytree': 0.3245171738272815, 'reg_alpha': 3.9856881540734967, 'reg_lambda': 5.8883770348500235, 'gamma': 1.0}. Best is trial 43 with value: 0.7899152124886262.
[I 2023-10-20 10:22:35,352] Trial 76 finished with value: 0.7891498501163902 and parameters: {'n_estimators': 11700, 'max_depth': 5, 'min_child_weight': 7, 'learning_rate': 0.008317939518087033, 'subsample': 0.9389830174902264, 'colsample_bytree': 0.4023179090633929, 'reg_alpha': 4.433186262297755, 'reg_lambda': 1.8185468912813056, 'gamma': 1.0}. Best is trial 43 with value: 0.7899152124886262.
[I 2023-10-20 10:23:32,747] Trial 77 finished with value: 0.7897696411724974 and parameters: {'n_estimators': 11500, 'max_depth': 4, 'min_child_weight': 7, 'learning_rate': 0.004836039408243272, 'subsample': 0.9700277705757678, 'colsample_bytree': 0.36004975434223535, 'reg_alpha': 2.937051973843647, 'reg_lambda': 1.3156039273431355, 'gamma': 1.0}. Best is trial 43 with value: 0.7899152124886262.
[I 2023-10-20 10:24:18,910] Trial 78 finished with value: 0.7897046636969057 and parameters: {'n_estimators': 11300, 'max_depth': 4, 'min_child_weight': 7, 'learning_rate': 0.015301518694820892, 'subsample': 0.9894169679596008, 'colsample_bytree': 0.3182632956808709, 'reg_alpha': 2.4785152350750885, 'reg_lambda': 3.2525922413861834, 'gamma': 1.0}. Best is trial 43 with value: 0.7899152124886262.
[I 2023-10-20 10:25:18,267] Trial 79 finished with value: 0.7895929976163762 and parameters: {'n_estimators': 10800, 'max_depth': 4, 'min_child_weight': 7, 'learning_rate': 0.003584795265711228, 'subsample': 0.9510428624069912, 'colsample_bytree': 0.45028633860362893, 'reg_alpha': 3.332957425086797, 'reg_lambda': 2.211421967204524, 'gamma': 1.0}. Best is trial 43 with value: 0.7899152124886262.
[I 2023-10-20 10:26:10,204] Trial 80 finished with value: 0.7894822874974181 and parameters: {'n_estimators': 11700, 'max_depth': 5, 'min_child_weight': 7, 'learning_rate': 0.012138210767285032, 'subsample': 0.9595481228693032, 'colsample_bytree': 0.2266434373983081, 'reg_alpha': 4.722591860404378, 'reg_lambda': 2.575743073059263, 'gamma': 1.0}. Best is trial 43 with value: 0.7899152124886262.
[I 2023-10-20 10:27:00,556] Trial 81 finished with value: 0.7898088007078302 and parameters: {'n_estimators': 11400, 'max_depth': 4, 'min_child_weight': 7, 'learning_rate': 0.006959632160471284, 'subsample': 0.9803082031273663, 'colsample_bytree': 0.2806004153734735, 'reg_alpha': 3.848259226012189, 'reg_lambda': 4.651510653325429, 'gamma': 1.0}. Best is trial 43 with value: 0.7899152124886262.
[I 2023-10-20 10:27:51,306] Trial 82 finished with value: 0.789822581905671 and parameters: {'n_estimators': 11200, 'max_depth': 4, 'min_child_weight': 7, 'learning_rate': 0.00667154953757451, 'subsample': 0.9766807499164487, 'colsample_bytree': 0.2762247661142182, 'reg_alpha': 3.7370723354485333, 'reg_lambda': 1.1633875893907046, 'gamma': 1.0}. Best is trial 43 with value: 0.7899152124886262.
[I 2023-10-20 10:28:41,711] Trial 83 finished with value: 0.7898410731331535 and parameters: {'n_estimators': 11200, 'max_depth': 4, 'min_child_weight': 7, 'learning_rate': 0.005505526105817432, 'subsample': 0.9938448399117958, 'colsample_bytree': 0.29894971905903633, 'reg_alpha': 4.135791496487756, 'reg_lambda': 0.5546038641825755, 'gamma': 1.0}. Best is trial 43 with value: 0.7899152124886262.
[I 2023-10-20 10:29:22,136] Trial 84 finished with value: 0.7897549109909066 and parameters: {'n_estimators': 8600, 'max_depth': 4, 'min_child_weight': 7, 'learning_rate': 0.005530376752459304, 'subsample': 0.9936377153174762, 'colsample_bytree': 0.24719335331884537, 'reg_alpha': 4.201231086131372, 'reg_lambda': 0.6093005391703119, 'gamma': 1.0}. Best is trial 43 with value: 0.7899152124886262.
[I 2023-10-20 10:30:10,162] Trial 85 finished with value: 0.789607071882728 and parameters: {'n_estimators': 11200, 'max_depth': 4, 'min_child_weight': 7, 'learning_rate': 0.00890637654960508, 'subsample': 0.9910209860093466, 'colsample_bytree': 0.18459161935267288, 'reg_alpha': 4.513387921159343, 'reg_lambda': 1.1108316623524086, 'gamma': 1.0}. Best is trial 43 with value: 0.7899152124886262.
[I 2023-10-20 10:31:05,866] Trial 86 finished with value: 0.7896656088288981 and parameters: {'n_estimators': 11000, 'max_depth': 5, 'min_child_weight': 7, 'learning_rate': 0.004056181607060879, 'subsample': 0.9773026145961361, 'colsample_bytree': 0.29909009569516765, 'reg_alpha': 3.618558726439522, 'reg_lambda': 0.31329293525870705, 'gamma': 1.0}. Best is trial 43 with value: 0.7899152124886262.
[I 2023-10-20 10:32:04,215] Trial 87 finished with value: 0.7896901916947175 and parameters: {'n_estimators': 11900, 'max_depth': 4, 'min_child_weight': 7, 'learning_rate': 0.005945630979966164, 'subsample': 0.962231443356856, 'colsample_bytree': 0.26401083374884277, 'reg_alpha': 3.2314486445489683, 'reg_lambda': 0.627018430453392, 'gamma': 1.0}. Best is trial 43 with value: 0.7899152124886262.
[I 2023-10-20 10:32:54,446] Trial 88 finished with value: 0.7897908607282612 and parameters: {'n_estimators': 10800, 'max_depth': 4, 'min_child_weight': 7, 'learning_rate': 0.004831165354053384, 'subsample': 0.9933801876411925, 'colsample_bytree': 0.379014141155135, 'reg_alpha': 5.074368278830614, 'reg_lambda': 1.6631706969954732, 'gamma': 1.0}. Best is trial 43 with value: 0.7899152124886262.
[I 2023-10-20 10:33:42,818] Trial 89 finished with value: 0.7897297140767783 and parameters: {'n_estimators': 11200, 'max_depth': 6, 'min_child_weight': 7, 'learning_rate': 0.010573965602508674, 'subsample': 0.980305734912518, 'colsample_bytree': 0.22877597236338554, 'reg_alpha': 4.238605281281026, 'reg_lambda': 1.0546564645827616, 'gamma': 1.0}. Best is trial 43 with value: 0.7899152124886262.
[I 2023-10-20 10:34:38,342] Trial 90 finished with value: 0.7898104056068193 and parameters: {'n_estimators': 10600, 'max_depth': 4, 'min_child_weight': 7, 'learning_rate': 0.003255609714477959, 'subsample': 0.9835540975127767, 'colsample_bytree': 0.30209011169029687, 'reg_alpha': 2.7732244220061792, 'reg_lambda': 1.31047780985078, 'gamma': 1.0}. Best is trial 43 with value: 0.7899152124886262.
[I 2023-10-20 10:35:27,454] Trial 91 finished with value: 0.7898224911939891 and parameters: {'n_estimators': 11000, 'max_depth': 4, 'min_child_weight': 7, 'learning_rate': 0.0071835139301878485, 'subsample': 0.9736188351409351, 'colsample_bytree': 0.3451041771572413, 'reg_alpha': 3.966320395869212, 'reg_lambda': 0.29053603523840904, 'gamma': 1.0}. Best is trial 43 with value: 0.7899152124886262.
[I 2023-10-20 10:36:19,301] Trial 92 finished with value: 0.7898274803364984 and parameters: {'n_estimators': 11600, 'max_depth': 4, 'min_child_weight': 7, 'learning_rate': 0.006607155014954984, 'subsample': 0.9745907339383617, 'colsample_bytree': 0.3363712187724746, 'reg_alpha': 3.7617250078369104, 'reg_lambda': 0.33352505435264135, 'gamma': 1.0}. Best is trial 43 with value: 0.7899152124886262.
[I 2023-10-20 10:37:12,007] Trial 93 finished with value: 0.7897967151206604 and parameters: {'n_estimators': 11000, 'max_depth': 4, 'min_child_weight': 7, 'learning_rate': 0.005283197409500509, 'subsample': 0.9720906294387314, 'colsample_bytree': 0.336136439934213, 'reg_alpha': 4.534845338960061, 'reg_lambda': 0.23501415194861508, 'gamma': 1.0}. Best is trial 43 with value: 0.7899152124886262.
[I 2023-10-20 10:38:11,832] Trial 94 finished with value: 0.7897062755737165 and parameters: {'n_estimators': 11600, 'max_depth': 5, 'min_child_weight': 7, 'learning_rate': 0.003991863754844676, 'subsample': 0.9644655915322441, 'colsample_bytree': 0.3624415229037065, 'reg_alpha': 3.681796683677123, 'reg_lambda': 0.29884505980830967, 'gamma': 1.0}. Best is trial 43 with value: 0.7899152124886262.
[I 2023-10-20 10:38:57,149] Trial 95 finished with value: 0.7898461180982366 and parameters: {'n_estimators': 11300, 'max_depth': 4, 'min_child_weight': 7, 'learning_rate': 0.018008572730972283, 'subsample': 0.993568925335542, 'colsample_bytree': 0.2689295313541327, 'reg_alpha': 4.120189200834254, 'reg_lambda': 0.8859942519304285, 'gamma': 1.0}. Best is trial 43 with value: 0.7899152124886262.
[I 2023-10-20 10:39:46,244] Trial 96 finished with value: 0.7897981665075724 and parameters: {'n_estimators': 11300, 'max_depth': 4, 'min_child_weight': 7, 'learning_rate': 0.00847792354205818, 'subsample': 0.9942364073833992, 'colsample_bytree': 0.2805739079833283, 'reg_alpha': 4.087259163077137, 'reg_lambda': 0.5581466095902274, 'gamma': 1.0}. Best is trial 43 with value: 0.7899152124886262.
[I 2023-10-20 10:40:31,566] Trial 97 finished with value: 0.7898940278219706 and parameters: {'n_estimators': 11300, 'max_depth': 4, 'min_child_weight': 7, 'learning_rate': 0.017976215871486137, 'subsample': 0.9944601170789273, 'colsample_bytree': 0.35108203354224243, 'reg_alpha': 3.582901664139093, 'reg_lambda': 0.9245043492115187, 'gamma': 1.0}. Best is trial 43 with value: 0.7899152124886262.
[I 2023-10-20 10:41:17,641] Trial 98 finished with value: 0.789662629299036 and parameters: {'n_estimators': 11500, 'max_depth': 5, 'min_child_weight': 8, 'learning_rate': 0.01690032655636963, 'subsample': 0.9989258580278313, 'colsample_bytree': 0.3020531560106359, 'reg_alpha': 3.5638321621473037, 'reg_lambda': 0.7873283055128135, 'gamma': 1.0}. Best is trial 43 with value: 0.7899152124886262.
[I 2023-10-20 10:42:05,928] Trial 99 finished with value: 0.789645819726581 and parameters: {'n_estimators': 11900, 'max_depth': 4, 'min_child_weight': 7, 'learning_rate': 0.022180222302005465, 'subsample': 0.9909755272488041, 'colsample_bytree': 0.25702778699069756, 'reg_alpha': 3.4283420539792693, 'reg_lambda': 1.014191275545938, 'gamma': 0.7}. Best is trial 43 with value: 0.7899152124886262.
Best Hyperparameters: {'n_estimators': 8500, 'max_depth': 5, 'min_child_weight': 7, 'learning_rate': 0.011195332381371161, 'subsample': 0.9868083202625144, 'colsample_bytree': 0.2395663625836835, 'reg_alpha': 4.024597312940515, 'reg_lambda': 0.01530921878077851, 'gamma': 1.0}
Best ROC AUC: 0.7899152124886262
Final ROC AUC with Best Hyperparameters: 0.7899152124886262

n_estimators=8500, max_depth=5, min_child_weight=7, learning_rate=0.011195332381371161, subsample=0.9868083202625144, colsample_bytree=0.2395663625836835, reg_alpha=4.024597312940515, reg_lambda=0.01530921878077851, gamma=1.0