[I 2023-10-20 10:20:52,818] Trial 432 finished with value: 0.789453811007095 and parameters: {'n_estimators': 10200, 'max_depth': 4, 'min_child_weight': 8, 'learning_rate': 0.001167097161435141, 'subsample': 0.8578531772496015, 'colsample_bytree': 0.34240040002997113, 'reg_alpha': 9.170828909418823, 'reg_lambda': 3.481666462582534, 'gamma': 1.0}. Best is trial 163 with value: 0.7899015848028625.
[I 2023-10-20 10:21:11,477] Trial 433 finished with value: 0.7886534129921458 and parameters: {'n_estimators': 11400, 'max_depth': 4, 'min_child_weight': 8, 'learning_rate': 0.005214438004877183, 'subsample': 0.8892397661683334, 'colsample_bytree': 0.3796842491055022, 'reg_alpha': 1.354529006775774, 'reg_lambda': 3.722402241291424, 'gamma': 1.0}. Best is trial 163 with value: 0.7899015848028625.
[I 2023-10-20 10:21:29,311] Trial 434 finished with value: 0.7891487964653147 and parameters: {'n_estimators': 11100, 'max_depth': 4, 'min_child_weight': 8, 'learning_rate': 0.002843705743649079, 'subsample': 0.9531174222766979, 'colsample_bytree': 0.5941676097728323, 'reg_alpha': 1.8478493947801022, 'reg_lambda': 3.298774070825116, 'gamma': 1.0}. Best is trial 163 with value: 0.7899015848028625.
[I 2023-10-20 10:21:50,813] Trial 435 finished with value: 0.7893210091046616 and parameters: {'n_estimators': 11500, 'max_depth': 4, 'min_child_weight': 8, 'learning_rate': 0.0017100680246112286, 'subsample': 0.8928288971337707, 'colsample_bytree': 0.7371981914473585, 'reg_alpha': 2.274538334173893, 'reg_lambda': 4.181688678068062, 'gamma': 1.0}. Best is trial 163 with value: 0.7899015848028625.
[I 2023-10-20 10:22:12,263] Trial 436 finished with value: 0.7897879649322592 and parameters: {'n_estimators': 11700, 'max_depth': 4, 'min_child_weight': 8, 'learning_rate': 0.0014846285046202473, 'subsample': 0.9353458876326914, 'colsample_bytree': 0.42677230156122625, 'reg_alpha': 1.581017665736463, 'reg_lambda': 3.9646976399154954, 'gamma': 1.0}. Best is trial 163 with value: 0.7899015848028625.
[I 2023-10-20 10:22:29,932] Trial 437 finished with value: 0.789731758578534 and parameters: {'n_estimators': 9700, 'max_depth': 4, 'min_child_weight': 8, 'learning_rate': 0.0020821694999712723, 'subsample': 0.9114856512335954, 'colsample_bytree': 0.36462374881834586, 'reg_alpha': 2.0071774794203976, 'reg_lambda': 6.805988023839315, 'gamma': 1.0}. Best is trial 163 with value: 0.7899015848028625.
[I 2023-10-20 10:22:48,737] Trial 438 finished with value: 0.7896880215921713 and parameters: {'n_estimators': 10100, 'max_depth': 4, 'min_child_weight': 8, 'learning_rate': 0.0013692947500669925, 'subsample': 0.847400657396979, 'colsample_bytree': 0.5014115258064108, 'reg_alpha': 1.6849176474487448, 'reg_lambda': 3.6128197023478643, 'gamma': 0.7999999999999999}. Best is trial 163 with value: 0.7899015848028625.
[I 2023-10-20 10:23:07,090] Trial 439 finished with value: 0.7892303253339586 and parameters: {'n_estimators': 9800, 'max_depth': 4, 'min_child_weight': 8, 'learning_rate': 0.0010621518961853999, 'subsample': 0.8708582196955558, 'colsample_bytree': 0.2676660284449598, 'reg_alpha': 1.1803386812586145, 'reg_lambda': 5.307688260317783, 'gamma': 1.0}. Best is trial 163 with value: 0.7899015848028625.
[I 2023-10-20 10:23:28,048] Trial 440 finished with value: 0.7897993806485466 and parameters: {'n_estimators': 11400, 'max_depth': 4, 'min_child_weight': 8, 'learning_rate': 0.0016630911191295307, 'subsample': 0.8890413004657737, 'colsample_bytree': 0.3385561989950131, 'reg_alpha': 2.6074833796680927, 'reg_lambda': 3.1951851698688247, 'gamma': 1.0}. Best is trial 163 with value: 0.7899015848028625.
[I 2023-10-20 10:23:50,626] Trial 441 finished with value: 0.7867757718866355 and parameters: {'n_estimators': 11800, 'max_depth': 4, 'min_child_weight': 8, 'learning_rate': 0.0002888386611486207, 'subsample': 0.97411718134536, 'colsample_bytree': 0.3158766355366738, 'reg_alpha': 1.4127269797109563, 'reg_lambda': 4.651331307918377, 'gamma': 1.0}. Best is trial 163 with value: 0.7899015848028625.
[I 2023-10-20 10:24:11,123] Trial 442 finished with value: 0.7898303691546789 and parameters: {'n_estimators': 11200, 'max_depth': 4, 'min_child_weight': 8, 'learning_rate': 0.0012746387727873493, 'subsample': 0.9458723061371613, 'colsample_bytree': 0.3888630577840839, 'reg_alpha': 3.3381836447289395, 'reg_lambda': 3.852746645146637, 'gamma': 1.0}. Best is trial 163 with value: 0.7899015848028625.
[I 2023-10-20 10:24:26,053] Trial 443 finished with value: 0.7891546020129621 and parameters: {'n_estimators': 7800, 'max_depth': 4, 'min_child_weight': 8, 'learning_rate': 0.0009445332871959164, 'subsample': 0.9035839015805951, 'colsample_bytree': 0.36057746418121844, 'reg_alpha': 2.142700397570705, 'reg_lambda': 4.3096853988398625, 'gamma': 1.0}. Best is trial 163 with value: 0.7899015848028625.
[I 2023-10-20 10:24:43,096] Trial 444 finished with value: 0.7898339766884933 and parameters: {'n_estimators': 9300, 'max_depth': 4, 'min_child_weight': 8, 'learning_rate': 0.0019458045364267587, 'subsample': 0.9259244273692263, 'colsample_bytree': 0.4071826921476265, 'reg_alpha': 1.8488322557419907, 'reg_lambda': 3.4529557767378787, 'gamma': 1.0}. Best is trial 163 with value: 0.7899015848028625.
[I 2023-10-20 10:25:04,301] Trial 445 finished with value: 0.789497289814055 and parameters: {'n_estimators': 11600, 'max_depth': 4, 'min_child_weight': 8, 'learning_rate': 0.00148438565652021, 'subsample': 0.8632480467536289, 'colsample_bytree': 0.18595639154209076, 'reg_alpha': 0.22486786330170028, 'reg_lambda': 3.7783080299141627, 'gamma': 1.0}. Best is trial 163 with value: 0.7899015848028625.
[I 2023-10-20 10:25:25,800] Trial 446 finished with value: 0.7898358746559934 and parameters: {'n_estimators': 11700, 'max_depth': 4, 'min_child_weight': 8, 'learning_rate': 0.0011950990376720328, 'subsample': 0.9665016379717676, 'colsample_bytree': 0.37475417537000094, 'reg_alpha': 2.8536365320533483, 'reg_lambda': 4.035968752183549, 'gamma': 1.0}. Best is trial 163 with value: 0.7899015848028625.
[I 2023-10-20 10:25:44,990] Trial 447 finished with value: 0.7898780625659405 and parameters: {'n_estimators': 11500, 'max_depth': 4, 'min_child_weight': 8, 'learning_rate': 0.001717458054732123, 'subsample': 0.9796774743599774, 'colsample_bytree': 0.3391338849261187, 'reg_alpha': 2.4121107123534316, 'reg_lambda': 5.690831319880642, 'gamma': 1.0}. Best is trial 163 with value: 0.7899015848028625.
[I 2023-10-20 10:26:02,930] Trial 448 finished with value: 0.7898561173167205 and parameters: {'n_estimators': 11300, 'max_depth': 4, 'min_child_weight': 8, 'learning_rate': 0.0023284470574078658, 'subsample': 0.9810344627435085, 'colsample_bytree': 0.3231953519901872, 'reg_alpha': 2.4544985128280707, 'reg_lambda': 5.648297264005474, 'gamma': 1.0}. Best is trial 163 with value: 0.7899015848028625.
[I 2023-10-20 10:26:22,391] Trial 449 finished with value: 0.789839070498328 and parameters: {'n_estimators': 12000, 'max_depth': 4, 'min_child_weight': 8, 'learning_rate': 0.0017895167104973536, 'subsample': 0.9880153115883347, 'colsample_bytree': 0.3405567643060037, 'reg_alpha': 2.358566496915045, 'reg_lambda': 5.514957721050798, 'gamma': 1.0}. Best is trial 163 with value: 0.7899015848028625.
[I 2023-10-20 10:26:42,618] Trial 450 finished with value: 0.7896194784496955 and parameters: {'n_estimators': 11300, 'max_depth': 4, 'min_child_weight': 8, 'learning_rate': 0.0020502022337879453, 'subsample': 0.8761222595812328, 'colsample_bytree': 0.30211106944223753, 'reg_alpha': 2.6995844553168276, 'reg_lambda': 4.958228006513382, 'gamma': 1.0}. Best is trial 163 with value: 0.7899015848028625.
[I 2023-10-20 10:26:58,240] Trial 451 finished with value: 0.7897325331167417 and parameters: {'n_estimators': 8400, 'max_depth': 4, 'min_child_weight': 8, 'learning_rate': 0.002642683527842383, 'subsample': 0.8786218630507, 'colsample_bytree': 0.3544405682172242, 'reg_alpha': 2.1564740189277476, 'reg_lambda': 6.274404319836842, 'gamma': 1.0}. Best is trial 163 with value: 0.7899015848028625.
[I 2023-10-20 10:27:19,547] Trial 452 finished with value: 0.7897730184381961 and parameters: {'n_estimators': 11500, 'max_depth': 5, 'min_child_weight': 8, 'learning_rate': 0.001637874626304642, 'subsample': 0.9783134215248093, 'colsample_bytree': 0.3855397000849854, 'reg_alpha': 3.0233128558036393, 'reg_lambda': 5.3354973692800085, 'gamma': 1.0}. Best is trial 163 with value: 0.7899015848028625.
[I 2023-10-20 10:27:41,084] Trial 453 finished with value: 0.7894298840565148 and parameters: {'n_estimators': 11400, 'max_depth': 4, 'min_child_weight': 8, 'learning_rate': 0.0006627240723233556, 'subsample': 0.9174047518627527, 'colsample_bytree': 0.4230742643395488, 'reg_alpha': 2.562522419154387, 'reg_lambda': 8.41825413184652, 'gamma': 1.0}. Best is trial 163 with value: 0.7899015848028625.
[I 2023-10-20 10:28:03,335] Trial 454 finished with value: 0.7887377399672881 and parameters: {'n_estimators': 11600, 'max_depth': 4, 'min_child_weight': 8, 'learning_rate': 0.0004951932373107958, 'subsample': 0.9894450248702641, 'colsample_bytree': 0.3298058645487701, 'reg_alpha': 0.9777309236766659, 'reg_lambda': 5.551665322321319, 'gamma': 1.0}. Best is trial 163 with value: 0.7899015848028625.
[I 2023-10-20 10:28:21,321] Trial 455 finished with value: 0.7888288493851143 and parameters: {'n_estimators': 11800, 'max_depth': 4, 'min_child_weight': 8, 'learning_rate': 0.005975265174940719, 'subsample': 0.9189557512195303, 'colsample_bytree': 0.3709525277042288, 'reg_alpha': 0.7086231685666347, 'reg_lambda': 4.803744583115403, 'gamma': 1.0}. Best is trial 163 with value: 0.7899015848028625.
[I 2023-10-20 10:28:40,346] Trial 456 finished with value: 0.7897189472979084 and parameters: {'n_estimators': 11400, 'max_depth': 4, 'min_child_weight': 8, 'learning_rate': 0.00158819767748179, 'subsample': 0.9722554208899347, 'colsample_bytree': 0.40069443273269456, 'reg_alpha': 7.2605435155155655, 'reg_lambda': 4.492185912933419, 'gamma': 1.0}. Best is trial 163 with value: 0.7899015848028625.
[I 2023-10-20 10:29:01,783] Trial 457 finished with value: 0.7856466556696198 and parameters: {'n_estimators': 11200, 'max_depth': 4, 'min_child_weight': 8, 'learning_rate': 0.00011438945213787782, 'subsample': 0.9825708052827762, 'colsample_bytree': 0.4858851745175009, 'reg_alpha': 0.5674743712150115, 'reg_lambda': 5.719847406530073, 'gamma': 1.0}. Best is trial 163 with value: 0.7899015848028625.
[I 2023-10-20 10:29:23,861] Trial 458 finished with value: 0.7882373813072531 and parameters: {'n_estimators': 11500, 'max_depth': 4, 'min_child_weight': 8, 'learning_rate': 0.00039986177594297404, 'subsample': 0.9560405877865419, 'colsample_bytree': 0.3440402407827237, 'reg_alpha': 2.344328384125367, 'reg_lambda': 5.107663464274443, 'gamma': 0.8999999999999999}. Best is trial 163 with value: 0.7899015848028625.
[I 2023-10-20 10:29:45,946] Trial 459 finished with value: 0.7852364993105913 and parameters: {'n_estimators': 11600, 'max_depth': 4, 'min_child_weight': 8, 'learning_rate': 0.000207584720435733, 'subsample': 0.9687115360059975, 'colsample_bytree': 0.31097830777140967, 'reg_alpha': 4.4410122941523635, 'reg_lambda': 9.311763858256395, 'gamma': 1.0}. Best is trial 163 with value: 0.7899015848028625.
[I 2023-10-20 10:30:07,523] Trial 460 finished with value: 0.7897306560827068 and parameters: {'n_estimators': 11700, 'max_depth': 4, 'min_child_weight': 8, 'learning_rate': 0.0017995976984283618, 'subsample': 0.8738243948361426, 'colsample_bytree': 0.35967829593559936, 'reg_alpha': 1.9819232891267198, 'reg_lambda': 4.227059010217299, 'gamma': 1.0}. Best is trial 163 with value: 0.7899015848028625.
[I 2023-10-20 10:30:33,585] Trial 461 finished with value: 0.7895292970821541 and parameters: {'n_estimators': 11400, 'max_depth': 6, 'min_child_weight': 8, 'learning_rate': 0.0013791799979062153, 'subsample': 0.9762855942607528, 'colsample_bytree': 0.38343298586774344, 'reg_alpha': 1.2764478576386251, 'reg_lambda': 5.912557230094252, 'gamma': 1.0}. Best is trial 163 with value: 0.7899015848028625.
[I 2023-10-20 10:30:54,217] Trial 462 finished with value: 0.7892768394933544 and parameters: {'n_estimators': 11300, 'max_depth': 4, 'min_child_weight': 8, 'learning_rate': 0.00219613099428653, 'subsample': 0.8954255465155343, 'colsample_bytree': 0.5594923016417912, 'reg_alpha': 1.8148181458708479, 'reg_lambda': 5.793223735018317, 'gamma': 1.0}. Best is trial 163 with value: 0.7899015848028625.
[I 2023-10-20 10:31:15,038] Trial 463 finished with value: 0.7898484975354334 and parameters: {'n_estimators': 11900, 'max_depth': 4, 'min_child_weight': 8, 'learning_rate': 0.0015832931629372379, 'subsample': 0.9616561159121257, 'colsample_bytree': 0.33965939160489794, 'reg_alpha': 2.717735946207081, 'reg_lambda': 6.400478928541281, 'gamma': 1.0}. Best is trial 163 with value: 0.7899015848028625.
[I 2023-10-20 10:31:34,185] Trial 464 finished with value: 0.7897858576301084 and parameters: {'n_estimators': 11500, 'max_depth': 4, 'min_child_weight': 8, 'learning_rate': 0.0019924353758942063, 'subsample': 0.9537295648055457, 'colsample_bytree': 0.3678005629953777, 'reg_alpha': 4.066486527315985, 'reg_lambda': 4.605570786643753, 'gamma': 1.0}. Best is trial 163 with value: 0.7899015848028625.
[I 2023-10-20 10:31:46,918] Trial 465 finished with value: 0.7877679971977067 and parameters: {'n_estimators': 10000, 'max_depth': 4, 'min_child_weight': 8, 'learning_rate': 0.02335578829747832, 'subsample': 0.9419032401287134, 'colsample_bytree': 0.772951835822985, 'reg_alpha': 2.209817873816867, 'reg_lambda': 2.9626720259288, 'gamma': 1.0}. Best is trial 163 with value: 0.7899015848028625.
[I 2023-10-20 10:32:08,179] Trial 466 finished with value: 0.7894604469155238 and parameters: {'n_estimators': 11600, 'max_depth': 4, 'min_child_weight': 8, 'learning_rate': 0.001164162937456541, 'subsample': 0.9705176568485856, 'colsample_bytree': 0.2538043489853328, 'reg_alpha': 1.5176701392472292, 'reg_lambda': 4.403497749104528, 'gamma': 1.0}. Best is trial 163 with value: 0.7899015848028625.
[I 2023-10-20 10:32:30,179] Trial 467 finished with value: 0.7898161971988231 and parameters: {'n_estimators': 11700, 'max_depth': 4, 'min_child_weight': 8, 'learning_rate': 0.0013817248305825203, 'subsample': 0.9081140785007589, 'colsample_bytree': 0.4071300608817832, 'reg_alpha': 1.9730277671718461, 'reg_lambda': 4.023310139386509, 'gamma': 1.0}. Best is trial 163 with value: 0.7899015848028625.
[I 2023-10-20 10:32:50,337] Trial 468 finished with value: 0.7898009646140707 and parameters: {'n_estimators': 11500, 'max_depth': 4, 'min_child_weight': 8, 'learning_rate': 0.0017461728501665405, 'subsample': 0.9494583872052462, 'colsample_bytree': 0.3174697092718025, 'reg_alpha': 3.5039858407661786, 'reg_lambda': 5.196266713197753, 'gamma': 1.0}. Best is trial 163 with value: 0.7899015848028625.
[I 2023-10-20 10:33:11,491] Trial 469 finished with value: 0.7894887350046611 and parameters: {'n_estimators': 11200, 'max_depth': 4, 'min_child_weight': 8, 'learning_rate': 0.0008426681186079549, 'subsample': 0.930648624432282, 'colsample_bytree': 0.35122303628304974, 'reg_alpha': 3.1600321807827343, 'reg_lambda': 3.695411081722947, 'gamma': 1.0}. Best is trial 163 with value: 0.7899015848028625.
[I 2023-10-20 10:33:30,312] Trial 470 finished with value: 0.7837084331161835 and parameters: {'n_estimators': 11300, 'max_depth': 4, 'min_child_weight': 8, 'learning_rate': 0.015010374119429381, 'subsample': 0.8495940896357939, 'colsample_bytree': 0.8911980807249176, 'reg_alpha': 1.6841533331372818, 'reg_lambda': 4.906503608711003, 'gamma': 1.0}. Best is trial 163 with value: 0.7899015848028625.
[I 2023-10-20 10:33:46,726] Trial 471 finished with value: 0.7896484852544672 and parameters: {'n_estimators': 8600, 'max_depth': 4, 'min_child_weight': 8, 'learning_rate': 0.0015168102445918498, 'subsample': 0.9637498704879781, 'colsample_bytree': 0.2896372063950954, 'reg_alpha': 1.112506966154584, 'reg_lambda': 7.298943546748825, 'gamma': 1.0}. Best is trial 163 with value: 0.7899015848028625.
[I 2023-10-20 10:34:08,709] Trial 472 finished with value: 0.7891496826486695 and parameters: {'n_estimators': 11800, 'max_depth': 4, 'min_child_weight': 8, 'learning_rate': 0.00106234300803518, 'subsample': 0.8630999584484913, 'colsample_bytree': 0.21151851925828707, 'reg_alpha': 2.51039423202517, 'reg_lambda': 1.7386205952536091, 'gamma': 1.0}. Best is trial 163 with value: 0.7899015848028625.
[I 2023-10-20 10:34:27,633] Trial 473 finished with value: 0.7898044535249165 and parameters: {'n_estimators': 10300, 'max_depth': 4, 'min_child_weight': 8, 'learning_rate': 0.0012891200250342773, 'subsample': 0.9863200150666368, 'colsample_bytree': 0.39041840164990604, 'reg_alpha': 1.3931519374074164, 'reg_lambda': 3.2789180084917344, 'gamma': 1.0}. Best is trial 163 with value: 0.7899015848028625.
[I 2023-10-20 10:35:06,868] Trial 474 finished with value: 0.7893774317708594 and parameters: {'n_estimators': 11400, 'max_depth': 7, 'min_child_weight': 8, 'learning_rate': 0.0005771884591844624, 'subsample': 0.885859476364136, 'colsample_bytree': 0.37345467283466716, 'reg_alpha': 5.56034542175845, 'reg_lambda': 4.1790661593672676, 'gamma': 1.0}. Best is trial 163 with value: 0.7899015848028625.
[I 2023-10-20 10:35:26,936] Trial 475 finished with value: 0.7898683773494326 and parameters: {'n_estimators': 11600, 'max_depth': 4, 'min_child_weight': 8, 'learning_rate': 0.0018684524783836092, 'subsample': 0.9582661778767951, 'colsample_bytree': 0.33354679012373156, 'reg_alpha': 2.107250406413938, 'reg_lambda': 7.921471625049337, 'gamma': 1.0}. Best is trial 163 with value: 0.7899015848028625.
[I 2023-10-20 10:35:42,354] Trial 476 finished with value: 0.7892537080144468 and parameters: {'n_estimators': 11100, 'max_depth': 4, 'min_child_weight': 8, 'learning_rate': 0.0029514831702154784, 'subsample': 0.979261472693852, 'colsample_bytree': 0.9460270391227161, 'reg_alpha': 7.502219281794957, 'reg_lambda': 5.4421705724075595, 'gamma': 1.0}. Best is trial 163 with value: 0.7899015848028625.
[I 2023-10-20 10:36:02,365] Trial 477 finished with value: 0.7896359251754225 and parameters: {'n_estimators': 11400, 'max_depth': 4, 'min_child_weight': 8, 'learning_rate': 0.0014482709531274116, 'subsample': 0.9711849831640491, 'colsample_bytree': 0.5216416129612605, 'reg_alpha': 2.846620289660282, 'reg_lambda': 3.8254289853584122, 'gamma': 1.0}. Best is trial 163 with value: 0.7899015848028625.
[I 2023-10-20 10:36:16,722] Trial 478 finished with value: 0.7887261777167452 and parameters: {'n_estimators': 11500, 'max_depth': 4, 'min_child_weight': 8, 'learning_rate': 0.010332042404029324, 'subsample': 0.9661129840343431, 'colsample_bytree': 0.6736285444434575, 'reg_alpha': 1.6863701191023535, 'reg_lambda': 3.5404659742437596, 'gamma': 1.0}. Best is trial 163 with value: 0.7899015848028625.
[I 2023-10-20 10:36:33,660] Trial 479 finished with value: 0.7892728481793467 and parameters: {'n_estimators': 11700, 'max_depth': 4, 'min_child_weight': 8, 'learning_rate': 0.004825353593034728, 'subsample': 0.9049462845627525, 'colsample_bytree': 0.4244337820334196, 'reg_alpha': 5.97900656906614, 'reg_lambda': 3.997207622840163, 'gamma': 1.0}. Best is trial 163 with value: 0.7899015848028625.
[I 2023-10-20 10:36:53,842] Trial 480 finished with value: 0.788660034944931 and parameters: {'n_estimators': 11300, 'max_depth': 4, 'min_child_weight': 8, 'learning_rate': 0.0043003840905382505, 'subsample': 0.8088884436597419, 'colsample_bytree': 0.3628607331219763, 'reg_alpha': 2.306518734769938, 'reg_lambda': 2.7495338011437385, 'gamma': 1.0}. Best is trial 163 with value: 0.7899015848028625.
[I 2023-10-20 10:37:13,039] Trial 481 finished with value: 0.7897279696213555 and parameters: {'n_estimators': 11400, 'max_depth': 4, 'min_child_weight': 8, 'learning_rate': 0.002463743550635824, 'subsample': 0.9496791849022663, 'colsample_bytree': 0.39156570061137813, 'reg_alpha': 1.8936061951672691, 'reg_lambda': 4.7066824486384045, 'gamma': 1.0}. Best is trial 163 with value: 0.7899015848028625.
[I 2023-10-20 10:37:41,722] Trial 482 finished with value: 0.7893763362528539 and parameters: {'n_estimators': 11600, 'max_depth': 7, 'min_child_weight': 8, 'learning_rate': 0.0012140059642187864, 'subsample': 0.9587518516891609, 'colsample_bytree': 0.47505578999635023, 'reg_alpha': 6.971721332349251, 'reg_lambda': 3.1277985133239152, 'gamma': 1.0}. Best is trial 163 with value: 0.7899015848028625.
[I 2023-10-20 10:38:02,332] Trial 483 finished with value: 0.7898541774822904 and parameters: {'n_estimators': 11900, 'max_depth': 4, 'min_child_weight': 8, 'learning_rate': 0.0016814765179229462, 'subsample': 0.976395612006134, 'colsample_bytree': 0.3517789301637963, 'reg_alpha': 1.4893266244132246, 'reg_lambda': 3.364903441527203, 'gamma': 1.0}. Best is trial 163 with value: 0.7899015848028625.
[I 2023-10-20 10:38:22,689] Trial 484 finished with value: 0.7894665455316822 and parameters: {'n_estimators': 11500, 'max_depth': 4, 'min_child_weight': 8, 'learning_rate': 0.002004144296688363, 'subsample': 0.8266939756374239, 'colsample_bytree': 0.32529185255438664, 'reg_alpha': 8.435138650890115, 'reg_lambda': 1.0747917857297447, 'gamma': 1.0}. Best is trial 163 with value: 0.7899015848028625.
[I 2023-10-20 10:38:44,753] Trial 485 finished with value: 0.7878689592997616 and parameters: {'n_estimators': 11400, 'max_depth': 4, 'min_child_weight': 8, 'learning_rate': 0.00035758169242784715, 'subsample': 0.9645331500063054, 'colsample_bytree': 0.37357057413995104, 'reg_alpha': 8.939575724118527, 'reg_lambda': 4.417487454572306, 'gamma': 1.0}. Best is trial 163 with value: 0.7899015848028625.
