[I 2023-10-20 00:45:55,300] Trial 242 finished with value: 0.7890558728138484 and parameters: {'n_estimators': 13200, 'max_depth': 6, 'min_child_weight': 8, 'learning_rate': 0.0003774865384849238, 'colsample_bytree': 0.6}. Best is trial 218 with value: 0.7891376459062516.
[I 2023-10-20 00:46:35,710] Trial 243 finished with value: 0.789049502062644 and parameters: {'n_estimators': 13400, 'max_depth': 6, 'min_child_weight': 8, 'learning_rate': 0.0002917984873737726, 'colsample_bytree': 0.6}. Best is trial 218 with value: 0.7891376459062516.
[I 2023-10-20 00:47:14,346] Trial 244 finished with value: 0.7891173055560208 and parameters: {'n_estimators': 13100, 'max_depth': 6, 'min_child_weight': 8, 'learning_rate': 0.00036203320878326774, 'colsample_bytree': 0.6}. Best is trial 218 with value: 0.7891376459062516.
[I 2023-10-20 00:47:54,902] Trial 245 finished with value: 0.7887747991782916 and parameters: {'n_estimators': 13200, 'max_depth': 6, 'min_child_weight': 8, 'learning_rate': 0.0002251952332993098, 'colsample_bytree': 0.6}. Best is trial 218 with value: 0.7891376459062516.
[I 2023-10-20 00:48:33,593] Trial 246 finished with value: 0.7891278001998449 and parameters: {'n_estimators': 13100, 'max_depth': 6, 'min_child_weight': 8, 'learning_rate': 0.00036084096532613567, 'colsample_bytree': 0.6}. Best is trial 218 with value: 0.7891376459062516.
[I 2023-10-20 00:49:13,116] Trial 247 finished with value: 0.789037856078241 and parameters: {'n_estimators': 13100, 'max_depth': 6, 'min_child_weight': 8, 'learning_rate': 0.0002963835915456535, 'colsample_bytree': 0.6}. Best is trial 218 with value: 0.7891376459062516.
[I 2023-10-20 00:49:52,344] Trial 248 finished with value: 0.7890388120398126 and parameters: {'n_estimators': 13400, 'max_depth': 6, 'min_child_weight': 8, 'learning_rate': 0.0003828332643437143, 'colsample_bytree': 0.6}. Best is trial 218 with value: 0.7891376459062516.
[I 2023-10-20 00:50:31,065] Trial 249 finished with value: 0.7891287701170598 and parameters: {'n_estimators': 13100, 'max_depth': 6, 'min_child_weight': 8, 'learning_rate': 0.00034199074112937567, 'colsample_bytree': 0.6}. Best is trial 218 with value: 0.7891376459062516.
[I 2023-10-20 00:51:10,008] Trial 250 finished with value: 0.7890982212136943 and parameters: {'n_estimators': 13100, 'max_depth': 6, 'min_child_weight': 8, 'learning_rate': 0.0003349541166544621, 'colsample_bytree': 0.6}. Best is trial 218 with value: 0.7891376459062516.
[I 2023-10-20 00:51:49,703] Trial 251 finished with value: 0.7888541858556763 and parameters: {'n_estimators': 13000, 'max_depth': 6, 'min_child_weight': 8, 'learning_rate': 0.0002467287310948089, 'colsample_bytree': 0.6}. Best is trial 218 with value: 0.7891376459062516.
[I 2023-10-20 00:52:30,571] Trial 252 finished with value: 0.789034576502046 and parameters: {'n_estimators': 13500, 'max_depth': 6, 'min_child_weight': 8, 'learning_rate': 0.00028452071542415456, 'colsample_bytree': 0.6}. Best is trial 218 with value: 0.7891376459062516.
[I 2023-10-20 00:53:09,754] Trial 253 finished with value: 0.7890476529398958 and parameters: {'n_estimators': 13200, 'max_depth': 6, 'min_child_weight': 8, 'learning_rate': 0.0003874708382847771, 'colsample_bytree': 0.6}. Best is trial 218 with value: 0.7891376459062516.
[I 2023-10-20 00:53:48,186] Trial 254 finished with value: 0.7891284142481537 and parameters: {'n_estimators': 13000, 'max_depth': 6, 'min_child_weight': 8, 'learning_rate': 0.0003598403988126727, 'colsample_bytree': 0.6}. Best is trial 218 with value: 0.7891376459062516.
[I 2023-10-20 00:54:27,180] Trial 255 finished with value: 0.7890548191627731 and parameters: {'n_estimators': 13000, 'max_depth': 6, 'min_child_weight': 7, 'learning_rate': 0.00032844500987659956, 'colsample_bytree': 0.6}. Best is trial 218 with value: 0.7891376459062516.
[I 2023-10-20 00:55:07,214] Trial 256 finished with value: 0.7889239291834831 and parameters: {'n_estimators': 12900, 'max_depth': 6, 'min_child_weight': 8, 'learning_rate': 0.0002706803452094554, 'colsample_bytree': 0.6}. Best is trial 218 with value: 0.7891376459062516.
[I 2023-10-20 00:56:32,855] Trial 257 finished with value: 0.7876014854386817 and parameters: {'n_estimators': 13300, 'max_depth': 9, 'min_child_weight': 8, 'learning_rate': 0.00038438093083567024, 'colsample_bytree': 0.6}. Best is trial 218 with value: 0.7891376459062516.
[I 2023-10-20 00:57:12,189] Trial 258 finished with value: 0.7891186592534288 and parameters: {'n_estimators': 13200, 'max_depth': 6, 'min_child_weight': 8, 'learning_rate': 0.00034771678345743855, 'colsample_bytree': 0.6}. Best is trial 218 with value: 0.7891376459062516.
[I 2023-10-20 00:57:51,552] Trial 259 finished with value: 0.7890986817499259 and parameters: {'n_estimators': 13100, 'max_depth': 6, 'min_child_weight': 8, 'learning_rate': 0.0003329498095320349, 'colsample_bytree': 0.6}. Best is trial 218 with value: 0.7891376459062516.
[I 2023-10-20 00:58:31,429] Trial 260 finished with value: 0.7890434802025243 and parameters: {'n_estimators': 13200, 'max_depth': 6, 'min_child_weight': 8, 'learning_rate': 0.00029417673627073876, 'colsample_bytree': 0.6}. Best is trial 218 with value: 0.7891376459062516.
[I 2023-10-20 00:59:12,703] Trial 261 finished with value: 0.7887608923796605 and parameters: {'n_estimators': 13300, 'max_depth': 6, 'min_child_weight': 8, 'learning_rate': 0.00020354032170103478, 'colsample_bytree': 0.6}. Best is trial 218 with value: 0.7891376459062516.
[I 2023-10-20 00:59:51,762] Trial 262 finished with value: 0.7888623987518072 and parameters: {'n_estimators': 13500, 'max_depth': 6, 'min_child_weight': 8, 'learning_rate': 0.0004121739384945604, 'colsample_bytree': 0.8}. Best is trial 218 with value: 0.7891376459062516.
[I 2023-10-20 01:00:29,822] Trial 263 finished with value: 0.7888567606718804 and parameters: {'n_estimators': 12800, 'max_depth': 6, 'min_child_weight': 8, 'learning_rate': 0.0003602905636017318, 'colsample_bytree': 0.7}. Best is trial 218 with value: 0.7891376459062516.
[I 2023-10-20 01:01:03,713] Trial 264 finished with value: 0.7875900836780377 and parameters: {'n_estimators': 13000, 'max_depth': 6, 'min_child_weight': 8, 'learning_rate': 0.0014030880215019181, 'colsample_bytree': 0.6}. Best is trial 218 with value: 0.7891376459062516.
[I 2023-10-20 01:01:42,034] Trial 265 finished with value: 0.7888247464259597 and parameters: {'n_estimators': 12600, 'max_depth': 6, 'min_child_weight': 8, 'learning_rate': 0.0002486048466963587, 'colsample_bytree': 0.6}. Best is trial 218 with value: 0.7891376459062516.
[I 2023-10-20 01:02:31,244] Trial 266 finished with value: 0.7887362397356243 and parameters: {'n_estimators': 13100, 'max_depth': 7, 'min_child_weight': 8, 'learning_rate': 0.00042686725259591135, 'colsample_bytree': 0.6}. Best is trial 218 with value: 0.7891376459062516.
[I 2023-10-20 01:04:27,363] Trial 267 finished with value: 0.7871854607316107 and parameters: {'n_estimators': 13400, 'max_depth': 10, 'min_child_weight': 8, 'learning_rate': 0.00031529283109779687, 'colsample_bytree': 0.6}. Best is trial 218 with value: 0.7891376459062516.
[I 2023-10-20 01:04:57,218] Trial 268 finished with value: 0.7889959472811614 and parameters: {'n_estimators': 12900, 'max_depth': 5, 'min_child_weight': 8, 'learning_rate': 0.00037925497291806, 'colsample_bytree': 0.6}. Best is trial 218 with value: 0.7891376459062516.
[I 2023-10-20 01:05:29,903] Trial 269 finished with value: 0.7500724228113365 and parameters: {'n_estimators': 13600, 'max_depth': 6, 'min_child_weight': 8, 'learning_rate': 0.039820092776677536, 'colsample_bytree': 0.6}. Best is trial 218 with value: 0.7891376459062516.
[I 2023-10-20 01:06:09,627] Trial 270 finished with value: 0.7889755650640007 and parameters: {'n_estimators': 13200, 'max_depth': 6, 'min_child_weight': 8, 'learning_rate': 0.00027593066778130077, 'colsample_bytree': 0.6}. Best is trial 218 with value: 0.7891376459062516.
[I 2023-10-20 01:06:48,677] Trial 271 finished with value: 0.7891142841592284 and parameters: {'n_estimators': 13000, 'max_depth': 6, 'min_child_weight': 8, 'learning_rate': 0.0003524641128196599, 'colsample_bytree': 0.6}. Best is trial 218 with value: 0.7891376459062516.
[I 2023-10-20 01:07:20,005] Trial 272 finished with value: 0.7883307654949508 and parameters: {'n_estimators': 10100, 'max_depth': 6, 'min_child_weight': 8, 'learning_rate': 0.00015222305885419205, 'colsample_bytree': 0.6}. Best is trial 218 with value: 0.7891376459062516.
[I 2023-10-20 01:07:58,546] Trial 273 finished with value: 0.7891022125277019 and parameters: {'n_estimators': 13000, 'max_depth': 6, 'min_child_weight': 8, 'learning_rate': 0.00034129967048773693, 'colsample_bytree': 0.6}. Best is trial 218 with value: 0.7891376459062516.
[I 2023-10-20 01:08:37,150] Trial 274 finished with value: 0.7887533772656987 and parameters: {'n_estimators': 12700, 'max_depth': 6, 'min_child_weight': 8, 'learning_rate': 0.0002234832171430697, 'colsample_bytree': 0.6}. Best is trial 218 with value: 0.7891376459062516.
[I 2023-10-20 01:09:17,217] Trial 275 finished with value: 0.7890785646899893 and parameters: {'n_estimators': 13400, 'max_depth': 6, 'min_child_weight': 8, 'learning_rate': 0.00030376984100033113, 'colsample_bytree': 0.6}. Best is trial 218 with value: 0.7891376459062516.
[I 2023-10-20 01:09:50,565] Trial 276 finished with value: 0.7854419473146551 and parameters: {'n_estimators': 13100, 'max_depth': 6, 'min_child_weight': 8, 'learning_rate': 0.0025428220148865635, 'colsample_bytree': 0.6}. Best is trial 218 with value: 0.7891376459062516.
[I 2023-10-20 01:10:28,154] Trial 277 finished with value: 0.789014689710225 and parameters: {'n_estimators': 12900, 'max_depth': 6, 'min_child_weight': 8, 'learning_rate': 0.0004210679512652066, 'colsample_bytree': 0.6}. Best is trial 218 with value: 0.7891376459062516.
[I 2023-10-20 01:11:06,952] Trial 278 finished with value: 0.7890837631671496 and parameters: {'n_estimators': 13300, 'max_depth': 6, 'min_child_weight': 8, 'learning_rate': 0.0003742913115711234, 'colsample_bytree': 0.6}. Best is trial 218 with value: 0.7891376459062516.
[I 2023-10-20 01:11:35,417] Trial 279 finished with value: 0.7386173934765741 and parameters: {'n_estimators': 13800, 'max_depth': 5, 'min_child_weight': 8, 'learning_rate': 0.07631322441972274, 'colsample_bytree': 0.6}. Best is trial 218 with value: 0.7891376459062516.
[I 2023-10-20 01:12:14,266] Trial 280 finished with value: 0.7890963930244113 and parameters: {'n_estimators': 13100, 'max_depth': 6, 'min_child_weight': 8, 'learning_rate': 0.00033644624096676397, 'colsample_bytree': 0.6}. Best is trial 218 with value: 0.7891376459062516.
[I 2023-10-20 01:12:52,902] Trial 281 finished with value: 0.7889086337983355 and parameters: {'n_estimators': 12800, 'max_depth': 6, 'min_child_weight': 8, 'learning_rate': 0.0002703943547692132, 'colsample_bytree': 0.6}. Best is trial 218 with value: 0.7891376459062516.
[I 2023-10-20 01:13:30,753] Trial 282 finished with value: 0.7890314853270365 and parameters: {'n_estimators': 13200, 'max_depth': 6, 'min_child_weight': 8, 'learning_rate': 0.00044482890586359527, 'colsample_bytree': 0.6}. Best is trial 218 with value: 0.7891376459062516.
[I 2023-10-20 01:14:09,992] Trial 283 finished with value: 0.789124290355534 and parameters: {'n_estimators': 13400, 'max_depth': 6, 'min_child_weight': 8, 'learning_rate': 0.0003651308078771619, 'colsample_bytree': 0.6}. Best is trial 218 with value: 0.7891376459062516.
[I 2023-10-20 01:14:49,338] Trial 284 finished with value: 0.7888275933772099 and parameters: {'n_estimators': 13500, 'max_depth': 6, 'min_child_weight': 8, 'learning_rate': 0.00036203518429713113, 'colsample_bytree': 0.8}. Best is trial 218 with value: 0.7891376459062516.
[I 2023-10-20 01:15:41,754] Trial 285 finished with value: 0.7889322676804046 and parameters: {'n_estimators': 13300, 'max_depth': 7, 'min_child_weight': 8, 'learning_rate': 0.0003080629297117283, 'colsample_bytree': 0.6}. Best is trial 218 with value: 0.7891376459062516.
[I 2023-10-20 01:16:22,029] Trial 286 finished with value: 0.7888638222274323 and parameters: {'n_estimators': 14100, 'max_depth': 6, 'min_child_weight': 8, 'learning_rate': 0.00041164218290958053, 'colsample_bytree': 0.7}. Best is trial 218 with value: 0.7891376459062516.
[I 2023-10-20 01:17:03,710] Trial 287 finished with value: 0.7887495115524815 and parameters: {'n_estimators': 13600, 'max_depth': 6, 'min_child_weight': 8, 'learning_rate': 0.0001898697877242854, 'colsample_bytree': 0.6}. Best is trial 218 with value: 0.7891376459062516.
[I 2023-10-20 01:17:42,962] Trial 288 finished with value: 0.7888296378789655 and parameters: {'n_estimators': 13000, 'max_depth': 6, 'min_child_weight': 7, 'learning_rate': 0.00024972450595021504, 'colsample_bytree': 0.6}. Best is trial 218 with value: 0.7891376459062516.
[I 2023-10-20 01:18:21,785] Trial 289 finished with value: 0.7891183731627396 and parameters: {'n_estimators': 13300, 'max_depth': 6, 'min_child_weight': 8, 'learning_rate': 0.0003577061182674382, 'colsample_bytree': 0.6}. Best is trial 218 with value: 0.7891376459062516.
[I 2023-10-20 01:19:25,905] Trial 290 finished with value: 0.7881777488430772 and parameters: {'n_estimators': 13400, 'max_depth': 8, 'min_child_weight': 8, 'learning_rate': 0.0004350300884642828, 'colsample_bytree': 0.6}. Best is trial 218 with value: 0.7891376459062516.
[I 2023-10-20 01:20:03,391] Trial 291 finished with value: 0.788983087155784 and parameters: {'n_estimators': 12500, 'max_depth': 6, 'min_child_weight': 8, 'learning_rate': 0.00029246545004098674, 'colsample_bytree': 0.6}. Best is trial 218 with value: 0.7891376459062516.
[I 2023-10-20 01:20:37,605] Trial 292 finished with value: 0.7869938218366744 and parameters: {'n_estimators': 13300, 'max_depth': 6, 'min_child_weight': 8, 'learning_rate': 0.0016434111894218294, 'colsample_bytree': 0.6}. Best is trial 218 with value: 0.7891376459062516.
[I 2023-10-20 01:21:10,607] Trial 293 finished with value: 0.7614199169360106 and parameters: {'n_estimators': 13800, 'max_depth': 6, 'min_child_weight': 8, 'learning_rate': 0.02291337604742327, 'colsample_bytree': 0.6}. Best is trial 218 with value: 0.7891376459062516.
[I 2023-10-20 01:21:48,338] Trial 294 finished with value: 0.7890931134482162 and parameters: {'n_estimators': 12900, 'max_depth': 6, 'min_child_weight': 8, 'learning_rate': 0.0003753806749260201, 'colsample_bytree': 0.6}. Best is trial 218 with value: 0.7891376459062516.
[I 2023-10-20 01:22:22,509] Trial 295 finished with value: 0.7846254095981333 and parameters: {'n_estimators': 13600, 'max_depth': 6, 'min_child_weight': 8, 'learning_rate': 0.0031029290830512715, 'colsample_bytree': 0.6}. Best is trial 218 with value: 0.7891376459062516.
[I 2023-10-20 01:23:14,318] Trial 296 finished with value: 0.7889142649004404 and parameters: {'n_estimators': 13200, 'max_depth': 7, 'min_child_weight': 8, 'learning_rate': 0.0003209334013402019, 'colsample_bytree': 0.6}. Best is trial 218 with value: 0.7891376459062516.
[I 2023-10-20 01:23:53,279] Trial 297 finished with value: 0.7890420497490775 and parameters: {'n_estimators': 13500, 'max_depth': 6, 'min_child_weight': 8, 'learning_rate': 0.00044030603017165853, 'colsample_bytree': 0.6}. Best is trial 218 with value: 0.7891376459062516.
[I 2023-10-20 01:24:31,336] Trial 298 finished with value: 0.7891138585121051 and parameters: {'n_estimators': 13000, 'max_depth': 6, 'min_child_weight': 8, 'learning_rate': 0.000372910789626305, 'colsample_bytree': 0.6}. Best is trial 218 with value: 0.7891376459062516.
[I 2023-10-20 01:25:11,505] Trial 299 finished with value: 0.7881855919146583 and parameters: {'n_estimators': 12700, 'max_depth': 6, 'min_child_weight': 8, 'learning_rate': 0.00010343820188809188, 'colsample_bytree': 0.6}. Best is trial 218 with value: 0.7891376459062516.
[I 2023-10-20 01:25:49,924] Trial 300 finished with value: 0.7891323008948359 and parameters: {'n_estimators': 13000, 'max_depth': 6, 'min_child_weight': 8, 'learning_rate': 0.0003647653500645311, 'colsample_bytree': 0.6}. Best is trial 218 with value: 0.7891376459062516.
[I 2023-10-20 01:26:29,030] Trial 301 finished with value: 0.7889700107179342 and parameters: {'n_estimators': 13000, 'max_depth': 6, 'min_child_weight': 8, 'learning_rate': 0.0002801483782604484, 'colsample_bytree': 0.6}. Best is trial 218 with value: 0.7891376459062516.
[I 2023-10-20 01:27:07,195] Trial 302 finished with value: 0.7891157006570316 and parameters: {'n_estimators': 12900, 'max_depth': 6, 'min_child_weight': 8, 'learning_rate': 0.0003580308310812747, 'colsample_bytree': 0.6}. Best is trial 218 with value: 0.7891376459062516.
[I 2023-10-20 01:27:38,754] Trial 303 finished with value: 0.7879533560531208 and parameters: {'n_estimators': 13100, 'max_depth': 5, 'min_child_weight': 8, 'learning_rate': 0.00013933923158101566, 'colsample_bytree': 0.6}. Best is trial 218 with value: 0.7891376459062516.
[I 2023-10-20 01:28:19,286] Trial 304 finished with value: 0.7887843029714355 and parameters: {'n_estimators': 13300, 'max_depth': 6, 'min_child_weight': 8, 'learning_rate': 0.00022550300903955635, 'colsample_bytree': 0.6}. Best is trial 218 with value: 0.7891376459062516.
[I 2023-10-20 01:29:02,083] Trial 305 finished with value: 0.7889829266658852 and parameters: {'n_estimators': 14800, 'max_depth': 6, 'min_child_weight': 8, 'learning_rate': 0.0003722688344469003, 'colsample_bytree': 0.6}. Best is trial 218 with value: 0.7891376459062516.
[I 2023-10-20 01:29:40,578] Trial 306 finished with value: 0.789051811721624 and parameters: {'n_estimators': 12800, 'max_depth': 6, 'min_child_weight': 8, 'learning_rate': 0.0003141164577373127, 'colsample_bytree': 0.6}. Best is trial 218 with value: 0.7891376459062516.
[I 2023-10-20 01:30:20,037] Trial 307 finished with value: 0.7887147689782794 and parameters: {'n_estimators': 13000, 'max_depth': 6, 'min_child_weight': 8, 'learning_rate': 0.00026050889325689527, 'colsample_bytree': 0.8}. Best is trial 218 with value: 0.7891376459062516.
[I 2023-10-20 01:30:57,863] Trial 308 finished with value: 0.7891296772338798 and parameters: {'n_estimators': 12900, 'max_depth': 6, 'min_child_weight': 8, 'learning_rate': 0.0003646122308512955, 'colsample_bytree': 0.6}. Best is trial 218 with value: 0.7891376459062516.
[I 2023-10-20 01:31:38,060] Trial 309 finished with value: 0.7888581004136453 and parameters: {'n_estimators': 13400, 'max_depth': 6, 'min_child_weight': 8, 'learning_rate': 0.00031226924366470956, 'colsample_bytree': 0.7}. Best is trial 218 with value: 0.7891376459062516.
[I 2023-10-20 01:32:15,734] Trial 310 finished with value: 0.7890138174825136 and parameters: {'n_estimators': 13200, 'max_depth': 6, 'min_child_weight': 8, 'learning_rate': 0.0004560397714968914, 'colsample_bytree': 0.6}. Best is trial 218 with value: 0.7891376459062516.
[I 2023-10-20 01:32:49,502] Trial 311 finished with value: 0.7880424279470133 and parameters: {'n_estimators': 12900, 'max_depth': 6, 'min_child_weight': 8, 'learning_rate': 0.001195688559986677, 'colsample_bytree': 0.6}. Best is trial 218 with value: 0.7891376459062516.
[I 2023-10-20 01:33:27,713] Trial 312 finished with value: 0.7890209557941039 and parameters: {'n_estimators': 13200, 'max_depth': 6, 'min_child_weight': 8, 'learning_rate': 0.0003977937155047043, 'colsample_bytree': 0.6}. Best is trial 218 with value: 0.7891376459062516.
[I 2023-10-20 01:34:19,938] Trial 313 finished with value: 0.7886504543957487 and parameters: {'n_estimators': 12500, 'max_depth': 7, 'min_child_weight': 8, 'learning_rate': 0.00017653301183124747, 'colsample_bytree': 0.6}. Best is trial 218 with value: 0.7891376459062516.
[I 2023-10-20 01:34:57,721] Trial 314 finished with value: 0.7891334941023451 and parameters: {'n_estimators': 12800, 'max_depth': 6, 'min_child_weight': 8, 'learning_rate': 0.00035100508207547987, 'colsample_bytree': 0.6}. Best is trial 218 with value: 0.7891376459062516.
[I 2023-10-20 01:35:36,358] Trial 315 finished with value: 0.7888661179307689 and parameters: {'n_estimators': 12800, 'max_depth': 6, 'min_child_weight': 8, 'learning_rate': 0.00025612650204460117, 'colsample_bytree': 0.6}. Best is trial 218 with value: 0.7891376459062516.
[I 2023-10-20 01:36:16,125] Trial 316 finished with value: 0.7890857169572232 and parameters: {'n_estimators': 13300, 'max_depth': 6, 'min_child_weight': 8, 'learning_rate': 0.00031359711636513843, 'colsample_bytree': 0.6}. Best is trial 218 with value: 0.7891376459062516.
[I 2023-10-20 01:36:56,101] Trial 317 finished with value: 0.7887638719095228 and parameters: {'n_estimators': 13100, 'max_depth': 6, 'min_child_weight': 8, 'learning_rate': 0.00021362096756399407, 'colsample_bytree': 0.6}. Best is trial 218 with value: 0.7891376459062516.
[I 2023-10-20 01:37:22,380] Trial 318 finished with value: 0.7300875856178721 and parameters: {'n_estimators': 10900, 'max_depth': 6, 'min_child_weight': 8, 'learning_rate': 0.11126885447367155, 'colsample_bytree': 0.6}. Best is trial 218 with value: 0.7891376459062516.
[I 2023-10-20 01:37:53,479] Trial 319 finished with value: 0.788937124244302 and parameters: {'n_estimators': 13500, 'max_depth': 5, 'min_child_weight': 8, 'learning_rate': 0.0004537376680730091, 'colsample_bytree': 0.6}. Best is trial 218 with value: 0.7891376459062516.
[I 2023-10-20 01:38:31,236] Trial 320 finished with value: 0.7890886755536204 and parameters: {'n_estimators': 12900, 'max_depth': 6, 'min_child_weight': 8, 'learning_rate': 0.0003761329896636964, 'colsample_bytree': 0.6}. Best is trial 218 with value: 0.7891376459062516.
[I 2023-10-20 01:39:12,404] Trial 321 finished with value: 0.7890029599919616 and parameters: {'n_estimators': 13700, 'max_depth': 6, 'min_child_weight': 8, 'learning_rate': 0.00027472122802610474, 'colsample_bytree': 0.6}. Best is trial 218 with value: 0.7891376459062516.
