[I 2023-10-20 02:30:13,730] Trial 402 finished with value: 0.7873545752181268 and parameters: {'n_estimators': 13300, 'max_depth': 6, 'min_child_weight': 8, 'learning_rate': 0.0014939619992081796, 'colsample_bytree': 0.6}. Best is trial 218 with value: 0.7891376459062516.
[I 2023-10-20 02:30:54,119] Trial 403 finished with value: 0.7890212697960801 and parameters: {'n_estimators': 14100, 'max_depth': 6, 'min_child_weight': 8, 'learning_rate': 0.0004376455544996255, 'colsample_bytree': 0.6}. Best is trial 218 with value: 0.7891376459062516.
[I 2023-10-20 02:31:25,894] Trial 404 finished with value: 0.7890504929133243 and parameters: {'n_estimators': 10600, 'max_depth': 6, 'min_child_weight': 8, 'learning_rate': 0.00036852634026262904, 'colsample_bytree': 0.6}. Best is trial 218 with value: 0.7891376459062516.
[I 2023-10-20 02:32:06,432] Trial 405 finished with value: 0.7890936228291998 and parameters: {'n_estimators': 13500, 'max_depth': 6, 'min_child_weight': 8, 'learning_rate': 0.0003101764145546925, 'colsample_bytree': 0.6}. Best is trial 218 with value: 0.7891376459062516.
[I 2023-10-20 02:32:46,674] Trial 406 finished with value: 0.7883399483082969 and parameters: {'n_estimators': 12900, 'max_depth': 6, 'min_child_weight': 8, 'learning_rate': 0.00011945856617835055, 'colsample_bytree': 0.6}. Best is trial 218 with value: 0.7891376459062516.
[I 2023-10-20 02:34:40,866] Trial 407 finished with value: 0.7854583033287001 and parameters: {'n_estimators': 13200, 'max_depth': 11, 'min_child_weight': 8, 'learning_rate': 0.0005399628233097514, 'colsample_bytree': 0.6}. Best is trial 218 with value: 0.7891376459062516.
[I 2023-10-20 02:35:19,062] Trial 408 finished with value: 0.788899025337866 and parameters: {'n_estimators': 12700, 'max_depth': 6, 'min_child_weight': 8, 'learning_rate': 0.0002685491395413304, 'colsample_bytree': 0.6}. Best is trial 218 with value: 0.7891376459062516.
[I 2023-10-20 02:35:58,148] Trial 409 finished with value: 0.7875035656668844 and parameters: {'n_estimators': 12000, 'max_depth': 7, 'min_child_weight': 8, 'learning_rate': 0.0011248046636697473, 'colsample_bytree': 0.6}. Best is trial 218 with value: 0.7891376459062516.
[I 2023-10-20 02:36:35,367] Trial 410 finished with value: 0.7889971753777794 and parameters: {'n_estimators': 12900, 'max_depth': 6, 'min_child_weight': 8, 'learning_rate': 0.0004543360406678896, 'colsample_bytree': 0.6}. Best is trial 218 with value: 0.7891376459062516.
[I 2023-10-20 02:37:09,692] Trial 411 finished with value: 0.7866674691161611 and parameters: {'n_estimators': 13400, 'max_depth': 6, 'min_child_weight': 7, 'learning_rate': 0.0018422489380187483, 'colsample_bytree': 0.6}. Best is trial 218 with value: 0.7891376459062516.
[I 2023-10-20 02:37:48,508] Trial 412 finished with value: 0.7890926250006979 and parameters: {'n_estimators': 13000, 'max_depth': 6, 'min_child_weight': 8, 'learning_rate': 0.0003389748083230876, 'colsample_bytree': 0.6}. Best is trial 218 with value: 0.7891376459062516.
[I 2023-10-20 02:38:27,061] Trial 413 finished with value: 0.7890142082405284 and parameters: {'n_estimators': 13200, 'max_depth': 6, 'min_child_weight': 8, 'learning_rate': 0.0003920753949126977, 'colsample_bytree': 0.6}. Best is trial 218 with value: 0.7891376459062516.
[I 2023-10-20 02:39:00,950] Trial 414 finished with value: 0.7796768431218216 and parameters: {'n_estimators': 13800, 'max_depth': 6, 'min_child_weight': 8, 'learning_rate': 0.0065402964915056185, 'colsample_bytree': 0.6}. Best is trial 218 with value: 0.7891376459062516.
[I 2023-10-20 02:39:39,652] Trial 415 finished with value: 0.7887513676530515 and parameters: {'n_estimators': 12500, 'max_depth': 6, 'min_child_weight': 8, 'learning_rate': 0.00021810567197347194, 'colsample_bytree': 0.6}. Best is trial 218 with value: 0.7891376459062516.
[I 2023-10-20 02:40:17,016] Trial 416 finished with value: 0.78904927877235 and parameters: {'n_estimators': 13100, 'max_depth': 6, 'min_child_weight': 8, 'learning_rate': 0.000492102913735728, 'colsample_bytree': 0.6}. Best is trial 218 with value: 0.7891376459062516.
[I 2023-10-20 02:40:50,431] Trial 417 finished with value: 0.7828459045768928 and parameters: {'n_estimators': 13300, 'max_depth': 6, 'min_child_weight': 8, 'learning_rate': 0.004479913719477838, 'colsample_bytree': 0.6}. Best is trial 218 with value: 0.7891376459062516.
[I 2023-10-20 02:41:21,123] Trial 418 finished with value: 0.7611196403351588 and parameters: {'n_estimators': 12800, 'max_depth': 6, 'min_child_weight': 8, 'learning_rate': 0.02501228768903056, 'colsample_bytree': 0.6}. Best is trial 218 with value: 0.7891376459062516.
[I 2023-10-20 02:41:57,908] Trial 419 finished with value: 0.7888234206398383 and parameters: {'n_estimators': 13600, 'max_depth': 6, 'min_child_weight': 8, 'learning_rate': 0.0007108913021052523, 'colsample_bytree': 0.6}. Best is trial 218 with value: 0.7891376459062516.
[I 2023-10-20 02:42:26,677] Trial 420 finished with value: 0.7862324577562674 and parameters: {'n_estimators': 11100, 'max_depth': 6, 'min_child_weight': 8, 'learning_rate': 0.0023473969904956806, 'colsample_bytree': 0.7}. Best is trial 218 with value: 0.7891376459062516.
[I 2023-10-20 02:42:50,333] Trial 421 finished with value: 0.7868496391070621 and parameters: {'n_estimators': 13000, 'max_depth': 4, 'min_child_weight': 8, 'learning_rate': 0.0033817234149259336, 'colsample_bytree': 0.8}. Best is trial 218 with value: 0.7891376459062516.
[I 2023-10-20 02:43:30,007] Trial 422 finished with value: 0.7890273056118434 and parameters: {'n_estimators': 13200, 'max_depth': 6, 'min_child_weight': 8, 'learning_rate': 0.0002889227022760517, 'colsample_bytree': 0.6}. Best is trial 218 with value: 0.7891376459062516.
[I 2023-10-20 02:44:01,674] Trial 423 finished with value: 0.7890113752449215 and parameters: {'n_estimators': 13500, 'max_depth': 5, 'min_child_weight': 8, 'learning_rate': 0.00034964078777064355, 'colsample_bytree': 0.6}. Best is trial 218 with value: 0.7891376459062516.
[I 2023-10-20 02:44:38,853] Trial 424 finished with value: 0.7889903999129168 and parameters: {'n_estimators': 12700, 'max_depth': 6, 'min_child_weight': 8, 'learning_rate': 0.00043425600264769933, 'colsample_bytree': 0.6}. Best is trial 218 with value: 0.7891376459062516.
[I 2023-10-20 02:45:18,328] Trial 425 finished with value: 0.7891059805514152 and parameters: {'n_estimators': 13100, 'max_depth': 6, 'min_child_weight': 8, 'learning_rate': 0.000323599380339572, 'colsample_bytree': 0.6}. Best is trial 218 with value: 0.7891376459062516.
[I 2023-10-20 02:45:55,824] Trial 426 finished with value: 0.7889326793718845 and parameters: {'n_estimators': 13400, 'max_depth': 6, 'min_child_weight': 8, 'learning_rate': 0.0005981253432483033, 'colsample_bytree': 0.6}. Best is trial 218 with value: 0.7891376459062516.
[I 2023-10-20 02:46:33,978] Trial 427 finished with value: 0.7890721450940332 and parameters: {'n_estimators': 12900, 'max_depth': 6, 'min_child_weight': 8, 'learning_rate': 0.000383751903598376, 'colsample_bytree': 0.6}. Best is trial 218 with value: 0.7891376459062516.
[I 2023-10-20 02:47:14,744] Trial 428 finished with value: 0.7890001339741766 and parameters: {'n_estimators': 13300, 'max_depth': 6, 'min_child_weight': 8, 'learning_rate': 0.0002790190976749184, 'colsample_bytree': 0.6}. Best is trial 218 with value: 0.7891376459062516.
[I 2023-10-20 02:48:02,502] Trial 429 finished with value: 0.7886604675698761 and parameters: {'n_estimators': 13000, 'max_depth': 7, 'min_child_weight': 8, 'learning_rate': 0.0005033984004562823, 'colsample_bytree': 0.6}. Best is trial 218 with value: 0.7891376459062516.
[I 2023-10-20 02:48:36,313] Trial 430 finished with value: 0.7888016637918042 and parameters: {'n_estimators': 12400, 'max_depth': 6, 'min_child_weight': 8, 'learning_rate': 0.0008099231095896365, 'colsample_bytree': 0.6}. Best is trial 218 with value: 0.7891376459062516.
[I 2023-10-20 02:49:14,670] Trial 431 finished with value: 0.78900769793289 and parameters: {'n_estimators': 13200, 'max_depth': 6, 'min_child_weight': 8, 'learning_rate': 0.00041613973828596984, 'colsample_bytree': 0.6}. Best is trial 218 with value: 0.7891376459062516.
[I 2023-10-20 02:49:46,521] Trial 432 finished with value: 0.7792671752103114 and parameters: {'n_estimators': 12800, 'max_depth': 6, 'min_child_weight': 8, 'learning_rate': 0.007605715137398542, 'colsample_bytree': 0.6}. Best is trial 218 with value: 0.7891376459062516.
[I 2023-10-20 02:50:19,084] Trial 433 finished with value: 0.7739802541601772 and parameters: {'n_estimators': 13400, 'max_depth': 6, 'min_child_weight': 8, 'learning_rate': 0.011373495422053632, 'colsample_bytree': 0.6}. Best is trial 218 with value: 0.7891376459062516.
[I 2023-10-20 02:50:59,553] Trial 434 finished with value: 0.7891199292169766 and parameters: {'n_estimators': 13600, 'max_depth': 6, 'min_child_weight': 8, 'learning_rate': 0.0003493168360633316, 'colsample_bytree': 0.6}. Best is trial 218 with value: 0.7891376459062516.
[I 2023-10-20 02:51:42,133] Trial 435 finished with value: 0.7888515412612552 and parameters: {'n_estimators': 13800, 'max_depth': 6, 'min_child_weight': 8, 'learning_rate': 0.00023591693108220818, 'colsample_bytree': 0.6}. Best is trial 218 with value: 0.7891376459062516.
[I 2023-10-20 02:52:23,914] Trial 436 finished with value: 0.7891108929378864 and parameters: {'n_estimators': 14000, 'max_depth': 6, 'min_child_weight': 8, 'learning_rate': 0.00033965918990560185, 'colsample_bytree': 0.6}. Best is trial 218 with value: 0.7891376459062516.
[I 2023-10-20 02:53:05,083] Trial 437 finished with value: 0.7891025474631431 and parameters: {'n_estimators': 13600, 'max_depth': 6, 'min_child_weight': 8, 'learning_rate': 0.000306452172559867, 'colsample_bytree': 0.6}. Best is trial 218 with value: 0.7891376459062516.
[I 2023-10-20 02:53:41,213] Trial 438 finished with value: 0.7882811601605456 and parameters: {'n_estimators': 13500, 'max_depth': 6, 'min_child_weight': 8, 'learning_rate': 0.001006666737548148, 'colsample_bytree': 0.6}. Best is trial 218 with value: 0.7891376459062516.
[I 2023-10-20 02:54:21,770] Trial 439 finished with value: 0.7890952626172972 and parameters: {'n_estimators': 13700, 'max_depth': 6, 'min_child_weight': 8, 'learning_rate': 0.0003620406858272423, 'colsample_bytree': 0.6}. Best is trial 218 with value: 0.7891376459062516.
[I 2023-10-20 02:54:56,283] Trial 440 finished with value: 0.7860308754654208 and parameters: {'n_estimators': 13300, 'max_depth': 6, 'min_child_weight': 8, 'learning_rate': 0.002101485043391666, 'colsample_bytree': 0.6}. Best is trial 218 with value: 0.7891376459062516.
[I 2023-10-20 02:55:29,981] Trial 441 finished with value: 0.7852791338011265 and parameters: {'n_estimators': 13100, 'max_depth': 6, 'min_child_weight': 8, 'learning_rate': 0.002649369652272684, 'colsample_bytree': 0.6}. Best is trial 218 with value: 0.7891376459062516.
[I 2023-10-20 02:56:24,692] Trial 442 finished with value: 0.788867604206789 and parameters: {'n_estimators': 13500, 'max_depth': 7, 'min_child_weight': 8, 'learning_rate': 0.0002620369730092926, 'colsample_bytree': 0.6}. Best is trial 218 with value: 0.7891376459062516.
[I 2023-10-20 02:56:54,516] Trial 443 finished with value: 0.7830807920106733 and parameters: {'n_estimators': 11800, 'max_depth': 6, 'min_child_weight': 7, 'learning_rate': 0.004068201919406073, 'colsample_bytree': 0.7}. Best is trial 218 with value: 0.7891376459062516.
[I 2023-10-20 02:57:25,244] Trial 444 finished with value: 0.7885598962258357 and parameters: {'n_estimators': 13000, 'max_depth': 5, 'min_child_weight': 8, 'learning_rate': 0.00031027750894514706, 'colsample_bytree': 0.8}. Best is trial 218 with value: 0.7891376459062516.
[I 2023-10-20 02:58:03,874] Trial 445 finished with value: 0.788996638085509 and parameters: {'n_estimators': 13200, 'max_depth': 6, 'min_child_weight': 8, 'learning_rate': 0.0003952444556664326, 'colsample_bytree': 0.6}. Best is trial 218 with value: 0.7891376459062516.
[I 2023-10-20 02:58:45,232] Trial 446 finished with value: 0.78909651164738 and parameters: {'n_estimators': 13900, 'max_depth': 6, 'min_child_weight': 8, 'learning_rate': 0.00034999929622302433, 'colsample_bytree': 0.6}. Best is trial 218 with value: 0.7891376459062516.
[I 2023-10-20 02:59:27,119] Trial 447 finished with value: 0.788766216457611 and parameters: {'n_estimators': 13700, 'max_depth': 6, 'min_child_weight': 8, 'learning_rate': 0.000199238249028973, 'colsample_bytree': 0.6}. Best is trial 218 with value: 0.7891376459062516.
[I 2023-10-20 03:00:04,918] Trial 448 finished with value: 0.7890084026928809 and parameters: {'n_estimators': 12800, 'max_depth': 6, 'min_child_weight': 8, 'learning_rate': 0.0004417131492592265, 'colsample_bytree': 0.6}. Best is trial 218 with value: 0.7891376459062516.
[I 2023-10-20 03:00:43,413] Trial 449 finished with value: 0.7889543873751667 and parameters: {'n_estimators': 12600, 'max_depth': 6, 'min_child_weight': 8, 'learning_rate': 0.0002835547400983544, 'colsample_bytree': 0.6}. Best is trial 218 with value: 0.7891376459062516.
[I 2023-10-20 03:01:22,495] Trial 450 finished with value: 0.7890924924220857 and parameters: {'n_estimators': 13300, 'max_depth': 6, 'min_child_weight': 8, 'learning_rate': 0.0003709827714111679, 'colsample_bytree': 0.6}. Best is trial 218 with value: 0.7891376459062516.
[I 2023-10-20 03:01:53,718] Trial 451 finished with value: 0.787856573666259 and parameters: {'n_estimators': 9900, 'max_depth': 6, 'min_child_weight': 8, 'learning_rate': 0.00010155964317502341, 'colsample_bytree': 0.6}. Best is trial 218 with value: 0.7891376459062516.
[I 2023-10-20 03:02:32,550] Trial 452 finished with value: 0.7891005169170309 and parameters: {'n_estimators': 13000, 'max_depth': 6, 'min_child_weight': 8, 'learning_rate': 0.00031910876641975727, 'colsample_bytree': 0.6}. Best is trial 218 with value: 0.7891376459062516.
[I 2023-10-20 03:03:09,896] Trial 453 finished with value: 0.7887724755636685 and parameters: {'n_estimators': 12200, 'max_depth': 6, 'min_child_weight': 8, 'learning_rate': 0.00023919335086719558, 'colsample_bytree': 0.6}. Best is trial 218 with value: 0.7891376459062516.
[I 2023-10-20 03:03:48,970] Trial 454 finished with value: 0.7890353719737188 and parameters: {'n_estimators': 13400, 'max_depth': 6, 'min_child_weight': 8, 'learning_rate': 0.00043732446743179146, 'colsample_bytree': 0.6}. Best is trial 218 with value: 0.7891376459062516.
[I 2023-10-20 03:04:24,406] Trial 455 finished with value: 0.7877454030110695 and parameters: {'n_estimators': 13600, 'max_depth': 6, 'min_child_weight': 8, 'learning_rate': 0.0013335586247748105, 'colsample_bytree': 0.6}. Best is trial 218 with value: 0.7891376459062516.
[I 2023-10-20 03:04:56,764] Trial 456 finished with value: 0.7816921706049492 and parameters: {'n_estimators': 13100, 'max_depth': 6, 'min_child_weight': 8, 'learning_rate': 0.005415909933727724, 'colsample_bytree': 0.6}. Best is trial 218 with value: 0.7891376459062516.
[I 2023-10-20 03:05:34,675] Trial 457 finished with value: 0.7890238725235711 and parameters: {'n_estimators': 12900, 'max_depth': 6, 'min_child_weight': 8, 'learning_rate': 0.0004022362477754476, 'colsample_bytree': 0.6}. Best is trial 218 with value: 0.7891376459062516.
[I 2023-10-20 03:06:30,310] Trial 458 finished with value: 0.7888129399516576 and parameters: {'n_estimators': 14700, 'max_depth': 7, 'min_child_weight': 8, 'learning_rate': 0.00035693054948719857, 'colsample_bytree': 0.6}. Best is trial 218 with value: 0.7891376459062516.
[I 2023-10-20 03:07:01,339] Trial 459 finished with value: 0.7888304752175684 and parameters: {'n_estimators': 13200, 'max_depth': 5, 'min_child_weight': 8, 'learning_rate': 0.000274543226835013, 'colsample_bytree': 0.6}. Best is trial 218 with value: 0.7891376459062516.
[I 2023-10-20 03:07:35,976] Trial 460 finished with value: 0.7870844148956955 and parameters: {'n_estimators': 13400, 'max_depth': 6, 'min_child_weight': 8, 'learning_rate': 0.0016274263061476764, 'colsample_bytree': 0.6}. Best is trial 218 with value: 0.7891376459062516.
[I 2023-10-20 03:08:09,669] Trial 461 finished with value: 0.7884218539793122 and parameters: {'n_estimators': 10800, 'max_depth': 6, 'min_child_weight': 8, 'learning_rate': 0.00015448445808257841, 'colsample_bytree': 0.6}. Best is trial 218 with value: 0.7891376459062516.
[I 2023-10-20 03:08:46,477] Trial 462 finished with value: 0.7890483576998867 and parameters: {'n_estimators': 12900, 'max_depth': 6, 'min_child_weight': 8, 'learning_rate': 0.0004896429399457149, 'colsample_bytree': 0.6}. Best is trial 218 with value: 0.7891376459062516.
[I 2023-10-20 03:09:20,235] Trial 463 finished with value: 0.786557784736992 and parameters: {'n_estimators': 13100, 'max_depth': 6, 'min_child_weight': 8, 'learning_rate': 0.001883382926174988, 'colsample_bytree': 0.6}. Best is trial 218 with value: 0.7891376459062516.
[I 2023-10-20 03:09:38,880] Trial 464 finished with value: 0.7587374538765986 and parameters: {'n_estimators': 7500, 'max_depth': 6, 'min_child_weight': 8, 'learning_rate': 0.04221393914872693, 'colsample_bytree': 0.8}. Best is trial 218 with value: 0.7891376459062516.
[I 2023-10-20 03:10:16,876] Trial 465 finished with value: 0.7890593059021208 and parameters: {'n_estimators': 12700, 'max_depth': 6, 'min_child_weight': 8, 'learning_rate': 0.0003164611817425313, 'colsample_bytree': 0.6}. Best is trial 218 with value: 0.7891376459062516.
[I 2023-10-20 03:10:47,209] Trial 466 finished with value: 0.7889930514851595 and parameters: {'n_estimators': 10400, 'max_depth': 6, 'min_child_weight': 8, 'learning_rate': 0.0005501252701206604, 'colsample_bytree': 0.6}. Best is trial 218 with value: 0.7891376459062516.
[I 2023-10-20 03:11:25,761] Trial 467 finished with value: 0.7888569700065313 and parameters: {'n_estimators': 13300, 'max_depth': 6, 'min_child_weight': 8, 'learning_rate': 0.00041288292288781255, 'colsample_bytree': 0.7}. Best is trial 218 with value: 0.7891376459062516.
[I 2023-10-20 03:12:04,252] Trial 468 finished with value: 0.7891245415571149 and parameters: {'n_estimators': 13000, 'max_depth': 6, 'min_child_weight': 8, 'learning_rate': 0.0003440168671865116, 'colsample_bytree': 0.6}. Best is trial 218 with value: 0.7891376459062516.
[I 2023-10-20 03:12:43,798] Trial 469 finished with value: 0.788758505964642 and parameters: {'n_estimators': 12800, 'max_depth': 6, 'min_child_weight': 8, 'learning_rate': 0.00021483039814220394, 'colsample_bytree': 0.6}. Best is trial 218 with value: 0.7891376459062516.
[I 2023-10-20 03:13:21,892] Trial 470 finished with value: 0.7888853278738857 and parameters: {'n_estimators': 12600, 'max_depth': 6, 'min_child_weight': 8, 'learning_rate': 0.00026496646788333526, 'colsample_bytree': 0.6}. Best is trial 218 with value: 0.7891376459062516.
[I 2023-10-20 03:14:02,217] Trial 471 finished with value: 0.7886458280999671 and parameters: {'n_estimators': 13000, 'max_depth': 6, 'min_child_weight': 8, 'learning_rate': 0.00017125339807285493, 'colsample_bytree': 0.6}. Best is trial 218 with value: 0.7891376459062516.
[I 2023-10-20 03:14:42,795] Trial 472 finished with value: 0.7890961906675821 and parameters: {'n_estimators': 13600, 'max_depth': 6, 'min_child_weight': 8, 'learning_rate': 0.00031424018507651734, 'colsample_bytree': 0.6}. Best is trial 218 with value: 0.7891376459062516.
[I 2023-10-20 03:15:18,938] Trial 473 finished with value: 0.7888739610023501 and parameters: {'n_estimators': 13200, 'max_depth': 6, 'min_child_weight': 8, 'learning_rate': 0.0006770918928742953, 'colsample_bytree': 0.6}. Best is trial 218 with value: 0.7891376459062516.
[I 2023-10-20 03:15:56,527] Trial 474 finished with value: 0.7890110542651237 and parameters: {'n_estimators': 12900, 'max_depth': 6, 'min_child_weight': 8, 'learning_rate': 0.0004608134653380158, 'colsample_bytree': 0.6}. Best is trial 218 with value: 0.7891376459062516.
[I 2023-10-20 03:16:36,396] Trial 475 finished with value: 0.7890846423726827 and parameters: {'n_estimators': 13500, 'max_depth': 6, 'min_child_weight': 8, 'learning_rate': 0.0003599155109170345, 'colsample_bytree': 0.6}. Best is trial 218 with value: 0.7891376459062516.
[I 2023-10-20 03:17:15,506] Trial 476 finished with value: 0.7890162527422838 and parameters: {'n_estimators': 13100, 'max_depth': 6, 'min_child_weight': 8, 'learning_rate': 0.00028949844395181553, 'colsample_bytree': 0.6}. Best is trial 218 with value: 0.7891376459062516.
[I 2023-10-20 03:17:54,605] Trial 477 finished with value: 0.789007879356254 and parameters: {'n_estimators': 13400, 'max_depth': 6, 'min_child_weight': 8, 'learning_rate': 0.00039057522290613137, 'colsample_bytree': 0.6}. Best is trial 218 with value: 0.7891376459062516.
[I 2023-10-20 03:18:24,812] Trial 478 finished with value: 0.7886734393404006 and parameters: {'n_estimators': 13900, 'max_depth': 5, 'min_child_weight': 8, 'learning_rate': 0.0011636297270505877, 'colsample_bytree': 0.6}. Best is trial 218 with value: 0.7891376459062516.
[I 2023-10-20 03:19:04,553] Trial 479 finished with value: 0.7888241253998292 and parameters: {'n_estimators': 13000, 'max_depth': 6, 'min_child_weight': 8, 'learning_rate': 0.00024379227718505242, 'colsample_bytree': 0.6}. Best is trial 218 with value: 0.7891376459062516.
[I 2023-10-20 03:19:43,669] Trial 480 finished with value: 0.7888134563104628 and parameters: {'n_estimators': 9500, 'max_depth': 7, 'min_child_weight': 8, 'learning_rate': 0.0003375276146699564, 'colsample_bytree': 0.6}. Best is trial 218 with value: 0.7891376459062516.
[I 2023-10-20 03:20:09,538] Trial 481 finished with value: 0.7848646930595794 and parameters: {'n_estimators': 10200, 'max_depth': 6, 'min_child_weight': 8, 'learning_rate': 0.003907263159067832, 'colsample_bytree': 0.6}. Best is trial 218 with value: 0.7891376459062516.
