[I 2023-10-20 08:11:54,898] Trial 54 finished with value: 0.7895781488118165 and parameters: {'n_estimators': 10900, 'max_depth': 4, 'min_child_weight': 7, 'learning_rate': 0.003111795952556174, 'subsample': 0.9468482354828943, 'colsample_bytree': 0.3154862018957145, 'reg_alpha': 3.2807918306646107, 'reg_lambda': 5.369260136211585, 'gamma': 0.7}. Best is trial 32 with value: 0.7898137200721228.
[I 2023-10-20 08:12:21,629] Trial 55 finished with value: 0.7892840266496965 and parameters: {'n_estimators': 11300, 'max_depth': 7, 'min_child_weight': 7, 'learning_rate': 0.0014743555782184533, 'subsample': 0.9984261661769996, 'colsample_bytree': 0.4799834269653167, 'reg_alpha': 4.723256643241567, 'reg_lambda': 5.893781433716537, 'gamma': 0.7}. Best is trial 32 with value: 0.7898137200721228.
[I 2023-10-20 08:12:48,005] Trial 56 finished with value: 0.7888229112588548 and parameters: {'n_estimators': 11500, 'max_depth': 5, 'min_child_weight': 7, 'learning_rate': 0.0005786886176593376, 'subsample': 0.9717778723552619, 'colsample_bytree': 0.2684657436315187, 'reg_alpha': 4.30611710872881, 'reg_lambda': 6.245072930129056, 'gamma': 0.7999999999999999}. Best is trial 32 with value: 0.7898137200721228.
[I 2023-10-20 08:13:16,630] Trial 57 finished with value: 0.7895166114023189 and parameters: {'n_estimators': 10100, 'max_depth': 6, 'min_child_weight': 7, 'learning_rate': 0.0010040343891285373, 'subsample': 0.9861870512089848, 'colsample_bytree': 0.3744903853582938, 'reg_alpha': 3.766717978363841, 'reg_lambda': 6.68234797686886, 'gamma': 0.7}. Best is trial 32 with value: 0.7898137200721228.
[I 2023-10-20 08:13:33,782] Trial 58 finished with value: 0.7888955294491987 and parameters: {'n_estimators': 8600, 'max_depth': 7, 'min_child_weight': 7, 'learning_rate': 0.0037511845269481764, 'subsample': 0.999760036265057, 'colsample_bytree': 0.19825422222307632, 'reg_alpha': 3.050079158657756, 'reg_lambda': 7.296322931425143, 'gamma': 0.7}. Best is trial 32 with value: 0.7898137200721228.
[I 2023-10-20 08:13:54,999] Trial 59 finished with value: 0.7896973718732381 and parameters: {'n_estimators': 11200, 'max_depth': 4, 'min_child_weight': 7, 'learning_rate': 0.0013400315918808343, 'subsample': 0.9588926654638177, 'colsample_bytree': 0.32316164116846696, 'reg_alpha': 5.599671737979375, 'reg_lambda': 8.291235339228026, 'gamma': 0.7}. Best is trial 32 with value: 0.7898137200721228.
[I 2023-10-20 08:14:14,271] Trial 60 finished with value: 0.7896193947158353 and parameters: {'n_estimators': 10500, 'max_depth': 4, 'min_child_weight': 7, 'learning_rate': 0.0015616657527886659, 'subsample': 0.960642952336973, 'colsample_bytree': 0.2801025838773729, 'reg_alpha': 6.09587525378228, 'reg_lambda': 8.330046539187308, 'gamma': 0.7999999999999999}. Best is trial 32 with value: 0.7898137200721228.
[I 2023-10-20 08:14:32,417] Trial 61 finished with value: 0.7897335239674219 and parameters: {'n_estimators': 11200, 'max_depth': 4, 'min_child_weight': 7, 'learning_rate': 0.0021120722904627224, 'subsample': 0.9876198634441204, 'colsample_bytree': 0.32482258085762566, 'reg_alpha': 5.515990844288432, 'reg_lambda': 6.874288754418296, 'gamma': 0.7}. Best is trial 32 with value: 0.7898137200721228.
[I 2023-10-20 08:14:50,757] Trial 62 finished with value: 0.7897340682375139 and parameters: {'n_estimators': 11200, 'max_depth': 4, 'min_child_weight': 7, 'learning_rate': 0.0021031858020458256, 'subsample': 0.9883616159622024, 'colsample_bytree': 0.32529102395422427, 'reg_alpha': 5.603673366348718, 'reg_lambda': 7.024654936034791, 'gamma': 0.7}. Best is trial 32 with value: 0.7898137200721228.
[I 2023-10-20 08:15:07,586] Trial 63 finished with value: 0.7897542760091326 and parameters: {'n_estimators': 11200, 'max_depth': 4, 'min_child_weight': 7, 'learning_rate': 0.002888044994265247, 'subsample': 0.9875409226310464, 'colsample_bytree': 0.33452488493188987, 'reg_alpha': 5.3384474826449635, 'reg_lambda': 6.865059122355884, 'gamma': 0.7}. Best is trial 32 with value: 0.7898137200721228.
[I 2023-10-20 08:15:24,858] Trial 64 finished with value: 0.7897742604904572 and parameters: {'n_estimators': 11000, 'max_depth': 4, 'min_child_weight': 7, 'learning_rate': 0.0027219811892007437, 'subsample': 0.9889780717164296, 'colsample_bytree': 0.30484231461044453, 'reg_alpha': 4.781072466692255, 'reg_lambda': 7.070017361070655, 'gamma': 0.7}. Best is trial 32 with value: 0.7898137200721228.
[I 2023-10-20 08:15:42,562] Trial 65 finished with value: 0.7895781278783514 and parameters: {'n_estimators': 10800, 'max_depth': 4, 'min_child_weight': 7, 'learning_rate': 0.0027462358451923216, 'subsample': 0.9710795959781874, 'colsample_bytree': 0.182907978803365, 'reg_alpha': 5.459387369109651, 'reg_lambda': 6.999856176258225, 'gamma': 0.7}. Best is trial 32 with value: 0.7898137200721228.
[I 2023-10-20 08:15:58,713] Trial 66 finished with value: 0.7897643310501901 and parameters: {'n_estimators': 11000, 'max_depth': 4, 'min_child_weight': 7, 'learning_rate': 0.003693982155592864, 'subsample': 0.9873783901518848, 'colsample_bytree': 0.3027744324002862, 'reg_alpha': 4.838985952190144, 'reg_lambda': 6.598614557069109, 'gamma': 0.7}. Best is trial 32 with value: 0.7898137200721228.
[I 2023-10-20 08:16:12,628] Trial 67 finished with value: 0.7896616384483558 and parameters: {'n_estimators': 10600, 'max_depth': 4, 'min_child_weight': 8, 'learning_rate': 0.006615078843343053, 'subsample': 0.9893695738609167, 'colsample_bytree': 0.2532740574674722, 'reg_alpha': 4.982832339772469, 'reg_lambda': 6.505123540312274, 'gamma': 0.7}. Best is trial 32 with value: 0.7898137200721228.
[I 2023-10-20 08:16:27,751] Trial 68 finished with value: 0.7897855994507059 and parameters: {'n_estimators': 10400, 'max_depth': 4, 'min_child_weight': 7, 'learning_rate': 0.0038127507060591124, 'subsample': 0.9881732538998014, 'colsample_bytree': 0.28361428172944486, 'reg_alpha': 4.681040815326271, 'reg_lambda': 6.1091165595921755, 'gamma': 0.7}. Best is trial 32 with value: 0.7898137200721228.
[I 2023-10-20 08:16:42,682] Trial 69 finished with value: 0.7897351428220545 and parameters: {'n_estimators': 9900, 'max_depth': 4, 'min_child_weight': 7, 'learning_rate': 0.00419406394104271, 'subsample': 0.9708462808747398, 'colsample_bytree': 0.2766500903042992, 'reg_alpha': 4.772145641420823, 'reg_lambda': 6.153708668642978, 'gamma': 0.7999999999999999}. Best is trial 32 with value: 0.7898137200721228.
[I 2023-10-20 08:17:11,072] Trial 70 finished with value: 0.7872862693215883 and parameters: {'n_estimators': 10400, 'max_depth': 10, 'min_child_weight': 7, 'learning_rate': 0.0036218224502954544, 'subsample': 0.9459211527155793, 'colsample_bytree': 0.23636319961910332, 'reg_alpha': 4.652797835444987, 'reg_lambda': 6.629773713871904, 'gamma': 0.7}. Best is trial 32 with value: 0.7898137200721228.
[I 2023-10-20 08:17:25,128] Trial 71 finished with value: 0.7897644078062287 and parameters: {'n_estimators': 9900, 'max_depth': 4, 'min_child_weight': 7, 'learning_rate': 0.004821720890262028, 'subsample': 0.9745143684675871, 'colsample_bytree': 0.29340397360072784, 'reg_alpha': 4.92567808634599, 'reg_lambda': 6.056806793354777, 'gamma': 0.7999999999999999}. Best is trial 32 with value: 0.7898137200721228.
[I 2023-10-20 08:17:41,204] Trial 72 finished with value: 0.7897521617291601 and parameters: {'n_estimators': 10200, 'max_depth': 4, 'min_child_weight': 7, 'learning_rate': 0.002662036229555294, 'subsample': 0.9897503033543565, 'colsample_bytree': 0.29488226294476805, 'reg_alpha': 5.220661402063959, 'reg_lambda': 5.945755821070344, 'gamma': 0.7}. Best is trial 32 with value: 0.7898137200721228.
[I 2023-10-20 08:17:54,931] Trial 73 finished with value: 0.7897337472577162 and parameters: {'n_estimators': 9600, 'max_depth': 4, 'min_child_weight': 7, 'learning_rate': 0.005068115566177697, 'subsample': 0.9759724027164988, 'colsample_bytree': 0.3545426104303159, 'reg_alpha': 4.526353085004981, 'reg_lambda': 6.413057471997383, 'gamma': 0.7999999999999999}. Best is trial 32 with value: 0.7898137200721228.
[I 2023-10-20 08:18:07,875] Trial 74 finished with value: 0.7894176240238028 and parameters: {'n_estimators': 9100, 'max_depth': 4, 'min_child_weight': 7, 'learning_rate': 0.007094667421728173, 'subsample': 0.9642365526780837, 'colsample_bytree': 0.2844707688741843, 'reg_alpha': 4.386188235644212, 'reg_lambda': 6.165244948986563, 'gamma': 0.7}. Best is trial 32 with value: 0.7898137200721228.
[I 2023-10-20 08:18:22,183] Trial 75 finished with value: 0.7894464005604587 and parameters: {'n_estimators': 9500, 'max_depth': 4, 'min_child_weight': 7, 'learning_rate': 0.003714591486707752, 'subsample': 0.9996612000734519, 'colsample_bytree': 0.18043689321299156, 'reg_alpha': 4.914981326552514, 'reg_lambda': 5.683887574321463, 'gamma': 0.7999999999999999}. Best is trial 32 with value: 0.7898137200721228.
[I 2023-10-20 08:18:37,355] Trial 76 finished with value: 0.7897723695007787 and parameters: {'n_estimators': 10000, 'max_depth': 4, 'min_child_weight': 7, 'learning_rate': 0.002835577659995435, 'subsample': 0.9888490807250417, 'colsample_bytree': 0.394472752883594, 'reg_alpha': 5.918900447230173, 'reg_lambda': 6.682512365116455, 'gamma': 0.7}. Best is trial 32 with value: 0.7898137200721228.
[I 2023-10-20 08:18:51,691] Trial 77 finished with value: 0.7893612502023568 and parameters: {'n_estimators': 9800, 'max_depth': 4, 'min_child_weight': 7, 'learning_rate': 0.0060040673575235855, 'subsample': 0.9523581953470939, 'colsample_bytree': 0.4027088967623592, 'reg_alpha': 5.869202166590018, 'reg_lambda': 6.012818482720821, 'gamma': 0.7}. Best is trial 32 with value: 0.7898137200721228.
[I 2023-10-20 08:19:11,312] Trial 78 finished with value: 0.7883009701963279 and parameters: {'n_estimators': 10200, 'max_depth': 8, 'min_child_weight': 7, 'learning_rate': 0.004729356423929961, 'subsample': 0.9738515760416382, 'colsample_bytree': 0.38111993514322057, 'reg_alpha': 4.0801057003908765, 'reg_lambda': 5.634613538944439, 'gamma': 0.7}. Best is trial 32 with value: 0.7898137200721228.
[I 2023-10-20 08:19:28,279] Trial 79 finished with value: 0.7896529440825281 and parameters: {'n_estimators': 10000, 'max_depth': 4, 'min_child_weight': 7, 'learning_rate': 0.0023639528004918294, 'subsample': 0.9910126207882268, 'colsample_bytree': 0.23712978846507918, 'reg_alpha': 4.981817100027375, 'reg_lambda': 5.22998380662225, 'gamma': 0.7}. Best is trial 32 with value: 0.7898137200721228.
[I 2023-10-20 08:19:45,530] Trial 80 finished with value: 0.7878846803320326 and parameters: {'n_estimators': 10300, 'max_depth': 9, 'min_child_weight': 7, 'learning_rate': 0.008579979502246414, 'subsample': 0.9646049045757098, 'colsample_bytree': 0.3068899004213042, 'reg_alpha': 4.291056551472398, 'reg_lambda': 6.4221638057345904, 'gamma': 0.7999999999999999}. Best is trial 32 with value: 0.7898137200721228.
[I 2023-10-20 08:20:02,447] Trial 81 finished with value: 0.789777498199722 and parameters: {'n_estimators': 11000, 'max_depth': 4, 'min_child_weight': 7, 'learning_rate': 0.002921054342687969, 'subsample': 0.9886858962049572, 'colsample_bytree': 0.3547292938482842, 'reg_alpha': 5.21813726760072, 'reg_lambda': 6.723920125902151, 'gamma': 0.7}. Best is trial 32 with value: 0.7898137200721228.
[I 2023-10-20 08:20:18,592] Trial 82 finished with value: 0.7897313259535891 and parameters: {'n_estimators': 10700, 'max_depth': 4, 'min_child_weight': 7, 'learning_rate': 0.003354666392446432, 'subsample': 0.9795405194360844, 'colsample_bytree': 0.3506010874323864, 'reg_alpha': 5.363185134020708, 'reg_lambda': 7.336034073926501, 'gamma': 0.7}. Best is trial 32 with value: 0.7898137200721228.
[I 2023-10-20 08:20:33,827] Trial 83 finished with value: 0.7898094984899994 and parameters: {'n_estimators': 10900, 'max_depth': 4, 'min_child_weight': 7, 'learning_rate': 0.00409971851942864, 'subsample': 0.9933590518377196, 'colsample_bytree': 0.3052183664713073, 'reg_alpha': 4.555597689915369, 'reg_lambda': 6.614121791950825, 'gamma': 0.7}. Best is trial 32 with value: 0.7898137200721228.
[I 2023-10-20 08:20:48,933] Trial 84 finished with value: 0.7897952707115703 and parameters: {'n_estimators': 10900, 'max_depth': 4, 'min_child_weight': 7, 'learning_rate': 0.0043359885237381065, 'subsample': 0.9933184975041265, 'colsample_bytree': 0.382940623466969, 'reg_alpha': 4.832803137139389, 'reg_lambda': 6.259938044585569, 'gamma': 0.7}. Best is trial 32 with value: 0.7898137200721228.
[I 2023-10-20 08:21:06,174] Trial 85 finished with value: 0.7896828231150113 and parameters: {'n_estimators': 10500, 'max_depth': 4, 'min_child_weight': 7, 'learning_rate': 0.0017098642928112385, 'subsample': 0.9998902357875817, 'colsample_bytree': 0.3886196352069086, 'reg_alpha': 6.0659061361491355, 'reg_lambda': 6.247336590827491, 'gamma': 0.7}. Best is trial 32 with value: 0.7898137200721228.
[I 2023-10-20 08:21:20,556] Trial 86 finished with value: 0.7897570741156308 and parameters: {'n_estimators': 10800, 'max_depth': 4, 'min_child_weight': 7, 'learning_rate': 0.004509918244678751, 'subsample': 0.9934714937148291, 'colsample_bytree': 0.43108621286121, 'reg_alpha': 5.205389552641283, 'reg_lambda': 6.801804653037088, 'gamma': 0.7}. Best is trial 32 with value: 0.7898137200721228.
[I 2023-10-20 08:21:37,724] Trial 87 finished with value: 0.7897596349761917 and parameters: {'n_estimators': 9900, 'max_depth': 5, 'min_child_weight': 7, 'learning_rate': 0.0024519995613350447, 'subsample': 0.9781833638090522, 'colsample_bytree': 0.39438435293327356, 'reg_alpha': 4.639007975677437, 'reg_lambda': 7.052762560357452, 'gamma': 0.8999999999999999}. Best is trial 32 with value: 0.7898137200721228.
[I 2023-10-20 08:21:53,549] Trial 88 finished with value: 0.7898060863351923 and parameters: {'n_estimators': 10600, 'max_depth': 4, 'min_child_weight': 8, 'learning_rate': 0.0027914757849165175, 'subsample': 0.9935723872306655, 'colsample_bytree': 0.44110496229681334, 'reg_alpha': 4.432750740987913, 'reg_lambda': 6.637008568199344, 'gamma': 0.7}. Best is trial 32 with value: 0.7898137200721228.
[I 2023-10-20 08:22:09,936] Trial 89 finished with value: 0.7897454071977626 and parameters: {'n_estimators': 10900, 'max_depth': 4, 'min_child_weight': 8, 'learning_rate': 0.0028223597904650692, 'subsample': 0.9932557501687377, 'colsample_bytree': 0.44129239044169233, 'reg_alpha': 4.5186661081053066, 'reg_lambda': 7.3176394465039785, 'gamma': 0.7}. Best is trial 32 with value: 0.7898137200721228.
[I 2023-10-20 08:22:30,433] Trial 90 finished with value: 0.7896580309145411 and parameters: {'n_estimators': 10600, 'max_depth': 5, 'min_child_weight': 8, 'learning_rate': 0.001872028304668535, 'subsample': 0.9835894468318616, 'colsample_bytree': 0.4755215395391514, 'reg_alpha': 3.9632846457442215, 'reg_lambda': 6.582289344860863, 'gamma': 0.7}. Best is trial 32 with value: 0.7898137200721228.
[I 2023-10-20 08:22:43,758] Trial 91 finished with value: 0.7897666686204567 and parameters: {'n_estimators': 10200, 'max_depth': 4, 'min_child_weight': 8, 'learning_rate': 0.005965522469643587, 'subsample': 0.9939389236221485, 'colsample_bytree': 0.35975341355787116, 'reg_alpha': 4.924882340980261, 'reg_lambda': 6.259114183299521, 'gamma': 0.7}. Best is trial 32 with value: 0.7898137200721228.
[I 2023-10-20 08:22:57,552] Trial 92 finished with value: 0.7898174601845493 and parameters: {'n_estimators': 10300, 'max_depth': 4, 'min_child_weight': 8, 'learning_rate': 0.005892507205233665, 'subsample': 0.9929837802420278, 'colsample_bytree': 0.36463049600924613, 'reg_alpha': 5.177965571455484, 'reg_lambda': 6.342349512633927, 'gamma': 0.7}. Best is trial 92 with value: 0.7898174601845493.
[I 2023-10-20 08:23:15,127] Trial 93 finished with value: 0.7897359103824405 and parameters: {'n_estimators': 10700, 'max_depth': 4, 'min_child_weight': 8, 'learning_rate': 0.0023137702833954167, 'subsample': 0.9825517147772368, 'colsample_bytree': 0.4235824191927629, 'reg_alpha': 4.344869075616581, 'reg_lambda': 6.812047796968667, 'gamma': 0.7}. Best is trial 92 with value: 0.7898174601845493.
[I 2023-10-20 08:23:32,250] Trial 94 finished with value: 0.7896462314180608 and parameters: {'n_estimators': 10400, 'max_depth': 4, 'min_child_weight': 8, 'learning_rate': 0.0031026126079847518, 'subsample': 0.9652024154171004, 'colsample_bytree': 0.3687961516608336, 'reg_alpha': 5.20062894338231, 'reg_lambda': 6.466465830170382, 'gamma': 0.7}. Best is trial 92 with value: 0.7898174601845493.
[I 2023-10-20 08:23:46,769] Trial 95 finished with value: 0.789714879227862 and parameters: {'n_estimators': 11000, 'max_depth': 4, 'min_child_weight': 8, 'learning_rate': 0.0039786628493179675, 'subsample': 0.999631281887862, 'colsample_bytree': 0.4120538713573855, 'reg_alpha': 5.691280201413991, 'reg_lambda': 7.135253786834728, 'gamma': 0.7}. Best is trial 92 with value: 0.7898174601845493.
[I 2023-10-20 08:24:01,105] Trial 96 finished with value: 0.7897236852388368 and parameters: {'n_estimators': 10300, 'max_depth': 5, 'min_child_weight': 8, 'learning_rate': 0.00540209120511019, 'subsample': 0.9924735483345216, 'colsample_bytree': 0.3466843404603197, 'reg_alpha': 4.605452173093348, 'reg_lambda': 5.8531368338751975, 'gamma': 0.7}. Best is trial 92 with value: 0.7898174601845493.
[I 2023-10-20 08:24:18,294] Trial 97 finished with value: 0.7897729765712659 and parameters: {'n_estimators': 10500, 'max_depth': 4, 'min_child_weight': 8, 'learning_rate': 0.0026262957821148922, 'subsample': 0.9850407955846436, 'colsample_bytree': 0.3882411368857499, 'reg_alpha': 3.5534063854268894, 'reg_lambda': 5.540673231532357, 'gamma': 0.7}. Best is trial 92 with value: 0.7898174601845493.
[I 2023-10-20 08:24:34,414] Trial 98 finished with value: 0.7895757903080849 and parameters: {'n_estimators': 10600, 'max_depth': 4, 'min_child_weight': 8, 'learning_rate': 0.004106198848748009, 'subsample': 0.9753881997085379, 'colsample_bytree': 0.45314750575212737, 'reg_alpha': 3.546037449882863, 'reg_lambda': 5.459606516463948, 'gamma': 0.7}. Best is trial 92 with value: 0.7898174601845493.
[I 2023-10-20 08:24:54,461] Trial 99 finished with value: 0.7898086471957529 and parameters: {'n_estimators': 10900, 'max_depth': 4, 'min_child_weight': 8, 'learning_rate': 0.0016470099596288309, 'subsample': 0.9831331425200938, 'colsample_bytree': 0.33912289742051094, 'reg_alpha': 3.811741477186891, 'reg_lambda': 5.675003051530275, 'gamma': 0.7}. Best is trial 92 with value: 0.7898174601845493.
[I 2023-10-20 08:25:15,650] Trial 100 finished with value: 0.7896079929551911 and parameters: {'n_estimators': 11400, 'max_depth': 4, 'min_child_weight': 8, 'learning_rate': 0.0016053829294805366, 'subsample': 0.9625676167786924, 'colsample_bytree': 0.26638103570233734, 'reg_alpha': 4.146603238658003, 'reg_lambda': 6.347505815760505, 'gamma': 0.7}. Best is trial 92 with value: 0.7898174601845493.
[I 2023-10-20 08:25:34,386] Trial 101 finished with value: 0.7897275509520539 and parameters: {'n_estimators': 10900, 'max_depth': 4, 'min_child_weight': 8, 'learning_rate': 0.0021396884475010625, 'subsample': 0.9836776203647342, 'colsample_bytree': 0.3770906726351772, 'reg_alpha': 3.5110388689465144, 'reg_lambda': 5.7557888991442585, 'gamma': 0.7}. Best is trial 92 with value: 0.7898174601845493.
[I 2023-10-20 08:25:49,879] Trial 102 finished with value: 0.7898516933777681 and parameters: {'n_estimators': 10500, 'max_depth': 4, 'min_child_weight': 8, 'learning_rate': 0.003295454184420466, 'subsample': 0.9934238590627559, 'colsample_bytree': 0.32764984876823655, 'reg_alpha': 3.8294131177313497, 'reg_lambda': 6.041795468960487, 'gamma': 0.7}. Best is trial 102 with value: 0.7898516933777681.
[I 2023-10-20 08:26:08,842] Trial 103 finished with value: 0.7897945938628663 and parameters: {'n_estimators': 10900, 'max_depth': 4, 'min_child_weight': 8, 'learning_rate': 0.0018574571953555777, 'subsample': 0.9929282021551306, 'colsample_bytree': 0.3404464534771788, 'reg_alpha': 3.8570126750108744, 'reg_lambda': 5.980237610090537, 'gamma': 0.7}. Best is trial 102 with value: 0.7898516933777681.
[I 2023-10-20 08:26:28,022] Trial 104 finished with value: 0.7897877904867169 and parameters: {'n_estimators': 10800, 'max_depth': 4, 'min_child_weight': 8, 'learning_rate': 0.0017036132207017484, 'subsample': 0.9953257092342952, 'colsample_bytree': 0.33471375202227804, 'reg_alpha': 3.8347640802169214, 'reg_lambda': 5.999257878823409, 'gamma': 0.7}. Best is trial 102 with value: 0.7898516933777681.
[I 2023-10-20 08:26:50,807] Trial 105 finished with value: 0.7896679394213432 and parameters: {'n_estimators': 10700, 'max_depth': 5, 'min_child_weight': 8, 'learning_rate': 0.0013485773687564786, 'subsample': 0.9955689421854208, 'colsample_bytree': 0.32125016293222286, 'reg_alpha': 3.825660358953344, 'reg_lambda': 6.017846109787291, 'gamma': 0.7}. Best is trial 102 with value: 0.7898516933777681.
[I 2023-10-20 08:27:10,569] Trial 106 finished with value: 0.7898034347629493 and parameters: {'n_estimators': 10900, 'max_depth': 4, 'min_child_weight': 8, 'learning_rate': 0.001772772957445852, 'subsample': 0.9685222911371815, 'colsample_bytree': 0.33666570300566573, 'reg_alpha': 4.068876098822538, 'reg_lambda': 5.833921975103058, 'gamma': 0.7}. Best is trial 102 with value: 0.7898516933777681.
[I 2023-10-20 08:27:30,328] Trial 107 finished with value: 0.7898549869096065 and parameters: {'n_estimators': 10900, 'max_depth': 4, 'min_child_weight': 8, 'learning_rate': 0.0017987756056828145, 'subsample': 0.9775975816792994, 'colsample_bytree': 0.3207571466918953, 'reg_alpha': 3.9937845220394954, 'reg_lambda': 5.219715925838061, 'gamma': 0.7}. Best is trial 107 with value: 0.7898549869096065.
