[I 2023-10-20 03:20:46,050] Trial 482 finished with value: 0.7889930793964463 and parameters: {'n_estimators': 12700, 'max_depth': 6, 'min_child_weight': 7, 'learning_rate': 0.0004733898971586216, 'colsample_bytree': 0.6}. Best is trial 218 with value: 0.7891376459062516.
[I 2023-10-20 03:21:18,187] Trial 483 finished with value: 0.7650001884011857 and parameters: {'n_estimators': 13300, 'max_depth': 6, 'min_child_weight': 8, 'learning_rate': 0.019131330948074884, 'colsample_bytree': 0.6}. Best is trial 218 with value: 0.7891376459062516.
[I 2023-10-20 03:21:47,492] Trial 484 finished with value: 0.7850012699635478 and parameters: {'n_estimators': 11500, 'max_depth': 6, 'min_child_weight': 8, 'learning_rate': 0.0033158271082809553, 'colsample_bytree': 0.6}. Best is trial 218 with value: 0.7891376459062516.
[I 2023-10-20 03:22:19,249] Trial 485 finished with value: 0.7797768771735915 and parameters: {'n_estimators': 12900, 'max_depth': 6, 'min_child_weight': 8, 'learning_rate': 0.006740324654123932, 'colsample_bytree': 0.6}. Best is trial 218 with value: 0.7891376459062516.
[I 2023-10-20 03:23:00,863] Trial 486 finished with value: 0.788225505054734 and parameters: {'n_estimators': 13200, 'max_depth': 6, 'min_child_weight': 8, 'learning_rate': 0.00011896238687899598, 'colsample_bytree': 0.8}. Best is trial 218 with value: 0.7891376459062516.
[I 2023-10-20 03:24:07,465] Trial 487 finished with value: 0.7881892971379766 and parameters: {'n_estimators': 13800, 'max_depth': 8, 'min_child_weight': 8, 'learning_rate': 0.00041211138567464283, 'colsample_bytree': 0.6}. Best is trial 218 with value: 0.7891376459062516.
[I 2023-10-20 03:24:45,480] Trial 488 finished with value: 0.7858573440177739 and parameters: {'n_estimators': 15000, 'max_depth': 6, 'min_child_weight': 8, 'learning_rate': 0.0020357541137174195, 'colsample_bytree': 0.6}. Best is trial 218 with value: 0.7891376459062516.
[I 2023-10-20 03:25:21,785] Trial 489 finished with value: 0.7890076281546731 and parameters: {'n_estimators': 13100, 'max_depth': 6, 'min_child_weight': 8, 'learning_rate': 0.0005691548889012576, 'colsample_bytree': 0.6}. Best is trial 218 with value: 0.7891376459062516.
[I 2023-10-20 03:25:52,818] Trial 490 finished with value: 0.782825948006855 and parameters: {'n_estimators': 12500, 'max_depth': 6, 'min_child_weight': 8, 'learning_rate': 0.0043748564828379214, 'colsample_bytree': 0.7}. Best is trial 218 with value: 0.7891376459062516.
[I 2023-10-20 03:26:23,653] Trial 491 finished with value: 0.732658396552398 and parameters: {'n_estimators': 12800, 'max_depth': 6, 'min_child_weight': 8, 'learning_rate': 0.08699528213612424, 'colsample_bytree': 0.6}. Best is trial 218 with value: 0.7891376459062516.
[I 2023-10-20 03:27:03,353] Trial 492 finished with value: 0.7890972303630142 and parameters: {'n_estimators': 13300, 'max_depth': 6, 'min_child_weight': 8, 'learning_rate': 0.00031011007575607193, 'colsample_bytree': 0.6}. Best is trial 218 with value: 0.7891376459062516.
[I 2023-10-20 03:27:42,626] Trial 493 finished with value: 0.7890939158977106 and parameters: {'n_estimators': 13500, 'max_depth': 6, 'min_child_weight': 8, 'learning_rate': 0.0003656583630257046, 'colsample_bytree': 0.6}. Best is trial 218 with value: 0.7891376459062516.
[I 2023-10-20 03:28:19,946] Trial 494 finished with value: 0.7890224141588376 and parameters: {'n_estimators': 13100, 'max_depth': 6, 'min_child_weight': 8, 'learning_rate': 0.0004597595115285738, 'colsample_bytree': 0.6}. Best is trial 218 with value: 0.7891376459062516.
[I 2023-10-20 03:28:53,345] Trial 495 finished with value: 0.7771482828976382 and parameters: {'n_estimators': 13700, 'max_depth': 6, 'min_child_weight': 8, 'learning_rate': 0.00866622446618658, 'colsample_bytree': 0.6}. Best is trial 218 with value: 0.7891376459062516.
[I 2023-10-20 03:29:29,378] Trial 496 finished with value: 0.7349177593935435 and parameters: {'n_estimators': 13000, 'max_depth': 7, 'min_child_weight': 8, 'learning_rate': 0.06634906246379249, 'colsample_bytree': 0.6}. Best is trial 218 with value: 0.7891376459062516.
[I 2023-10-20 03:30:09,572] Trial 497 finished with value: 0.789056968331854 and parameters: {'n_estimators': 13400, 'max_depth': 6, 'min_child_weight': 8, 'learning_rate': 0.00029452322376865566, 'colsample_bytree': 0.6}. Best is trial 218 with value: 0.7891376459062516.
[I 2023-10-20 03:30:38,862] Trial 498 finished with value: 0.7888813156264131 and parameters: {'n_estimators': 9700, 'max_depth': 6, 'min_child_weight': 8, 'learning_rate': 0.0003417336910771141, 'colsample_bytree': 0.6}. Best is trial 218 with value: 0.7891376459062516.
[I 2023-10-20 03:31:09,552] Trial 499 finished with value: 0.7461455978318513 and parameters: {'n_estimators': 12800, 'max_depth': 6, 'min_child_weight': 8, 'learning_rate': 0.047166873093174126, 'colsample_bytree': 0.6}. Best is trial 218 with value: 0.7891376459062516.
Best Hyperparameters: {'n_estimators': 13400, 'max_depth': 6, 'min_child_weight': 8, 'learning_rate': 0.0003509867687518263, 'colsample_bytree': 0.6}
Best ROC AUC: 0.7891376459062516