[I 2023-10-19 23:59:04,764] Trial 162 finished with value: 0.7890240818582217 and parameters: {'n_estimators': 8800, 'max_depth': 6, 'min_child_weight': 8, 'learning_rate': 0.0005846005335809184, 'colsample_bytree': 0.6}. Best is trial 115 with value: 0.7891211084688425.
[I 2023-10-19 23:59:29,106] Trial 163 finished with value: 0.7890210395279643 and parameters: {'n_estimators': 8500, 'max_depth': 6, 'min_child_weight': 8, 'learning_rate': 0.0007076062812313651, 'colsample_bytree': 0.6}. Best is trial 115 with value: 0.7891211084688425.
[I 2023-10-19 23:59:54,595] Trial 164 finished with value: 0.7890973210746962 and parameters: {'n_estimators': 8600, 'max_depth': 6, 'min_child_weight': 8, 'learning_rate': 0.0005031950775003811, 'colsample_bytree': 0.6}. Best is trial 115 with value: 0.7891211084688425.
[I 2023-10-20 00:00:20,580] Trial 165 finished with value: 0.7890332367602813 and parameters: {'n_estimators': 8700, 'max_depth': 6, 'min_child_weight': 8, 'learning_rate': 0.0004394835638099151, 'colsample_bytree': 0.6}. Best is trial 115 with value: 0.7891211084688425.
[I 2023-10-20 00:00:46,516] Trial 166 finished with value: 0.7890012853147557 and parameters: {'n_estimators': 9000, 'max_depth': 6, 'min_child_weight': 8, 'learning_rate': 0.0006303504934821932, 'colsample_bytree': 0.6}. Best is trial 115 with value: 0.7891211084688425.
[I 2023-10-20 00:01:12,088] Trial 167 finished with value: 0.7888205039103712 and parameters: {'n_estimators': 8300, 'max_depth': 6, 'min_child_weight': 8, 'learning_rate': 0.0003771648787295023, 'colsample_bytree': 0.6}. Best is trial 115 with value: 0.7891211084688425.
[I 2023-10-20 00:01:36,268] Trial 168 finished with value: 0.7890566752633431 and parameters: {'n_estimators': 8100, 'max_depth': 6, 'min_child_weight': 8, 'learning_rate': 0.00048333092446543354, 'colsample_bytree': 0.6}. Best is trial 115 with value: 0.7891211084688425.
[I 2023-10-20 00:01:55,852] Trial 169 finished with value: 0.7889621397350661 and parameters: {'n_estimators': 8700, 'max_depth': 5, 'min_child_weight': 8, 'learning_rate': 0.0007465686585271151, 'colsample_bytree': 0.6}. Best is trial 115 with value: 0.7891211084688425.
[I 2023-10-20 00:02:22,264] Trial 170 finished with value: 0.7891051501906342 and parameters: {'n_estimators': 8900, 'max_depth': 6, 'min_child_weight': 8, 'learning_rate': 0.0005079735574256034, 'colsample_bytree': 0.6}. Best is trial 115 with value: 0.7891211084688425.
[I 2023-10-20 00:02:48,552] Trial 171 finished with value: 0.7890822559576642 and parameters: {'n_estimators': 8900, 'max_depth': 6, 'min_child_weight': 8, 'learning_rate': 0.0004987568650184796, 'colsample_bytree': 0.6}. Best is trial 115 with value: 0.7891211084688425.
[I 2023-10-20 00:03:15,329] Trial 172 finished with value: 0.7889813008334312 and parameters: {'n_estimators': 9200, 'max_depth': 6, 'min_child_weight': 8, 'learning_rate': 0.0005821555807208157, 'colsample_bytree': 0.6}. Best is trial 115 with value: 0.7891211084688425.
[I 2023-10-20 00:03:40,146] Trial 173 finished with value: 0.7889727739353241 and parameters: {'n_estimators': 8600, 'max_depth': 6, 'min_child_weight': 8, 'learning_rate': 0.0006653722509164979, 'colsample_bytree': 0.6}. Best is trial 115 with value: 0.7891211084688425.
[I 2023-10-20 00:04:06,763] Trial 174 finished with value: 0.7889705549880262 and parameters: {'n_estimators': 8800, 'max_depth': 6, 'min_child_weight': 8, 'learning_rate': 0.0004186761611879317, 'colsample_bytree': 0.6}. Best is trial 115 with value: 0.7891211084688425.
[I 2023-10-20 00:04:33,276] Trial 175 finished with value: 0.7891070481581342 and parameters: {'n_estimators': 9000, 'max_depth': 6, 'min_child_weight': 8, 'learning_rate': 0.0005143877093471557, 'colsample_bytree': 0.6}. Best is trial 115 with value: 0.7891211084688425.
[I 2023-10-20 00:05:00,730] Trial 176 finished with value: 0.7888975251062025 and parameters: {'n_estimators': 9100, 'max_depth': 6, 'min_child_weight': 8, 'learning_rate': 0.0003746931100129152, 'colsample_bytree': 0.6}. Best is trial 115 with value: 0.7891211084688425.
[I 2023-10-20 00:05:25,908] Trial 177 finished with value: 0.7890608619563579 and parameters: {'n_estimators': 8400, 'max_depth': 6, 'min_child_weight': 7, 'learning_rate': 0.0005205589156560926, 'colsample_bytree': 0.6}. Best is trial 115 with value: 0.7891211084688425.
[I 2023-10-20 00:05:48,329] Trial 178 finished with value: 0.7876083865043345 and parameters: {'n_estimators': 8600, 'max_depth': 6, 'min_child_weight': 8, 'learning_rate': 0.0020188709589993715, 'colsample_bytree': 0.6}. Best is trial 115 with value: 0.7891211084688425.
[I 2023-10-20 00:06:11,059] Trial 179 finished with value: 0.7856288482686629 and parameters: {'n_estimators': 8900, 'max_depth': 6, 'min_child_weight': 8, 'learning_rate': 0.0037695082085581325, 'colsample_bytree': 0.6}. Best is trial 115 with value: 0.7891211084688425.
[I 2023-10-20 00:06:35,247] Trial 180 finished with value: 0.7888194991040478 and parameters: {'n_estimators': 8800, 'max_depth': 6, 'min_child_weight': 8, 'learning_rate': 0.0010273074403191426, 'colsample_bytree': 0.6}. Best is trial 115 with value: 0.7891211084688425.
[I 2023-10-20 00:07:02,496] Trial 181 finished with value: 0.7890882638621406 and parameters: {'n_estimators': 9000, 'max_depth': 6, 'min_child_weight': 8, 'learning_rate': 0.0004578548379422576, 'colsample_bytree': 0.6}. Best is trial 115 with value: 0.7891211084688425.
[I 2023-10-20 00:07:27,650] Trial 182 finished with value: 0.7890099447914747 and parameters: {'n_estimators': 8700, 'max_depth': 6, 'min_child_weight': 8, 'learning_rate': 0.0006286476150003423, 'colsample_bytree': 0.6}. Best is trial 115 with value: 0.7891211084688425.
[I 2023-10-20 00:07:54,520] Trial 183 finished with value: 0.7890312201698124 and parameters: {'n_estimators': 9200, 'max_depth': 6, 'min_child_weight': 8, 'learning_rate': 0.0005413163893076984, 'colsample_bytree': 0.6}. Best is trial 115 with value: 0.7891211084688425.
[I 2023-10-20 00:08:31,695] Trial 184 finished with value: 0.7890083050033772 and parameters: {'n_estimators': 12800, 'max_depth': 6, 'min_child_weight': 8, 'learning_rate': 0.0004399722266625682, 'colsample_bytree': 0.6}. Best is trial 115 with value: 0.7891211084688425.
[I 2023-10-20 00:08:55,869] Trial 185 finished with value: 0.7890461178191237 and parameters: {'n_estimators': 8300, 'max_depth': 6, 'min_child_weight': 8, 'learning_rate': 0.0007980908246578727, 'colsample_bytree': 0.6}. Best is trial 115 with value: 0.7891211084688425.
[I 2023-10-20 00:09:32,374] Trial 186 finished with value: 0.7890993306873434 and parameters: {'n_estimators': 12300, 'max_depth': 6, 'min_child_weight': 8, 'learning_rate': 0.00034865672053759154, 'colsample_bytree': 0.6}. Best is trial 115 with value: 0.7891211084688425.
[I 2023-10-20 00:09:58,530] Trial 187 finished with value: 0.7886136045193956 and parameters: {'n_estimators': 8500, 'max_depth': 6, 'min_child_weight': 8, 'learning_rate': 0.00031639630982482886, 'colsample_bytree': 0.8}. Best is trial 115 with value: 0.7891211084688425.
[I 2023-10-20 00:10:36,852] Trial 188 finished with value: 0.7891151633647614 and parameters: {'n_estimators': 13100, 'max_depth': 6, 'min_child_weight': 8, 'learning_rate': 0.00036058474780926433, 'colsample_bytree': 0.6}. Best is trial 115 with value: 0.7891211084688425.
[I 2023-10-20 00:11:17,761] Trial 189 finished with value: 0.7890541004471389 and parameters: {'n_estimators': 13700, 'max_depth': 6, 'min_child_weight': 8, 'learning_rate': 0.00028835005317499673, 'colsample_bytree': 0.6}. Best is trial 115 with value: 0.7891211084688425.
[I 2023-10-20 00:11:53,909] Trial 190 finished with value: 0.7888380670875689 and parameters: {'n_estimators': 12300, 'max_depth': 6, 'min_child_weight': 8, 'learning_rate': 0.0003692198385602631, 'colsample_bytree': 0.7}. Best is trial 115 with value: 0.7891211084688425.
[I 2023-10-20 00:12:28,360] Trial 191 finished with value: 0.7891128188166732 and parameters: {'n_estimators': 11800, 'max_depth': 6, 'min_child_weight': 8, 'learning_rate': 0.00041605153412720857, 'colsample_bytree': 0.6}. Best is trial 115 with value: 0.7891211084688425.
[I 2023-10-20 00:13:03,849] Trial 192 finished with value: 0.789049348550567 and parameters: {'n_estimators': 11900, 'max_depth': 6, 'min_child_weight': 8, 'learning_rate': 0.0003351801270499992, 'colsample_bytree': 0.6}. Best is trial 115 with value: 0.7891211084688425.
[I 2023-10-20 00:13:41,902] Trial 193 finished with value: 0.7889828289763814 and parameters: {'n_estimators': 13200, 'max_depth': 6, 'min_child_weight': 8, 'learning_rate': 0.00041096610149033417, 'colsample_bytree': 0.6}. Best is trial 115 with value: 0.7891211084688425.
[I 2023-10-20 00:14:21,337] Trial 194 finished with value: 0.7883236202055388 and parameters: {'n_estimators': 12600, 'max_depth': 6, 'min_child_weight': 8, 'learning_rate': 0.00012095957401267197, 'colsample_bytree': 0.6}. Best is trial 115 with value: 0.7891211084688425.
[I 2023-10-20 00:14:54,011] Trial 195 finished with value: 0.7889850060567491 and parameters: {'n_estimators': 11700, 'max_depth': 6, 'min_child_weight': 8, 'learning_rate': 0.0006050389491906048, 'colsample_bytree': 0.6}. Best is trial 115 with value: 0.7891211084688425.
[I 2023-10-20 00:15:34,399] Trial 196 finished with value: 0.7887614436275742 and parameters: {'n_estimators': 13100, 'max_depth': 6, 'min_child_weight': 8, 'learning_rate': 0.00020218883231589436, 'colsample_bytree': 0.6}. Best is trial 115 with value: 0.7891211084688425.
[I 2023-10-20 00:16:06,347] Trial 197 finished with value: 0.7891163147053406 and parameters: {'n_estimators': 10900, 'max_depth': 6, 'min_child_weight': 8, 'learning_rate': 0.00044679929158430477, 'colsample_bytree': 0.6}. Best is trial 115 with value: 0.7891211084688425.
[I 2023-10-20 00:16:41,465] Trial 198 finished with value: 0.7890728219427372 and parameters: {'n_estimators': 12000, 'max_depth': 6, 'min_child_weight': 8, 'learning_rate': 0.0004189740394378686, 'colsample_bytree': 0.6}. Best is trial 115 with value: 0.7891211084688425.
[I 2023-10-20 00:17:14,858] Trial 199 finished with value: 0.7890641903773049 and parameters: {'n_estimators': 11000, 'max_depth': 6, 'min_child_weight': 8, 'learning_rate': 0.000367691211537122, 'colsample_bytree': 0.6}. Best is trial 115 with value: 0.7891211084688425.
[I 2023-10-20 00:17:45,590] Trial 200 finished with value: 0.7889919908562625 and parameters: {'n_estimators': 10700, 'max_depth': 6, 'min_child_weight': 8, 'learning_rate': 0.0005572135375785012, 'colsample_bytree': 0.6}. Best is trial 115 with value: 0.7891211084688425.
[I 2023-10-20 00:18:20,513] Trial 201 finished with value: 0.7889864504658394 and parameters: {'n_estimators': 12100, 'max_depth': 6, 'min_child_weight': 8, 'learning_rate': 0.0004742229642387826, 'colsample_bytree': 0.6}. Best is trial 115 with value: 0.7891211084688425.
[I 2023-10-20 00:18:58,824] Trial 202 finished with value: 0.7888442913045176 and parameters: {'n_estimators': 12400, 'max_depth': 6, 'min_child_weight': 8, 'learning_rate': 0.00025677399245786867, 'colsample_bytree': 0.6}. Best is trial 115 with value: 0.7891211084688425.
[I 2023-10-20 00:19:32,864] Trial 203 finished with value: 0.7890078305115024 and parameters: {'n_estimators': 11500, 'max_depth': 6, 'min_child_weight': 8, 'learning_rate': 0.0004651175336153126, 'colsample_bytree': 0.6}. Best is trial 115 with value: 0.7891211084688425.
[I 2023-10-20 00:20:09,154] Trial 204 finished with value: 0.788872809661771 and parameters: {'n_estimators': 12800, 'max_depth': 6, 'min_child_weight': 8, 'learning_rate': 0.0006689573175405332, 'colsample_bytree': 0.6}. Best is trial 115 with value: 0.7891211084688425.
[I 2023-10-20 00:20:42,830] Trial 205 finished with value: 0.7890128196540116 and parameters: {'n_estimators': 11700, 'max_depth': 6, 'min_child_weight': 8, 'learning_rate': 0.0005656804524328344, 'colsample_bytree': 0.6}. Best is trial 115 with value: 0.7891211084688425.
[I 2023-10-20 00:21:22,033] Trial 206 finished with value: 0.7891154075885206 and parameters: {'n_estimators': 13000, 'max_depth': 6, 'min_child_weight': 8, 'learning_rate': 0.00033221364643053935, 'colsample_bytree': 0.6}. Best is trial 115 with value: 0.7891211084688425.
[I 2023-10-20 00:22:02,433] Trial 207 finished with value: 0.7891274513087603 and parameters: {'n_estimators': 13600, 'max_depth': 6, 'min_child_weight': 8, 'learning_rate': 0.00034086778535399225, 'colsample_bytree': 0.6}. Best is trial 207 with value: 0.7891274513087603.
[I 2023-10-20 00:22:42,552] Trial 208 finished with value: 0.7890867845639419 and parameters: {'n_estimators': 13400, 'max_depth': 6, 'min_child_weight': 8, 'learning_rate': 0.0003196685605376094, 'colsample_bytree': 0.6}. Best is trial 207 with value: 0.7891274513087603.
[I 2023-10-20 00:23:24,381] Trial 209 finished with value: 0.7890148781114107 and parameters: {'n_estimators': 13900, 'max_depth': 6, 'min_child_weight': 8, 'learning_rate': 0.00027504121312615687, 'colsample_bytree': 0.6}. Best is trial 207 with value: 0.7891274513087603.
[I 2023-10-20 00:23:55,976] Trial 210 finished with value: 0.7890951719056152 and parameters: {'n_estimators': 10400, 'max_depth': 6, 'min_child_weight': 8, 'learning_rate': 0.0004144011734261889, 'colsample_bytree': 0.6}. Best is trial 207 with value: 0.7891274513087603.
[I 2023-10-20 00:24:36,749] Trial 211 finished with value: 0.7890908665896315 and parameters: {'n_estimators': 13700, 'max_depth': 6, 'min_child_weight': 8, 'learning_rate': 0.0003624392321599003, 'colsample_bytree': 0.6}. Best is trial 207 with value: 0.7891274513087603.
[I 2023-10-20 00:25:09,378] Trial 212 finished with value: 0.7823006506120945 and parameters: {'n_estimators': 12900, 'max_depth': 6, 'min_child_weight': 8, 'learning_rate': 0.00503843286243499, 'colsample_bytree': 0.6}. Best is trial 207 with value: 0.7891274513087603.
[I 2023-10-20 00:25:52,406] Trial 213 finished with value: 0.7888416676435618 and parameters: {'n_estimators': 14000, 'max_depth': 6, 'min_child_weight': 8, 'learning_rate': 0.0002320579282331079, 'colsample_bytree': 0.6}. Best is trial 207 with value: 0.7891274513087603.
[I 2023-10-20 00:26:31,560] Trial 214 finished with value: 0.7890396493784158 and parameters: {'n_estimators': 13000, 'max_depth': 6, 'min_child_weight': 8, 'learning_rate': 0.00029979252988125607, 'colsample_bytree': 0.6}. Best is trial 207 with value: 0.7891274513087603.
[I 2023-10-20 00:27:07,855] Trial 215 finished with value: 0.7890126103193609 and parameters: {'n_estimators': 12600, 'max_depth': 6, 'min_child_weight': 8, 'learning_rate': 0.0004906776914520857, 'colsample_bytree': 0.6}. Best is trial 207 with value: 0.7891274513087603.
[I 2023-10-20 00:27:40,692] Trial 216 finished with value: 0.7766932591451331 and parameters: {'n_estimators': 13300, 'max_depth': 6, 'min_child_weight': 8, 'learning_rate': 0.009403028237068988, 'colsample_bytree': 0.6}. Best is trial 207 with value: 0.7891274513087603.
[I 2023-10-20 00:28:05,936] Trial 217 finished with value: 0.7888582609035442 and parameters: {'n_estimators': 8200, 'max_depth': 6, 'min_child_weight': 8, 'learning_rate': 0.00040279166634545304, 'colsample_bytree': 0.6}. Best is trial 207 with value: 0.7891274513087603.
[I 2023-10-20 00:28:45,797] Trial 218 finished with value: 0.7891376459062516 and parameters: {'n_estimators': 13400, 'max_depth': 6, 'min_child_weight': 8, 'learning_rate': 0.0003509867687518263, 'colsample_bytree': 0.6}. Best is trial 218 with value: 0.7891376459062516.
[I 2023-10-20 00:29:23,623] Trial 219 finished with value: 0.7889539826615086 and parameters: {'n_estimators': 13600, 'max_depth': 6, 'min_child_weight': 8, 'learning_rate': 0.0005786630281130501, 'colsample_bytree': 0.6}. Best is trial 218 with value: 0.7891376459062516.
[I 2023-10-20 00:30:02,106] Trial 220 finished with value: 0.7890303967868527 and parameters: {'n_estimators': 13300, 'max_depth': 6, 'min_child_weight': 8, 'learning_rate': 0.00044439234194030213, 'colsample_bytree': 0.6}. Best is trial 218 with value: 0.7891376459062516.
[I 2023-10-20 00:30:37,457] Trial 221 finished with value: 0.7885827834809841 and parameters: {'n_estimators': 11300, 'max_depth': 6, 'min_child_weight': 8, 'learning_rate': 0.0001718991016484793, 'colsample_bytree': 0.6}. Best is trial 218 with value: 0.7891376459062516.
[I 2023-10-20 00:31:16,955] Trial 222 finished with value: 0.789112162901434 and parameters: {'n_estimators': 13100, 'max_depth': 6, 'min_child_weight': 8, 'learning_rate': 0.0003414981431183402, 'colsample_bytree': 0.6}. Best is trial 218 with value: 0.7891376459062516.
[I 2023-10-20 00:31:53,881] Trial 223 finished with value: 0.7890262659164112 and parameters: {'n_estimators': 13000, 'max_depth': 6, 'min_child_weight': 8, 'learning_rate': 0.0005169415842389268, 'colsample_bytree': 0.6}. Best is trial 218 with value: 0.7891376459062516.
[I 2023-10-20 00:34:16,095] Trial 224 finished with value: 0.7865941252323614 and parameters: {'n_estimators': 13500, 'max_depth': 11, 'min_child_weight': 8, 'learning_rate': 0.00032584809238018494, 'colsample_bytree': 0.6}. Best is trial 218 with value: 0.7891376459062516.
[I 2023-10-20 00:34:55,856] Trial 225 finished with value: 0.7890230351849681 and parameters: {'n_estimators': 13500, 'max_depth': 6, 'min_child_weight': 8, 'learning_rate': 0.00038858061476667693, 'colsample_bytree': 0.6}. Best is trial 218 with value: 0.7891376459062516.
[I 2023-10-20 00:35:34,964] Trial 226 finished with value: 0.7888091858835875 and parameters: {'n_estimators': 14500, 'max_depth': 6, 'min_child_weight': 8, 'learning_rate': 0.0006622026692183087, 'colsample_bytree': 0.8}. Best is trial 218 with value: 0.7891376459062516.
[I 2023-10-20 00:36:12,707] Trial 227 finished with value: 0.7890441989181585 and parameters: {'n_estimators': 13300, 'max_depth': 6, 'min_child_weight': 8, 'learning_rate': 0.0004833155448013493, 'colsample_bytree': 0.6}. Best is trial 218 with value: 0.7891376459062516.
[I 2023-10-20 00:36:49,839] Trial 228 finished with value: 0.7889823335510413 and parameters: {'n_estimators': 13200, 'max_depth': 6, 'min_child_weight': 8, 'learning_rate': 0.0005483183519044089, 'colsample_bytree': 0.6}. Best is trial 218 with value: 0.7891376459062516.
[I 2023-10-20 00:37:28,442] Trial 229 finished with value: 0.7888768637761739 and parameters: {'n_estimators': 13100, 'max_depth': 6, 'min_child_weight': 8, 'learning_rate': 0.00042992720336525295, 'colsample_bytree': 0.7}. Best is trial 218 with value: 0.7891376459062516.
[I 2023-10-20 00:38:09,646] Trial 230 finished with value: 0.7890740081724247 and parameters: {'n_estimators': 13700, 'max_depth': 6, 'min_child_weight': 8, 'learning_rate': 0.00029589369493898703, 'colsample_bytree': 0.6}. Best is trial 218 with value: 0.7891376459062516.
[I 2023-10-20 00:38:48,592] Trial 231 finished with value: 0.7891168240863241 and parameters: {'n_estimators': 13000, 'max_depth': 6, 'min_child_weight': 8, 'learning_rate': 0.00034731066863655436, 'colsample_bytree': 0.6}. Best is trial 218 with value: 0.7891376459062516.
[I 2023-10-20 00:39:27,307] Trial 232 finished with value: 0.7891285886936958 and parameters: {'n_estimators': 13100, 'max_depth': 6, 'min_child_weight': 8, 'learning_rate': 0.0003544013028253745, 'colsample_bytree': 0.6}. Best is trial 218 with value: 0.7891376459062516.
[I 2023-10-20 00:40:06,085] Trial 233 finished with value: 0.7891053455696414 and parameters: {'n_estimators': 12900, 'max_depth': 6, 'min_child_weight': 8, 'learning_rate': 0.00034246675837391205, 'colsample_bytree': 0.6}. Best is trial 218 with value: 0.7891376459062516.
[I 2023-10-20 00:40:45,956] Trial 234 finished with value: 0.7889082430403207 and parameters: {'n_estimators': 13000, 'max_depth': 6, 'min_child_weight': 8, 'learning_rate': 0.0002600673093366647, 'colsample_bytree': 0.6}. Best is trial 218 with value: 0.7891376459062516.
[I 2023-10-20 00:41:23,846] Trial 235 finished with value: 0.7891069155795221 and parameters: {'n_estimators': 12700, 'max_depth': 6, 'min_child_weight': 8, 'learning_rate': 0.0003434059790897995, 'colsample_bytree': 0.6}. Best is trial 218 with value: 0.7891376459062516.
[I 2023-10-20 00:42:02,693] Trial 236 finished with value: 0.7890769039684268 and parameters: {'n_estimators': 12900, 'max_depth': 6, 'min_child_weight': 8, 'learning_rate': 0.00031169487776199986, 'colsample_bytree': 0.6}. Best is trial 218 with value: 0.7891376459062516.
[I 2023-10-20 00:42:41,102] Trial 237 finished with value: 0.7891132165525094 and parameters: {'n_estimators': 12700, 'max_depth': 6, 'min_child_weight': 8, 'learning_rate': 0.0003508065254508547, 'colsample_bytree': 0.6}. Best is trial 218 with value: 0.7891376459062516.
[I 2023-10-20 00:43:19,117] Trial 238 finished with value: 0.7891016961688968 and parameters: {'n_estimators': 12700, 'max_depth': 6, 'min_child_weight': 8, 'learning_rate': 0.00033876869202489575, 'colsample_bytree': 0.6}. Best is trial 218 with value: 0.7891376459062516.
[I 2023-10-20 00:43:57,909] Trial 239 finished with value: 0.7888669482915502 and parameters: {'n_estimators': 12800, 'max_depth': 6, 'min_child_weight': 8, 'learning_rate': 0.00025615315551569506, 'colsample_bytree': 0.6}. Best is trial 218 with value: 0.7891376459062516.
[I 2023-10-20 00:44:37,372] Trial 240 finished with value: 0.7891235437286129 and parameters: {'n_estimators': 13200, 'max_depth': 6, 'min_child_weight': 8, 'learning_rate': 0.00035595365300769403, 'colsample_bytree': 0.6}. Best is trial 218 with value: 0.7891376459062516.
[I 2023-10-20 00:45:16,506] Trial 241 finished with value: 0.789124583424045 and parameters: {'n_estimators': 13200, 'max_depth': 6, 'min_child_weight': 8, 'learning_rate': 0.0003519625796122149, 'colsample_bytree': 0.6}. Best is trial 218 with value: 0.7891376459062516.
