[I 2023-10-20 07:49:02,667] A new study created in memory with name: no-name-3601a8d1-cd98-4250-a60b-d62e1f7d411c
[I 2023-10-20 07:49:44,826] Trial 0 finished with value: 0.7890895896482619 and parameters: {'n_estimators': 9400, 'max_depth': 5, 'min_child_weight': 7, 'learning_rate': 0.002024938792374165, 'subsample': 0.7574925467020832, 'colsample_bytree': 0.4350826042168169, 'reg_alpha': 8.775084265123597, 'reg_lambda': 2.228399072708009, 'gamma': 0.8999999999999999}. Best is trial 0 with value: 0.7890895896482619.
[I 2023-10-20 07:50:05,523] Trial 1 finished with value: 0.7694768587521422 and parameters: {'n_estimators': 10900, 'max_depth': 9, 'min_child_weight': 8, 'learning_rate': 0.0529785114687869, 'subsample': 0.7771397874158847, 'colsample_bytree': 0.3275703342235422, 'reg_alpha': 1.7099055011508986, 'reg_lambda': 1.9040819449126358, 'gamma': 1.0}. Best is trial 0 with value: 0.7890895896482619.
[I 2023-10-20 07:50:27,305] Trial 2 finished with value: 0.7875981151508046 and parameters: {'n_estimators': 11300, 'max_depth': 4, 'min_child_weight': 7, 'learning_rate': 0.0004887749814394833, 'subsample': 0.7000832033517261, 'colsample_bytree': 0.26250648053840125, 'reg_alpha': 9.753210338525758, 'reg_lambda': 3.2238067808549236, 'gamma': 0.7999999999999999}. Best is trial 0 with value: 0.7890895896482619.
[I 2023-10-20 07:51:26,837] Trial 3 finished with value: 0.7873496418981908 and parameters: {'n_estimators': 11300, 'max_depth': 9, 'min_child_weight': 8, 'learning_rate': 0.0004524925068101909, 'subsample': 0.871430136135802, 'colsample_bytree': 0.22607680099431848, 'reg_alpha': 2.0652497007189274, 'reg_lambda': 3.7404369860444495, 'gamma': 0.7}. Best is trial 0 with value: 0.7890895896482619.
[I 2023-10-20 07:51:44,803] Trial 4 finished with value: 0.7891080738979229 and parameters: {'n_estimators': 10900, 'max_depth': 6, 'min_child_weight': 8, 'learning_rate': 0.004194810992327262, 'subsample': 0.9600387720550485, 'colsample_bytree': 0.4613774043596641, 'reg_alpha': 3.575940829707737, 'reg_lambda': 9.103129465396627, 'gamma': 0.8999999999999999}. Best is trial 4 with value: 0.7891080738979229.
[I 2023-10-20 07:52:04,614] Trial 5 finished with value: 0.7886981129179017 and parameters: {'n_estimators': 8500, 'max_depth': 5, 'min_child_weight': 8, 'learning_rate': 0.00278552036767831, 'subsample': 0.7429845150017108, 'colsample_bytree': 0.36491079068480836, 'reg_alpha': 7.4730235011890365, 'reg_lambda': 5.992532978159189, 'gamma': 0.7}. Best is trial 4 with value: 0.7891080738979229.
[I 2023-10-20 07:52:25,044] Trial 6 finished with value: 0.7840769807244653 and parameters: {'n_estimators': 7800, 'max_depth': 6, 'min_child_weight': 7, 'learning_rate': 0.0072670825553155455, 'subsample': 0.7546088234063242, 'colsample_bytree': 0.5391435411572966, 'reg_alpha': 0.614660026944687, 'reg_lambda': 9.897263877393826, 'gamma': 1.0}. Best is trial 4 with value: 0.7891080738979229.
[I 2023-10-20 07:52:53,037] Trial 7 finished with value: 0.7867285669228923 and parameters: {'n_estimators': 10100, 'max_depth': 7, 'min_child_weight': 8, 'learning_rate': 0.0010311450650559227, 'subsample': 0.7722583431083909, 'colsample_bytree': 0.10516742089659366, 'reg_alpha': 3.4379123941274368, 'reg_lambda': 1.6494748168112279, 'gamma': 0.8999999999999999}. Best is trial 4 with value: 0.7891080738979229.
[I 2023-10-20 07:53:48,182] Trial 8 finished with value: 0.7891380087529796 and parameters: {'n_estimators': 10400, 'max_depth': 9, 'min_child_weight': 8, 'learning_rate': 0.0003867023043723257, 'subsample': 0.7602942517355089, 'colsample_bytree': 0.7167480866895678, 'reg_alpha': 6.084877970653476, 'reg_lambda': 9.920438599833982, 'gamma': 0.8999999999999999}. Best is trial 8 with value: 0.7891380087529796.
[I 2023-10-20 07:54:07,448] Trial 9 finished with value: 0.788585546698374 and parameters: {'n_estimators': 8000, 'max_depth': 5, 'min_child_weight': 8, 'learning_rate': 0.00046641220925714544, 'subsample': 0.9326264104042513, 'colsample_bytree': 0.42151117554263307, 'reg_alpha': 6.677174267109992, 'reg_lambda': 7.239266920317337, 'gamma': 0.7}. Best is trial 8 with value: 0.7891380087529796.
[I 2023-10-20 07:55:24,529] Trial 10 finished with value: 0.7885830207269215 and parameters: {'n_estimators': 12000, 'max_depth': 10, 'min_child_weight': 7, 'learning_rate': 0.00010502021517709517, 'subsample': 0.84861077577005, 'colsample_bytree': 0.7965497184490691, 'reg_alpha': 5.931053300341098, 'reg_lambda': 0.034287213222633284, 'gamma': 0.7999999999999999}. Best is trial 8 with value: 0.7891380087529796.
[I 2023-10-20 07:55:39,235] Trial 11 finished with value: 0.7878971706328604 and parameters: {'n_estimators': 10000, 'max_depth': 8, 'min_child_weight': 8, 'learning_rate': 0.010376665128916777, 'subsample': 0.9673176594897729, 'colsample_bytree': 0.7029027355550603, 'reg_alpha': 4.653496035367928, 'reg_lambda': 9.845574757310477, 'gamma': 0.8999999999999999}. Best is trial 8 with value: 0.7891380087529796.
[I 2023-10-20 07:56:21,197] Trial 12 finished with value: 0.7881547987875338 and parameters: {'n_estimators': 10500, 'max_depth': 7, 'min_child_weight': 8, 'learning_rate': 0.00012569153313305253, 'subsample': 0.9804577511841641, 'colsample_bytree': 0.9562935697259203, 'reg_alpha': 4.520229804615353, 'reg_lambda': 8.278377839863815, 'gamma': 0.8999999999999999}. Best is trial 8 with value: 0.7891380087529796.
[I 2023-10-20 07:56:45,123] Trial 13 finished with value: 0.7846665089678964 and parameters: {'n_estimators': 9200, 'max_depth': 8, 'min_child_weight': 8, 'learning_rate': 0.005976805766205253, 'subsample': 0.8475379155038174, 'colsample_bytree': 0.6192471106579389, 'reg_alpha': 3.8891923376327235, 'reg_lambda': 8.080267364581854, 'gamma': 1.0}. Best is trial 8 with value: 0.7891380087529796.
[I 2023-10-20 07:57:03,538] Trial 14 finished with value: 0.7833546156894925 and parameters: {'n_estimators': 10700, 'max_depth': 10, 'min_child_weight': 8, 'learning_rate': 0.019453906573814087, 'subsample': 0.9051437705666797, 'colsample_bytree': 0.5676635674147051, 'reg_alpha': 5.820983290058901, 'reg_lambda': 5.519191662722065, 'gamma': 0.7999999999999999}. Best is trial 8 with value: 0.7891380087529796.
[I 2023-10-20 07:57:26,427] Trial 15 finished with value: 0.7890674978647866 and parameters: {'n_estimators': 11700, 'max_depth': 6, 'min_child_weight': 8, 'learning_rate': 0.0015278471019747246, 'subsample': 0.9951445950838604, 'colsample_bytree': 0.7751074831478084, 'reg_alpha': 3.1091711249661587, 'reg_lambda': 8.99183598658907, 'gamma': 0.8999999999999999}. Best is trial 8 with value: 0.7891380087529796.
[I 2023-10-20 07:57:56,615] Trial 16 finished with value: 0.785383836015608 and parameters: {'n_estimators': 9300, 'max_depth': 8, 'min_child_weight': 8, 'learning_rate': 0.0037088614083270665, 'subsample': 0.8208492814939868, 'colsample_bytree': 0.4947405330246782, 'reg_alpha': 5.417763051261717, 'reg_lambda': 7.045986564749208, 'gamma': 0.7999999999999999}. Best is trial 8 with value: 0.7891380087529796.
[I 2023-10-20 07:58:24,177] Trial 17 finished with value: 0.78945197583999 and parameters: {'n_estimators': 10400, 'max_depth': 6, 'min_child_weight': 7, 'learning_rate': 0.0009299949677599266, 'subsample': 0.9404450590713103, 'colsample_bytree': 0.6352931719423135, 'reg_alpha': 7.368030977116744, 'reg_lambda': 8.943400976843469, 'gamma': 1.0}. Best is trial 17 with value: 0.78945197583999.
[I 2023-10-20 07:59:04,142] Trial 18 finished with value: 0.7887220119571952 and parameters: {'n_estimators': 8800, 'max_depth': 9, 'min_child_weight': 7, 'learning_rate': 0.0008616441412057505, 'subsample': 0.9036303958878315, 'colsample_bytree': 0.6380958349657144, 'reg_alpha': 7.720757370728915, 'reg_lambda': 6.689466790166232, 'gamma': 1.0}. Best is trial 17 with value: 0.78945197583999.
[I 2023-10-20 07:59:24,289] Trial 19 finished with value: 0.7875805031288553 and parameters: {'n_estimators': 10300, 'max_depth': 4, 'min_child_weight': 7, 'learning_rate': 0.00022210590709398017, 'subsample': 0.8141879044868453, 'colsample_bytree': 0.8788364021305461, 'reg_alpha': 6.886152708844191, 'reg_lambda': 8.101014231136316, 'gamma': 1.0}. Best is trial 17 with value: 0.78945197583999.
[I 2023-10-20 08:00:00,512] Trial 20 finished with value: 0.7886598604993887 and parameters: {'n_estimators': 9700, 'max_depth': 7, 'min_child_weight': 7, 'learning_rate': 0.00022348434208228863, 'subsample': 0.9435408173437647, 'colsample_bytree': 0.7237246688824237, 'reg_alpha': 8.066669575329172, 'reg_lambda': 4.979902735968882, 'gamma': 1.0}. Best is trial 17 with value: 0.78945197583999.
[I 2023-10-20 08:00:23,379] Trial 21 finished with value: 0.7894743467363332 and parameters: {'n_estimators': 10700, 'max_depth': 6, 'min_child_weight': 7, 'learning_rate': 0.0011958796131322487, 'subsample': 0.9974753370386793, 'colsample_bytree': 0.640180589166566, 'reg_alpha': 6.332339019590434, 'reg_lambda': 9.038816772403676, 'gamma': 0.8999999999999999}. Best is trial 21 with value: 0.7894743467363332.
[I 2023-10-20 08:00:45,915] Trial 22 finished with value: 0.7893687862497838 and parameters: {'n_estimators': 11200, 'max_depth': 6, 'min_child_weight': 7, 'learning_rate': 0.0014733103275941315, 'subsample': 0.9813264694954895, 'colsample_bytree': 0.6469046803051199, 'reg_alpha': 6.611096981020942, 'reg_lambda': 9.863596229894886, 'gamma': 0.8999999999999999}. Best is trial 21 with value: 0.7894743467363332.
[I 2023-10-20 08:01:09,068] Trial 23 finished with value: 0.7894866207246888 and parameters: {'n_estimators': 11300, 'max_depth': 6, 'min_child_weight': 7, 'learning_rate': 0.0012922519724195569, 'subsample': 0.9925113269699559, 'colsample_bytree': 0.6189889759346415, 'reg_alpha': 6.875739272164589, 'reg_lambda': 8.703737687984136, 'gamma': 0.8999999999999999}. Best is trial 23 with value: 0.7894866207246888.
[I 2023-10-20 08:01:34,290] Trial 24 finished with value: 0.7895709058329006 and parameters: {'n_estimators': 11600, 'max_depth': 5, 'min_child_weight': 7, 'learning_rate': 0.0008191438311182216, 'subsample': 0.9904659562683005, 'colsample_bytree': 0.5707037525049158, 'reg_alpha': 5.130108430409679, 'reg_lambda': 8.75228771872943, 'gamma': 1.0}. Best is trial 24 with value: 0.7895709058329006.
[I 2023-10-20 08:01:53,851] Trial 25 finished with value: 0.7896748055978877 and parameters: {'n_estimators': 11800, 'max_depth': 5, 'min_child_weight': 7, 'learning_rate': 0.0017066698896352195, 'subsample': 0.9985117505858104, 'colsample_bytree': 0.532885186400785, 'reg_alpha': 5.170763919073112, 'reg_lambda': 7.311564431261821, 'gamma': 0.7999999999999999}. Best is trial 25 with value: 0.7896748055978877.
[I 2023-10-20 08:02:16,138] Trial 26 finished with value: 0.7894963198968399 and parameters: {'n_estimators': 12000, 'max_depth': 5, 'min_child_weight': 7, 'learning_rate': 0.0017037326343561326, 'subsample': 0.9706546817913223, 'colsample_bytree': 0.5388622859530682, 'reg_alpha': 5.166666945932291, 'reg_lambda': 7.755786223878708, 'gamma': 0.7999999999999999}. Best is trial 25 with value: 0.7896748055978877.
[I 2023-10-20 08:02:35,728] Trial 27 finished with value: 0.7894932566331172 and parameters: {'n_estimators': 12000, 'max_depth': 4, 'min_child_weight': 7, 'learning_rate': 0.002366052164824058, 'subsample': 0.9581136275117884, 'colsample_bytree': 0.5219986503795014, 'reg_alpha': 5.0875034998396185, 'reg_lambda': 7.545927239483896, 'gamma': 0.7999999999999999}. Best is trial 25 with value: 0.7896748055978877.
[I 2023-10-20 08:02:55,731] Trial 28 finished with value: 0.789479217255874 and parameters: {'n_estimators': 11700, 'max_depth': 5, 'min_child_weight': 7, 'learning_rate': 0.00224832382274039, 'subsample': 0.9718046358142486, 'colsample_bytree': 0.5263725938994493, 'reg_alpha': 4.989177401791887, 'reg_lambda': 6.35620047049065, 'gamma': 0.7999999999999999}. Best is trial 25 with value: 0.7896748055978877.
[I 2023-10-20 08:03:15,547] Trial 29 finished with value: 0.7896968834257196 and parameters: {'n_estimators': 11700, 'max_depth': 5, 'min_child_weight': 7, 'learning_rate': 0.0020003405987536874, 'subsample': 0.996925864377869, 'colsample_bytree': 0.4305754577630845, 'reg_alpha': 4.1830899442262846, 'reg_lambda': 7.565256203563326, 'gamma': 0.7}. Best is trial 29 with value: 0.7896968834257196.
[I 2023-10-20 08:03:37,926] Trial 30 finished with value: 0.7895547521756847 and parameters: {'n_estimators': 11600, 'max_depth': 4, 'min_child_weight': 7, 'learning_rate': 0.0007804514034764088, 'subsample': 0.9977052338655236, 'colsample_bytree': 0.4332052898179889, 'reg_alpha': 4.480152659561103, 'reg_lambda': 6.755979884994597, 'gamma': 0.7}. Best is trial 29 with value: 0.7896968834257196.
[I 2023-10-20 08:04:00,251] Trial 31 finished with value: 0.7895216493895801 and parameters: {'n_estimators': 11600, 'max_depth': 4, 'min_child_weight': 7, 'learning_rate': 0.000727580396779466, 'subsample': 0.9940277578493802, 'colsample_bytree': 0.4530337408188638, 'reg_alpha': 4.229487958425872, 'reg_lambda': 7.141685704035299, 'gamma': 0.7}. Best is trial 29 with value: 0.7896968834257196.
[I 2023-10-20 08:04:19,353] Trial 32 finished with value: 0.7898137200721228 and parameters: {'n_estimators': 11600, 'max_depth': 4, 'min_child_weight': 7, 'learning_rate': 0.0019000736364820424, 'subsample': 0.9970264528971052, 'colsample_bytree': 0.38405198229201243, 'reg_alpha': 4.204873948744801, 'reg_lambda': 6.5724682783552, 'gamma': 0.7}. Best is trial 32 with value: 0.7898137200721228.
[I 2023-10-20 08:04:42,128] Trial 33 finished with value: 0.7892567712781693 and parameters: {'n_estimators': 11000, 'max_depth': 5, 'min_child_weight': 7, 'learning_rate': 0.002455330318365663, 'subsample': 0.9458813122631955, 'colsample_bytree': 0.37771965914111494, 'reg_alpha': 2.8928862121050143, 'reg_lambda': 7.57264425149419, 'gamma': 0.7}. Best is trial 32 with value: 0.7898137200721228.
[I 2023-10-20 08:05:03,024] Trial 34 finished with value: 0.7898103986289975 and parameters: {'n_estimators': 11500, 'max_depth': 4, 'min_child_weight': 7, 'learning_rate': 0.0017527756398285647, 'subsample': 0.9780152649448036, 'colsample_bytree': 0.31710540810865395, 'reg_alpha': 4.080502875766529, 'reg_lambda': 6.063192060208062, 'gamma': 0.7}. Best is trial 32 with value: 0.7898137200721228.
[I 2023-10-20 08:05:20,973] Trial 35 finished with value: 0.789758993016596 and parameters: {'n_estimators': 11100, 'max_depth': 4, 'min_child_weight': 7, 'learning_rate': 0.0032029082122317343, 'subsample': 0.9732438031327507, 'colsample_bytree': 0.3007893959417781, 'reg_alpha': 4.094192733446251, 'reg_lambda': 5.870212754488422, 'gamma': 0.7}. Best is trial 32 with value: 0.7898137200721228.
[I 2023-10-20 08:05:39,319] Trial 36 finished with value: 0.7896122215151362 and parameters: {'n_estimators': 11200, 'max_depth': 4, 'min_child_weight': 7, 'learning_rate': 0.0031407868618832323, 'subsample': 0.9592636706487634, 'colsample_bytree': 0.29498000115578965, 'reg_alpha': 3.980553594271935, 'reg_lambda': 5.180577879318724, 'gamma': 0.7}. Best is trial 32 with value: 0.7898137200721228.
[I 2023-10-20 08:05:59,156] Trial 37 finished with value: 0.7893360532882286 and parameters: {'n_estimators': 11000, 'max_depth': 4, 'min_child_weight': 7, 'learning_rate': 0.003398060946973943, 'subsample': 0.9274509536422758, 'colsample_bytree': 0.33769488534074965, 'reg_alpha': 2.5347118167988754, 'reg_lambda': 6.056793511758679, 'gamma': 0.7}. Best is trial 32 with value: 0.7898137200721228.
[I 2023-10-20 08:06:15,860] Trial 38 finished with value: 0.7894939125483563 and parameters: {'n_estimators': 11400, 'max_depth': 4, 'min_child_weight': 7, 'learning_rate': 0.005156360819083874, 'subsample': 0.9757960753877137, 'colsample_bytree': 0.2424979897791601, 'reg_alpha': 3.5613572060890615, 'reg_lambda': 4.536444619100401, 'gamma': 0.7}. Best is trial 32 with value: 0.7898137200721228.
[I 2023-10-20 08:06:34,430] Trial 39 finished with value: 0.7892492631420294 and parameters: {'n_estimators': 11400, 'max_depth': 4, 'min_child_weight': 7, 'learning_rate': 0.004294275046241563, 'subsample': 0.9539188043341611, 'colsample_bytree': 0.38344107030218827, 'reg_alpha': 2.0455122196409756, 'reg_lambda': 6.066633457105505, 'gamma': 0.7}. Best is trial 32 with value: 0.7898137200721228.
[I 2023-10-20 08:06:56,955] Trial 40 finished with value: 0.7891756192118969 and parameters: {'n_estimators': 10800, 'max_depth': 5, 'min_child_weight': 7, 'learning_rate': 0.0024865499921475167, 'subsample': 0.9228417871194818, 'colsample_bytree': 0.2928282449316909, 'reg_alpha': 3.9219758859497023, 'reg_lambda': 6.514826803634177, 'gamma': 0.7}. Best is trial 32 with value: 0.7898137200721228.
[I 2023-10-20 08:07:19,611] Trial 41 finished with value: 0.7896123680493918 and parameters: {'n_estimators': 11900, 'max_depth': 5, 'min_child_weight': 7, 'learning_rate': 0.001975189568613024, 'subsample': 0.9791225773171077, 'colsample_bytree': 0.4033055860414491, 'reg_alpha': 3.337287297875915, 'reg_lambda': 5.720543765177332, 'gamma': 0.7}. Best is trial 32 with value: 0.7898137200721228.
[I 2023-10-20 08:07:40,774] Trial 42 finished with value: 0.7895804514929747 and parameters: {'n_estimators': 11800, 'max_depth': 4, 'min_child_weight': 7, 'learning_rate': 0.0018126057241211163, 'subsample': 0.9650092273059174, 'colsample_bytree': 0.4556950239581724, 'reg_alpha': 4.472242305111121, 'reg_lambda': 6.446215481052435, 'gamma': 0.7}. Best is trial 32 with value: 0.7898137200721228.
[I 2023-10-20 08:08:05,341] Trial 43 finished with value: 0.7897223664305372 and parameters: {'n_estimators': 11100, 'max_depth': 5, 'min_child_weight': 7, 'learning_rate': 0.0013065468766361471, 'subsample': 0.980763025413055, 'colsample_bytree': 0.3275400587532361, 'reg_alpha': 3.8373852724514497, 'reg_lambda': 7.254705570202752, 'gamma': 0.7}. Best is trial 32 with value: 0.7898137200721228.
[I 2023-10-20 08:08:26,822] Trial 44 finished with value: 0.7896072812173786 and parameters: {'n_estimators': 11100, 'max_depth': 4, 'min_child_weight': 7, 'learning_rate': 0.0012447831392797851, 'subsample': 0.9819908431024729, 'colsample_bytree': 0.3122231625615054, 'reg_alpha': 2.8483469569497064, 'reg_lambda': 6.977989632507004, 'gamma': 0.7}. Best is trial 32 with value: 0.7898137200721228.
[I 2023-10-20 08:08:48,250] Trial 45 finished with value: 0.7893512440060512 and parameters: {'n_estimators': 11400, 'max_depth': 5, 'min_child_weight': 7, 'learning_rate': 0.0030102446263198333, 'subsample': 0.9526724943749684, 'colsample_bytree': 0.21983145914197733, 'reg_alpha': 3.72058081204645, 'reg_lambda': 5.835158820387288, 'gamma': 0.7}. Best is trial 32 with value: 0.7898137200721228.
[I 2023-10-20 08:09:08,924] Trial 46 finished with value: 0.7888746518066976 and parameters: {'n_estimators': 10800, 'max_depth': 4, 'min_child_weight': 7, 'learning_rate': 0.0006094811294227975, 'subsample': 0.967058170103671, 'colsample_bytree': 0.34076862723940166, 'reg_alpha': 4.200325686898971, 'reg_lambda': 6.288294834106154, 'gamma': 0.7}. Best is trial 32 with value: 0.7898137200721228.
[I 2023-10-20 08:09:35,281] Trial 47 finished with value: 0.7896901986725393 and parameters: {'n_estimators': 11500, 'max_depth': 5, 'min_child_weight': 7, 'learning_rate': 0.001120447975648323, 'subsample': 0.9789133404213293, 'colsample_bytree': 0.3620532530715671, 'reg_alpha': 3.310858419070284, 'reg_lambda': 5.465329886611072, 'gamma': 0.7}. Best is trial 32 with value: 0.7898137200721228.
[I 2023-10-20 08:09:47,767] Trial 48 finished with value: 0.7895457298522376 and parameters: {'n_estimators': 7500, 'max_depth': 4, 'min_child_weight': 7, 'learning_rate': 0.00452738118534483, 'subsample': 0.9567476056371497, 'colsample_bytree': 0.4073763491543275, 'reg_alpha': 4.718748906116608, 'reg_lambda': 6.81810979511469, 'gamma': 0.7}. Best is trial 32 with value: 0.7898137200721228.
[I 2023-10-20 08:10:02,800] Trial 49 finished with value: 0.7887054675419647 and parameters: {'n_estimators': 9700, 'max_depth': 5, 'min_child_weight': 7, 'learning_rate': 0.008729864786707744, 'subsample': 0.9349549947228982, 'colsample_bytree': 0.20936736900875882, 'reg_alpha': 2.529620098900156, 'reg_lambda': 7.737498336058183, 'gamma': 0.7999999999999999}. Best is trial 32 with value: 0.7898137200721228.
[I 2023-10-20 08:10:17,321] Trial 50 finished with value: 0.7895920625882695 and parameters: {'n_estimators': 10600, 'max_depth': 4, 'min_child_weight': 7, 'learning_rate': 0.005529703461735076, 'subsample': 0.98232159321285, 'colsample_bytree': 0.2587607488581014, 'reg_alpha': 5.68377090200733, 'reg_lambda': 4.036761568598829, 'gamma': 0.7}. Best is trial 32 with value: 0.7898137200721228.
[I 2023-10-20 08:10:43,798] Trial 51 finished with value: 0.7896735216786964 and parameters: {'n_estimators': 11500, 'max_depth': 5, 'min_child_weight': 7, 'learning_rate': 0.0011064195571907054, 'subsample': 0.9799114629246019, 'colsample_bytree': 0.350018488675651, 'reg_alpha': 3.32984682722757, 'reg_lambda': 5.402091618021352, 'gamma': 0.7}. Best is trial 32 with value: 0.7898137200721228.
[I 2023-10-20 08:11:06,117] Trial 52 finished with value: 0.7895705220527077 and parameters: {'n_estimators': 11100, 'max_depth': 5, 'min_child_weight': 7, 'learning_rate': 0.0019327231433891201, 'subsample': 0.9676152411490606, 'colsample_bytree': 0.36661258916437434, 'reg_alpha': 3.6646599613025685, 'reg_lambda': 5.721922712886489, 'gamma': 0.7}. Best is trial 32 with value: 0.7898137200721228.
[I 2023-10-20 08:11:36,153] Trial 53 finished with value: 0.7894706903577668 and parameters: {'n_estimators': 11800, 'max_depth': 6, 'min_child_weight': 7, 'learning_rate': 0.0011135281091335665, 'subsample': 0.9855444107194631, 'colsample_bytree': 0.4162066508422873, 'reg_alpha': 4.0385239530647326, 'reg_lambda': 4.8705818952975495, 'gamma': 0.7}. Best is trial 32 with value: 0.7898137200721228.
