[I 2023-11-09 00:11:17,619] A new study created in memory with name: no-name-cada8b6d-bafa-4ec2-9304-31b773e9eb90
/home/stepa/.local/lib/python3.6/site-packages/xgboost/sklearn.py:1224: UserWarning: The use of label encoder in XGBClassifier is deprecated and will be removed in a future release. To remove this warning, do the following: 1) Pass option use_label_encoder=False when constructing XGBClassifier object; and 2) Encode your labels (y) as integers starting with 0, i.e. 0, 1, 2, ..., [num_class - 1].
  warnings.warn(label_encoder_deprecation_msg, UserWarning)
[00:11:17] WARNING: ../src/learner.cc:223: No visible GPU is found, setting `gpu_id` to -1
[00:11:17] WARNING: ../src/learner.cc:1115: Starting in XGBoost 1.3.0, the default evaluation metric used with the objective 'binary:logistic' was changed from 'error' to 'logloss'. Explicitly set eval_metric if you'd like to restore the old behavior.
[I 2023-11-09 00:12:01,973] Trial 0 finished with value: 0.8621171403332569 and parameters: {'n_estimators': 10500, 'max_depth': 10, 'min_child_weight': 7, 'learning_rate': 0.003921810936336983, 'subsample': 0.9914022986566078, 'colsample_bytree': 0.5038964292692043, 'reg_alpha': 5.211663243711332, 'reg_lambda': 6.17404649466167, 'gamma': 1.0}. Best is trial 0 with value: 0.8621171403332569.
/home/stepa/.local/lib/python3.6/site-packages/xgboost/sklearn.py:1224: UserWarning: The use of label encoder in XGBClassifier is deprecated and will be removed in a future release. To remove this warning, do the following: 1) Pass option use_label_encoder=False when constructing XGBClassifier object; and 2) Encode your labels (y) as integers starting with 0, i.e. 0, 1, 2, ..., [num_class - 1].
  warnings.warn(label_encoder_deprecation_msg, UserWarning)
[00:12:01] WARNING: ../src/learner.cc:223: No visible GPU is found, setting `gpu_id` to -1
[00:12:02] WARNING: ../src/learner.cc:1115: Starting in XGBoost 1.3.0, the default evaluation metric used with the objective 'binary:logistic' was changed from 'error' to 'logloss'. Explicitly set eval_metric if you'd like to restore the old behavior.
[I 2023-11-09 00:12:13,150] Trial 1 finished with value: 0.8672519298778039 and parameters: {'n_estimators': 3200, 'max_depth': 6, 'min_child_weight': 8, 'learning_rate': 0.0003333985222225146, 'subsample': 0.7274652899329399, 'colsample_bytree': 0.8098752870838466, 'reg_alpha': 5.694533718581233, 'reg_lambda': 6.290252742920058, 'gamma': 1.0}. Best is trial 1 with value: 0.8672519298778039.
/home/stepa/.local/lib/python3.6/site-packages/xgboost/sklearn.py:1224: UserWarning: The use of label encoder in XGBClassifier is deprecated and will be removed in a future release. To remove this warning, do the following: 1) Pass option use_label_encoder=False when constructing XGBClassifier object; and 2) Encode your labels (y) as integers starting with 0, i.e. 0, 1, 2, ..., [num_class - 1].
  warnings.warn(label_encoder_deprecation_msg, UserWarning)
[00:12:13] WARNING: ../src/learner.cc:223: No visible GPU is found, setting `gpu_id` to -1
[00:12:13] WARNING: ../src/learner.cc:1115: Starting in XGBoost 1.3.0, the default evaluation metric used with the objective 'binary:logistic' was changed from 'error' to 'logloss'. Explicitly set eval_metric if you'd like to restore the old behavior.
[I 2023-11-09 00:12:47,781] Trial 2 finished with value: 0.8612675467177864 and parameters: {'n_estimators': 10300, 'max_depth': 6, 'min_child_weight': 7, 'learning_rate': 0.009706998313096545, 'subsample': 0.7903985428969239, 'colsample_bytree': 0.9466247128197556, 'reg_alpha': 6.916970521693156, 'reg_lambda': 3.6679393011731327, 'gamma': 1.0}. Best is trial 1 with value: 0.8672519298778039.
/home/stepa/.local/lib/python3.6/site-packages/xgboost/sklearn.py:1224: UserWarning: The use of label encoder in XGBClassifier is deprecated and will be removed in a future release. To remove this warning, do the following: 1) Pass option use_label_encoder=False when constructing XGBClassifier object; and 2) Encode your labels (y) as integers starting with 0, i.e. 0, 1, 2, ..., [num_class - 1].
  warnings.warn(label_encoder_deprecation_msg, UserWarning)
[00:12:47] WARNING: ../src/learner.cc:223: No visible GPU is found, setting `gpu_id` to -1
[00:12:47] WARNING: ../src/learner.cc:1115: Starting in XGBoost 1.3.0, the default evaluation metric used with the objective 'binary:logistic' was changed from 'error' to 'logloss'. Explicitly set eval_metric if you'd like to restore the old behavior.
[I 2023-11-09 00:12:54,491] Trial 3 finished with value: 0.8657462563296191 and parameters: {'n_estimators': 2300, 'max_depth': 4, 'min_child_weight': 7, 'learning_rate': 0.00015304250382925007, 'subsample': 0.9930757881300925, 'colsample_bytree': 0.33050032597014267, 'reg_alpha': 2.839806046025287, 'reg_lambda': 6.193985198385273, 'gamma': 0.7}. Best is trial 1 with value: 0.8672519298778039.
/home/stepa/.local/lib/python3.6/site-packages/xgboost/sklearn.py:1224: UserWarning: The use of label encoder in XGBClassifier is deprecated and will be removed in a future release. To remove this warning, do the following: 1) Pass option use_label_encoder=False when constructing XGBClassifier object; and 2) Encode your labels (y) as integers starting with 0, i.e. 0, 1, 2, ..., [num_class - 1].
  warnings.warn(label_encoder_deprecation_msg, UserWarning)
[00:12:54] WARNING: ../src/learner.cc:223: No visible GPU is found, setting `gpu_id` to -1
[00:12:54] WARNING: ../src/learner.cc:1115: Starting in XGBoost 1.3.0, the default evaluation metric used with the objective 'binary:logistic' was changed from 'error' to 'logloss'. Explicitly set eval_metric if you'd like to restore the old behavior.
[I 2023-11-09 00:13:19,442] Trial 4 finished with value: 0.8596611853005048 and parameters: {'n_estimators': 8900, 'max_depth': 4, 'min_child_weight': 7, 'learning_rate': 0.0635462546573361, 'subsample': 0.7338673698935148, 'colsample_bytree': 0.8378384983047262, 'reg_alpha': 6.867542929117208, 'reg_lambda': 0.5108488009898768, 'gamma': 0.7}. Best is trial 1 with value: 0.8672519298778039.
/home/stepa/.local/lib/python3.6/site-packages/xgboost/sklearn.py:1224: UserWarning: The use of label encoder in XGBClassifier is deprecated and will be removed in a future release. To remove this warning, do the following: 1) Pass option use_label_encoder=False when constructing XGBClassifier object; and 2) Encode your labels (y) as integers starting with 0, i.e. 0, 1, 2, ..., [num_class - 1].
  warnings.warn(label_encoder_deprecation_msg, UserWarning)
[00:13:19] WARNING: ../src/learner.cc:223: No visible GPU is found, setting `gpu_id` to -1
[00:13:19] WARNING: ../src/learner.cc:1115: Starting in XGBoost 1.3.0, the default evaluation metric used with the objective 'binary:logistic' was changed from 'error' to 'logloss'. Explicitly set eval_metric if you'd like to restore the old behavior.
[I 2023-11-09 00:13:30,064] Trial 5 finished with value: 0.8671204333034157 and parameters: {'n_estimators': 3000, 'max_depth': 6, 'min_child_weight': 7, 'learning_rate': 0.00043752295189414904, 'subsample': 0.7446893245243857, 'colsample_bytree': 0.8860305372380104, 'reg_alpha': 3.351092406107852, 'reg_lambda': 8.979465033319293, 'gamma': 1.0}. Best is trial 1 with value: 0.8672519298778039.
/home/stepa/.local/lib/python3.6/site-packages/xgboost/sklearn.py:1224: UserWarning: The use of label encoder in XGBClassifier is deprecated and will be removed in a future release. To remove this warning, do the following: 1) Pass option use_label_encoder=False when constructing XGBClassifier object; and 2) Encode your labels (y) as integers starting with 0, i.e. 0, 1, 2, ..., [num_class - 1].
  warnings.warn(label_encoder_deprecation_msg, UserWarning)
[00:13:30] WARNING: ../src/learner.cc:223: No visible GPU is found, setting `gpu_id` to -1
[00:13:30] WARNING: ../src/learner.cc:1115: Starting in XGBoost 1.3.0, the default evaluation metric used with the objective 'binary:logistic' was changed from 'error' to 'logloss'. Explicitly set eval_metric if you'd like to restore the old behavior.
[I 2023-11-09 00:13:39,980] Trial 6 finished with value: 0.8680891928165978 and parameters: {'n_estimators': 3400, 'max_depth': 4, 'min_child_weight': 8, 'learning_rate': 0.0007366169720611853, 'subsample': 0.9395895657663741, 'colsample_bytree': 0.7981478839283154, 'reg_alpha': 4.262951393560913, 'reg_lambda': 6.127102017066577, 'gamma': 0.8999999999999999}. Best is trial 6 with value: 0.8680891928165978.
/home/stepa/.local/lib/python3.6/site-packages/xgboost/sklearn.py:1224: UserWarning: The use of label encoder in XGBClassifier is deprecated and will be removed in a future release. To remove this warning, do the following: 1) Pass option use_label_encoder=False when constructing XGBClassifier object; and 2) Encode your labels (y) as integers starting with 0, i.e. 0, 1, 2, ..., [num_class - 1].
  warnings.warn(label_encoder_deprecation_msg, UserWarning)
[00:13:39] WARNING: ../src/learner.cc:223: No visible GPU is found, setting `gpu_id` to -1
[00:13:40] WARNING: ../src/learner.cc:1115: Starting in XGBoost 1.3.0, the default evaluation metric used with the objective 'binary:logistic' was changed from 'error' to 'logloss'. Explicitly set eval_metric if you'd like to restore the old behavior.
[I 2023-11-09 00:13:46,024] Trial 7 finished with value: 0.8694634197526177 and parameters: {'n_estimators': 1700, 'max_depth': 7, 'min_child_weight': 8, 'learning_rate': 0.0001344749801916641, 'subsample': 0.8349808067999933, 'colsample_bytree': 0.748990361812105, 'reg_alpha': 8.647437987309857, 'reg_lambda': 8.118195911060079, 'gamma': 0.7999999999999999}. Best is trial 7 with value: 0.8694634197526177.
/home/stepa/.local/lib/python3.6/site-packages/xgboost/sklearn.py:1224: UserWarning: The use of label encoder in XGBClassifier is deprecated and will be removed in a future release. To remove this warning, do the following: 1) Pass option use_label_encoder=False when constructing XGBClassifier object; and 2) Encode your labels (y) as integers starting with 0, i.e. 0, 1, 2, ..., [num_class - 1].
  warnings.warn(label_encoder_deprecation_msg, UserWarning)
[00:13:46] WARNING: ../src/learner.cc:223: No visible GPU is found, setting `gpu_id` to -1
[00:13:46] WARNING: ../src/learner.cc:1115: Starting in XGBoost 1.3.0, the default evaluation metric used with the objective 'binary:logistic' was changed from 'error' to 'logloss'. Explicitly set eval_metric if you'd like to restore the old behavior.
[I 2023-11-09 00:14:19,428] Trial 8 finished with value: 0.8556524463401027 and parameters: {'n_estimators': 8100, 'max_depth': 8, 'min_child_weight': 7, 'learning_rate': 0.07101893333100859, 'subsample': 0.8031873836612207, 'colsample_bytree': 0.602411415641958, 'reg_alpha': 3.6842074463943657, 'reg_lambda': 8.709369717861394, 'gamma': 0.7}. Best is trial 7 with value: 0.8694634197526177.
/home/stepa/.local/lib/python3.6/site-packages/xgboost/sklearn.py:1224: UserWarning: The use of label encoder in XGBClassifier is deprecated and will be removed in a future release. To remove this warning, do the following: 1) Pass option use_label_encoder=False when constructing XGBClassifier object; and 2) Encode your labels (y) as integers starting with 0, i.e. 0, 1, 2, ..., [num_class - 1].
  warnings.warn(label_encoder_deprecation_msg, UserWarning)
[00:14:19] WARNING: ../src/learner.cc:223: No visible GPU is found, setting `gpu_id` to -1
[00:14:19] WARNING: ../src/learner.cc:1115: Starting in XGBoost 1.3.0, the default evaluation metric used with the objective 'binary:logistic' was changed from 'error' to 'logloss'. Explicitly set eval_metric if you'd like to restore the old behavior.
[I 2023-11-09 00:14:49,902] Trial 9 finished with value: 0.8678661194841291 and parameters: {'n_estimators': 8600, 'max_depth': 9, 'min_child_weight': 7, 'learning_rate': 0.0025789027086876417, 'subsample': 0.9159641734273474, 'colsample_bytree': 0.3239929148440732, 'reg_alpha': 2.489329675916435, 'reg_lambda': 4.119719606880904, 'gamma': 0.7999999999999999}. Best is trial 7 with value: 0.8694634197526177.
/home/stepa/.local/lib/python3.6/site-packages/xgboost/sklearn.py:1224: UserWarning: The use of label encoder in XGBClassifier is deprecated and will be removed in a future release. To remove this warning, do the following: 1) Pass option use_label_encoder=False when constructing XGBClassifier object; and 2) Encode your labels (y) as integers starting with 0, i.e. 0, 1, 2, ..., [num_class - 1].
  warnings.warn(label_encoder_deprecation_msg, UserWarning)
[00:14:49] WARNING: ../src/learner.cc:223: No visible GPU is found, setting `gpu_id` to -1
[00:14:49] WARNING: ../src/learner.cc:1115: Starting in XGBoost 1.3.0, the default evaluation metric used with the objective 'binary:logistic' was changed from 'error' to 'logloss'. Explicitly set eval_metric if you'd like to restore the old behavior.
[I 2023-11-09 00:15:08,519] Trial 10 finished with value: 0.865858797236539 and parameters: {'n_estimators': 5900, 'max_depth': 8, 'min_child_weight': 8, 'learning_rate': 0.00010129760619953006, 'subsample': 0.8693757300793561, 'colsample_bytree': 0.14192186359971426, 'reg_alpha': 9.380708750692015, 'reg_lambda': 9.688126103024663, 'gamma': 0.7999999999999999}. Best is trial 7 with value: 0.8694634197526177.
/home/stepa/.local/lib/python3.6/site-packages/xgboost/sklearn.py:1224: UserWarning: The use of label encoder in XGBClassifier is deprecated and will be removed in a future release. To remove this warning, do the following: 1) Pass option use_label_encoder=False when constructing XGBClassifier object; and 2) Encode your labels (y) as integers starting with 0, i.e. 0, 1, 2, ..., [num_class - 1].
  warnings.warn(label_encoder_deprecation_msg, UserWarning)
[00:15:08] WARNING: ../src/learner.cc:223: No visible GPU is found, setting `gpu_id` to -1
[00:15:08] WARNING: ../src/learner.cc:1115: Starting in XGBoost 1.3.0, the default evaluation metric used with the objective 'binary:logistic' was changed from 'error' to 'logloss'. Explicitly set eval_metric if you'd like to restore the old behavior.
[I 2023-11-09 00:15:12,434] Trial 11 finished with value: 0.869615450800726 and parameters: {'n_estimators': 1200, 'max_depth': 5, 'min_child_weight': 8, 'learning_rate': 0.0008446399033900104, 'subsample': 0.9103049435463149, 'colsample_bytree': 0.7238032119032881, 'reg_alpha': 0.24943495888836686, 'reg_lambda': 7.595120079665877, 'gamma': 0.8999999999999999}. Best is trial 11 with value: 0.869615450800726.
/home/stepa/.local/lib/python3.6/site-packages/xgboost/sklearn.py:1224: UserWarning: The use of label encoder in XGBClassifier is deprecated and will be removed in a future release. To remove this warning, do the following: 1) Pass option use_label_encoder=False when constructing XGBClassifier object; and 2) Encode your labels (y) as integers starting with 0, i.e. 0, 1, 2, ..., [num_class - 1].
  warnings.warn(label_encoder_deprecation_msg, UserWarning)
[00:15:12] WARNING: ../src/learner.cc:223: No visible GPU is found, setting `gpu_id` to -1
[00:15:12] WARNING: ../src/learner.cc:1115: Starting in XGBoost 1.3.0, the default evaluation metric used with the objective 'binary:logistic' was changed from 'error' to 'logloss'. Explicitly set eval_metric if you'd like to restore the old behavior.
[I 2023-11-09 00:15:18,611] Trial 12 finished with value: 0.8681771563066993 and parameters: {'n_estimators': 1600, 'max_depth': 7, 'min_child_weight': 8, 'learning_rate': 0.0018078123937084385, 'subsample': 0.8628577454066024, 'colsample_bytree': 0.6281298326876291, 'reg_alpha': 0.3392857297163614, 'reg_lambda': 7.877130090150485, 'gamma': 0.8999999999999999}. Best is trial 11 with value: 0.869615450800726.
/home/stepa/.local/lib/python3.6/site-packages/xgboost/sklearn.py:1224: UserWarning: The use of label encoder in XGBClassifier is deprecated and will be removed in a future release. To remove this warning, do the following: 1) Pass option use_label_encoder=False when constructing XGBClassifier object; and 2) Encode your labels (y) as integers starting with 0, i.e. 0, 1, 2, ..., [num_class - 1].
  warnings.warn(label_encoder_deprecation_msg, UserWarning)
[00:15:18] WARNING: ../src/learner.cc:223: No visible GPU is found, setting `gpu_id` to -1
[00:15:18] WARNING: ../src/learner.cc:1115: Starting in XGBoost 1.3.0, the default evaluation metric used with the objective 'binary:logistic' was changed from 'error' to 'logloss'. Explicitly set eval_metric if you'd like to restore the old behavior.
[I 2023-11-09 00:15:34,205] Trial 13 finished with value: 0.8678122182392916 and parameters: {'n_estimators': 5000, 'max_depth': 5, 'min_child_weight': 8, 'learning_rate': 0.0009142868290815974, 'subsample': 0.9083902471767595, 'colsample_bytree': 0.7083390546676129, 'reg_alpha': 9.428431383198284, 'reg_lambda': 7.973594609345474, 'gamma': 0.7999999999999999}. Best is trial 11 with value: 0.869615450800726.
/home/stepa/.local/lib/python3.6/site-packages/xgboost/sklearn.py:1224: UserWarning: The use of label encoder in XGBClassifier is deprecated and will be removed in a future release. To remove this warning, do the following: 1) Pass option use_label_encoder=False when constructing XGBClassifier object; and 2) Encode your labels (y) as integers starting with 0, i.e. 0, 1, 2, ..., [num_class - 1].
  warnings.warn(label_encoder_deprecation_msg, UserWarning)
[00:15:34] WARNING: ../src/learner.cc:223: No visible GPU is found, setting `gpu_id` to -1
[00:15:34] WARNING: ../src/learner.cc:1115: Starting in XGBoost 1.3.0, the default evaluation metric used with the objective 'binary:logistic' was changed from 'error' to 'logloss'. Explicitly set eval_metric if you'd like to restore the old behavior.
[I 2023-11-09 00:15:37,926] Trial 14 finished with value: 0.8654555161605868 and parameters: {'n_estimators': 1100, 'max_depth': 7, 'min_child_weight': 8, 'learning_rate': 0.00024651017593271785, 'subsample': 0.8182095456373463, 'colsample_bytree': 0.48513801304760074, 'reg_alpha': 0.731506031045531, 'reg_lambda': 7.591653199118994, 'gamma': 0.8999999999999999}. Best is trial 11 with value: 0.869615450800726.
/home/stepa/.local/lib/python3.6/site-packages/xgboost/sklearn.py:1224: UserWarning: The use of label encoder in XGBClassifier is deprecated and will be removed in a future release. To remove this warning, do the following: 1) Pass option use_label_encoder=False when constructing XGBClassifier object; and 2) Encode your labels (y) as integers starting with 0, i.e. 0, 1, 2, ..., [num_class - 1].
  warnings.warn(label_encoder_deprecation_msg, UserWarning)
[00:15:37] WARNING: ../src/learner.cc:223: No visible GPU is found, setting `gpu_id` to -1
[00:15:37] WARNING: ../src/learner.cc:1115: Starting in XGBoost 1.3.0, the default evaluation metric used with the objective 'binary:logistic' was changed from 'error' to 'logloss'. Explicitly set eval_metric if you'd like to restore the old behavior.
[I 2023-11-09 00:15:51,648] Trial 15 finished with value: 0.8628021364022491 and parameters: {'n_estimators': 4600, 'max_depth': 5, 'min_child_weight': 8, 'learning_rate': 0.007167378078031013, 'subsample': 0.8431181997650807, 'colsample_bytree': 0.9989672038250758, 'reg_alpha': 7.605253340248304, 'reg_lambda': 9.981755273929082, 'gamma': 0.7999999999999999}. Best is trial 11 with value: 0.869615450800726.
/home/stepa/.local/lib/python3.6/site-packages/xgboost/sklearn.py:1224: UserWarning: The use of label encoder in XGBClassifier is deprecated and will be removed in a future release. To remove this warning, do the following: 1) Pass option use_label_encoder=False when constructing XGBClassifier object; and 2) Encode your labels (y) as integers starting with 0, i.e. 0, 1, 2, ..., [num_class - 1].
  warnings.warn(label_encoder_deprecation_msg, UserWarning)
[00:15:51] WARNING: ../src/learner.cc:223: No visible GPU is found, setting `gpu_id` to -1
[00:15:51] WARNING: ../src/learner.cc:1115: Starting in XGBoost 1.3.0, the default evaluation metric used with the objective 'binary:logistic' was changed from 'error' to 'logloss'. Explicitly set eval_metric if you'd like to restore the old behavior.
[I 2023-11-09 00:15:56,003] Trial 16 finished with value: 0.869233081912901 and parameters: {'n_estimators': 1000, 'max_depth': 8, 'min_child_weight': 8, 'learning_rate': 0.0012155492439879466, 'subsample': 0.9471891219923072, 'colsample_bytree': 0.7088758822368657, 'reg_alpha': 1.764965625413871, 'reg_lambda': 1.8958512984063338, 'gamma': 0.8999999999999999}. Best is trial 11 with value: 0.869615450800726.
/home/stepa/.local/lib/python3.6/site-packages/xgboost/sklearn.py:1224: UserWarning: The use of label encoder in XGBClassifier is deprecated and will be removed in a future release. To remove this warning, do the following: 1) Pass option use_label_encoder=False when constructing XGBClassifier object; and 2) Encode your labels (y) as integers starting with 0, i.e. 0, 1, 2, ..., [num_class - 1].
  warnings.warn(label_encoder_deprecation_msg, UserWarning)
[00:15:56] WARNING: ../src/learner.cc:223: No visible GPU is found, setting `gpu_id` to -1
[00:15:56] WARNING: ../src/learner.cc:1115: Starting in XGBoost 1.3.0, the default evaluation metric used with the objective 'binary:logistic' was changed from 'error' to 'logloss'. Explicitly set eval_metric if you'd like to restore the old behavior.
