[I 2023-11-09 00:16:08,725] Trial 17 finished with value: 0.8626053811704539 and parameters: {'n_estimators': 4300, 'max_depth': 5, 'min_child_weight': 8, 'learning_rate': 0.016469514075947062, 'subsample': 0.8866539421628379, 'colsample_bytree': 0.6900957176527783, 'reg_alpha': 8.566849916933233, 'reg_lambda': 5.001813507179808, 'gamma': 0.7999999999999999}. Best is trial 11 with value: 0.869615450800726.
/home/stepa/.local/lib/python3.6/site-packages/xgboost/sklearn.py:1224: UserWarning: The use of label encoder in XGBClassifier is deprecated and will be removed in a future release. To remove this warning, do the following: 1) Pass option use_label_encoder=False when constructing XGBClassifier object; and 2) Encode your labels (y) as integers starting with 0, i.e. 0, 1, 2, ..., [num_class - 1].
  warnings.warn(label_encoder_deprecation_msg, UserWarning)
[00:16:08] WARNING: ../src/learner.cc:223: No visible GPU is found, setting `gpu_id` to -1
[00:16:08] WARNING: ../src/learner.cc:1115: Starting in XGBoost 1.3.0, the default evaluation metric used with the objective 'binary:logistic' was changed from 'error' to 'logloss'. Explicitly set eval_metric if you'd like to restore the old behavior.
[I 2023-11-09 00:16:29,963] Trial 18 finished with value: 0.868002354475762 and parameters: {'n_estimators': 6400, 'max_depth': 10, 'min_child_weight': 8, 'learning_rate': 0.000554111270031435, 'subsample': 0.7766065855017238, 'colsample_bytree': 0.4101261155807068, 'reg_alpha': 6.162754373238748, 'reg_lambda': 7.406756434768883, 'gamma': 0.8999999999999999}. Best is trial 11 with value: 0.869615450800726.
/home/stepa/.local/lib/python3.6/site-packages/xgboost/sklearn.py:1224: UserWarning: The use of label encoder in XGBClassifier is deprecated and will be removed in a future release. To remove this warning, do the following: 1) Pass option use_label_encoder=False when constructing XGBClassifier object; and 2) Encode your labels (y) as integers starting with 0, i.e. 0, 1, 2, ..., [num_class - 1].
  warnings.warn(label_encoder_deprecation_msg, UserWarning)
[00:16:29] WARNING: ../src/learner.cc:223: No visible GPU is found, setting `gpu_id` to -1
[00:16:30] WARNING: ../src/learner.cc:1115: Starting in XGBoost 1.3.0, the default evaluation metric used with the objective 'binary:logistic' was changed from 'error' to 'logloss'. Explicitly set eval_metric if you'd like to restore the old behavior.
[I 2023-11-09 00:16:38,811] Trial 19 finished with value: 0.8698183214086364 and parameters: {'n_estimators': 2500, 'max_depth': 6, 'min_child_weight': 8, 'learning_rate': 0.00019524034427743505, 'subsample': 0.8270728344718008, 'colsample_bytree': 0.7230430433773333, 'reg_alpha': 1.305538700202509, 'reg_lambda': 5.014459172373982, 'gamma': 0.7999999999999999}. Best is trial 19 with value: 0.8698183214086364.
/home/stepa/.local/lib/python3.6/site-packages/xgboost/sklearn.py:1224: UserWarning: The use of label encoder in XGBClassifier is deprecated and will be removed in a future release. To remove this warning, do the following: 1) Pass option use_label_encoder=False when constructing XGBClassifier object; and 2) Encode your labels (y) as integers starting with 0, i.e. 0, 1, 2, ..., [num_class - 1].
  warnings.warn(label_encoder_deprecation_msg, UserWarning)
[00:16:38] WARNING: ../src/learner.cc:223: No visible GPU is found, setting `gpu_id` to -1
[00:16:38] WARNING: ../src/learner.cc:1115: Starting in XGBoost 1.3.0, the default evaluation metric used with the objective 'binary:logistic' was changed from 'error' to 'logloss'. Explicitly set eval_metric if you'd like to restore the old behavior.
[I 2023-11-09 00:17:02,278] Trial 20 finished with value: 0.8694886047100698 and parameters: {'n_estimators': 7200, 'max_depth': 5, 'min_child_weight': 8, 'learning_rate': 0.00024247065545491905, 'subsample': 0.7659084002150222, 'colsample_bytree': 0.6099727854405427, 'reg_alpha': 1.4648418757665522, 'reg_lambda': 3.2961844744655258, 'gamma': 0.8999999999999999}. Best is trial 19 with value: 0.8698183214086364.
/home/stepa/.local/lib/python3.6/site-packages/xgboost/sklearn.py:1224: UserWarning: The use of label encoder in XGBClassifier is deprecated and will be removed in a future release. To remove this warning, do the following: 1) Pass option use_label_encoder=False when constructing XGBClassifier object; and 2) Encode your labels (y) as integers starting with 0, i.e. 0, 1, 2, ..., [num_class - 1].
  warnings.warn(label_encoder_deprecation_msg, UserWarning)
[00:17:02] WARNING: ../src/learner.cc:223: No visible GPU is found, setting `gpu_id` to -1
[00:17:02] WARNING: ../src/learner.cc:1115: Starting in XGBoost 1.3.0, the default evaluation metric used with the objective 'binary:logistic' was changed from 'error' to 'logloss'. Explicitly set eval_metric if you'd like to restore the old behavior.
[I 2023-11-09 00:17:26,705] Trial 21 finished with value: 0.8694009549827298 and parameters: {'n_estimators': 7400, 'max_depth': 5, 'min_child_weight': 8, 'learning_rate': 0.0002589139302134231, 'subsample': 0.769259677424511, 'colsample_bytree': 0.6071093146555887, 'reg_alpha': 1.2738123081190962, 'reg_lambda': 2.738206707924837, 'gamma': 0.8999999999999999}. Best is trial 19 with value: 0.8698183214086364.
/home/stepa/.local/lib/python3.6/site-packages/xgboost/sklearn.py:1224: UserWarning: The use of label encoder in XGBClassifier is deprecated and will be removed in a future release. To remove this warning, do the following: 1) Pass option use_label_encoder=False when constructing XGBClassifier object; and 2) Encode your labels (y) as integers starting with 0, i.e. 0, 1, 2, ..., [num_class - 1].
  warnings.warn(label_encoder_deprecation_msg, UserWarning)
[00:17:26] WARNING: ../src/learner.cc:223: No visible GPU is found, setting `gpu_id` to -1
[00:17:26] WARNING: ../src/learner.cc:1115: Starting in XGBoost 1.3.0, the default evaluation metric used with the objective 'binary:logistic' was changed from 'error' to 'logloss'. Explicitly set eval_metric if you'd like to restore the old behavior.
[I 2023-11-09 00:17:46,916] Trial 22 finished with value: 0.8695569110630899 and parameters: {'n_estimators': 5700, 'max_depth': 6, 'min_child_weight': 8, 'learning_rate': 0.00019985179793305114, 'subsample': 0.7027490031142781, 'colsample_bytree': 0.5608993309824242, 'reg_alpha': 0.018063479266344107, 'reg_lambda': 4.771822292047088, 'gamma': 0.8999999999999999}. Best is trial 19 with value: 0.8698183214086364.
/home/stepa/.local/lib/python3.6/site-packages/xgboost/sklearn.py:1224: UserWarning: The use of label encoder in XGBClassifier is deprecated and will be removed in a future release. To remove this warning, do the following: 1) Pass option use_label_encoder=False when constructing XGBClassifier object; and 2) Encode your labels (y) as integers starting with 0, i.e. 0, 1, 2, ..., [num_class - 1].
  warnings.warn(label_encoder_deprecation_msg, UserWarning)
[00:17:46] WARNING: ../src/learner.cc:223: No visible GPU is found, setting `gpu_id` to -1
[00:17:46] WARNING: ../src/learner.cc:1115: Starting in XGBoost 1.3.0, the default evaluation metric used with the objective 'binary:logistic' was changed from 'error' to 'logloss'. Explicitly set eval_metric if you'd like to restore the old behavior.
[I 2023-11-09 00:18:27,391] Trial 23 finished with value: 0.8658640532624158 and parameters: {'n_estimators': 11900, 'max_depth': 6, 'min_child_weight': 8, 'learning_rate': 0.0005272313891497678, 'subsample': 0.7015008285029807, 'colsample_bytree': 0.5047469096898589, 'reg_alpha': 0.22145515258071524, 'reg_lambda': 4.831298373482263, 'gamma': 0.8999999999999999}. Best is trial 19 with value: 0.8698183214086364.
/home/stepa/.local/lib/python3.6/site-packages/xgboost/sklearn.py:1224: UserWarning: The use of label encoder in XGBClassifier is deprecated and will be removed in a future release. To remove this warning, do the following: 1) Pass option use_label_encoder=False when constructing XGBClassifier object; and 2) Encode your labels (y) as integers starting with 0, i.e. 0, 1, 2, ..., [num_class - 1].
  warnings.warn(label_encoder_deprecation_msg, UserWarning)
[00:18:27] WARNING: ../src/learner.cc:223: No visible GPU is found, setting `gpu_id` to -1
[00:18:27] WARNING: ../src/learner.cc:1115: Starting in XGBoost 1.3.0, the default evaluation metric used with the objective 'binary:logistic' was changed from 'error' to 'logloss'. Explicitly set eval_metric if you'd like to restore the old behavior.
[I 2023-11-09 00:18:35,467] Trial 24 finished with value: 0.8657920936716382 and parameters: {'n_estimators': 2500, 'max_depth': 6, 'min_child_weight': 8, 'learning_rate': 0.00018634601994252435, 'subsample': 0.9598236249198507, 'colsample_bytree': 0.4419427763972361, 'reg_alpha': 2.1178687474243683, 'reg_lambda': 5.394934111119955, 'gamma': 0.7999999999999999}. Best is trial 19 with value: 0.8698183214086364.
/home/stepa/.local/lib/python3.6/site-packages/xgboost/sklearn.py:1224: UserWarning: The use of label encoder in XGBClassifier is deprecated and will be removed in a future release. To remove this warning, do the following: 1) Pass option use_label_encoder=False when constructing XGBClassifier object; and 2) Encode your labels (y) as integers starting with 0, i.e. 0, 1, 2, ..., [num_class - 1].
  warnings.warn(label_encoder_deprecation_msg, UserWarning)
[00:18:35] WARNING: ../src/learner.cc:223: No visible GPU is found, setting `gpu_id` to -1
[00:18:35] WARNING: ../src/learner.cc:1115: Starting in XGBoost 1.3.0, the default evaluation metric used with the objective 'binary:logistic' was changed from 'error' to 'logloss'. Explicitly set eval_metric if you'd like to restore the old behavior.
[I 2023-11-09 00:18:50,451] Trial 25 finished with value: 0.8643434490034609 and parameters: {'n_estimators': 3900, 'max_depth': 7, 'min_child_weight': 8, 'learning_rate': 0.0012337378452991353, 'subsample': 0.8890542843267465, 'colsample_bytree': 0.8736891187236794, 'reg_alpha': 1.0508110210913268, 'reg_lambda': 6.807309521028093, 'gamma': 0.8999999999999999}. Best is trial 19 with value: 0.8698183214086364.
/home/stepa/.local/lib/python3.6/site-packages/xgboost/sklearn.py:1224: UserWarning: The use of label encoder in XGBClassifier is deprecated and will be removed in a future release. To remove this warning, do the following: 1) Pass option use_label_encoder=False when constructing XGBClassifier object; and 2) Encode your labels (y) as integers starting with 0, i.e. 0, 1, 2, ..., [num_class - 1].
  warnings.warn(label_encoder_deprecation_msg, UserWarning)
[00:18:50] WARNING: ../src/learner.cc:223: No visible GPU is found, setting `gpu_id` to -1
[00:18:50] WARNING: ../src/learner.cc:1115: Starting in XGBoost 1.3.0, the default evaluation metric used with the objective 'binary:logistic' was changed from 'error' to 'logloss'. Explicitly set eval_metric if you'd like to restore the old behavior.
[I 2023-11-09 00:19:10,079] Trial 26 finished with value: 0.869058384003388 and parameters: {'n_estimators': 5300, 'max_depth': 6, 'min_child_weight': 8, 'learning_rate': 0.0003698971847064688, 'subsample': 0.7097684615656875, 'colsample_bytree': 0.66383290092181, 'reg_alpha': 0.22053588711146496, 'reg_lambda': 1.1872558805614668, 'gamma': 1.0}. Best is trial 19 with value: 0.8698183214086364.
/home/stepa/.local/lib/python3.6/site-packages/xgboost/sklearn.py:1224: UserWarning: The use of label encoder in XGBClassifier is deprecated and will be removed in a future release. To remove this warning, do the following: 1) Pass option use_label_encoder=False when constructing XGBClassifier object; and 2) Encode your labels (y) as integers starting with 0, i.e. 0, 1, 2, ..., [num_class - 1].
  warnings.warn(label_encoder_deprecation_msg, UserWarning)
[00:19:10] WARNING: ../src/learner.cc:223: No visible GPU is found, setting `gpu_id` to -1
[00:19:10] WARNING: ../src/learner.cc:1115: Starting in XGBoost 1.3.0, the default evaluation metric used with the objective 'binary:logistic' was changed from 'error' to 'logloss'. Explicitly set eval_metric if you'd like to restore the old behavior.
[I 2023-11-09 00:19:17,632] Trial 27 finished with value: 0.8698106911779149 and parameters: {'n_estimators': 2300, 'max_depth': 5, 'min_child_weight': 8, 'learning_rate': 0.00012006754456483375, 'subsample': 0.9247055352166449, 'colsample_bytree': 0.5453586083827769, 'reg_alpha': 0.9163853440633196, 'reg_lambda': 4.291788739803681, 'gamma': 0.7999999999999999}. Best is trial 19 with value: 0.8698183214086364.
/home/stepa/.local/lib/python3.6/site-packages/xgboost/sklearn.py:1224: UserWarning: The use of label encoder in XGBClassifier is deprecated and will be removed in a future release. To remove this warning, do the following: 1) Pass option use_label_encoder=False when constructing XGBClassifier object; and 2) Encode your labels (y) as integers starting with 0, i.e. 0, 1, 2, ..., [num_class - 1].
  warnings.warn(label_encoder_deprecation_msg, UserWarning)
[00:19:17] WARNING: ../src/learner.cc:223: No visible GPU is found, setting `gpu_id` to -1
[00:19:17] WARNING: ../src/learner.cc:1115: Starting in XGBoost 1.3.0, the default evaluation metric used with the objective 'binary:logistic' was changed from 'error' to 'logloss'. Explicitly set eval_metric if you'd like to restore the old behavior.
[I 2023-11-09 00:19:23,795] Trial 28 finished with value: 0.8655822423419073 and parameters: {'n_estimators': 2100, 'max_depth': 4, 'min_child_weight': 8, 'learning_rate': 0.0001061579195206094, 'subsample': 0.9281975533046097, 'colsample_bytree': 0.35274263155481267, 'reg_alpha': 4.3119331944924575, 'reg_lambda': 4.292011197563041, 'gamma': 0.7}. Best is trial 19 with value: 0.8698183214086364.
/home/stepa/.local/lib/python3.6/site-packages/xgboost/sklearn.py:1224: UserWarning: The use of label encoder in XGBClassifier is deprecated and will be removed in a future release. To remove this warning, do the following: 1) Pass option use_label_encoder=False when constructing XGBClassifier object; and 2) Encode your labels (y) as integers starting with 0, i.e. 0, 1, 2, ..., [num_class - 1].
  warnings.warn(label_encoder_deprecation_msg, UserWarning)
[00:19:23] WARNING: ../src/learner.cc:223: No visible GPU is found, setting `gpu_id` to -1
[00:19:23] WARNING: ../src/learner.cc:1115: Starting in XGBoost 1.3.0, the default evaluation metric used with the objective 'binary:logistic' was changed from 'error' to 'logloss'. Explicitly set eval_metric if you'd like to restore the old behavior.
[I 2023-11-09 00:19:35,263] Trial 29 finished with value: 0.8634416888315409 and parameters: {'n_estimators': 3800, 'max_depth': 5, 'min_child_weight': 8, 'learning_rate': 0.0033617341880008904, 'subsample': 0.971347922208824, 'colsample_bytree': 0.7698377607110991, 'reg_alpha': 2.2060736437793644, 'reg_lambda': 2.3135856512483888, 'gamma': 0.7999999999999999}. Best is trial 19 with value: 0.8698183214086364.
/home/stepa/.local/lib/python3.6/site-packages/xgboost/sklearn.py:1224: UserWarning: The use of label encoder in XGBClassifier is deprecated and will be removed in a future release. To remove this warning, do the following: 1) Pass option use_label_encoder=False when constructing XGBClassifier object; and 2) Encode your labels (y) as integers starting with 0, i.e. 0, 1, 2, ..., [num_class - 1].
  warnings.warn(label_encoder_deprecation_msg, UserWarning)
[00:19:35] WARNING: ../src/learner.cc:223: No visible GPU is found, setting `gpu_id` to -1
[00:19:35] WARNING: ../src/learner.cc:1115: Starting in XGBoost 1.3.0, the default evaluation metric used with the objective 'binary:logistic' was changed from 'error' to 'logloss'. Explicitly set eval_metric if you'd like to restore the old behavior.
[I 2023-11-09 00:19:43,371] Trial 30 finished with value: 0.8688004330421735 and parameters: {'n_estimators': 2800, 'max_depth': 4, 'min_child_weight': 8, 'learning_rate': 0.0017623779102235845, 'subsample': 0.898688146550593, 'colsample_bytree': 0.23645818910326893, 'reg_alpha': 3.029203262777685, 'reg_lambda': 5.543124933969551, 'gamma': 0.7999999999999999}. Best is trial 19 with value: 0.8698183214086364.
/home/stepa/.local/lib/python3.6/site-packages/xgboost/sklearn.py:1224: UserWarning: The use of label encoder in XGBClassifier is deprecated and will be removed in a future release. To remove this warning, do the following: 1) Pass option use_label_encoder=False when constructing XGBClassifier object; and 2) Encode your labels (y) as integers starting with 0, i.e. 0, 1, 2, ..., [num_class - 1].
  warnings.warn(label_encoder_deprecation_msg, UserWarning)
[00:19:43] WARNING: ../src/learner.cc:223: No visible GPU is found, setting `gpu_id` to -1
[00:19:43] WARNING: ../src/learner.cc:1115: Starting in XGBoost 1.3.0, the default evaluation metric used with the objective 'binary:logistic' was changed from 'error' to 'logloss'. Explicitly set eval_metric if you'd like to restore the old behavior.
[I 2023-11-09 00:19:48,670] Trial 31 finished with value: 0.8697337873255329 and parameters: {'n_estimators': 1600, 'max_depth': 5, 'min_child_weight': 8, 'learning_rate': 0.00015454246224140848, 'subsample': 0.9716567592438532, 'colsample_bytree': 0.5578504425846962, 'reg_alpha': 0.806796601595754, 'reg_lambda': 4.408140086233126, 'gamma': 0.7999999999999999}. Best is trial 19 with value: 0.8698183214086364.
/home/stepa/.local/lib/python3.6/site-packages/xgboost/sklearn.py:1224: UserWarning: The use of label encoder in XGBClassifier is deprecated and will be removed in a future release. To remove this warning, do the following: 1) Pass option use_label_encoder=False when constructing XGBClassifier object; and 2) Encode your labels (y) as integers starting with 0, i.e. 0, 1, 2, ..., [num_class - 1].
  warnings.warn(label_encoder_deprecation_msg, UserWarning)
[00:19:48] WARNING: ../src/learner.cc:223: No visible GPU is found, setting `gpu_id` to -1
[00:19:48] WARNING: ../src/learner.cc:1115: Starting in XGBoost 1.3.0, the default evaluation metric used with the objective 'binary:logistic' was changed from 'error' to 'logloss'. Explicitly set eval_metric if you'd like to restore the old behavior.
[I 2023-11-09 00:19:54,310] Trial 32 finished with value: 0.869714873626332 and parameters: {'n_estimators': 1700, 'max_depth': 5, 'min_child_weight': 8, 'learning_rate': 0.0003246041925309109, 'subsample': 0.9670326637449043, 'colsample_bytree': 0.5389949782651989, 'reg_alpha': 0.8870401265631844, 'reg_lambda': 3.1465959371168193, 'gamma': 0.7999999999999999}. Best is trial 19 with value: 0.8698183214086364.
/home/stepa/.local/lib/python3.6/site-packages/xgboost/sklearn.py:1224: UserWarning: The use of label encoder in XGBClassifier is deprecated and will be removed in a future release. To remove this warning, do the following: 1) Pass option use_label_encoder=False when constructing XGBClassifier object; and 2) Encode your labels (y) as integers starting with 0, i.e. 0, 1, 2, ..., [num_class - 1].
  warnings.warn(label_encoder_deprecation_msg, UserWarning)
[00:19:54] WARNING: ../src/learner.cc:223: No visible GPU is found, setting `gpu_id` to -1
[00:19:54] WARNING: ../src/learner.cc:1115: Starting in XGBoost 1.3.0, the default evaluation metric used with the objective 'binary:logistic' was changed from 'error' to 'logloss'. Explicitly set eval_metric if you'd like to restore the old behavior.
[I 2023-11-09 00:20:01,301] Trial 33 finished with value: 0.8697580130083002 and parameters: {'n_estimators': 2100, 'max_depth': 5, 'min_child_weight': 8, 'learning_rate': 0.00015192943867252756, 'subsample': 0.9782683327199935, 'colsample_bytree': 0.5311905482866467, 'reg_alpha': 0.8701945023281416, 'reg_lambda': 3.1360276829426175, 'gamma': 0.7999999999999999}. Best is trial 19 with value: 0.8698183214086364.
/home/stepa/.local/lib/python3.6/site-packages/xgboost/sklearn.py:1224: UserWarning: The use of label encoder in XGBClassifier is deprecated and will be removed in a future release. To remove this warning, do the following: 1) Pass option use_label_encoder=False when constructing XGBClassifier object; and 2) Encode your labels (y) as integers starting with 0, i.e. 0, 1, 2, ..., [num_class - 1].
  warnings.warn(label_encoder_deprecation_msg, UserWarning)
[00:20:01] WARNING: ../src/learner.cc:223: No visible GPU is found, setting `gpu_id` to -1
[00:20:01] WARNING: ../src/learner.cc:1115: Starting in XGBoost 1.3.0, the default evaluation metric used with the objective 'binary:logistic' was changed from 'error' to 'logloss'. Explicitly set eval_metric if you'd like to restore the old behavior.
[I 2023-11-09 00:20:08,892] Trial 34 finished with value: 0.8657602377581493 and parameters: {'n_estimators': 2300, 'max_depth': 6, 'min_child_weight': 8, 'learning_rate': 0.0001534192039754723, 'subsample': 0.965101356078594, 'colsample_bytree': 0.4479537127061382, 'reg_alpha': 1.7168893153850413, 'reg_lambda': 3.8730825627105556, 'gamma': 0.7}. Best is trial 19 with value: 0.8698183214086364.
/home/stepa/.local/lib/python3.6/site-packages/xgboost/sklearn.py:1224: UserWarning: The use of label encoder in XGBClassifier is deprecated and will be removed in a future release. To remove this warning, do the following: 1) Pass option use_label_encoder=False when constructing XGBClassifier object; and 2) Encode your labels (y) as integers starting with 0, i.e. 0, 1, 2, ..., [num_class - 1].
  warnings.warn(label_encoder_deprecation_msg, UserWarning)
[00:20:08] WARNING: ../src/learner.cc:223: No visible GPU is found, setting `gpu_id` to -1
[00:20:08] WARNING: ../src/learner.cc:1115: Starting in XGBoost 1.3.0, the default evaluation metric used with the objective 'binary:logistic' was changed from 'error' to 'logloss'. Explicitly set eval_metric if you'd like to restore the old behavior.
