[I 2023-11-09 00:20:18,627] Trial 35 finished with value: 0.8692752040640055 and parameters: {'n_estimators': 3300, 'max_depth': 4, 'min_child_weight': 8, 'learning_rate': 0.00010198029127996628, 'subsample': 0.9973957108305872, 'colsample_bytree': 0.5591654659042717, 'reg_alpha': 5.210298244982718, 'reg_lambda': 3.4800355469208015, 'gamma': 0.7999999999999999}. Best is trial 19 with value: 0.8698183214086364.
/home/stepa/.local/lib/python3.6/site-packages/xgboost/sklearn.py:1224: UserWarning: The use of label encoder in XGBClassifier is deprecated and will be removed in a future release. To remove this warning, do the following: 1) Pass option use_label_encoder=False when constructing XGBClassifier object; and 2) Encode your labels (y) as integers starting with 0, i.e. 0, 1, 2, ..., [num_class - 1].
  warnings.warn(label_encoder_deprecation_msg, UserWarning)
[00:20:18] WARNING: ../src/learner.cc:223: No visible GPU is found, setting `gpu_id` to -1
[00:20:18] WARNING: ../src/learner.cc:1115: Starting in XGBoost 1.3.0, the default evaluation metric used with the objective 'binary:logistic' was changed from 'error' to 'logloss'. Explicitly set eval_metric if you'd like to restore the old behavior.
[I 2023-11-09 00:20:27,008] Trial 36 finished with value: 0.8617099981766987 and parameters: {'n_estimators': 2700, 'max_depth': 6, 'min_child_weight': 7, 'learning_rate': 0.02613631851961913, 'subsample': 0.9744276618648108, 'colsample_bytree': 0.5047963317933852, 'reg_alpha': 2.598606180889465, 'reg_lambda': 4.419895553173322, 'gamma': 0.7}. Best is trial 19 with value: 0.8698183214086364.
/home/stepa/.local/lib/python3.6/site-packages/xgboost/sklearn.py:1224: UserWarning: The use of label encoder in XGBClassifier is deprecated and will be removed in a future release. To remove this warning, do the following: 1) Pass option use_label_encoder=False when constructing XGBClassifier object; and 2) Encode your labels (y) as integers starting with 0, i.e. 0, 1, 2, ..., [num_class - 1].
  warnings.warn(label_encoder_deprecation_msg, UserWarning)
[00:20:27] WARNING: ../src/learner.cc:223: No visible GPU is found, setting `gpu_id` to -1
[00:20:27] WARNING: ../src/learner.cc:1115: Starting in XGBoost 1.3.0, the default evaluation metric used with the objective 'binary:logistic' was changed from 'error' to 'logloss'. Explicitly set eval_metric if you'd like to restore the old behavior.
[I 2023-11-09 00:20:37,534] Trial 37 finished with value: 0.8659745177393412 and parameters: {'n_estimators': 3600, 'max_depth': 4, 'min_child_weight': 8, 'learning_rate': 0.00015211059181097518, 'subsample': 0.985824585765061, 'colsample_bytree': 0.35849050343039557, 'reg_alpha': 0.8224136925270156, 'reg_lambda': 5.5934078797463815, 'gamma': 0.7999999999999999}. Best is trial 19 with value: 0.8698183214086364.
/home/stepa/.local/lib/python3.6/site-packages/xgboost/sklearn.py:1224: UserWarning: The use of label encoder in XGBClassifier is deprecated and will be removed in a future release. To remove this warning, do the following: 1) Pass option use_label_encoder=False when constructing XGBClassifier object; and 2) Encode your labels (y) as integers starting with 0, i.e. 0, 1, 2, ..., [num_class - 1].
  warnings.warn(label_encoder_deprecation_msg, UserWarning)
[00:20:37] WARNING: ../src/learner.cc:223: No visible GPU is found, setting `gpu_id` to -1
[00:20:37] WARNING: ../src/learner.cc:1115: Starting in XGBoost 1.3.0, the default evaluation metric used with the objective 'binary:logistic' was changed from 'error' to 'logloss'. Explicitly set eval_metric if you'd like to restore the old behavior.
[I 2023-11-09 00:20:43,717] Trial 38 finished with value: 0.8697058344609174 and parameters: {'n_estimators': 1900, 'max_depth': 5, 'min_child_weight': 7, 'learning_rate': 0.0003131115694842355, 'subsample': 0.9436923280801804, 'colsample_bytree': 0.6697448515966942, 'reg_alpha': 3.833958426648106, 'reg_lambda': 1.8393988655017364, 'gamma': 0.7}. Best is trial 19 with value: 0.8698183214086364.
/home/stepa/.local/lib/python3.6/site-packages/xgboost/sklearn.py:1224: UserWarning: The use of label encoder in XGBClassifier is deprecated and will be removed in a future release. To remove this warning, do the following: 1) Pass option use_label_encoder=False when constructing XGBClassifier object; and 2) Encode your labels (y) as integers starting with 0, i.e. 0, 1, 2, ..., [num_class - 1].
  warnings.warn(label_encoder_deprecation_msg, UserWarning)
[00:20:43] WARNING: ../src/learner.cc:223: No visible GPU is found, setting `gpu_id` to -1
[00:20:43] WARNING: ../src/learner.cc:1115: Starting in XGBoost 1.3.0, the default evaluation metric used with the objective 'binary:logistic' was changed from 'error' to 'logloss'. Explicitly set eval_metric if you'd like to restore the old behavior.
[I 2023-11-09 00:20:57,689] Trial 39 finished with value: 0.866892219857428 and parameters: {'n_estimators': 4300, 'max_depth': 6, 'min_child_weight': 8, 'learning_rate': 0.0004374679997559316, 'subsample': 0.8239729768545319, 'colsample_bytree': 0.41195558459303727, 'reg_alpha': 1.917801352547758, 'reg_lambda': 6.34400514148618, 'gamma': 0.7999999999999999}. Best is trial 19 with value: 0.8698183214086364.
/home/stepa/.local/lib/python3.6/site-packages/xgboost/sklearn.py:1224: UserWarning: The use of label encoder in XGBClassifier is deprecated and will be removed in a future release. To remove this warning, do the following: 1) Pass option use_label_encoder=False when constructing XGBClassifier object; and 2) Encode your labels (y) as integers starting with 0, i.e. 0, 1, 2, ..., [num_class - 1].
  warnings.warn(label_encoder_deprecation_msg, UserWarning)
[00:20:57] WARNING: ../src/learner.cc:223: No visible GPU is found, setting `gpu_id` to -1
[00:20:57] WARNING: ../src/learner.cc:1115: Starting in XGBoost 1.3.0, the default evaluation metric used with the objective 'binary:logistic' was changed from 'error' to 'logloss'. Explicitly set eval_metric if you'd like to restore the old behavior.
[I 2023-11-09 00:21:06,467] Trial 40 finished with value: 0.8634987476888825 and parameters: {'n_estimators': 3200, 'max_depth': 4, 'min_child_weight': 8, 'learning_rate': 0.005390099879506802, 'subsample': 0.9846739544001947, 'colsample_bytree': 0.8116122752132724, 'reg_alpha': 3.0649754717473408, 'reg_lambda': 2.5834261565494216, 'gamma': 0.7999999999999999}. Best is trial 19 with value: 0.8698183214086364.
/home/stepa/.local/lib/python3.6/site-packages/xgboost/sklearn.py:1224: UserWarning: The use of label encoder in XGBClassifier is deprecated and will be removed in a future release. To remove this warning, do the following: 1) Pass option use_label_encoder=False when constructing XGBClassifier object; and 2) Encode your labels (y) as integers starting with 0, i.e. 0, 1, 2, ..., [num_class - 1].
  warnings.warn(label_encoder_deprecation_msg, UserWarning)
[00:21:06] WARNING: ../src/learner.cc:223: No visible GPU is found, setting `gpu_id` to -1
[00:21:06] WARNING: ../src/learner.cc:1115: Starting in XGBoost 1.3.0, the default evaluation metric used with the objective 'binary:logistic' was changed from 'error' to 'logloss'. Explicitly set eval_metric if you'd like to restore the old behavior.
[I 2023-11-09 00:21:11,730] Trial 41 finished with value: 0.8697456923240683 and parameters: {'n_estimators': 1600, 'max_depth': 5, 'min_child_weight': 8, 'learning_rate': 0.0001871162742283313, 'subsample': 0.9549935165851664, 'colsample_bytree': 0.539263568310333, 'reg_alpha': 0.8494511434190248, 'reg_lambda': 3.092945797654644, 'gamma': 0.7999999999999999}. Best is trial 19 with value: 0.8698183214086364.
/home/stepa/.local/lib/python3.6/site-packages/xgboost/sklearn.py:1224: UserWarning: The use of label encoder in XGBClassifier is deprecated and will be removed in a future release. To remove this warning, do the following: 1) Pass option use_label_encoder=False when constructing XGBClassifier object; and 2) Encode your labels (y) as integers starting with 0, i.e. 0, 1, 2, ..., [num_class - 1].
  warnings.warn(label_encoder_deprecation_msg, UserWarning)
[00:21:11] WARNING: ../src/learner.cc:223: No visible GPU is found, setting `gpu_id` to -1
[00:21:11] WARNING: ../src/learner.cc:1115: Starting in XGBoost 1.3.0, the default evaluation metric used with the objective 'binary:logistic' was changed from 'error' to 'logloss'. Explicitly set eval_metric if you'd like to restore the old behavior.
[I 2023-11-09 00:21:16,974] Trial 42 finished with value: 0.8697568139149445 and parameters: {'n_estimators': 1600, 'max_depth': 5, 'min_child_weight': 8, 'learning_rate': 0.00018041602822873307, 'subsample': 0.9353366180895517, 'colsample_bytree': 0.5589433972287371, 'reg_alpha': 1.3342565581275985, 'reg_lambda': 3.6751819545208027, 'gamma': 0.7999999999999999}. Best is trial 19 with value: 0.8698183214086364.
/home/stepa/.local/lib/python3.6/site-packages/xgboost/sklearn.py:1224: UserWarning: The use of label encoder in XGBClassifier is deprecated and will be removed in a future release. To remove this warning, do the following: 1) Pass option use_label_encoder=False when constructing XGBClassifier object; and 2) Encode your labels (y) as integers starting with 0, i.e. 0, 1, 2, ..., [num_class - 1].
  warnings.warn(label_encoder_deprecation_msg, UserWarning)
[00:21:17] WARNING: ../src/learner.cc:223: No visible GPU is found, setting `gpu_id` to -1
[00:21:17] WARNING: ../src/learner.cc:1115: Starting in XGBoost 1.3.0, the default evaluation metric used with the objective 'binary:logistic' was changed from 'error' to 'logloss'. Explicitly set eval_metric if you'd like to restore the old behavior.
[I 2023-11-09 00:21:23,952] Trial 43 finished with value: 0.8659128443710683 and parameters: {'n_estimators': 2200, 'max_depth': 5, 'min_child_weight': 8, 'learning_rate': 0.0002169651023016429, 'subsample': 0.9327207607816258, 'colsample_bytree': 0.49062984152867917, 'reg_alpha': 1.3070845197173047, 'reg_lambda': 3.7555947345301566, 'gamma': 0.7999999999999999}. Best is trial 19 with value: 0.8698183214086364.
/home/stepa/.local/lib/python3.6/site-packages/xgboost/sklearn.py:1224: UserWarning: The use of label encoder in XGBClassifier is deprecated and will be removed in a future release. To remove this warning, do the following: 1) Pass option use_label_encoder=False when constructing XGBClassifier object; and 2) Encode your labels (y) as integers starting with 0, i.e. 0, 1, 2, ..., [num_class - 1].
  warnings.warn(label_encoder_deprecation_msg, UserWarning)
[00:21:23] WARNING: ../src/learner.cc:223: No visible GPU is found, setting `gpu_id` to -1
[00:21:23] WARNING: ../src/learner.cc:1115: Starting in XGBoost 1.3.0, the default evaluation metric used with the objective 'binary:logistic' was changed from 'error' to 'logloss'. Explicitly set eval_metric if you'd like to restore the old behavior.
[I 2023-11-09 00:21:54,986] Trial 44 finished with value: 0.8669906774128827 and parameters: {'n_estimators': 9800, 'max_depth': 5, 'min_child_weight': 8, 'learning_rate': 0.0005624489899980619, 'subsample': 0.9478117533099473, 'colsample_bytree': 0.587407946837309, 'reg_alpha': 2.4418228084224323, 'reg_lambda': 3.0813910328598046, 'gamma': 0.7999999999999999}. Best is trial 19 with value: 0.8698183214086364.
/home/stepa/.local/lib/python3.6/site-packages/xgboost/sklearn.py:1224: UserWarning: The use of label encoder in XGBClassifier is deprecated and will be removed in a future release. To remove this warning, do the following: 1) Pass option use_label_encoder=False when constructing XGBClassifier object; and 2) Encode your labels (y) as integers starting with 0, i.e. 0, 1, 2, ..., [num_class - 1].
  warnings.warn(label_encoder_deprecation_msg, UserWarning)
[00:21:55] WARNING: ../src/learner.cc:223: No visible GPU is found, setting `gpu_id` to -1
[00:21:55] WARNING: ../src/learner.cc:1115: Starting in XGBoost 1.3.0, the default evaluation metric used with the objective 'binary:logistic' was changed from 'error' to 'logloss'. Explicitly set eval_metric if you'd like to restore the old behavior.
[I 2023-11-09 00:22:05,905] Trial 45 finished with value: 0.869810743138627 and parameters: {'n_estimators': 3000, 'max_depth': 6, 'min_child_weight': 8, 'learning_rate': 0.00012040622443983933, 'subsample': 0.9230181271919381, 'colsample_bytree': 0.6430409827979404, 'reg_alpha': 1.6247088315970937, 'reg_lambda': 0.7504432774843712, 'gamma': 0.7999999999999999}. Best is trial 19 with value: 0.8698183214086364.
/home/stepa/.local/lib/python3.6/site-packages/xgboost/sklearn.py:1224: UserWarning: The use of label encoder in XGBClassifier is deprecated and will be removed in a future release. To remove this warning, do the following: 1) Pass option use_label_encoder=False when constructing XGBClassifier object; and 2) Encode your labels (y) as integers starting with 0, i.e. 0, 1, 2, ..., [num_class - 1].
  warnings.warn(label_encoder_deprecation_msg, UserWarning)
[00:22:05] WARNING: ../src/learner.cc:223: No visible GPU is found, setting `gpu_id` to -1
[00:22:05] WARNING: ../src/learner.cc:1115: Starting in XGBoost 1.3.0, the default evaluation metric used with the objective 'binary:logistic' was changed from 'error' to 'logloss'. Explicitly set eval_metric if you'd like to restore the old behavior.
[I 2023-11-09 00:22:17,476] Trial 46 finished with value: 0.8698019877586397 and parameters: {'n_estimators': 2900, 'max_depth': 7, 'min_child_weight': 7, 'learning_rate': 0.0001255168647200078, 'subsample': 0.8597005323343412, 'colsample_bytree': 0.6505882444018622, 'reg_alpha': 1.6579816391210045, 'reg_lambda': 0.07845646935396289, 'gamma': 0.7}. Best is trial 19 with value: 0.8698183214086364.
/home/stepa/.local/lib/python3.6/site-packages/xgboost/sklearn.py:1224: UserWarning: The use of label encoder in XGBClassifier is deprecated and will be removed in a future release. To remove this warning, do the following: 1) Pass option use_label_encoder=False when constructing XGBClassifier object; and 2) Encode your labels (y) as integers starting with 0, i.e. 0, 1, 2, ..., [num_class - 1].
  warnings.warn(label_encoder_deprecation_msg, UserWarning)
[00:22:17] WARNING: ../src/learner.cc:223: No visible GPU is found, setting `gpu_id` to -1
[00:22:17] WARNING: ../src/learner.cc:1115: Starting in XGBoost 1.3.0, the default evaluation metric used with the objective 'binary:logistic' was changed from 'error' to 'logloss'. Explicitly set eval_metric if you'd like to restore the old behavior.
[I 2023-11-09 00:22:29,020] Trial 47 finished with value: 0.8670170274893791 and parameters: {'n_estimators': 2900, 'max_depth': 7, 'min_child_weight': 7, 'learning_rate': 0.0001119418329324811, 'subsample': 0.8737975031175779, 'colsample_bytree': 0.7659612407852724, 'reg_alpha': 3.529023684520369, 'reg_lambda': 0.24835615027228067, 'gamma': 0.7}. Best is trial 19 with value: 0.8698183214086364.
/home/stepa/.local/lib/python3.6/site-packages/xgboost/sklearn.py:1224: UserWarning: The use of label encoder in XGBClassifier is deprecated and will be removed in a future release. To remove this warning, do the following: 1) Pass option use_label_encoder=False when constructing XGBClassifier object; and 2) Encode your labels (y) as integers starting with 0, i.e. 0, 1, 2, ..., [num_class - 1].
  warnings.warn(label_encoder_deprecation_msg, UserWarning)
[00:22:29] WARNING: ../src/learner.cc:223: No visible GPU is found, setting `gpu_id` to -1
[00:22:29] WARNING: ../src/learner.cc:1115: Starting in XGBoost 1.3.0, the default evaluation metric used with the objective 'binary:logistic' was changed from 'error' to 'logloss'. Explicitly set eval_metric if you'd like to restore the old behavior.
[I 2023-11-09 00:22:44,710] Trial 48 finished with value: 0.869654133552388 and parameters: {'n_estimators': 4000, 'max_depth': 7, 'min_child_weight': 7, 'learning_rate': 0.00013281165359133127, 'subsample': 0.8564438895348614, 'colsample_bytree': 0.645691184219446, 'reg_alpha': 1.826103253349873, 'reg_lambda': 1.2132871656067896, 'gamma': 0.7}. Best is trial 19 with value: 0.8698183214086364.
/home/stepa/.local/lib/python3.6/site-packages/xgboost/sklearn.py:1224: UserWarning: The use of label encoder in XGBClassifier is deprecated and will be removed in a future release. To remove this warning, do the following: 1) Pass option use_label_encoder=False when constructing XGBClassifier object; and 2) Encode your labels (y) as integers starting with 0, i.e. 0, 1, 2, ..., [num_class - 1].
  warnings.warn(label_encoder_deprecation_msg, UserWarning)
[00:22:44] WARNING: ../src/learner.cc:223: No visible GPU is found, setting `gpu_id` to -1
[00:22:44] WARNING: ../src/learner.cc:1115: Starting in XGBoost 1.3.0, the default evaluation metric used with the objective 'binary:logistic' was changed from 'error' to 'logloss'. Explicitly set eval_metric if you'd like to restore the old behavior.
[I 2023-11-09 00:23:00,139] Trial 49 finished with value: 0.8659957316992963 and parameters: {'n_estimators': 3200, 'max_depth': 8, 'min_child_weight': 7, 'learning_rate': 0.0003361591497318602, 'subsample': 0.8078528413920839, 'colsample_bytree': 0.8439652074732659, 'reg_alpha': 0.47979056746550053, 'reg_lambda': 0.7429042063924112, 'gamma': 0.7}. Best is trial 19 with value: 0.8698183214086364.
/home/stepa/.local/lib/python3.6/site-packages/xgboost/sklearn.py:1224: UserWarning: The use of label encoder in XGBClassifier is deprecated and will be removed in a future release. To remove this warning, do the following: 1) Pass option use_label_encoder=False when constructing XGBClassifier object; and 2) Encode your labels (y) as integers starting with 0, i.e. 0, 1, 2, ..., [num_class - 1].
  warnings.warn(label_encoder_deprecation_msg, UserWarning)
Best Hyperparameters: {'n_estimators': 2500, 'max_depth': 6, 'min_child_weight': 8, 'learning_rate': 0.00019524034427743505, 'subsample': 0.8270728344718008, 'colsample_bytree': 0.7230430433773333, 'reg_alpha': 1.305538700202509, 'reg_lambda': 5.014459172373982, 'gamma': 0.7999999999999999}
Best ROC AUC: 0.8698183214086364
[00:23:00] WARNING: ../src/learner.cc:1115: Starting in XGBoost 1.3.0, the default evaluation metric used with the objective 'binary:logistic' was changed from 'error' to 'logloss'. Explicitly set eval_metric if you'd like to restore the old behavior.