[I 2023-11-06 17:49:10,754] Trial 378 finished with value: 0.868913309695233 and parameters: {'n_estimators': 9200, 'max_depth': 6, 'min_child_weight': 8, 'learning_rate': 0.004547776270093312, 'subsample': 0.9699412552901602, 'colsample_bytree': 0.22076306766030987, 'reg_alpha': 4.031627069952122, 'reg_lambda': 8.488244999325271, 'gamma': 1.0}. Best is trial 342 with value: 0.8708947894825139.
/home/stepa/.local/lib/python3.6/site-packages/xgboost/sklearn.py:1224: UserWarning: The use of label encoder in XGBClassifier is deprecated and will be removed in a future release. To remove this warning, do the following: 1) Pass option use_label_encoder=False when constructing XGBClassifier object; and 2) Encode your labels (y) as integers starting with 0, i.e. 0, 1, 2, ..., [num_class - 1].
  warnings.warn(label_encoder_deprecation_msg, UserWarning)
[17:49:10] WARNING: ../src/learner.cc:223: No visible GPU is found, setting `gpu_id` to -1
[17:49:10] WARNING: ../src/learner.cc:1115: Starting in XGBoost 1.3.0, the default evaluation metric used with the objective 'binary:logistic' was changed from 'error' to 'logloss'. Explicitly set eval_metric if you'd like to restore the old behavior.
[I 2023-11-06 17:49:44,503] Trial 379 finished with value: 0.8706661923266523 and parameters: {'n_estimators': 9100, 'max_depth': 6, 'min_child_weight': 8, 'learning_rate': 0.013884872122184899, 'subsample': 0.9853833799231843, 'colsample_bytree': 0.17436736923523186, 'reg_alpha': 4.31136221250747, 'reg_lambda': 7.998071909893322, 'gamma': 1.0}. Best is trial 342 with value: 0.8708947894825139.
/home/stepa/.local/lib/python3.6/site-packages/xgboost/sklearn.py:1224: UserWarning: The use of label encoder in XGBClassifier is deprecated and will be removed in a future release. To remove this warning, do the following: 1) Pass option use_label_encoder=False when constructing XGBClassifier object; and 2) Encode your labels (y) as integers starting with 0, i.e. 0, 1, 2, ..., [num_class - 1].
  warnings.warn(label_encoder_deprecation_msg, UserWarning)
[17:49:44] WARNING: ../src/learner.cc:223: No visible GPU is found, setting `gpu_id` to -1
[17:49:44] WARNING: ../src/learner.cc:1115: Starting in XGBoost 1.3.0, the default evaluation metric used with the objective 'binary:logistic' was changed from 'error' to 'logloss'. Explicitly set eval_metric if you'd like to restore the old behavior.
[I 2023-11-06 17:50:19,665] Trial 380 finished with value: 0.8707390192616242 and parameters: {'n_estimators': 9500, 'max_depth': 6, 'min_child_weight': 8, 'learning_rate': 0.012764322456188556, 'subsample': 0.9766511990137184, 'colsample_bytree': 0.14411413787915586, 'reg_alpha': 4.899371275245803, 'reg_lambda': 8.722716353297223, 'gamma': 1.0}. Best is trial 342 with value: 0.8708947894825139.
/home/stepa/.local/lib/python3.6/site-packages/xgboost/sklearn.py:1224: UserWarning: The use of label encoder in XGBClassifier is deprecated and will be removed in a future release. To remove this warning, do the following: 1) Pass option use_label_encoder=False when constructing XGBClassifier object; and 2) Encode your labels (y) as integers starting with 0, i.e. 0, 1, 2, ..., [num_class - 1].
  warnings.warn(label_encoder_deprecation_msg, UserWarning)
[17:50:19] WARNING: ../src/learner.cc:223: No visible GPU is found, setting `gpu_id` to -1
[17:50:19] WARNING: ../src/learner.cc:1115: Starting in XGBoost 1.3.0, the default evaluation metric used with the objective 'binary:logistic' was changed from 'error' to 'logloss'. Explicitly set eval_metric if you'd like to restore the old behavior.
[I 2023-11-06 17:50:58,910] Trial 381 finished with value: 0.8697471532194736 and parameters: {'n_estimators': 9700, 'max_depth': 7, 'min_child_weight': 8, 'learning_rate': 0.010697798729583678, 'subsample': 0.9733902072688168, 'colsample_bytree': 0.11906327756824889, 'reg_alpha': 5.2244352147277855, 'reg_lambda': 9.974838836448246, 'gamma': 1.0}. Best is trial 342 with value: 0.8708947894825139.
/home/stepa/.local/lib/python3.6/site-packages/xgboost/sklearn.py:1224: UserWarning: The use of label encoder in XGBClassifier is deprecated and will be removed in a future release. To remove this warning, do the following: 1) Pass option use_label_encoder=False when constructing XGBClassifier object; and 2) Encode your labels (y) as integers starting with 0, i.e. 0, 1, 2, ..., [num_class - 1].
  warnings.warn(label_encoder_deprecation_msg, UserWarning)
[17:50:58] WARNING: ../src/learner.cc:223: No visible GPU is found, setting `gpu_id` to -1
[17:50:58] WARNING: ../src/learner.cc:1115: Starting in XGBoost 1.3.0, the default evaluation metric used with the objective 'binary:logistic' was changed from 'error' to 'logloss'. Explicitly set eval_metric if you'd like to restore the old behavior.
[I 2023-11-06 17:51:35,402] Trial 382 finished with value: 0.8684526679901112 and parameters: {'n_estimators': 9400, 'max_depth': 6, 'min_child_weight': 8, 'learning_rate': 0.012987410468822923, 'subsample': 0.9666549059959799, 'colsample_bytree': 0.651505061707924, 'reg_alpha': 4.948666412122554, 'reg_lambda': 9.068561489434664, 'gamma': 1.0}. Best is trial 342 with value: 0.8708947894825139.
/home/stepa/.local/lib/python3.6/site-packages/xgboost/sklearn.py:1224: UserWarning: The use of label encoder in XGBClassifier is deprecated and will be removed in a future release. To remove this warning, do the following: 1) Pass option use_label_encoder=False when constructing XGBClassifier object; and 2) Encode your labels (y) as integers starting with 0, i.e. 0, 1, 2, ..., [num_class - 1].
  warnings.warn(label_encoder_deprecation_msg, UserWarning)
[17:51:35] WARNING: ../src/learner.cc:223: No visible GPU is found, setting `gpu_id` to -1
[17:51:35] WARNING: ../src/learner.cc:1115: Starting in XGBoost 1.3.0, the default evaluation metric used with the objective 'binary:logistic' was changed from 'error' to 'logloss'. Explicitly set eval_metric if you'd like to restore the old behavior.
[I 2023-11-06 17:52:11,315] Trial 383 finished with value: 0.870695168417598 and parameters: {'n_estimators': 9500, 'max_depth': 6, 'min_child_weight': 8, 'learning_rate': 0.01193413559032833, 'subsample': 0.9759906934459531, 'colsample_bytree': 0.13675316310619812, 'reg_alpha': 5.116859333270292, 'reg_lambda': 8.785868687565955, 'gamma': 1.0}. Best is trial 342 with value: 0.8708947894825139.
/home/stepa/.local/lib/python3.6/site-packages/xgboost/sklearn.py:1224: UserWarning: The use of label encoder in XGBClassifier is deprecated and will be removed in a future release. To remove this warning, do the following: 1) Pass option use_label_encoder=False when constructing XGBClassifier object; and 2) Encode your labels (y) as integers starting with 0, i.e. 0, 1, 2, ..., [num_class - 1].
  warnings.warn(label_encoder_deprecation_msg, UserWarning)
[17:52:11] WARNING: ../src/learner.cc:223: No visible GPU is found, setting `gpu_id` to -1
[17:52:11] WARNING: ../src/learner.cc:1115: Starting in XGBoost 1.3.0, the default evaluation metric used with the objective 'binary:logistic' was changed from 'error' to 'logloss'. Explicitly set eval_metric if you'd like to restore the old behavior.
[I 2023-11-06 17:52:46,526] Trial 384 finished with value: 0.8707172037565021 and parameters: {'n_estimators': 9400, 'max_depth': 6, 'min_child_weight': 8, 'learning_rate': 0.01373669586572005, 'subsample': 0.9655148612593956, 'colsample_bytree': 0.14259004990919025, 'reg_alpha': 3.7999912328159247, 'reg_lambda': 8.409899298347696, 'gamma': 1.0}. Best is trial 342 with value: 0.8708947894825139.
/home/stepa/.local/lib/python3.6/site-packages/xgboost/sklearn.py:1224: UserWarning: The use of label encoder in XGBClassifier is deprecated and will be removed in a future release. To remove this warning, do the following: 1) Pass option use_label_encoder=False when constructing XGBClassifier object; and 2) Encode your labels (y) as integers starting with 0, i.e. 0, 1, 2, ..., [num_class - 1].
  warnings.warn(label_encoder_deprecation_msg, UserWarning)
[17:52:46] WARNING: ../src/learner.cc:223: No visible GPU is found, setting `gpu_id` to -1
[17:52:46] WARNING: ../src/learner.cc:1115: Starting in XGBoost 1.3.0, the default evaluation metric used with the objective 'binary:logistic' was changed from 'error' to 'logloss'. Explicitly set eval_metric if you'd like to restore the old behavior.
[I 2023-11-06 17:53:22,055] Trial 385 finished with value: 0.8681022849175555 and parameters: {'n_estimators': 9400, 'max_depth': 6, 'min_child_weight': 8, 'learning_rate': 0.007516660517860324, 'subsample': 0.9712178161172625, 'colsample_bytree': 0.10012567601923761, 'reg_alpha': 4.902544854207348, 'reg_lambda': 9.51498531216331, 'gamma': 1.0}. Best is trial 342 with value: 0.8708947894825139.
/home/stepa/.local/lib/python3.6/site-packages/xgboost/sklearn.py:1224: UserWarning: The use of label encoder in XGBClassifier is deprecated and will be removed in a future release. To remove this warning, do the following: 1) Pass option use_label_encoder=False when constructing XGBClassifier object; and 2) Encode your labels (y) as integers starting with 0, i.e. 0, 1, 2, ..., [num_class - 1].
  warnings.warn(label_encoder_deprecation_msg, UserWarning)
[17:53:22] WARNING: ../src/learner.cc:223: No visible GPU is found, setting `gpu_id` to -1
[17:53:22] WARNING: ../src/learner.cc:1115: Starting in XGBoost 1.3.0, the default evaluation metric used with the objective 'binary:logistic' was changed from 'error' to 'logloss'. Explicitly set eval_metric if you'd like to restore the old behavior.
[I 2023-11-06 17:53:56,446] Trial 386 finished with value: 0.8703880945985693 and parameters: {'n_estimators': 9200, 'max_depth': 6, 'min_child_weight': 8, 'learning_rate': 0.019203866989052406, 'subsample': 0.9785247824690393, 'colsample_bytree': 0.18101924744043246, 'reg_alpha': 4.71638916769549, 'reg_lambda': 8.656597417365598, 'gamma': 1.0}. Best is trial 342 with value: 0.8708947894825139.
/home/stepa/.local/lib/python3.6/site-packages/xgboost/sklearn.py:1224: UserWarning: The use of label encoder in XGBClassifier is deprecated and will be removed in a future release. To remove this warning, do the following: 1) Pass option use_label_encoder=False when constructing XGBClassifier object; and 2) Encode your labels (y) as integers starting with 0, i.e. 0, 1, 2, ..., [num_class - 1].
  warnings.warn(label_encoder_deprecation_msg, UserWarning)
[17:53:56] WARNING: ../src/learner.cc:223: No visible GPU is found, setting `gpu_id` to -1
[17:53:56] WARNING: ../src/learner.cc:1115: Starting in XGBoost 1.3.0, the default evaluation metric used with the objective 'binary:logistic' was changed from 'error' to 'logloss'. Explicitly set eval_metric if you'd like to restore the old behavior.
[I 2023-11-06 17:54:32,356] Trial 387 finished with value: 0.8707100231857889 and parameters: {'n_estimators': 9600, 'max_depth': 6, 'min_child_weight': 8, 'learning_rate': 0.015353048725333798, 'subsample': 0.9640440028738496, 'colsample_bytree': 0.14497552667450006, 'reg_alpha': 4.013679242542131, 'reg_lambda': 8.110717265626446, 'gamma': 1.0}. Best is trial 342 with value: 0.8708947894825139.
/home/stepa/.local/lib/python3.6/site-packages/xgboost/sklearn.py:1224: UserWarning: The use of label encoder in XGBClassifier is deprecated and will be removed in a future release. To remove this warning, do the following: 1) Pass option use_label_encoder=False when constructing XGBClassifier object; and 2) Encode your labels (y) as integers starting with 0, i.e. 0, 1, 2, ..., [num_class - 1].
  warnings.warn(label_encoder_deprecation_msg, UserWarning)
[17:54:32] WARNING: ../src/learner.cc:223: No visible GPU is found, setting `gpu_id` to -1
[17:54:32] WARNING: ../src/learner.cc:1115: Starting in XGBoost 1.3.0, the default evaluation metric used with the objective 'binary:logistic' was changed from 'error' to 'logloss'. Explicitly set eval_metric if you'd like to restore the old behavior.
[I 2023-11-06 17:55:05,746] Trial 388 finished with value: 0.8704042803603853 and parameters: {'n_estimators': 9300, 'max_depth': 6, 'min_child_weight': 8, 'learning_rate': 0.02104462375498011, 'subsample': 0.9697656509252393, 'colsample_bytree': 0.12344377772245024, 'reg_alpha': 4.363144066062938, 'reg_lambda': 9.163264392663322, 'gamma': 1.0}. Best is trial 342 with value: 0.8708947894825139.
/home/stepa/.local/lib/python3.6/site-packages/xgboost/sklearn.py:1224: UserWarning: The use of label encoder in XGBClassifier is deprecated and will be removed in a future release. To remove this warning, do the following: 1) Pass option use_label_encoder=False when constructing XGBClassifier object; and 2) Encode your labels (y) as integers starting with 0, i.e. 0, 1, 2, ..., [num_class - 1].
  warnings.warn(label_encoder_deprecation_msg, UserWarning)
[17:55:05] WARNING: ../src/learner.cc:223: No visible GPU is found, setting `gpu_id` to -1
[17:55:05] WARNING: ../src/learner.cc:1115: Starting in XGBoost 1.3.0, the default evaluation metric used with the objective 'binary:logistic' was changed from 'error' to 'logloss'. Explicitly set eval_metric if you'd like to restore the old behavior.
[I 2023-11-06 17:55:41,128] Trial 389 finished with value: 0.8704823533287892 and parameters: {'n_estimators': 9500, 'max_depth': 6, 'min_child_weight': 8, 'learning_rate': 0.017156810941936194, 'subsample': 0.9600417076738297, 'colsample_bytree': 0.19806152689446543, 'reg_alpha': 4.156948098550092, 'reg_lambda': 8.273331914111255, 'gamma': 1.0}. Best is trial 342 with value: 0.8708947894825139.
/home/stepa/.local/lib/python3.6/site-packages/xgboost/sklearn.py:1224: UserWarning: The use of label encoder in XGBClassifier is deprecated and will be removed in a future release. To remove this warning, do the following: 1) Pass option use_label_encoder=False when constructing XGBClassifier object; and 2) Encode your labels (y) as integers starting with 0, i.e. 0, 1, 2, ..., [num_class - 1].
  warnings.warn(label_encoder_deprecation_msg, UserWarning)
[17:55:41] WARNING: ../src/learner.cc:223: No visible GPU is found, setting `gpu_id` to -1
[17:55:41] WARNING: ../src/learner.cc:1115: Starting in XGBoost 1.3.0, the default evaluation metric used with the objective 'binary:logistic' was changed from 'error' to 'logloss'. Explicitly set eval_metric if you'd like to restore the old behavior.
[I 2023-11-06 17:56:17,100] Trial 390 finished with value: 0.8707008161473045 and parameters: {'n_estimators': 9700, 'max_depth': 6, 'min_child_weight': 8, 'learning_rate': 0.012788819546190095, 'subsample': 0.9740528534670265, 'colsample_bytree': 0.16626500676019662, 'reg_alpha': 4.42281736030499, 'reg_lambda': 9.453355926746477, 'gamma': 1.0}. Best is trial 342 with value: 0.8708947894825139.
/home/stepa/.local/lib/python3.6/site-packages/xgboost/sklearn.py:1224: UserWarning: The use of label encoder in XGBClassifier is deprecated and will be removed in a future release. To remove this warning, do the following: 1) Pass option use_label_encoder=False when constructing XGBClassifier object; and 2) Encode your labels (y) as integers starting with 0, i.e. 0, 1, 2, ..., [num_class - 1].
  warnings.warn(label_encoder_deprecation_msg, UserWarning)
[17:56:17] WARNING: ../src/learner.cc:223: No visible GPU is found, setting `gpu_id` to -1
[17:56:17] WARNING: ../src/learner.cc:1115: Starting in XGBoost 1.3.0, the default evaluation metric used with the objective 'binary:logistic' was changed from 'error' to 'logloss'. Explicitly set eval_metric if you'd like to restore the old behavior.
[I 2023-11-06 17:57:07,026] Trial 391 finished with value: 0.8705739081034917 and parameters: {'n_estimators': 9400, 'max_depth': 9, 'min_child_weight': 8, 'learning_rate': 0.008947674505781787, 'subsample': 0.9803260441793026, 'colsample_bytree': 0.15416692570777538, 'reg_alpha': 5.277809569760664, 'reg_lambda': 9.908368521368747, 'gamma': 1.0}. Best is trial 342 with value: 0.8708947894825139.
/home/stepa/.local/lib/python3.6/site-packages/xgboost/sklearn.py:1224: UserWarning: The use of label encoder in XGBClassifier is deprecated and will be removed in a future release. To remove this warning, do the following: 1) Pass option use_label_encoder=False when constructing XGBClassifier object; and 2) Encode your labels (y) as integers starting with 0, i.e. 0, 1, 2, ..., [num_class - 1].
  warnings.warn(label_encoder_deprecation_msg, UserWarning)
[17:57:07] WARNING: ../src/learner.cc:223: No visible GPU is found, setting `gpu_id` to -1
[17:57:07] WARNING: ../src/learner.cc:1115: Starting in XGBoost 1.3.0, the default evaluation metric used with the objective 'binary:logistic' was changed from 'error' to 'logloss'. Explicitly set eval_metric if you'd like to restore the old behavior.
[I 2023-11-06 17:57:42,528] Trial 392 finished with value: 0.8694991767164912 and parameters: {'n_estimators': 9500, 'max_depth': 6, 'min_child_weight': 8, 'learning_rate': 0.010937392940528586, 'subsample': 0.9654404508746064, 'colsample_bytree': 0.12701447012967879, 'reg_alpha': 4.775388069771707, 'reg_lambda': 9.606431425134943, 'gamma': 1.0}. Best is trial 342 with value: 0.8708947894825139.
/home/stepa/.local/lib/python3.6/site-packages/xgboost/sklearn.py:1224: UserWarning: The use of label encoder in XGBClassifier is deprecated and will be removed in a future release. To remove this warning, do the following: 1) Pass option use_label_encoder=False when constructing XGBClassifier object; and 2) Encode your labels (y) as integers starting with 0, i.e. 0, 1, 2, ..., [num_class - 1].
  warnings.warn(label_encoder_deprecation_msg, UserWarning)
[17:57:42] WARNING: ../src/learner.cc:223: No visible GPU is found, setting `gpu_id` to -1
[17:57:42] WARNING: ../src/learner.cc:1115: Starting in XGBoost 1.3.0, the default evaluation metric used with the objective 'binary:logistic' was changed from 'error' to 'logloss'. Explicitly set eval_metric if you'd like to restore the old behavior.
[I 2023-11-06 17:58:17,712] Trial 393 finished with value: 0.8705163756042746 and parameters: {'n_estimators': 9600, 'max_depth': 6, 'min_child_weight': 8, 'learning_rate': 0.015544520942145828, 'subsample': 0.9706723863213609, 'colsample_bytree': 0.17875528501433155, 'reg_alpha': 3.726782926467965, 'reg_lambda': 8.727419275732966, 'gamma': 0.8999999999999999}. Best is trial 342 with value: 0.8708947894825139.
/home/stepa/.local/lib/python3.6/site-packages/xgboost/sklearn.py:1224: UserWarning: The use of label encoder in XGBClassifier is deprecated and will be removed in a future release. To remove this warning, do the following: 1) Pass option use_label_encoder=False when constructing XGBClassifier object; and 2) Encode your labels (y) as integers starting with 0, i.e. 0, 1, 2, ..., [num_class - 1].
  warnings.warn(label_encoder_deprecation_msg, UserWarning)
[17:58:17] WARNING: ../src/learner.cc:223: No visible GPU is found, setting `gpu_id` to -1
[17:58:17] WARNING: ../src/learner.cc:1115: Starting in XGBoost 1.3.0, the default evaluation metric used with the objective 'binary:logistic' was changed from 'error' to 'logloss'. Explicitly set eval_metric if you'd like to restore the old behavior.
[I 2023-11-06 17:58:52,386] Trial 394 finished with value: 0.8707475548078294 and parameters: {'n_estimators': 9300, 'max_depth': 6, 'min_child_weight': 8, 'learning_rate': 0.017696078645096047, 'subsample': 0.9627608391531493, 'colsample_bytree': 0.1421223436643249, 'reg_alpha': 4.5686943666868505, 'reg_lambda': 9.262205377797157, 'gamma': 0.8999999999999999}. Best is trial 342 with value: 0.8708947894825139.
/home/stepa/.local/lib/python3.6/site-packages/xgboost/sklearn.py:1224: UserWarning: The use of label encoder in XGBClassifier is deprecated and will be removed in a future release. To remove this warning, do the following: 1) Pass option use_label_encoder=False when constructing XGBClassifier object; and 2) Encode your labels (y) as integers starting with 0, i.e. 0, 1, 2, ..., [num_class - 1].
  warnings.warn(label_encoder_deprecation_msg, UserWarning)
[17:58:52] WARNING: ../src/learner.cc:223: No visible GPU is found, setting `gpu_id` to -1
[17:58:52] WARNING: ../src/learner.cc:1115: Starting in XGBoost 1.3.0, the default evaluation metric used with the objective 'binary:logistic' was changed from 'error' to 'logloss'. Explicitly set eval_metric if you'd like to restore the old behavior.
[I 2023-11-06 17:59:27,469] Trial 395 finished with value: 0.8704261458277305 and parameters: {'n_estimators': 9200, 'max_depth': 6, 'min_child_weight': 8, 'learning_rate': 0.02128418061549046, 'subsample': 0.9543138804603821, 'colsample_bytree': 0.16423258025880297, 'reg_alpha': 5.019405401378598, 'reg_lambda': 8.965680628776205, 'gamma': 0.8999999999999999}. Best is trial 342 with value: 0.8708947894825139.
/home/stepa/.local/lib/python3.6/site-packages/xgboost/sklearn.py:1224: UserWarning: The use of label encoder in XGBClassifier is deprecated and will be removed in a future release. To remove this warning, do the following: 1) Pass option use_label_encoder=False when constructing XGBClassifier object; and 2) Encode your labels (y) as integers starting with 0, i.e. 0, 1, 2, ..., [num_class - 1].
  warnings.warn(label_encoder_deprecation_msg, UserWarning)
[17:59:27] WARNING: ../src/learner.cc:223: No visible GPU is found, setting `gpu_id` to -1
[17:59:27] WARNING: ../src/learner.cc:1115: Starting in XGBoost 1.3.0, the default evaluation metric used with the objective 'binary:logistic' was changed from 'error' to 'logloss'. Explicitly set eval_metric if you'd like to restore the old behavior.
