[I 2023-11-06 14:42:53,856] Trial 36 finished with value: 0.8679311203364648 and parameters: {'n_estimators': 9300, 'max_depth': 6, 'min_child_weight': 7, 'learning_rate': 0.003277272206840769, 'subsample': 0.8467866224822173, 'colsample_bytree': 0.472923363537863, 'reg_alpha': 5.200376251243634, 'reg_lambda': 0.6960545859014781, 'gamma': 0.7}. Best is trial 15 with value: 0.8701835792342724.
/home/stepa/.local/lib/python3.6/site-packages/xgboost/sklearn.py:1224: UserWarning: The use of label encoder in XGBClassifier is deprecated and will be removed in a future release. To remove this warning, do the following: 1) Pass option use_label_encoder=False when constructing XGBClassifier object; and 2) Encode your labels (y) as integers starting with 0, i.e. 0, 1, 2, ..., [num_class - 1].
  warnings.warn(label_encoder_deprecation_msg, UserWarning)
[14:42:53] WARNING: ../src/learner.cc:223: No visible GPU is found, setting `gpu_id` to -1
[14:42:53] WARNING: ../src/learner.cc:1115: Starting in XGBoost 1.3.0, the default evaluation metric used with the objective 'binary:logistic' was changed from 'error' to 'logloss'. Explicitly set eval_metric if you'd like to restore the old behavior.
[I 2023-11-06 14:43:39,682] Trial 37 finished with value: 0.8356403836208212 and parameters: {'n_estimators': 8900, 'max_depth': 7, 'min_child_weight': 7, 'learning_rate': 0.00011050213762926917, 'subsample': 0.7509499344185276, 'colsample_bytree': 0.24535514822484558, 'reg_alpha': 1.1530707296523715, 'reg_lambda': 2.021453181719254, 'gamma': 0.7999999999999999}. Best is trial 15 with value: 0.8701835792342724.
/home/stepa/.local/lib/python3.6/site-packages/xgboost/sklearn.py:1224: UserWarning: The use of label encoder in XGBClassifier is deprecated and will be removed in a future release. To remove this warning, do the following: 1) Pass option use_label_encoder=False when constructing XGBClassifier object; and 2) Encode your labels (y) as integers starting with 0, i.e. 0, 1, 2, ..., [num_class - 1].
  warnings.warn(label_encoder_deprecation_msg, UserWarning)
[14:43:39] WARNING: ../src/learner.cc:223: No visible GPU is found, setting `gpu_id` to -1
[14:43:39] WARNING: ../src/learner.cc:1115: Starting in XGBoost 1.3.0, the default evaluation metric used with the objective 'binary:logistic' was changed from 'error' to 'logloss'. Explicitly set eval_metric if you'd like to restore the old behavior.
[I 2023-11-06 14:44:10,307] Trial 38 finished with value: 0.8692723821976414 and parameters: {'n_estimators': 9900, 'max_depth': 4, 'min_child_weight': 8, 'learning_rate': 0.011952712015198477, 'subsample': 0.720196748729488, 'colsample_bytree': 0.17193173160528713, 'reg_alpha': 5.94770676870914, 'reg_lambda': 1.1071573065694533, 'gamma': 0.7999999999999999}. Best is trial 15 with value: 0.8701835792342724.
/home/stepa/.local/lib/python3.6/site-packages/xgboost/sklearn.py:1224: UserWarning: The use of label encoder in XGBClassifier is deprecated and will be removed in a future release. To remove this warning, do the following: 1) Pass option use_label_encoder=False when constructing XGBClassifier object; and 2) Encode your labels (y) as integers starting with 0, i.e. 0, 1, 2, ..., [num_class - 1].
  warnings.warn(label_encoder_deprecation_msg, UserWarning)
[14:44:10] WARNING: ../src/learner.cc:223: No visible GPU is found, setting `gpu_id` to -1
[14:44:10] WARNING: ../src/learner.cc:1115: Starting in XGBoost 1.3.0, the default evaluation metric used with the objective 'binary:logistic' was changed from 'error' to 'logloss'. Explicitly set eval_metric if you'd like to restore the old behavior.
[I 2023-11-06 14:44:38,529] Trial 39 finished with value: 0.8680971128282137 and parameters: {'n_estimators': 8400, 'max_depth': 5, 'min_child_weight': 7, 'learning_rate': 0.02641349486956175, 'subsample': 0.7989521492377617, 'colsample_bytree': 0.3112156341740013, 'reg_alpha': 2.198486696380369, 'reg_lambda': 2.43987465022419, 'gamma': 0.7}. Best is trial 15 with value: 0.8701835792342724.
/home/stepa/.local/lib/python3.6/site-packages/xgboost/sklearn.py:1224: UserWarning: The use of label encoder in XGBClassifier is deprecated and will be removed in a future release. To remove this warning, do the following: 1) Pass option use_label_encoder=False when constructing XGBClassifier object; and 2) Encode your labels (y) as integers starting with 0, i.e. 0, 1, 2, ..., [num_class - 1].
  warnings.warn(label_encoder_deprecation_msg, UserWarning)
[14:44:38] WARNING: ../src/learner.cc:223: No visible GPU is found, setting `gpu_id` to -1
[14:44:38] WARNING: ../src/learner.cc:1115: Starting in XGBoost 1.3.0, the default evaluation metric used with the objective 'binary:logistic' was changed from 'error' to 'logloss'. Explicitly set eval_metric if you'd like to restore the old behavior.
[I 2023-11-06 14:45:27,137] Trial 40 finished with value: 0.8568537180489535 and parameters: {'n_estimators': 10100, 'max_depth': 7, 'min_child_weight': 7, 'learning_rate': 0.055859183972537474, 'subsample': 0.741093864836829, 'colsample_bytree': 0.39765242948027635, 'reg_alpha': 2.65633039635664, 'reg_lambda': 0.5065632008206211, 'gamma': 0.8999999999999999}. Best is trial 15 with value: 0.8701835792342724.
/home/stepa/.local/lib/python3.6/site-packages/xgboost/sklearn.py:1224: UserWarning: The use of label encoder in XGBClassifier is deprecated and will be removed in a future release. To remove this warning, do the following: 1) Pass option use_label_encoder=False when constructing XGBClassifier object; and 2) Encode your labels (y) as integers starting with 0, i.e. 0, 1, 2, ..., [num_class - 1].
  warnings.warn(label_encoder_deprecation_msg, UserWarning)
[14:45:27] WARNING: ../src/learner.cc:223: No visible GPU is found, setting `gpu_id` to -1
[14:45:27] WARNING: ../src/learner.cc:1115: Starting in XGBoost 1.3.0, the default evaluation metric used with the objective 'binary:logistic' was changed from 'error' to 'logloss'. Explicitly set eval_metric if you'd like to restore the old behavior.
[I 2023-11-06 14:46:05,370] Trial 41 finished with value: 0.870035005572007 and parameters: {'n_estimators': 9700, 'max_depth': 6, 'min_child_weight': 7, 'learning_rate': 0.00802067325267416, 'subsample': 0.7474206777222127, 'colsample_bytree': 0.28814371330233346, 'reg_alpha': 3.6058218903752106, 'reg_lambda': 3.0598799537643613, 'gamma': 0.7999999999999999}. Best is trial 15 with value: 0.8701835792342724.
/home/stepa/.local/lib/python3.6/site-packages/xgboost/sklearn.py:1224: UserWarning: The use of label encoder in XGBClassifier is deprecated and will be removed in a future release. To remove this warning, do the following: 1) Pass option use_label_encoder=False when constructing XGBClassifier object; and 2) Encode your labels (y) as integers starting with 0, i.e. 0, 1, 2, ..., [num_class - 1].
  warnings.warn(label_encoder_deprecation_msg, UserWarning)
[14:46:05] WARNING: ../src/learner.cc:223: No visible GPU is found, setting `gpu_id` to -1
[14:46:05] WARNING: ../src/learner.cc:1115: Starting in XGBoost 1.3.0, the default evaluation metric used with the objective 'binary:logistic' was changed from 'error' to 'logloss'. Explicitly set eval_metric if you'd like to restore the old behavior.
[I 2023-11-06 14:46:43,083] Trial 42 finished with value: 0.869018777949842 and parameters: {'n_estimators': 9800, 'max_depth': 6, 'min_child_weight': 7, 'learning_rate': 0.00817080818868789, 'subsample': 0.823955816283039, 'colsample_bytree': 0.12900747970473303, 'reg_alpha': 3.600558428390126, 'reg_lambda': 3.019436754600808, 'gamma': 0.7999999999999999}. Best is trial 15 with value: 0.8701835792342724.
/home/stepa/.local/lib/python3.6/site-packages/xgboost/sklearn.py:1224: UserWarning: The use of label encoder in XGBClassifier is deprecated and will be removed in a future release. To remove this warning, do the following: 1) Pass option use_label_encoder=False when constructing XGBClassifier object; and 2) Encode your labels (y) as integers starting with 0, i.e. 0, 1, 2, ..., [num_class - 1].
  warnings.warn(label_encoder_deprecation_msg, UserWarning)
[14:46:43] WARNING: ../src/learner.cc:223: No visible GPU is found, setting `gpu_id` to -1
[14:46:43] WARNING: ../src/learner.cc:1115: Starting in XGBoost 1.3.0, the default evaluation metric used with the objective 'binary:logistic' was changed from 'error' to 'logloss'. Explicitly set eval_metric if you'd like to restore the old behavior.
[I 2023-11-06 14:47:18,752] Trial 43 finished with value: 0.8703820791469004 and parameters: {'n_estimators': 9100, 'max_depth': 6, 'min_child_weight': 7, 'learning_rate': 0.01316697040097585, 'subsample': 0.7770553365412568, 'colsample_bytree': 0.19853898076200502, 'reg_alpha': 4.2784331931553705, 'reg_lambda': 1.6924599255157085, 'gamma': 0.7999999999999999}. Best is trial 43 with value: 0.8703820791469004.
/home/stepa/.local/lib/python3.6/site-packages/xgboost/sklearn.py:1224: UserWarning: The use of label encoder in XGBClassifier is deprecated and will be removed in a future release. To remove this warning, do the following: 1) Pass option use_label_encoder=False when constructing XGBClassifier object; and 2) Encode your labels (y) as integers starting with 0, i.e. 0, 1, 2, ..., [num_class - 1].
  warnings.warn(label_encoder_deprecation_msg, UserWarning)
[14:47:18] WARNING: ../src/learner.cc:223: No visible GPU is found, setting `gpu_id` to -1
[14:47:18] WARNING: ../src/learner.cc:1115: Starting in XGBoost 1.3.0, the default evaluation metric used with the objective 'binary:logistic' was changed from 'error' to 'logloss'. Explicitly set eval_metric if you'd like to restore the old behavior.
[I 2023-11-06 14:47:57,675] Trial 44 finished with value: 0.8697583827287516 and parameters: {'n_estimators': 8600, 'max_depth': 7, 'min_child_weight': 7, 'learning_rate': 0.004932203485065404, 'subsample': 0.7745799899754447, 'colsample_bytree': 0.25127571152727596, 'reg_alpha': 4.387382037822609, 'reg_lambda': 1.6560955110024822, 'gamma': 0.7999999999999999}. Best is trial 43 with value: 0.8703820791469004.
/home/stepa/.local/lib/python3.6/site-packages/xgboost/sklearn.py:1224: UserWarning: The use of label encoder in XGBClassifier is deprecated and will be removed in a future release. To remove this warning, do the following: 1) Pass option use_label_encoder=False when constructing XGBClassifier object; and 2) Encode your labels (y) as integers starting with 0, i.e. 0, 1, 2, ..., [num_class - 1].
  warnings.warn(label_encoder_deprecation_msg, UserWarning)
[14:47:57] WARNING: ../src/learner.cc:223: No visible GPU is found, setting `gpu_id` to -1
[14:47:57] WARNING: ../src/learner.cc:1115: Starting in XGBoost 1.3.0, the default evaluation metric used with the objective 'binary:logistic' was changed from 'error' to 'logloss'. Explicitly set eval_metric if you'd like to restore the old behavior.
[I 2023-11-06 14:48:33,623] Trial 45 finished with value: 0.8648338162328759 and parameters: {'n_estimators': 9000, 'max_depth': 6, 'min_child_weight': 7, 'learning_rate': 0.018115515381471763, 'subsample': 0.7475580468296126, 'colsample_bytree': 0.8116000400915374, 'reg_alpha': 1.4908707589379437, 'reg_lambda': 1.2290499409154778, 'gamma': 0.7}. Best is trial 43 with value: 0.8703820791469004.
/home/stepa/.local/lib/python3.6/site-packages/xgboost/sklearn.py:1224: UserWarning: The use of label encoder in XGBClassifier is deprecated and will be removed in a future release. To remove this warning, do the following: 1) Pass option use_label_encoder=False when constructing XGBClassifier object; and 2) Encode your labels (y) as integers starting with 0, i.e. 0, 1, 2, ..., [num_class - 1].
  warnings.warn(label_encoder_deprecation_msg, UserWarning)
[14:48:33] WARNING: ../src/learner.cc:223: No visible GPU is found, setting `gpu_id` to -1
[14:48:33] WARNING: ../src/learner.cc:1115: Starting in XGBoost 1.3.0, the default evaluation metric used with the objective 'binary:logistic' was changed from 'error' to 'logloss'. Explicitly set eval_metric if you'd like to restore the old behavior.
[I 2023-11-06 14:49:11,076] Trial 46 finished with value: 0.8674785185522945 and parameters: {'n_estimators': 9200, 'max_depth': 6, 'min_child_weight': 7, 'learning_rate': 0.0032100114157508743, 'subsample': 0.8651537050767836, 'colsample_bytree': 0.17831149881888236, 'reg_alpha': 4.828441230321831, 'reg_lambda': 2.0438920130566083, 'gamma': 0.7999999999999999}. Best is trial 43 with value: 0.8703820791469004.
/home/stepa/.local/lib/python3.6/site-packages/xgboost/sklearn.py:1224: UserWarning: The use of label encoder in XGBClassifier is deprecated and will be removed in a future release. To remove this warning, do the following: 1) Pass option use_label_encoder=False when constructing XGBClassifier object; and 2) Encode your labels (y) as integers starting with 0, i.e. 0, 1, 2, ..., [num_class - 1].
  warnings.warn(label_encoder_deprecation_msg, UserWarning)
[14:49:11] WARNING: ../src/learner.cc:223: No visible GPU is found, setting `gpu_id` to -1
[14:49:11] WARNING: ../src/learner.cc:1115: Starting in XGBoost 1.3.0, the default evaluation metric used with the objective 'binary:logistic' was changed from 'error' to 'logloss'. Explicitly set eval_metric if you'd like to restore the old behavior.
[I 2023-11-06 14:49:45,535] Trial 47 finished with value: 0.8679017145703998 and parameters: {'n_estimators': 9600, 'max_depth': 5, 'min_child_weight': 7, 'learning_rate': 0.013974097563831358, 'subsample': 0.7627351311403232, 'colsample_bytree': 0.8897115933943949, 'reg_alpha': 5.4412354735868265, 'reg_lambda': 1.1294876560543057, 'gamma': 0.7999999999999999}. Best is trial 43 with value: 0.8703820791469004.
/home/stepa/.local/lib/python3.6/site-packages/xgboost/sklearn.py:1224: UserWarning: The use of label encoder in XGBClassifier is deprecated and will be removed in a future release. To remove this warning, do the following: 1) Pass option use_label_encoder=False when constructing XGBClassifier object; and 2) Encode your labels (y) as integers starting with 0, i.e. 0, 1, 2, ..., [num_class - 1].
  warnings.warn(label_encoder_deprecation_msg, UserWarning)
[14:49:45] WARNING: ../src/learner.cc:223: No visible GPU is found, setting `gpu_id` to -1
[14:49:45] WARNING: ../src/learner.cc:1115: Starting in XGBoost 1.3.0, the default evaluation metric used with the objective 'binary:logistic' was changed from 'error' to 'logloss'. Explicitly set eval_metric if you'd like to restore the old behavior.
[I 2023-11-06 14:50:17,297] Trial 48 finished with value: 0.8699179980423362 and parameters: {'n_estimators': 9300, 'max_depth': 5, 'min_child_weight': 7, 'learning_rate': 0.00921723538851635, 'subsample': 0.7944755483003715, 'colsample_bytree': 0.1961968704055095, 'reg_alpha': 3.4953426663637086, 'reg_lambda': 0.6666013579787015, 'gamma': 0.8999999999999999}. Best is trial 43 with value: 0.8703820791469004.
/home/stepa/.local/lib/python3.6/site-packages/xgboost/sklearn.py:1224: UserWarning: The use of label encoder in XGBClassifier is deprecated and will be removed in a future release. To remove this warning, do the following: 1) Pass option use_label_encoder=False when constructing XGBClassifier object; and 2) Encode your labels (y) as integers starting with 0, i.e. 0, 1, 2, ..., [num_class - 1].
  warnings.warn(label_encoder_deprecation_msg, UserWarning)
[14:50:17] WARNING: ../src/learner.cc:223: No visible GPU is found, setting `gpu_id` to -1
[14:50:17] WARNING: ../src/learner.cc:1115: Starting in XGBoost 1.3.0, the default evaluation metric used with the objective 'binary:logistic' was changed from 'error' to 'logloss'. Explicitly set eval_metric if you'd like to restore the old behavior.
[I 2023-11-06 14:50:53,513] Trial 49 finished with value: 0.8667445694970467 and parameters: {'n_estimators': 8400, 'max_depth': 7, 'min_child_weight': 7, 'learning_rate': 0.022482336726894352, 'subsample': 0.9641171358570763, 'colsample_bytree': 0.33514730409927307, 'reg_alpha': 2.649679005383798, 'reg_lambda': 1.6095381355199365, 'gamma': 0.7999999999999999}. Best is trial 43 with value: 0.8703820791469004.
/home/stepa/.local/lib/python3.6/site-packages/xgboost/sklearn.py:1224: UserWarning: The use of label encoder in XGBClassifier is deprecated and will be removed in a future release. To remove this warning, do the following: 1) Pass option use_label_encoder=False when constructing XGBClassifier object; and 2) Encode your labels (y) as integers starting with 0, i.e. 0, 1, 2, ..., [num_class - 1].
  warnings.warn(label_encoder_deprecation_msg, UserWarning)
[14:50:53] WARNING: ../src/learner.cc:223: No visible GPU is found, setting `gpu_id` to -1
[14:50:53] WARNING: ../src/learner.cc:1115: Starting in XGBoost 1.3.0, the default evaluation metric used with the objective 'binary:logistic' was changed from 'error' to 'logloss'. Explicitly set eval_metric if you'd like to restore the old behavior.
[I 2023-11-06 14:51:23,533] Trial 50 finished with value: 0.866141439528441 and parameters: {'n_estimators': 7700, 'max_depth': 6, 'min_child_weight': 7, 'learning_rate': 0.006119588275795391, 'subsample': 0.726858402197067, 'colsample_bytree': 0.12278024613235977, 'reg_alpha': 6.956207805926805, 'reg_lambda': 3.234699156271561, 'gamma': 0.7}. Best is trial 43 with value: 0.8703820791469004.
/home/stepa/.local/lib/python3.6/site-packages/xgboost/sklearn.py:1224: UserWarning: The use of label encoder in XGBClassifier is deprecated and will be removed in a future release. To remove this warning, do the following: 1) Pass option use_label_encoder=False when constructing XGBClassifier object; and 2) Encode your labels (y) as integers starting with 0, i.e. 0, 1, 2, ..., [num_class - 1].
  warnings.warn(label_encoder_deprecation_msg, UserWarning)
[14:51:23] WARNING: ../src/learner.cc:223: No visible GPU is found, setting `gpu_id` to -1
[14:51:23] WARNING: ../src/learner.cc:1115: Starting in XGBoost 1.3.0, the default evaluation metric used with the objective 'binary:logistic' was changed from 'error' to 'logloss'. Explicitly set eval_metric if you'd like to restore the old behavior.
[I 2023-11-06 14:51:55,872] Trial 51 finished with value: 0.8698682896272665 and parameters: {'n_estimators': 9400, 'max_depth': 5, 'min_child_weight': 7, 'learning_rate': 0.008592644386450516, 'subsample': 0.791659491608634, 'colsample_bytree': 0.19712866084459432, 'reg_alpha': 3.4436648441426554, 'reg_lambda': 0.42565273773450996, 'gamma': 0.8999999999999999}. Best is trial 43 with value: 0.8703820791469004.
/home/stepa/.local/lib/python3.6/site-packages/xgboost/sklearn.py:1224: UserWarning: The use of label encoder in XGBClassifier is deprecated and will be removed in a future release. To remove this warning, do the following: 1) Pass option use_label_encoder=False when constructing XGBClassifier object; and 2) Encode your labels (y) as integers starting with 0, i.e. 0, 1, 2, ..., [num_class - 1].
  warnings.warn(label_encoder_deprecation_msg, UserWarning)
[14:51:55] WARNING: ../src/learner.cc:223: No visible GPU is found, setting `gpu_id` to -1
[14:51:55] WARNING: ../src/learner.cc:1115: Starting in XGBoost 1.3.0, the default evaluation metric used with the objective 'binary:logistic' was changed from 'error' to 'logloss'. Explicitly set eval_metric if you'd like to restore the old behavior.
[I 2023-11-06 14:52:28,140] Trial 52 finished with value: 0.8673217131141406 and parameters: {'n_estimators': 9100, 'max_depth': 5, 'min_child_weight': 7, 'learning_rate': 0.003855673415310364, 'subsample': 0.8126260869111408, 'colsample_bytree': 0.2699738494496037, 'reg_alpha': 4.251573128033659, 'reg_lambda': 0.5859584321953575, 'gamma': 0.8999999999999999}. Best is trial 43 with value: 0.8703820791469004.
/home/stepa/.local/lib/python3.6/site-packages/xgboost/sklearn.py:1224: UserWarning: The use of label encoder in XGBClassifier is deprecated and will be removed in a future release. To remove this warning, do the following: 1) Pass option use_label_encoder=False when constructing XGBClassifier object; and 2) Encode your labels (y) as integers starting with 0, i.e. 0, 1, 2, ..., [num_class - 1].
  warnings.warn(label_encoder_deprecation_msg, UserWarning)
[14:52:28] WARNING: ../src/learner.cc:223: No visible GPU is found, setting `gpu_id` to -1
[14:52:28] WARNING: ../src/learner.cc:1115: Starting in XGBoost 1.3.0, the default evaluation metric used with the objective 'binary:logistic' was changed from 'error' to 'logloss'. Explicitly set eval_metric if you'd like to restore the old behavior.
[I 2023-11-06 14:52:58,249] Trial 53 finished with value: 0.8691781354583549 and parameters: {'n_estimators': 10000, 'max_depth': 4, 'min_child_weight': 7, 'learning_rate': 0.01083350396591949, 'subsample': 0.7706686214574177, 'colsample_bytree': 0.19170917832303985, 'reg_alpha': 1.9411689564572778, 'reg_lambda': 1.0297546198013614, 'gamma': 0.8999999999999999}. Best is trial 43 with value: 0.8703820791469004.
/home/stepa/.local/lib/python3.6/site-packages/xgboost/sklearn.py:1224: UserWarning: The use of label encoder in XGBClassifier is deprecated and will be removed in a future release. To remove this warning, do the following: 1) Pass option use_label_encoder=False when constructing XGBClassifier object; and 2) Encode your labels (y) as integers starting with 0, i.e. 0, 1, 2, ..., [num_class - 1].
  warnings.warn(label_encoder_deprecation_msg, UserWarning)
[14:52:58] WARNING: ../src/learner.cc:223: No visible GPU is found, setting `gpu_id` to -1
[14:52:58] WARNING: ../src/learner.cc:1115: Starting in XGBoost 1.3.0, the default evaluation metric used with the objective 'binary:logistic' was changed from 'error' to 'logloss'. Explicitly set eval_metric if you'd like to restore the old behavior.
