[I 2023-11-06 16:48:57,265] Trial 270 finished with value: 0.8704051217242234 and parameters: {'n_estimators': 8200, 'max_depth': 5, 'min_child_weight': 8, 'learning_rate': 0.0158784464512779, 'subsample': 0.9785883653609572, 'colsample_bytree': 0.16597355547933063, 'reg_alpha': 4.339284439431093, 'reg_lambda': 6.054687157755446, 'gamma': 0.8999999999999999}. Best is trial 247 with value: 0.8708422392161907.
/home/stepa/.local/lib/python3.6/site-packages/xgboost/sklearn.py:1224: UserWarning: The use of label encoder in XGBClassifier is deprecated and will be removed in a future release. To remove this warning, do the following: 1) Pass option use_label_encoder=False when constructing XGBClassifier object; and 2) Encode your labels (y) as integers starting with 0, i.e. 0, 1, 2, ..., [num_class - 1].
  warnings.warn(label_encoder_deprecation_msg, UserWarning)
[16:48:57] WARNING: ../src/learner.cc:223: No visible GPU is found, setting `gpu_id` to -1
[16:48:57] WARNING: ../src/learner.cc:1115: Starting in XGBoost 1.3.0, the default evaluation metric used with the objective 'binary:logistic' was changed from 'error' to 'logloss'. Explicitly set eval_metric if you'd like to restore the old behavior.
[I 2023-11-06 16:49:36,881] Trial 271 finished with value: 0.8698181695234779 and parameters: {'n_estimators': 10600, 'max_depth': 6, 'min_child_weight': 8, 'learning_rate': 0.02213077716325365, 'subsample': 0.9702099363663647, 'colsample_bytree': 0.1368465910086298, 'reg_alpha': 4.98365262621198, 'reg_lambda': 6.747158010024021, 'gamma': 0.8999999999999999}. Best is trial 247 with value: 0.8708422392161907.
/home/stepa/.local/lib/python3.6/site-packages/xgboost/sklearn.py:1224: UserWarning: The use of label encoder in XGBClassifier is deprecated and will be removed in a future release. To remove this warning, do the following: 1) Pass option use_label_encoder=False when constructing XGBClassifier object; and 2) Encode your labels (y) as integers starting with 0, i.e. 0, 1, 2, ..., [num_class - 1].
  warnings.warn(label_encoder_deprecation_msg, UserWarning)
[16:49:36] WARNING: ../src/learner.cc:223: No visible GPU is found, setting `gpu_id` to -1
[16:49:36] WARNING: ../src/learner.cc:1115: Starting in XGBoost 1.3.0, the default evaluation metric used with the objective 'binary:logistic' was changed from 'error' to 'logloss'. Explicitly set eval_metric if you'd like to restore the old behavior.
[I 2023-11-06 16:50:08,987] Trial 272 finished with value: 0.8706676212462348 and parameters: {'n_estimators': 8700, 'max_depth': 6, 'min_child_weight': 8, 'learning_rate': 0.017524110901924232, 'subsample': 0.9637588434001749, 'colsample_bytree': 0.15809597779029425, 'reg_alpha': 4.660426253671052, 'reg_lambda': 6.266860961059532, 'gamma': 0.8999999999999999}. Best is trial 247 with value: 0.8708422392161907.
/home/stepa/.local/lib/python3.6/site-packages/xgboost/sklearn.py:1224: UserWarning: The use of label encoder in XGBClassifier is deprecated and will be removed in a future release. To remove this warning, do the following: 1) Pass option use_label_encoder=False when constructing XGBClassifier object; and 2) Encode your labels (y) as integers starting with 0, i.e. 0, 1, 2, ..., [num_class - 1].
  warnings.warn(label_encoder_deprecation_msg, UserWarning)
[16:50:09] WARNING: ../src/learner.cc:223: No visible GPU is found, setting `gpu_id` to -1
[16:50:09] WARNING: ../src/learner.cc:1115: Starting in XGBoost 1.3.0, the default evaluation metric used with the objective 'binary:logistic' was changed from 'error' to 'logloss'. Explicitly set eval_metric if you'd like to restore the old behavior.
[I 2023-11-06 16:50:41,397] Trial 273 finished with value: 0.8708834900261233 and parameters: {'n_estimators': 8700, 'max_depth': 6, 'min_child_weight': 8, 'learning_rate': 0.014922461888643065, 'subsample': 0.9626112839524971, 'colsample_bytree': 0.17324176043278858, 'reg_alpha': 4.679325933864986, 'reg_lambda': 6.4351423814347735, 'gamma': 0.8999999999999999}. Best is trial 273 with value: 0.8708834900261233.
/home/stepa/.local/lib/python3.6/site-packages/xgboost/sklearn.py:1224: UserWarning: The use of label encoder in XGBClassifier is deprecated and will be removed in a future release. To remove this warning, do the following: 1) Pass option use_label_encoder=False when constructing XGBClassifier object; and 2) Encode your labels (y) as integers starting with 0, i.e. 0, 1, 2, ..., [num_class - 1].
  warnings.warn(label_encoder_deprecation_msg, UserWarning)
[16:50:41] WARNING: ../src/learner.cc:223: No visible GPU is found, setting `gpu_id` to -1
[16:50:41] WARNING: ../src/learner.cc:1115: Starting in XGBoost 1.3.0, the default evaluation metric used with the objective 'binary:logistic' was changed from 'error' to 'logloss'. Explicitly set eval_metric if you'd like to restore the old behavior.
[I 2023-11-06 16:51:13,393] Trial 274 finished with value: 0.8705163156496069 and parameters: {'n_estimators': 8600, 'max_depth': 6, 'min_child_weight': 8, 'learning_rate': 0.01634900714865798, 'subsample': 0.9627639845954461, 'colsample_bytree': 0.17757281760710916, 'reg_alpha': 4.675298945533936, 'reg_lambda': 6.514984996970062, 'gamma': 0.8999999999999999}. Best is trial 273 with value: 0.8708834900261233.
/home/stepa/.local/lib/python3.6/site-packages/xgboost/sklearn.py:1224: UserWarning: The use of label encoder in XGBClassifier is deprecated and will be removed in a future release. To remove this warning, do the following: 1) Pass option use_label_encoder=False when constructing XGBClassifier object; and 2) Encode your labels (y) as integers starting with 0, i.e. 0, 1, 2, ..., [num_class - 1].
  warnings.warn(label_encoder_deprecation_msg, UserWarning)
[16:51:13] WARNING: ../src/learner.cc:223: No visible GPU is found, setting `gpu_id` to -1
[16:51:13] WARNING: ../src/learner.cc:1115: Starting in XGBoost 1.3.0, the default evaluation metric used with the objective 'binary:logistic' was changed from 'error' to 'logloss'. Explicitly set eval_metric if you'd like to restore the old behavior.
[I 2023-11-06 16:51:45,861] Trial 275 finished with value: 0.8705225929033251 and parameters: {'n_estimators': 8600, 'max_depth': 6, 'min_child_weight': 8, 'learning_rate': 0.012456925729994099, 'subsample': 0.9667186316029841, 'colsample_bytree': 0.17104787017465525, 'reg_alpha': 4.689505724190615, 'reg_lambda': 6.332447082749672, 'gamma': 0.8999999999999999}. Best is trial 273 with value: 0.8708834900261233.
/home/stepa/.local/lib/python3.6/site-packages/xgboost/sklearn.py:1224: UserWarning: The use of label encoder in XGBClassifier is deprecated and will be removed in a future release. To remove this warning, do the following: 1) Pass option use_label_encoder=False when constructing XGBClassifier object; and 2) Encode your labels (y) as integers starting with 0, i.e. 0, 1, 2, ..., [num_class - 1].
  warnings.warn(label_encoder_deprecation_msg, UserWarning)
[16:51:45] WARNING: ../src/learner.cc:223: No visible GPU is found, setting `gpu_id` to -1
[16:51:45] WARNING: ../src/learner.cc:1115: Starting in XGBoost 1.3.0, the default evaluation metric used with the objective 'binary:logistic' was changed from 'error' to 'logloss'. Explicitly set eval_metric if you'd like to restore the old behavior.
[I 2023-11-06 16:52:26,203] Trial 276 finished with value: 0.8692863236563928 and parameters: {'n_estimators': 8600, 'max_depth': 8, 'min_child_weight': 8, 'learning_rate': 0.020596364585267278, 'subsample': 0.9848272329996582, 'colsample_bytree': 0.15745070381900603, 'reg_alpha': 4.987806689144418, 'reg_lambda': 6.912179506690687, 'gamma': 0.8999999999999999}. Best is trial 273 with value: 0.8708834900261233.
/home/stepa/.local/lib/python3.6/site-packages/xgboost/sklearn.py:1224: UserWarning: The use of label encoder in XGBClassifier is deprecated and will be removed in a future release. To remove this warning, do the following: 1) Pass option use_label_encoder=False when constructing XGBClassifier object; and 2) Encode your labels (y) as integers starting with 0, i.e. 0, 1, 2, ..., [num_class - 1].
  warnings.warn(label_encoder_deprecation_msg, UserWarning)
[16:52:26] WARNING: ../src/learner.cc:223: No visible GPU is found, setting `gpu_id` to -1
[16:52:26] WARNING: ../src/learner.cc:1115: Starting in XGBoost 1.3.0, the default evaluation metric used with the objective 'binary:logistic' was changed from 'error' to 'logloss'. Explicitly set eval_metric if you'd like to restore the old behavior.
[I 2023-11-06 16:52:58,642] Trial 277 finished with value: 0.8691317944971264 and parameters: {'n_estimators': 8700, 'max_depth': 6, 'min_child_weight': 8, 'learning_rate': 0.033793081766063035, 'subsample': 0.9580887596087939, 'colsample_bytree': 0.1350880861031123, 'reg_alpha': 4.530000058668694, 'reg_lambda': 6.633461247388289, 'gamma': 0.8999999999999999}. Best is trial 273 with value: 0.8708834900261233.
/home/stepa/.local/lib/python3.6/site-packages/xgboost/sklearn.py:1224: UserWarning: The use of label encoder in XGBClassifier is deprecated and will be removed in a future release. To remove this warning, do the following: 1) Pass option use_label_encoder=False when constructing XGBClassifier object; and 2) Encode your labels (y) as integers starting with 0, i.e. 0, 1, 2, ..., [num_class - 1].
  warnings.warn(label_encoder_deprecation_msg, UserWarning)
[16:52:58] WARNING: ../src/learner.cc:223: No visible GPU is found, setting `gpu_id` to -1
[16:52:58] WARNING: ../src/learner.cc:1115: Starting in XGBoost 1.3.0, the default evaluation metric used with the objective 'binary:logistic' was changed from 'error' to 'logloss'. Explicitly set eval_metric if you'd like to restore the old behavior.
[I 2023-11-06 16:53:30,053] Trial 278 finished with value: 0.8697875446791677 and parameters: {'n_estimators': 8500, 'max_depth': 6, 'min_child_weight': 8, 'learning_rate': 0.014437030994076045, 'subsample': 0.9714573206256133, 'colsample_bytree': 0.11347652994505339, 'reg_alpha': 4.788258069145193, 'reg_lambda': 7.256249691318934, 'gamma': 0.8999999999999999}. Best is trial 273 with value: 0.8708834900261233.
/home/stepa/.local/lib/python3.6/site-packages/xgboost/sklearn.py:1224: UserWarning: The use of label encoder in XGBClassifier is deprecated and will be removed in a future release. To remove this warning, do the following: 1) Pass option use_label_encoder=False when constructing XGBClassifier object; and 2) Encode your labels (y) as integers starting with 0, i.e. 0, 1, 2, ..., [num_class - 1].
  warnings.warn(label_encoder_deprecation_msg, UserWarning)
[16:53:30] WARNING: ../src/learner.cc:223: No visible GPU is found, setting `gpu_id` to -1
[16:53:30] WARNING: ../src/learner.cc:1115: Starting in XGBoost 1.3.0, the default evaluation metric used with the objective 'binary:logistic' was changed from 'error' to 'logloss'. Explicitly set eval_metric if you'd like to restore the old behavior.
[I 2023-11-06 16:54:23,515] Trial 279 finished with value: 0.8678531872622854 and parameters: {'n_estimators': 8700, 'max_depth': 10, 'min_child_weight': 8, 'learning_rate': 0.01715209847458519, 'subsample': 0.977231046988204, 'colsample_bytree': 0.18042067712814733, 'reg_alpha': 4.457901800581302, 'reg_lambda': 6.522304878228734, 'gamma': 0.8999999999999999}. Best is trial 273 with value: 0.8708834900261233.
/home/stepa/.local/lib/python3.6/site-packages/xgboost/sklearn.py:1224: UserWarning: The use of label encoder in XGBClassifier is deprecated and will be removed in a future release. To remove this warning, do the following: 1) Pass option use_label_encoder=False when constructing XGBClassifier object; and 2) Encode your labels (y) as integers starting with 0, i.e. 0, 1, 2, ..., [num_class - 1].
  warnings.warn(label_encoder_deprecation_msg, UserWarning)
[16:54:23] WARNING: ../src/learner.cc:223: No visible GPU is found, setting `gpu_id` to -1
[16:54:23] WARNING: ../src/learner.cc:1115: Starting in XGBoost 1.3.0, the default evaluation metric used with the objective 'binary:logistic' was changed from 'error' to 'logloss'. Explicitly set eval_metric if you'd like to restore the old behavior.
[I 2023-11-06 16:54:55,752] Trial 280 finished with value: 0.8706687843667901 and parameters: {'n_estimators': 8700, 'max_depth': 6, 'min_child_weight': 8, 'learning_rate': 0.019576514492755645, 'subsample': 0.9631201546626096, 'colsample_bytree': 0.15281636639913396, 'reg_alpha': 4.265498934694844, 'reg_lambda': 6.237986993502033, 'gamma': 0.8999999999999999}. Best is trial 273 with value: 0.8708834900261233.
/home/stepa/.local/lib/python3.6/site-packages/xgboost/sklearn.py:1224: UserWarning: The use of label encoder in XGBClassifier is deprecated and will be removed in a future release. To remove this warning, do the following: 1) Pass option use_label_encoder=False when constructing XGBClassifier object; and 2) Encode your labels (y) as integers starting with 0, i.e. 0, 1, 2, ..., [num_class - 1].
  warnings.warn(label_encoder_deprecation_msg, UserWarning)
[16:54:55] WARNING: ../src/learner.cc:223: No visible GPU is found, setting `gpu_id` to -1
[16:54:55] WARNING: ../src/learner.cc:1115: Starting in XGBoost 1.3.0, the default evaluation metric used with the objective 'binary:logistic' was changed from 'error' to 'logloss'. Explicitly set eval_metric if you'd like to restore the old behavior.
[I 2023-11-06 16:55:25,944] Trial 281 finished with value: 0.8703297487143592 and parameters: {'n_estimators': 8300, 'max_depth': 6, 'min_child_weight': 8, 'learning_rate': 0.025915965110040233, 'subsample': 0.9544710710339568, 'colsample_bytree': 0.12443469295712462, 'reg_alpha': 4.271901196275517, 'reg_lambda': 6.149502500433813, 'gamma': 0.8999999999999999}. Best is trial 273 with value: 0.8708834900261233.
/home/stepa/.local/lib/python3.6/site-packages/xgboost/sklearn.py:1224: UserWarning: The use of label encoder in XGBClassifier is deprecated and will be removed in a future release. To remove this warning, do the following: 1) Pass option use_label_encoder=False when constructing XGBClassifier object; and 2) Encode your labels (y) as integers starting with 0, i.e. 0, 1, 2, ..., [num_class - 1].
  warnings.warn(label_encoder_deprecation_msg, UserWarning)
[16:55:25] WARNING: ../src/learner.cc:223: No visible GPU is found, setting `gpu_id` to -1
[16:55:26] WARNING: ../src/learner.cc:1115: Starting in XGBoost 1.3.0, the default evaluation metric used with the objective 'binary:logistic' was changed from 'error' to 'logloss'. Explicitly set eval_metric if you'd like to restore the old behavior.
[I 2023-11-06 16:55:56,920] Trial 282 finished with value: 0.8657634932966105 and parameters: {'n_estimators': 8200, 'max_depth': 6, 'min_child_weight': 8, 'learning_rate': 0.07027721131167008, 'subsample': 0.9735188056144907, 'colsample_bytree': 0.14484567754666966, 'reg_alpha': 4.025046141538907, 'reg_lambda': 6.78070038193048, 'gamma': 0.8999999999999999}. Best is trial 273 with value: 0.8708834900261233.
/home/stepa/.local/lib/python3.6/site-packages/xgboost/sklearn.py:1224: UserWarning: The use of label encoder in XGBClassifier is deprecated and will be removed in a future release. To remove this warning, do the following: 1) Pass option use_label_encoder=False when constructing XGBClassifier object; and 2) Encode your labels (y) as integers starting with 0, i.e. 0, 1, 2, ..., [num_class - 1].
  warnings.warn(label_encoder_deprecation_msg, UserWarning)
[16:55:56] WARNING: ../src/learner.cc:223: No visible GPU is found, setting `gpu_id` to -1
[16:55:57] WARNING: ../src/learner.cc:1115: Starting in XGBoost 1.3.0, the default evaluation metric used with the objective 'binary:logistic' was changed from 'error' to 'logloss'. Explicitly set eval_metric if you'd like to restore the old behavior.
[I 2023-11-06 16:56:32,597] Trial 283 finished with value: 0.8587818561682964 and parameters: {'n_estimators': 8500, 'max_depth': 6, 'min_child_weight': 8, 'learning_rate': 0.0011149077543363278, 'subsample': 0.949805470125605, 'colsample_bytree': 0.1802947862848367, 'reg_alpha': 3.597339908228659, 'reg_lambda': 6.377266378896976, 'gamma': 0.8999999999999999}. Best is trial 273 with value: 0.8708834900261233.
/home/stepa/.local/lib/python3.6/site-packages/xgboost/sklearn.py:1224: UserWarning: The use of label encoder in XGBClassifier is deprecated and will be removed in a future release. To remove this warning, do the following: 1) Pass option use_label_encoder=False when constructing XGBClassifier object; and 2) Encode your labels (y) as integers starting with 0, i.e. 0, 1, 2, ..., [num_class - 1].
  warnings.warn(label_encoder_deprecation_msg, UserWarning)
[16:56:32] WARNING: ../src/learner.cc:223: No visible GPU is found, setting `gpu_id` to -1
[16:56:32] WARNING: ../src/learner.cc:1115: Starting in XGBoost 1.3.0, the default evaluation metric used with the objective 'binary:logistic' was changed from 'error' to 'logloss'. Explicitly set eval_metric if you'd like to restore the old behavior.
[I 2023-11-06 16:57:03,952] Trial 284 finished with value: 0.8681448567286687 and parameters: {'n_estimators': 8200, 'max_depth': 6, 'min_child_weight': 8, 'learning_rate': 0.022406493275604834, 'subsample': 0.9665279190498529, 'colsample_bytree': 0.3533053687672518, 'reg_alpha': 4.285099158546985, 'reg_lambda': 7.037968172409924, 'gamma': 0.8999999999999999}. Best is trial 273 with value: 0.8708834900261233.
/home/stepa/.local/lib/python3.6/site-packages/xgboost/sklearn.py:1224: UserWarning: The use of label encoder in XGBClassifier is deprecated and will be removed in a future release. To remove this warning, do the following: 1) Pass option use_label_encoder=False when constructing XGBClassifier object; and 2) Encode your labels (y) as integers starting with 0, i.e. 0, 1, 2, ..., [num_class - 1].
  warnings.warn(label_encoder_deprecation_msg, UserWarning)
[16:57:04] WARNING: ../src/learner.cc:223: No visible GPU is found, setting `gpu_id` to -1
[16:57:04] WARNING: ../src/learner.cc:1115: Starting in XGBoost 1.3.0, the default evaluation metric used with the objective 'binary:logistic' was changed from 'error' to 'logloss'. Explicitly set eval_metric if you'd like to restore the old behavior.
[I 2023-11-06 16:57:35,419] Trial 285 finished with value: 0.8705913129435529 and parameters: {'n_estimators': 8400, 'max_depth': 6, 'min_child_weight': 8, 'learning_rate': 0.01949591901847303, 'subsample': 0.9588445063294073, 'colsample_bytree': 0.15686030378634339, 'reg_alpha': 4.169812283652329, 'reg_lambda': 6.0767344865436295, 'gamma': 0.8999999999999999}. Best is trial 273 with value: 0.8708834900261233.
/home/stepa/.local/lib/python3.6/site-packages/xgboost/sklearn.py:1224: UserWarning: The use of label encoder in XGBClassifier is deprecated and will be removed in a future release. To remove this warning, do the following: 1) Pass option use_label_encoder=False when constructing XGBClassifier object; and 2) Encode your labels (y) as integers starting with 0, i.e. 0, 1, 2, ..., [num_class - 1].
  warnings.warn(label_encoder_deprecation_msg, UserWarning)
[16:57:35] WARNING: ../src/learner.cc:223: No visible GPU is found, setting `gpu_id` to -1
[16:57:35] WARNING: ../src/learner.cc:1115: Starting in XGBoost 1.3.0, the default evaluation metric used with the objective 'binary:logistic' was changed from 'error' to 'logloss'. Explicitly set eval_metric if you'd like to restore the old behavior.
[I 2023-11-06 16:58:07,549] Trial 286 finished with value: 0.8697354740501868 and parameters: {'n_estimators': 8700, 'max_depth': 6, 'min_child_weight': 8, 'learning_rate': 0.013379160646006864, 'subsample': 0.9704157894925326, 'colsample_bytree': 0.10061074048766519, 'reg_alpha': 4.440822299745753, 'reg_lambda': 6.467775979189743, 'gamma': 0.8999999999999999}. Best is trial 273 with value: 0.8708834900261233.
/home/stepa/.local/lib/python3.6/site-packages/xgboost/sklearn.py:1224: UserWarning: The use of label encoder in XGBClassifier is deprecated and will be removed in a future release. To remove this warning, do the following: 1) Pass option use_label_encoder=False when constructing XGBClassifier object; and 2) Encode your labels (y) as integers starting with 0, i.e. 0, 1, 2, ..., [num_class - 1].
  warnings.warn(label_encoder_deprecation_msg, UserWarning)
[16:58:07] WARNING: ../src/learner.cc:223: No visible GPU is found, setting `gpu_id` to -1
[16:58:07] WARNING: ../src/learner.cc:1115: Starting in XGBoost 1.3.0, the default evaluation metric used with the objective 'binary:logistic' was changed from 'error' to 'logloss'. Explicitly set eval_metric if you'd like to restore the old behavior.
[I 2023-11-06 16:58:38,750] Trial 287 finished with value: 0.8706969810470544 and parameters: {'n_estimators': 8500, 'max_depth': 6, 'min_child_weight': 8, 'learning_rate': 0.015125963890475384, 'subsample': 0.9885344623292729, 'colsample_bytree': 0.13129709412205104, 'reg_alpha': 3.5833538693928935, 'reg_lambda': 6.649247725483988, 'gamma': 0.8999999999999999}. Best is trial 273 with value: 0.8708834900261233.
/home/stepa/.local/lib/python3.6/site-packages/xgboost/sklearn.py:1224: UserWarning: The use of label encoder in XGBClassifier is deprecated and will be removed in a future release. To remove this warning, do the following: 1) Pass option use_label_encoder=False when constructing XGBClassifier object; and 2) Encode your labels (y) as integers starting with 0, i.e. 0, 1, 2, ..., [num_class - 1].
  warnings.warn(label_encoder_deprecation_msg, UserWarning)
[16:58:38] WARNING: ../src/learner.cc:223: No visible GPU is found, setting `gpu_id` to -1
[16:58:38] WARNING: ../src/learner.cc:1115: Starting in XGBoost 1.3.0, the default evaluation metric used with the objective 'binary:logistic' was changed from 'error' to 'logloss'. Explicitly set eval_metric if you'd like to restore the old behavior.
