[I 2023-11-06 16:59:09,834] Trial 288 finished with value: 0.8698998018006601 and parameters: {'n_estimators': 8500, 'max_depth': 6, 'min_child_weight': 8, 'learning_rate': 0.014724762837065775, 'subsample': 0.9914302556710258, 'colsample_bytree': 0.12372706390610252, 'reg_alpha': 3.5540108254664244, 'reg_lambda': 6.826675959711642, 'gamma': 0.8999999999999999}. Best is trial 273 with value: 0.8708834900261233.
/home/stepa/.local/lib/python3.6/site-packages/xgboost/sklearn.py:1224: UserWarning: The use of label encoder in XGBClassifier is deprecated and will be removed in a future release. To remove this warning, do the following: 1) Pass option use_label_encoder=False when constructing XGBClassifier object; and 2) Encode your labels (y) as integers starting with 0, i.e. 0, 1, 2, ..., [num_class - 1].
  warnings.warn(label_encoder_deprecation_msg, UserWarning)
[16:59:09] WARNING: ../src/learner.cc:223: No visible GPU is found, setting `gpu_id` to -1
[16:59:09] WARNING: ../src/learner.cc:1115: Starting in XGBoost 1.3.0, the default evaluation metric used with the objective 'binary:logistic' was changed from 'error' to 'logloss'. Explicitly set eval_metric if you'd like to restore the old behavior.
[I 2023-11-06 16:59:40,835] Trial 289 finished with value: 0.8704844017799389 and parameters: {'n_estimators': 8300, 'max_depth': 6, 'min_child_weight': 8, 'learning_rate': 0.012140749779199857, 'subsample': 0.9908731166203762, 'colsample_bytree': 0.1407005142606249, 'reg_alpha': 3.5743383260474744, 'reg_lambda': 6.6824389830938, 'gamma': 0.8999999999999999}. Best is trial 273 with value: 0.8708834900261233.
/home/stepa/.local/lib/python3.6/site-packages/xgboost/sklearn.py:1224: UserWarning: The use of label encoder in XGBClassifier is deprecated and will be removed in a future release. To remove this warning, do the following: 1) Pass option use_label_encoder=False when constructing XGBClassifier object; and 2) Encode your labels (y) as integers starting with 0, i.e. 0, 1, 2, ..., [num_class - 1].
  warnings.warn(label_encoder_deprecation_msg, UserWarning)
[16:59:40] WARNING: ../src/learner.cc:223: No visible GPU is found, setting `gpu_id` to -1
[16:59:40] WARNING: ../src/learner.cc:1115: Starting in XGBoost 1.3.0, the default evaluation metric used with the objective 'binary:logistic' was changed from 'error' to 'logloss'. Explicitly set eval_metric if you'd like to restore the old behavior.
[I 2023-11-06 17:00:25,785] Trial 290 finished with value: 0.8695254308655191 and parameters: {'n_estimators': 8500, 'max_depth': 9, 'min_child_weight': 8, 'learning_rate': 0.015198822077471615, 'subsample': 0.9838477024300434, 'colsample_bytree': 0.17143821369841408, 'reg_alpha': 3.754537579928672, 'reg_lambda': 7.064684947435353, 'gamma': 0.8999999999999999}. Best is trial 273 with value: 0.8708834900261233.
/home/stepa/.local/lib/python3.6/site-packages/xgboost/sklearn.py:1224: UserWarning: The use of label encoder in XGBClassifier is deprecated and will be removed in a future release. To remove this warning, do the following: 1) Pass option use_label_encoder=False when constructing XGBClassifier object; and 2) Encode your labels (y) as integers starting with 0, i.e. 0, 1, 2, ..., [num_class - 1].
  warnings.warn(label_encoder_deprecation_msg, UserWarning)
[17:00:25] WARNING: ../src/learner.cc:223: No visible GPU is found, setting `gpu_id` to -1
[17:00:25] WARNING: ../src/learner.cc:1115: Starting in XGBoost 1.3.0, the default evaluation metric used with the objective 'binary:logistic' was changed from 'error' to 'logloss'. Explicitly set eval_metric if you'd like to restore the old behavior.
[I 2023-11-06 17:00:56,086] Trial 291 finished with value: 0.8700336386055812 and parameters: {'n_estimators': 8300, 'max_depth': 6, 'min_child_weight': 8, 'learning_rate': 0.016035413509779144, 'subsample': 0.9840747431405138, 'colsample_bytree': 0.12145712628507861, 'reg_alpha': 3.96182266992846, 'reg_lambda': 6.6296246683404965, 'gamma': 0.8999999999999999}. Best is trial 273 with value: 0.8708834900261233.
/home/stepa/.local/lib/python3.6/site-packages/xgboost/sklearn.py:1224: UserWarning: The use of label encoder in XGBClassifier is deprecated and will be removed in a future release. To remove this warning, do the following: 1) Pass option use_label_encoder=False when constructing XGBClassifier object; and 2) Encode your labels (y) as integers starting with 0, i.e. 0, 1, 2, ..., [num_class - 1].
  warnings.warn(label_encoder_deprecation_msg, UserWarning)
[17:00:56] WARNING: ../src/learner.cc:223: No visible GPU is found, setting `gpu_id` to -1
[17:00:56] WARNING: ../src/learner.cc:1115: Starting in XGBoost 1.3.0, the default evaluation metric used with the objective 'binary:logistic' was changed from 'error' to 'logloss'. Explicitly set eval_metric if you'd like to restore the old behavior.
[I 2023-11-06 17:01:27,327] Trial 292 finished with value: 0.8704043922757652 and parameters: {'n_estimators': 8400, 'max_depth': 6, 'min_child_weight': 8, 'learning_rate': 0.013004706295280475, 'subsample': 0.97965873285634, 'colsample_bytree': 0.19305558651819654, 'reg_alpha': 3.9900790965110953, 'reg_lambda': 6.395959066731851, 'gamma': 0.8999999999999999}. Best is trial 273 with value: 0.8708834900261233.
/home/stepa/.local/lib/python3.6/site-packages/xgboost/sklearn.py:1224: UserWarning: The use of label encoder in XGBClassifier is deprecated and will be removed in a future release. To remove this warning, do the following: 1) Pass option use_label_encoder=False when constructing XGBClassifier object; and 2) Encode your labels (y) as integers starting with 0, i.e. 0, 1, 2, ..., [num_class - 1].
  warnings.warn(label_encoder_deprecation_msg, UserWarning)
[17:01:27] WARNING: ../src/learner.cc:223: No visible GPU is found, setting `gpu_id` to -1
[17:01:27] WARNING: ../src/learner.cc:1115: Starting in XGBoost 1.3.0, the default evaluation metric used with the objective 'binary:logistic' was changed from 'error' to 'logloss'. Explicitly set eval_metric if you'd like to restore the old behavior.
[I 2023-11-06 17:02:02,287] Trial 293 finished with value: 0.8702956245159386 and parameters: {'n_estimators': 8400, 'max_depth': 7, 'min_child_weight': 8, 'learning_rate': 0.017779320361327778, 'subsample': 0.9759224422913901, 'colsample_bytree': 0.14139905872526337, 'reg_alpha': 3.4045183506369217, 'reg_lambda': 6.62994103927179, 'gamma': 0.8999999999999999}. Best is trial 273 with value: 0.8708834900261233.
/home/stepa/.local/lib/python3.6/site-packages/xgboost/sklearn.py:1224: UserWarning: The use of label encoder in XGBClassifier is deprecated and will be removed in a future release. To remove this warning, do the following: 1) Pass option use_label_encoder=False when constructing XGBClassifier object; and 2) Encode your labels (y) as integers starting with 0, i.e. 0, 1, 2, ..., [num_class - 1].
  warnings.warn(label_encoder_deprecation_msg, UserWarning)
[17:02:02] WARNING: ../src/learner.cc:223: No visible GPU is found, setting `gpu_id` to -1
[17:02:02] WARNING: ../src/learner.cc:1115: Starting in XGBoost 1.3.0, the default evaluation metric used with the objective 'binary:logistic' was changed from 'error' to 'logloss'. Explicitly set eval_metric if you'd like to restore the old behavior.
[I 2023-11-06 17:02:33,066] Trial 294 finished with value: 0.8706846423764221 and parameters: {'n_estimators': 8200, 'max_depth': 6, 'min_child_weight': 8, 'learning_rate': 0.014799566600321694, 'subsample': 0.9673478148466722, 'colsample_bytree': 0.16990961724457904, 'reg_alpha': 4.843724085038892, 'reg_lambda': 5.979940930561271, 'gamma': 0.8999999999999999}. Best is trial 273 with value: 0.8708834900261233.
/home/stepa/.local/lib/python3.6/site-packages/xgboost/sklearn.py:1224: UserWarning: The use of label encoder in XGBClassifier is deprecated and will be removed in a future release. To remove this warning, do the following: 1) Pass option use_label_encoder=False when constructing XGBClassifier object; and 2) Encode your labels (y) as integers starting with 0, i.e. 0, 1, 2, ..., [num_class - 1].
  warnings.warn(label_encoder_deprecation_msg, UserWarning)
[17:02:33] WARNING: ../src/learner.cc:223: No visible GPU is found, setting `gpu_id` to -1
[17:02:33] WARNING: ../src/learner.cc:1115: Starting in XGBoost 1.3.0, the default evaluation metric used with the objective 'binary:logistic' was changed from 'error' to 'logloss'. Explicitly set eval_metric if you'd like to restore the old behavior.
[I 2023-11-06 17:03:03,901] Trial 295 finished with value: 0.8705478378154451 and parameters: {'n_estimators': 8200, 'max_depth': 6, 'min_child_weight': 8, 'learning_rate': 0.012288788916082757, 'subsample': 0.957675392959786, 'colsample_bytree': 0.17606202060093895, 'reg_alpha': 5.142589157909763, 'reg_lambda': 5.986556000921453, 'gamma': 0.8999999999999999}. Best is trial 273 with value: 0.8708834900261233.
/home/stepa/.local/lib/python3.6/site-packages/xgboost/sklearn.py:1224: UserWarning: The use of label encoder in XGBClassifier is deprecated and will be removed in a future release. To remove this warning, do the following: 1) Pass option use_label_encoder=False when constructing XGBClassifier object; and 2) Encode your labels (y) as integers starting with 0, i.e. 0, 1, 2, ..., [num_class - 1].
  warnings.warn(label_encoder_deprecation_msg, UserWarning)
[17:03:03] WARNING: ../src/learner.cc:223: No visible GPU is found, setting `gpu_id` to -1
[17:03:03] WARNING: ../src/learner.cc:1115: Starting in XGBoost 1.3.0, the default evaluation metric used with the objective 'binary:logistic' was changed from 'error' to 'logloss'. Explicitly set eval_metric if you'd like to restore the old behavior.
[I 2023-11-06 17:03:44,473] Trial 296 finished with value: 0.870449228374832 and parameters: {'n_estimators': 11000, 'max_depth': 6, 'min_child_weight': 8, 'learning_rate': 0.014013485701960846, 'subsample': 0.9890768427320266, 'colsample_bytree': 0.18857287242718226, 'reg_alpha': 3.6911682221410484, 'reg_lambda': 6.008888777230167, 'gamma': 0.8999999999999999}. Best is trial 273 with value: 0.8708834900261233.
/home/stepa/.local/lib/python3.6/site-packages/xgboost/sklearn.py:1224: UserWarning: The use of label encoder in XGBClassifier is deprecated and will be removed in a future release. To remove this warning, do the following: 1) Pass option use_label_encoder=False when constructing XGBClassifier object; and 2) Encode your labels (y) as integers starting with 0, i.e. 0, 1, 2, ..., [num_class - 1].
  warnings.warn(label_encoder_deprecation_msg, UserWarning)
[17:03:44] WARNING: ../src/learner.cc:223: No visible GPU is found, setting `gpu_id` to -1
[17:03:44] WARNING: ../src/learner.cc:1115: Starting in XGBoost 1.3.0, the default evaluation metric used with the objective 'binary:logistic' was changed from 'error' to 'logloss'. Explicitly set eval_metric if you'd like to restore the old behavior.
[I 2023-11-06 17:04:15,091] Trial 297 finished with value: 0.8707575872222405 and parameters: {'n_estimators': 8200, 'max_depth': 6, 'min_child_weight': 8, 'learning_rate': 0.015137446568037028, 'subsample': 0.9749424886585719, 'colsample_bytree': 0.16586216215450214, 'reg_alpha': 4.891316316411342, 'reg_lambda': 6.229115130918305, 'gamma': 0.8999999999999999}. Best is trial 273 with value: 0.8708834900261233.
/home/stepa/.local/lib/python3.6/site-packages/xgboost/sklearn.py:1224: UserWarning: The use of label encoder in XGBClassifier is deprecated and will be removed in a future release. To remove this warning, do the following: 1) Pass option use_label_encoder=False when constructing XGBClassifier object; and 2) Encode your labels (y) as integers starting with 0, i.e. 0, 1, 2, ..., [num_class - 1].
  warnings.warn(label_encoder_deprecation_msg, UserWarning)
[17:04:15] WARNING: ../src/learner.cc:223: No visible GPU is found, setting `gpu_id` to -1
[17:04:15] WARNING: ../src/learner.cc:1115: Starting in XGBoost 1.3.0, the default evaluation metric used with the objective 'binary:logistic' was changed from 'error' to 'logloss'. Explicitly set eval_metric if you'd like to restore the old behavior.
[I 2023-11-06 17:04:46,221] Trial 298 finished with value: 0.8704442761192721 and parameters: {'n_estimators': 8200, 'max_depth': 6, 'min_child_weight': 8, 'learning_rate': 0.01138039694450169, 'subsample': 0.9471874695220919, 'colsample_bytree': 0.16155631348266064, 'reg_alpha': 4.848689210197254, 'reg_lambda': 6.186377051317186, 'gamma': 0.8999999999999999}. Best is trial 273 with value: 0.8708834900261233.
/home/stepa/.local/lib/python3.6/site-packages/xgboost/sklearn.py:1224: UserWarning: The use of label encoder in XGBClassifier is deprecated and will be removed in a future release. To remove this warning, do the following: 1) Pass option use_label_encoder=False when constructing XGBClassifier object; and 2) Encode your labels (y) as integers starting with 0, i.e. 0, 1, 2, ..., [num_class - 1].
  warnings.warn(label_encoder_deprecation_msg, UserWarning)
[17:04:46] WARNING: ../src/learner.cc:223: No visible GPU is found, setting `gpu_id` to -1
[17:04:46] WARNING: ../src/learner.cc:1115: Starting in XGBoost 1.3.0, the default evaluation metric used with the objective 'binary:logistic' was changed from 'error' to 'logloss'. Explicitly set eval_metric if you'd like to restore the old behavior.
[I 2023-11-06 17:05:17,599] Trial 299 finished with value: 0.869072665205257 and parameters: {'n_estimators': 8300, 'max_depth': 6, 'min_child_weight': 8, 'learning_rate': 0.014563067076787162, 'subsample': 0.9621464476115951, 'colsample_bytree': 0.4404516451487122, 'reg_alpha': 4.901780519165511, 'reg_lambda': 6.321570454004666, 'gamma': 0.8999999999999999}. Best is trial 273 with value: 0.8708834900261233.
/home/stepa/.local/lib/python3.6/site-packages/xgboost/sklearn.py:1224: UserWarning: The use of label encoder in XGBClassifier is deprecated and will be removed in a future release. To remove this warning, do the following: 1) Pass option use_label_encoder=False when constructing XGBClassifier object; and 2) Encode your labels (y) as integers starting with 0, i.e. 0, 1, 2, ..., [num_class - 1].
  warnings.warn(label_encoder_deprecation_msg, UserWarning)
[17:05:17] WARNING: ../src/learner.cc:223: No visible GPU is found, setting `gpu_id` to -1
[17:05:17] WARNING: ../src/learner.cc:1115: Starting in XGBoost 1.3.0, the default evaluation metric used with the objective 'binary:logistic' was changed from 'error' to 'logloss'. Explicitly set eval_metric if you'd like to restore the old behavior.
[I 2023-11-06 17:05:48,139] Trial 300 finished with value: 0.8707145917314751 and parameters: {'n_estimators': 8200, 'max_depth': 6, 'min_child_weight': 8, 'learning_rate': 0.017531580344804124, 'subsample': 0.9976333952277229, 'colsample_bytree': 0.1563606827892441, 'reg_alpha': 4.588323702411614, 'reg_lambda': 6.872086925719466, 'gamma': 0.8999999999999999}. Best is trial 273 with value: 0.8708834900261233.
/home/stepa/.local/lib/python3.6/site-packages/xgboost/sklearn.py:1224: UserWarning: The use of label encoder in XGBClassifier is deprecated and will be removed in a future release. To remove this warning, do the following: 1) Pass option use_label_encoder=False when constructing XGBClassifier object; and 2) Encode your labels (y) as integers starting with 0, i.e. 0, 1, 2, ..., [num_class - 1].
  warnings.warn(label_encoder_deprecation_msg, UserWarning)
[17:05:48] WARNING: ../src/learner.cc:223: No visible GPU is found, setting `gpu_id` to -1
[17:05:48] WARNING: ../src/learner.cc:1115: Starting in XGBoost 1.3.0, the default evaluation metric used with the objective 'binary:logistic' was changed from 'error' to 'logloss'. Explicitly set eval_metric if you'd like to restore the old behavior.
[I 2023-11-06 17:06:18,715] Trial 301 finished with value: 0.8707943114547546 and parameters: {'n_estimators': 8300, 'max_depth': 6, 'min_child_weight': 8, 'learning_rate': 0.017574872839632633, 'subsample': 0.9942914261584748, 'colsample_bytree': 0.14703486651298783, 'reg_alpha': 4.627923057946517, 'reg_lambda': 6.909326972514604, 'gamma': 0.8999999999999999}. Best is trial 273 with value: 0.8708834900261233.
/home/stepa/.local/lib/python3.6/site-packages/xgboost/sklearn.py:1224: UserWarning: The use of label encoder in XGBClassifier is deprecated and will be removed in a future release. To remove this warning, do the following: 1) Pass option use_label_encoder=False when constructing XGBClassifier object; and 2) Encode your labels (y) as integers starting with 0, i.e. 0, 1, 2, ..., [num_class - 1].
  warnings.warn(label_encoder_deprecation_msg, UserWarning)
[17:06:18] WARNING: ../src/learner.cc:223: No visible GPU is found, setting `gpu_id` to -1
[17:06:18] WARNING: ../src/learner.cc:1115: Starting in XGBoost 1.3.0, the default evaluation metric used with the objective 'binary:logistic' was changed from 'error' to 'logloss'. Explicitly set eval_metric if you'd like to restore the old behavior.
[I 2023-11-06 17:06:50,846] Trial 302 finished with value: 0.8666027747092202 and parameters: {'n_estimators': 8400, 'max_depth': 6, 'min_child_weight': 8, 'learning_rate': 0.017558368582931853, 'subsample': 0.9966382215814997, 'colsample_bytree': 0.818439644960504, 'reg_alpha': 4.652193094653304, 'reg_lambda': 7.216197469176717, 'gamma': 0.8999999999999999}. Best is trial 273 with value: 0.8708834900261233.
/home/stepa/.local/lib/python3.6/site-packages/xgboost/sklearn.py:1224: UserWarning: The use of label encoder in XGBClassifier is deprecated and will be removed in a future release. To remove this warning, do the following: 1) Pass option use_label_encoder=False when constructing XGBClassifier object; and 2) Encode your labels (y) as integers starting with 0, i.e. 0, 1, 2, ..., [num_class - 1].
  warnings.warn(label_encoder_deprecation_msg, UserWarning)
[17:06:50] WARNING: ../src/learner.cc:223: No visible GPU is found, setting `gpu_id` to -1
[17:06:50] WARNING: ../src/learner.cc:1115: Starting in XGBoost 1.3.0, the default evaluation metric used with the objective 'binary:logistic' was changed from 'error' to 'logloss'. Explicitly set eval_metric if you'd like to restore the old behavior.
[I 2023-11-06 17:07:21,065] Trial 303 finished with value: 0.8701678031626863 and parameters: {'n_estimators': 8300, 'max_depth': 6, 'min_child_weight': 8, 'learning_rate': 0.022930299379631945, 'subsample': 0.9975425102784671, 'colsample_bytree': 0.11499298776855114, 'reg_alpha': 5.054581893049483, 'reg_lambda': 7.3861175929658, 'gamma': 0.7}. Best is trial 273 with value: 0.8708834900261233.
/home/stepa/.local/lib/python3.6/site-packages/xgboost/sklearn.py:1224: UserWarning: The use of label encoder in XGBClassifier is deprecated and will be removed in a future release. To remove this warning, do the following: 1) Pass option use_label_encoder=False when constructing XGBClassifier object; and 2) Encode your labels (y) as integers starting with 0, i.e. 0, 1, 2, ..., [num_class - 1].
  warnings.warn(label_encoder_deprecation_msg, UserWarning)
[17:07:21] WARNING: ../src/learner.cc:223: No visible GPU is found, setting `gpu_id` to -1
[17:07:21] WARNING: ../src/learner.cc:1115: Starting in XGBoost 1.3.0, the default evaluation metric used with the objective 'binary:logistic' was changed from 'error' to 'logloss'. Explicitly set eval_metric if you'd like to restore the old behavior.
[I 2023-11-06 17:07:52,547] Trial 304 finished with value: 0.8705905834950947 and parameters: {'n_estimators': 8600, 'max_depth': 6, 'min_child_weight': 8, 'learning_rate': 0.018136268308665465, 'subsample': 0.9910501982011731, 'colsample_bytree': 0.1462631340672377, 'reg_alpha': 4.551233139583858, 'reg_lambda': 6.889929513474695, 'gamma': 0.8999999999999999}. Best is trial 273 with value: 0.8708834900261233.
/home/stepa/.local/lib/python3.6/site-packages/xgboost/sklearn.py:1224: UserWarning: The use of label encoder in XGBClassifier is deprecated and will be removed in a future release. To remove this warning, do the following: 1) Pass option use_label_encoder=False when constructing XGBClassifier object; and 2) Encode your labels (y) as integers starting with 0, i.e. 0, 1, 2, ..., [num_class - 1].
  warnings.warn(label_encoder_deprecation_msg, UserWarning)
[17:07:52] WARNING: ../src/learner.cc:223: No visible GPU is found, setting `gpu_id` to -1
[17:07:52] WARNING: ../src/learner.cc:1115: Starting in XGBoost 1.3.0, the default evaluation metric used with the objective 'binary:logistic' was changed from 'error' to 'logloss'. Explicitly set eval_metric if you'd like to restore the old behavior.
[I 2023-11-06 17:08:23,633] Trial 305 finished with value: 0.8706635143514907 and parameters: {'n_estimators': 8400, 'max_depth': 6, 'min_child_weight': 8, 'learning_rate': 0.020369586191081965, 'subsample': 0.9985106832778735, 'colsample_bytree': 0.13188306976663758, 'reg_alpha': 5.246885795335494, 'reg_lambda': 7.055923567251998, 'gamma': 0.8999999999999999}. Best is trial 273 with value: 0.8708834900261233.
/home/stepa/.local/lib/python3.6/site-packages/xgboost/sklearn.py:1224: UserWarning: The use of label encoder in XGBClassifier is deprecated and will be removed in a future release. To remove this warning, do the following: 1) Pass option use_label_encoder=False when constructing XGBClassifier object; and 2) Encode your labels (y) as integers starting with 0, i.e. 0, 1, 2, ..., [num_class - 1].
  warnings.warn(label_encoder_deprecation_msg, UserWarning)
[17:08:23] WARNING: ../src/learner.cc:223: No visible GPU is found, setting `gpu_id` to -1
[17:08:23] WARNING: ../src/learner.cc:1115: Starting in XGBoost 1.3.0, the default evaluation metric used with the objective 'binary:logistic' was changed from 'error' to 'logloss'. Explicitly set eval_metric if you'd like to restore the old behavior.
