[I 2023-11-09 02:50:46,251] Trial 53 finished with value: 0.8697254636191538 and parameters: {'n_estimators': 10000, 'max_depth': 6, 'min_child_weight': 8, 'learning_rate': 0.00019289624131570615, 'subsample': 0.949100661168244, 'colsample_bytree': 0.1363036383206183, 'reg_alpha': 4.2313991437992575, 'reg_lambda': 1.4564254994619026, 'gamma': 0.7}. Best is trial 17 with value: 0.8700253648614253.
/home/stepa/.local/lib/python3.6/site-packages/xgboost/sklearn.py:1224: UserWarning: The use of label encoder in XGBClassifier is deprecated and will be removed in a future release. To remove this warning, do the following: 1) Pass option use_label_encoder=False when constructing XGBClassifier object; and 2) Encode your labels (y) as integers starting with 0, i.e. 0, 1, 2, ..., [num_class - 1].
  warnings.warn(label_encoder_deprecation_msg, UserWarning)
[02:50:46] WARNING: ../src/learner.cc:223: No visible GPU is found, setting `gpu_id` to -1
[02:50:46] WARNING: ../src/learner.cc:1115: Starting in XGBoost 1.3.0, the default evaluation metric used with the objective 'binary:logistic' was changed from 'error' to 'logloss'. Explicitly set eval_metric if you'd like to restore the old behavior.
[I 2023-11-09 02:51:39,563] Trial 54 finished with value: 0.8698675002241405 and parameters: {'n_estimators': 9900, 'max_depth': 7, 'min_child_weight': 8, 'learning_rate': 0.00010008961939268246, 'subsample': 0.9948401216605641, 'colsample_bytree': 0.1049537314604926, 'reg_alpha': 8.76275651274195, 'reg_lambda': 1.8650805686072771, 'gamma': 0.7999999999999999}. Best is trial 17 with value: 0.8700253648614253.
/home/stepa/.local/lib/python3.6/site-packages/xgboost/sklearn.py:1224: UserWarning: The use of label encoder in XGBClassifier is deprecated and will be removed in a future release. To remove this warning, do the following: 1) Pass option use_label_encoder=False when constructing XGBClassifier object; and 2) Encode your labels (y) as integers starting with 0, i.e. 0, 1, 2, ..., [num_class - 1].
  warnings.warn(label_encoder_deprecation_msg, UserWarning)
[02:51:39] WARNING: ../src/learner.cc:223: No visible GPU is found, setting `gpu_id` to -1
[02:51:39] WARNING: ../src/learner.cc:1115: Starting in XGBoost 1.3.0, the default evaluation metric used with the objective 'binary:logistic' was changed from 'error' to 'logloss'. Explicitly set eval_metric if you'd like to restore the old behavior.
[I 2023-11-09 02:52:39,684] Trial 55 finished with value: 0.8647432447147253 and parameters: {'n_estimators': 9800, 'max_depth': 7, 'min_child_weight': 8, 'learning_rate': 0.00026309913993767666, 'subsample': 0.9938362932857088, 'colsample_bytree': 0.9203544830605502, 'reg_alpha': 9.396493951692516, 'reg_lambda': 1.9680596604199254, 'gamma': 0.7999999999999999}. Best is trial 17 with value: 0.8700253648614253.
/home/stepa/.local/lib/python3.6/site-packages/xgboost/sklearn.py:1224: UserWarning: The use of label encoder in XGBClassifier is deprecated and will be removed in a future release. To remove this warning, do the following: 1) Pass option use_label_encoder=False when constructing XGBClassifier object; and 2) Encode your labels (y) as integers starting with 0, i.e. 0, 1, 2, ..., [num_class - 1].
  warnings.warn(label_encoder_deprecation_msg, UserWarning)
[02:52:39] WARNING: ../src/learner.cc:223: No visible GPU is found, setting `gpu_id` to -1
[02:52:39] WARNING: ../src/learner.cc:1115: Starting in XGBoost 1.3.0, the default evaluation metric used with the objective 'binary:logistic' was changed from 'error' to 'logloss'. Explicitly set eval_metric if you'd like to restore the old behavior.
[I 2023-11-09 02:53:34,965] Trial 56 finished with value: 0.8677528271453728 and parameters: {'n_estimators': 10800, 'max_depth': 6, 'min_child_weight': 8, 'learning_rate': 0.00013266327930257623, 'subsample': 0.9285937323645227, 'colsample_bytree': 0.20293693838389268, 'reg_alpha': 8.691431741951696, 'reg_lambda': 0.0433175167922395, 'gamma': 0.7999999999999999}. Best is trial 17 with value: 0.8700253648614253.
/home/stepa/.local/lib/python3.6/site-packages/xgboost/sklearn.py:1224: UserWarning: The use of label encoder in XGBClassifier is deprecated and will be removed in a future release. To remove this warning, do the following: 1) Pass option use_label_encoder=False when constructing XGBClassifier object; and 2) Encode your labels (y) as integers starting with 0, i.e. 0, 1, 2, ..., [num_class - 1].
  warnings.warn(label_encoder_deprecation_msg, UserWarning)
[02:53:35] WARNING: ../src/learner.cc:223: No visible GPU is found, setting `gpu_id` to -1
[02:53:35] WARNING: ../src/learner.cc:1115: Starting in XGBoost 1.3.0, the default evaluation metric used with the objective 'binary:logistic' was changed from 'error' to 'logloss'. Explicitly set eval_metric if you'd like to restore the old behavior.
[I 2023-11-09 02:54:31,667] Trial 57 finished with value: 0.866914365113223 and parameters: {'n_estimators': 10000, 'max_depth': 7, 'min_child_weight': 8, 'learning_rate': 0.00010025942189795985, 'subsample': 0.9992928443912478, 'colsample_bytree': 0.2731930759410949, 'reg_alpha': 8.859740819131401, 'reg_lambda': 1.012810002332077, 'gamma': 0.7999999999999999}. Best is trial 17 with value: 0.8700253648614253.
/home/stepa/.local/lib/python3.6/site-packages/xgboost/sklearn.py:1224: UserWarning: The use of label encoder in XGBClassifier is deprecated and will be removed in a future release. To remove this warning, do the following: 1) Pass option use_label_encoder=False when constructing XGBClassifier object; and 2) Encode your labels (y) as integers starting with 0, i.e. 0, 1, 2, ..., [num_class - 1].
  warnings.warn(label_encoder_deprecation_msg, UserWarning)
[02:54:31] WARNING: ../src/learner.cc:223: No visible GPU is found, setting `gpu_id` to -1
[02:54:31] WARNING: ../src/learner.cc:1115: Starting in XGBoost 1.3.0, the default evaluation metric used with the objective 'binary:logistic' was changed from 'error' to 'logloss'. Explicitly set eval_metric if you'd like to restore the old behavior.
[I 2023-11-09 02:55:19,509] Trial 58 finished with value: 0.8672160390151724 and parameters: {'n_estimators': 9300, 'max_depth': 6, 'min_child_weight': 8, 'learning_rate': 0.0003628549472943244, 'subsample': 0.9090742249586587, 'colsample_bytree': 0.1678235906303806, 'reg_alpha': 4.617489325723829, 'reg_lambda': 1.6083928051800216, 'gamma': 0.8999999999999999}. Best is trial 17 with value: 0.8700253648614253.
/home/stepa/.local/lib/python3.6/site-packages/xgboost/sklearn.py:1224: UserWarning: The use of label encoder in XGBClassifier is deprecated and will be removed in a future release. To remove this warning, do the following: 1) Pass option use_label_encoder=False when constructing XGBClassifier object; and 2) Encode your labels (y) as integers starting with 0, i.e. 0, 1, 2, ..., [num_class - 1].
  warnings.warn(label_encoder_deprecation_msg, UserWarning)
[02:55:19] WARNING: ../src/learner.cc:223: No visible GPU is found, setting `gpu_id` to -1
[02:55:19] WARNING: ../src/learner.cc:1115: Starting in XGBoost 1.3.0, the default evaluation metric used with the objective 'binary:logistic' was changed from 'error' to 'logloss'. Explicitly set eval_metric if you'd like to restore the old behavior.
[I 2023-11-09 02:56:20,943] Trial 59 finished with value: 0.8670880537858281 and parameters: {'n_estimators': 10300, 'max_depth': 8, 'min_child_weight': 8, 'learning_rate': 0.0001820653636067324, 'subsample': 0.7486632973439823, 'colsample_bytree': 0.23705378879171546, 'reg_alpha': 9.907520085597998, 'reg_lambda': 2.773970486677119, 'gamma': 0.7999999999999999}. Best is trial 17 with value: 0.8700253648614253.
/home/stepa/.local/lib/python3.6/site-packages/xgboost/sklearn.py:1224: UserWarning: The use of label encoder in XGBClassifier is deprecated and will be removed in a future release. To remove this warning, do the following: 1) Pass option use_label_encoder=False when constructing XGBClassifier object; and 2) Encode your labels (y) as integers starting with 0, i.e. 0, 1, 2, ..., [num_class - 1].
  warnings.warn(label_encoder_deprecation_msg, UserWarning)
[02:56:20] WARNING: ../src/learner.cc:223: No visible GPU is found, setting `gpu_id` to -1
[02:56:21] WARNING: ../src/learner.cc:1115: Starting in XGBoost 1.3.0, the default evaluation metric used with the objective 'binary:logistic' was changed from 'error' to 'logloss'. Explicitly set eval_metric if you'd like to restore the old behavior.
[I 2023-11-09 02:57:03,600] Trial 60 finished with value: 0.8643056795612384 and parameters: {'n_estimators': 9600, 'max_depth': 5, 'min_child_weight': 8, 'learning_rate': 0.000777755669070788, 'subsample': 0.9631578626945583, 'colsample_bytree': 0.7116855834262785, 'reg_alpha': 8.478576729980272, 'reg_lambda': 0.2662012003034042, 'gamma': 0.7999999999999999}. Best is trial 17 with value: 0.8700253648614253.
/home/stepa/.local/lib/python3.6/site-packages/xgboost/sklearn.py:1224: UserWarning: The use of label encoder in XGBClassifier is deprecated and will be removed in a future release. To remove this warning, do the following: 1) Pass option use_label_encoder=False when constructing XGBClassifier object; and 2) Encode your labels (y) as integers starting with 0, i.e. 0, 1, 2, ..., [num_class - 1].
  warnings.warn(label_encoder_deprecation_msg, UserWarning)
[02:57:03] WARNING: ../src/learner.cc:223: No visible GPU is found, setting `gpu_id` to -1
[02:57:03] WARNING: ../src/learner.cc:1115: Starting in XGBoost 1.3.0, the default evaluation metric used with the objective 'binary:logistic' was changed from 'error' to 'logloss'. Explicitly set eval_metric if you'd like to restore the old behavior.
[I 2023-11-09 02:57:54,884] Trial 61 finished with value: 0.8698238472305182 and parameters: {'n_estimators': 8900, 'max_depth': 8, 'min_child_weight': 8, 'learning_rate': 0.00011821758179854815, 'subsample': 0.9753435214684008, 'colsample_bytree': 0.10545559749582462, 'reg_alpha': 8.074460138328279, 'reg_lambda': 2.0963488421636782, 'gamma': 0.7}. Best is trial 17 with value: 0.8700253648614253.
/home/stepa/.local/lib/python3.6/site-packages/xgboost/sklearn.py:1224: UserWarning: The use of label encoder in XGBClassifier is deprecated and will be removed in a future release. To remove this warning, do the following: 1) Pass option use_label_encoder=False when constructing XGBClassifier object; and 2) Encode your labels (y) as integers starting with 0, i.e. 0, 1, 2, ..., [num_class - 1].
  warnings.warn(label_encoder_deprecation_msg, UserWarning)
[02:57:54] WARNING: ../src/learner.cc:223: No visible GPU is found, setting `gpu_id` to -1
[02:57:54] WARNING: ../src/learner.cc:1115: Starting in XGBoost 1.3.0, the default evaluation metric used with the objective 'binary:logistic' was changed from 'error' to 'logloss'. Explicitly set eval_metric if you'd like to restore the old behavior.
[I 2023-11-09 02:58:44,681] Trial 62 finished with value: 0.8694111392822995 and parameters: {'n_estimators': 9400, 'max_depth': 7, 'min_child_weight': 8, 'learning_rate': 0.00023605324800647897, 'subsample': 0.947757002867455, 'colsample_bytree': 0.12677430411631854, 'reg_alpha': 9.503299648182884, 'reg_lambda': 3.641457316441952, 'gamma': 0.7}. Best is trial 17 with value: 0.8700253648614253.
/home/stepa/.local/lib/python3.6/site-packages/xgboost/sklearn.py:1224: UserWarning: The use of label encoder in XGBClassifier is deprecated and will be removed in a future release. To remove this warning, do the following: 1) Pass option use_label_encoder=False when constructing XGBClassifier object; and 2) Encode your labels (y) as integers starting with 0, i.e. 0, 1, 2, ..., [num_class - 1].
  warnings.warn(label_encoder_deprecation_msg, UserWarning)
[02:58:44] WARNING: ../src/learner.cc:223: No visible GPU is found, setting `gpu_id` to -1
[02:58:44] WARNING: ../src/learner.cc:1115: Starting in XGBoost 1.3.0, the default evaluation metric used with the objective 'binary:logistic' was changed from 'error' to 'logloss'. Explicitly set eval_metric if you'd like to restore the old behavior.
[I 2023-11-09 02:59:38,227] Trial 63 finished with value: 0.8697640504433474 and parameters: {'n_estimators': 9900, 'max_depth': 7, 'min_child_weight': 8, 'learning_rate': 0.00015179498167930988, 'subsample': 0.9869813177204239, 'colsample_bytree': 0.10043319451206853, 'reg_alpha': 6.6700931205579455, 'reg_lambda': 2.2096954296256235, 'gamma': 0.7}. Best is trial 17 with value: 0.8700253648614253.
/home/stepa/.local/lib/python3.6/site-packages/xgboost/sklearn.py:1224: UserWarning: The use of label encoder in XGBClassifier is deprecated and will be removed in a future release. To remove this warning, do the following: 1) Pass option use_label_encoder=False when constructing XGBClassifier object; and 2) Encode your labels (y) as integers starting with 0, i.e. 0, 1, 2, ..., [num_class - 1].
  warnings.warn(label_encoder_deprecation_msg, UserWarning)
[02:59:38] WARNING: ../src/learner.cc:223: No visible GPU is found, setting `gpu_id` to -1
[02:59:38] WARNING: ../src/learner.cc:1115: Starting in XGBoost 1.3.0, the default evaluation metric used with the objective 'binary:logistic' was changed from 'error' to 'logloss'. Explicitly set eval_metric if you'd like to restore the old behavior.
[I 2023-11-09 03:00:20,271] Trial 64 finished with value: 0.8696528185466743 and parameters: {'n_estimators': 10200, 'max_depth': 4, 'min_child_weight': 8, 'learning_rate': 0.00012672565954160832, 'subsample': 0.9703593996694053, 'colsample_bytree': 0.18305916890601615, 'reg_alpha': 7.601278841379722, 'reg_lambda': 0.7088525307540718, 'gamma': 0.7999999999999999}. Best is trial 17 with value: 0.8700253648614253.
/home/stepa/.local/lib/python3.6/site-packages/xgboost/sklearn.py:1224: UserWarning: The use of label encoder in XGBClassifier is deprecated and will be removed in a future release. To remove this warning, do the following: 1) Pass option use_label_encoder=False when constructing XGBClassifier object; and 2) Encode your labels (y) as integers starting with 0, i.e. 0, 1, 2, ..., [num_class - 1].
  warnings.warn(label_encoder_deprecation_msg, UserWarning)
[03:00:20] WARNING: ../src/learner.cc:223: No visible GPU is found, setting `gpu_id` to -1
[03:00:20] WARNING: ../src/learner.cc:1115: Starting in XGBoost 1.3.0, the default evaluation metric used with the objective 'binary:logistic' was changed from 'error' to 'logloss'. Explicitly set eval_metric if you'd like to restore the old behavior.
[I 2023-11-09 03:00:57,607] Trial 65 finished with value: 0.8699401133207971 and parameters: {'n_estimators': 8200, 'max_depth': 5, 'min_child_weight': 8, 'learning_rate': 0.00018267430934003044, 'subsample': 0.9784551559802401, 'colsample_bytree': 0.14757507719031548, 'reg_alpha': 7.269824996725443, 'reg_lambda': 1.2623047743832636, 'gamma': 0.7}. Best is trial 17 with value: 0.8700253648614253.
/home/stepa/.local/lib/python3.6/site-packages/xgboost/sklearn.py:1224: UserWarning: The use of label encoder in XGBClassifier is deprecated and will be removed in a future release. To remove this warning, do the following: 1) Pass option use_label_encoder=False when constructing XGBClassifier object; and 2) Encode your labels (y) as integers starting with 0, i.e. 0, 1, 2, ..., [num_class - 1].
  warnings.warn(label_encoder_deprecation_msg, UserWarning)
[03:00:57] WARNING: ../src/learner.cc:223: No visible GPU is found, setting `gpu_id` to -1
[03:00:57] WARNING: ../src/learner.cc:1115: Starting in XGBoost 1.3.0, the default evaluation metric used with the objective 'binary:logistic' was changed from 'error' to 'logloss'. Explicitly set eval_metric if you'd like to restore the old behavior.
[I 2023-11-09 03:01:38,254] Trial 66 finished with value: 0.8685798658148185 and parameters: {'n_estimators': 8700, 'max_depth': 5, 'min_child_weight': 8, 'learning_rate': 0.00030017045324500115, 'subsample': 0.8894722260633275, 'colsample_bytree': 0.15084196907718284, 'reg_alpha': 7.172625316561969, 'reg_lambda': 1.3320096076485264, 'gamma': 0.7}. Best is trial 17 with value: 0.8700253648614253.
/home/stepa/.local/lib/python3.6/site-packages/xgboost/sklearn.py:1224: UserWarning: The use of label encoder in XGBClassifier is deprecated and will be removed in a future release. To remove this warning, do the following: 1) Pass option use_label_encoder=False when constructing XGBClassifier object; and 2) Encode your labels (y) as integers starting with 0, i.e. 0, 1, 2, ..., [num_class - 1].
  warnings.warn(label_encoder_deprecation_msg, UserWarning)
[03:01:38] WARNING: ../src/learner.cc:223: No visible GPU is found, setting `gpu_id` to -1
[03:01:38] WARNING: ../src/learner.cc:1115: Starting in XGBoost 1.3.0, the default evaluation metric used with the objective 'binary:logistic' was changed from 'error' to 'logloss'. Explicitly set eval_metric if you'd like to restore the old behavior.
[I 2023-11-09 03:02:13,941] Trial 67 finished with value: 0.8684828651577913 and parameters: {'n_estimators': 7600, 'max_depth': 5, 'min_child_weight': 8, 'learning_rate': 0.00018472582468029083, 'subsample': 0.9883950872571636, 'colsample_bytree': 0.20195321740446742, 'reg_alpha': 8.558274225767121, 'reg_lambda': 1.6482434720007464, 'gamma': 0.7999999999999999}. Best is trial 17 with value: 0.8700253648614253.
/home/stepa/.local/lib/python3.6/site-packages/xgboost/sklearn.py:1224: UserWarning: The use of label encoder in XGBClassifier is deprecated and will be removed in a future release. To remove this warning, do the following: 1) Pass option use_label_encoder=False when constructing XGBClassifier object; and 2) Encode your labels (y) as integers starting with 0, i.e. 0, 1, 2, ..., [num_class - 1].
  warnings.warn(label_encoder_deprecation_msg, UserWarning)
[03:02:13] WARNING: ../src/learner.cc:223: No visible GPU is found, setting `gpu_id` to -1
[03:02:14] WARNING: ../src/learner.cc:1115: Starting in XGBoost 1.3.0, the default evaluation metric used with the objective 'binary:logistic' was changed from 'error' to 'logloss'. Explicitly set eval_metric if you'd like to restore the old behavior.
[I 2023-11-09 03:02:53,003] Trial 68 finished with value: 0.8687352303424564 and parameters: {'n_estimators': 8100, 'max_depth': 6, 'min_child_weight': 8, 'learning_rate': 0.0004906867219051727, 'subsample': 0.9248697062185174, 'colsample_bytree': 0.12640205492465492, 'reg_alpha': 8.0243434158284, 'reg_lambda': 1.1517827578924726, 'gamma': 0.7}. Best is trial 17 with value: 0.8700253648614253.
/home/stepa/.local/lib/python3.6/site-packages/xgboost/sklearn.py:1224: UserWarning: The use of label encoder in XGBClassifier is deprecated and will be removed in a future release. To remove this warning, do the following: 1) Pass option use_label_encoder=False when constructing XGBClassifier object; and 2) Encode your labels (y) as integers starting with 0, i.e. 0, 1, 2, ..., [num_class - 1].
  warnings.warn(label_encoder_deprecation_msg, UserWarning)
[03:02:53] WARNING: ../src/learner.cc:223: No visible GPU is found, setting `gpu_id` to -1
[03:02:53] WARNING: ../src/learner.cc:1115: Starting in XGBoost 1.3.0, the default evaluation metric used with the objective 'binary:logistic' was changed from 'error' to 'logloss'. Explicitly set eval_metric if you'd like to restore the old behavior.
[I 2023-11-09 03:03:27,517] Trial 69 finished with value: 0.8696336110696015 and parameters: {'n_estimators': 8300, 'max_depth': 4, 'min_child_weight': 8, 'learning_rate': 0.00021687436898955545, 'subsample': 0.9778331368769689, 'colsample_bytree': 0.16126278363079238, 'reg_alpha': 9.00476160963983, 'reg_lambda': 2.6080688657440487, 'gamma': 0.7}. Best is trial 17 with value: 0.8700253648614253.
/home/stepa/.local/lib/python3.6/site-packages/xgboost/sklearn.py:1224: UserWarning: The use of label encoder in XGBClassifier is deprecated and will be removed in a future release. To remove this warning, do the following: 1) Pass option use_label_encoder=False when constructing XGBClassifier object; and 2) Encode your labels (y) as integers starting with 0, i.e. 0, 1, 2, ..., [num_class - 1].
  warnings.warn(label_encoder_deprecation_msg, UserWarning)
[03:03:27] WARNING: ../src/learner.cc:223: No visible GPU is found, setting `gpu_id` to -1
[03:03:27] WARNING: ../src/learner.cc:1115: Starting in XGBoost 1.3.0, the default evaluation metric used with the objective 'binary:logistic' was changed from 'error' to 'logloss'. Explicitly set eval_metric if you'd like to restore the old behavior.
[I 2023-11-09 03:04:03,359] Trial 70 finished with value: 0.8680445645603794 and parameters: {'n_estimators': 7600, 'max_depth': 5, 'min_child_weight': 8, 'learning_rate': 0.00016169288809774347, 'subsample': 0.7905479121890265, 'colsample_bytree': 0.29645735470578305, 'reg_alpha': 4.05745927826785, 'reg_lambda': 0.5516781552956427, 'gamma': 0.7999999999999999}. Best is trial 17 with value: 0.8700253648614253.
/home/stepa/.local/lib/python3.6/site-packages/xgboost/sklearn.py:1224: UserWarning: The use of label encoder in XGBClassifier is deprecated and will be removed in a future release. To remove this warning, do the following: 1) Pass option use_label_encoder=False when constructing XGBClassifier object; and 2) Encode your labels (y) as integers starting with 0, i.e. 0, 1, 2, ..., [num_class - 1].
  warnings.warn(label_encoder_deprecation_msg, UserWarning)
[03:04:03] WARNING: ../src/learner.cc:223: No visible GPU is found, setting `gpu_id` to -1
[03:04:03] WARNING: ../src/learner.cc:1115: Starting in XGBoost 1.3.0, the default evaluation metric used with the objective 'binary:logistic' was changed from 'error' to 'logloss'. Explicitly set eval_metric if you'd like to restore the old behavior.
