[I 2023-11-06 17:28:49,088] Trial 342 finished with value: 0.8708947894825139 and parameters: {'n_estimators': 8900, 'max_depth': 6, 'min_child_weight': 8, 'learning_rate': 0.01569330953478496, 'subsample': 0.9608129520029453, 'colsample_bytree': 0.1553704399886625, 'reg_alpha': 4.5450790728259625, 'reg_lambda': 7.109065791875435, 'gamma': 0.8999999999999999}. Best is trial 342 with value: 0.8708947894825139.
/home/stepa/.local/lib/python3.6/site-packages/xgboost/sklearn.py:1224: UserWarning: The use of label encoder in XGBClassifier is deprecated and will be removed in a future release. To remove this warning, do the following: 1) Pass option use_label_encoder=False when constructing XGBClassifier object; and 2) Encode your labels (y) as integers starting with 0, i.e. 0, 1, 2, ..., [num_class - 1].
  warnings.warn(label_encoder_deprecation_msg, UserWarning)
[17:28:49] WARNING: ../src/learner.cc:223: No visible GPU is found, setting `gpu_id` to -1
[17:28:49] WARNING: ../src/learner.cc:1115: Starting in XGBoost 1.3.0, the default evaluation metric used with the objective 'binary:logistic' was changed from 'error' to 'logloss'. Explicitly set eval_metric if you'd like to restore the old behavior.
[I 2023-11-06 17:29:22,047] Trial 343 finished with value: 0.8707207750562138 and parameters: {'n_estimators': 8800, 'max_depth': 6, 'min_child_weight': 8, 'learning_rate': 0.01629167316087428, 'subsample': 0.9481350209108852, 'colsample_bytree': 0.15683981583031248, 'reg_alpha': 4.475754183398102, 'reg_lambda': 7.179599075451753, 'gamma': 0.8999999999999999}. Best is trial 342 with value: 0.8708947894825139.
/home/stepa/.local/lib/python3.6/site-packages/xgboost/sklearn.py:1224: UserWarning: The use of label encoder in XGBClassifier is deprecated and will be removed in a future release. To remove this warning, do the following: 1) Pass option use_label_encoder=False when constructing XGBClassifier object; and 2) Encode your labels (y) as integers starting with 0, i.e. 0, 1, 2, ..., [num_class - 1].
  warnings.warn(label_encoder_deprecation_msg, UserWarning)
[17:29:22] WARNING: ../src/learner.cc:223: No visible GPU is found, setting `gpu_id` to -1
[17:29:22] WARNING: ../src/learner.cc:1115: Starting in XGBoost 1.3.0, the default evaluation metric used with the objective 'binary:logistic' was changed from 'error' to 'logloss'. Explicitly set eval_metric if you'd like to restore the old behavior.
[I 2023-11-06 17:29:58,932] Trial 344 finished with value: 0.847628477327265 and parameters: {'n_estimators': 8900, 'max_depth': 6, 'min_child_weight': 8, 'learning_rate': 0.0007393007581917738, 'subsample': 0.9541826803506527, 'colsample_bytree': 0.16559470037152862, 'reg_alpha': 4.447244129922272, 'reg_lambda': 7.193534787372173, 'gamma': 0.8999999999999999}. Best is trial 342 with value: 0.8708947894825139.
/home/stepa/.local/lib/python3.6/site-packages/xgboost/sklearn.py:1224: UserWarning: The use of label encoder in XGBClassifier is deprecated and will be removed in a future release. To remove this warning, do the following: 1) Pass option use_label_encoder=False when constructing XGBClassifier object; and 2) Encode your labels (y) as integers starting with 0, i.e. 0, 1, 2, ..., [num_class - 1].
  warnings.warn(label_encoder_deprecation_msg, UserWarning)
[17:29:58] WARNING: ../src/learner.cc:223: No visible GPU is found, setting `gpu_id` to -1
[17:29:59] WARNING: ../src/learner.cc:1115: Starting in XGBoost 1.3.0, the default evaluation metric used with the objective 'binary:logistic' was changed from 'error' to 'logloss'. Explicitly set eval_metric if you'd like to restore the old behavior.
[I 2023-11-06 17:30:32,215] Trial 345 finished with value: 0.8706866228789483 and parameters: {'n_estimators': 8800, 'max_depth': 6, 'min_child_weight': 8, 'learning_rate': 0.015498729073023697, 'subsample': 0.947730116027658, 'colsample_bytree': 0.13329931820906407, 'reg_alpha': 4.6070587515699355, 'reg_lambda': 7.1646604998645085, 'gamma': 0.8999999999999999}. Best is trial 342 with value: 0.8708947894825139.
/home/stepa/.local/lib/python3.6/site-packages/xgboost/sklearn.py:1224: UserWarning: The use of label encoder in XGBClassifier is deprecated and will be removed in a future release. To remove this warning, do the following: 1) Pass option use_label_encoder=False when constructing XGBClassifier object; and 2) Encode your labels (y) as integers starting with 0, i.e. 0, 1, 2, ..., [num_class - 1].
  warnings.warn(label_encoder_deprecation_msg, UserWarning)
[17:30:32] WARNING: ../src/learner.cc:223: No visible GPU is found, setting `gpu_id` to -1
[17:30:32] WARNING: ../src/learner.cc:1115: Starting in XGBoost 1.3.0, the default evaluation metric used with the objective 'binary:logistic' was changed from 'error' to 'logloss'. Explicitly set eval_metric if you'd like to restore the old behavior.
[I 2023-11-06 17:31:05,579] Trial 346 finished with value: 0.8703092302285502 and parameters: {'n_estimators': 8900, 'max_depth': 6, 'min_child_weight': 8, 'learning_rate': 0.016116691549433772, 'subsample': 0.9501205493586785, 'colsample_bytree': 0.18535213315951488, 'reg_alpha': 4.374859130845476, 'reg_lambda': 6.9198158627535555, 'gamma': 0.8999999999999999}. Best is trial 342 with value: 0.8708947894825139.
/home/stepa/.local/lib/python3.6/site-packages/xgboost/sklearn.py:1224: UserWarning: The use of label encoder in XGBClassifier is deprecated and will be removed in a future release. To remove this warning, do the following: 1) Pass option use_label_encoder=False when constructing XGBClassifier object; and 2) Encode your labels (y) as integers starting with 0, i.e. 0, 1, 2, ..., [num_class - 1].
  warnings.warn(label_encoder_deprecation_msg, UserWarning)
[17:31:05] WARNING: ../src/learner.cc:223: No visible GPU is found, setting `gpu_id` to -1
[17:31:05] WARNING: ../src/learner.cc:1115: Starting in XGBoost 1.3.0, the default evaluation metric used with the objective 'binary:logistic' was changed from 'error' to 'logloss'. Explicitly set eval_metric if you'd like to restore the old behavior.
[I 2023-11-06 17:31:34,558] Trial 347 finished with value: 0.8705451378569053 and parameters: {'n_estimators': 8800, 'max_depth': 5, 'min_child_weight': 8, 'learning_rate': 0.01574570394008418, 'subsample': 0.9592812868729691, 'colsample_bytree': 0.16396573128751282, 'reg_alpha': 4.5512217544204985, 'reg_lambda': 7.497381564358026, 'gamma': 0.8999999999999999}. Best is trial 342 with value: 0.8708947894825139.
/home/stepa/.local/lib/python3.6/site-packages/xgboost/sklearn.py:1224: UserWarning: The use of label encoder in XGBClassifier is deprecated and will be removed in a future release. To remove this warning, do the following: 1) Pass option use_label_encoder=False when constructing XGBClassifier object; and 2) Encode your labels (y) as integers starting with 0, i.e. 0, 1, 2, ..., [num_class - 1].
  warnings.warn(label_encoder_deprecation_msg, UserWarning)
[17:31:34] WARNING: ../src/learner.cc:223: No visible GPU is found, setting `gpu_id` to -1
[17:31:34] WARNING: ../src/learner.cc:1115: Starting in XGBoost 1.3.0, the default evaluation metric used with the objective 'binary:logistic' was changed from 'error' to 'logloss'. Explicitly set eval_metric if you'd like to restore the old behavior.
[I 2023-11-06 17:32:07,744] Trial 348 finished with value: 0.8700439428144864 and parameters: {'n_estimators': 9000, 'max_depth': 6, 'min_child_weight': 8, 'learning_rate': 0.01458875947904116, 'subsample': 0.9588934697626855, 'colsample_bytree': 0.11561987526113371, 'reg_alpha': 5.1151473566569, 'reg_lambda': 7.407604543453511, 'gamma': 0.8999999999999999}. Best is trial 342 with value: 0.8708947894825139.
/home/stepa/.local/lib/python3.6/site-packages/xgboost/sklearn.py:1224: UserWarning: The use of label encoder in XGBClassifier is deprecated and will be removed in a future release. To remove this warning, do the following: 1) Pass option use_label_encoder=False when constructing XGBClassifier object; and 2) Encode your labels (y) as integers starting with 0, i.e. 0, 1, 2, ..., [num_class - 1].
  warnings.warn(label_encoder_deprecation_msg, UserWarning)
[17:32:07] WARNING: ../src/learner.cc:223: No visible GPU is found, setting `gpu_id` to -1
[17:32:07] WARNING: ../src/learner.cc:1115: Starting in XGBoost 1.3.0, the default evaluation metric used with the objective 'binary:logistic' was changed from 'error' to 'logloss'. Explicitly set eval_metric if you'd like to restore the old behavior.
[I 2023-11-06 17:32:40,428] Trial 349 finished with value: 0.8706916750589546 and parameters: {'n_estimators': 8800, 'max_depth': 6, 'min_child_weight': 8, 'learning_rate': 0.017674751041499202, 'subsample': 0.9657975824413274, 'colsample_bytree': 0.15255751743354562, 'reg_alpha': 4.30611423699952, 'reg_lambda': 7.326536271403816, 'gamma': 0.8999999999999999}. Best is trial 342 with value: 0.8708947894825139.
/home/stepa/.local/lib/python3.6/site-packages/xgboost/sklearn.py:1224: UserWarning: The use of label encoder in XGBClassifier is deprecated and will be removed in a future release. To remove this warning, do the following: 1) Pass option use_label_encoder=False when constructing XGBClassifier object; and 2) Encode your labels (y) as integers starting with 0, i.e. 0, 1, 2, ..., [num_class - 1].
  warnings.warn(label_encoder_deprecation_msg, UserWarning)
[17:32:40] WARNING: ../src/learner.cc:223: No visible GPU is found, setting `gpu_id` to -1
[17:32:40] WARNING: ../src/learner.cc:1115: Starting in XGBoost 1.3.0, the default evaluation metric used with the objective 'binary:logistic' was changed from 'error' to 'logloss'. Explicitly set eval_metric if you'd like to restore the old behavior.
[I 2023-11-06 17:33:06,332] Trial 350 finished with value: 0.8688381625146174 and parameters: {'n_estimators': 8700, 'max_depth': 4, 'min_child_weight': 8, 'learning_rate': 0.012558446766818852, 'subsample': 0.9930715761573004, 'colsample_bytree': 0.13469162242060304, 'reg_alpha': 4.795662650144683, 'reg_lambda': 7.014998875798629, 'gamma': 0.8999999999999999}. Best is trial 342 with value: 0.8708947894825139.
/home/stepa/.local/lib/python3.6/site-packages/xgboost/sklearn.py:1224: UserWarning: The use of label encoder in XGBClassifier is deprecated and will be removed in a future release. To remove this warning, do the following: 1) Pass option use_label_encoder=False when constructing XGBClassifier object; and 2) Encode your labels (y) as integers starting with 0, i.e. 0, 1, 2, ..., [num_class - 1].
  warnings.warn(label_encoder_deprecation_msg, UserWarning)
[17:33:06] WARNING: ../src/learner.cc:223: No visible GPU is found, setting `gpu_id` to -1
[17:33:06] WARNING: ../src/learner.cc:1115: Starting in XGBoost 1.3.0, the default evaluation metric used with the objective 'binary:logistic' was changed from 'error' to 'logloss'. Explicitly set eval_metric if you'd like to restore the old behavior.
[I 2023-11-06 17:33:40,119] Trial 351 finished with value: 0.8704092526008345 and parameters: {'n_estimators': 9000, 'max_depth': 6, 'min_child_weight': 8, 'learning_rate': 0.01658538760333133, 'subsample': 0.9446895617719433, 'colsample_bytree': 0.19312508975384737, 'reg_alpha': 4.506164961920309, 'reg_lambda': 7.0692030520368405, 'gamma': 0.8999999999999999}. Best is trial 342 with value: 0.8708947894825139.
/home/stepa/.local/lib/python3.6/site-packages/xgboost/sklearn.py:1224: UserWarning: The use of label encoder in XGBClassifier is deprecated and will be removed in a future release. To remove this warning, do the following: 1) Pass option use_label_encoder=False when constructing XGBClassifier object; and 2) Encode your labels (y) as integers starting with 0, i.e. 0, 1, 2, ..., [num_class - 1].
  warnings.warn(label_encoder_deprecation_msg, UserWarning)
[17:33:40] WARNING: ../src/learner.cc:223: No visible GPU is found, setting `gpu_id` to -1
[17:33:40] WARNING: ../src/learner.cc:1115: Starting in XGBoost 1.3.0, the default evaluation metric used with the objective 'binary:logistic' was changed from 'error' to 'logloss'. Explicitly set eval_metric if you'd like to restore the old behavior.
[I 2023-11-06 17:34:13,125] Trial 352 finished with value: 0.8707460979094018 and parameters: {'n_estimators': 8900, 'max_depth': 6, 'min_child_weight': 8, 'learning_rate': 0.014676115323099056, 'subsample': 0.9776241805829093, 'colsample_bytree': 0.15458830876244126, 'reg_alpha': 4.202616894732846, 'reg_lambda': 7.619774007475976, 'gamma': 1.0}. Best is trial 342 with value: 0.8708947894825139.
/home/stepa/.local/lib/python3.6/site-packages/xgboost/sklearn.py:1224: UserWarning: The use of label encoder in XGBClassifier is deprecated and will be removed in a future release. To remove this warning, do the following: 1) Pass option use_label_encoder=False when constructing XGBClassifier object; and 2) Encode your labels (y) as integers starting with 0, i.e. 0, 1, 2, ..., [num_class - 1].
  warnings.warn(label_encoder_deprecation_msg, UserWarning)
[17:34:13] WARNING: ../src/learner.cc:223: No visible GPU is found, setting `gpu_id` to -1
[17:34:13] WARNING: ../src/learner.cc:1115: Starting in XGBoost 1.3.0, the default evaluation metric used with the objective 'binary:logistic' was changed from 'error' to 'logloss'. Explicitly set eval_metric if you'd like to restore the old behavior.
[I 2023-11-06 17:34:46,690] Trial 353 finished with value: 0.8706293301984024 and parameters: {'n_estimators': 9000, 'max_depth': 6, 'min_child_weight': 8, 'learning_rate': 0.011407757493760528, 'subsample': 0.9821609468885707, 'colsample_bytree': 0.17983683021971275, 'reg_alpha': 4.206714395584632, 'reg_lambda': 7.452755601431502, 'gamma': 1.0}. Best is trial 342 with value: 0.8708947894825139.
/home/stepa/.local/lib/python3.6/site-packages/xgboost/sklearn.py:1224: UserWarning: The use of label encoder in XGBClassifier is deprecated and will be removed in a future release. To remove this warning, do the following: 1) Pass option use_label_encoder=False when constructing XGBClassifier object; and 2) Encode your labels (y) as integers starting with 0, i.e. 0, 1, 2, ..., [num_class - 1].
  warnings.warn(label_encoder_deprecation_msg, UserWarning)
[17:34:46] WARNING: ../src/learner.cc:223: No visible GPU is found, setting `gpu_id` to -1
[17:34:46] WARNING: ../src/learner.cc:1115: Starting in XGBoost 1.3.0, the default evaluation metric used with the objective 'binary:logistic' was changed from 'error' to 'logloss'. Explicitly set eval_metric if you'd like to restore the old behavior.
[I 2023-11-06 17:35:19,805] Trial 354 finished with value: 0.8706488534367256 and parameters: {'n_estimators': 8800, 'max_depth': 6, 'min_child_weight': 8, 'learning_rate': 0.013959602926773847, 'subsample': 0.9780045796392701, 'colsample_bytree': 0.21438580212794028, 'reg_alpha': 4.662452782306936, 'reg_lambda': 7.757675429358102, 'gamma': 0.8999999999999999}. Best is trial 342 with value: 0.8708947894825139.
/home/stepa/.local/lib/python3.6/site-packages/xgboost/sklearn.py:1224: UserWarning: The use of label encoder in XGBClassifier is deprecated and will be removed in a future release. To remove this warning, do the following: 1) Pass option use_label_encoder=False when constructing XGBClassifier object; and 2) Encode your labels (y) as integers starting with 0, i.e. 0, 1, 2, ..., [num_class - 1].
  warnings.warn(label_encoder_deprecation_msg, UserWarning)
[17:35:19] WARNING: ../src/learner.cc:223: No visible GPU is found, setting `gpu_id` to -1
[17:35:19] WARNING: ../src/learner.cc:1115: Starting in XGBoost 1.3.0, the default evaluation metric used with the objective 'binary:logistic' was changed from 'error' to 'logloss'. Explicitly set eval_metric if you'd like to restore the old behavior.
[I 2023-11-06 17:35:52,518] Trial 355 finished with value: 0.8707121675644072 and parameters: {'n_estimators': 8900, 'max_depth': 6, 'min_child_weight': 8, 'learning_rate': 0.014109796965881185, 'subsample': 0.9894288190023771, 'colsample_bytree': 0.1604543979449861, 'reg_alpha': 4.3911932606323045, 'reg_lambda': 8.036259980569792, 'gamma': 1.0}. Best is trial 342 with value: 0.8708947894825139.
/home/stepa/.local/lib/python3.6/site-packages/xgboost/sklearn.py:1224: UserWarning: The use of label encoder in XGBClassifier is deprecated and will be removed in a future release. To remove this warning, do the following: 1) Pass option use_label_encoder=False when constructing XGBClassifier object; and 2) Encode your labels (y) as integers starting with 0, i.e. 0, 1, 2, ..., [num_class - 1].
  warnings.warn(label_encoder_deprecation_msg, UserWarning)
[17:35:52] WARNING: ../src/learner.cc:223: No visible GPU is found, setting `gpu_id` to -1
[17:35:52] WARNING: ../src/learner.cc:1115: Starting in XGBoost 1.3.0, the default evaluation metric used with the objective 'binary:logistic' was changed from 'error' to 'logloss'. Explicitly set eval_metric if you'd like to restore the old behavior.
[I 2023-11-06 17:36:25,356] Trial 356 finished with value: 0.8706689642307934 and parameters: {'n_estimators': 8900, 'max_depth': 6, 'min_child_weight': 8, 'learning_rate': 0.012506542578008243, 'subsample': 0.9863812713780732, 'colsample_bytree': 0.13639622808320037, 'reg_alpha': 4.425641213497944, 'reg_lambda': 8.039519870641755, 'gamma': 1.0}. Best is trial 342 with value: 0.8708947894825139.
/home/stepa/.local/lib/python3.6/site-packages/xgboost/sklearn.py:1224: UserWarning: The use of label encoder in XGBClassifier is deprecated and will be removed in a future release. To remove this warning, do the following: 1) Pass option use_label_encoder=False when constructing XGBClassifier object; and 2) Encode your labels (y) as integers starting with 0, i.e. 0, 1, 2, ..., [num_class - 1].
  warnings.warn(label_encoder_deprecation_msg, UserWarning)
[17:36:25] WARNING: ../src/learner.cc:223: No visible GPU is found, setting `gpu_id` to -1
[17:36:25] WARNING: ../src/learner.cc:1115: Starting in XGBoost 1.3.0, the default evaluation metric used with the objective 'binary:logistic' was changed from 'error' to 'logloss'. Explicitly set eval_metric if you'd like to restore the old behavior.
[I 2023-11-06 17:36:58,771] Trial 357 finished with value: 0.8688909825769457 and parameters: {'n_estimators': 9000, 'max_depth': 6, 'min_child_weight': 8, 'learning_rate': 0.009776777451417964, 'subsample': 0.9920921593079148, 'colsample_bytree': 0.11448798909744477, 'reg_alpha': 4.194731946704513, 'reg_lambda': 8.254712206359821, 'gamma': 1.0}. Best is trial 342 with value: 0.8708947894825139.
/home/stepa/.local/lib/python3.6/site-packages/xgboost/sklearn.py:1224: UserWarning: The use of label encoder in XGBClassifier is deprecated and will be removed in a future release. To remove this warning, do the following: 1) Pass option use_label_encoder=False when constructing XGBClassifier object; and 2) Encode your labels (y) as integers starting with 0, i.e. 0, 1, 2, ..., [num_class - 1].
  warnings.warn(label_encoder_deprecation_msg, UserWarning)
[17:36:58] WARNING: ../src/learner.cc:223: No visible GPU is found, setting `gpu_id` to -1
[17:36:58] WARNING: ../src/learner.cc:1115: Starting in XGBoost 1.3.0, the default evaluation metric used with the objective 'binary:logistic' was changed from 'error' to 'logloss'. Explicitly set eval_metric if you'd like to restore the old behavior.
[I 2023-11-06 17:37:32,600] Trial 358 finished with value: 0.8707247460537109 and parameters: {'n_estimators': 9100, 'max_depth': 6, 'min_child_weight': 8, 'learning_rate': 0.01465358985294395, 'subsample': 0.9861448901645822, 'colsample_bytree': 0.15884148753623648, 'reg_alpha': 4.583808671338472, 'reg_lambda': 7.860365893738572, 'gamma': 1.0}. Best is trial 342 with value: 0.8708947894825139.
/home/stepa/.local/lib/python3.6/site-packages/xgboost/sklearn.py:1224: UserWarning: The use of label encoder in XGBClassifier is deprecated and will be removed in a future release. To remove this warning, do the following: 1) Pass option use_label_encoder=False when constructing XGBClassifier object; and 2) Encode your labels (y) as integers starting with 0, i.e. 0, 1, 2, ..., [num_class - 1].
  warnings.warn(label_encoder_deprecation_msg, UserWarning)
[17:37:32] WARNING: ../src/learner.cc:223: No visible GPU is found, setting `gpu_id` to -1
[17:37:32] WARNING: ../src/learner.cc:1115: Starting in XGBoost 1.3.0, the default evaluation metric used with the objective 'binary:logistic' was changed from 'error' to 'logloss'. Explicitly set eval_metric if you'd like to restore the old behavior.
[I 2023-11-06 17:38:09,167] Trial 359 finished with value: 0.868585105852784 and parameters: {'n_estimators': 9100, 'max_depth': 7, 'min_child_weight': 8, 'learning_rate': 0.044998788538568785, 'subsample': 0.9836930995416152, 'colsample_bytree': 0.1029216770604115, 'reg_alpha': 4.891607531381265, 'reg_lambda': 7.677503625390255, 'gamma': 1.0}. Best is trial 342 with value: 0.8708947894825139.
/home/stepa/.local/lib/python3.6/site-packages/xgboost/sklearn.py:1224: UserWarning: The use of label encoder in XGBClassifier is deprecated and will be removed in a future release. To remove this warning, do the following: 1) Pass option use_label_encoder=False when constructing XGBClassifier object; and 2) Encode your labels (y) as integers starting with 0, i.e. 0, 1, 2, ..., [num_class - 1].
  warnings.warn(label_encoder_deprecation_msg, UserWarning)
[17:38:09] WARNING: ../src/learner.cc:223: No visible GPU is found, setting `gpu_id` to -1
[17:38:09] WARNING: ../src/learner.cc:1115: Starting in XGBoost 1.3.0, the default evaluation metric used with the objective 'binary:logistic' was changed from 'error' to 'logloss'. Explicitly set eval_metric if you'd like to restore the old behavior.
