[I 2023-11-09 02:22:48,394] Trial 17 finished with value: 0.8700253648614253 and parameters: {'n_estimators': 9800, 'max_depth': 4, 'min_child_weight': 8, 'learning_rate': 0.000273543587685054, 'subsample': 0.9079678795458838, 'colsample_bytree': 0.11926194688509022, 'reg_alpha': 4.356774550700903, 'reg_lambda': 4.098168486947172, 'gamma': 0.7999999999999999}. Best is trial 17 with value: 0.8700253648614253.
/home/stepa/.local/lib/python3.6/site-packages/xgboost/sklearn.py:1224: UserWarning: The use of label encoder in XGBClassifier is deprecated and will be removed in a future release. To remove this warning, do the following: 1) Pass option use_label_encoder=False when constructing XGBClassifier object; and 2) Encode your labels (y) as integers starting with 0, i.e. 0, 1, 2, ..., [num_class - 1].
  warnings.warn(label_encoder_deprecation_msg, UserWarning)
[02:22:48] WARNING: ../src/learner.cc:223: No visible GPU is found, setting `gpu_id` to -1
[02:22:48] WARNING: ../src/learner.cc:1115: Starting in XGBoost 1.3.0, the default evaluation metric used with the objective 'binary:logistic' was changed from 'error' to 'logloss'. Explicitly set eval_metric if you'd like to restore the old behavior.
[I 2023-11-09 02:23:31,505] Trial 18 finished with value: 0.8670852499058643 and parameters: {'n_estimators': 10200, 'max_depth': 4, 'min_child_weight': 8, 'learning_rate': 0.00029907130507153713, 'subsample': 0.913407771201142, 'colsample_bytree': 0.6693122202149764, 'reg_alpha': 4.257364997604893, 'reg_lambda': 4.295994153481334, 'gamma': 0.7999999999999999}. Best is trial 17 with value: 0.8700253648614253.
/home/stepa/.local/lib/python3.6/site-packages/xgboost/sklearn.py:1224: UserWarning: The use of label encoder in XGBClassifier is deprecated and will be removed in a future release. To remove this warning, do the following: 1) Pass option use_label_encoder=False when constructing XGBClassifier object; and 2) Encode your labels (y) as integers starting with 0, i.e. 0, 1, 2, ..., [num_class - 1].
  warnings.warn(label_encoder_deprecation_msg, UserWarning)
[02:23:31] WARNING: ../src/learner.cc:223: No visible GPU is found, setting `gpu_id` to -1
[02:23:31] WARNING: ../src/learner.cc:1115: Starting in XGBoost 1.3.0, the default evaluation metric used with the objective 'binary:logistic' was changed from 'error' to 'logloss'. Explicitly set eval_metric if you'd like to restore the old behavior.
[I 2023-11-09 02:24:02,637] Trial 19 finished with value: 0.8634291363225934 and parameters: {'n_estimators': 7500, 'max_depth': 5, 'min_child_weight': 8, 'learning_rate': 0.0017699993371356202, 'subsample': 0.7954021837082456, 'colsample_bytree': 0.45856311179525877, 'reg_alpha': 3.753113328142633, 'reg_lambda': 6.109578763917265, 'gamma': 0.7999999999999999}. Best is trial 17 with value: 0.8700253648614253.
/home/stepa/.local/lib/python3.6/site-packages/xgboost/sklearn.py:1224: UserWarning: The use of label encoder in XGBClassifier is deprecated and will be removed in a future release. To remove this warning, do the following: 1) Pass option use_label_encoder=False when constructing XGBClassifier object; and 2) Encode your labels (y) as integers starting with 0, i.e. 0, 1, 2, ..., [num_class - 1].
  warnings.warn(label_encoder_deprecation_msg, UserWarning)
[02:24:02] WARNING: ../src/learner.cc:223: No visible GPU is found, setting `gpu_id` to -1
[02:24:02] WARNING: ../src/learner.cc:1115: Starting in XGBoost 1.3.0, the default evaluation metric used with the objective 'binary:logistic' was changed from 'error' to 'logloss'. Explicitly set eval_metric if you'd like to restore the old behavior.
[I 2023-11-09 02:24:49,860] Trial 20 finished with value: 0.8674975921306093 and parameters: {'n_estimators': 10300, 'max_depth': 5, 'min_child_weight': 8, 'learning_rate': 0.00021210314948765972, 'subsample': 0.9161502336222813, 'colsample_bytree': 0.28221349280352553, 'reg_alpha': 5.60510405850586, 'reg_lambda': 3.7672560952714718, 'gamma': 0.8999999999999999}. Best is trial 17 with value: 0.8700253648614253.
/home/stepa/.local/lib/python3.6/site-packages/xgboost/sklearn.py:1224: UserWarning: The use of label encoder in XGBClassifier is deprecated and will be removed in a future release. To remove this warning, do the following: 1) Pass option use_label_encoder=False when constructing XGBClassifier object; and 2) Encode your labels (y) as integers starting with 0, i.e. 0, 1, 2, ..., [num_class - 1].
  warnings.warn(label_encoder_deprecation_msg, UserWarning)
[02:24:49] WARNING: ../src/learner.cc:223: No visible GPU is found, setting `gpu_id` to -1
[02:24:49] WARNING: ../src/learner.cc:1115: Starting in XGBoost 1.3.0, the default evaluation metric used with the objective 'binary:logistic' was changed from 'error' to 'logloss'. Explicitly set eval_metric if you'd like to restore the old behavior.
[I 2023-11-09 02:25:40,093] Trial 21 finished with value: 0.8698582871901892 and parameters: {'n_estimators': 9400, 'max_depth': 7, 'min_child_weight': 8, 'learning_rate': 0.0001118439009336249, 'subsample': 0.9696044891013823, 'colsample_bytree': 0.1200746627660001, 'reg_alpha': 8.33748339456849, 'reg_lambda': 2.3773981299891678, 'gamma': 0.7}. Best is trial 17 with value: 0.8700253648614253.
/home/stepa/.local/lib/python3.6/site-packages/xgboost/sklearn.py:1224: UserWarning: The use of label encoder in XGBClassifier is deprecated and will be removed in a future release. To remove this warning, do the following: 1) Pass option use_label_encoder=False when constructing XGBClassifier object; and 2) Encode your labels (y) as integers starting with 0, i.e. 0, 1, 2, ..., [num_class - 1].
  warnings.warn(label_encoder_deprecation_msg, UserWarning)
[02:25:40] WARNING: ../src/learner.cc:223: No visible GPU is found, setting `gpu_id` to -1
[02:25:40] WARNING: ../src/learner.cc:1115: Starting in XGBoost 1.3.0, the default evaluation metric used with the objective 'binary:logistic' was changed from 'error' to 'logloss'. Explicitly set eval_metric if you'd like to restore the old behavior.
[I 2023-11-09 02:26:31,135] Trial 22 finished with value: 0.865429042177777 and parameters: {'n_estimators': 9700, 'max_depth': 7, 'min_child_weight': 8, 'learning_rate': 0.000602950385908749, 'subsample': 0.9598260203051135, 'colsample_bytree': 0.18619263729686591, 'reg_alpha': 8.35047962038931, 'reg_lambda': 2.1650015875486304, 'gamma': 0.7}. Best is trial 17 with value: 0.8700253648614253.
/home/stepa/.local/lib/python3.6/site-packages/xgboost/sklearn.py:1224: UserWarning: The use of label encoder in XGBClassifier is deprecated and will be removed in a future release. To remove this warning, do the following: 1) Pass option use_label_encoder=False when constructing XGBClassifier object; and 2) Encode your labels (y) as integers starting with 0, i.e. 0, 1, 2, ..., [num_class - 1].
  warnings.warn(label_encoder_deprecation_msg, UserWarning)
[02:26:31] WARNING: ../src/learner.cc:223: No visible GPU is found, setting `gpu_id` to -1
[02:26:31] WARNING: ../src/learner.cc:1115: Starting in XGBoost 1.3.0, the default evaluation metric used with the objective 'binary:logistic' was changed from 'error' to 'logloss'. Explicitly set eval_metric if you'd like to restore the old behavior.
[I 2023-11-09 02:27:11,345] Trial 23 finished with value: 0.8699114410001683 and parameters: {'n_estimators': 8800, 'max_depth': 5, 'min_child_weight': 8, 'learning_rate': 0.0001657677279993009, 'subsample': 0.9693593763170908, 'colsample_bytree': 0.10820450153697368, 'reg_alpha': 8.61490061636124, 'reg_lambda': 1.9661089622520873, 'gamma': 0.7999999999999999}. Best is trial 17 with value: 0.8700253648614253.
/home/stepa/.local/lib/python3.6/site-packages/xgboost/sklearn.py:1224: UserWarning: The use of label encoder in XGBClassifier is deprecated and will be removed in a future release. To remove this warning, do the following: 1) Pass option use_label_encoder=False when constructing XGBClassifier object; and 2) Encode your labels (y) as integers starting with 0, i.e. 0, 1, 2, ..., [num_class - 1].
  warnings.warn(label_encoder_deprecation_msg, UserWarning)
[02:27:11] WARNING: ../src/learner.cc:223: No visible GPU is found, setting `gpu_id` to -1
[02:27:11] WARNING: ../src/learner.cc:1115: Starting in XGBoost 1.3.0, the default evaluation metric used with the objective 'binary:logistic' was changed from 'error' to 'logloss'. Explicitly set eval_metric if you'd like to restore the old behavior.
[I 2023-11-09 02:27:50,643] Trial 24 finished with value: 0.8690842664334756 and parameters: {'n_estimators': 8600, 'max_depth': 5, 'min_child_weight': 8, 'learning_rate': 0.00018291187499938147, 'subsample': 0.9344182295128964, 'colsample_bytree': 0.17862254465684602, 'reg_alpha': 8.677368765381226, 'reg_lambda': 1.3167755964792143, 'gamma': 0.7999999999999999}. Best is trial 17 with value: 0.8700253648614253.
/home/stepa/.local/lib/python3.6/site-packages/xgboost/sklearn.py:1224: UserWarning: The use of label encoder in XGBClassifier is deprecated and will be removed in a future release. To remove this warning, do the following: 1) Pass option use_label_encoder=False when constructing XGBClassifier object; and 2) Encode your labels (y) as integers starting with 0, i.e. 0, 1, 2, ..., [num_class - 1].
  warnings.warn(label_encoder_deprecation_msg, UserWarning)
[02:27:50] WARNING: ../src/learner.cc:223: No visible GPU is found, setting `gpu_id` to -1
[02:27:50] WARNING: ../src/learner.cc:1115: Starting in XGBoost 1.3.0, the default evaluation metric used with the objective 'binary:logistic' was changed from 'error' to 'logloss'. Explicitly set eval_metric if you'd like to restore the old behavior.
[I 2023-11-09 02:28:27,835] Trial 25 finished with value: 0.8675866328062422 and parameters: {'n_estimators': 9300, 'max_depth': 4, 'min_child_weight': 8, 'learning_rate': 0.0004977989990230414, 'subsample': 0.9192509303952631, 'colsample_bytree': 0.2681712957965492, 'reg_alpha': 6.233731249010695, 'reg_lambda': 0.8477381880474057, 'gamma': 0.7999999999999999}. Best is trial 17 with value: 0.8700253648614253.
/home/stepa/.local/lib/python3.6/site-packages/xgboost/sklearn.py:1224: UserWarning: The use of label encoder in XGBClassifier is deprecated and will be removed in a future release. To remove this warning, do the following: 1) Pass option use_label_encoder=False when constructing XGBClassifier object; and 2) Encode your labels (y) as integers starting with 0, i.e. 0, 1, 2, ..., [num_class - 1].
  warnings.warn(label_encoder_deprecation_msg, UserWarning)
[02:28:27] WARNING: ../src/learner.cc:223: No visible GPU is found, setting `gpu_id` to -1
[02:28:27] WARNING: ../src/learner.cc:1115: Starting in XGBoost 1.3.0, the default evaluation metric used with the objective 'binary:logistic' was changed from 'error' to 'logloss'. Explicitly set eval_metric if you'd like to restore the old behavior.
[I 2023-11-09 02:29:04,382] Trial 26 finished with value: 0.8638535773992997 and parameters: {'n_estimators': 7900, 'max_depth': 6, 'min_child_weight': 8, 'learning_rate': 0.0010733342558557075, 'subsample': 0.9684359362588284, 'colsample_bytree': 0.3336651819348009, 'reg_alpha': 0.09473958745411082, 'reg_lambda': 3.838481987241039, 'gamma': 0.8999999999999999}. Best is trial 17 with value: 0.8700253648614253.
/home/stepa/.local/lib/python3.6/site-packages/xgboost/sklearn.py:1224: UserWarning: The use of label encoder in XGBClassifier is deprecated and will be removed in a future release. To remove this warning, do the following: 1) Pass option use_label_encoder=False when constructing XGBClassifier object; and 2) Encode your labels (y) as integers starting with 0, i.e. 0, 1, 2, ..., [num_class - 1].
  warnings.warn(label_encoder_deprecation_msg, UserWarning)
[02:29:04] WARNING: ../src/learner.cc:223: No visible GPU is found, setting `gpu_id` to -1
[02:29:04] WARNING: ../src/learner.cc:1115: Starting in XGBoost 1.3.0, the default evaluation metric used with the objective 'binary:logistic' was changed from 'error' to 'logloss'. Explicitly set eval_metric if you'd like to restore the old behavior.
[I 2023-11-09 02:29:51,974] Trial 27 finished with value: 0.8688818374916178 and parameters: {'n_estimators': 10500, 'max_depth': 5, 'min_child_weight': 8, 'learning_rate': 0.00019301415906673402, 'subsample': 0.8912175903387024, 'colsample_bytree': 0.1738006684235042, 'reg_alpha': 8.747852723554434, 'reg_lambda': 5.171797870666903, 'gamma': 0.7999999999999999}. Best is trial 17 with value: 0.8700253648614253.
/home/stepa/.local/lib/python3.6/site-packages/xgboost/sklearn.py:1224: UserWarning: The use of label encoder in XGBClassifier is deprecated and will be removed in a future release. To remove this warning, do the following: 1) Pass option use_label_encoder=False when constructing XGBClassifier object; and 2) Encode your labels (y) as integers starting with 0, i.e. 0, 1, 2, ..., [num_class - 1].
  warnings.warn(label_encoder_deprecation_msg, UserWarning)
[02:29:52] WARNING: ../src/learner.cc:223: No visible GPU is found, setting `gpu_id` to -1
[02:29:52] WARNING: ../src/learner.cc:1115: Starting in XGBoost 1.3.0, the default evaluation metric used with the objective 'binary:logistic' was changed from 'error' to 'logloss'. Explicitly set eval_metric if you'd like to restore the old behavior.
[I 2023-11-09 02:30:27,041] Trial 28 finished with value: 0.8622134495131155 and parameters: {'n_estimators': 9500, 'max_depth': 4, 'min_child_weight': 8, 'learning_rate': 0.008576679554370532, 'subsample': 0.8170581030119564, 'colsample_bytree': 0.387587161300835, 'reg_alpha': 7.352612846344664, 'reg_lambda': 1.8763613435711481, 'gamma': 0.7999999999999999}. Best is trial 17 with value: 0.8700253648614253.
/home/stepa/.local/lib/python3.6/site-packages/xgboost/sklearn.py:1224: UserWarning: The use of label encoder in XGBClassifier is deprecated and will be removed in a future release. To remove this warning, do the following: 1) Pass option use_label_encoder=False when constructing XGBClassifier object; and 2) Encode your labels (y) as integers starting with 0, i.e. 0, 1, 2, ..., [num_class - 1].
  warnings.warn(label_encoder_deprecation_msg, UserWarning)
[02:30:27] WARNING: ../src/learner.cc:223: No visible GPU is found, setting `gpu_id` to -1
[02:30:27] WARNING: ../src/learner.cc:1115: Starting in XGBoost 1.3.0, the default evaluation metric used with the objective 'binary:logistic' was changed from 'error' to 'logloss'. Explicitly set eval_metric if you'd like to restore the old behavior.
[I 2023-11-09 02:31:07,389] Trial 29 finished with value: 0.8651120618491394 and parameters: {'n_estimators': 7100, 'max_depth': 7, 'min_child_weight': 7, 'learning_rate': 0.0004347241815646198, 'subsample': 0.9706115175815223, 'colsample_bytree': 0.43804593201523706, 'reg_alpha': 9.732491054214474, 'reg_lambda': 2.699631558101462, 'gamma': 0.8999999999999999}. Best is trial 17 with value: 0.8700253648614253.
/home/stepa/.local/lib/python3.6/site-packages/xgboost/sklearn.py:1224: UserWarning: The use of label encoder in XGBClassifier is deprecated and will be removed in a future release. To remove this warning, do the following: 1) Pass option use_label_encoder=False when constructing XGBClassifier object; and 2) Encode your labels (y) as integers starting with 0, i.e. 0, 1, 2, ..., [num_class - 1].
  warnings.warn(label_encoder_deprecation_msg, UserWarning)
[02:31:07] WARNING: ../src/learner.cc:223: No visible GPU is found, setting `gpu_id` to -1
[02:31:07] WARNING: ../src/learner.cc:1115: Starting in XGBoost 1.3.0, the default evaluation metric used with the objective 'binary:logistic' was changed from 'error' to 'logloss'. Explicitly set eval_metric if you'd like to restore the old behavior.
[I 2023-11-09 02:31:51,121] Trial 30 finished with value: 0.8686180489442489 and parameters: {'n_estimators': 8800, 'max_depth': 6, 'min_child_weight': 8, 'learning_rate': 0.0001671802192204199, 'subsample': 0.9247662734776634, 'colsample_bytree': 0.16016863247449692, 'reg_alpha': 5.064898022127787, 'reg_lambda': 8.897400773955216, 'gamma': 0.7999999999999999}. Best is trial 17 with value: 0.8700253648614253.
/home/stepa/.local/lib/python3.6/site-packages/xgboost/sklearn.py:1224: UserWarning: The use of label encoder in XGBClassifier is deprecated and will be removed in a future release. To remove this warning, do the following: 1) Pass option use_label_encoder=False when constructing XGBClassifier object; and 2) Encode your labels (y) as integers starting with 0, i.e. 0, 1, 2, ..., [num_class - 1].
  warnings.warn(label_encoder_deprecation_msg, UserWarning)
[02:31:51] WARNING: ../src/learner.cc:223: No visible GPU is found, setting `gpu_id` to -1
[02:31:51] WARNING: ../src/learner.cc:1115: Starting in XGBoost 1.3.0, the default evaluation metric used with the objective 'binary:logistic' was changed from 'error' to 'logloss'. Explicitly set eval_metric if you'd like to restore the old behavior.
[I 2023-11-09 02:32:31,110] Trial 31 finished with value: 0.8697716047314896 and parameters: {'n_estimators': 8900, 'max_depth': 5, 'min_child_weight': 8, 'learning_rate': 0.0002675567566112301, 'subsample': 0.9763683043390831, 'colsample_bytree': 0.12242440894467678, 'reg_alpha': 7.814896947934024, 'reg_lambda': 2.397591518046365, 'gamma': 0.7}. Best is trial 17 with value: 0.8700253648614253.
/home/stepa/.local/lib/python3.6/site-packages/xgboost/sklearn.py:1224: UserWarning: The use of label encoder in XGBClassifier is deprecated and will be removed in a future release. To remove this warning, do the following: 1) Pass option use_label_encoder=False when constructing XGBClassifier object; and 2) Encode your labels (y) as integers starting with 0, i.e. 0, 1, 2, ..., [num_class - 1].
  warnings.warn(label_encoder_deprecation_msg, UserWarning)
[02:32:31] WARNING: ../src/learner.cc:223: No visible GPU is found, setting `gpu_id` to -1
[02:32:31] WARNING: ../src/learner.cc:1115: Starting in XGBoost 1.3.0, the default evaluation metric used with the objective 'binary:logistic' was changed from 'error' to 'logloss'. Explicitly set eval_metric if you'd like to restore the old behavior.
[I 2023-11-09 02:33:19,858] Trial 32 finished with value: 0.8698472835101597 and parameters: {'n_estimators': 9700, 'max_depth': 6, 'min_child_weight': 8, 'learning_rate': 0.00015166232118008445, 'subsample': 0.9546700283971506, 'colsample_bytree': 0.10064090728212409, 'reg_alpha': 9.10368023069231, 'reg_lambda': 0.6903716309957826, 'gamma': 0.7}. Best is trial 17 with value: 0.8700253648614253.
/home/stepa/.local/lib/python3.6/site-packages/xgboost/sklearn.py:1224: UserWarning: The use of label encoder in XGBClassifier is deprecated and will be removed in a future release. To remove this warning, do the following: 1) Pass option use_label_encoder=False when constructing XGBClassifier object; and 2) Encode your labels (y) as integers starting with 0, i.e. 0, 1, 2, ..., [num_class - 1].
  warnings.warn(label_encoder_deprecation_msg, UserWarning)
[02:33:19] WARNING: ../src/learner.cc:223: No visible GPU is found, setting `gpu_id` to -1
[02:33:19] WARNING: ../src/learner.cc:1115: Starting in XGBoost 1.3.0, the default evaluation metric used with the objective 'binary:logistic' was changed from 'error' to 'logloss'. Explicitly set eval_metric if you'd like to restore the old behavior.
[I 2023-11-09 02:33:57,705] Trial 33 finished with value: 0.8692698601046159 and parameters: {'n_estimators': 9100, 'max_depth': 4, 'min_child_weight': 8, 'learning_rate': 0.00011881354286926537, 'subsample': 0.9836540458295125, 'colsample_bytree': 0.2400720917237687, 'reg_alpha': 7.338030516238474, 'reg_lambda': 3.5224634954577407, 'gamma': 1.0}. Best is trial 17 with value: 0.8700253648614253.
/home/stepa/.local/lib/python3.6/site-packages/xgboost/sklearn.py:1224: UserWarning: The use of label encoder in XGBClassifier is deprecated and will be removed in a future release. To remove this warning, do the following: 1) Pass option use_label_encoder=False when constructing XGBClassifier object; and 2) Encode your labels (y) as integers starting with 0, i.e. 0, 1, 2, ..., [num_class - 1].
  warnings.warn(label_encoder_deprecation_msg, UserWarning)
[02:33:57] WARNING: ../src/learner.cc:223: No visible GPU is found, setting `gpu_id` to -1
[02:33:57] WARNING: ../src/learner.cc:1115: Starting in XGBoost 1.3.0, the default evaluation metric used with the objective 'binary:logistic' was changed from 'error' to 'logloss'. Explicitly set eval_metric if you'd like to restore the old behavior.
[I 2023-11-09 02:34:46,344] Trial 34 finished with value: 0.8645247419264315 and parameters: {'n_estimators': 8100, 'max_depth': 7, 'min_child_weight': 8, 'learning_rate': 0.00038824843106741717, 'subsample': 0.8993296487574292, 'colsample_bytree': 0.6504886267650877, 'reg_alpha': 6.058894610310546, 'reg_lambda': 1.6941538586811575, 'gamma': 0.7}. Best is trial 17 with value: 0.8700253648614253.
/home/stepa/.local/lib/python3.6/site-packages/xgboost/sklearn.py:1224: UserWarning: The use of label encoder in XGBClassifier is deprecated and will be removed in a future release. To remove this warning, do the following: 1) Pass option use_label_encoder=False when constructing XGBClassifier object; and 2) Encode your labels (y) as integers starting with 0, i.e. 0, 1, 2, ..., [num_class - 1].
  warnings.warn(label_encoder_deprecation_msg, UserWarning)
[02:34:46] WARNING: ../src/learner.cc:223: No visible GPU is found, setting `gpu_id` to -1
[02:34:46] WARNING: ../src/learner.cc:1115: Starting in XGBoost 1.3.0, the default evaluation metric used with the objective 'binary:logistic' was changed from 'error' to 'logloss'. Explicitly set eval_metric if you'd like to restore the old behavior.
