[I 2023-11-06 17:38:43,907] Trial 360 finished with value: 0.8708370371495149 and parameters: {'n_estimators': 9400, 'max_depth': 6, 'min_child_weight': 8, 'learning_rate': 0.014779798923130643, 'subsample': 0.9753233398837364, 'colsample_bytree': 0.15680939811966063, 'reg_alpha': 4.652801530786432, 'reg_lambda': 7.566281572348131, 'gamma': 0.8999999999999999}. Best is trial 342 with value: 0.8708947894825139.
/home/stepa/.local/lib/python3.6/site-packages/xgboost/sklearn.py:1224: UserWarning: The use of label encoder in XGBClassifier is deprecated and will be removed in a future release. To remove this warning, do the following: 1) Pass option use_label_encoder=False when constructing XGBClassifier object; and 2) Encode your labels (y) as integers starting with 0, i.e. 0, 1, 2, ..., [num_class - 1].
  warnings.warn(label_encoder_deprecation_msg, UserWarning)
[17:38:43] WARNING: ../src/learner.cc:223: No visible GPU is found, setting `gpu_id` to -1
[17:38:43] WARNING: ../src/learner.cc:1115: Starting in XGBoost 1.3.0, the default evaluation metric used with the objective 'binary:logistic' was changed from 'error' to 'logloss'. Explicitly set eval_metric if you'd like to restore the old behavior.
[I 2023-11-06 17:39:17,069] Trial 361 finished with value: 0.870396320378991 and parameters: {'n_estimators': 8700, 'max_depth': 6, 'min_child_weight': 8, 'learning_rate': 0.012761198761123948, 'subsample': 0.977353980601184, 'colsample_bytree': 0.1789098595675763, 'reg_alpha': 9.799203973519731, 'reg_lambda': 7.848967376120786, 'gamma': 1.0}. Best is trial 342 with value: 0.8708947894825139.
/home/stepa/.local/lib/python3.6/site-packages/xgboost/sklearn.py:1224: UserWarning: The use of label encoder in XGBClassifier is deprecated and will be removed in a future release. To remove this warning, do the following: 1) Pass option use_label_encoder=False when constructing XGBClassifier object; and 2) Encode your labels (y) as integers starting with 0, i.e. 0, 1, 2, ..., [num_class - 1].
  warnings.warn(label_encoder_deprecation_msg, UserWarning)
[17:39:17] WARNING: ../src/learner.cc:223: No visible GPU is found, setting `gpu_id` to -1
[17:39:17] WARNING: ../src/learner.cc:1115: Starting in XGBoost 1.3.0, the default evaluation metric used with the objective 'binary:logistic' was changed from 'error' to 'logloss'. Explicitly set eval_metric if you'd like to restore the old behavior.
[I 2023-11-06 17:39:50,907] Trial 362 finished with value: 0.8704709519494633 and parameters: {'n_estimators': 9200, 'max_depth': 6, 'min_child_weight': 8, 'learning_rate': 0.010745732173466405, 'subsample': 0.9953266992296582, 'colsample_bytree': 0.16018665457084344, 'reg_alpha': 4.518658548586813, 'reg_lambda': 7.667981089604925, 'gamma': 1.0}. Best is trial 342 with value: 0.8708947894825139.
/home/stepa/.local/lib/python3.6/site-packages/xgboost/sklearn.py:1224: UserWarning: The use of label encoder in XGBClassifier is deprecated and will be removed in a future release. To remove this warning, do the following: 1) Pass option use_label_encoder=False when constructing XGBClassifier object; and 2) Encode your labels (y) as integers starting with 0, i.e. 0, 1, 2, ..., [num_class - 1].
  warnings.warn(label_encoder_deprecation_msg, UserWarning)
[17:39:50] WARNING: ../src/learner.cc:223: No visible GPU is found, setting `gpu_id` to -1
[17:39:50] WARNING: ../src/learner.cc:1115: Starting in XGBoost 1.3.0, the default evaluation metric used with the objective 'binary:logistic' was changed from 'error' to 'logloss'. Explicitly set eval_metric if you'd like to restore the old behavior.
[I 2023-11-06 17:40:25,595] Trial 363 finished with value: 0.8705727549753811 and parameters: {'n_estimators': 9300, 'max_depth': 6, 'min_child_weight': 8, 'learning_rate': 0.014673276997723503, 'subsample': 0.9879491227310869, 'colsample_bytree': 0.198781273674356, 'reg_alpha': 5.0776262035747175, 'reg_lambda': 7.255415362632392, 'gamma': 1.0}. Best is trial 342 with value: 0.8708947894825139.
/home/stepa/.local/lib/python3.6/site-packages/xgboost/sklearn.py:1224: UserWarning: The use of label encoder in XGBClassifier is deprecated and will be removed in a future release. To remove this warning, do the following: 1) Pass option use_label_encoder=False when constructing XGBClassifier object; and 2) Encode your labels (y) as integers starting with 0, i.e. 0, 1, 2, ..., [num_class - 1].
  warnings.warn(label_encoder_deprecation_msg, UserWarning)
[17:40:25] WARNING: ../src/learner.cc:223: No visible GPU is found, setting `gpu_id` to -1
[17:40:25] WARNING: ../src/learner.cc:1115: Starting in XGBoost 1.3.0, the default evaluation metric used with the objective 'binary:logistic' was changed from 'error' to 'logloss'. Explicitly set eval_metric if you'd like to restore the old behavior.
[I 2023-11-06 17:40:59,881] Trial 364 finished with value: 0.870789565043554 and parameters: {'n_estimators': 9200, 'max_depth': 6, 'min_child_weight': 8, 'learning_rate': 0.01542154180378319, 'subsample': 0.9753075446062014, 'colsample_bytree': 0.16267137831563647, 'reg_alpha': 4.612322416425363, 'reg_lambda': 7.804528973710971, 'gamma': 1.0}. Best is trial 342 with value: 0.8708947894825139.
/home/stepa/.local/lib/python3.6/site-packages/xgboost/sklearn.py:1224: UserWarning: The use of label encoder in XGBClassifier is deprecated and will be removed in a future release. To remove this warning, do the following: 1) Pass option use_label_encoder=False when constructing XGBClassifier object; and 2) Encode your labels (y) as integers starting with 0, i.e. 0, 1, 2, ..., [num_class - 1].
  warnings.warn(label_encoder_deprecation_msg, UserWarning)
[17:40:59] WARNING: ../src/learner.cc:223: No visible GPU is found, setting `gpu_id` to -1
[17:40:59] WARNING: ../src/learner.cc:1115: Starting in XGBoost 1.3.0, the default evaluation metric used with the objective 'binary:logistic' was changed from 'error' to 'logloss'. Explicitly set eval_metric if you'd like to restore the old behavior.
[I 2023-11-06 17:41:29,702] Trial 365 finished with value: 0.8705038071074156 and parameters: {'n_estimators': 9100, 'max_depth': 5, 'min_child_weight': 8, 'learning_rate': 0.014868658475309755, 'subsample': 0.9740238947866511, 'colsample_bytree': 0.16865494861542144, 'reg_alpha': 4.156208457272975, 'reg_lambda': 8.07537972097101, 'gamma': 1.0}. Best is trial 342 with value: 0.8708947894825139.
/home/stepa/.local/lib/python3.6/site-packages/xgboost/sklearn.py:1224: UserWarning: The use of label encoder in XGBClassifier is deprecated and will be removed in a future release. To remove this warning, do the following: 1) Pass option use_label_encoder=False when constructing XGBClassifier object; and 2) Encode your labels (y) as integers starting with 0, i.e. 0, 1, 2, ..., [num_class - 1].
  warnings.warn(label_encoder_deprecation_msg, UserWarning)
[17:41:29] WARNING: ../src/learner.cc:223: No visible GPU is found, setting `gpu_id` to -1
[17:41:29] WARNING: ../src/learner.cc:1115: Starting in XGBoost 1.3.0, the default evaluation metric used with the objective 'binary:logistic' was changed from 'error' to 'logloss'. Explicitly set eval_metric if you'd like to restore the old behavior.
[I 2023-11-06 17:42:04,301] Trial 366 finished with value: 0.870609235392246 and parameters: {'n_estimators': 9200, 'max_depth': 6, 'min_child_weight': 8, 'learning_rate': 0.011684636572475485, 'subsample': 0.9806765906153044, 'colsample_bytree': 0.18798819458086788, 'reg_alpha': 4.29338332392807, 'reg_lambda': 7.888255021389002, 'gamma': 1.0}. Best is trial 342 with value: 0.8708947894825139.
/home/stepa/.local/lib/python3.6/site-packages/xgboost/sklearn.py:1224: UserWarning: The use of label encoder in XGBClassifier is deprecated and will be removed in a future release. To remove this warning, do the following: 1) Pass option use_label_encoder=False when constructing XGBClassifier object; and 2) Encode your labels (y) as integers starting with 0, i.e. 0, 1, 2, ..., [num_class - 1].
  warnings.warn(label_encoder_deprecation_msg, UserWarning)
[17:42:04] WARNING: ../src/learner.cc:223: No visible GPU is found, setting `gpu_id` to -1
[17:42:04] WARNING: ../src/learner.cc:1115: Starting in XGBoost 1.3.0, the default evaluation metric used with the objective 'binary:logistic' was changed from 'error' to 'logloss'. Explicitly set eval_metric if you'd like to restore the old behavior.
[I 2023-11-06 17:42:40,125] Trial 367 finished with value: 0.8706725375289941 and parameters: {'n_estimators': 9600, 'max_depth': 6, 'min_child_weight': 8, 'learning_rate': 0.01284676090315626, 'subsample': 0.9721370928679613, 'colsample_bytree': 0.14512828838417272, 'reg_alpha': 4.74254390006948, 'reg_lambda': 8.538073947181411, 'gamma': 1.0}. Best is trial 342 with value: 0.8708947894825139.
/home/stepa/.local/lib/python3.6/site-packages/xgboost/sklearn.py:1224: UserWarning: The use of label encoder in XGBClassifier is deprecated and will be removed in a future release. To remove this warning, do the following: 1) Pass option use_label_encoder=False when constructing XGBClassifier object; and 2) Encode your labels (y) as integers starting with 0, i.e. 0, 1, 2, ..., [num_class - 1].
  warnings.warn(label_encoder_deprecation_msg, UserWarning)
[17:42:40] WARNING: ../src/learner.cc:223: No visible GPU is found, setting `gpu_id` to -1
[17:42:40] WARNING: ../src/learner.cc:1115: Starting in XGBoost 1.3.0, the default evaluation metric used with the objective 'binary:logistic' was changed from 'error' to 'logloss'. Explicitly set eval_metric if you'd like to restore the old behavior.
[I 2023-11-06 17:43:14,464] Trial 368 finished with value: 0.8706219777576416 and parameters: {'n_estimators': 9300, 'max_depth': 6, 'min_child_weight': 8, 'learning_rate': 0.015422289483424417, 'subsample': 0.9771486865926811, 'colsample_bytree': 0.17444687201524756, 'reg_alpha': 3.913767802988704, 'reg_lambda': 7.858430416294226, 'gamma': 1.0}. Best is trial 342 with value: 0.8708947894825139.
/home/stepa/.local/lib/python3.6/site-packages/xgboost/sklearn.py:1224: UserWarning: The use of label encoder in XGBClassifier is deprecated and will be removed in a future release. To remove this warning, do the following: 1) Pass option use_label_encoder=False when constructing XGBClassifier object; and 2) Encode your labels (y) as integers starting with 0, i.e. 0, 1, 2, ..., [num_class - 1].
  warnings.warn(label_encoder_deprecation_msg, UserWarning)
[17:43:14] WARNING: ../src/learner.cc:223: No visible GPU is found, setting `gpu_id` to -1
[17:43:14] WARNING: ../src/learner.cc:1115: Starting in XGBoost 1.3.0, the default evaluation metric used with the objective 'binary:logistic' was changed from 'error' to 'logloss'. Explicitly set eval_metric if you'd like to restore the old behavior.
[I 2023-11-06 17:43:59,991] Trial 369 finished with value: 0.8695725752192961 and parameters: {'n_estimators': 9500, 'max_depth': 8, 'min_child_weight': 8, 'learning_rate': 0.015706990930157556, 'subsample': 0.9693364529251517, 'colsample_bytree': 0.2098278793848982, 'reg_alpha': 4.944924835415491, 'reg_lambda': 7.639471389975724, 'gamma': 1.0}. Best is trial 342 with value: 0.8708947894825139.
/home/stepa/.local/lib/python3.6/site-packages/xgboost/sklearn.py:1224: UserWarning: The use of label encoder in XGBClassifier is deprecated and will be removed in a future release. To remove this warning, do the following: 1) Pass option use_label_encoder=False when constructing XGBClassifier object; and 2) Encode your labels (y) as integers starting with 0, i.e. 0, 1, 2, ..., [num_class - 1].
  warnings.warn(label_encoder_deprecation_msg, UserWarning)
[17:44:00] WARNING: ../src/learner.cc:223: No visible GPU is found, setting `gpu_id` to -1
[17:44:00] WARNING: ../src/learner.cc:1115: Starting in XGBoost 1.3.0, the default evaluation metric used with the objective 'binary:logistic' was changed from 'error' to 'logloss'. Explicitly set eval_metric if you'd like to restore the old behavior.
[I 2023-11-06 17:44:34,917] Trial 370 finished with value: 0.870167101693073 and parameters: {'n_estimators': 9300, 'max_depth': 6, 'min_child_weight': 8, 'learning_rate': 0.008891052122669293, 'subsample': 0.974453051773328, 'colsample_bytree': 0.15685972816031812, 'reg_alpha': 4.557965687795648, 'reg_lambda': 7.499988352412309, 'gamma': 1.0}. Best is trial 342 with value: 0.8708947894825139.
/home/stepa/.local/lib/python3.6/site-packages/xgboost/sklearn.py:1224: UserWarning: The use of label encoder in XGBClassifier is deprecated and will be removed in a future release. To remove this warning, do the following: 1) Pass option use_label_encoder=False when constructing XGBClassifier object; and 2) Encode your labels (y) as integers starting with 0, i.e. 0, 1, 2, ..., [num_class - 1].
  warnings.warn(label_encoder_deprecation_msg, UserWarning)
[17:44:34] WARNING: ../src/learner.cc:223: No visible GPU is found, setting `gpu_id` to -1
[17:44:35] WARNING: ../src/learner.cc:1115: Starting in XGBoost 1.3.0, the default evaluation metric used with the objective 'binary:logistic' was changed from 'error' to 'logloss'. Explicitly set eval_metric if you'd like to restore the old behavior.
[I 2023-11-06 17:45:08,444] Trial 371 finished with value: 0.8699592208734238 and parameters: {'n_estimators': 9100, 'max_depth': 6, 'min_child_weight': 8, 'learning_rate': 0.013612691657375327, 'subsample': 0.967882069914352, 'colsample_bytree': 0.1258821644163586, 'reg_alpha': 4.336095401949316, 'reg_lambda': 7.83725213485408, 'gamma': 0.8999999999999999}. Best is trial 342 with value: 0.8708947894825139.
/home/stepa/.local/lib/python3.6/site-packages/xgboost/sklearn.py:1224: UserWarning: The use of label encoder in XGBClassifier is deprecated and will be removed in a future release. To remove this warning, do the following: 1) Pass option use_label_encoder=False when constructing XGBClassifier object; and 2) Encode your labels (y) as integers starting with 0, i.e. 0, 1, 2, ..., [num_class - 1].
  warnings.warn(label_encoder_deprecation_msg, UserWarning)
[17:45:08] WARNING: ../src/learner.cc:223: No visible GPU is found, setting `gpu_id` to -1
[17:45:08] WARNING: ../src/learner.cc:1115: Starting in XGBoost 1.3.0, the default evaluation metric used with the objective 'binary:logistic' was changed from 'error' to 'logloss'. Explicitly set eval_metric if you'd like to restore the old behavior.
[I 2023-11-06 17:45:43,236] Trial 372 finished with value: 0.8706243779428424 and parameters: {'n_estimators': 9400, 'max_depth': 6, 'min_child_weight': 8, 'learning_rate': 0.011517488182717407, 'subsample': 0.9839613958162058, 'colsample_bytree': 0.18841968287182875, 'reg_alpha': 4.079824044468454, 'reg_lambda': 7.604324180772542, 'gamma': 1.0}. Best is trial 342 with value: 0.8708947894825139.
/home/stepa/.local/lib/python3.6/site-packages/xgboost/sklearn.py:1224: UserWarning: The use of label encoder in XGBClassifier is deprecated and will be removed in a future release. To remove this warning, do the following: 1) Pass option use_label_encoder=False when constructing XGBClassifier object; and 2) Encode your labels (y) as integers starting with 0, i.e. 0, 1, 2, ..., [num_class - 1].
  warnings.warn(label_encoder_deprecation_msg, UserWarning)
[17:45:43] WARNING: ../src/learner.cc:223: No visible GPU is found, setting `gpu_id` to -1
[17:45:43] WARNING: ../src/learner.cc:1115: Starting in XGBoost 1.3.0, the default evaluation metric used with the objective 'binary:logistic' was changed from 'error' to 'logloss'. Explicitly set eval_metric if you'd like to restore the old behavior.
[I 2023-11-06 17:46:16,350] Trial 373 finished with value: 0.8706974247115962 and parameters: {'n_estimators': 8900, 'max_depth': 6, 'min_child_weight': 8, 'learning_rate': 0.01853462897017534, 'subsample': 0.9793158034286101, 'colsample_bytree': 0.134226281275383, 'reg_alpha': 4.745950460686925, 'reg_lambda': 7.537000291439594, 'gamma': 1.0}. Best is trial 342 with value: 0.8708947894825139.
/home/stepa/.local/lib/python3.6/site-packages/xgboost/sklearn.py:1224: UserWarning: The use of label encoder in XGBClassifier is deprecated and will be removed in a future release. To remove this warning, do the following: 1) Pass option use_label_encoder=False when constructing XGBClassifier object; and 2) Encode your labels (y) as integers starting with 0, i.e. 0, 1, 2, ..., [num_class - 1].
  warnings.warn(label_encoder_deprecation_msg, UserWarning)
[17:46:16] WARNING: ../src/learner.cc:223: No visible GPU is found, setting `gpu_id` to -1
[17:46:16] WARNING: ../src/learner.cc:1115: Starting in XGBoost 1.3.0, the default evaluation metric used with the objective 'binary:logistic' was changed from 'error' to 'logloss'. Explicitly set eval_metric if you'd like to restore the old behavior.
[I 2023-11-06 17:46:51,379] Trial 374 finished with value: 0.8708038602348456 and parameters: {'n_estimators': 9400, 'max_depth': 6, 'min_child_weight': 8, 'learning_rate': 0.015476187208326492, 'subsample': 0.9709249524008539, 'colsample_bytree': 0.15618300392966325, 'reg_alpha': 4.470828431943919, 'reg_lambda': 9.958419980324033, 'gamma': 1.0}. Best is trial 342 with value: 0.8708947894825139.
/home/stepa/.local/lib/python3.6/site-packages/xgboost/sklearn.py:1224: UserWarning: The use of label encoder in XGBClassifier is deprecated and will be removed in a future release. To remove this warning, do the following: 1) Pass option use_label_encoder=False when constructing XGBClassifier object; and 2) Encode your labels (y) as integers starting with 0, i.e. 0, 1, 2, ..., [num_class - 1].
  warnings.warn(label_encoder_deprecation_msg, UserWarning)
[17:46:51] WARNING: ../src/learner.cc:223: No visible GPU is found, setting `gpu_id` to -1
[17:46:51] WARNING: ../src/learner.cc:1115: Starting in XGBoost 1.3.0, the default evaluation metric used with the objective 'binary:logistic' was changed from 'error' to 'logloss'. Explicitly set eval_metric if you'd like to restore the old behavior.
[I 2023-11-06 17:47:25,782] Trial 375 finished with value: 0.8707360215282343 and parameters: {'n_estimators': 9200, 'max_depth': 6, 'min_child_weight': 8, 'learning_rate': 0.013117237017107448, 'subsample': 0.9729465545182725, 'colsample_bytree': 0.16832118283068465, 'reg_alpha': 4.351405279513052, 'reg_lambda': 8.4603943769767, 'gamma': 1.0}. Best is trial 342 with value: 0.8708947894825139.
/home/stepa/.local/lib/python3.6/site-packages/xgboost/sklearn.py:1224: UserWarning: The use of label encoder in XGBClassifier is deprecated and will be removed in a future release. To remove this warning, do the following: 1) Pass option use_label_encoder=False when constructing XGBClassifier object; and 2) Encode your labels (y) as integers starting with 0, i.e. 0, 1, 2, ..., [num_class - 1].
  warnings.warn(label_encoder_deprecation_msg, UserWarning)
[17:47:25] WARNING: ../src/learner.cc:223: No visible GPU is found, setting `gpu_id` to -1
[17:47:25] WARNING: ../src/learner.cc:1115: Starting in XGBoost 1.3.0, the default evaluation metric used with the objective 'binary:logistic' was changed from 'error' to 'logloss'. Explicitly set eval_metric if you'd like to restore the old behavior.
[I 2023-11-06 17:48:00,247] Trial 376 finished with value: 0.8706370363717032 and parameters: {'n_estimators': 9300, 'max_depth': 6, 'min_child_weight': 8, 'learning_rate': 0.009945325052991902, 'subsample': 0.981229628620771, 'colsample_bytree': 0.19783756682611203, 'reg_alpha': 3.84245171498357, 'reg_lambda': 8.74871355860959, 'gamma': 1.0}. Best is trial 342 with value: 0.8708947894825139.
/home/stepa/.local/lib/python3.6/site-packages/xgboost/sklearn.py:1224: UserWarning: The use of label encoder in XGBClassifier is deprecated and will be removed in a future release. To remove this warning, do the following: 1) Pass option use_label_encoder=False when constructing XGBClassifier object; and 2) Encode your labels (y) as integers starting with 0, i.e. 0, 1, 2, ..., [num_class - 1].
  warnings.warn(label_encoder_deprecation_msg, UserWarning)
[17:48:00] WARNING: ../src/learner.cc:223: No visible GPU is found, setting `gpu_id` to -1
[17:48:00] WARNING: ../src/learner.cc:1115: Starting in XGBoost 1.3.0, the default evaluation metric used with the objective 'binary:logistic' was changed from 'error' to 'logloss'. Explicitly set eval_metric if you'd like to restore the old behavior.
[I 2023-11-06 17:48:35,353] Trial 377 finished with value: 0.870590791337943 and parameters: {'n_estimators': 9400, 'max_depth': 6, 'min_child_weight': 8, 'learning_rate': 0.011777985941358652, 'subsample': 0.9746137054474453, 'colsample_bytree': 0.17239339416317379, 'reg_alpha': 4.192240763149649, 'reg_lambda': 8.22533311334873, 'gamma': 1.0}. Best is trial 342 with value: 0.8708947894825139.
/home/stepa/.local/lib/python3.6/site-packages/xgboost/sklearn.py:1224: UserWarning: The use of label encoder in XGBClassifier is deprecated and will be removed in a future release. To remove this warning, do the following: 1) Pass option use_label_encoder=False when constructing XGBClassifier object; and 2) Encode your labels (y) as integers starting with 0, i.e. 0, 1, 2, ..., [num_class - 1].
  warnings.warn(label_encoder_deprecation_msg, UserWarning)
[17:48:35] WARNING: ../src/learner.cc:223: No visible GPU is found, setting `gpu_id` to -1
[17:48:35] WARNING: ../src/learner.cc:1115: Starting in XGBoost 1.3.0, the default evaluation metric used with the objective 'binary:logistic' was changed from 'error' to 'logloss'. Explicitly set eval_metric if you'd like to restore the old behavior.
