[I 2023-11-09 03:04:49,104] Trial 71 finished with value: 0.8699593347872926 and parameters: {'n_estimators': 9100, 'max_depth': 6, 'min_child_weight': 8, 'learning_rate': 0.00012164481140654328, 'subsample': 0.9641956535812225, 'colsample_bytree': 0.12313813911868005, 'reg_alpha': 6.449459906352814, 'reg_lambda': 2.182242573089891, 'gamma': 0.7}. Best is trial 17 with value: 0.8700253648614253.
/home/stepa/.local/lib/python3.6/site-packages/xgboost/sklearn.py:1224: UserWarning: The use of label encoder in XGBClassifier is deprecated and will be removed in a future release. To remove this warning, do the following: 1) Pass option use_label_encoder=False when constructing XGBClassifier object; and 2) Encode your labels (y) as integers starting with 0, i.e. 0, 1, 2, ..., [num_class - 1].
  warnings.warn(label_encoder_deprecation_msg, UserWarning)
[03:04:49] WARNING: ../src/learner.cc:223: No visible GPU is found, setting `gpu_id` to -1
[03:04:49] WARNING: ../src/learner.cc:1115: Starting in XGBoost 1.3.0, the default evaluation metric used with the objective 'binary:logistic' was changed from 'error' to 'logloss'. Explicitly set eval_metric if you'd like to restore the old behavior.
[I 2023-11-09 03:05:35,616] Trial 72 finished with value: 0.8699516386064365 and parameters: {'n_estimators': 9100, 'max_depth': 6, 'min_child_weight': 8, 'learning_rate': 0.00012251325970883827, 'subsample': 0.961986763139837, 'colsample_bytree': 0.13078853301705134, 'reg_alpha': 6.015687825920673, 'reg_lambda': 1.906712284148463, 'gamma': 0.7}. Best is trial 17 with value: 0.8700253648614253.
/home/stepa/.local/lib/python3.6/site-packages/xgboost/sklearn.py:1224: UserWarning: The use of label encoder in XGBClassifier is deprecated and will be removed in a future release. To remove this warning, do the following: 1) Pass option use_label_encoder=False when constructing XGBClassifier object; and 2) Encode your labels (y) as integers starting with 0, i.e. 0, 1, 2, ..., [num_class - 1].
  warnings.warn(label_encoder_deprecation_msg, UserWarning)
[03:05:35] WARNING: ../src/learner.cc:223: No visible GPU is found, setting `gpu_id` to -1
[03:05:35] WARNING: ../src/learner.cc:1115: Starting in XGBoost 1.3.0, the default evaluation metric used with the objective 'binary:logistic' was changed from 'error' to 'logloss'. Explicitly set eval_metric if you'd like to restore the old behavior.
[I 2023-11-09 03:06:18,715] Trial 73 finished with value: 0.868111737770178 and parameters: {'n_estimators': 9200, 'max_depth': 5, 'min_child_weight': 8, 'learning_rate': 0.00011750332626439154, 'subsample': 0.9633848465220767, 'colsample_bytree': 0.25321486104508784, 'reg_alpha': 5.584553342200366, 'reg_lambda': 2.9881601218635323, 'gamma': 0.7}. Best is trial 17 with value: 0.8700253648614253.
/home/stepa/.local/lib/python3.6/site-packages/xgboost/sklearn.py:1224: UserWarning: The use of label encoder in XGBClassifier is deprecated and will be removed in a future release. To remove this warning, do the following: 1) Pass option use_label_encoder=False when constructing XGBClassifier object; and 2) Encode your labels (y) as integers starting with 0, i.e. 0, 1, 2, ..., [num_class - 1].
  warnings.warn(label_encoder_deprecation_msg, UserWarning)
[03:06:18] WARNING: ../src/learner.cc:223: No visible GPU is found, setting `gpu_id` to -1
[03:06:18] WARNING: ../src/learner.cc:1115: Starting in XGBoost 1.3.0, the default evaluation metric used with the objective 'binary:logistic' was changed from 'error' to 'logloss'. Explicitly set eval_metric if you'd like to restore the old behavior.
[I 2023-11-09 03:07:06,086] Trial 74 finished with value: 0.8678908128133054 and parameters: {'n_estimators': 9000, 'max_depth': 6, 'min_child_weight': 8, 'learning_rate': 0.00012242366624059644, 'subsample': 0.9929427730808024, 'colsample_bytree': 0.2123578218254933, 'reg_alpha': 6.034917670702103, 'reg_lambda': 2.0761256702948367, 'gamma': 0.7}. Best is trial 17 with value: 0.8700253648614253.
/home/stepa/.local/lib/python3.6/site-packages/xgboost/sklearn.py:1224: UserWarning: The use of label encoder in XGBClassifier is deprecated and will be removed in a future release. To remove this warning, do the following: 1) Pass option use_label_encoder=False when constructing XGBClassifier object; and 2) Encode your labels (y) as integers starting with 0, i.e. 0, 1, 2, ..., [num_class - 1].
  warnings.warn(label_encoder_deprecation_msg, UserWarning)
[03:07:06] WARNING: ../src/learner.cc:223: No visible GPU is found, setting `gpu_id` to -1
[03:07:06] WARNING: ../src/learner.cc:1115: Starting in XGBoost 1.3.0, the default evaluation metric used with the objective 'binary:logistic' was changed from 'error' to 'logloss'. Explicitly set eval_metric if you'd like to restore the old behavior.
[I 2023-11-09 03:07:39,294] Trial 75 finished with value: 0.8631627017758857 and parameters: {'n_estimators': 8300, 'max_depth': 5, 'min_child_weight': 8, 'learning_rate': 0.0031366663749444147, 'subsample': 0.9554721752562509, 'colsample_bytree': 0.18561181565540766, 'reg_alpha': 6.503691380545784, 'reg_lambda': 3.31822314344189, 'gamma': 0.8999999999999999}. Best is trial 17 with value: 0.8700253648614253.
/home/stepa/.local/lib/python3.6/site-packages/xgboost/sklearn.py:1224: UserWarning: The use of label encoder in XGBClassifier is deprecated and will be removed in a future release. To remove this warning, do the following: 1) Pass option use_label_encoder=False when constructing XGBClassifier object; and 2) Encode your labels (y) as integers starting with 0, i.e. 0, 1, 2, ..., [num_class - 1].
  warnings.warn(label_encoder_deprecation_msg, UserWarning)
[03:07:39] WARNING: ../src/learner.cc:223: No visible GPU is found, setting `gpu_id` to -1
[03:07:39] WARNING: ../src/learner.cc:1115: Starting in XGBoost 1.3.0, the default evaluation metric used with the objective 'binary:logistic' was changed from 'error' to 'logloss'. Explicitly set eval_metric if you'd like to restore the old behavior.