[I 2023-11-09 02:35:25,764] Trial 35 finished with value: 0.8692758495759288 and parameters: {'n_estimators': 8600, 'max_depth': 5, 'min_child_weight': 8, 'learning_rate': 0.00010187099247829864, 'subsample': 0.9369793009738615, 'colsample_bytree': 0.19792830544359633, 'reg_alpha': 9.97967977195549, 'reg_lambda': 4.1879484827354165, 'gamma': 0.7999999999999999}. Best is trial 17 with value: 0.8700253648614253.
/home/stepa/.local/lib/python3.6/site-packages/xgboost/sklearn.py:1224: UserWarning: The use of label encoder in XGBClassifier is deprecated and will be removed in a future release. To remove this warning, do the following: 1) Pass option use_label_encoder=False when constructing XGBClassifier object; and 2) Encode your labels (y) as integers starting with 0, i.e. 0, 1, 2, ..., [num_class - 1].
  warnings.warn(label_encoder_deprecation_msg, UserWarning)
[02:35:25] WARNING: ../src/learner.cc:223: No visible GPU is found, setting `gpu_id` to -1
[02:35:25] WARNING: ../src/learner.cc:1115: Starting in XGBoost 1.3.0, the default evaluation metric used with the objective 'binary:logistic' was changed from 'error' to 'logloss'. Explicitly set eval_metric if you'd like to restore the old behavior.
[I 2023-11-09 02:36:07,318] Trial 36 finished with value: 0.8628872400546969 and parameters: {'n_estimators': 9400, 'max_depth': 6, 'min_child_weight': 7, 'learning_rate': 0.0023206583614553983, 'subsample': 0.9992992030340109, 'colsample_bytree': 0.5581759900869793, 'reg_alpha': 8.439980334156717, 'reg_lambda': 2.4666423179707997, 'gamma': 0.7}. Best is trial 17 with value: 0.8700253648614253.
/home/stepa/.local/lib/python3.6/site-packages/xgboost/sklearn.py:1224: UserWarning: The use of label encoder in XGBClassifier is deprecated and will be removed in a future release. To remove this warning, do the following: 1) Pass option use_label_encoder=False when constructing XGBClassifier object; and 2) Encode your labels (y) as integers starting with 0, i.e. 0, 1, 2, ..., [num_class - 1].
  warnings.warn(label_encoder_deprecation_msg, UserWarning)
[02:36:07] WARNING: ../src/learner.cc:223: No visible GPU is found, setting `gpu_id` to -1
[02:36:07] WARNING: ../src/learner.cc:1115: Starting in XGBoost 1.3.0, the default evaluation metric used with the objective 'binary:logistic' was changed from 'error' to 'logloss'. Explicitly set eval_metric if you'd like to restore the old behavior.
[I 2023-11-09 02:36:45,342] Trial 37 finished with value: 0.8649516251566061 and parameters: {'n_estimators': 9900, 'max_depth': 4, 'min_child_weight': 8, 'learning_rate': 0.0008925798936592362, 'subsample': 0.7023415949422328, 'colsample_bytree': 0.3195645851286391, 'reg_alpha': 9.264664176061764, 'reg_lambda': 1.157001962074816, 'gamma': 0.7999999999999999}. Best is trial 17 with value: 0.8700253648614253.
/home/stepa/.local/lib/python3.6/site-packages/xgboost/sklearn.py:1224: UserWarning: The use of label encoder in XGBClassifier is deprecated and will be removed in a future release. To remove this warning, do the following: 1) Pass option use_label_encoder=False when constructing XGBClassifier object; and 2) Encode your labels (y) as integers starting with 0, i.e. 0, 1, 2, ..., [num_class - 1].
  warnings.warn(label_encoder_deprecation_msg, UserWarning)
[02:36:45] WARNING: ../src/learner.cc:223: No visible GPU is found, setting `gpu_id` to -1
[02:36:45] WARNING: ../src/learner.cc:1115: Starting in XGBoost 1.3.0, the default evaluation metric used with the objective 'binary:logistic' was changed from 'error' to 'logloss'. Explicitly set eval_metric if you'd like to restore the old behavior.
[I 2023-11-09 02:37:38,482] Trial 38 finished with value: 0.8587837707206878 and parameters: {'n_estimators': 11200, 'max_depth': 7, 'min_child_weight': 7, 'learning_rate': 0.012449123527559926, 'subsample': 0.8781801564879731, 'colsample_bytree': 0.15477271100879547, 'reg_alpha': 2.69875043756071, 'reg_lambda': 3.2443387228792444, 'gamma': 0.8999999999999999}. Best is trial 17 with value: 0.8700253648614253.
/home/stepa/.local/lib/python3.6/site-packages/xgboost/sklearn.py:1224: UserWarning: The use of label encoder in XGBClassifier is deprecated and will be removed in a future release. To remove this warning, do the following: 1) Pass option use_label_encoder=False when constructing XGBClassifier object; and 2) Encode your labels (y) as integers starting with 0, i.e. 0, 1, 2, ..., [num_class - 1].
  warnings.warn(label_encoder_deprecation_msg, UserWarning)
[02:37:38] WARNING: ../src/learner.cc:223: No visible GPU is found, setting `gpu_id` to -1
[02:37:38] WARNING: ../src/learner.cc:1115: Starting in XGBoost 1.3.0, the default evaluation metric used with the objective 'binary:logistic' was changed from 'error' to 'logloss'. Explicitly set eval_metric if you'd like to restore the old behavior.
[I 2023-11-09 02:38:58,660] Trial 39 finished with value: 0.8656851405397568 and parameters: {'n_estimators': 10700, 'max_depth': 9, 'min_child_weight': 8, 'learning_rate': 0.00021575241515337356, 'subsample': 0.8732884370617009, 'colsample_bytree': 0.2727219666533981, 'reg_alpha': 5.581777544452485, 'reg_lambda': 6.283148971934536, 'gamma': 0.7}. Best is trial 17 with value: 0.8700253648614253.
/home/stepa/.local/lib/python3.6/site-packages/xgboost/sklearn.py:1224: UserWarning: The use of label encoder in XGBClassifier is deprecated and will be removed in a future release. To remove this warning, do the following: 1) Pass option use_label_encoder=False when constructing XGBClassifier object; and 2) Encode your labels (y) as integers starting with 0, i.e. 0, 1, 2, ..., [num_class - 1].
  warnings.warn(label_encoder_deprecation_msg, UserWarning)
[02:38:58] WARNING: ../src/learner.cc:223: No visible GPU is found, setting `gpu_id` to -1
[02:38:58] WARNING: ../src/learner.cc:1115: Starting in XGBoost 1.3.0, the default evaluation metric used with the objective 'binary:logistic' was changed from 'error' to 'logloss'. Explicitly set eval_metric if you'd like to restore the old behavior.
[I 2023-11-09 02:40:05,879] Trial 40 finished with value: 0.8649933496084141 and parameters: {'n_estimators': 9000, 'max_depth': 8, 'min_child_weight': 8, 'learning_rate': 0.00014643666608897153, 'subsample': 0.9735812654885311, 'colsample_bytree': 0.789646739092695, 'reg_alpha': 6.856852778037955, 'reg_lambda': 1.793071361659222, 'gamma': 1.0}. Best is trial 17 with value: 0.8700253648614253.
/home/stepa/.local/lib/python3.6/site-packages/xgboost/sklearn.py:1224: UserWarning: The use of label encoder in XGBClassifier is deprecated and will be removed in a future release. To remove this warning, do the following: 1) Pass option use_label_encoder=False when constructing XGBClassifier object; and 2) Encode your labels (y) as integers starting with 0, i.e. 0, 1, 2, ..., [num_class - 1].
  warnings.warn(label_encoder_deprecation_msg, UserWarning)
[02:40:05] WARNING: ../src/learner.cc:223: No visible GPU is found, setting `gpu_id` to -1
[02:40:05] WARNING: ../src/learner.cc:1115: Starting in XGBoost 1.3.0, the default evaluation metric used with the objective 'binary:logistic' was changed from 'error' to 'logloss'. Explicitly set eval_metric if you'd like to restore the old behavior.
[I 2023-11-09 02:40:53,923] Trial 41 finished with value: 0.8698342273820027 and parameters: {'n_estimators': 9700, 'max_depth': 6, 'min_child_weight': 8, 'learning_rate': 0.0001586392633164655, 'subsample': 0.9599263376822389, 'colsample_bytree': 0.10245190378149144, 'reg_alpha': 9.115235074902804, 'reg_lambda': 0.590536666882345, 'gamma': 0.7}. Best is trial 17 with value: 0.8700253648614253.
/home/stepa/.local/lib/python3.6/site-packages/xgboost/sklearn.py:1224: UserWarning: The use of label encoder in XGBClassifier is deprecated and will be removed in a future release. To remove this warning, do the following: 1) Pass option use_label_encoder=False when constructing XGBClassifier object; and 2) Encode your labels (y) as integers starting with 0, i.e. 0, 1, 2, ..., [num_class - 1].
  warnings.warn(label_encoder_deprecation_msg, UserWarning)
[02:40:53] WARNING: ../src/learner.cc:223: No visible GPU is found, setting `gpu_id` to -1
[02:40:54] WARNING: ../src/learner.cc:1115: Starting in XGBoost 1.3.0, the default evaluation metric used with the objective 'binary:logistic' was changed from 'error' to 'logloss'. Explicitly set eval_metric if you'd like to restore the old behavior.
[I 2023-11-09 02:41:42,098] Trial 42 finished with value: 0.8696059859571699 and parameters: {'n_estimators': 9700, 'max_depth': 6, 'min_child_weight': 8, 'learning_rate': 0.00022503301187652103, 'subsample': 0.9557765943683088, 'colsample_bytree': 0.1460203969889111, 'reg_alpha': 9.024237500319396, 'reg_lambda': 0.41392212891047286, 'gamma': 0.7}. Best is trial 17 with value: 0.8700253648614253.
/home/stepa/.local/lib/python3.6/site-packages/xgboost/sklearn.py:1224: UserWarning: The use of label encoder in XGBClassifier is deprecated and will be removed in a future release. To remove this warning, do the following: 1) Pass option use_label_encoder=False when constructing XGBClassifier object; and 2) Encode your labels (y) as integers starting with 0, i.e. 0, 1, 2, ..., [num_class - 1].
  warnings.warn(label_encoder_deprecation_msg, UserWarning)
[02:41:42] WARNING: ../src/learner.cc:223: No visible GPU is found, setting `gpu_id` to -1
[02:41:42] WARNING: ../src/learner.cc:1115: Starting in XGBoost 1.3.0, the default evaluation metric used with the objective 'binary:logistic' was changed from 'error' to 'logloss'. Explicitly set eval_metric if you'd like to restore the old behavior.
[I 2023-11-09 02:42:28,350] Trial 43 finished with value: 0.8699361703021452 and parameters: {'n_estimators': 10100, 'max_depth': 5, 'min_child_weight': 8, 'learning_rate': 0.0001001134331090186, 'subsample': 0.98624605838607, 'colsample_bytree': 0.10327952497979774, 'reg_alpha': 7.906127709637883, 'reg_lambda': 1.1728658173636584, 'gamma': 0.7}. Best is trial 17 with value: 0.8700253648614253.
/home/stepa/.local/lib/python3.6/site-packages/xgboost/sklearn.py:1224: UserWarning: The use of label encoder in XGBClassifier is deprecated and will be removed in a future release. To remove this warning, do the following: 1) Pass option use_label_encoder=False when constructing XGBClassifier object; and 2) Encode your labels (y) as integers starting with 0, i.e. 0, 1, 2, ..., [num_class - 1].
  warnings.warn(label_encoder_deprecation_msg, UserWarning)
[02:42:28] WARNING: ../src/learner.cc:223: No visible GPU is found, setting `gpu_id` to -1
[02:42:28] WARNING: ../src/learner.cc:1115: Starting in XGBoost 1.3.0, the default evaluation metric used with the objective 'binary:logistic' was changed from 'error' to 'logloss'. Explicitly set eval_metric if you'd like to restore the old behavior.
[I 2023-11-09 02:43:10,349] Trial 44 finished with value: 0.8692653355256863 and parameters: {'n_estimators': 10100, 'max_depth': 4, 'min_child_weight': 8, 'learning_rate': 0.00010058060933534159, 'subsample': 0.9862364888874041, 'colsample_bytree': 0.21135341549601697, 'reg_alpha': 7.506677887492593, 'reg_lambda': 1.3611917806391511, 'gamma': 0.7}. Best is trial 17 with value: 0.8700253648614253.
/home/stepa/.local/lib/python3.6/site-packages/xgboost/sklearn.py:1224: UserWarning: The use of label encoder in XGBClassifier is deprecated and will be removed in a future release. To remove this warning, do the following: 1) Pass option use_label_encoder=False when constructing XGBClassifier object; and 2) Encode your labels (y) as integers starting with 0, i.e. 0, 1, 2, ..., [num_class - 1].
  warnings.warn(label_encoder_deprecation_msg, UserWarning)
[02:43:10] WARNING: ../src/learner.cc:223: No visible GPU is found, setting `gpu_id` to -1
[02:43:10] WARNING: ../src/learner.cc:1115: Starting in XGBoost 1.3.0, the default evaluation metric used with the objective 'binary:logistic' was changed from 'error' to 'logloss'. Explicitly set eval_metric if you'd like to restore the old behavior.
[I 2023-11-09 02:43:56,290] Trial 45 finished with value: 0.8693547679051488 and parameters: {'n_estimators': 10400, 'max_depth': 5, 'min_child_weight': 8, 'learning_rate': 0.0003607805244314858, 'subsample': 0.9036962154264603, 'colsample_bytree': 0.14368547006003823, 'reg_alpha': 8.27095124867645, 'reg_lambda': 2.4746808660623985, 'gamma': 0.7999999999999999}. Best is trial 17 with value: 0.8700253648614253.
/home/stepa/.local/lib/python3.6/site-packages/xgboost/sklearn.py:1224: UserWarning: The use of label encoder in XGBClassifier is deprecated and will be removed in a future release. To remove this warning, do the following: 1) Pass option use_label_encoder=False when constructing XGBClassifier object; and 2) Encode your labels (y) as integers starting with 0, i.e. 0, 1, 2, ..., [num_class - 1].
  warnings.warn(label_encoder_deprecation_msg, UserWarning)
[02:43:56] WARNING: ../src/learner.cc:223: No visible GPU is found, setting `gpu_id` to -1
[02:43:56] WARNING: ../src/learner.cc:1115: Starting in XGBoost 1.3.0, the default evaluation metric used with the objective 'binary:logistic' was changed from 'error' to 'logloss'. Explicitly set eval_metric if you'd like to restore the old behavior.
[I 2023-11-09 02:44:39,680] Trial 46 finished with value: 0.8673551518308594 and parameters: {'n_estimators': 9200, 'max_depth': 5, 'min_child_weight': 8, 'learning_rate': 0.0001370481393422932, 'subsample': 0.9824138836406215, 'colsample_bytree': 0.35109329615074747, 'reg_alpha': 8.000983500448875, 'reg_lambda': 5.567647749981736, 'gamma': 0.7}. Best is trial 17 with value: 0.8700253648614253.
/home/stepa/.local/lib/python3.6/site-packages/xgboost/sklearn.py:1224: UserWarning: The use of label encoder in XGBClassifier is deprecated and will be removed in a future release. To remove this warning, do the following: 1) Pass option use_label_encoder=False when constructing XGBClassifier object; and 2) Encode your labels (y) as integers starting with 0, i.e. 0, 1, 2, ..., [num_class - 1].
  warnings.warn(label_encoder_deprecation_msg, UserWarning)
[02:44:39] WARNING: ../src/learner.cc:223: No visible GPU is found, setting `gpu_id` to -1
[02:44:39] WARNING: ../src/learner.cc:1115: Starting in XGBoost 1.3.0, the default evaluation metric used with the objective 'binary:logistic' was changed from 'error' to 'logloss'. Explicitly set eval_metric if you'd like to restore the old behavior.
[I 2023-11-09 02:45:54,162] Trial 47 finished with value: 0.8548495913851569 and parameters: {'n_estimators': 11000, 'max_depth': 9, 'min_child_weight': 8, 'learning_rate': 0.04102768242702789, 'subsample': 0.842777219864377, 'colsample_bytree': 0.23796695984205907, 'reg_alpha': 6.9731680140131, 'reg_lambda': 4.591949272342374, 'gamma': 0.7}. Best is trial 17 with value: 0.8700253648614253.
/home/stepa/.local/lib/python3.6/site-packages/xgboost/sklearn.py:1224: UserWarning: The use of label encoder in XGBClassifier is deprecated and will be removed in a future release. To remove this warning, do the following: 1) Pass option use_label_encoder=False when constructing XGBClassifier object; and 2) Encode your labels (y) as integers starting with 0, i.e. 0, 1, 2, ..., [num_class - 1].
  warnings.warn(label_encoder_deprecation_msg, UserWarning)
[02:45:54] WARNING: ../src/learner.cc:223: No visible GPU is found, setting `gpu_id` to -1
[02:45:54] WARNING: ../src/learner.cc:1115: Starting in XGBoost 1.3.0, the default evaluation metric used with the objective 'binary:logistic' was changed from 'error' to 'logloss'. Explicitly set eval_metric if you'd like to restore the old behavior.
[I 2023-11-09 02:46:30,107] Trial 48 finished with value: 0.8672589665573142 and parameters: {'n_estimators': 8500, 'max_depth': 4, 'min_child_weight': 7, 'learning_rate': 0.0002600305945247373, 'subsample': 0.9342970064948624, 'colsample_bytree': 0.9981094176437472, 'reg_alpha': 3.514368973305033, 'reg_lambda': 3.0899723743192054, 'gamma': 0.7}. Best is trial 17 with value: 0.8700253648614253.
/home/stepa/.local/lib/python3.6/site-packages/xgboost/sklearn.py:1224: UserWarning: The use of label encoder in XGBClassifier is deprecated and will be removed in a future release. To remove this warning, do the following: 1) Pass option use_label_encoder=False when constructing XGBClassifier object; and 2) Encode your labels (y) as integers starting with 0, i.e. 0, 1, 2, ..., [num_class - 1].
  warnings.warn(label_encoder_deprecation_msg, UserWarning)
[02:46:30] WARNING: ../src/learner.cc:223: No visible GPU is found, setting `gpu_id` to -1
[02:46:30] WARNING: ../src/learner.cc:1115: Starting in XGBoost 1.3.0, the default evaluation metric used with the objective 'binary:logistic' was changed from 'error' to 'logloss'. Explicitly set eval_metric if you'd like to restore the old behavior.
[I 2023-11-09 02:47:25,591] Trial 49 finished with value: 0.8671702596293321 and parameters: {'n_estimators': 9500, 'max_depth': 8, 'min_child_weight': 8, 'learning_rate': 0.0005383111263333822, 'subsample': 0.9652856100884741, 'colsample_bytree': 0.12993849211779832, 'reg_alpha': 1.6909527404801743, 'reg_lambda': 7.138193926632699, 'gamma': 0.7999999999999999}. Best is trial 17 with value: 0.8700253648614253.
/home/stepa/.local/lib/python3.6/site-packages/xgboost/sklearn.py:1224: UserWarning: The use of label encoder in XGBClassifier is deprecated and will be removed in a future release. To remove this warning, do the following: 1) Pass option use_label_encoder=False when constructing XGBClassifier object; and 2) Encode your labels (y) as integers starting with 0, i.e. 0, 1, 2, ..., [num_class - 1].
  warnings.warn(label_encoder_deprecation_msg, UserWarning)
[02:47:25] WARNING: ../src/learner.cc:223: No visible GPU is found, setting `gpu_id` to -1
[02:47:25] WARNING: ../src/learner.cc:1115: Starting in XGBoost 1.3.0, the default evaluation metric used with the objective 'binary:logistic' was changed from 'error' to 'logloss'. Explicitly set eval_metric if you'd like to restore the old behavior.
[I 2023-11-09 02:48:19,772] Trial 50 finished with value: 0.861084479136649 and parameters: {'n_estimators': 10600, 'max_depth': 7, 'min_child_weight': 8, 'learning_rate': 0.006651467656076801, 'subsample': 0.943487670045048, 'colsample_bytree': 0.5900705939927087, 'reg_alpha': 7.749136952608132, 'reg_lambda': 9.911105836845614, 'gamma': 0.7}. Best is trial 17 with value: 0.8700253648614253.
/home/stepa/.local/lib/python3.6/site-packages/xgboost/sklearn.py:1224: UserWarning: The use of label encoder in XGBClassifier is deprecated and will be removed in a future release. To remove this warning, do the following: 1) Pass option use_label_encoder=False when constructing XGBClassifier object; and 2) Encode your labels (y) as integers starting with 0, i.e. 0, 1, 2, ..., [num_class - 1].
  warnings.warn(label_encoder_deprecation_msg, UserWarning)
[02:48:19] WARNING: ../src/learner.cc:223: No visible GPU is found, setting `gpu_id` to -1
[02:48:19] WARNING: ../src/learner.cc:1115: Starting in XGBoost 1.3.0, the default evaluation metric used with the objective 'binary:logistic' was changed from 'error' to 'logloss'. Explicitly set eval_metric if you'd like to restore the old behavior.
[I 2023-11-09 02:49:08,723] Trial 51 finished with value: 0.869854591984164 and parameters: {'n_estimators': 9900, 'max_depth': 6, 'min_child_weight': 8, 'learning_rate': 0.00014624726684605056, 'subsample': 0.9502158083239457, 'colsample_bytree': 0.11179623934990254, 'reg_alpha': 9.460128258358745, 'reg_lambda': 0.8313204151359284, 'gamma': 0.7}. Best is trial 17 with value: 0.8700253648614253.
/home/stepa/.local/lib/python3.6/site-packages/xgboost/sklearn.py:1224: UserWarning: The use of label encoder in XGBClassifier is deprecated and will be removed in a future release. To remove this warning, do the following: 1) Pass option use_label_encoder=False when constructing XGBClassifier object; and 2) Encode your labels (y) as integers starting with 0, i.e. 0, 1, 2, ..., [num_class - 1].
  warnings.warn(label_encoder_deprecation_msg, UserWarning)
[02:49:08] WARNING: ../src/learner.cc:223: No visible GPU is found, setting `gpu_id` to -1
[02:49:08] WARNING: ../src/learner.cc:1115: Starting in XGBoost 1.3.0, the default evaluation metric used with the objective 'binary:logistic' was changed from 'error' to 'logloss'. Explicitly set eval_metric if you'd like to restore the old behavior.
[I 2023-11-09 02:49:55,823] Trial 52 finished with value: 0.8691386353247219 and parameters: {'n_estimators': 10200, 'max_depth': 5, 'min_child_weight': 8, 'learning_rate': 0.00014127180437794077, 'subsample': 0.9851335506082222, 'colsample_bytree': 0.17565898612282912, 'reg_alpha': 9.615867442087291, 'reg_lambda': 0.9984863057639579, 'gamma': 0.7}. Best is trial 17 with value: 0.8700253648614253.
/home/stepa/.local/lib/python3.6/site-packages/xgboost/sklearn.py:1224: UserWarning: The use of label encoder in XGBClassifier is deprecated and will be removed in a future release. To remove this warning, do the following: 1) Pass option use_label_encoder=False when constructing XGBClassifier object; and 2) Encode your labels (y) as integers starting with 0, i.e. 0, 1, 2, ..., [num_class - 1].
  warnings.warn(label_encoder_deprecation_msg, UserWarning)
[02:49:55] WARNING: ../src/learner.cc:223: No visible GPU is found, setting `gpu_id` to -1
[02:49:55] WARNING: ../src/learner.cc:1115: Starting in XGBoost 1.3.0, the default evaluation metric used with the objective 'binary:logistic' was changed from 'error' to 'logloss'. Explicitly set eval_metric if you'd like to restore the old behavior.
