[I 2023-11-06 16:11:55,306] Trial 198 finished with value: 0.8705715179107356 and parameters: {'n_estimators': 8100, 'max_depth': 6, 'min_child_weight': 8, 'learning_rate': 0.016047468704460336, 'subsample': 0.9763271285617996, 'colsample_bytree': 0.18533513201941162, 'reg_alpha': 3.2886827411412027, 'reg_lambda': 5.555796693869892, 'gamma': 0.8999999999999999}. Best is trial 194 with value: 0.8708044957543242.
/home/stepa/.local/lib/python3.6/site-packages/xgboost/sklearn.py:1224: UserWarning: The use of label encoder in XGBClassifier is deprecated and will be removed in a future release. To remove this warning, do the following: 1) Pass option use_label_encoder=False when constructing XGBClassifier object; and 2) Encode your labels (y) as integers starting with 0, i.e. 0, 1, 2, ..., [num_class - 1].
  warnings.warn(label_encoder_deprecation_msg, UserWarning)
[16:11:55] WARNING: ../src/learner.cc:223: No visible GPU is found, setting `gpu_id` to -1
[16:11:55] WARNING: ../src/learner.cc:1115: Starting in XGBoost 1.3.0, the default evaluation metric used with the objective 'binary:logistic' was changed from 'error' to 'logloss'. Explicitly set eval_metric if you'd like to restore the old behavior.
[I 2023-11-06 16:12:25,584] Trial 199 finished with value: 0.8706525886125294 and parameters: {'n_estimators': 8200, 'max_depth': 6, 'min_child_weight': 8, 'learning_rate': 0.010970733700096947, 'subsample': 0.9692911116493813, 'colsample_bytree': 0.19762980245321832, 'reg_alpha': 3.848029548242686, 'reg_lambda': 5.137531032114092, 'gamma': 0.8999999999999999}. Best is trial 194 with value: 0.8708044957543242.
/home/stepa/.local/lib/python3.6/site-packages/xgboost/sklearn.py:1224: UserWarning: The use of label encoder in XGBClassifier is deprecated and will be removed in a future release. To remove this warning, do the following: 1) Pass option use_label_encoder=False when constructing XGBClassifier object; and 2) Encode your labels (y) as integers starting with 0, i.e. 0, 1, 2, ..., [num_class - 1].
  warnings.warn(label_encoder_deprecation_msg, UserWarning)
[16:12:25] WARNING: ../src/learner.cc:223: No visible GPU is found, setting `gpu_id` to -1
[16:12:25] WARNING: ../src/learner.cc:1115: Starting in XGBoost 1.3.0, the default evaluation metric used with the objective 'binary:logistic' was changed from 'error' to 'logloss'. Explicitly set eval_metric if you'd like to restore the old behavior.
[I 2023-11-06 16:12:56,150] Trial 200 finished with value: 0.8703856424526564 and parameters: {'n_estimators': 8200, 'max_depth': 6, 'min_child_weight': 8, 'learning_rate': 0.010751743915430472, 'subsample': 0.9648504334391227, 'colsample_bytree': 0.22127203237392018, 'reg_alpha': 3.789294430000907, 'reg_lambda': 4.915006332323363, 'gamma': 0.8999999999999999}. Best is trial 194 with value: 0.8708044957543242.
/home/stepa/.local/lib/python3.6/site-packages/xgboost/sklearn.py:1224: UserWarning: The use of label encoder in XGBClassifier is deprecated and will be removed in a future release. To remove this warning, do the following: 1) Pass option use_label_encoder=False when constructing XGBClassifier object; and 2) Encode your labels (y) as integers starting with 0, i.e. 0, 1, 2, ..., [num_class - 1].
  warnings.warn(label_encoder_deprecation_msg, UserWarning)
[16:12:56] WARNING: ../src/learner.cc:223: No visible GPU is found, setting `gpu_id` to -1
[16:12:56] WARNING: ../src/learner.cc:1115: Starting in XGBoost 1.3.0, the default evaluation metric used with the objective 'binary:logistic' was changed from 'error' to 'logloss'. Explicitly set eval_metric if you'd like to restore the old behavior.
[I 2023-11-06 16:13:25,807] Trial 201 finished with value: 0.8704959170731337 and parameters: {'n_estimators': 8000, 'max_depth': 6, 'min_child_weight': 8, 'learning_rate': 0.015355124779369964, 'subsample': 0.9690177720362156, 'colsample_bytree': 0.20289285526789308, 'reg_alpha': 3.632944453065052, 'reg_lambda': 5.149275395033586, 'gamma': 0.8999999999999999}. Best is trial 194 with value: 0.8708044957543242.
/home/stepa/.local/lib/python3.6/site-packages/xgboost/sklearn.py:1224: UserWarning: The use of label encoder in XGBClassifier is deprecated and will be removed in a future release. To remove this warning, do the following: 1) Pass option use_label_encoder=False when constructing XGBClassifier object; and 2) Encode your labels (y) as integers starting with 0, i.e. 0, 1, 2, ..., [num_class - 1].
  warnings.warn(label_encoder_deprecation_msg, UserWarning)
[16:13:25] WARNING: ../src/learner.cc:223: No visible GPU is found, setting `gpu_id` to -1
[16:13:25] WARNING: ../src/learner.cc:1115: Starting in XGBoost 1.3.0, the default evaluation metric used with the objective 'binary:logistic' was changed from 'error' to 'logloss'. Explicitly set eval_metric if you'd like to restore the old behavior.
[I 2023-11-06 16:13:55,515] Trial 202 finished with value: 0.8704475236637775 and parameters: {'n_estimators': 8100, 'max_depth': 6, 'min_child_weight': 8, 'learning_rate': 0.012415591922542888, 'subsample': 0.9992874455657039, 'colsample_bytree': 0.17411209024224608, 'reg_alpha': 3.9186548718460763, 'reg_lambda': 5.362034809305039, 'gamma': 0.8999999999999999}. Best is trial 194 with value: 0.8708044957543242.
/home/stepa/.local/lib/python3.6/site-packages/xgboost/sklearn.py:1224: UserWarning: The use of label encoder in XGBClassifier is deprecated and will be removed in a future release. To remove this warning, do the following: 1) Pass option use_label_encoder=False when constructing XGBClassifier object; and 2) Encode your labels (y) as integers starting with 0, i.e. 0, 1, 2, ..., [num_class - 1].
  warnings.warn(label_encoder_deprecation_msg, UserWarning)
[16:13:55] WARNING: ../src/learner.cc:223: No visible GPU is found, setting `gpu_id` to -1
[16:13:55] WARNING: ../src/learner.cc:1115: Starting in XGBoost 1.3.0, the default evaluation metric used with the objective 'binary:logistic' was changed from 'error' to 'logloss'. Explicitly set eval_metric if you'd like to restore the old behavior.
[I 2023-11-06 16:14:25,528] Trial 203 finished with value: 0.8704505353865899 and parameters: {'n_estimators': 8300, 'max_depth': 6, 'min_child_weight': 8, 'learning_rate': 0.013918212051009111, 'subsample': 0.9782410085843888, 'colsample_bytree': 0.19709605875411387, 'reg_alpha': 2.9249069401770535, 'reg_lambda': 4.543609840879669, 'gamma': 0.8999999999999999}. Best is trial 194 with value: 0.8708044957543242.
/home/stepa/.local/lib/python3.6/site-packages/xgboost/sklearn.py:1224: UserWarning: The use of label encoder in XGBClassifier is deprecated and will be removed in a future release. To remove this warning, do the following: 1) Pass option use_label_encoder=False when constructing XGBClassifier object; and 2) Encode your labels (y) as integers starting with 0, i.e. 0, 1, 2, ..., [num_class - 1].
  warnings.warn(label_encoder_deprecation_msg, UserWarning)
[16:14:25] WARNING: ../src/learner.cc:223: No visible GPU is found, setting `gpu_id` to -1
[16:14:25] WARNING: ../src/learner.cc:1115: Starting in XGBoost 1.3.0, the default evaluation metric used with the objective 'binary:logistic' was changed from 'error' to 'logloss'. Explicitly set eval_metric if you'd like to restore the old behavior.
[I 2023-11-06 16:14:55,325] Trial 204 finished with value: 0.8705756507858357 and parameters: {'n_estimators': 8200, 'max_depth': 6, 'min_child_weight': 7, 'learning_rate': 0.016158022239548705, 'subsample': 0.9909907573338264, 'colsample_bytree': 0.17719307353838626, 'reg_alpha': 3.472034892073303, 'reg_lambda': 5.6397749384999845, 'gamma': 0.8999999999999999}. Best is trial 194 with value: 0.8708044957543242.
/home/stepa/.local/lib/python3.6/site-packages/xgboost/sklearn.py:1224: UserWarning: The use of label encoder in XGBClassifier is deprecated and will be removed in a future release. To remove this warning, do the following: 1) Pass option use_label_encoder=False when constructing XGBClassifier object; and 2) Encode your labels (y) as integers starting with 0, i.e. 0, 1, 2, ..., [num_class - 1].
  warnings.warn(label_encoder_deprecation_msg, UserWarning)
[16:14:55] WARNING: ../src/learner.cc:223: No visible GPU is found, setting `gpu_id` to -1
[16:14:55] WARNING: ../src/learner.cc:1115: Starting in XGBoost 1.3.0, the default evaluation metric used with the objective 'binary:logistic' was changed from 'error' to 'logloss'. Explicitly set eval_metric if you'd like to restore the old behavior.
[I 2023-11-06 16:15:25,400] Trial 205 finished with value: 0.8705024801107685 and parameters: {'n_estimators': 8000, 'max_depth': 6, 'min_child_weight': 8, 'learning_rate': 0.011609433781072357, 'subsample': 0.9603323430323002, 'colsample_bytree': 0.24260655740518175, 'reg_alpha': 3.8022978142614514, 'reg_lambda': 5.685329989274269, 'gamma': 0.8999999999999999}. Best is trial 194 with value: 0.8708044957543242.
/home/stepa/.local/lib/python3.6/site-packages/xgboost/sklearn.py:1224: UserWarning: The use of label encoder in XGBClassifier is deprecated and will be removed in a future release. To remove this warning, do the following: 1) Pass option use_label_encoder=False when constructing XGBClassifier object; and 2) Encode your labels (y) as integers starting with 0, i.e. 0, 1, 2, ..., [num_class - 1].
  warnings.warn(label_encoder_deprecation_msg, UserWarning)
[16:15:25] WARNING: ../src/learner.cc:223: No visible GPU is found, setting `gpu_id` to -1
[16:15:25] WARNING: ../src/learner.cc:1115: Starting in XGBoost 1.3.0, the default evaluation metric used with the objective 'binary:logistic' was changed from 'error' to 'logloss'. Explicitly set eval_metric if you'd like to restore the old behavior.
[I 2023-11-06 16:15:55,846] Trial 206 finished with value: 0.8705655304379116 and parameters: {'n_estimators': 8200, 'max_depth': 6, 'min_child_weight': 7, 'learning_rate': 0.013509849275610716, 'subsample': 0.9502535940342334, 'colsample_bytree': 0.19543584919392548, 'reg_alpha': 3.229184994936912, 'reg_lambda': 5.235468666722873, 'gamma': 0.8999999999999999}. Best is trial 194 with value: 0.8708044957543242.
/home/stepa/.local/lib/python3.6/site-packages/xgboost/sklearn.py:1224: UserWarning: The use of label encoder in XGBClassifier is deprecated and will be removed in a future release. To remove this warning, do the following: 1) Pass option use_label_encoder=False when constructing XGBClassifier object; and 2) Encode your labels (y) as integers starting with 0, i.e. 0, 1, 2, ..., [num_class - 1].
  warnings.warn(label_encoder_deprecation_msg, UserWarning)
[16:15:55] WARNING: ../src/learner.cc:223: No visible GPU is found, setting `gpu_id` to -1
[16:15:55] WARNING: ../src/learner.cc:1115: Starting in XGBoost 1.3.0, the default evaluation metric used with the objective 'binary:logistic' was changed from 'error' to 'logloss'. Explicitly set eval_metric if you'd like to restore the old behavior.
[I 2023-11-06 16:16:24,695] Trial 207 finished with value: 0.8692071974843245 and parameters: {'n_estimators': 7900, 'max_depth': 6, 'min_child_weight': 8, 'learning_rate': 0.015212321679884962, 'subsample': 0.9845151908877935, 'colsample_bytree': 0.40944503990648984, 'reg_alpha': 3.087095236655026, 'reg_lambda': 5.829379168467534, 'gamma': 0.8999999999999999}. Best is trial 194 with value: 0.8708044957543242.
/home/stepa/.local/lib/python3.6/site-packages/xgboost/sklearn.py:1224: UserWarning: The use of label encoder in XGBClassifier is deprecated and will be removed in a future release. To remove this warning, do the following: 1) Pass option use_label_encoder=False when constructing XGBClassifier object; and 2) Encode your labels (y) as integers starting with 0, i.e. 0, 1, 2, ..., [num_class - 1].
  warnings.warn(label_encoder_deprecation_msg, UserWarning)
[16:16:24] WARNING: ../src/learner.cc:223: No visible GPU is found, setting `gpu_id` to -1
[16:16:24] WARNING: ../src/learner.cc:1115: Starting in XGBoost 1.3.0, the default evaluation metric used with the objective 'binary:logistic' was changed from 'error' to 'logloss'. Explicitly set eval_metric if you'd like to restore the old behavior.
[I 2023-11-06 16:16:55,607] Trial 208 finished with value: 0.8707031663702821 and parameters: {'n_estimators': 8400, 'max_depth': 6, 'min_child_weight': 8, 'learning_rate': 0.019854952198311817, 'subsample': 0.9703378503639959, 'colsample_bytree': 0.1483010987885199, 'reg_alpha': 3.5435746013167444, 'reg_lambda': 6.050569363315947, 'gamma': 0.8999999999999999}. Best is trial 194 with value: 0.8708044957543242.
/home/stepa/.local/lib/python3.6/site-packages/xgboost/sklearn.py:1224: UserWarning: The use of label encoder in XGBClassifier is deprecated and will be removed in a future release. To remove this warning, do the following: 1) Pass option use_label_encoder=False when constructing XGBClassifier object; and 2) Encode your labels (y) as integers starting with 0, i.e. 0, 1, 2, ..., [num_class - 1].
  warnings.warn(label_encoder_deprecation_msg, UserWarning)
[16:16:55] WARNING: ../src/learner.cc:223: No visible GPU is found, setting `gpu_id` to -1
[16:16:55] WARNING: ../src/learner.cc:1115: Starting in XGBoost 1.3.0, the default evaluation metric used with the objective 'binary:logistic' was changed from 'error' to 'logloss'. Explicitly set eval_metric if you'd like to restore the old behavior.
[I 2023-11-06 16:17:26,830] Trial 209 finished with value: 0.8705744876652804 and parameters: {'n_estimators': 8400, 'max_depth': 6, 'min_child_weight': 8, 'learning_rate': 0.020485168394773698, 'subsample': 0.9702938080048354, 'colsample_bytree': 0.1651771121295611, 'reg_alpha': 3.608756258632695, 'reg_lambda': 6.046332363783972, 'gamma': 0.8999999999999999}. Best is trial 194 with value: 0.8708044957543242.
/home/stepa/.local/lib/python3.6/site-packages/xgboost/sklearn.py:1224: UserWarning: The use of label encoder in XGBClassifier is deprecated and will be removed in a future release. To remove this warning, do the following: 1) Pass option use_label_encoder=False when constructing XGBClassifier object; and 2) Encode your labels (y) as integers starting with 0, i.e. 0, 1, 2, ..., [num_class - 1].
  warnings.warn(label_encoder_deprecation_msg, UserWarning)
[16:17:26] WARNING: ../src/learner.cc:223: No visible GPU is found, setting `gpu_id` to -1
[16:17:26] WARNING: ../src/learner.cc:1115: Starting in XGBoost 1.3.0, the default evaluation metric used with the objective 'binary:logistic' was changed from 'error' to 'logloss'. Explicitly set eval_metric if you'd like to restore the old behavior.
[I 2023-11-06 16:17:56,963] Trial 210 finished with value: 0.8701136141354433 and parameters: {'n_estimators': 8300, 'max_depth': 6, 'min_child_weight': 8, 'learning_rate': 0.010021619818429455, 'subsample': 0.9804514979828685, 'colsample_bytree': 0.21805514302447584, 'reg_alpha': 3.4013553794567906, 'reg_lambda': 5.420780007226368, 'gamma': 0.8999999999999999}. Best is trial 194 with value: 0.8708044957543242.
/home/stepa/.local/lib/python3.6/site-packages/xgboost/sklearn.py:1224: UserWarning: The use of label encoder in XGBClassifier is deprecated and will be removed in a future release. To remove this warning, do the following: 1) Pass option use_label_encoder=False when constructing XGBClassifier object; and 2) Encode your labels (y) as integers starting with 0, i.e. 0, 1, 2, ..., [num_class - 1].
  warnings.warn(label_encoder_deprecation_msg, UserWarning)
[16:17:57] WARNING: ../src/learner.cc:223: No visible GPU is found, setting `gpu_id` to -1
[16:17:57] WARNING: ../src/learner.cc:1115: Starting in XGBoost 1.3.0, the default evaluation metric used with the objective 'binary:logistic' was changed from 'error' to 'logloss'. Explicitly set eval_metric if you'd like to restore the old behavior.
[I 2023-11-06 16:18:28,177] Trial 211 finished with value: 0.8706504002671547 and parameters: {'n_estimators': 8500, 'max_depth': 6, 'min_child_weight': 8, 'learning_rate': 0.017848301918932902, 'subsample': 0.9314935253585133, 'colsample_bytree': 0.14039547548194253, 'reg_alpha': 3.858838493545504, 'reg_lambda': 5.884701351563245, 'gamma': 0.8999999999999999}. Best is trial 194 with value: 0.8708044957543242.
/home/stepa/.local/lib/python3.6/site-packages/xgboost/sklearn.py:1224: UserWarning: The use of label encoder in XGBClassifier is deprecated and will be removed in a future release. To remove this warning, do the following: 1) Pass option use_label_encoder=False when constructing XGBClassifier object; and 2) Encode your labels (y) as integers starting with 0, i.e. 0, 1, 2, ..., [num_class - 1].
  warnings.warn(label_encoder_deprecation_msg, UserWarning)
[16:18:28] WARNING: ../src/learner.cc:223: No visible GPU is found, setting `gpu_id` to -1
[16:18:28] WARNING: ../src/learner.cc:1115: Starting in XGBoost 1.3.0, the default evaluation metric used with the objective 'binary:logistic' was changed from 'error' to 'logloss'. Explicitly set eval_metric if you'd like to restore the old behavior.
[I 2023-11-06 16:19:00,072] Trial 212 finished with value: 0.8706666659685278 and parameters: {'n_estimators': 8400, 'max_depth': 6, 'min_child_weight': 8, 'learning_rate': 0.018017144703050703, 'subsample': 0.9407576783400575, 'colsample_bytree': 0.144767403015226, 'reg_alpha': 3.8267880671603427, 'reg_lambda': 5.837011887613419, 'gamma': 0.8999999999999999}. Best is trial 194 with value: 0.8708044957543242.
/home/stepa/.local/lib/python3.6/site-packages/xgboost/sklearn.py:1224: UserWarning: The use of label encoder in XGBClassifier is deprecated and will be removed in a future release. To remove this warning, do the following: 1) Pass option use_label_encoder=False when constructing XGBClassifier object; and 2) Encode your labels (y) as integers starting with 0, i.e. 0, 1, 2, ..., [num_class - 1].
  warnings.warn(label_encoder_deprecation_msg, UserWarning)
[16:19:00] WARNING: ../src/learner.cc:223: No visible GPU is found, setting `gpu_id` to -1
[16:19:00] WARNING: ../src/learner.cc:1115: Starting in XGBoost 1.3.0, the default evaluation metric used with the objective 'binary:logistic' was changed from 'error' to 'logloss'. Explicitly set eval_metric if you'd like to restore the old behavior.
[I 2023-11-06 16:19:31,576] Trial 213 finished with value: 0.8704463565462446 and parameters: {'n_estimators': 8500, 'max_depth': 6, 'min_child_weight': 8, 'learning_rate': 0.018664403381800254, 'subsample': 0.9319493366129482, 'colsample_bytree': 0.12958875932595904, 'reg_alpha': 3.854140699996363, 'reg_lambda': 5.613694023325577, 'gamma': 0.8999999999999999}. Best is trial 194 with value: 0.8708044957543242.
/home/stepa/.local/lib/python3.6/site-packages/xgboost/sklearn.py:1224: UserWarning: The use of label encoder in XGBClassifier is deprecated and will be removed in a future release. To remove this warning, do the following: 1) Pass option use_label_encoder=False when constructing XGBClassifier object; and 2) Encode your labels (y) as integers starting with 0, i.e. 0, 1, 2, ..., [num_class - 1].
  warnings.warn(label_encoder_deprecation_msg, UserWarning)
[16:19:31] WARNING: ../src/learner.cc:223: No visible GPU is found, setting `gpu_id` to -1
[16:19:31] WARNING: ../src/learner.cc:1115: Starting in XGBoost 1.3.0, the default evaluation metric used with the objective 'binary:logistic' was changed from 'error' to 'logloss'. Explicitly set eval_metric if you'd like to restore the old behavior.
[I 2023-11-06 16:20:02,740] Trial 214 finished with value: 0.8704368577283768 and parameters: {'n_estimators': 8400, 'max_depth': 6, 'min_child_weight': 8, 'learning_rate': 0.022135046879223044, 'subsample': 0.9743421404266449, 'colsample_bytree': 0.1444479626088617, 'reg_alpha': 3.755307142640176, 'reg_lambda': 6.094769551321878, 'gamma': 0.8999999999999999}. Best is trial 194 with value: 0.8708044957543242.
/home/stepa/.local/lib/python3.6/site-packages/xgboost/sklearn.py:1224: UserWarning: The use of label encoder in XGBClassifier is deprecated and will be removed in a future release. To remove this warning, do the following: 1) Pass option use_label_encoder=False when constructing XGBClassifier object; and 2) Encode your labels (y) as integers starting with 0, i.e. 0, 1, 2, ..., [num_class - 1].
  warnings.warn(label_encoder_deprecation_msg, UserWarning)
[16:20:02] WARNING: ../src/learner.cc:223: No visible GPU is found, setting `gpu_id` to -1
[16:20:02] WARNING: ../src/learner.cc:1115: Starting in XGBoost 1.3.0, the default evaluation metric used with the objective 'binary:logistic' was changed from 'error' to 'logloss'. Explicitly set eval_metric if you'd like to restore the old behavior.
[I 2023-11-06 16:20:33,678] Trial 215 finished with value: 0.8707532964665153 and parameters: {'n_estimators': 8300, 'max_depth': 6, 'min_child_weight': 8, 'learning_rate': 0.017457138552050434, 'subsample': 0.9647490563759639, 'colsample_bytree': 0.15541605282259113, 'reg_alpha': 3.9877622085612057, 'reg_lambda': 5.813412457850747, 'gamma': 0.8999999999999999}. Best is trial 194 with value: 0.8708044957543242.
/home/stepa/.local/lib/python3.6/site-packages/xgboost/sklearn.py:1224: UserWarning: The use of label encoder in XGBClassifier is deprecated and will be removed in a future release. To remove this warning, do the following: 1) Pass option use_label_encoder=False when constructing XGBClassifier object; and 2) Encode your labels (y) as integers starting with 0, i.e. 0, 1, 2, ..., [num_class - 1].
  warnings.warn(label_encoder_deprecation_msg, UserWarning)
[16:20:33] WARNING: ../src/learner.cc:223: No visible GPU is found, setting `gpu_id` to -1
[16:20:33] WARNING: ../src/learner.cc:1115: Starting in XGBoost 1.3.0, the default evaluation metric used with the objective 'binary:logistic' was changed from 'error' to 'logloss'. Explicitly set eval_metric if you'd like to restore the old behavior.
