[I 2023-11-06 18:40:45,909] Trial 468 finished with value: 0.8693185632797558 and parameters: {'n_estimators': 9200, 'max_depth': 6, 'min_child_weight': 8, 'learning_rate': 0.010290627157437867, 'subsample': 0.9451256658980033, 'colsample_bytree': 0.10076798743410428, 'reg_alpha': 4.037793383285232, 'reg_lambda': 6.535030224669222, 'gamma': 0.8999999999999999}. Best is trial 418 with value: 0.8708987165132547.
/home/stepa/.local/lib/python3.6/site-packages/xgboost/sklearn.py:1224: UserWarning: The use of label encoder in XGBClassifier is deprecated and will be removed in a future release. To remove this warning, do the following: 1) Pass option use_label_encoder=False when constructing XGBClassifier object; and 2) Encode your labels (y) as integers starting with 0, i.e. 0, 1, 2, ..., [num_class - 1].
  warnings.warn(label_encoder_deprecation_msg, UserWarning)
[18:40:45] WARNING: ../src/learner.cc:223: No visible GPU is found, setting `gpu_id` to -1
[18:40:45] WARNING: ../src/learner.cc:1115: Starting in XGBoost 1.3.0, the default evaluation metric used with the objective 'binary:logistic' was changed from 'error' to 'logloss'. Explicitly set eval_metric if you'd like to restore the old behavior.
[I 2023-11-06 18:41:16,415] Trial 469 finished with value: 0.8708028370085152 and parameters: {'n_estimators': 8100, 'max_depth': 6, 'min_child_weight': 8, 'learning_rate': 0.013824139396270868, 'subsample': 0.9613755778928986, 'colsample_bytree': 0.137888694398499, 'reg_alpha': 4.601914886001295, 'reg_lambda': 5.876934107892428, 'gamma': 0.8999999999999999}. Best is trial 418 with value: 0.8708987165132547.
/home/stepa/.local/lib/python3.6/site-packages/xgboost/sklearn.py:1224: UserWarning: The use of label encoder in XGBClassifier is deprecated and will be removed in a future release. To remove this warning, do the following: 1) Pass option use_label_encoder=False when constructing XGBClassifier object; and 2) Encode your labels (y) as integers starting with 0, i.e. 0, 1, 2, ..., [num_class - 1].
  warnings.warn(label_encoder_deprecation_msg, UserWarning)
[18:41:16] WARNING: ../src/learner.cc:223: No visible GPU is found, setting `gpu_id` to -1
[18:41:16] WARNING: ../src/learner.cc:1115: Starting in XGBoost 1.3.0, the default evaluation metric used with the objective 'binary:logistic' was changed from 'error' to 'logloss'. Explicitly set eval_metric if you'd like to restore the old behavior.
[I 2023-11-06 18:41:50,869] Trial 470 finished with value: 0.8706011255241822 and parameters: {'n_estimators': 8100, 'max_depth': 7, 'min_child_weight': 8, 'learning_rate': 0.01301495144125613, 'subsample': 0.9874073343841274, 'colsample_bytree': 0.1589136327048427, 'reg_alpha': 4.816632644222821, 'reg_lambda': 3.2455309716963967, 'gamma': 0.8999999999999999}. Best is trial 418 with value: 0.8708987165132547.
/home/stepa/.local/lib/python3.6/site-packages/xgboost/sklearn.py:1224: UserWarning: The use of label encoder in XGBClassifier is deprecated and will be removed in a future release. To remove this warning, do the following: 1) Pass option use_label_encoder=False when constructing XGBClassifier object; and 2) Encode your labels (y) as integers starting with 0, i.e. 0, 1, 2, ..., [num_class - 1].
  warnings.warn(label_encoder_deprecation_msg, UserWarning)
[18:41:50] WARNING: ../src/learner.cc:223: No visible GPU is found, setting `gpu_id` to -1
[18:41:50] WARNING: ../src/learner.cc:1115: Starting in XGBoost 1.3.0, the default evaluation metric used with the objective 'binary:logistic' was changed from 'error' to 'logloss'. Explicitly set eval_metric if you'd like to restore the old behavior.
[I 2023-11-06 18:42:17,874] Trial 471 finished with value: 0.8691948548167141 and parameters: {'n_estimators': 8000, 'max_depth': 5, 'min_child_weight': 8, 'learning_rate': 0.009418814521310269, 'subsample': 0.967361500476222, 'colsample_bytree': 0.13171214984459986, 'reg_alpha': 4.976953760492668, 'reg_lambda': 5.717278562434675, 'gamma': 0.8999999999999999}. Best is trial 418 with value: 0.8708987165132547.
/home/stepa/.local/lib/python3.6/site-packages/xgboost/sklearn.py:1224: UserWarning: The use of label encoder in XGBClassifier is deprecated and will be removed in a future release. To remove this warning, do the following: 1) Pass option use_label_encoder=False when constructing XGBClassifier object; and 2) Encode your labels (y) as integers starting with 0, i.e. 0, 1, 2, ..., [num_class - 1].
  warnings.warn(label_encoder_deprecation_msg, UserWarning)
[18:42:17] WARNING: ../src/learner.cc:223: No visible GPU is found, setting `gpu_id` to -1
[18:42:17] WARNING: ../src/learner.cc:1115: Starting in XGBoost 1.3.0, the default evaluation metric used with the objective 'binary:logistic' was changed from 'error' to 'logloss'. Explicitly set eval_metric if you'd like to restore the old behavior.
[I 2023-11-06 18:42:48,446] Trial 472 finished with value: 0.8706300896241945 and parameters: {'n_estimators': 8100, 'max_depth': 6, 'min_child_weight': 8, 'learning_rate': 0.01145029726366943, 'subsample': 0.9583155455981167, 'colsample_bytree': 0.18451052475084223, 'reg_alpha': 5.194970552495539, 'reg_lambda': 5.883352810424995, 'gamma': 0.8999999999999999}. Best is trial 418 with value: 0.8708987165132547.
/home/stepa/.local/lib/python3.6/site-packages/xgboost/sklearn.py:1224: UserWarning: The use of label encoder in XGBClassifier is deprecated and will be removed in a future release. To remove this warning, do the following: 1) Pass option use_label_encoder=False when constructing XGBClassifier object; and 2) Encode your labels (y) as integers starting with 0, i.e. 0, 1, 2, ..., [num_class - 1].
  warnings.warn(label_encoder_deprecation_msg, UserWarning)
[18:42:48] WARNING: ../src/learner.cc:223: No visible GPU is found, setting `gpu_id` to -1
[18:42:48] WARNING: ../src/learner.cc:1115: Starting in XGBoost 1.3.0, the default evaluation metric used with the objective 'binary:logistic' was changed from 'error' to 'logloss'. Explicitly set eval_metric if you'd like to restore the old behavior.
[I 2023-11-06 18:43:31,764] Trial 473 finished with value: 0.8697879084041523 and parameters: {'n_estimators': 8200, 'max_depth': 9, 'min_child_weight': 8, 'learning_rate': 0.01443528439634285, 'subsample': 0.9806087367149531, 'colsample_bytree': 0.15272259406933478, 'reg_alpha': 4.318249843226135, 'reg_lambda': 5.598085116070844, 'gamma': 0.8999999999999999}. Best is trial 418 with value: 0.8708987165132547.
/home/stepa/.local/lib/python3.6/site-packages/xgboost/sklearn.py:1224: UserWarning: The use of label encoder in XGBClassifier is deprecated and will be removed in a future release. To remove this warning, do the following: 1) Pass option use_label_encoder=False when constructing XGBClassifier object; and 2) Encode your labels (y) as integers starting with 0, i.e. 0, 1, 2, ..., [num_class - 1].
  warnings.warn(label_encoder_deprecation_msg, UserWarning)
[18:43:31] WARNING: ../src/learner.cc:223: No visible GPU is found, setting `gpu_id` to -1
[18:43:31] WARNING: ../src/learner.cc:1115: Starting in XGBoost 1.3.0, the default evaluation metric used with the objective 'binary:logistic' was changed from 'error' to 'logloss'. Explicitly set eval_metric if you'd like to restore the old behavior.
[I 2023-11-06 18:44:02,780] Trial 474 finished with value: 0.869472390969409 and parameters: {'n_estimators': 8300, 'max_depth': 6, 'min_child_weight': 8, 'learning_rate': 0.012300104293753104, 'subsample': 0.97352667999127, 'colsample_bytree': 0.12800610086380612, 'reg_alpha': 4.679254724773612, 'reg_lambda': 5.348769655193978, 'gamma': 0.8999999999999999}. Best is trial 418 with value: 0.8708987165132547.
/home/stepa/.local/lib/python3.6/site-packages/xgboost/sklearn.py:1224: UserWarning: The use of label encoder in XGBClassifier is deprecated and will be removed in a future release. To remove this warning, do the following: 1) Pass option use_label_encoder=False when constructing XGBClassifier object; and 2) Encode your labels (y) as integers starting with 0, i.e. 0, 1, 2, ..., [num_class - 1].
  warnings.warn(label_encoder_deprecation_msg, UserWarning)
[18:44:02] WARNING: ../src/learner.cc:223: No visible GPU is found, setting `gpu_id` to -1
[18:44:02] WARNING: ../src/learner.cc:1115: Starting in XGBoost 1.3.0, the default evaluation metric used with the objective 'binary:logistic' was changed from 'error' to 'logloss'. Explicitly set eval_metric if you'd like to restore the old behavior.
[I 2023-11-06 18:44:36,732] Trial 475 finished with value: 0.8636258775649661 and parameters: {'n_estimators': 8200, 'max_depth': 6, 'min_child_weight': 8, 'learning_rate': 0.0024165249850031456, 'subsample': 0.9531676069703992, 'colsample_bytree': 0.16811049374537887, 'reg_alpha': 4.111785952772673, 'reg_lambda': 6.077275146596472, 'gamma': 0.8999999999999999}. Best is trial 418 with value: 0.8708987165132547.
/home/stepa/.local/lib/python3.6/site-packages/xgboost/sklearn.py:1224: UserWarning: The use of label encoder in XGBClassifier is deprecated and will be removed in a future release. To remove this warning, do the following: 1) Pass option use_label_encoder=False when constructing XGBClassifier object; and 2) Encode your labels (y) as integers starting with 0, i.e. 0, 1, 2, ..., [num_class - 1].
  warnings.warn(label_encoder_deprecation_msg, UserWarning)
[18:44:36] WARNING: ../src/learner.cc:223: No visible GPU is found, setting `gpu_id` to -1
[18:44:36] WARNING: ../src/learner.cc:1115: Starting in XGBoost 1.3.0, the default evaluation metric used with the objective 'binary:logistic' was changed from 'error' to 'logloss'. Explicitly set eval_metric if you'd like to restore the old behavior.
[I 2023-11-06 18:45:09,006] Trial 476 finished with value: 0.8705876077450829 and parameters: {'n_estimators': 8600, 'max_depth': 6, 'min_child_weight': 8, 'learning_rate': 0.015043881976005166, 'subsample': 0.9642745573731943, 'colsample_bytree': 0.2038523427351401, 'reg_alpha': 4.421094270933066, 'reg_lambda': 5.86931912851686, 'gamma': 0.8999999999999999}. Best is trial 418 with value: 0.8708987165132547.
/home/stepa/.local/lib/python3.6/site-packages/xgboost/sklearn.py:1224: UserWarning: The use of label encoder in XGBClassifier is deprecated and will be removed in a future release. To remove this warning, do the following: 1) Pass option use_label_encoder=False when constructing XGBClassifier object; and 2) Encode your labels (y) as integers starting with 0, i.e. 0, 1, 2, ..., [num_class - 1].
  warnings.warn(label_encoder_deprecation_msg, UserWarning)
[18:45:09] WARNING: ../src/learner.cc:223: No visible GPU is found, setting `gpu_id` to -1
[18:45:09] WARNING: ../src/learner.cc:1115: Starting in XGBoost 1.3.0, the default evaluation metric used with the objective 'binary:logistic' was changed from 'error' to 'logloss'. Explicitly set eval_metric if you'd like to restore the old behavior.
[I 2023-11-06 18:45:39,203] Trial 477 finished with value: 0.8706779974007414 and parameters: {'n_estimators': 8100, 'max_depth': 6, 'min_child_weight': 8, 'learning_rate': 0.013247612413451532, 'subsample': 0.9936141275167795, 'colsample_bytree': 0.14641511776196828, 'reg_alpha': 3.788814689618134, 'reg_lambda': 6.310779384635002, 'gamma': 0.8999999999999999}. Best is trial 418 with value: 0.8708987165132547.
/home/stepa/.local/lib/python3.6/site-packages/xgboost/sklearn.py:1224: UserWarning: The use of label encoder in XGBClassifier is deprecated and will be removed in a future release. To remove this warning, do the following: 1) Pass option use_label_encoder=False when constructing XGBClassifier object; and 2) Encode your labels (y) as integers starting with 0, i.e. 0, 1, 2, ..., [num_class - 1].
  warnings.warn(label_encoder_deprecation_msg, UserWarning)
[18:45:39] WARNING: ../src/learner.cc:223: No visible GPU is found, setting `gpu_id` to -1
[18:45:39] WARNING: ../src/learner.cc:1115: Starting in XGBoost 1.3.0, the default evaluation metric used with the objective 'binary:logistic' was changed from 'error' to 'logloss'. Explicitly set eval_metric if you'd like to restore the old behavior.
[I 2023-11-06 18:46:10,181] Trial 478 finished with value: 0.8705433911775836 and parameters: {'n_estimators': 8300, 'max_depth': 6, 'min_child_weight': 8, 'learning_rate': 0.016112618462823657, 'subsample': 0.9696463677567566, 'colsample_bytree': 0.18103222459381513, 'reg_alpha': 4.896736388459418, 'reg_lambda': 6.003330283972158, 'gamma': 0.8999999999999999}. Best is trial 418 with value: 0.8708987165132547.
/home/stepa/.local/lib/python3.6/site-packages/xgboost/sklearn.py:1224: UserWarning: The use of label encoder in XGBClassifier is deprecated and will be removed in a future release. To remove this warning, do the following: 1) Pass option use_label_encoder=False when constructing XGBClassifier object; and 2) Encode your labels (y) as integers starting with 0, i.e. 0, 1, 2, ..., [num_class - 1].
  warnings.warn(label_encoder_deprecation_msg, UserWarning)
[18:46:10] WARNING: ../src/learner.cc:223: No visible GPU is found, setting `gpu_id` to -1
[18:46:10] WARNING: ../src/learner.cc:1115: Starting in XGBoost 1.3.0, the default evaluation metric used with the objective 'binary:logistic' was changed from 'error' to 'logloss'. Explicitly set eval_metric if you'd like to restore the old behavior.
[I 2023-11-06 18:46:42,405] Trial 479 finished with value: 0.8692594719591759 and parameters: {'n_estimators': 8700, 'max_depth': 6, 'min_child_weight': 8, 'learning_rate': 0.010785293200053057, 'subsample': 0.9818491470525225, 'colsample_bytree': 0.12025432130618807, 'reg_alpha': 4.5618705477848955, 'reg_lambda': 5.602893659742766, 'gamma': 0.8999999999999999}. Best is trial 418 with value: 0.8708987165132547.
/home/stepa/.local/lib/python3.6/site-packages/xgboost/sklearn.py:1224: UserWarning: The use of label encoder in XGBClassifier is deprecated and will be removed in a future release. To remove this warning, do the following: 1) Pass option use_label_encoder=False when constructing XGBClassifier object; and 2) Encode your labels (y) as integers starting with 0, i.e. 0, 1, 2, ..., [num_class - 1].
  warnings.warn(label_encoder_deprecation_msg, UserWarning)
[18:46:42] WARNING: ../src/learner.cc:223: No visible GPU is found, setting `gpu_id` to -1
[18:46:42] WARNING: ../src/learner.cc:1115: Starting in XGBoost 1.3.0, the default evaluation metric used with the objective 'binary:logistic' was changed from 'error' to 'logloss'. Explicitly set eval_metric if you'd like to restore the old behavior.
[I 2023-11-06 18:47:14,063] Trial 480 finished with value: 0.8706883495733808 and parameters: {'n_estimators': 8400, 'max_depth': 6, 'min_child_weight': 8, 'learning_rate': 0.018436940055010117, 'subsample': 0.9606866255581423, 'colsample_bytree': 0.16077403240662524, 'reg_alpha': 4.201082244363556, 'reg_lambda': 6.505144937829534, 'gamma': 0.8999999999999999}. Best is trial 418 with value: 0.8708987165132547.
/home/stepa/.local/lib/python3.6/site-packages/xgboost/sklearn.py:1224: UserWarning: The use of label encoder in XGBClassifier is deprecated and will be removed in a future release. To remove this warning, do the following: 1) Pass option use_label_encoder=False when constructing XGBClassifier object; and 2) Encode your labels (y) as integers starting with 0, i.e. 0, 1, 2, ..., [num_class - 1].
  warnings.warn(label_encoder_deprecation_msg, UserWarning)
[18:47:14] WARNING: ../src/learner.cc:223: No visible GPU is found, setting `gpu_id` to -1
[18:47:14] WARNING: ../src/learner.cc:1115: Starting in XGBoost 1.3.0, the default evaluation metric used with the objective 'binary:logistic' was changed from 'error' to 'logloss'. Explicitly set eval_metric if you'd like to restore the old behavior.
[I 2023-11-06 18:47:45,121] Trial 481 finished with value: 0.8699413403929982 and parameters: {'n_estimators': 10800, 'max_depth': 4, 'min_child_weight': 8, 'learning_rate': 0.014696881827321404, 'subsample': 0.9752128791000122, 'colsample_bytree': 0.1439356431959495, 'reg_alpha': 3.362844297664483, 'reg_lambda': 6.135419391763851, 'gamma': 0.8999999999999999}. Best is trial 418 with value: 0.8708987165132547.
/home/stepa/.local/lib/python3.6/site-packages/xgboost/sklearn.py:1224: UserWarning: The use of label encoder in XGBClassifier is deprecated and will be removed in a future release. To remove this warning, do the following: 1) Pass option use_label_encoder=False when constructing XGBClassifier object; and 2) Encode your labels (y) as integers starting with 0, i.e. 0, 1, 2, ..., [num_class - 1].
  warnings.warn(label_encoder_deprecation_msg, UserWarning)
[18:47:45] WARNING: ../src/learner.cc:223: No visible GPU is found, setting `gpu_id` to -1
[18:47:45] WARNING: ../src/learner.cc:1115: Starting in XGBoost 1.3.0, the default evaluation metric used with the objective 'binary:logistic' was changed from 'error' to 'logloss'. Explicitly set eval_metric if you'd like to restore the old behavior.
[I 2023-11-06 18:48:16,802] Trial 482 finished with value: 0.8703589946013099 and parameters: {'n_estimators': 8500, 'max_depth': 6, 'min_child_weight': 8, 'learning_rate': 0.016653763703235062, 'subsample': 0.9387214346200505, 'colsample_bytree': 0.19089157854506006, 'reg_alpha': 3.9561162536938537, 'reg_lambda': 6.899128482156889, 'gamma': 0.8999999999999999}. Best is trial 418 with value: 0.8708987165132547.
/home/stepa/.local/lib/python3.6/site-packages/xgboost/sklearn.py:1224: UserWarning: The use of label encoder in XGBClassifier is deprecated and will be removed in a future release. To remove this warning, do the following: 1) Pass option use_label_encoder=False when constructing XGBClassifier object; and 2) Encode your labels (y) as integers starting with 0, i.e. 0, 1, 2, ..., [num_class - 1].
  warnings.warn(label_encoder_deprecation_msg, UserWarning)
[18:48:16] WARNING: ../src/learner.cc:223: No visible GPU is found, setting `gpu_id` to -1
[18:48:16] WARNING: ../src/learner.cc:1115: Starting in XGBoost 1.3.0, the default evaluation metric used with the objective 'binary:logistic' was changed from 'error' to 'logloss'. Explicitly set eval_metric if you'd like to restore the old behavior.
[I 2023-11-06 18:48:54,021] Trial 483 finished with value: 0.8705652106796835 and parameters: {'n_estimators': 8900, 'max_depth': 7, 'min_child_weight': 8, 'learning_rate': 0.013433929543605762, 'subsample': 0.9503736087167473, 'colsample_bytree': 0.16851940276555522, 'reg_alpha': 3.6507340568280924, 'reg_lambda': 6.395622461507997, 'gamma': 0.8999999999999999}. Best is trial 418 with value: 0.8708987165132547.
/home/stepa/.local/lib/python3.6/site-packages/xgboost/sklearn.py:1224: UserWarning: The use of label encoder in XGBClassifier is deprecated and will be removed in a future release. To remove this warning, do the following: 1) Pass option use_label_encoder=False when constructing XGBClassifier object; and 2) Encode your labels (y) as integers starting with 0, i.e. 0, 1, 2, ..., [num_class - 1].
  warnings.warn(label_encoder_deprecation_msg, UserWarning)
[18:48:54] WARNING: ../src/learner.cc:223: No visible GPU is found, setting `gpu_id` to -1
[18:48:54] WARNING: ../src/learner.cc:1115: Starting in XGBoost 1.3.0, the default evaluation metric used with the objective 'binary:logistic' was changed from 'error' to 'logloss'. Explicitly set eval_metric if you'd like to restore the old behavior.
[I 2023-11-06 18:49:24,137] Trial 484 finished with value: 0.8701562658861133 and parameters: {'n_estimators': 8300, 'max_depth': 6, 'min_child_weight': 8, 'learning_rate': 0.019469455041136306, 'subsample': 0.9886160288329388, 'colsample_bytree': 0.12347875115570567, 'reg_alpha': 4.702291825619863, 'reg_lambda': 5.779995234269779, 'gamma': 0.8999999999999999}. Best is trial 418 with value: 0.8708987165132547.
/home/stepa/.local/lib/python3.6/site-packages/xgboost/sklearn.py:1224: UserWarning: The use of label encoder in XGBClassifier is deprecated and will be removed in a future release. To remove this warning, do the following: 1) Pass option use_label_encoder=False when constructing XGBClassifier object; and 2) Encode your labels (y) as integers starting with 0, i.e. 0, 1, 2, ..., [num_class - 1].
  warnings.warn(label_encoder_deprecation_msg, UserWarning)
[18:49:24] WARNING: ../src/learner.cc:223: No visible GPU is found, setting `gpu_id` to -1
[18:49:24] WARNING: ../src/learner.cc:1115: Starting in XGBoost 1.3.0, the default evaluation metric used with the objective 'binary:logistic' was changed from 'error' to 'logloss'. Explicitly set eval_metric if you'd like to restore the old behavior.
[I 2023-11-06 18:49:57,704] Trial 485 finished with value: 0.8707932462601568 and parameters: {'n_estimators': 8800, 'max_depth': 6, 'min_child_weight': 8, 'learning_rate': 0.015691251779143642, 'subsample': 0.9660274686865216, 'colsample_bytree': 0.13919425414758213, 'reg_alpha': 5.12159398598665, 'reg_lambda': 6.702938008330026, 'gamma': 0.8999999999999999}. Best is trial 418 with value: 0.8708987165132547.
/home/stepa/.local/lib/python3.6/site-packages/xgboost/sklearn.py:1224: UserWarning: The use of label encoder in XGBClassifier is deprecated and will be removed in a future release. To remove this warning, do the following: 1) Pass option use_label_encoder=False when constructing XGBClassifier object; and 2) Encode your labels (y) as integers starting with 0, i.e. 0, 1, 2, ..., [num_class - 1].
  warnings.warn(label_encoder_deprecation_msg, UserWarning)
[18:49:57] WARNING: ../src/learner.cc:223: No visible GPU is found, setting `gpu_id` to -1
[18:49:57] WARNING: ../src/learner.cc:1115: Starting in XGBoost 1.3.0, the default evaluation metric used with the objective 'binary:logistic' was changed from 'error' to 'logloss'. Explicitly set eval_metric if you'd like to restore the old behavior.
