[I 2023-11-06 15:35:17,746] Trial 126 finished with value: 0.870547048412319 and parameters: {'n_estimators': 8400, 'max_depth': 6, 'min_child_weight': 7, 'learning_rate': 0.01671580229036476, 'subsample': 0.8288891056956615, 'colsample_bytree': 0.13254389565718927, 'reg_alpha': 4.181850298392178, 'reg_lambda': 5.255153791307374, 'gamma': 0.7999999999999999}. Best is trial 74 with value: 0.8707075030912526.
/home/stepa/.local/lib/python3.6/site-packages/xgboost/sklearn.py:1224: UserWarning: The use of label encoder in XGBClassifier is deprecated and will be removed in a future release. To remove this warning, do the following: 1) Pass option use_label_encoder=False when constructing XGBClassifier object; and 2) Encode your labels (y) as integers starting with 0, i.e. 0, 1, 2, ..., [num_class - 1].
  warnings.warn(label_encoder_deprecation_msg, UserWarning)
[15:35:17] WARNING: ../src/learner.cc:223: No visible GPU is found, setting `gpu_id` to -1
[15:35:17] WARNING: ../src/learner.cc:1115: Starting in XGBoost 1.3.0, the default evaluation metric used with the objective 'binary:logistic' was changed from 'error' to 'logloss'. Explicitly set eval_metric if you'd like to restore the old behavior.
[I 2023-11-06 15:35:49,112] Trial 127 finished with value: 0.8703319690355564 and parameters: {'n_estimators': 8400, 'max_depth': 6, 'min_child_weight': 7, 'learning_rate': 0.0169607822127102, 'subsample': 0.8157468585319114, 'colsample_bytree': 0.1288800610114918, 'reg_alpha': 4.156188349479251, 'reg_lambda': 4.597477508973124, 'gamma': 0.7999999999999999}. Best is trial 74 with value: 0.8707075030912526.
/home/stepa/.local/lib/python3.6/site-packages/xgboost/sklearn.py:1224: UserWarning: The use of label encoder in XGBClassifier is deprecated and will be removed in a future release. To remove this warning, do the following: 1) Pass option use_label_encoder=False when constructing XGBClassifier object; and 2) Encode your labels (y) as integers starting with 0, i.e. 0, 1, 2, ..., [num_class - 1].
  warnings.warn(label_encoder_deprecation_msg, UserWarning)
[15:35:49] WARNING: ../src/learner.cc:223: No visible GPU is found, setting `gpu_id` to -1
[15:35:49] WARNING: ../src/learner.cc:1115: Starting in XGBoost 1.3.0, the default evaluation metric used with the objective 'binary:logistic' was changed from 'error' to 'logloss'. Explicitly set eval_metric if you'd like to restore the old behavior.
[I 2023-11-06 15:36:17,967] Trial 128 finished with value: 0.8573026006452313 and parameters: {'n_estimators': 8100, 'max_depth': 5, 'min_child_weight': 7, 'learning_rate': 0.09917388408522473, 'subsample': 0.8035989939764313, 'colsample_bytree': 0.45645188169427664, 'reg_alpha': 3.900867795251873, 'reg_lambda': 5.252157155843769, 'gamma': 0.7999999999999999}. Best is trial 74 with value: 0.8707075030912526.
/home/stepa/.local/lib/python3.6/site-packages/xgboost/sklearn.py:1224: UserWarning: The use of label encoder in XGBClassifier is deprecated and will be removed in a future release. To remove this warning, do the following: 1) Pass option use_label_encoder=False when constructing XGBClassifier object; and 2) Encode your labels (y) as integers starting with 0, i.e. 0, 1, 2, ..., [num_class - 1].
  warnings.warn(label_encoder_deprecation_msg, UserWarning)
[15:36:18] WARNING: ../src/learner.cc:223: No visible GPU is found, setting `gpu_id` to -1
[15:36:18] WARNING: ../src/learner.cc:1115: Starting in XGBoost 1.3.0, the default evaluation metric used with the objective 'binary:logistic' was changed from 'error' to 'logloss'. Explicitly set eval_metric if you'd like to restore the old behavior.
[I 2023-11-06 15:36:48,536] Trial 129 finished with value: 0.8695361347722097 and parameters: {'n_estimators': 8000, 'max_depth': 6, 'min_child_weight': 7, 'learning_rate': 0.027803964128204482, 'subsample': 0.8338191422325212, 'colsample_bytree': 0.15698281066408337, 'reg_alpha': 4.214778302999741, 'reg_lambda': 5.455210365536033, 'gamma': 0.7999999999999999}. Best is trial 74 with value: 0.8707075030912526.
/home/stepa/.local/lib/python3.6/site-packages/xgboost/sklearn.py:1224: UserWarning: The use of label encoder in XGBClassifier is deprecated and will be removed in a future release. To remove this warning, do the following: 1) Pass option use_label_encoder=False when constructing XGBClassifier object; and 2) Encode your labels (y) as integers starting with 0, i.e. 0, 1, 2, ..., [num_class - 1].
  warnings.warn(label_encoder_deprecation_msg, UserWarning)
[15:36:48] WARNING: ../src/learner.cc:223: No visible GPU is found, setting `gpu_id` to -1
[15:36:48] WARNING: ../src/learner.cc:1115: Starting in XGBoost 1.3.0, the default evaluation metric used with the objective 'binary:logistic' was changed from 'error' to 'logloss'. Explicitly set eval_metric if you'd like to restore the old behavior.
[I 2023-11-06 15:37:20,021] Trial 130 finished with value: 0.8699079516385027 and parameters: {'n_estimators': 8200, 'max_depth': 6, 'min_child_weight': 7, 'learning_rate': 0.020068518701557455, 'subsample': 0.8260962572621016, 'colsample_bytree': 0.19591098008760457, 'reg_alpha': 3.791162506831264, 'reg_lambda': 5.916845637898886, 'gamma': 0.7999999999999999}. Best is trial 74 with value: 0.8707075030912526.
/home/stepa/.local/lib/python3.6/site-packages/xgboost/sklearn.py:1224: UserWarning: The use of label encoder in XGBClassifier is deprecated and will be removed in a future release. To remove this warning, do the following: 1) Pass option use_label_encoder=False when constructing XGBClassifier object; and 2) Encode your labels (y) as integers starting with 0, i.e. 0, 1, 2, ..., [num_class - 1].
  warnings.warn(label_encoder_deprecation_msg, UserWarning)
[15:37:20] WARNING: ../src/learner.cc:223: No visible GPU is found, setting `gpu_id` to -1
[15:37:20] WARNING: ../src/learner.cc:1115: Starting in XGBoost 1.3.0, the default evaluation metric used with the objective 'binary:logistic' was changed from 'error' to 'logloss'. Explicitly set eval_metric if you'd like to restore the old behavior.
[I 2023-11-06 15:37:51,656] Trial 131 finished with value: 0.8702708872200059 and parameters: {'n_estimators': 8500, 'max_depth': 6, 'min_child_weight': 7, 'learning_rate': 0.01600202653373446, 'subsample': 0.8392170952667031, 'colsample_bytree': 0.10316132368706063, 'reg_alpha': 4.0309068049051415, 'reg_lambda': 5.088764621063748, 'gamma': 0.7999999999999999}. Best is trial 74 with value: 0.8707075030912526.
/home/stepa/.local/lib/python3.6/site-packages/xgboost/sklearn.py:1224: UserWarning: The use of label encoder in XGBClassifier is deprecated and will be removed in a future release. To remove this warning, do the following: 1) Pass option use_label_encoder=False when constructing XGBClassifier object; and 2) Encode your labels (y) as integers starting with 0, i.e. 0, 1, 2, ..., [num_class - 1].
  warnings.warn(label_encoder_deprecation_msg, UserWarning)
[15:37:51] WARNING: ../src/learner.cc:223: No visible GPU is found, setting `gpu_id` to -1
[15:37:51] WARNING: ../src/learner.cc:1115: Starting in XGBoost 1.3.0, the default evaluation metric used with the objective 'binary:logistic' was changed from 'error' to 'logloss'. Explicitly set eval_metric if you'd like to restore the old behavior.
[I 2023-11-06 15:38:24,101] Trial 132 finished with value: 0.8703137208331684 and parameters: {'n_estimators': 8400, 'max_depth': 6, 'min_child_weight': 7, 'learning_rate': 0.010708426608203274, 'subsample': 0.8193763217777906, 'colsample_bytree': 0.13399266449499833, 'reg_alpha': 4.384713455239319, 'reg_lambda': 5.703944026707776, 'gamma': 0.7999999999999999}. Best is trial 74 with value: 0.8707075030912526.
/home/stepa/.local/lib/python3.6/site-packages/xgboost/sklearn.py:1224: UserWarning: The use of label encoder in XGBClassifier is deprecated and will be removed in a future release. To remove this warning, do the following: 1) Pass option use_label_encoder=False when constructing XGBClassifier object; and 2) Encode your labels (y) as integers starting with 0, i.e. 0, 1, 2, ..., [num_class - 1].
  warnings.warn(label_encoder_deprecation_msg, UserWarning)
[15:38:24] WARNING: ../src/learner.cc:223: No visible GPU is found, setting `gpu_id` to -1
[15:38:24] WARNING: ../src/learner.cc:1115: Starting in XGBoost 1.3.0, the default evaluation metric used with the objective 'binary:logistic' was changed from 'error' to 'logloss'. Explicitly set eval_metric if you'd like to restore the old behavior.
[I 2023-11-06 15:38:55,643] Trial 133 finished with value: 0.8705571347859312 and parameters: {'n_estimators': 8300, 'max_depth': 6, 'min_child_weight': 7, 'learning_rate': 0.014158338704290523, 'subsample': 0.8468308167060971, 'colsample_bytree': 0.16690511667459218, 'reg_alpha': 3.517764718050352, 'reg_lambda': 4.346227822779282, 'gamma': 0.7999999999999999}. Best is trial 74 with value: 0.8707075030912526.
/home/stepa/.local/lib/python3.6/site-packages/xgboost/sklearn.py:1224: UserWarning: The use of label encoder in XGBClassifier is deprecated and will be removed in a future release. To remove this warning, do the following: 1) Pass option use_label_encoder=False when constructing XGBClassifier object; and 2) Encode your labels (y) as integers starting with 0, i.e. 0, 1, 2, ..., [num_class - 1].
  warnings.warn(label_encoder_deprecation_msg, UserWarning)
[15:38:55] WARNING: ../src/learner.cc:223: No visible GPU is found, setting `gpu_id` to -1
[15:38:55] WARNING: ../src/learner.cc:1115: Starting in XGBoost 1.3.0, the default evaluation metric used with the objective 'binary:logistic' was changed from 'error' to 'logloss'. Explicitly set eval_metric if you'd like to restore the old behavior.
[I 2023-11-06 15:39:27,795] Trial 134 finished with value: 0.8701235606148308 and parameters: {'n_estimators': 8300, 'max_depth': 6, 'min_child_weight': 7, 'learning_rate': 0.009145537592524665, 'subsample': 0.8465960492820841, 'colsample_bytree': 0.15950165873592906, 'reg_alpha': 3.53019759867157, 'reg_lambda': 3.897043076316391, 'gamma': 0.7999999999999999}. Best is trial 74 with value: 0.8707075030912526.
/home/stepa/.local/lib/python3.6/site-packages/xgboost/sklearn.py:1224: UserWarning: The use of label encoder in XGBClassifier is deprecated and will be removed in a future release. To remove this warning, do the following: 1) Pass option use_label_encoder=False when constructing XGBClassifier object; and 2) Encode your labels (y) as integers starting with 0, i.e. 0, 1, 2, ..., [num_class - 1].
  warnings.warn(label_encoder_deprecation_msg, UserWarning)
[15:39:27] WARNING: ../src/learner.cc:223: No visible GPU is found, setting `gpu_id` to -1
[15:39:27] WARNING: ../src/learner.cc:1115: Starting in XGBoost 1.3.0, the default evaluation metric used with the objective 'binary:logistic' was changed from 'error' to 'logloss'. Explicitly set eval_metric if you'd like to restore the old behavior.
[I 2023-11-06 15:39:58,936] Trial 135 finished with value: 0.8699527197889458 and parameters: {'n_estimators': 8200, 'max_depth': 6, 'min_child_weight': 7, 'learning_rate': 0.0221069087919272, 'subsample': 0.8539573610849918, 'colsample_bytree': 0.16906521801806662, 'reg_alpha': 3.4090537920507007, 'reg_lambda': 4.729195813877887, 'gamma': 0.7999999999999999}. Best is trial 74 with value: 0.8707075030912526.
/home/stepa/.local/lib/python3.6/site-packages/xgboost/sklearn.py:1224: UserWarning: The use of label encoder in XGBClassifier is deprecated and will be removed in a future release. To remove this warning, do the following: 1) Pass option use_label_encoder=False when constructing XGBClassifier object; and 2) Encode your labels (y) as integers starting with 0, i.e. 0, 1, 2, ..., [num_class - 1].
  warnings.warn(label_encoder_deprecation_msg, UserWarning)
[15:39:58] WARNING: ../src/learner.cc:223: No visible GPU is found, setting `gpu_id` to -1
[15:39:59] WARNING: ../src/learner.cc:1115: Starting in XGBoost 1.3.0, the default evaluation metric used with the objective 'binary:logistic' was changed from 'error' to 'logloss'. Explicitly set eval_metric if you'd like to restore the old behavior.
[I 2023-11-06 15:40:42,277] Trial 136 finished with value: 0.8697586944930243 and parameters: {'n_estimators': 11400, 'max_depth': 6, 'min_child_weight': 7, 'learning_rate': 0.01449858489253326, 'subsample': 0.8338803843063558, 'colsample_bytree': 0.19953250332501105, 'reg_alpha': 3.678491309904799, 'reg_lambda': 4.334596385715842, 'gamma': 0.7999999999999999}. Best is trial 74 with value: 0.8707075030912526.
/home/stepa/.local/lib/python3.6/site-packages/xgboost/sklearn.py:1224: UserWarning: The use of label encoder in XGBClassifier is deprecated and will be removed in a future release. To remove this warning, do the following: 1) Pass option use_label_encoder=False when constructing XGBClassifier object; and 2) Encode your labels (y) as integers starting with 0, i.e. 0, 1, 2, ..., [num_class - 1].
  warnings.warn(label_encoder_deprecation_msg, UserWarning)
[15:40:42] WARNING: ../src/learner.cc:223: No visible GPU is found, setting `gpu_id` to -1
[15:40:42] WARNING: ../src/learner.cc:1115: Starting in XGBoost 1.3.0, the default evaluation metric used with the objective 'binary:logistic' was changed from 'error' to 'logloss'. Explicitly set eval_metric if you'd like to restore the old behavior.
[I 2023-11-06 15:41:13,860] Trial 137 finished with value: 0.8703062444860941 and parameters: {'n_estimators': 8500, 'max_depth': 6, 'min_child_weight': 7, 'learning_rate': 0.01752878758957356, 'subsample': 0.8590994178852266, 'colsample_bytree': 0.11373003031297793, 'reg_alpha': 2.745581804688674, 'reg_lambda': 5.335406268852321, 'gamma': 0.7999999999999999}. Best is trial 74 with value: 0.8707075030912526.
/home/stepa/.local/lib/python3.6/site-packages/xgboost/sklearn.py:1224: UserWarning: The use of label encoder in XGBClassifier is deprecated and will be removed in a future release. To remove this warning, do the following: 1) Pass option use_label_encoder=False when constructing XGBClassifier object; and 2) Encode your labels (y) as integers starting with 0, i.e. 0, 1, 2, ..., [num_class - 1].
  warnings.warn(label_encoder_deprecation_msg, UserWarning)
[15:41:13] WARNING: ../src/learner.cc:223: No visible GPU is found, setting `gpu_id` to -1
[15:41:13] WARNING: ../src/learner.cc:1115: Starting in XGBoost 1.3.0, the default evaluation metric used with the objective 'binary:logistic' was changed from 'error' to 'logloss'. Explicitly set eval_metric if you'd like to restore the old behavior.
[I 2023-11-06 15:41:46,960] Trial 138 finished with value: 0.8704506812762816 and parameters: {'n_estimators': 8400, 'max_depth': 6, 'min_child_weight': 7, 'learning_rate': 0.011026224767571707, 'subsample': 0.8496653774261321, 'colsample_bytree': 0.1515374756562605, 'reg_alpha': 3.965834622595793, 'reg_lambda': 4.445894163855632, 'gamma': 0.7999999999999999}. Best is trial 74 with value: 0.8707075030912526.
/home/stepa/.local/lib/python3.6/site-packages/xgboost/sklearn.py:1224: UserWarning: The use of label encoder in XGBClassifier is deprecated and will be removed in a future release. To remove this warning, do the following: 1) Pass option use_label_encoder=False when constructing XGBClassifier object; and 2) Encode your labels (y) as integers starting with 0, i.e. 0, 1, 2, ..., [num_class - 1].
  warnings.warn(label_encoder_deprecation_msg, UserWarning)
[15:41:47] WARNING: ../src/learner.cc:223: No visible GPU is found, setting `gpu_id` to -1
[15:41:47] WARNING: ../src/learner.cc:1115: Starting in XGBoost 1.3.0, the default evaluation metric used with the objective 'binary:logistic' was changed from 'error' to 'logloss'. Explicitly set eval_metric if you'd like to restore the old behavior.
[I 2023-11-06 15:42:17,546] Trial 139 finished with value: 0.8703610630373488 and parameters: {'n_estimators': 8000, 'max_depth': 6, 'min_child_weight': 8, 'learning_rate': 0.01412249149857612, 'subsample': 0.8427861148390104, 'colsample_bytree': 0.18191164857874667, 'reg_alpha': 4.26861308097079, 'reg_lambda': 4.837124423847194, 'gamma': 0.7999999999999999}. Best is trial 74 with value: 0.8707075030912526.
/home/stepa/.local/lib/python3.6/site-packages/xgboost/sklearn.py:1224: UserWarning: The use of label encoder in XGBClassifier is deprecated and will be removed in a future release. To remove this warning, do the following: 1) Pass option use_label_encoder=False when constructing XGBClassifier object; and 2) Encode your labels (y) as integers starting with 0, i.e. 0, 1, 2, ..., [num_class - 1].
  warnings.warn(label_encoder_deprecation_msg, UserWarning)
[15:42:17] WARNING: ../src/learner.cc:223: No visible GPU is found, setting `gpu_id` to -1
[15:42:17] WARNING: ../src/learner.cc:1115: Starting in XGBoost 1.3.0, the default evaluation metric used with the objective 'binary:logistic' was changed from 'error' to 'logloss'. Explicitly set eval_metric if you'd like to restore the old behavior.
[I 2023-11-06 15:42:52,211] Trial 140 finished with value: 0.8645361532982021 and parameters: {'n_estimators': 8300, 'max_depth': 6, 'min_child_weight': 7, 'learning_rate': 0.0019011453374403239, 'subsample': 0.8060628169788353, 'colsample_bytree': 0.2456159868866074, 'reg_alpha': 3.164908266017278, 'reg_lambda': 3.6283023124904767, 'gamma': 0.7999999999999999}. Best is trial 74 with value: 0.8707075030912526.
/home/stepa/.local/lib/python3.6/site-packages/xgboost/sklearn.py:1224: UserWarning: The use of label encoder in XGBClassifier is deprecated and will be removed in a future release. To remove this warning, do the following: 1) Pass option use_label_encoder=False when constructing XGBClassifier object; and 2) Encode your labels (y) as integers starting with 0, i.e. 0, 1, 2, ..., [num_class - 1].
  warnings.warn(label_encoder_deprecation_msg, UserWarning)
[15:42:52] WARNING: ../src/learner.cc:223: No visible GPU is found, setting `gpu_id` to -1
[15:42:52] WARNING: ../src/learner.cc:1115: Starting in XGBoost 1.3.0, the default evaluation metric used with the objective 'binary:logistic' was changed from 'error' to 'logloss'. Explicitly set eval_metric if you'd like to restore the old behavior.
[I 2023-11-06 15:43:25,666] Trial 141 finished with value: 0.8704556914880205 and parameters: {'n_estimators': 8700, 'max_depth': 6, 'min_child_weight': 7, 'learning_rate': 0.013288348432108453, 'subsample': 0.856967094788928, 'colsample_bytree': 0.13468429765194914, 'reg_alpha': 4.138976041411581, 'reg_lambda': 6.011492436599117, 'gamma': 0.7999999999999999}. Best is trial 74 with value: 0.8707075030912526.
/home/stepa/.local/lib/python3.6/site-packages/xgboost/sklearn.py:1224: UserWarning: The use of label encoder in XGBClassifier is deprecated and will be removed in a future release. To remove this warning, do the following: 1) Pass option use_label_encoder=False when constructing XGBClassifier object; and 2) Encode your labels (y) as integers starting with 0, i.e. 0, 1, 2, ..., [num_class - 1].
  warnings.warn(label_encoder_deprecation_msg, UserWarning)
[15:43:25] WARNING: ../src/learner.cc:223: No visible GPU is found, setting `gpu_id` to -1
[15:43:25] WARNING: ../src/learner.cc:1115: Starting in XGBoost 1.3.0, the default evaluation metric used with the objective 'binary:logistic' was changed from 'error' to 'logloss'. Explicitly set eval_metric if you'd like to restore the old behavior.
[I 2023-11-06 15:44:00,470] Trial 142 finished with value: 0.8667738113870198 and parameters: {'n_estimators': 8600, 'max_depth': 6, 'min_child_weight': 7, 'learning_rate': 0.015198297578997393, 'subsample': 0.8719233337491243, 'colsample_bytree': 0.8725003205751433, 'reg_alpha': 4.732259023847384, 'reg_lambda': 5.592796494564633, 'gamma': 0.7999999999999999}. Best is trial 74 with value: 0.8707075030912526.
/home/stepa/.local/lib/python3.6/site-packages/xgboost/sklearn.py:1224: UserWarning: The use of label encoder in XGBClassifier is deprecated and will be removed in a future release. To remove this warning, do the following: 1) Pass option use_label_encoder=False when constructing XGBClassifier object; and 2) Encode your labels (y) as integers starting with 0, i.e. 0, 1, 2, ..., [num_class - 1].
  warnings.warn(label_encoder_deprecation_msg, UserWarning)
[15:44:00] WARNING: ../src/learner.cc:223: No visible GPU is found, setting `gpu_id` to -1
[15:44:00] WARNING: ../src/learner.cc:1115: Starting in XGBoost 1.3.0, the default evaluation metric used with the objective 'binary:logistic' was changed from 'error' to 'logloss'. Explicitly set eval_metric if you'd like to restore the old behavior.
[I 2023-11-06 15:44:32,899] Trial 143 finished with value: 0.8705881873068718 and parameters: {'n_estimators': 8500, 'max_depth': 6, 'min_child_weight': 7, 'learning_rate': 0.01835994317535202, 'subsample': 0.8781903204780939, 'colsample_bytree': 0.14644276817915255, 'reg_alpha': 5.167935682295929, 'reg_lambda': 5.77082791051077, 'gamma': 0.7999999999999999}. Best is trial 74 with value: 0.8707075030912526.
/home/stepa/.local/lib/python3.6/site-packages/xgboost/sklearn.py:1224: UserWarning: The use of label encoder in XGBClassifier is deprecated and will be removed in a future release. To remove this warning, do the following: 1) Pass option use_label_encoder=False when constructing XGBClassifier object; and 2) Encode your labels (y) as integers starting with 0, i.e. 0, 1, 2, ..., [num_class - 1].
  warnings.warn(label_encoder_deprecation_msg, UserWarning)
[15:44:32] WARNING: ../src/learner.cc:223: No visible GPU is found, setting `gpu_id` to -1
[15:44:32] WARNING: ../src/learner.cc:1115: Starting in XGBoost 1.3.0, the default evaluation metric used with the objective 'binary:logistic' was changed from 'error' to 'logloss'. Explicitly set eval_metric if you'd like to restore the old behavior.
