[I 2023-11-06 18:19:49,202] Trial 432 finished with value: 0.8707034581496653 and parameters: {'n_estimators': 9200, 'max_depth': 6, 'min_child_weight': 8, 'learning_rate': 0.017453882407161902, 'subsample': 0.9737800050653594, 'colsample_bytree': 0.13912511877177708, 'reg_alpha': 4.872993594787426, 'reg_lambda': 6.871837317163354, 'gamma': 0.8999999999999999}. Best is trial 418 with value: 0.8708987165132547.
/home/stepa/.local/lib/python3.6/site-packages/xgboost/sklearn.py:1224: UserWarning: The use of label encoder in XGBClassifier is deprecated and will be removed in a future release. To remove this warning, do the following: 1) Pass option use_label_encoder=False when constructing XGBClassifier object; and 2) Encode your labels (y) as integers starting with 0, i.e. 0, 1, 2, ..., [num_class - 1].
  warnings.warn(label_encoder_deprecation_msg, UserWarning)
[18:19:49] WARNING: ../src/learner.cc:223: No visible GPU is found, setting `gpu_id` to -1
[18:19:49] WARNING: ../src/learner.cc:1115: Starting in XGBoost 1.3.0, the default evaluation metric used with the objective 'binary:logistic' was changed from 'error' to 'logloss'. Explicitly set eval_metric if you'd like to restore the old behavior.
[I 2023-11-06 18:20:23,918] Trial 433 finished with value: 0.8706888811714353 and parameters: {'n_estimators': 9400, 'max_depth': 6, 'min_child_weight': 8, 'learning_rate': 0.013046965500863218, 'subsample': 0.9897083351620922, 'colsample_bytree': 0.1895847839107877, 'reg_alpha': 3.6749008350341192, 'reg_lambda': 5.771579365389378, 'gamma': 0.8999999999999999}. Best is trial 418 with value: 0.8708987165132547.
/home/stepa/.local/lib/python3.6/site-packages/xgboost/sklearn.py:1224: UserWarning: The use of label encoder in XGBClassifier is deprecated and will be removed in a future release. To remove this warning, do the following: 1) Pass option use_label_encoder=False when constructing XGBClassifier object; and 2) Encode your labels (y) as integers starting with 0, i.e. 0, 1, 2, ..., [num_class - 1].
  warnings.warn(label_encoder_deprecation_msg, UserWarning)
[18:20:23] WARNING: ../src/learner.cc:223: No visible GPU is found, setting `gpu_id` to -1
[18:20:24] WARNING: ../src/learner.cc:1115: Starting in XGBoost 1.3.0, the default evaluation metric used with the objective 'binary:logistic' was changed from 'error' to 'logloss'. Explicitly set eval_metric if you'd like to restore the old behavior.
[I 2023-11-06 18:20:55,570] Trial 434 finished with value: 0.870252031476984 and parameters: {'n_estimators': 8700, 'max_depth': 6, 'min_child_weight': 8, 'learning_rate': 0.01998141245520754, 'subsample': 0.9679594695348274, 'colsample_bytree': 0.11779629692611635, 'reg_alpha': 4.568842924656272, 'reg_lambda': 6.382467149062334, 'gamma': 0.8999999999999999}. Best is trial 418 with value: 0.8708987165132547.
/home/stepa/.local/lib/python3.6/site-packages/xgboost/sklearn.py:1224: UserWarning: The use of label encoder in XGBClassifier is deprecated and will be removed in a future release. To remove this warning, do the following: 1) Pass option use_label_encoder=False when constructing XGBClassifier object; and 2) Encode your labels (y) as integers starting with 0, i.e. 0, 1, 2, ..., [num_class - 1].
  warnings.warn(label_encoder_deprecation_msg, UserWarning)
[18:20:55] WARNING: ../src/learner.cc:223: No visible GPU is found, setting `gpu_id` to -1
[18:20:55] WARNING: ../src/learner.cc:1115: Starting in XGBoost 1.3.0, the default evaluation metric used with the objective 'binary:logistic' was changed from 'error' to 'logloss'. Explicitly set eval_metric if you'd like to restore the old behavior.
[I 2023-11-06 18:21:25,481] Trial 435 finished with value: 0.8694218871557464 and parameters: {'n_estimators': 8300, 'max_depth': 6, 'min_child_weight': 8, 'learning_rate': 0.02734608794660282, 'subsample': 0.9996056151524293, 'colsample_bytree': 0.2149034085919242, 'reg_alpha': 4.2653730543800625, 'reg_lambda': 9.708473850802093, 'gamma': 0.8999999999999999}. Best is trial 418 with value: 0.8708987165132547.
/home/stepa/.local/lib/python3.6/site-packages/xgboost/sklearn.py:1224: UserWarning: The use of label encoder in XGBClassifier is deprecated and will be removed in a future release. To remove this warning, do the following: 1) Pass option use_label_encoder=False when constructing XGBClassifier object; and 2) Encode your labels (y) as integers starting with 0, i.e. 0, 1, 2, ..., [num_class - 1].
  warnings.warn(label_encoder_deprecation_msg, UserWarning)
[18:21:25] WARNING: ../src/learner.cc:223: No visible GPU is found, setting `gpu_id` to -1
[18:21:25] WARNING: ../src/learner.cc:1115: Starting in XGBoost 1.3.0, the default evaluation metric used with the objective 'binary:logistic' was changed from 'error' to 'logloss'. Explicitly set eval_metric if you'd like to restore the old behavior.
[I 2023-11-06 18:21:58,102] Trial 436 finished with value: 0.8707490177017235 and parameters: {'n_estimators': 8800, 'max_depth': 6, 'min_child_weight': 8, 'learning_rate': 0.014882714077601498, 'subsample': 0.9787614921692535, 'colsample_bytree': 0.16596608006037447, 'reg_alpha': 4.8023916258837085, 'reg_lambda': 6.0987525365146755, 'gamma': 0.8999999999999999}. Best is trial 418 with value: 0.8708987165132547.
/home/stepa/.local/lib/python3.6/site-packages/xgboost/sklearn.py:1224: UserWarning: The use of label encoder in XGBClassifier is deprecated and will be removed in a future release. To remove this warning, do the following: 1) Pass option use_label_encoder=False when constructing XGBClassifier object; and 2) Encode your labels (y) as integers starting with 0, i.e. 0, 1, 2, ..., [num_class - 1].
  warnings.warn(label_encoder_deprecation_msg, UserWarning)
[18:21:58] WARNING: ../src/learner.cc:223: No visible GPU is found, setting `gpu_id` to -1
[18:21:58] WARNING: ../src/learner.cc:1115: Starting in XGBoost 1.3.0, the default evaluation metric used with the objective 'binary:logistic' was changed from 'error' to 'logloss'. Explicitly set eval_metric if you'd like to restore the old behavior.
[I 2023-11-06 18:22:36,201] Trial 437 finished with value: 0.8707579689336256 and parameters: {'n_estimators': 8900, 'max_depth': 7, 'min_child_weight': 8, 'learning_rate': 0.011038338613481084, 'subsample': 0.963473161803724, 'colsample_bytree': 0.17482669073992135, 'reg_alpha': 5.35768266603073, 'reg_lambda': 5.981758073876401, 'gamma': 0.8999999999999999}. Best is trial 418 with value: 0.8708987165132547.
/home/stepa/.local/lib/python3.6/site-packages/xgboost/sklearn.py:1224: UserWarning: The use of label encoder in XGBClassifier is deprecated and will be removed in a future release. To remove this warning, do the following: 1) Pass option use_label_encoder=False when constructing XGBClassifier object; and 2) Encode your labels (y) as integers starting with 0, i.e. 0, 1, 2, ..., [num_class - 1].
  warnings.warn(label_encoder_deprecation_msg, UserWarning)
[18:22:36] WARNING: ../src/learner.cc:223: No visible GPU is found, setting `gpu_id` to -1
[18:22:36] WARNING: ../src/learner.cc:1115: Starting in XGBoost 1.3.0, the default evaluation metric used with the objective 'binary:logistic' was changed from 'error' to 'logloss'. Explicitly set eval_metric if you'd like to restore the old behavior.
[I 2023-11-06 18:23:05,577] Trial 438 finished with value: 0.870626590270084 and parameters: {'n_estimators': 8900, 'max_depth': 5, 'min_child_weight': 8, 'learning_rate': 0.01464767474613773, 'subsample': 0.9568042495689997, 'colsample_bytree': 0.20252803011320342, 'reg_alpha': 5.49344394925388, 'reg_lambda': 5.954819567993099, 'gamma': 0.8999999999999999}. Best is trial 418 with value: 0.8708987165132547.
/home/stepa/.local/lib/python3.6/site-packages/xgboost/sklearn.py:1224: UserWarning: The use of label encoder in XGBClassifier is deprecated and will be removed in a future release. To remove this warning, do the following: 1) Pass option use_label_encoder=False when constructing XGBClassifier object; and 2) Encode your labels (y) as integers starting with 0, i.e. 0, 1, 2, ..., [num_class - 1].
  warnings.warn(label_encoder_deprecation_msg, UserWarning)
[18:23:05] WARNING: ../src/learner.cc:223: No visible GPU is found, setting `gpu_id` to -1
[18:23:05] WARNING: ../src/learner.cc:1115: Starting in XGBoost 1.3.0, the default evaluation metric used with the objective 'binary:logistic' was changed from 'error' to 'logloss'. Explicitly set eval_metric if you'd like to restore the old behavior.
[I 2023-11-06 18:23:48,274] Trial 439 finished with value: 0.8704743893504171 and parameters: {'n_estimators': 8800, 'max_depth': 8, 'min_child_weight': 8, 'learning_rate': 0.010524852625018505, 'subsample': 0.9631923896741182, 'colsample_bytree': 0.1788164769802859, 'reg_alpha': 5.107013431625486, 'reg_lambda': 6.09974454123214, 'gamma': 0.8999999999999999}. Best is trial 418 with value: 0.8708987165132547.
/home/stepa/.local/lib/python3.6/site-packages/xgboost/sklearn.py:1224: UserWarning: The use of label encoder in XGBClassifier is deprecated and will be removed in a future release. To remove this warning, do the following: 1) Pass option use_label_encoder=False when constructing XGBClassifier object; and 2) Encode your labels (y) as integers starting with 0, i.e. 0, 1, 2, ..., [num_class - 1].
  warnings.warn(label_encoder_deprecation_msg, UserWarning)
[18:23:48] WARNING: ../src/learner.cc:223: No visible GPU is found, setting `gpu_id` to -1
[18:23:48] WARNING: ../src/learner.cc:1115: Starting in XGBoost 1.3.0, the default evaluation metric used with the objective 'binary:logistic' was changed from 'error' to 'logloss'. Explicitly set eval_metric if you'd like to restore the old behavior.
[I 2023-11-06 18:24:31,841] Trial 440 finished with value: 0.8690689859871432 and parameters: {'n_estimators': 9000, 'max_depth': 8, 'min_child_weight': 8, 'learning_rate': 0.017842411270063252, 'subsample': 0.9587155764143703, 'colsample_bytree': 0.19121142381173892, 'reg_alpha': 5.339100020678705, 'reg_lambda': 5.505198531294569, 'gamma': 0.8999999999999999}. Best is trial 418 with value: 0.8708987165132547.
/home/stepa/.local/lib/python3.6/site-packages/xgboost/sklearn.py:1224: UserWarning: The use of label encoder in XGBClassifier is deprecated and will be removed in a future release. To remove this warning, do the following: 1) Pass option use_label_encoder=False when constructing XGBClassifier object; and 2) Encode your labels (y) as integers starting with 0, i.e. 0, 1, 2, ..., [num_class - 1].
  warnings.warn(label_encoder_deprecation_msg, UserWarning)
[18:24:31] WARNING: ../src/learner.cc:223: No visible GPU is found, setting `gpu_id` to -1
[18:24:31] WARNING: ../src/learner.cc:1115: Starting in XGBoost 1.3.0, the default evaluation metric used with the objective 'binary:logistic' was changed from 'error' to 'logloss'. Explicitly set eval_metric if you'd like to restore the old behavior.
[I 2023-11-06 18:25:09,733] Trial 441 finished with value: 0.8699951636967675 and parameters: {'n_estimators': 8800, 'max_depth': 7, 'min_child_weight': 8, 'learning_rate': 0.01417453305495665, 'subsample': 0.9493960027818138, 'colsample_bytree': 0.23316354928195876, 'reg_alpha': 5.294239617575621, 'reg_lambda': 5.7176412430506405, 'gamma': 0.8999999999999999}. Best is trial 418 with value: 0.8708987165132547.
/home/stepa/.local/lib/python3.6/site-packages/xgboost/sklearn.py:1224: UserWarning: The use of label encoder in XGBClassifier is deprecated and will be removed in a future release. To remove this warning, do the following: 1) Pass option use_label_encoder=False when constructing XGBClassifier object; and 2) Encode your labels (y) as integers starting with 0, i.e. 0, 1, 2, ..., [num_class - 1].
  warnings.warn(label_encoder_deprecation_msg, UserWarning)
[18:25:09] WARNING: ../src/learner.cc:223: No visible GPU is found, setting `gpu_id` to -1
[18:25:09] WARNING: ../src/learner.cc:1115: Starting in XGBoost 1.3.0, the default evaluation metric used with the objective 'binary:logistic' was changed from 'error' to 'logloss'. Explicitly set eval_metric if you'd like to restore the old behavior.
[I 2023-11-06 18:25:47,868] Trial 442 finished with value: 0.8706460975204959 and parameters: {'n_estimators': 8900, 'max_depth': 7, 'min_child_weight': 8, 'learning_rate': 0.01215550729712261, 'subsample': 0.9687505398961362, 'colsample_bytree': 0.17260688199768265, 'reg_alpha': 5.7218395855868955, 'reg_lambda': 5.956890382916367, 'gamma': 0.8999999999999999}. Best is trial 418 with value: 0.8708987165132547.
/home/stepa/.local/lib/python3.6/site-packages/xgboost/sklearn.py:1224: UserWarning: The use of label encoder in XGBClassifier is deprecated and will be removed in a future release. To remove this warning, do the following: 1) Pass option use_label_encoder=False when constructing XGBClassifier object; and 2) Encode your labels (y) as integers starting with 0, i.e. 0, 1, 2, ..., [num_class - 1].
  warnings.warn(label_encoder_deprecation_msg, UserWarning)
[18:25:47] WARNING: ../src/learner.cc:223: No visible GPU is found, setting `gpu_id` to -1
[18:25:47] WARNING: ../src/learner.cc:1115: Starting in XGBoost 1.3.0, the default evaluation metric used with the objective 'binary:logistic' was changed from 'error' to 'logloss'. Explicitly set eval_metric if you'd like to restore the old behavior.
[I 2023-11-06 18:26:31,296] Trial 443 finished with value: 0.8674208301709411 and parameters: {'n_estimators': 8900, 'max_depth': 8, 'min_child_weight': 8, 'learning_rate': 0.01837047896934793, 'subsample': 0.9633224001123452, 'colsample_bytree': 0.298567239424718, 'reg_alpha': 4.757784205758432, 'reg_lambda': 6.1934973387400944, 'gamma': 0.8999999999999999}. Best is trial 418 with value: 0.8708987165132547.
/home/stepa/.local/lib/python3.6/site-packages/xgboost/sklearn.py:1224: UserWarning: The use of label encoder in XGBClassifier is deprecated and will be removed in a future release. To remove this warning, do the following: 1) Pass option use_label_encoder=False when constructing XGBClassifier object; and 2) Encode your labels (y) as integers starting with 0, i.e. 0, 1, 2, ..., [num_class - 1].
  warnings.warn(label_encoder_deprecation_msg, UserWarning)
[18:26:31] WARNING: ../src/learner.cc:223: No visible GPU is found, setting `gpu_id` to -1
[18:26:31] WARNING: ../src/learner.cc:1115: Starting in XGBoost 1.3.0, the default evaluation metric used with the objective 'binary:logistic' was changed from 'error' to 'logloss'. Explicitly set eval_metric if you'd like to restore the old behavior.
[I 2023-11-06 18:27:08,130] Trial 444 finished with value: 0.8694134735173658 and parameters: {'n_estimators': 8800, 'max_depth': 7, 'min_child_weight': 8, 'learning_rate': 0.023190389514719547, 'subsample': 0.9516706284338121, 'colsample_bytree': 0.1642595145454079, 'reg_alpha': 4.054959724389897, 'reg_lambda': 5.8136878581365234, 'gamma': 0.8999999999999999}. Best is trial 418 with value: 0.8708987165132547.
/home/stepa/.local/lib/python3.6/site-packages/xgboost/sklearn.py:1224: UserWarning: The use of label encoder in XGBClassifier is deprecated and will be removed in a future release. To remove this warning, do the following: 1) Pass option use_label_encoder=False when constructing XGBClassifier object; and 2) Encode your labels (y) as integers starting with 0, i.e. 0, 1, 2, ..., [num_class - 1].
  warnings.warn(label_encoder_deprecation_msg, UserWarning)
[18:27:08] WARNING: ../src/learner.cc:223: No visible GPU is found, setting `gpu_id` to -1
[18:27:08] WARNING: ../src/learner.cc:1115: Starting in XGBoost 1.3.0, the default evaluation metric used with the objective 'binary:logistic' was changed from 'error' to 'logloss'. Explicitly set eval_metric if you'd like to restore the old behavior.
[I 2023-11-06 18:27:46,548] Trial 445 finished with value: 0.8701799020146476 and parameters: {'n_estimators': 9000, 'max_depth': 7, 'min_child_weight': 8, 'learning_rate': 0.015493205158983989, 'subsample': 0.9710104357044855, 'colsample_bytree': 0.18921026438171523, 'reg_alpha': 5.5847390035579245, 'reg_lambda': 6.3602164729824935, 'gamma': 0.8999999999999999}. Best is trial 418 with value: 0.8708987165132547.
/home/stepa/.local/lib/python3.6/site-packages/xgboost/sklearn.py:1224: UserWarning: The use of label encoder in XGBClassifier is deprecated and will be removed in a future release. To remove this warning, do the following: 1) Pass option use_label_encoder=False when constructing XGBClassifier object; and 2) Encode your labels (y) as integers starting with 0, i.e. 0, 1, 2, ..., [num_class - 1].
  warnings.warn(label_encoder_deprecation_msg, UserWarning)
[18:27:46] WARNING: ../src/learner.cc:223: No visible GPU is found, setting `gpu_id` to -1
[18:27:46] WARNING: ../src/learner.cc:1115: Starting in XGBoost 1.3.0, the default evaluation metric used with the objective 'binary:logistic' was changed from 'error' to 'logloss'. Explicitly set eval_metric if you'd like to restore the old behavior.
[I 2023-11-06 18:28:19,308] Trial 446 finished with value: 0.8706763326594655 and parameters: {'n_estimators': 8700, 'max_depth': 6, 'min_child_weight': 8, 'learning_rate': 0.014179271287361881, 'subsample': 0.9421470489004906, 'colsample_bytree': 0.2101735271158489, 'reg_alpha': 5.137118440338601, 'reg_lambda': 6.114478599756702, 'gamma': 0.8999999999999999}. Best is trial 418 with value: 0.8708987165132547.
/home/stepa/.local/lib/python3.6/site-packages/xgboost/sklearn.py:1224: UserWarning: The use of label encoder in XGBClassifier is deprecated and will be removed in a future release. To remove this warning, do the following: 1) Pass option use_label_encoder=False when constructing XGBClassifier object; and 2) Encode your labels (y) as integers starting with 0, i.e. 0, 1, 2, ..., [num_class - 1].
  warnings.warn(label_encoder_deprecation_msg, UserWarning)
[18:28:19] WARNING: ../src/learner.cc:223: No visible GPU is found, setting `gpu_id` to -1
[18:28:19] WARNING: ../src/learner.cc:1115: Starting in XGBoost 1.3.0, the default evaluation metric used with the objective 'binary:logistic' was changed from 'error' to 'logloss'. Explicitly set eval_metric if you'd like to restore the old behavior.
[I 2023-11-06 18:28:51,841] Trial 447 finished with value: 0.8704538508797189 and parameters: {'n_estimators': 8700, 'max_depth': 6, 'min_child_weight': 8, 'learning_rate': 0.020545321101745628, 'subsample': 0.9599289762994513, 'colsample_bytree': 0.17157242392011138, 'reg_alpha': 3.7547168668167616, 'reg_lambda': 6.538903004027133, 'gamma': 0.8999999999999999}. Best is trial 418 with value: 0.8708987165132547.
/home/stepa/.local/lib/python3.6/site-packages/xgboost/sklearn.py:1224: UserWarning: The use of label encoder in XGBClassifier is deprecated and will be removed in a future release. To remove this warning, do the following: 1) Pass option use_label_encoder=False when constructing XGBClassifier object; and 2) Encode your labels (y) as integers starting with 0, i.e. 0, 1, 2, ..., [num_class - 1].
  warnings.warn(label_encoder_deprecation_msg, UserWarning)
[18:28:51] WARNING: ../src/learner.cc:223: No visible GPU is found, setting `gpu_id` to -1
[18:28:51] WARNING: ../src/learner.cc:1115: Starting in XGBoost 1.3.0, the default evaluation metric used with the objective 'binary:logistic' was changed from 'error' to 'logloss'. Explicitly set eval_metric if you'd like to restore the old behavior.
[I 2023-11-06 18:29:25,095] Trial 448 finished with value: 0.870837091108716 and parameters: {'n_estimators': 9100, 'max_depth': 6, 'min_child_weight': 8, 'learning_rate': 0.01629426436039592, 'subsample': 0.9665952138189652, 'colsample_bytree': 0.14849844101424095, 'reg_alpha': 3.4543122070550574, 'reg_lambda': 5.610522110192572, 'gamma': 0.8999999999999999}. Best is trial 418 with value: 0.8708987165132547.
/home/stepa/.local/lib/python3.6/site-packages/xgboost/sklearn.py:1224: UserWarning: The use of label encoder in XGBClassifier is deprecated and will be removed in a future release. To remove this warning, do the following: 1) Pass option use_label_encoder=False when constructing XGBClassifier object; and 2) Encode your labels (y) as integers starting with 0, i.e. 0, 1, 2, ..., [num_class - 1].
  warnings.warn(label_encoder_deprecation_msg, UserWarning)
[18:29:25] WARNING: ../src/learner.cc:223: No visible GPU is found, setting `gpu_id` to -1
[18:29:25] WARNING: ../src/learner.cc:1115: Starting in XGBoost 1.3.0, the default evaluation metric used with the objective 'binary:logistic' was changed from 'error' to 'logloss'. Explicitly set eval_metric if you'd like to restore the old behavior.
[I 2023-11-06 18:30:02,910] Trial 449 finished with value: 0.8701407516165767 and parameters: {'n_estimators': 9000, 'max_depth': 7, 'min_child_weight': 8, 'learning_rate': 0.01803308112333924, 'subsample': 0.9650919690763791, 'colsample_bytree': 0.1337503575332302, 'reg_alpha': 3.3034071755141152, 'reg_lambda': 5.535720354566079, 'gamma': 0.8999999999999999}. Best is trial 418 with value: 0.8708987165132547.
/home/stepa/.local/lib/python3.6/site-packages/xgboost/sklearn.py:1224: UserWarning: The use of label encoder in XGBClassifier is deprecated and will be removed in a future release. To remove this warning, do the following: 1) Pass option use_label_encoder=False when constructing XGBClassifier object; and 2) Encode your labels (y) as integers starting with 0, i.e. 0, 1, 2, ..., [num_class - 1].
  warnings.warn(label_encoder_deprecation_msg, UserWarning)
[18:30:02] WARNING: ../src/learner.cc:223: No visible GPU is found, setting `gpu_id` to -1
[18:30:02] WARNING: ../src/learner.cc:1115: Starting in XGBoost 1.3.0, the default evaluation metric used with the objective 'binary:logistic' was changed from 'error' to 'logloss'. Explicitly set eval_metric if you'd like to restore the old behavior.
