[I 2023-11-06 16:30:21,208] Trial 234 finished with value: 0.8702405421641453 and parameters: {'n_estimators': 8300, 'max_depth': 6, 'min_child_weight': 8, 'learning_rate': 0.026843851436741204, 'subsample': 0.9669823560813636, 'colsample_bytree': 0.1291797532793577, 'reg_alpha': 4.156911915068897, 'reg_lambda': 6.739725579449913, 'gamma': 0.8999999999999999}. Best is trial 216 with value: 0.8708315772777675.
/home/stepa/.local/lib/python3.6/site-packages/xgboost/sklearn.py:1224: UserWarning: The use of label encoder in XGBClassifier is deprecated and will be removed in a future release. To remove this warning, do the following: 1) Pass option use_label_encoder=False when constructing XGBClassifier object; and 2) Encode your labels (y) as integers starting with 0, i.e. 0, 1, 2, ..., [num_class - 1].
  warnings.warn(label_encoder_deprecation_msg, UserWarning)
[16:30:21] WARNING: ../src/learner.cc:223: No visible GPU is found, setting `gpu_id` to -1
[16:30:21] WARNING: ../src/learner.cc:1115: Starting in XGBoost 1.3.0, the default evaluation metric used with the objective 'binary:logistic' was changed from 'error' to 'logloss'. Explicitly set eval_metric if you'd like to restore the old behavior.
[I 2023-11-06 16:30:51,795] Trial 235 finished with value: 0.8706473625639866 and parameters: {'n_estimators': 8300, 'max_depth': 6, 'min_child_weight': 8, 'learning_rate': 0.020049418299813077, 'subsample': 0.9728917412692766, 'colsample_bytree': 0.1370649457378024, 'reg_alpha': 4.080742269502815, 'reg_lambda': 6.42889984947122, 'gamma': 0.8999999999999999}. Best is trial 216 with value: 0.8708315772777675.
/home/stepa/.local/lib/python3.6/site-packages/xgboost/sklearn.py:1224: UserWarning: The use of label encoder in XGBClassifier is deprecated and will be removed in a future release. To remove this warning, do the following: 1) Pass option use_label_encoder=False when constructing XGBClassifier object; and 2) Encode your labels (y) as integers starting with 0, i.e. 0, 1, 2, ..., [num_class - 1].
  warnings.warn(label_encoder_deprecation_msg, UserWarning)
[16:30:51] WARNING: ../src/learner.cc:223: No visible GPU is found, setting `gpu_id` to -1
[16:30:51] WARNING: ../src/learner.cc:1115: Starting in XGBoost 1.3.0, the default evaluation metric used with the objective 'binary:logistic' was changed from 'error' to 'logloss'. Explicitly set eval_metric if you'd like to restore the old behavior.
[I 2023-11-06 16:31:23,491] Trial 236 finished with value: 0.8706714423570623 and parameters: {'n_estimators': 8500, 'max_depth': 6, 'min_child_weight': 8, 'learning_rate': 0.020201189982941698, 'subsample': 0.9684056767041604, 'colsample_bytree': 0.13588530404519997, 'reg_alpha': 4.387209348700102, 'reg_lambda': 6.541733863240892, 'gamma': 0.8999999999999999}. Best is trial 216 with value: 0.8708315772777675.
/home/stepa/.local/lib/python3.6/site-packages/xgboost/sklearn.py:1224: UserWarning: The use of label encoder in XGBClassifier is deprecated and will be removed in a future release. To remove this warning, do the following: 1) Pass option use_label_encoder=False when constructing XGBClassifier object; and 2) Encode your labels (y) as integers starting with 0, i.e. 0, 1, 2, ..., [num_class - 1].
  warnings.warn(label_encoder_deprecation_msg, UserWarning)
[16:31:23] WARNING: ../src/learner.cc:223: No visible GPU is found, setting `gpu_id` to -1
[16:31:23] WARNING: ../src/learner.cc:1115: Starting in XGBoost 1.3.0, the default evaluation metric used with the objective 'binary:logistic' was changed from 'error' to 'logloss'. Explicitly set eval_metric if you'd like to restore the old behavior.
[I 2023-11-06 16:31:54,162] Trial 237 finished with value: 0.8701897945348339 and parameters: {'n_estimators': 8500, 'max_depth': 6, 'min_child_weight': 8, 'learning_rate': 0.020985128893969984, 'subsample': 0.9877922039445425, 'colsample_bytree': 0.11215515765151572, 'reg_alpha': 4.2942909868170505, 'reg_lambda': 6.3990525971403, 'gamma': 0.8999999999999999}. Best is trial 216 with value: 0.8708315772777675.
/home/stepa/.local/lib/python3.6/site-packages/xgboost/sklearn.py:1224: UserWarning: The use of label encoder in XGBClassifier is deprecated and will be removed in a future release. To remove this warning, do the following: 1) Pass option use_label_encoder=False when constructing XGBClassifier object; and 2) Encode your labels (y) as integers starting with 0, i.e. 0, 1, 2, ..., [num_class - 1].
  warnings.warn(label_encoder_deprecation_msg, UserWarning)
[16:31:54] WARNING: ../src/learner.cc:223: No visible GPU is found, setting `gpu_id` to -1
[16:31:54] WARNING: ../src/learner.cc:1115: Starting in XGBoost 1.3.0, the default evaluation metric used with the objective 'binary:logistic' was changed from 'error' to 'logloss'. Explicitly set eval_metric if you'd like to restore the old behavior.
[I 2023-11-06 16:32:25,643] Trial 238 finished with value: 0.870103635680233 and parameters: {'n_estimators': 8600, 'max_depth': 6, 'min_child_weight': 8, 'learning_rate': 0.02603913631019156, 'subsample': 0.9810368604644372, 'colsample_bytree': 0.1337328239270536, 'reg_alpha': 4.411644852567114, 'reg_lambda': 6.559068968575612, 'gamma': 0.8999999999999999}. Best is trial 216 with value: 0.8708315772777675.
/home/stepa/.local/lib/python3.6/site-packages/xgboost/sklearn.py:1224: UserWarning: The use of label encoder in XGBClassifier is deprecated and will be removed in a future release. To remove this warning, do the following: 1) Pass option use_label_encoder=False when constructing XGBClassifier object; and 2) Encode your labels (y) as integers starting with 0, i.e. 0, 1, 2, ..., [num_class - 1].
  warnings.warn(label_encoder_deprecation_msg, UserWarning)
[16:32:25] WARNING: ../src/learner.cc:223: No visible GPU is found, setting `gpu_id` to -1
[16:32:25] WARNING: ../src/learner.cc:1115: Starting in XGBoost 1.3.0, the default evaluation metric used with the objective 'binary:logistic' was changed from 'error' to 'logloss'. Explicitly set eval_metric if you'd like to restore the old behavior.
[I 2023-11-06 16:32:57,129] Trial 239 finished with value: 0.8705244395070931 and parameters: {'n_estimators': 8500, 'max_depth': 6, 'min_child_weight': 8, 'learning_rate': 0.020552228693899277, 'subsample': 0.9635169615100172, 'colsample_bytree': 0.140618337747574, 'reg_alpha': 4.082358283134346, 'reg_lambda': 6.6455673427236, 'gamma': 0.8999999999999999}. Best is trial 216 with value: 0.8708315772777675.
/home/stepa/.local/lib/python3.6/site-packages/xgboost/sklearn.py:1224: UserWarning: The use of label encoder in XGBClassifier is deprecated and will be removed in a future release. To remove this warning, do the following: 1) Pass option use_label_encoder=False when constructing XGBClassifier object; and 2) Encode your labels (y) as integers starting with 0, i.e. 0, 1, 2, ..., [num_class - 1].
  warnings.warn(label_encoder_deprecation_msg, UserWarning)
[16:32:57] WARNING: ../src/learner.cc:223: No visible GPU is found, setting `gpu_id` to -1
[16:32:57] WARNING: ../src/learner.cc:1115: Starting in XGBoost 1.3.0, the default evaluation metric used with the objective 'binary:logistic' was changed from 'error' to 'logloss'. Explicitly set eval_metric if you'd like to restore the old behavior.
[I 2023-11-06 16:33:27,607] Trial 240 finished with value: 0.8702291747591312 and parameters: {'n_estimators': 8300, 'max_depth': 6, 'min_child_weight': 8, 'learning_rate': 0.018771241213228516, 'subsample': 0.9752943382561154, 'colsample_bytree': 0.10645379339636529, 'reg_alpha': 4.037769802631089, 'reg_lambda': 6.423080854429349, 'gamma': 0.8999999999999999}. Best is trial 216 with value: 0.8708315772777675.
/home/stepa/.local/lib/python3.6/site-packages/xgboost/sklearn.py:1224: UserWarning: The use of label encoder in XGBClassifier is deprecated and will be removed in a future release. To remove this warning, do the following: 1) Pass option use_label_encoder=False when constructing XGBClassifier object; and 2) Encode your labels (y) as integers starting with 0, i.e. 0, 1, 2, ..., [num_class - 1].
  warnings.warn(label_encoder_deprecation_msg, UserWarning)
[16:33:27] WARNING: ../src/learner.cc:223: No visible GPU is found, setting `gpu_id` to -1
[16:33:27] WARNING: ../src/learner.cc:1115: Starting in XGBoost 1.3.0, the default evaluation metric used with the objective 'binary:logistic' was changed from 'error' to 'logloss'. Explicitly set eval_metric if you'd like to restore the old behavior.
[I 2023-11-06 16:33:58,788] Trial 241 finished with value: 0.8707052667821439 and parameters: {'n_estimators': 8400, 'max_depth': 6, 'min_child_weight': 8, 'learning_rate': 0.017075859203310922, 'subsample': 0.9659110207811152, 'colsample_bytree': 0.15233449283754688, 'reg_alpha': 3.9643140279450257, 'reg_lambda': 6.4456142461020285, 'gamma': 0.8999999999999999}. Best is trial 216 with value: 0.8708315772777675.
/home/stepa/.local/lib/python3.6/site-packages/xgboost/sklearn.py:1224: UserWarning: The use of label encoder in XGBClassifier is deprecated and will be removed in a future release. To remove this warning, do the following: 1) Pass option use_label_encoder=False when constructing XGBClassifier object; and 2) Encode your labels (y) as integers starting with 0, i.e. 0, 1, 2, ..., [num_class - 1].
  warnings.warn(label_encoder_deprecation_msg, UserWarning)
[16:33:58] WARNING: ../src/learner.cc:223: No visible GPU is found, setting `gpu_id` to -1
[16:33:58] WARNING: ../src/learner.cc:1115: Starting in XGBoost 1.3.0, the default evaluation metric used with the objective 'binary:logistic' was changed from 'error' to 'logloss'. Explicitly set eval_metric if you'd like to restore the old behavior.
[I 2023-11-06 16:34:30,162] Trial 242 finished with value: 0.87074982509125 and parameters: {'n_estimators': 8400, 'max_depth': 6, 'min_child_weight': 8, 'learning_rate': 0.017097599292428708, 'subsample': 0.9699149926488636, 'colsample_bytree': 0.1516917011710237, 'reg_alpha': 4.255869704127726, 'reg_lambda': 6.766699971982541, 'gamma': 0.8999999999999999}. Best is trial 216 with value: 0.8708315772777675.
/home/stepa/.local/lib/python3.6/site-packages/xgboost/sklearn.py:1224: UserWarning: The use of label encoder in XGBClassifier is deprecated and will be removed in a future release. To remove this warning, do the following: 1) Pass option use_label_encoder=False when constructing XGBClassifier object; and 2) Encode your labels (y) as integers starting with 0, i.e. 0, 1, 2, ..., [num_class - 1].
  warnings.warn(label_encoder_deprecation_msg, UserWarning)
[16:34:30] WARNING: ../src/learner.cc:223: No visible GPU is found, setting `gpu_id` to -1
[16:34:30] WARNING: ../src/learner.cc:1115: Starting in XGBoost 1.3.0, the default evaluation metric used with the objective 'binary:logistic' was changed from 'error' to 'logloss'. Explicitly set eval_metric if you'd like to restore the old behavior.
[I 2023-11-06 16:35:01,607] Trial 243 finished with value: 0.8705813584702098 and parameters: {'n_estimators': 8400, 'max_depth': 6, 'min_child_weight': 8, 'learning_rate': 0.0172256118879657, 'subsample': 0.9566159760323051, 'colsample_bytree': 0.15328086658907952, 'reg_alpha': 4.423221438076148, 'reg_lambda': 6.727796997164829, 'gamma': 0.8999999999999999}. Best is trial 216 with value: 0.8708315772777675.
/home/stepa/.local/lib/python3.6/site-packages/xgboost/sklearn.py:1224: UserWarning: The use of label encoder in XGBClassifier is deprecated and will be removed in a future release. To remove this warning, do the following: 1) Pass option use_label_encoder=False when constructing XGBClassifier object; and 2) Encode your labels (y) as integers starting with 0, i.e. 0, 1, 2, ..., [num_class - 1].
  warnings.warn(label_encoder_deprecation_msg, UserWarning)
[16:35:01] WARNING: ../src/learner.cc:223: No visible GPU is found, setting `gpu_id` to -1
[16:35:01] WARNING: ../src/learner.cc:1115: Starting in XGBoost 1.3.0, the default evaluation metric used with the objective 'binary:logistic' was changed from 'error' to 'logloss'. Explicitly set eval_metric if you'd like to restore the old behavior.
[I 2023-11-06 16:35:33,452] Trial 244 finished with value: 0.870664351718351 and parameters: {'n_estimators': 8500, 'max_depth': 6, 'min_child_weight': 8, 'learning_rate': 0.01721838887165382, 'subsample': 0.9682753840262667, 'colsample_bytree': 0.15868748692387968, 'reg_alpha': 4.21521619513383, 'reg_lambda': 6.69188550433965, 'gamma': 0.8999999999999999}. Best is trial 216 with value: 0.8708315772777675.
/home/stepa/.local/lib/python3.6/site-packages/xgboost/sklearn.py:1224: UserWarning: The use of label encoder in XGBClassifier is deprecated and will be removed in a future release. To remove this warning, do the following: 1) Pass option use_label_encoder=False when constructing XGBClassifier object; and 2) Encode your labels (y) as integers starting with 0, i.e. 0, 1, 2, ..., [num_class - 1].
  warnings.warn(label_encoder_deprecation_msg, UserWarning)
[16:35:33] WARNING: ../src/learner.cc:223: No visible GPU is found, setting `gpu_id` to -1
[16:35:33] WARNING: ../src/learner.cc:1115: Starting in XGBoost 1.3.0, the default evaluation metric used with the objective 'binary:logistic' was changed from 'error' to 'logloss'. Explicitly set eval_metric if you'd like to restore the old behavior.
[I 2023-11-06 16:36:04,563] Trial 245 finished with value: 0.8702742246965133 and parameters: {'n_estimators': 8400, 'max_depth': 6, 'min_child_weight': 8, 'learning_rate': 0.023152930797518553, 'subsample': 0.9686321304214056, 'colsample_bytree': 0.15844333670742297, 'reg_alpha': 4.284725651787187, 'reg_lambda': 6.855633028385475, 'gamma': 0.8999999999999999}. Best is trial 216 with value: 0.8708315772777675.
/home/stepa/.local/lib/python3.6/site-packages/xgboost/sklearn.py:1224: UserWarning: The use of label encoder in XGBClassifier is deprecated and will be removed in a future release. To remove this warning, do the following: 1) Pass option use_label_encoder=False when constructing XGBClassifier object; and 2) Encode your labels (y) as integers starting with 0, i.e. 0, 1, 2, ..., [num_class - 1].
  warnings.warn(label_encoder_deprecation_msg, UserWarning)
[16:36:04] WARNING: ../src/learner.cc:223: No visible GPU is found, setting `gpu_id` to -1
[16:36:04] WARNING: ../src/learner.cc:1115: Starting in XGBoost 1.3.0, the default evaluation metric used with the objective 'binary:logistic' was changed from 'error' to 'logloss'. Explicitly set eval_metric if you'd like to restore the old behavior.
[I 2023-11-06 16:36:36,752] Trial 246 finished with value: 0.8707778219226217 and parameters: {'n_estimators': 8600, 'max_depth': 6, 'min_child_weight': 8, 'learning_rate': 0.016681660574963425, 'subsample': 0.9635006492120685, 'colsample_bytree': 0.16247461493861812, 'reg_alpha': 4.536693637699827, 'reg_lambda': 6.5557122408598545, 'gamma': 0.8999999999999999}. Best is trial 216 with value: 0.8708315772777675.
/home/stepa/.local/lib/python3.6/site-packages/xgboost/sklearn.py:1224: UserWarning: The use of label encoder in XGBClassifier is deprecated and will be removed in a future release. To remove this warning, do the following: 1) Pass option use_label_encoder=False when constructing XGBClassifier object; and 2) Encode your labels (y) as integers starting with 0, i.e. 0, 1, 2, ..., [num_class - 1].
  warnings.warn(label_encoder_deprecation_msg, UserWarning)
[16:36:36] WARNING: ../src/learner.cc:223: No visible GPU is found, setting `gpu_id` to -1
[16:36:36] WARNING: ../src/learner.cc:1115: Starting in XGBoost 1.3.0, the default evaluation metric used with the objective 'binary:logistic' was changed from 'error' to 'logloss'. Explicitly set eval_metric if you'd like to restore the old behavior.
[I 2023-11-06 16:37:08,385] Trial 247 finished with value: 0.8708422392161907 and parameters: {'n_estimators': 8500, 'max_depth': 6, 'min_child_weight': 8, 'learning_rate': 0.016859931263774025, 'subsample': 0.9630545004265721, 'colsample_bytree': 0.16361300473521678, 'reg_alpha': 4.553592092144434, 'reg_lambda': 6.609688086564335, 'gamma': 0.8999999999999999}. Best is trial 247 with value: 0.8708422392161907.
/home/stepa/.local/lib/python3.6/site-packages/xgboost/sklearn.py:1224: UserWarning: The use of label encoder in XGBClassifier is deprecated and will be removed in a future release. To remove this warning, do the following: 1) Pass option use_label_encoder=False when constructing XGBClassifier object; and 2) Encode your labels (y) as integers starting with 0, i.e. 0, 1, 2, ..., [num_class - 1].
  warnings.warn(label_encoder_deprecation_msg, UserWarning)
[16:37:08] WARNING: ../src/learner.cc:223: No visible GPU is found, setting `gpu_id` to -1
[16:37:08] WARNING: ../src/learner.cc:1115: Starting in XGBoost 1.3.0, the default evaluation metric used with the objective 'binary:logistic' was changed from 'error' to 'logloss'. Explicitly set eval_metric if you'd like to restore the old behavior.
[I 2023-11-06 16:37:42,751] Trial 248 finished with value: 0.8165192512619669 and parameters: {'n_estimators': 8600, 'max_depth': 6, 'min_child_weight': 8, 'learning_rate': 0.0001437555976367275, 'subsample': 0.9629503866504879, 'colsample_bytree': 0.12145657826329684, 'reg_alpha': 4.672144395672186, 'reg_lambda': 6.980201786653097, 'gamma': 0.8999999999999999}. Best is trial 247 with value: 0.8708422392161907.
/home/stepa/.local/lib/python3.6/site-packages/xgboost/sklearn.py:1224: UserWarning: The use of label encoder in XGBClassifier is deprecated and will be removed in a future release. To remove this warning, do the following: 1) Pass option use_label_encoder=False when constructing XGBClassifier object; and 2) Encode your labels (y) as integers starting with 0, i.e. 0, 1, 2, ..., [num_class - 1].
  warnings.warn(label_encoder_deprecation_msg, UserWarning)
[16:37:42] WARNING: ../src/learner.cc:223: No visible GPU is found, setting `gpu_id` to -1
[16:37:42] WARNING: ../src/learner.cc:1115: Starting in XGBoost 1.3.0, the default evaluation metric used with the objective 'binary:logistic' was changed from 'error' to 'logloss'. Explicitly set eval_metric if you'd like to restore the old behavior.
[I 2023-11-06 16:38:14,735] Trial 249 finished with value: 0.8707151892796642 and parameters: {'n_estimators': 8600, 'max_depth': 6, 'min_child_weight': 8, 'learning_rate': 0.016927187765098436, 'subsample': 0.9561367558470456, 'colsample_bytree': 0.15164132727983812, 'reg_alpha': 4.552910774125977, 'reg_lambda': 6.620914167667528, 'gamma': 0.8999999999999999}. Best is trial 247 with value: 0.8708422392161907.
/home/stepa/.local/lib/python3.6/site-packages/xgboost/sklearn.py:1224: UserWarning: The use of label encoder in XGBClassifier is deprecated and will be removed in a future release. To remove this warning, do the following: 1) Pass option use_label_encoder=False when constructing XGBClassifier object; and 2) Encode your labels (y) as integers starting with 0, i.e. 0, 1, 2, ..., [num_class - 1].
  warnings.warn(label_encoder_deprecation_msg, UserWarning)
[16:38:14] WARNING: ../src/learner.cc:223: No visible GPU is found, setting `gpu_id` to -1
[16:38:14] WARNING: ../src/learner.cc:1115: Starting in XGBoost 1.3.0, the default evaluation metric used with the objective 'binary:logistic' was changed from 'error' to 'logloss'. Explicitly set eval_metric if you'd like to restore the old behavior.
[I 2023-11-06 16:38:46,451] Trial 250 finished with value: 0.8704307063794609 and parameters: {'n_estimators': 8600, 'max_depth': 6, 'min_child_weight': 8, 'learning_rate': 0.02206175817804423, 'subsample': 0.9572751960461748, 'colsample_bytree': 0.14722736064485167, 'reg_alpha': 4.536841776947056, 'reg_lambda': 6.56314639436308, 'gamma': 0.8999999999999999}. Best is trial 247 with value: 0.8708422392161907.
/home/stepa/.local/lib/python3.6/site-packages/xgboost/sklearn.py:1224: UserWarning: The use of label encoder in XGBClassifier is deprecated and will be removed in a future release. To remove this warning, do the following: 1) Pass option use_label_encoder=False when constructing XGBClassifier object; and 2) Encode your labels (y) as integers starting with 0, i.e. 0, 1, 2, ..., [num_class - 1].
  warnings.warn(label_encoder_deprecation_msg, UserWarning)
[16:38:46] WARNING: ../src/learner.cc:223: No visible GPU is found, setting `gpu_id` to -1
[16:38:46] WARNING: ../src/learner.cc:1115: Starting in XGBoost 1.3.0, the default evaluation metric used with the objective 'binary:logistic' was changed from 'error' to 'logloss'. Explicitly set eval_metric if you'd like to restore the old behavior.
[I 2023-11-06 16:39:17,765] Trial 251 finished with value: 0.8703306200555311 and parameters: {'n_estimators': 8500, 'max_depth': 6, 'min_child_weight': 8, 'learning_rate': 0.018807418835079543, 'subsample': 0.9504545617751892, 'colsample_bytree': 0.12865297214544905, 'reg_alpha': 4.571638794377856, 'reg_lambda': 6.413371946911719, 'gamma': 0.8999999999999999}. Best is trial 247 with value: 0.8708422392161907.
/home/stepa/.local/lib/python3.6/site-packages/xgboost/sklearn.py:1224: UserWarning: The use of label encoder in XGBClassifier is deprecated and will be removed in a future release. To remove this warning, do the following: 1) Pass option use_label_encoder=False when constructing XGBClassifier object; and 2) Encode your labels (y) as integers starting with 0, i.e. 0, 1, 2, ..., [num_class - 1].
  warnings.warn(label_encoder_deprecation_msg, UserWarning)
[16:39:17] WARNING: ../src/learner.cc:223: No visible GPU is found, setting `gpu_id` to -1
[16:39:17] WARNING: ../src/learner.cc:1115: Starting in XGBoost 1.3.0, the default evaluation metric used with the objective 'binary:logistic' was changed from 'error' to 'logloss'. Explicitly set eval_metric if you'd like to restore the old behavior.
