[I 2023-11-06 17:18:45,469] Trial 324 finished with value: 0.8700266638792276 and parameters: {'n_estimators': 12000, 'max_depth': 6, 'min_child_weight': 8, 'learning_rate': 0.016751458346745997, 'subsample': 0.9926940256533645, 'colsample_bytree': 0.18699380499311963, 'reg_alpha': 4.9783133124047865, 'reg_lambda': 6.94048503591541, 'gamma': 0.8999999999999999}. Best is trial 273 with value: 0.8708834900261233.
/home/stepa/.local/lib/python3.6/site-packages/xgboost/sklearn.py:1224: UserWarning: The use of label encoder in XGBClassifier is deprecated and will be removed in a future release. To remove this warning, do the following: 1) Pass option use_label_encoder=False when constructing XGBClassifier object; and 2) Encode your labels (y) as integers starting with 0, i.e. 0, 1, 2, ..., [num_class - 1].
  warnings.warn(label_encoder_deprecation_msg, UserWarning)
[17:18:45] WARNING: ../src/learner.cc:223: No visible GPU is found, setting `gpu_id` to -1
[17:18:45] WARNING: ../src/learner.cc:1115: Starting in XGBoost 1.3.0, the default evaluation metric used with the objective 'binary:logistic' was changed from 'error' to 'logloss'. Explicitly set eval_metric if you'd like to restore the old behavior.
[I 2023-11-06 17:19:19,891] Trial 325 finished with value: 0.8663668391020202 and parameters: {'n_estimators': 8600, 'max_depth': 6, 'min_child_weight': 8, 'learning_rate': 0.0037739205511362057, 'subsample': 0.9636446278089673, 'colsample_bytree': 0.14740470014274493, 'reg_alpha': 8.313279814165861, 'reg_lambda': 5.8057182748169724, 'gamma': 0.8999999999999999}. Best is trial 273 with value: 0.8708834900261233.
/home/stepa/.local/lib/python3.6/site-packages/xgboost/sklearn.py:1224: UserWarning: The use of label encoder in XGBClassifier is deprecated and will be removed in a future release. To remove this warning, do the following: 1) Pass option use_label_encoder=False when constructing XGBClassifier object; and 2) Encode your labels (y) as integers starting with 0, i.e. 0, 1, 2, ..., [num_class - 1].
  warnings.warn(label_encoder_deprecation_msg, UserWarning)
[17:19:19] WARNING: ../src/learner.cc:223: No visible GPU is found, setting `gpu_id` to -1
[17:19:19] WARNING: ../src/learner.cc:1115: Starting in XGBoost 1.3.0, the default evaluation metric used with the objective 'binary:logistic' was changed from 'error' to 'logloss'. Explicitly set eval_metric if you'd like to restore the old behavior.
[I 2023-11-06 17:19:52,835] Trial 326 finished with value: 0.870492641549783 and parameters: {'n_estimators': 8800, 'max_depth': 6, 'min_child_weight': 8, 'learning_rate': 0.022800751789573817, 'subsample': 0.9721576560020608, 'colsample_bytree': 0.16797815238142216, 'reg_alpha': 4.461505227733941, 'reg_lambda': 7.572662138593245, 'gamma': 0.8999999999999999}. Best is trial 273 with value: 0.8708834900261233.
/home/stepa/.local/lib/python3.6/site-packages/xgboost/sklearn.py:1224: UserWarning: The use of label encoder in XGBClassifier is deprecated and will be removed in a future release. To remove this warning, do the following: 1) Pass option use_label_encoder=False when constructing XGBClassifier object; and 2) Encode your labels (y) as integers starting with 0, i.e. 0, 1, 2, ..., [num_class - 1].
  warnings.warn(label_encoder_deprecation_msg, UserWarning)
[17:19:52] WARNING: ../src/learner.cc:223: No visible GPU is found, setting `gpu_id` to -1
[17:19:52] WARNING: ../src/learner.cc:1115: Starting in XGBoost 1.3.0, the default evaluation metric used with the objective 'binary:logistic' was changed from 'error' to 'logloss'. Explicitly set eval_metric if you'd like to restore the old behavior.
[I 2023-11-06 17:20:23,398] Trial 327 finished with value: 0.8704655600263397 and parameters: {'n_estimators': 8100, 'max_depth': 6, 'min_child_weight': 8, 'learning_rate': 0.0187373381545231, 'subsample': 0.9597400428837833, 'colsample_bytree': 0.18909479828697134, 'reg_alpha': 5.396399981259715, 'reg_lambda': 7.305907556697537, 'gamma': 0.8999999999999999}. Best is trial 273 with value: 0.8708834900261233.
/home/stepa/.local/lib/python3.6/site-packages/xgboost/sklearn.py:1224: UserWarning: The use of label encoder in XGBClassifier is deprecated and will be removed in a future release. To remove this warning, do the following: 1) Pass option use_label_encoder=False when constructing XGBClassifier object; and 2) Encode your labels (y) as integers starting with 0, i.e. 0, 1, 2, ..., [num_class - 1].
  warnings.warn(label_encoder_deprecation_msg, UserWarning)
[17:20:23] WARNING: ../src/learner.cc:223: No visible GPU is found, setting `gpu_id` to -1
[17:20:23] WARNING: ../src/learner.cc:1115: Starting in XGBoost 1.3.0, the default evaluation metric used with the objective 'binary:logistic' was changed from 'error' to 'logloss'. Explicitly set eval_metric if you'd like to restore the old behavior.
[I 2023-11-06 17:20:55,909] Trial 328 finished with value: 0.8705228666963081 and parameters: {'n_estimators': 8600, 'max_depth': 6, 'min_child_weight': 8, 'learning_rate': 0.011582890376697134, 'subsample': 0.9981702838109873, 'colsample_bytree': 0.1477730054404087, 'reg_alpha': 4.809122968376068, 'reg_lambda': 6.177600364541807, 'gamma': 0.8999999999999999}. Best is trial 273 with value: 0.8708834900261233.
/home/stepa/.local/lib/python3.6/site-packages/xgboost/sklearn.py:1224: UserWarning: The use of label encoder in XGBClassifier is deprecated and will be removed in a future release. To remove this warning, do the following: 1) Pass option use_label_encoder=False when constructing XGBClassifier object; and 2) Encode your labels (y) as integers starting with 0, i.e. 0, 1, 2, ..., [num_class - 1].
  warnings.warn(label_encoder_deprecation_msg, UserWarning)
[17:20:55] WARNING: ../src/learner.cc:223: No visible GPU is found, setting `gpu_id` to -1
[17:20:55] WARNING: ../src/learner.cc:1115: Starting in XGBoost 1.3.0, the default evaluation metric used with the objective 'binary:logistic' was changed from 'error' to 'logloss'. Explicitly set eval_metric if you'd like to restore the old behavior.
[I 2023-11-06 17:21:26,638] Trial 329 finished with value: 0.8705650328141689 and parameters: {'n_estimators': 8300, 'max_depth': 6, 'min_child_weight': 8, 'learning_rate': 0.01705398239339909, 'subsample': 0.9996692837955882, 'colsample_bytree': 0.16971528028816163, 'reg_alpha': 4.634539481470023, 'reg_lambda': 4.943928960339604, 'gamma': 0.8999999999999999}. Best is trial 273 with value: 0.8708834900261233.
/home/stepa/.local/lib/python3.6/site-packages/xgboost/sklearn.py:1224: UserWarning: The use of label encoder in XGBClassifier is deprecated and will be removed in a future release. To remove this warning, do the following: 1) Pass option use_label_encoder=False when constructing XGBClassifier object; and 2) Encode your labels (y) as integers starting with 0, i.e. 0, 1, 2, ..., [num_class - 1].
  warnings.warn(label_encoder_deprecation_msg, UserWarning)
[17:21:26] WARNING: ../src/learner.cc:223: No visible GPU is found, setting `gpu_id` to -1
[17:21:26] WARNING: ../src/learner.cc:1115: Starting in XGBoost 1.3.0, the default evaluation metric used with the objective 'binary:logistic' was changed from 'error' to 'logloss'. Explicitly set eval_metric if you'd like to restore the old behavior.
[I 2023-11-06 17:22:03,773] Trial 330 finished with value: 0.8666262049933949 and parameters: {'n_estimators': 8400, 'max_depth': 7, 'min_child_weight': 8, 'learning_rate': 0.024624938212615254, 'subsample': 0.9801065392219664, 'colsample_bytree': 0.38116678442433727, 'reg_alpha': 5.18559590542394, 'reg_lambda': 6.4520431635537525, 'gamma': 0.8999999999999999}. Best is trial 273 with value: 0.8708834900261233.
/home/stepa/.local/lib/python3.6/site-packages/xgboost/sklearn.py:1224: UserWarning: The use of label encoder in XGBClassifier is deprecated and will be removed in a future release. To remove this warning, do the following: 1) Pass option use_label_encoder=False when constructing XGBClassifier object; and 2) Encode your labels (y) as integers starting with 0, i.e. 0, 1, 2, ..., [num_class - 1].
  warnings.warn(label_encoder_deprecation_msg, UserWarning)
[17:22:03] WARNING: ../src/learner.cc:223: No visible GPU is found, setting `gpu_id` to -1
[17:22:03] WARNING: ../src/learner.cc:1115: Starting in XGBoost 1.3.0, the default evaluation metric used with the objective 'binary:logistic' was changed from 'error' to 'logloss'. Explicitly set eval_metric if you'd like to restore the old behavior.
[I 2023-11-06 17:22:33,751] Trial 331 finished with value: 0.870287394738539 and parameters: {'n_estimators': 8200, 'max_depth': 6, 'min_child_weight': 8, 'learning_rate': 0.020406502378666695, 'subsample': 0.964696814868147, 'colsample_bytree': 0.12700559808215453, 'reg_alpha': 4.298959498124823, 'reg_lambda': 5.628622341690265, 'gamma': 0.8999999999999999}. Best is trial 273 with value: 0.8708834900261233.
/home/stepa/.local/lib/python3.6/site-packages/xgboost/sklearn.py:1224: UserWarning: The use of label encoder in XGBClassifier is deprecated and will be removed in a future release. To remove this warning, do the following: 1) Pass option use_label_encoder=False when constructing XGBClassifier object; and 2) Encode your labels (y) as integers starting with 0, i.e. 0, 1, 2, ..., [num_class - 1].
  warnings.warn(label_encoder_deprecation_msg, UserWarning)
[17:22:33] WARNING: ../src/learner.cc:223: No visible GPU is found, setting `gpu_id` to -1
[17:22:33] WARNING: ../src/learner.cc:1115: Starting in XGBoost 1.3.0, the default evaluation metric used with the objective 'binary:logistic' was changed from 'error' to 'logloss'. Explicitly set eval_metric if you'd like to restore the old behavior.
[I 2023-11-06 17:23:05,304] Trial 332 finished with value: 0.8706620014953733 and parameters: {'n_estimators': 8400, 'max_depth': 6, 'min_child_weight': 8, 'learning_rate': 0.013544710120769188, 'subsample': 0.9700716374398924, 'colsample_bytree': 0.14718061937003318, 'reg_alpha': 3.980193017534333, 'reg_lambda': 6.999453953222806, 'gamma': 0.8999999999999999}. Best is trial 273 with value: 0.8708834900261233.
/home/stepa/.local/lib/python3.6/site-packages/xgboost/sklearn.py:1224: UserWarning: The use of label encoder in XGBClassifier is deprecated and will be removed in a future release. To remove this warning, do the following: 1) Pass option use_label_encoder=False when constructing XGBClassifier object; and 2) Encode your labels (y) as integers starting with 0, i.e. 0, 1, 2, ..., [num_class - 1].
  warnings.warn(label_encoder_deprecation_msg, UserWarning)
[17:23:05] WARNING: ../src/learner.cc:223: No visible GPU is found, setting `gpu_id` to -1
[17:23:05] WARNING: ../src/learner.cc:1115: Starting in XGBoost 1.3.0, the default evaluation metric used with the objective 'binary:logistic' was changed from 'error' to 'logloss'. Explicitly set eval_metric if you'd like to restore the old behavior.
[I 2023-11-06 17:23:48,819] Trial 333 finished with value: 0.8699101599687663 and parameters: {'n_estimators': 11700, 'max_depth': 6, 'min_child_weight': 8, 'learning_rate': 0.017180980993134424, 'subsample': 0.9753907666508671, 'colsample_bytree': 0.20246202472400693, 'reg_alpha': 4.432304295555569, 'reg_lambda': 5.991870413502019, 'gamma': 0.8999999999999999}. Best is trial 273 with value: 0.8708834900261233.
/home/stepa/.local/lib/python3.6/site-packages/xgboost/sklearn.py:1224: UserWarning: The use of label encoder in XGBClassifier is deprecated and will be removed in a future release. To remove this warning, do the following: 1) Pass option use_label_encoder=False when constructing XGBClassifier object; and 2) Encode your labels (y) as integers starting with 0, i.e. 0, 1, 2, ..., [num_class - 1].
  warnings.warn(label_encoder_deprecation_msg, UserWarning)
[17:23:48] WARNING: ../src/learner.cc:223: No visible GPU is found, setting `gpu_id` to -1
[17:23:48] WARNING: ../src/learner.cc:1115: Starting in XGBoost 1.3.0, the default evaluation metric used with the objective 'binary:logistic' was changed from 'error' to 'logloss'. Explicitly set eval_metric if you'd like to restore the old behavior.
[I 2023-11-06 17:24:26,066] Trial 334 finished with value: 0.8705464928323976 and parameters: {'n_estimators': 9900, 'max_depth': 6, 'min_child_weight': 8, 'learning_rate': 0.013672829071897081, 'subsample': 0.9556297914617657, 'colsample_bytree': 0.1770345561833498, 'reg_alpha': 4.92758888468741, 'reg_lambda': 6.801641911590618, 'gamma': 0.8999999999999999}. Best is trial 273 with value: 0.8708834900261233.
/home/stepa/.local/lib/python3.6/site-packages/xgboost/sklearn.py:1224: UserWarning: The use of label encoder in XGBClassifier is deprecated and will be removed in a future release. To remove this warning, do the following: 1) Pass option use_label_encoder=False when constructing XGBClassifier object; and 2) Encode your labels (y) as integers starting with 0, i.e. 0, 1, 2, ..., [num_class - 1].
  warnings.warn(label_encoder_deprecation_msg, UserWarning)
[17:24:26] WARNING: ../src/learner.cc:223: No visible GPU is found, setting `gpu_id` to -1
[17:24:26] WARNING: ../src/learner.cc:1115: Starting in XGBoost 1.3.0, the default evaluation metric used with the objective 'binary:logistic' was changed from 'error' to 'logloss'. Explicitly set eval_metric if you'd like to restore the old behavior.
[I 2023-11-06 17:24:56,973] Trial 335 finished with value: 0.8702900966955678 and parameters: {'n_estimators': 8500, 'max_depth': 6, 'min_child_weight': 8, 'learning_rate': 0.021828928859730846, 'subsample': 0.9675328216811216, 'colsample_bytree': 0.1142494690658239, 'reg_alpha': 4.160764763386987, 'reg_lambda': 6.3371337175805955, 'gamma': 0.8999999999999999}. Best is trial 273 with value: 0.8708834900261233.
/home/stepa/.local/lib/python3.6/site-packages/xgboost/sklearn.py:1224: UserWarning: The use of label encoder in XGBClassifier is deprecated and will be removed in a future release. To remove this warning, do the following: 1) Pass option use_label_encoder=False when constructing XGBClassifier object; and 2) Encode your labels (y) as integers starting with 0, i.e. 0, 1, 2, ..., [num_class - 1].
  warnings.warn(label_encoder_deprecation_msg, UserWarning)
[17:24:57] WARNING: ../src/learner.cc:223: No visible GPU is found, setting `gpu_id` to -1
[17:24:57] WARNING: ../src/learner.cc:1115: Starting in XGBoost 1.3.0, the default evaluation metric used with the objective 'binary:logistic' was changed from 'error' to 'logloss'. Explicitly set eval_metric if you'd like to restore the old behavior.
[I 2023-11-06 17:25:29,710] Trial 336 finished with value: 0.8708556730587549 and parameters: {'n_estimators': 8700, 'max_depth': 6, 'min_child_weight': 8, 'learning_rate': 0.015785173936282034, 'subsample': 0.9604059224267887, 'colsample_bytree': 0.1610536378576366, 'reg_alpha': 4.681534542686031, 'reg_lambda': 6.559672852471145, 'gamma': 0.8999999999999999}. Best is trial 273 with value: 0.8708834900261233.
/home/stepa/.local/lib/python3.6/site-packages/xgboost/sklearn.py:1224: UserWarning: The use of label encoder in XGBClassifier is deprecated and will be removed in a future release. To remove this warning, do the following: 1) Pass option use_label_encoder=False when constructing XGBClassifier object; and 2) Encode your labels (y) as integers starting with 0, i.e. 0, 1, 2, ..., [num_class - 1].
  warnings.warn(label_encoder_deprecation_msg, UserWarning)
[17:25:29] WARNING: ../src/learner.cc:223: No visible GPU is found, setting `gpu_id` to -1
[17:25:29] WARNING: ../src/learner.cc:1115: Starting in XGBoost 1.3.0, the default evaluation metric used with the objective 'binary:logistic' was changed from 'error' to 'logloss'. Explicitly set eval_metric if you'd like to restore the old behavior.
[I 2023-11-06 17:26:02,621] Trial 337 finished with value: 0.8707123214480545 and parameters: {'n_estimators': 8800, 'max_depth': 6, 'min_child_weight': 8, 'learning_rate': 0.01848763860527355, 'subsample': 0.960944015221199, 'colsample_bytree': 0.1392018915876876, 'reg_alpha': 4.711315510733718, 'reg_lambda': 6.5636083771799125, 'gamma': 0.8999999999999999}. Best is trial 273 with value: 0.8708834900261233.
/home/stepa/.local/lib/python3.6/site-packages/xgboost/sklearn.py:1224: UserWarning: The use of label encoder in XGBClassifier is deprecated and will be removed in a future release. To remove this warning, do the following: 1) Pass option use_label_encoder=False when constructing XGBClassifier object; and 2) Encode your labels (y) as integers starting with 0, i.e. 0, 1, 2, ..., [num_class - 1].
  warnings.warn(label_encoder_deprecation_msg, UserWarning)
[17:26:02] WARNING: ../src/learner.cc:223: No visible GPU is found, setting `gpu_id` to -1
[17:26:02] WARNING: ../src/learner.cc:1115: Starting in XGBoost 1.3.0, the default evaluation metric used with the objective 'binary:logistic' was changed from 'error' to 'logloss'. Explicitly set eval_metric if you'd like to restore the old behavior.
[I 2023-11-06 17:26:35,934] Trial 338 finished with value: 0.8698040781780568 and parameters: {'n_estimators': 8700, 'max_depth': 6, 'min_child_weight': 8, 'learning_rate': 0.027343638122638632, 'subsample': 0.9513575038002312, 'colsample_bytree': 0.13221630429522135, 'reg_alpha': 4.716965573036825, 'reg_lambda': 6.539004610099426, 'gamma': 0.8999999999999999}. Best is trial 273 with value: 0.8708834900261233.
/home/stepa/.local/lib/python3.6/site-packages/xgboost/sklearn.py:1224: UserWarning: The use of label encoder in XGBClassifier is deprecated and will be removed in a future release. To remove this warning, do the following: 1) Pass option use_label_encoder=False when constructing XGBClassifier object; and 2) Encode your labels (y) as integers starting with 0, i.e. 0, 1, 2, ..., [num_class - 1].
  warnings.warn(label_encoder_deprecation_msg, UserWarning)
[17:26:35] WARNING: ../src/learner.cc:223: No visible GPU is found, setting `gpu_id` to -1
[17:26:36] WARNING: ../src/learner.cc:1115: Starting in XGBoost 1.3.0, the default evaluation metric used with the objective 'binary:logistic' was changed from 'error' to 'logloss'. Explicitly set eval_metric if you'd like to restore the old behavior.
[I 2023-11-06 17:27:09,665] Trial 339 finished with value: 0.8705672371474549 and parameters: {'n_estimators': 8800, 'max_depth': 6, 'min_child_weight': 8, 'learning_rate': 0.01931163883363939, 'subsample': 0.9595966170311183, 'colsample_bytree': 0.14445496385884316, 'reg_alpha': 4.953495798940992, 'reg_lambda': 6.730610301136536, 'gamma': 0.8999999999999999}. Best is trial 273 with value: 0.8708834900261233.
/home/stepa/.local/lib/python3.6/site-packages/xgboost/sklearn.py:1224: UserWarning: The use of label encoder in XGBClassifier is deprecated and will be removed in a future release. To remove this warning, do the following: 1) Pass option use_label_encoder=False when constructing XGBClassifier object; and 2) Encode your labels (y) as integers starting with 0, i.e. 0, 1, 2, ..., [num_class - 1].
  warnings.warn(label_encoder_deprecation_msg, UserWarning)
[17:27:09] WARNING: ../src/learner.cc:223: No visible GPU is found, setting `gpu_id` to -1
[17:27:09] WARNING: ../src/learner.cc:1115: Starting in XGBoost 1.3.0, the default evaluation metric used with the objective 'binary:logistic' was changed from 'error' to 'logloss'. Explicitly set eval_metric if you'd like to restore the old behavior.
[I 2023-11-06 17:27:41,717] Trial 340 finished with value: 0.870413805158609 and parameters: {'n_estimators': 8700, 'max_depth': 6, 'min_child_weight': 8, 'learning_rate': 0.02234060156748273, 'subsample': 0.9555856207306779, 'colsample_bytree': 0.1211700705295024, 'reg_alpha': 4.635734036333444, 'reg_lambda': 8.95998595880199, 'gamma': 0.8999999999999999}. Best is trial 273 with value: 0.8708834900261233.
/home/stepa/.local/lib/python3.6/site-packages/xgboost/sklearn.py:1224: UserWarning: The use of label encoder in XGBClassifier is deprecated and will be removed in a future release. To remove this warning, do the following: 1) Pass option use_label_encoder=False when constructing XGBClassifier object; and 2) Encode your labels (y) as integers starting with 0, i.e. 0, 1, 2, ..., [num_class - 1].
  warnings.warn(label_encoder_deprecation_msg, UserWarning)
[17:27:41] WARNING: ../src/learner.cc:223: No visible GPU is found, setting `gpu_id` to -1
[17:27:41] WARNING: ../src/learner.cc:1115: Starting in XGBoost 1.3.0, the default evaluation metric used with the objective 'binary:logistic' was changed from 'error' to 'logloss'. Explicitly set eval_metric if you'd like to restore the old behavior.
[I 2023-11-06 17:28:15,695] Trial 341 finished with value: 0.8660351179190604 and parameters: {'n_estimators': 8600, 'max_depth': 6, 'min_child_weight': 8, 'learning_rate': 0.01773716902931514, 'subsample': 0.9633162739463067, 'colsample_bytree': 0.930392144752185, 'reg_alpha': 4.840144275547283, 'reg_lambda': 6.531400596932547, 'gamma': 0.8999999999999999}. Best is trial 273 with value: 0.8708834900261233.
/home/stepa/.local/lib/python3.6/site-packages/xgboost/sklearn.py:1224: UserWarning: The use of label encoder in XGBClassifier is deprecated and will be removed in a future release. To remove this warning, do the following: 1) Pass option use_label_encoder=False when constructing XGBClassifier object; and 2) Encode your labels (y) as integers starting with 0, i.e. 0, 1, 2, ..., [num_class - 1].
  warnings.warn(label_encoder_deprecation_msg, UserWarning)
[17:28:15] WARNING: ../src/learner.cc:223: No visible GPU is found, setting `gpu_id` to -1
[17:28:15] WARNING: ../src/learner.cc:1115: Starting in XGBoost 1.3.0, the default evaluation metric used with the objective 'binary:logistic' was changed from 'error' to 'logloss'. Explicitly set eval_metric if you'd like to restore the old behavior.
