[I 2023-11-06 14:30:33,808] Trial 18 finished with value: 0.8567178567747498 and parameters: {'n_estimators': 9600, 'max_depth': 8, 'min_child_weight': 7, 'learning_rate': 0.08216989986472782, 'subsample': 0.7331263127575192, 'colsample_bytree': 0.35985816048081387, 'reg_alpha': 6.201204091089965, 'reg_lambda': 6.266082113020605, 'gamma': 0.7}. Best is trial 15 with value: 0.8701835792342724.
/home/stepa/.local/lib/python3.6/site-packages/xgboost/sklearn.py:1224: UserWarning: The use of label encoder in XGBClassifier is deprecated and will be removed in a future release. To remove this warning, do the following: 1) Pass option use_label_encoder=False when constructing XGBClassifier object; and 2) Encode your labels (y) as integers starting with 0, i.e. 0, 1, 2, ..., [num_class - 1].
  warnings.warn(label_encoder_deprecation_msg, UserWarning)
[14:30:33] WARNING: ../src/learner.cc:223: No visible GPU is found, setting `gpu_id` to -1
[14:30:33] WARNING: ../src/learner.cc:1115: Starting in XGBoost 1.3.0, the default evaluation metric used with the objective 'binary:logistic' was changed from 'error' to 'logloss'. Explicitly set eval_metric if you'd like to restore the old behavior.
[I 2023-11-06 14:31:14,613] Trial 19 finished with value: 0.8688297448792589 and parameters: {'n_estimators': 11500, 'max_depth': 5, 'min_child_weight': 7, 'learning_rate': 0.006310411376776036, 'subsample': 0.7932096505857343, 'colsample_bytree': 0.5661622611826677, 'reg_alpha': 9.23764556710858, 'reg_lambda': 4.393360450907869, 'gamma': 0.7999999999999999}. Best is trial 15 with value: 0.8701835792342724.
/home/stepa/.local/lib/python3.6/site-packages/xgboost/sklearn.py:1224: UserWarning: The use of label encoder in XGBClassifier is deprecated and will be removed in a future release. To remove this warning, do the following: 1) Pass option use_label_encoder=False when constructing XGBClassifier object; and 2) Encode your labels (y) as integers starting with 0, i.e. 0, 1, 2, ..., [num_class - 1].
  warnings.warn(label_encoder_deprecation_msg, UserWarning)
[14:31:14] WARNING: ../src/learner.cc:223: No visible GPU is found, setting `gpu_id` to -1
[14:31:14] WARNING: ../src/learner.cc:1115: Starting in XGBoost 1.3.0, the default evaluation metric used with the objective 'binary:logistic' was changed from 'error' to 'logloss'. Explicitly set eval_metric if you'd like to restore the old behavior.
[I 2023-11-06 14:32:18,542] Trial 20 finished with value: 0.8664235961875338 and parameters: {'n_estimators': 10500, 'max_depth': 9, 'min_child_weight': 8, 'learning_rate': 0.0013368593648478229, 'subsample': 0.7352770103902679, 'colsample_bytree': 0.32271717574131265, 'reg_alpha': 7.631272975044369, 'reg_lambda': 2.092551281123612, 'gamma': 0.8999999999999999}. Best is trial 15 with value: 0.8701835792342724.
/home/stepa/.local/lib/python3.6/site-packages/xgboost/sklearn.py:1224: UserWarning: The use of label encoder in XGBClassifier is deprecated and will be removed in a future release. To remove this warning, do the following: 1) Pass option use_label_encoder=False when constructing XGBClassifier object; and 2) Encode your labels (y) as integers starting with 0, i.e. 0, 1, 2, ..., [num_class - 1].
  warnings.warn(label_encoder_deprecation_msg, UserWarning)
[14:32:18] WARNING: ../src/learner.cc:223: No visible GPU is found, setting `gpu_id` to -1
[14:32:18] WARNING: ../src/learner.cc:1115: Starting in XGBoost 1.3.0, the default evaluation metric used with the objective 'binary:logistic' was changed from 'error' to 'logloss'. Explicitly set eval_metric if you'd like to restore the old behavior.
[I 2023-11-06 14:32:58,526] Trial 21 finished with value: 0.8698595302503016 and parameters: {'n_estimators': 10200, 'max_depth': 6, 'min_child_weight': 7, 'learning_rate': 0.011988204460099117, 'subsample': 0.7079415768852896, 'colsample_bytree': 0.22493324442475165, 'reg_alpha': 3.8399942384611485, 'reg_lambda': 2.73636455348096, 'gamma': 0.7999999999999999}. Best is trial 15 with value: 0.8701835792342724.
/home/stepa/.local/lib/python3.6/site-packages/xgboost/sklearn.py:1224: UserWarning: The use of label encoder in XGBClassifier is deprecated and will be removed in a future release. To remove this warning, do the following: 1) Pass option use_label_encoder=False when constructing XGBClassifier object; and 2) Encode your labels (y) as integers starting with 0, i.e. 0, 1, 2, ..., [num_class - 1].
  warnings.warn(label_encoder_deprecation_msg, UserWarning)
[14:32:58] WARNING: ../src/learner.cc:223: No visible GPU is found, setting `gpu_id` to -1
[14:32:58] WARNING: ../src/learner.cc:1115: Starting in XGBoost 1.3.0, the default evaluation metric used with the objective 'binary:logistic' was changed from 'error' to 'logloss'. Explicitly set eval_metric if you'd like to restore the old behavior.
[I 2023-11-06 14:33:37,383] Trial 22 finished with value: 0.8689788901093571 and parameters: {'n_estimators': 9800, 'max_depth': 6, 'min_child_weight': 7, 'learning_rate': 0.01952992144833066, 'subsample': 0.7281951868765308, 'colsample_bytree': 0.2039928115026535, 'reg_alpha': 3.861748337614449, 'reg_lambda': 0.15378894552768685, 'gamma': 0.7999999999999999}. Best is trial 15 with value: 0.8701835792342724.
/home/stepa/.local/lib/python3.6/site-packages/xgboost/sklearn.py:1224: UserWarning: The use of label encoder in XGBClassifier is deprecated and will be removed in a future release. To remove this warning, do the following: 1) Pass option use_label_encoder=False when constructing XGBClassifier object; and 2) Encode your labels (y) as integers starting with 0, i.e. 0, 1, 2, ..., [num_class - 1].
  warnings.warn(label_encoder_deprecation_msg, UserWarning)
[14:33:37] WARNING: ../src/learner.cc:223: No visible GPU is found, setting `gpu_id` to -1
[14:33:37] WARNING: ../src/learner.cc:1115: Starting in XGBoost 1.3.0, the default evaluation metric used with the objective 'binary:logistic' was changed from 'error' to 'logloss'. Explicitly set eval_metric if you'd like to restore the old behavior.
[I 2023-11-06 14:34:19,477] Trial 23 finished with value: 0.8681987120082608 and parameters: {'n_estimators': 11100, 'max_depth': 6, 'min_child_weight': 7, 'learning_rate': 0.04466047505262828, 'subsample': 0.781569983209823, 'colsample_bytree': 0.10096865539859368, 'reg_alpha': 5.061243829500127, 'reg_lambda': 1.5254891220730222, 'gamma': 0.7999999999999999}. Best is trial 15 with value: 0.8701835792342724.
/home/stepa/.local/lib/python3.6/site-packages/xgboost/sklearn.py:1224: UserWarning: The use of label encoder in XGBClassifier is deprecated and will be removed in a future release. To remove this warning, do the following: 1) Pass option use_label_encoder=False when constructing XGBClassifier object; and 2) Encode your labels (y) as integers starting with 0, i.e. 0, 1, 2, ..., [num_class - 1].
  warnings.warn(label_encoder_deprecation_msg, UserWarning)
[14:34:19] WARNING: ../src/learner.cc:223: No visible GPU is found, setting `gpu_id` to -1
[14:34:19] WARNING: ../src/learner.cc:1115: Starting in XGBoost 1.3.0, the default evaluation metric used with the objective 'binary:logistic' was changed from 'error' to 'logloss'. Explicitly set eval_metric if you'd like to restore the old behavior.
[I 2023-11-06 14:34:56,194] Trial 24 finished with value: 0.8692025969628158 and parameters: {'n_estimators': 10300, 'max_depth': 5, 'min_child_weight': 7, 'learning_rate': 0.015258417076886717, 'subsample': 0.712251383658335, 'colsample_bytree': 0.38798910595938485, 'reg_alpha': 6.63734824951152, 'reg_lambda': 4.938806603637654, 'gamma': 0.7}. Best is trial 15 with value: 0.8701835792342724.
/home/stepa/.local/lib/python3.6/site-packages/xgboost/sklearn.py:1224: UserWarning: The use of label encoder in XGBClassifier is deprecated and will be removed in a future release. To remove this warning, do the following: 1) Pass option use_label_encoder=False when constructing XGBClassifier object; and 2) Encode your labels (y) as integers starting with 0, i.e. 0, 1, 2, ..., [num_class - 1].
  warnings.warn(label_encoder_deprecation_msg, UserWarning)
[14:34:56] WARNING: ../src/learner.cc:223: No visible GPU is found, setting `gpu_id` to -1
[14:34:56] WARNING: ../src/learner.cc:1115: Starting in XGBoost 1.3.0, the default evaluation metric used with the objective 'binary:logistic' was changed from 'error' to 'logloss'. Explicitly set eval_metric if you'd like to restore the old behavior.
[I 2023-11-06 14:35:34,087] Trial 25 finished with value: 0.869845914545245 and parameters: {'n_estimators': 9700, 'max_depth': 6, 'min_child_weight': 7, 'learning_rate': 0.007040996396880546, 'subsample': 0.7409830300113721, 'colsample_bytree': 0.2830395000442935, 'reg_alpha': 3.147597077763635, 'reg_lambda': 3.756722487663292, 'gamma': 0.7999999999999999}. Best is trial 15 with value: 0.8701835792342724.
/home/stepa/.local/lib/python3.6/site-packages/xgboost/sklearn.py:1224: UserWarning: The use of label encoder in XGBClassifier is deprecated and will be removed in a future release. To remove this warning, do the following: 1) Pass option use_label_encoder=False when constructing XGBClassifier object; and 2) Encode your labels (y) as integers starting with 0, i.e. 0, 1, 2, ..., [num_class - 1].
  warnings.warn(label_encoder_deprecation_msg, UserWarning)
[14:35:34] WARNING: ../src/learner.cc:223: No visible GPU is found, setting `gpu_id` to -1
[14:35:34] WARNING: ../src/learner.cc:1115: Starting in XGBoost 1.3.0, the default evaluation metric used with the objective 'binary:logistic' was changed from 'error' to 'logloss'. Explicitly set eval_metric if you'd like to restore the old behavior.
[I 2023-11-06 14:36:16,425] Trial 26 finished with value: 0.8696386852329859 and parameters: {'n_estimators': 9400, 'max_depth': 7, 'min_child_weight': 7, 'learning_rate': 0.0052847810561548365, 'subsample': 0.7303331374146637, 'colsample_bytree': 0.16286075065604644, 'reg_alpha': 3.173488620165808, 'reg_lambda': 3.337895066493506, 'gamma': 0.8999999999999999}. Best is trial 15 with value: 0.8701835792342724.
/home/stepa/.local/lib/python3.6/site-packages/xgboost/sklearn.py:1224: UserWarning: The use of label encoder in XGBClassifier is deprecated and will be removed in a future release. To remove this warning, do the following: 1) Pass option use_label_encoder=False when constructing XGBClassifier object; and 2) Encode your labels (y) as integers starting with 0, i.e. 0, 1, 2, ..., [num_class - 1].
  warnings.warn(label_encoder_deprecation_msg, UserWarning)
[14:36:16] WARNING: ../src/learner.cc:223: No visible GPU is found, setting `gpu_id` to -1
[14:36:16] WARNING: ../src/learner.cc:1115: Starting in XGBoost 1.3.0, the default evaluation metric used with the objective 'binary:logistic' was changed from 'error' to 'logloss'. Explicitly set eval_metric if you'd like to restore the old behavior.
[I 2023-11-06 14:36:58,069] Trial 27 finished with value: 0.8669871560753942 and parameters: {'n_estimators': 8800, 'max_depth': 7, 'min_child_weight': 7, 'learning_rate': 0.0021985481085611287, 'subsample': 0.8098918583339761, 'colsample_bytree': 0.5026694576873706, 'reg_alpha': 2.976234307455099, 'reg_lambda': 4.10508972947595, 'gamma': 0.7999999999999999}. Best is trial 15 with value: 0.8701835792342724.
/home/stepa/.local/lib/python3.6/site-packages/xgboost/sklearn.py:1224: UserWarning: The use of label encoder in XGBClassifier is deprecated and will be removed in a future release. To remove this warning, do the following: 1) Pass option use_label_encoder=False when constructing XGBClassifier object; and 2) Encode your labels (y) as integers starting with 0, i.e. 0, 1, 2, ..., [num_class - 1].
  warnings.warn(label_encoder_deprecation_msg, UserWarning)
[14:36:58] WARNING: ../src/learner.cc:223: No visible GPU is found, setting `gpu_id` to -1
[14:36:58] WARNING: ../src/learner.cc:1115: Starting in XGBoost 1.3.0, the default evaluation metric used with the objective 'binary:logistic' was changed from 'error' to 'logloss'. Explicitly set eval_metric if you'd like to restore the old behavior.
[I 2023-11-06 14:37:36,864] Trial 28 finished with value: 0.8700183701501825 and parameters: {'n_estimators': 9700, 'max_depth': 6, 'min_child_weight': 7, 'learning_rate': 0.00641505978331463, 'subsample': 0.7047692794675953, 'colsample_bytree': 0.22465807761043793, 'reg_alpha': 4.391165500750834, 'reg_lambda': 0.8146261462882354, 'gamma': 0.7}. Best is trial 15 with value: 0.8701835792342724.
/home/stepa/.local/lib/python3.6/site-packages/xgboost/sklearn.py:1224: UserWarning: The use of label encoder in XGBClassifier is deprecated and will be removed in a future release. To remove this warning, do the following: 1) Pass option use_label_encoder=False when constructing XGBClassifier object; and 2) Encode your labels (y) as integers starting with 0, i.e. 0, 1, 2, ..., [num_class - 1].
  warnings.warn(label_encoder_deprecation_msg, UserWarning)
[14:37:36] WARNING: ../src/learner.cc:223: No visible GPU is found, setting `gpu_id` to -1
[14:37:36] WARNING: ../src/learner.cc:1115: Starting in XGBoost 1.3.0, the default evaluation metric used with the objective 'binary:logistic' was changed from 'error' to 'logloss'. Explicitly set eval_metric if you'd like to restore the old behavior.
[I 2023-11-06 14:38:13,870] Trial 29 finished with value: 0.8586447997977146 and parameters: {'n_estimators': 11100, 'max_depth': 4, 'min_child_weight': 7, 'learning_rate': 0.001096800452562924, 'subsample': 0.7121535031768329, 'colsample_bytree': 0.22799123296098528, 'reg_alpha': 4.550909869607526, 'reg_lambda': 0.6816892565296788, 'gamma': 0.7}. Best is trial 15 with value: 0.8701835792342724.
/home/stepa/.local/lib/python3.6/site-packages/xgboost/sklearn.py:1224: UserWarning: The use of label encoder in XGBClassifier is deprecated and will be removed in a future release. To remove this warning, do the following: 1) Pass option use_label_encoder=False when constructing XGBClassifier object; and 2) Encode your labels (y) as integers starting with 0, i.e. 0, 1, 2, ..., [num_class - 1].
  warnings.warn(label_encoder_deprecation_msg, UserWarning)
[14:38:13] WARNING: ../src/learner.cc:223: No visible GPU is found, setting `gpu_id` to -1
[14:38:13] WARNING: ../src/learner.cc:1115: Starting in XGBoost 1.3.0, the default evaluation metric used with the objective 'binary:logistic' was changed from 'error' to 'logloss'. Explicitly set eval_metric if you'd like to restore the old behavior.
[I 2023-11-06 14:39:02,398] Trial 30 finished with value: 0.8588523108969124 and parameters: {'n_estimators': 8200, 'max_depth': 8, 'min_child_weight': 7, 'learning_rate': 0.03277448566809802, 'subsample': 0.7030446526197693, 'colsample_bytree': 0.6258071898730098, 'reg_alpha': 5.6318327376652295, 'reg_lambda': 2.0553461138912237, 'gamma': 0.7}. Best is trial 15 with value: 0.8701835792342724.
/home/stepa/.local/lib/python3.6/site-packages/xgboost/sklearn.py:1224: UserWarning: The use of label encoder in XGBClassifier is deprecated and will be removed in a future release. To remove this warning, do the following: 1) Pass option use_label_encoder=False when constructing XGBClassifier object; and 2) Encode your labels (y) as integers starting with 0, i.e. 0, 1, 2, ..., [num_class - 1].
  warnings.warn(label_encoder_deprecation_msg, UserWarning)
[14:39:02] WARNING: ../src/learner.cc:223: No visible GPU is found, setting `gpu_id` to -1
[14:39:02] WARNING: ../src/learner.cc:1115: Starting in XGBoost 1.3.0, the default evaluation metric used with the objective 'binary:logistic' was changed from 'error' to 'logloss'. Explicitly set eval_metric if you'd like to restore the old behavior.
[I 2023-11-06 14:39:40,136] Trial 31 finished with value: 0.8700700870466234 and parameters: {'n_estimators': 9800, 'max_depth': 6, 'min_child_weight': 7, 'learning_rate': 0.00714518833182924, 'subsample': 0.7463862996386136, 'colsample_bytree': 0.24285319795446192, 'reg_alpha': 2.2323413445552425, 'reg_lambda': 1.870865895889367, 'gamma': 0.7999999999999999}. Best is trial 15 with value: 0.8701835792342724.
/home/stepa/.local/lib/python3.6/site-packages/xgboost/sklearn.py:1224: UserWarning: The use of label encoder in XGBClassifier is deprecated and will be removed in a future release. To remove this warning, do the following: 1) Pass option use_label_encoder=False when constructing XGBClassifier object; and 2) Encode your labels (y) as integers starting with 0, i.e. 0, 1, 2, ..., [num_class - 1].
  warnings.warn(label_encoder_deprecation_msg, UserWarning)
[14:39:40] WARNING: ../src/learner.cc:223: No visible GPU is found, setting `gpu_id` to -1
[14:39:40] WARNING: ../src/learner.cc:1115: Starting in XGBoost 1.3.0, the default evaluation metric used with the objective 'binary:logistic' was changed from 'error' to 'logloss'. Explicitly set eval_metric if you'd like to restore the old behavior.
[I 2023-11-06 14:40:15,511] Trial 32 finished with value: 0.8692589823293889 and parameters: {'n_estimators': 9000, 'max_depth': 6, 'min_child_weight': 7, 'learning_rate': 0.0047720285841276, 'subsample': 0.700169815830698, 'colsample_bytree': 0.2259255049158134, 'reg_alpha': 2.208545913809056, 'reg_lambda': 0.8710001047221936, 'gamma': 0.7}. Best is trial 15 with value: 0.8701835792342724.
/home/stepa/.local/lib/python3.6/site-packages/xgboost/sklearn.py:1224: UserWarning: The use of label encoder in XGBClassifier is deprecated and will be removed in a future release. To remove this warning, do the following: 1) Pass option use_label_encoder=False when constructing XGBClassifier object; and 2) Encode your labels (y) as integers starting with 0, i.e. 0, 1, 2, ..., [num_class - 1].
  warnings.warn(label_encoder_deprecation_msg, UserWarning)
[14:40:15] WARNING: ../src/learner.cc:223: No visible GPU is found, setting `gpu_id` to -1
[14:40:15] WARNING: ../src/learner.cc:1115: Starting in XGBoost 1.3.0, the default evaluation metric used with the objective 'binary:logistic' was changed from 'error' to 'logloss'. Explicitly set eval_metric if you'd like to restore the old behavior.
[I 2023-11-06 14:41:03,908] Trial 33 finished with value: 0.8677916757716156 and parameters: {'n_estimators': 10300, 'max_depth': 7, 'min_child_weight': 7, 'learning_rate': 0.00226149408618629, 'subsample': 0.7495417555367239, 'colsample_bytree': 0.4205233831315516, 'reg_alpha': 3.909870086525065, 'reg_lambda': 1.6557035943365208, 'gamma': 0.7999999999999999}. Best is trial 15 with value: 0.8701835792342724.
/home/stepa/.local/lib/python3.6/site-packages/xgboost/sklearn.py:1224: UserWarning: The use of label encoder in XGBClassifier is deprecated and will be removed in a future release. To remove this warning, do the following: 1) Pass option use_label_encoder=False when constructing XGBClassifier object; and 2) Encode your labels (y) as integers starting with 0, i.e. 0, 1, 2, ..., [num_class - 1].
  warnings.warn(label_encoder_deprecation_msg, UserWarning)
[14:41:03] WARNING: ../src/learner.cc:223: No visible GPU is found, setting `gpu_id` to -1
[14:41:03] WARNING: ../src/learner.cc:1115: Starting in XGBoost 1.3.0, the default evaluation metric used with the objective 'binary:logistic' was changed from 'error' to 'logloss'. Explicitly set eval_metric if you'd like to restore the old behavior.
[I 2023-11-06 14:41:39,397] Trial 34 finished with value: 0.8688368994696158 and parameters: {'n_estimators': 9500, 'max_depth': 6, 'min_child_weight': 7, 'learning_rate': 0.011406102130763804, 'subsample': 0.7777281707524824, 'colsample_bytree': 0.34087456974164704, 'reg_alpha': 0.6906005117542884, 'reg_lambda': 0.01158707996060511, 'gamma': 0.8999999999999999}. Best is trial 15 with value: 0.8701835792342724.
/home/stepa/.local/lib/python3.6/site-packages/xgboost/sklearn.py:1224: UserWarning: The use of label encoder in XGBClassifier is deprecated and will be removed in a future release. To remove this warning, do the following: 1) Pass option use_label_encoder=False when constructing XGBClassifier object; and 2) Encode your labels (y) as integers starting with 0, i.e. 0, 1, 2, ..., [num_class - 1].
  warnings.warn(label_encoder_deprecation_msg, UserWarning)
[14:41:39] WARNING: ../src/learner.cc:223: No visible GPU is found, setting `gpu_id` to -1
[14:41:39] WARNING: ../src/learner.cc:1115: Starting in XGBoost 1.3.0, the default evaluation metric used with the objective 'binary:logistic' was changed from 'error' to 'logloss'. Explicitly set eval_metric if you'd like to restore the old behavior.
[I 2023-11-06 14:42:15,872] Trial 35 finished with value: 0.8692790971204344 and parameters: {'n_estimators': 10500, 'max_depth': 5, 'min_child_weight': 8, 'learning_rate': 0.007415696702803031, 'subsample': 0.7214843586634494, 'colsample_bytree': 0.16270743749576233, 'reg_alpha': 4.562663058032283, 'reg_lambda': 2.6745064017082614, 'gamma': 0.8999999999999999}. Best is trial 15 with value: 0.8701835792342724.
/home/stepa/.local/lib/python3.6/site-packages/xgboost/sklearn.py:1224: UserWarning: The use of label encoder in XGBClassifier is deprecated and will be removed in a future release. To remove this warning, do the following: 1) Pass option use_label_encoder=False when constructing XGBClassifier object; and 2) Encode your labels (y) as integers starting with 0, i.e. 0, 1, 2, ..., [num_class - 1].
  warnings.warn(label_encoder_deprecation_msg, UserWarning)
[14:42:15] WARNING: ../src/learner.cc:223: No visible GPU is found, setting `gpu_id` to -1
[14:42:15] WARNING: ../src/learner.cc:1115: Starting in XGBoost 1.3.0, the default evaluation metric used with the objective 'binary:logistic' was changed from 'error' to 'logloss'. Explicitly set eval_metric if you'd like to restore the old behavior.
