[I 2023-11-06 18:10:24,815] Trial 414 finished with value: 0.8630161345965024 and parameters: {'n_estimators': 9700, 'max_depth': 6, 'min_child_weight': 8, 'learning_rate': 0.031077394302096908, 'subsample': 0.9755515288957475, 'colsample_bytree': 0.780193279927471, 'reg_alpha': 4.366881788319389, 'reg_lambda': 7.0407334865316304, 'gamma': 0.8999999999999999}. Best is trial 342 with value: 0.8708947894825139.
/home/stepa/.local/lib/python3.6/site-packages/xgboost/sklearn.py:1224: UserWarning: The use of label encoder in XGBClassifier is deprecated and will be removed in a future release. To remove this warning, do the following: 1) Pass option use_label_encoder=False when constructing XGBClassifier object; and 2) Encode your labels (y) as integers starting with 0, i.e. 0, 1, 2, ..., [num_class - 1].
  warnings.warn(label_encoder_deprecation_msg, UserWarning)
[18:10:24] WARNING: ../src/learner.cc:223: No visible GPU is found, setting `gpu_id` to -1
[18:10:24] WARNING: ../src/learner.cc:1115: Starting in XGBoost 1.3.0, the default evaluation metric used with the objective 'binary:logistic' was changed from 'error' to 'logloss'. Explicitly set eval_metric if you'd like to restore the old behavior.
[I 2023-11-06 18:10:56,641] Trial 415 finished with value: 0.8702578171024264 and parameters: {'n_estimators': 8500, 'max_depth': 6, 'min_child_weight': 8, 'learning_rate': 0.026084505767323896, 'subsample': 0.9997110875965804, 'colsample_bytree': 0.13557881830291457, 'reg_alpha': 7.638115192071675, 'reg_lambda': 6.834349992890653, 'gamma': 0.8999999999999999}. Best is trial 342 with value: 0.8708947894825139.
/home/stepa/.local/lib/python3.6/site-packages/xgboost/sklearn.py:1224: UserWarning: The use of label encoder in XGBClassifier is deprecated and will be removed in a future release. To remove this warning, do the following: 1) Pass option use_label_encoder=False when constructing XGBClassifier object; and 2) Encode your labels (y) as integers starting with 0, i.e. 0, 1, 2, ..., [num_class - 1].
  warnings.warn(label_encoder_deprecation_msg, UserWarning)
[18:10:56] WARNING: ../src/learner.cc:223: No visible GPU is found, setting `gpu_id` to -1
[18:10:56] WARNING: ../src/learner.cc:1115: Starting in XGBoost 1.3.0, the default evaluation metric used with the objective 'binary:logistic' was changed from 'error' to 'logloss'. Explicitly set eval_metric if you'd like to restore the old behavior.
[I 2023-11-06 18:11:31,394] Trial 416 finished with value: 0.8704808544620943 and parameters: {'n_estimators': 9400, 'max_depth': 6, 'min_child_weight': 8, 'learning_rate': 0.021954672448883692, 'subsample': 0.9891618710540415, 'colsample_bytree': 0.1497061699650497, 'reg_alpha': 5.209428208229657, 'reg_lambda': 6.743056165356369, 'gamma': 0.8999999999999999}. Best is trial 342 with value: 0.8708947894825139.
/home/stepa/.local/lib/python3.6/site-packages/xgboost/sklearn.py:1224: UserWarning: The use of label encoder in XGBClassifier is deprecated and will be removed in a future release. To remove this warning, do the following: 1) Pass option use_label_encoder=False when constructing XGBClassifier object; and 2) Encode your labels (y) as integers starting with 0, i.e. 0, 1, 2, ..., [num_class - 1].
  warnings.warn(label_encoder_deprecation_msg, UserWarning)
[18:11:31] WARNING: ../src/learner.cc:223: No visible GPU is found, setting `gpu_id` to -1
[18:11:31] WARNING: ../src/learner.cc:1115: Starting in XGBoost 1.3.0, the default evaluation metric used with the objective 'binary:logistic' was changed from 'error' to 'logloss'. Explicitly set eval_metric if you'd like to restore the old behavior.
[I 2023-11-06 18:12:02,537] Trial 417 finished with value: 0.8703369552654281 and parameters: {'n_estimators': 8600, 'max_depth': 6, 'min_child_weight': 8, 'learning_rate': 0.021420738527030934, 'subsample': 0.9774765761615342, 'colsample_bytree': 0.11428802697693367, 'reg_alpha': 4.002379712012678, 'reg_lambda': 7.135629416835186, 'gamma': 0.7}. Best is trial 342 with value: 0.8708947894825139.
/home/stepa/.local/lib/python3.6/site-packages/xgboost/sklearn.py:1224: UserWarning: The use of label encoder in XGBClassifier is deprecated and will be removed in a future release. To remove this warning, do the following: 1) Pass option use_label_encoder=False when constructing XGBClassifier object; and 2) Encode your labels (y) as integers starting with 0, i.e. 0, 1, 2, ..., [num_class - 1].
  warnings.warn(label_encoder_deprecation_msg, UserWarning)
[18:12:02] WARNING: ../src/learner.cc:223: No visible GPU is found, setting `gpu_id` to -1
[18:12:02] WARNING: ../src/learner.cc:1115: Starting in XGBoost 1.3.0, the default evaluation metric used with the objective 'binary:logistic' was changed from 'error' to 'logloss'. Explicitly set eval_metric if you'd like to restore the old behavior.
[I 2023-11-06 18:12:31,643] Trial 418 finished with value: 0.8708987165132547 and parameters: {'n_estimators': 9000, 'max_depth': 5, 'min_child_weight': 8, 'learning_rate': 0.019925100564174642, 'subsample': 0.9833606080473388, 'colsample_bytree': 0.15072571696817483, 'reg_alpha': 3.7747417859109538, 'reg_lambda': 6.927397684989897, 'gamma': 0.8999999999999999}. Best is trial 418 with value: 0.8708987165132547.
/home/stepa/.local/lib/python3.6/site-packages/xgboost/sklearn.py:1224: UserWarning: The use of label encoder in XGBClassifier is deprecated and will be removed in a future release. To remove this warning, do the following: 1) Pass option use_label_encoder=False when constructing XGBClassifier object; and 2) Encode your labels (y) as integers starting with 0, i.e. 0, 1, 2, ..., [num_class - 1].
  warnings.warn(label_encoder_deprecation_msg, UserWarning)
[18:12:31] WARNING: ../src/learner.cc:223: No visible GPU is found, setting `gpu_id` to -1
[18:12:31] WARNING: ../src/learner.cc:1115: Starting in XGBoost 1.3.0, the default evaluation metric used with the objective 'binary:logistic' was changed from 'error' to 'logloss'. Explicitly set eval_metric if you'd like to restore the old behavior.
[I 2023-11-06 18:13:00,569] Trial 419 finished with value: 0.8706310409049234 and parameters: {'n_estimators': 9000, 'max_depth': 5, 'min_child_weight': 8, 'learning_rate': 0.018612735464099583, 'subsample': 0.9929282647694112, 'colsample_bytree': 0.1626822783725459, 'reg_alpha': 3.342575516363634, 'reg_lambda': 7.012644800819759, 'gamma': 0.8999999999999999}. Best is trial 418 with value: 0.8708987165132547.
/home/stepa/.local/lib/python3.6/site-packages/xgboost/sklearn.py:1224: UserWarning: The use of label encoder in XGBClassifier is deprecated and will be removed in a future release. To remove this warning, do the following: 1) Pass option use_label_encoder=False when constructing XGBClassifier object; and 2) Encode your labels (y) as integers starting with 0, i.e. 0, 1, 2, ..., [num_class - 1].
  warnings.warn(label_encoder_deprecation_msg, UserWarning)
[18:13:00] WARNING: ../src/learner.cc:223: No visible GPU is found, setting `gpu_id` to -1
[18:13:00] WARNING: ../src/learner.cc:1115: Starting in XGBoost 1.3.0, the default evaluation metric used with the objective 'binary:logistic' was changed from 'error' to 'logloss'. Explicitly set eval_metric if you'd like to restore the old behavior.
[I 2023-11-06 18:13:26,263] Trial 420 finished with value: 0.8700055118724292 and parameters: {'n_estimators': 9000, 'max_depth': 4, 'min_child_weight': 8, 'learning_rate': 0.018302582207256748, 'subsample': 0.9853132083188139, 'colsample_bytree': 0.13104706509323025, 'reg_alpha': 3.7165020581308643, 'reg_lambda': 7.389355624622865, 'gamma': 0.8999999999999999}. Best is trial 418 with value: 0.8708987165132547.
/home/stepa/.local/lib/python3.6/site-packages/xgboost/sklearn.py:1224: UserWarning: The use of label encoder in XGBClassifier is deprecated and will be removed in a future release. To remove this warning, do the following: 1) Pass option use_label_encoder=False when constructing XGBClassifier object; and 2) Encode your labels (y) as integers starting with 0, i.e. 0, 1, 2, ..., [num_class - 1].
  warnings.warn(label_encoder_deprecation_msg, UserWarning)
[18:13:26] WARNING: ../src/learner.cc:223: No visible GPU is found, setting `gpu_id` to -1
[18:13:26] WARNING: ../src/learner.cc:1115: Starting in XGBoost 1.3.0, the default evaluation metric used with the objective 'binary:logistic' was changed from 'error' to 'logloss'. Explicitly set eval_metric if you'd like to restore the old behavior.
[I 2023-11-06 18:13:53,712] Trial 421 finished with value: 0.8688356883853264 and parameters: {'n_estimators': 9200, 'max_depth': 4, 'min_child_weight': 8, 'learning_rate': 0.0160098673523016, 'subsample': 0.9820734984671924, 'colsample_bytree': 0.10002389688134017, 'reg_alpha': 3.69323006989842, 'reg_lambda': 7.7170042974086055, 'gamma': 0.8999999999999999}. Best is trial 418 with value: 0.8708987165132547.
/home/stepa/.local/lib/python3.6/site-packages/xgboost/sklearn.py:1224: UserWarning: The use of label encoder in XGBClassifier is deprecated and will be removed in a future release. To remove this warning, do the following: 1) Pass option use_label_encoder=False when constructing XGBClassifier object; and 2) Encode your labels (y) as integers starting with 0, i.e. 0, 1, 2, ..., [num_class - 1].
  warnings.warn(label_encoder_deprecation_msg, UserWarning)
[18:13:53] WARNING: ../src/learner.cc:223: No visible GPU is found, setting `gpu_id` to -1
[18:13:53] WARNING: ../src/learner.cc:1115: Starting in XGBoost 1.3.0, the default evaluation metric used with the objective 'binary:logistic' was changed from 'error' to 'logloss'. Explicitly set eval_metric if you'd like to restore the old behavior.
[I 2023-11-06 18:14:22,241] Trial 422 finished with value: 0.8701685246171887 and parameters: {'n_estimators': 8900, 'max_depth': 5, 'min_child_weight': 8, 'learning_rate': 0.0363769766333907, 'subsample': 0.98845958841524, 'colsample_bytree': 0.1691575931881144, 'reg_alpha': 3.9061420656239236, 'reg_lambda': 7.269493683363188, 'gamma': 0.8999999999999999}. Best is trial 418 with value: 0.8708987165132547.
/home/stepa/.local/lib/python3.6/site-packages/xgboost/sklearn.py:1224: UserWarning: The use of label encoder in XGBClassifier is deprecated and will be removed in a future release. To remove this warning, do the following: 1) Pass option use_label_encoder=False when constructing XGBClassifier object; and 2) Encode your labels (y) as integers starting with 0, i.e. 0, 1, 2, ..., [num_class - 1].
  warnings.warn(label_encoder_deprecation_msg, UserWarning)
[18:14:22] WARNING: ../src/learner.cc:223: No visible GPU is found, setting `gpu_id` to -1
[18:14:22] WARNING: ../src/learner.cc:1115: Starting in XGBoost 1.3.0, the default evaluation metric used with the objective 'binary:logistic' was changed from 'error' to 'logloss'. Explicitly set eval_metric if you'd like to restore the old behavior.
[I 2023-11-06 18:15:00,076] Trial 423 finished with value: 0.8700266738716722 and parameters: {'n_estimators': 9100, 'max_depth': 7, 'min_child_weight': 8, 'learning_rate': 0.020154976670615308, 'subsample': 0.9700167014879829, 'colsample_bytree': 0.14741840447970028, 'reg_alpha': 4.21620331049867, 'reg_lambda': 9.377500008238046, 'gamma': 0.8999999999999999}. Best is trial 418 with value: 0.8708987165132547.
/home/stepa/.local/lib/python3.6/site-packages/xgboost/sklearn.py:1224: UserWarning: The use of label encoder in XGBClassifier is deprecated and will be removed in a future release. To remove this warning, do the following: 1) Pass option use_label_encoder=False when constructing XGBClassifier object; and 2) Encode your labels (y) as integers starting with 0, i.e. 0, 1, 2, ..., [num_class - 1].
  warnings.warn(label_encoder_deprecation_msg, UserWarning)
[18:15:00] WARNING: ../src/learner.cc:223: No visible GPU is found, setting `gpu_id` to -1
[18:15:00] WARNING: ../src/learner.cc:1115: Starting in XGBoost 1.3.0, the default evaluation metric used with the objective 'binary:logistic' was changed from 'error' to 'logloss'. Explicitly set eval_metric if you'd like to restore the old behavior.
[I 2023-11-06 18:15:30,778] Trial 424 finished with value: 0.8699567527395995 and parameters: {'n_estimators': 9100, 'max_depth': 5, 'min_child_weight': 8, 'learning_rate': 0.01726631748056966, 'subsample': 0.740112464981865, 'colsample_bytree': 0.12784903095196404, 'reg_alpha': 3.863758121152651, 'reg_lambda': 6.68633752334129, 'gamma': 0.8999999999999999}. Best is trial 418 with value: 0.8708987165132547.
/home/stepa/.local/lib/python3.6/site-packages/xgboost/sklearn.py:1224: UserWarning: The use of label encoder in XGBClassifier is deprecated and will be removed in a future release. To remove this warning, do the following: 1) Pass option use_label_encoder=False when constructing XGBClassifier object; and 2) Encode your labels (y) as integers starting with 0, i.e. 0, 1, 2, ..., [num_class - 1].
  warnings.warn(label_encoder_deprecation_msg, UserWarning)
[18:15:30] WARNING: ../src/learner.cc:223: No visible GPU is found, setting `gpu_id` to -1
[18:15:30] WARNING: ../src/learner.cc:1115: Starting in XGBoost 1.3.0, the default evaluation metric used with the objective 'binary:logistic' was changed from 'error' to 'logloss'. Explicitly set eval_metric if you'd like to restore the old behavior.
[I 2023-11-06 18:15:59,876] Trial 425 finished with value: 0.8704623284697453 and parameters: {'n_estimators': 8900, 'max_depth': 5, 'min_child_weight': 8, 'learning_rate': 0.01461356134089456, 'subsample': 0.9793068051763556, 'colsample_bytree': 0.20085749955995158, 'reg_alpha': 4.057970674503215, 'reg_lambda': 8.12475120599367, 'gamma': 0.8999999999999999}. Best is trial 418 with value: 0.8708987165132547.
/home/stepa/.local/lib/python3.6/site-packages/xgboost/sklearn.py:1224: UserWarning: The use of label encoder in XGBClassifier is deprecated and will be removed in a future release. To remove this warning, do the following: 1) Pass option use_label_encoder=False when constructing XGBClassifier object; and 2) Encode your labels (y) as integers starting with 0, i.e. 0, 1, 2, ..., [num_class - 1].
  warnings.warn(label_encoder_deprecation_msg, UserWarning)
[18:15:59] WARNING: ../src/learner.cc:223: No visible GPU is found, setting `gpu_id` to -1
[18:15:59] WARNING: ../src/learner.cc:1115: Starting in XGBoost 1.3.0, the default evaluation metric used with the objective 'binary:logistic' was changed from 'error' to 'logloss'. Explicitly set eval_metric if you'd like to restore the old behavior.
[I 2023-11-06 18:16:37,240] Trial 426 finished with value: 0.8694731643846235 and parameters: {'n_estimators': 9000, 'max_depth': 7, 'min_child_weight': 8, 'learning_rate': 0.02432135295766538, 'subsample': 0.9944859982367026, 'colsample_bytree': 0.16838475916542262, 'reg_alpha': 4.742924857358915, 'reg_lambda': 6.942083827126727, 'gamma': 0.8999999999999999}. Best is trial 418 with value: 0.8708987165132547.
/home/stepa/.local/lib/python3.6/site-packages/xgboost/sklearn.py:1224: UserWarning: The use of label encoder in XGBClassifier is deprecated and will be removed in a future release. To remove this warning, do the following: 1) Pass option use_label_encoder=False when constructing XGBClassifier object; and 2) Encode your labels (y) as integers starting with 0, i.e. 0, 1, 2, ..., [num_class - 1].
  warnings.warn(label_encoder_deprecation_msg, UserWarning)
[18:16:37] WARNING: ../src/learner.cc:223: No visible GPU is found, setting `gpu_id` to -1
[18:16:37] WARNING: ../src/learner.cc:1115: Starting in XGBoost 1.3.0, the default evaluation metric used with the objective 'binary:logistic' was changed from 'error' to 'logloss'. Explicitly set eval_metric if you'd like to restore the old behavior.
[I 2023-11-06 18:17:10,384] Trial 427 finished with value: 0.870634564240901 and parameters: {'n_estimators': 8900, 'max_depth': 6, 'min_child_weight': 8, 'learning_rate': 0.016969955763968633, 'subsample': 0.9599091828963399, 'colsample_bytree': 0.15033336168009565, 'reg_alpha': 3.4731253304356127, 'reg_lambda': 7.569917863252087, 'gamma': 0.8999999999999999}. Best is trial 418 with value: 0.8708987165132547.
/home/stepa/.local/lib/python3.6/site-packages/xgboost/sklearn.py:1224: UserWarning: The use of label encoder in XGBClassifier is deprecated and will be removed in a future release. To remove this warning, do the following: 1) Pass option use_label_encoder=False when constructing XGBClassifier object; and 2) Encode your labels (y) as integers starting with 0, i.e. 0, 1, 2, ..., [num_class - 1].
  warnings.warn(label_encoder_deprecation_msg, UserWarning)
[18:17:10] WARNING: ../src/learner.cc:223: No visible GPU is found, setting `gpu_id` to -1
[18:17:10] WARNING: ../src/learner.cc:1115: Starting in XGBoost 1.3.0, the default evaluation metric used with the objective 'binary:logistic' was changed from 'error' to 'logloss'. Explicitly set eval_metric if you'd like to restore the old behavior.
[I 2023-11-06 18:17:37,622] Trial 428 finished with value: 0.8695091152019229 and parameters: {'n_estimators': 9300, 'max_depth': 4, 'min_child_weight': 8, 'learning_rate': 0.019763405792191522, 'subsample': 0.9828546203259643, 'colsample_bytree': 0.12643238371340962, 'reg_alpha': 5.060540280807399, 'reg_lambda': 7.102133138977022, 'gamma': 0.8999999999999999}. Best is trial 418 with value: 0.8708987165132547.
/home/stepa/.local/lib/python3.6/site-packages/xgboost/sklearn.py:1224: UserWarning: The use of label encoder in XGBClassifier is deprecated and will be removed in a future release. To remove this warning, do the following: 1) Pass option use_label_encoder=False when constructing XGBClassifier object; and 2) Encode your labels (y) as integers starting with 0, i.e. 0, 1, 2, ..., [num_class - 1].
  warnings.warn(label_encoder_deprecation_msg, UserWarning)
[18:17:37] WARNING: ../src/learner.cc:223: No visible GPU is found, setting `gpu_id` to -1
[18:17:37] WARNING: ../src/learner.cc:1115: Starting in XGBoost 1.3.0, the default evaluation metric used with the objective 'binary:logistic' was changed from 'error' to 'logloss'. Explicitly set eval_metric if you'd like to restore the old behavior.
[I 2023-11-06 18:18:06,776] Trial 429 finished with value: 0.8705169531675744 and parameters: {'n_estimators': 8800, 'max_depth': 5, 'min_child_weight': 8, 'learning_rate': 0.014584617543796632, 'subsample': 0.9702793097716444, 'colsample_bytree': 0.17605032622373346, 'reg_alpha': 4.595304146396495, 'reg_lambda': 9.98385404614728, 'gamma': 0.8999999999999999}. Best is trial 418 with value: 0.8708987165132547.
/home/stepa/.local/lib/python3.6/site-packages/xgboost/sklearn.py:1224: UserWarning: The use of label encoder in XGBClassifier is deprecated and will be removed in a future release. To remove this warning, do the following: 1) Pass option use_label_encoder=False when constructing XGBClassifier object; and 2) Encode your labels (y) as integers starting with 0, i.e. 0, 1, 2, ..., [num_class - 1].
  warnings.warn(label_encoder_deprecation_msg, UserWarning)
[18:18:06] WARNING: ../src/learner.cc:223: No visible GPU is found, setting `gpu_id` to -1
[18:18:06] WARNING: ../src/learner.cc:1115: Starting in XGBoost 1.3.0, the default evaluation metric used with the objective 'binary:logistic' was changed from 'error' to 'logloss'. Explicitly set eval_metric if you'd like to restore the old behavior.
[I 2023-11-06 18:18:40,319] Trial 430 finished with value: 0.8675774917178922 and parameters: {'n_estimators': 10000, 'max_depth': 5, 'min_child_weight': 8, 'learning_rate': 0.015560654961476038, 'subsample': 0.9629192351307555, 'colsample_bytree': 0.9917425219223905, 'reg_alpha': 3.8275934324242487, 'reg_lambda': 8.355172780871971, 'gamma': 0.8999999999999999}. Best is trial 418 with value: 0.8708987165132547.
/home/stepa/.local/lib/python3.6/site-packages/xgboost/sklearn.py:1224: UserWarning: The use of label encoder in XGBClassifier is deprecated and will be removed in a future release. To remove this warning, do the following: 1) Pass option use_label_encoder=False when constructing XGBClassifier object; and 2) Encode your labels (y) as integers starting with 0, i.e. 0, 1, 2, ..., [num_class - 1].
  warnings.warn(label_encoder_deprecation_msg, UserWarning)
[18:18:40] WARNING: ../src/learner.cc:223: No visible GPU is found, setting `gpu_id` to -1
[18:18:40] WARNING: ../src/learner.cc:1115: Starting in XGBoost 1.3.0, the default evaluation metric used with the objective 'binary:logistic' was changed from 'error' to 'logloss'. Explicitly set eval_metric if you'd like to restore the old behavior.
[I 2023-11-06 18:19:15,037] Trial 431 finished with value: 0.870081470439549 and parameters: {'n_estimators': 9300, 'max_depth': 6, 'min_child_weight': 8, 'learning_rate': 0.022566546358853135, 'subsample': 0.9545394448991625, 'colsample_bytree': 0.15856387033116756, 'reg_alpha': 4.14021352756641, 'reg_lambda': 6.637378667842283, 'gamma': 0.8999999999999999}. Best is trial 418 with value: 0.8708987165132547.
/home/stepa/.local/lib/python3.6/site-packages/xgboost/sklearn.py:1224: UserWarning: The use of label encoder in XGBClassifier is deprecated and will be removed in a future release. To remove this warning, do the following: 1) Pass option use_label_encoder=False when constructing XGBClassifier object; and 2) Encode your labels (y) as integers starting with 0, i.e. 0, 1, 2, ..., [num_class - 1].
  warnings.warn(label_encoder_deprecation_msg, UserWarning)
[18:19:15] WARNING: ../src/learner.cc:223: No visible GPU is found, setting `gpu_id` to -1
[18:19:15] WARNING: ../src/learner.cc:1115: Starting in XGBoost 1.3.0, the default evaluation metric used with the objective 'binary:logistic' was changed from 'error' to 'logloss'. Explicitly set eval_metric if you'd like to restore the old behavior.
