[I 2023-11-06 16:02:51,458] Trial 180 finished with value: 0.8700777692380569 and parameters: {'n_estimators': 8000, 'max_depth': 6, 'min_child_weight': 7, 'learning_rate': 0.01560388464074931, 'subsample': 0.9372267202589517, 'colsample_bytree': 0.2774616208375372, 'reg_alpha': 3.131313293271011, 'reg_lambda': 5.998346006150871, 'gamma': 0.8999999999999999}. Best is trial 74 with value: 0.8707075030912526.
/home/stepa/.local/lib/python3.6/site-packages/xgboost/sklearn.py:1224: UserWarning: The use of label encoder in XGBClassifier is deprecated and will be removed in a future release. To remove this warning, do the following: 1) Pass option use_label_encoder=False when constructing XGBClassifier object; and 2) Encode your labels (y) as integers starting with 0, i.e. 0, 1, 2, ..., [num_class - 1].
  warnings.warn(label_encoder_deprecation_msg, UserWarning)
[16:02:51] WARNING: ../src/learner.cc:223: No visible GPU is found, setting `gpu_id` to -1
[16:02:51] WARNING: ../src/learner.cc:1115: Starting in XGBoost 1.3.0, the default evaluation metric used with the objective 'binary:logistic' was changed from 'error' to 'logloss'. Explicitly set eval_metric if you'd like to restore the old behavior.
[I 2023-11-06 16:03:26,703] Trial 181 finished with value: 0.822274459702823 and parameters: {'n_estimators': 8300, 'max_depth': 6, 'min_child_weight': 7, 'learning_rate': 0.0001099015045254212, 'subsample': 0.9591750788332021, 'colsample_bytree': 0.15572662399724876, 'reg_alpha': 3.0269583894476813, 'reg_lambda': 6.330109634985792, 'gamma': 0.8999999999999999}. Best is trial 74 with value: 0.8707075030912526.
/home/stepa/.local/lib/python3.6/site-packages/xgboost/sklearn.py:1224: UserWarning: The use of label encoder in XGBClassifier is deprecated and will be removed in a future release. To remove this warning, do the following: 1) Pass option use_label_encoder=False when constructing XGBClassifier object; and 2) Encode your labels (y) as integers starting with 0, i.e. 0, 1, 2, ..., [num_class - 1].
  warnings.warn(label_encoder_deprecation_msg, UserWarning)
[16:03:26] WARNING: ../src/learner.cc:223: No visible GPU is found, setting `gpu_id` to -1
[16:03:26] WARNING: ../src/learner.cc:1115: Starting in XGBoost 1.3.0, the default evaluation metric used with the objective 'binary:logistic' was changed from 'error' to 'logloss'. Explicitly set eval_metric if you'd like to restore the old behavior.
[I 2023-11-06 16:03:56,681] Trial 182 finished with value: 0.870634098592981 and parameters: {'n_estimators': 8200, 'max_depth': 6, 'min_child_weight': 7, 'learning_rate': 0.013967213722542827, 'subsample': 0.9746684786216201, 'colsample_bytree': 0.1858649862832459, 'reg_alpha': 2.5968811415640465, 'reg_lambda': 5.411796948916408, 'gamma': 0.8999999999999999}. Best is trial 74 with value: 0.8707075030912526.
/home/stepa/.local/lib/python3.6/site-packages/xgboost/sklearn.py:1224: UserWarning: The use of label encoder in XGBClassifier is deprecated and will be removed in a future release. To remove this warning, do the following: 1) Pass option use_label_encoder=False when constructing XGBClassifier object; and 2) Encode your labels (y) as integers starting with 0, i.e. 0, 1, 2, ..., [num_class - 1].
  warnings.warn(label_encoder_deprecation_msg, UserWarning)
[16:03:56] WARNING: ../src/learner.cc:223: No visible GPU is found, setting `gpu_id` to -1
[16:03:56] WARNING: ../src/learner.cc:1115: Starting in XGBoost 1.3.0, the default evaluation metric used with the objective 'binary:logistic' was changed from 'error' to 'logloss'. Explicitly set eval_metric if you'd like to restore the old behavior.
[I 2023-11-06 16:04:26,612] Trial 183 finished with value: 0.8704926275603606 and parameters: {'n_estimators': 8200, 'max_depth': 6, 'min_child_weight': 7, 'learning_rate': 0.014251002737230196, 'subsample': 0.9260456133528868, 'colsample_bytree': 0.18786170810366967, 'reg_alpha': 2.763791606732689, 'reg_lambda': 5.484140491445735, 'gamma': 0.8999999999999999}. Best is trial 74 with value: 0.8707075030912526.
/home/stepa/.local/lib/python3.6/site-packages/xgboost/sklearn.py:1224: UserWarning: The use of label encoder in XGBClassifier is deprecated and will be removed in a future release. To remove this warning, do the following: 1) Pass option use_label_encoder=False when constructing XGBClassifier object; and 2) Encode your labels (y) as integers starting with 0, i.e. 0, 1, 2, ..., [num_class - 1].
  warnings.warn(label_encoder_deprecation_msg, UserWarning)
[16:04:26] WARNING: ../src/learner.cc:223: No visible GPU is found, setting `gpu_id` to -1
[16:04:26] WARNING: ../src/learner.cc:1115: Starting in XGBoost 1.3.0, the default evaluation metric used with the objective 'binary:logistic' was changed from 'error' to 'logloss'. Explicitly set eval_metric if you'd like to restore the old behavior.
[I 2023-11-06 16:04:56,531] Trial 184 finished with value: 0.8704818736914469 and parameters: {'n_estimators': 8200, 'max_depth': 6, 'min_child_weight': 7, 'learning_rate': 0.011447319310401003, 'subsample': 0.9454542225706826, 'colsample_bytree': 0.20831314967035744, 'reg_alpha': 2.6734331675473126, 'reg_lambda': 5.685206383183646, 'gamma': 0.8999999999999999}. Best is trial 74 with value: 0.8707075030912526.
/home/stepa/.local/lib/python3.6/site-packages/xgboost/sklearn.py:1224: UserWarning: The use of label encoder in XGBClassifier is deprecated and will be removed in a future release. To remove this warning, do the following: 1) Pass option use_label_encoder=False when constructing XGBClassifier object; and 2) Encode your labels (y) as integers starting with 0, i.e. 0, 1, 2, ..., [num_class - 1].
  warnings.warn(label_encoder_deprecation_msg, UserWarning)
[16:04:56] WARNING: ../src/learner.cc:223: No visible GPU is found, setting `gpu_id` to -1
[16:04:56] WARNING: ../src/learner.cc:1115: Starting in XGBoost 1.3.0, the default evaluation metric used with the objective 'binary:logistic' was changed from 'error' to 'logloss'. Explicitly set eval_metric if you'd like to restore the old behavior.
[I 2023-11-06 16:05:24,919] Trial 185 finished with value: 0.8705881813114049 and parameters: {'n_estimators': 7800, 'max_depth': 6, 'min_child_weight': 7, 'learning_rate': 0.01772547368150281, 'subsample': 0.9788418399030651, 'colsample_bytree': 0.1749926187690097, 'reg_alpha': 2.323932555510173, 'reg_lambda': 5.161325603339267, 'gamma': 0.8999999999999999}. Best is trial 74 with value: 0.8707075030912526.
/home/stepa/.local/lib/python3.6/site-packages/xgboost/sklearn.py:1224: UserWarning: The use of label encoder in XGBClassifier is deprecated and will be removed in a future release. To remove this warning, do the following: 1) Pass option use_label_encoder=False when constructing XGBClassifier object; and 2) Encode your labels (y) as integers starting with 0, i.e. 0, 1, 2, ..., [num_class - 1].
  warnings.warn(label_encoder_deprecation_msg, UserWarning)
[16:05:24] WARNING: ../src/learner.cc:223: No visible GPU is found, setting `gpu_id` to -1
[16:05:24] WARNING: ../src/learner.cc:1115: Starting in XGBoost 1.3.0, the default evaluation metric used with the objective 'binary:logistic' was changed from 'error' to 'logloss'. Explicitly set eval_metric if you'd like to restore the old behavior.
[I 2023-11-06 16:05:53,042] Trial 186 finished with value: 0.8703666867851882 and parameters: {'n_estimators': 7800, 'max_depth': 6, 'min_child_weight': 7, 'learning_rate': 0.017747636929085608, 'subsample': 0.9943285085178714, 'colsample_bytree': 0.18514712329683128, 'reg_alpha': 2.4217522735610517, 'reg_lambda': 5.129371069428563, 'gamma': 0.8999999999999999}. Best is trial 74 with value: 0.8707075030912526.
/home/stepa/.local/lib/python3.6/site-packages/xgboost/sklearn.py:1224: UserWarning: The use of label encoder in XGBClassifier is deprecated and will be removed in a future release. To remove this warning, do the following: 1) Pass option use_label_encoder=False when constructing XGBClassifier object; and 2) Encode your labels (y) as integers starting with 0, i.e. 0, 1, 2, ..., [num_class - 1].
  warnings.warn(label_encoder_deprecation_msg, UserWarning)
[16:05:53] WARNING: ../src/learner.cc:223: No visible GPU is found, setting `gpu_id` to -1
[16:05:53] WARNING: ../src/learner.cc:1115: Starting in XGBoost 1.3.0, the default evaluation metric used with the objective 'binary:logistic' was changed from 'error' to 'logloss'. Explicitly set eval_metric if you'd like to restore the old behavior.
[I 2023-11-06 16:06:20,484] Trial 187 finished with value: 0.8695762164661203 and parameters: {'n_estimators': 7600, 'max_depth': 6, 'min_child_weight': 7, 'learning_rate': 0.02447352278400335, 'subsample': 0.9765443149740463, 'colsample_bytree': 0.2309362497120846, 'reg_alpha': 2.236488267607276, 'reg_lambda': 5.454506618731186, 'gamma': 0.8999999999999999}. Best is trial 74 with value: 0.8707075030912526.
/home/stepa/.local/lib/python3.6/site-packages/xgboost/sklearn.py:1224: UserWarning: The use of label encoder in XGBClassifier is deprecated and will be removed in a future release. To remove this warning, do the following: 1) Pass option use_label_encoder=False when constructing XGBClassifier object; and 2) Encode your labels (y) as integers starting with 0, i.e. 0, 1, 2, ..., [num_class - 1].
  warnings.warn(label_encoder_deprecation_msg, UserWarning)
[16:06:20] WARNING: ../src/learner.cc:223: No visible GPU is found, setting `gpu_id` to -1
[16:06:20] WARNING: ../src/learner.cc:1115: Starting in XGBoost 1.3.0, the default evaluation metric used with the objective 'binary:logistic' was changed from 'error' to 'logloss'. Explicitly set eval_metric if you'd like to restore the old behavior.
[I 2023-11-06 16:06:49,514] Trial 188 finished with value: 0.8702588483227124 and parameters: {'n_estimators': 8000, 'max_depth': 6, 'min_child_weight': 7, 'learning_rate': 0.0203850987935208, 'subsample': 0.9710206599614382, 'colsample_bytree': 0.20311554000385076, 'reg_alpha': 2.56510190589972, 'reg_lambda': 5.2543990936382095, 'gamma': 0.8999999999999999}. Best is trial 74 with value: 0.8707075030912526.
/home/stepa/.local/lib/python3.6/site-packages/xgboost/sklearn.py:1224: UserWarning: The use of label encoder in XGBClassifier is deprecated and will be removed in a future release. To remove this warning, do the following: 1) Pass option use_label_encoder=False when constructing XGBClassifier object; and 2) Encode your labels (y) as integers starting with 0, i.e. 0, 1, 2, ..., [num_class - 1].
  warnings.warn(label_encoder_deprecation_msg, UserWarning)
[16:06:49] WARNING: ../src/learner.cc:223: No visible GPU is found, setting `gpu_id` to -1
[16:06:49] WARNING: ../src/learner.cc:1115: Starting in XGBoost 1.3.0, the default evaluation metric used with the objective 'binary:logistic' was changed from 'error' to 'logloss'. Explicitly set eval_metric if you'd like to restore the old behavior.
[I 2023-11-06 16:07:18,208] Trial 189 finished with value: 0.8703170902854984 and parameters: {'n_estimators': 7800, 'max_depth': 6, 'min_child_weight': 7, 'learning_rate': 0.010393165154347787, 'subsample': 0.9864997477052945, 'colsample_bytree': 0.17394714581268086, 'reg_alpha': 1.4646681232408176, 'reg_lambda': 5.959412886652735, 'gamma': 0.8999999999999999}. Best is trial 74 with value: 0.8707075030912526.
/home/stepa/.local/lib/python3.6/site-packages/xgboost/sklearn.py:1224: UserWarning: The use of label encoder in XGBClassifier is deprecated and will be removed in a future release. To remove this warning, do the following: 1) Pass option use_label_encoder=False when constructing XGBClassifier object; and 2) Encode your labels (y) as integers starting with 0, i.e. 0, 1, 2, ..., [num_class - 1].
  warnings.warn(label_encoder_deprecation_msg, UserWarning)
[16:07:18] WARNING: ../src/learner.cc:223: No visible GPU is found, setting `gpu_id` to -1
[16:07:18] WARNING: ../src/learner.cc:1115: Starting in XGBoost 1.3.0, the default evaluation metric used with the objective 'binary:logistic' was changed from 'error' to 'logloss'. Explicitly set eval_metric if you'd like to restore the old behavior.
[I 2023-11-06 16:07:52,406] Trial 190 finished with value: 0.8392001320665434 and parameters: {'n_estimators': 8100, 'max_depth': 6, 'min_child_weight': 7, 'learning_rate': 0.0005146076039825023, 'subsample': 0.9356679278194311, 'colsample_bytree': 0.1435902059250091, 'reg_alpha': 2.224341901871456, 'reg_lambda': 4.854714661709542, 'gamma': 0.8999999999999999}. Best is trial 74 with value: 0.8707075030912526.
/home/stepa/.local/lib/python3.6/site-packages/xgboost/sklearn.py:1224: UserWarning: The use of label encoder in XGBClassifier is deprecated and will be removed in a future release. To remove this warning, do the following: 1) Pass option use_label_encoder=False when constructing XGBClassifier object; and 2) Encode your labels (y) as integers starting with 0, i.e. 0, 1, 2, ..., [num_class - 1].
  warnings.warn(label_encoder_deprecation_msg, UserWarning)
[16:07:52] WARNING: ../src/learner.cc:223: No visible GPU is found, setting `gpu_id` to -1
[16:07:52] WARNING: ../src/learner.cc:1115: Starting in XGBoost 1.3.0, the default evaluation metric used with the objective 'binary:logistic' was changed from 'error' to 'logloss'. Explicitly set eval_metric if you'd like to restore the old behavior.
[I 2023-11-06 16:08:23,157] Trial 191 finished with value: 0.8706640599389677 and parameters: {'n_estimators': 8300, 'max_depth': 6, 'min_child_weight': 7, 'learning_rate': 0.013643527310302323, 'subsample': 0.981051132385837, 'colsample_bytree': 0.16377806948704404, 'reg_alpha': 3.4605035160041897, 'reg_lambda': 4.607616323021956, 'gamma': 0.8999999999999999}. Best is trial 74 with value: 0.8707075030912526.
/home/stepa/.local/lib/python3.6/site-packages/xgboost/sklearn.py:1224: UserWarning: The use of label encoder in XGBClassifier is deprecated and will be removed in a future release. To remove this warning, do the following: 1) Pass option use_label_encoder=False when constructing XGBClassifier object; and 2) Encode your labels (y) as integers starting with 0, i.e. 0, 1, 2, ..., [num_class - 1].
  warnings.warn(label_encoder_deprecation_msg, UserWarning)
[16:08:23] WARNING: ../src/learner.cc:223: No visible GPU is found, setting `gpu_id` to -1
[16:08:23] WARNING: ../src/learner.cc:1115: Starting in XGBoost 1.3.0, the default evaluation metric used with the objective 'binary:logistic' was changed from 'error' to 'logloss'. Explicitly set eval_metric if you'd like to restore the old behavior.
[I 2023-11-06 16:08:52,112] Trial 192 finished with value: 0.8705269995714081 and parameters: {'n_estimators': 7900, 'max_depth': 6, 'min_child_weight': 7, 'learning_rate': 0.016691920875837124, 'subsample': 0.9825958788731517, 'colsample_bytree': 0.1567930620798787, 'reg_alpha': 2.7983522553380658, 'reg_lambda': 4.674503098703289, 'gamma': 0.8999999999999999}. Best is trial 74 with value: 0.8707075030912526.
/home/stepa/.local/lib/python3.6/site-packages/xgboost/sklearn.py:1224: UserWarning: The use of label encoder in XGBClassifier is deprecated and will be removed in a future release. To remove this warning, do the following: 1) Pass option use_label_encoder=False when constructing XGBClassifier object; and 2) Encode your labels (y) as integers starting with 0, i.e. 0, 1, 2, ..., [num_class - 1].
  warnings.warn(label_encoder_deprecation_msg, UserWarning)
[16:08:52] WARNING: ../src/learner.cc:223: No visible GPU is found, setting `gpu_id` to -1
[16:08:52] WARNING: ../src/learner.cc:1115: Starting in XGBoost 1.3.0, the default evaluation metric used with the objective 'binary:logistic' was changed from 'error' to 'logloss'. Explicitly set eval_metric if you'd like to restore the old behavior.
[I 2023-11-06 16:09:23,451] Trial 193 finished with value: 0.8705017106925317 and parameters: {'n_estimators': 8400, 'max_depth': 6, 'min_child_weight': 7, 'learning_rate': 0.013517563738291247, 'subsample': 0.9568579683197836, 'colsample_bytree': 0.18652961993025186, 'reg_alpha': 3.1579602879948347, 'reg_lambda': 5.068291077210857, 'gamma': 0.8999999999999999}. Best is trial 74 with value: 0.8707075030912526.
/home/stepa/.local/lib/python3.6/site-packages/xgboost/sklearn.py:1224: UserWarning: The use of label encoder in XGBClassifier is deprecated and will be removed in a future release. To remove this warning, do the following: 1) Pass option use_label_encoder=False when constructing XGBClassifier object; and 2) Encode your labels (y) as integers starting with 0, i.e. 0, 1, 2, ..., [num_class - 1].
  warnings.warn(label_encoder_deprecation_msg, UserWarning)
[16:09:23] WARNING: ../src/learner.cc:223: No visible GPU is found, setting `gpu_id` to -1
[16:09:23] WARNING: ../src/learner.cc:1115: Starting in XGBoost 1.3.0, the default evaluation metric used with the objective 'binary:logistic' was changed from 'error' to 'logloss'. Explicitly set eval_metric if you'd like to restore the old behavior.
[I 2023-11-06 16:09:54,721] Trial 194 finished with value: 0.8708044957543242 and parameters: {'n_estimators': 8500, 'max_depth': 6, 'min_child_weight': 7, 'learning_rate': 0.01562020794850652, 'subsample': 0.9936797243169001, 'colsample_bytree': 0.16999716191331965, 'reg_alpha': 3.4576146388015996, 'reg_lambda': 5.597056682360282, 'gamma': 0.8999999999999999}. Best is trial 194 with value: 0.8708044957543242.
/home/stepa/.local/lib/python3.6/site-packages/xgboost/sklearn.py:1224: UserWarning: The use of label encoder in XGBClassifier is deprecated and will be removed in a future release. To remove this warning, do the following: 1) Pass option use_label_encoder=False when constructing XGBClassifier object; and 2) Encode your labels (y) as integers starting with 0, i.e. 0, 1, 2, ..., [num_class - 1].
  warnings.warn(label_encoder_deprecation_msg, UserWarning)
[16:09:54] WARNING: ../src/learner.cc:223: No visible GPU is found, setting `gpu_id` to -1
[16:09:54] WARNING: ../src/learner.cc:1115: Starting in XGBoost 1.3.0, the default evaluation metric used with the objective 'binary:logistic' was changed from 'error' to 'logloss'. Explicitly set eval_metric if you'd like to restore the old behavior.
[I 2023-11-06 16:10:25,887] Trial 195 finished with value: 0.8704967184671932 and parameters: {'n_estimators': 8300, 'max_depth': 6, 'min_child_weight': 7, 'learning_rate': 0.01278956194353147, 'subsample': 0.9922206254255871, 'colsample_bytree': 0.2160077436467198, 'reg_alpha': 3.4148921419641245, 'reg_lambda': 5.395826862491134, 'gamma': 0.8999999999999999}. Best is trial 194 with value: 0.8708044957543242.
/home/stepa/.local/lib/python3.6/site-packages/xgboost/sklearn.py:1224: UserWarning: The use of label encoder in XGBClassifier is deprecated and will be removed in a future release. To remove this warning, do the following: 1) Pass option use_label_encoder=False when constructing XGBClassifier object; and 2) Encode your labels (y) as integers starting with 0, i.e. 0, 1, 2, ..., [num_class - 1].
  warnings.warn(label_encoder_deprecation_msg, UserWarning)
[16:10:25] WARNING: ../src/learner.cc:223: No visible GPU is found, setting `gpu_id` to -1
[16:10:25] WARNING: ../src/learner.cc:1115: Starting in XGBoost 1.3.0, the default evaluation metric used with the objective 'binary:logistic' was changed from 'error' to 'logloss'. Explicitly set eval_metric if you'd like to restore the old behavior.
[I 2023-11-06 16:10:55,769] Trial 196 finished with value: 0.8706736606797708 and parameters: {'n_estimators': 8100, 'max_depth': 6, 'min_child_weight': 8, 'learning_rate': 0.01566004636525145, 'subsample': 0.9779250591828857, 'colsample_bytree': 0.17154628589346513, 'reg_alpha': 3.554304721060728, 'reg_lambda': 5.742474930696258, 'gamma': 0.8999999999999999}. Best is trial 194 with value: 0.8708044957543242.
/home/stepa/.local/lib/python3.6/site-packages/xgboost/sklearn.py:1224: UserWarning: The use of label encoder in XGBClassifier is deprecated and will be removed in a future release. To remove this warning, do the following: 1) Pass option use_label_encoder=False when constructing XGBClassifier object; and 2) Encode your labels (y) as integers starting with 0, i.e. 0, 1, 2, ..., [num_class - 1].
  warnings.warn(label_encoder_deprecation_msg, UserWarning)
[16:10:55] WARNING: ../src/learner.cc:223: No visible GPU is found, setting `gpu_id` to -1
[16:10:55] WARNING: ../src/learner.cc:1115: Starting in XGBoost 1.3.0, the default evaluation metric used with the objective 'binary:logistic' was changed from 'error' to 'logloss'. Explicitly set eval_metric if you'd like to restore the old behavior.
[I 2023-11-06 16:11:25,902] Trial 197 finished with value: 0.8706357113735448 and parameters: {'n_estimators': 8100, 'max_depth': 6, 'min_child_weight': 8, 'learning_rate': 0.01538381595412778, 'subsample': 0.9674486319918172, 'colsample_bytree': 0.19476762359093483, 'reg_alpha': 3.8180336793772724, 'reg_lambda': 5.64645010525971, 'gamma': 0.8999999999999999}. Best is trial 194 with value: 0.8708044957543242.
/home/stepa/.local/lib/python3.6/site-packages/xgboost/sklearn.py:1224: UserWarning: The use of label encoder in XGBClassifier is deprecated and will be removed in a future release. To remove this warning, do the following: 1) Pass option use_label_encoder=False when constructing XGBClassifier object; and 2) Encode your labels (y) as integers starting with 0, i.e. 0, 1, 2, ..., [num_class - 1].
  warnings.warn(label_encoder_deprecation_msg, UserWarning)
[16:11:25] WARNING: ../src/learner.cc:223: No visible GPU is found, setting `gpu_id` to -1
[16:11:25] WARNING: ../src/learner.cc:1115: Starting in XGBoost 1.3.0, the default evaluation metric used with the objective 'binary:logistic' was changed from 'error' to 'logloss'. Explicitly set eval_metric if you'd like to restore the old behavior.
