[I 2023-11-06 18:00:02,578] Trial 396 finished with value: 0.8706838309899178 and parameters: {'n_estimators': 9400, 'max_depth': 6, 'min_child_weight': 8, 'learning_rate': 0.014015357693185026, 'subsample': 0.9606108747722405, 'colsample_bytree': 0.1874391238039465, 'reg_alpha': 4.691177153824572, 'reg_lambda': 9.062317791399154, 'gamma': 1.0}. Best is trial 342 with value: 0.8708947894825139.
/home/stepa/.local/lib/python3.6/site-packages/xgboost/sklearn.py:1224: UserWarning: The use of label encoder in XGBClassifier is deprecated and will be removed in a future release. To remove this warning, do the following: 1) Pass option use_label_encoder=False when constructing XGBClassifier object; and 2) Encode your labels (y) as integers starting with 0, i.e. 0, 1, 2, ..., [num_class - 1].
  warnings.warn(label_encoder_deprecation_msg, UserWarning)
[18:00:02] WARNING: ../src/learner.cc:223: No visible GPU is found, setting `gpu_id` to -1
[18:00:02] WARNING: ../src/learner.cc:1115: Starting in XGBoost 1.3.0, the default evaluation metric used with the objective 'binary:logistic' was changed from 'error' to 'logloss'. Explicitly set eval_metric if you'd like to restore the old behavior.
[I 2023-11-06 18:00:38,429] Trial 397 finished with value: 0.8651313212869245 and parameters: {'n_estimators': 9400, 'max_depth': 6, 'min_child_weight': 8, 'learning_rate': 0.057929812888384835, 'subsample': 0.975427368547703, 'colsample_bytree': 0.21118807391233838, 'reg_alpha': 4.572287368830197, 'reg_lambda': 9.635528230655963, 'gamma': 0.8999999999999999}. Best is trial 342 with value: 0.8708947894825139.
/home/stepa/.local/lib/python3.6/site-packages/xgboost/sklearn.py:1224: UserWarning: The use of label encoder in XGBClassifier is deprecated and will be removed in a future release. To remove this warning, do the following: 1) Pass option use_label_encoder=False when constructing XGBClassifier object; and 2) Encode your labels (y) as integers starting with 0, i.e. 0, 1, 2, ..., [num_class - 1].
  warnings.warn(label_encoder_deprecation_msg, UserWarning)
[18:00:38] WARNING: ../src/learner.cc:223: No visible GPU is found, setting `gpu_id` to -1
[18:00:38] WARNING: ../src/learner.cc:1115: Starting in XGBoost 1.3.0, the default evaluation metric used with the objective 'binary:logistic' was changed from 'error' to 'logloss'. Explicitly set eval_metric if you'd like to restore the old behavior.
[I 2023-11-06 18:01:13,293] Trial 398 finished with value: 0.8706190319849639 and parameters: {'n_estimators': 9300, 'max_depth': 6, 'min_child_weight': 8, 'learning_rate': 0.018875922676984548, 'subsample': 0.9623837978643937, 'colsample_bytree': 0.1417501291612655, 'reg_alpha': 4.849212903054901, 'reg_lambda': 8.574697783012244, 'gamma': 0.8999999999999999}. Best is trial 342 with value: 0.8708947894825139.
/home/stepa/.local/lib/python3.6/site-packages/xgboost/sklearn.py:1224: UserWarning: The use of label encoder in XGBClassifier is deprecated and will be removed in a future release. To remove this warning, do the following: 1) Pass option use_label_encoder=False when constructing XGBClassifier object; and 2) Encode your labels (y) as integers starting with 0, i.e. 0, 1, 2, ..., [num_class - 1].
  warnings.warn(label_encoder_deprecation_msg, UserWarning)
[18:01:13] WARNING: ../src/learner.cc:223: No visible GPU is found, setting `gpu_id` to -1
[18:01:13] WARNING: ../src/learner.cc:1115: Starting in XGBoost 1.3.0, the default evaluation metric used with the objective 'binary:logistic' was changed from 'error' to 'logloss'. Explicitly set eval_metric if you'd like to restore the old behavior.
[I 2023-11-06 18:01:48,613] Trial 399 finished with value: 0.8707387015018848 and parameters: {'n_estimators': 9500, 'max_depth': 6, 'min_child_weight': 8, 'learning_rate': 0.016184724363229964, 'subsample': 0.9806063540470213, 'colsample_bytree': 0.15708660259462057, 'reg_alpha': 4.428766987264893, 'reg_lambda': 8.328062917734693, 'gamma': 0.8999999999999999}. Best is trial 342 with value: 0.8708947894825139.
/home/stepa/.local/lib/python3.6/site-packages/xgboost/sklearn.py:1224: UserWarning: The use of label encoder in XGBClassifier is deprecated and will be removed in a future release. To remove this warning, do the following: 1) Pass option use_label_encoder=False when constructing XGBClassifier object; and 2) Encode your labels (y) as integers starting with 0, i.e. 0, 1, 2, ..., [num_class - 1].
  warnings.warn(label_encoder_deprecation_msg, UserWarning)
[18:01:48] WARNING: ../src/learner.cc:223: No visible GPU is found, setting `gpu_id` to -1
[18:01:48] WARNING: ../src/learner.cc:1115: Starting in XGBoost 1.3.0, the default evaluation metric used with the objective 'binary:logistic' was changed from 'error' to 'logloss'. Explicitly set eval_metric if you'd like to restore the old behavior.
[I 2023-11-06 18:02:23,906] Trial 400 finished with value: 0.8706139078593562 and parameters: {'n_estimators': 9500, 'max_depth': 6, 'min_child_weight': 8, 'learning_rate': 0.016996048135057347, 'subsample': 0.987074201485508, 'colsample_bytree': 0.1465380963482433, 'reg_alpha': 4.581372328540263, 'reg_lambda': 9.753057732146628, 'gamma': 0.8999999999999999}. Best is trial 342 with value: 0.8708947894825139.
/home/stepa/.local/lib/python3.6/site-packages/xgboost/sklearn.py:1224: UserWarning: The use of label encoder in XGBClassifier is deprecated and will be removed in a future release. To remove this warning, do the following: 1) Pass option use_label_encoder=False when constructing XGBClassifier object; and 2) Encode your labels (y) as integers starting with 0, i.e. 0, 1, 2, ..., [num_class - 1].
  warnings.warn(label_encoder_deprecation_msg, UserWarning)
[18:02:23] WARNING: ../src/learner.cc:223: No visible GPU is found, setting `gpu_id` to -1
[18:02:23] WARNING: ../src/learner.cc:1115: Starting in XGBoost 1.3.0, the default evaluation metric used with the objective 'binary:logistic' was changed from 'error' to 'logloss'. Explicitly set eval_metric if you'd like to restore the old behavior.
[I 2023-11-06 18:02:58,612] Trial 401 finished with value: 0.8702487859309673 and parameters: {'n_estimators': 9300, 'max_depth': 6, 'min_child_weight': 8, 'learning_rate': 0.02401423588928328, 'subsample': 0.9827735892255266, 'colsample_bytree': 0.15434370834877312, 'reg_alpha': 5.478463883487745, 'reg_lambda': 9.802340929194886, 'gamma': 0.8999999999999999}. Best is trial 342 with value: 0.8708947894825139.
/home/stepa/.local/lib/python3.6/site-packages/xgboost/sklearn.py:1224: UserWarning: The use of label encoder in XGBClassifier is deprecated and will be removed in a future release. To remove this warning, do the following: 1) Pass option use_label_encoder=False when constructing XGBClassifier object; and 2) Encode your labels (y) as integers starting with 0, i.e. 0, 1, 2, ..., [num_class - 1].
  warnings.warn(label_encoder_deprecation_msg, UserWarning)
[18:02:58] WARNING: ../src/learner.cc:223: No visible GPU is found, setting `gpu_id` to -1
[18:02:58] WARNING: ../src/learner.cc:1115: Starting in XGBoost 1.3.0, the default evaluation metric used with the objective 'binary:logistic' was changed from 'error' to 'logloss'. Explicitly set eval_metric if you'd like to restore the old behavior.
[I 2023-11-06 18:03:33,131] Trial 402 finished with value: 0.8703056809122168 and parameters: {'n_estimators': 9600, 'max_depth': 6, 'min_child_weight': 8, 'learning_rate': 0.01870380006506841, 'subsample': 0.9924474996552548, 'colsample_bytree': 0.12320749718942817, 'reg_alpha': 4.935090798840943, 'reg_lambda': 9.186343768068518, 'gamma': 0.8999999999999999}. Best is trial 342 with value: 0.8708947894825139.
/home/stepa/.local/lib/python3.6/site-packages/xgboost/sklearn.py:1224: UserWarning: The use of label encoder in XGBClassifier is deprecated and will be removed in a future release. To remove this warning, do the following: 1) Pass option use_label_encoder=False when constructing XGBClassifier object; and 2) Encode your labels (y) as integers starting with 0, i.e. 0, 1, 2, ..., [num_class - 1].
  warnings.warn(label_encoder_deprecation_msg, UserWarning)
[18:03:33] WARNING: ../src/learner.cc:223: No visible GPU is found, setting `gpu_id` to -1
[18:03:33] WARNING: ../src/learner.cc:1115: Starting in XGBoost 1.3.0, the default evaluation metric used with the objective 'binary:logistic' was changed from 'error' to 'logloss'. Explicitly set eval_metric if you'd like to restore the old behavior.
[I 2023-11-06 18:04:08,215] Trial 403 finished with value: 0.8705817781528844 and parameters: {'n_estimators': 9500, 'max_depth': 6, 'min_child_weight': 8, 'learning_rate': 0.015584482420343933, 'subsample': 0.9798243915626879, 'colsample_bytree': 0.1773209568159069, 'reg_alpha': 4.450641339249664, 'reg_lambda': 9.196110562383588, 'gamma': 0.8999999999999999}. Best is trial 342 with value: 0.8708947894825139.
/home/stepa/.local/lib/python3.6/site-packages/xgboost/sklearn.py:1224: UserWarning: The use of label encoder in XGBClassifier is deprecated and will be removed in a future release. To remove this warning, do the following: 1) Pass option use_label_encoder=False when constructing XGBClassifier object; and 2) Encode your labels (y) as integers starting with 0, i.e. 0, 1, 2, ..., [num_class - 1].
  warnings.warn(label_encoder_deprecation_msg, UserWarning)
[18:04:08] WARNING: ../src/learner.cc:223: No visible GPU is found, setting `gpu_id` to -1
[18:04:08] WARNING: ../src/learner.cc:1115: Starting in XGBoost 1.3.0, the default evaluation metric used with the objective 'binary:logistic' was changed from 'error' to 'logloss'. Explicitly set eval_metric if you'd like to restore the old behavior.
[I 2023-11-06 18:04:43,282] Trial 404 finished with value: 0.8703252461188076 and parameters: {'n_estimators': 9600, 'max_depth': 6, 'min_child_weight': 8, 'learning_rate': 0.021660686724343448, 'subsample': 0.9667438424300955, 'colsample_bytree': 0.11246383004675133, 'reg_alpha': 4.7202350243732845, 'reg_lambda': 8.938039615073265, 'gamma': 0.8999999999999999}. Best is trial 342 with value: 0.8708947894825139.
/home/stepa/.local/lib/python3.6/site-packages/xgboost/sklearn.py:1224: UserWarning: The use of label encoder in XGBClassifier is deprecated and will be removed in a future release. To remove this warning, do the following: 1) Pass option use_label_encoder=False when constructing XGBClassifier object; and 2) Encode your labels (y) as integers starting with 0, i.e. 0, 1, 2, ..., [num_class - 1].
  warnings.warn(label_encoder_deprecation_msg, UserWarning)
[18:04:43] WARNING: ../src/learner.cc:223: No visible GPU is found, setting `gpu_id` to -1
[18:04:43] WARNING: ../src/learner.cc:1115: Starting in XGBoost 1.3.0, the default evaluation metric used with the objective 'binary:logistic' was changed from 'error' to 'logloss'. Explicitly set eval_metric if you'd like to restore the old behavior.
[I 2023-11-06 18:05:18,524] Trial 405 finished with value: 0.8706799139516219 and parameters: {'n_estimators': 9500, 'max_depth': 6, 'min_child_weight': 8, 'learning_rate': 0.016369559985852145, 'subsample': 0.9901773408669529, 'colsample_bytree': 0.14170084136694103, 'reg_alpha': 4.226652631663646, 'reg_lambda': 8.837002158642912, 'gamma': 0.8999999999999999}. Best is trial 342 with value: 0.8708947894825139.
/home/stepa/.local/lib/python3.6/site-packages/xgboost/sklearn.py:1224: UserWarning: The use of label encoder in XGBClassifier is deprecated and will be removed in a future release. To remove this warning, do the following: 1) Pass option use_label_encoder=False when constructing XGBClassifier object; and 2) Encode your labels (y) as integers starting with 0, i.e. 0, 1, 2, ..., [num_class - 1].
  warnings.warn(label_encoder_deprecation_msg, UserWarning)
[18:05:18] WARNING: ../src/learner.cc:223: No visible GPU is found, setting `gpu_id` to -1
[18:05:18] WARNING: ../src/learner.cc:1115: Starting in XGBoost 1.3.0, the default evaluation metric used with the objective 'binary:logistic' was changed from 'error' to 'logloss'. Explicitly set eval_metric if you'd like to restore the old behavior.
[I 2023-11-06 18:05:51,143] Trial 406 finished with value: 0.870603797503877 and parameters: {'n_estimators': 8700, 'max_depth': 6, 'min_child_weight': 8, 'learning_rate': 0.018917254893597305, 'subsample': 0.9567406695919553, 'colsample_bytree': 0.16037881434896809, 'reg_alpha': 4.4734536988511255, 'reg_lambda': 8.27325594185032, 'gamma': 0.8999999999999999}. Best is trial 342 with value: 0.8708947894825139.
/home/stepa/.local/lib/python3.6/site-packages/xgboost/sklearn.py:1224: UserWarning: The use of label encoder in XGBClassifier is deprecated and will be removed in a future release. To remove this warning, do the following: 1) Pass option use_label_encoder=False when constructing XGBClassifier object; and 2) Encode your labels (y) as integers starting with 0, i.e. 0, 1, 2, ..., [num_class - 1].
  warnings.warn(label_encoder_deprecation_msg, UserWarning)
[18:05:51] WARNING: ../src/learner.cc:223: No visible GPU is found, setting `gpu_id` to -1
[18:05:51] WARNING: ../src/learner.cc:1115: Starting in XGBoost 1.3.0, the default evaluation metric used with the objective 'binary:logistic' was changed from 'error' to 'logloss'. Explicitly set eval_metric if you'd like to restore the old behavior.
[I 2023-11-06 18:06:23,756] Trial 407 finished with value: 0.8689720632711841 and parameters: {'n_estimators': 9800, 'max_depth': 5, 'min_child_weight': 8, 'learning_rate': 0.015326464244413392, 'subsample': 0.9787442213629942, 'colsample_bytree': 0.5491996533879809, 'reg_alpha': 5.022366564447486, 'reg_lambda': 7.301324775225442, 'gamma': 0.8999999999999999}. Best is trial 342 with value: 0.8708947894825139.
/home/stepa/.local/lib/python3.6/site-packages/xgboost/sklearn.py:1224: UserWarning: The use of label encoder in XGBClassifier is deprecated and will be removed in a future release. To remove this warning, do the following: 1) Pass option use_label_encoder=False when constructing XGBClassifier object; and 2) Encode your labels (y) as integers starting with 0, i.e. 0, 1, 2, ..., [num_class - 1].
  warnings.warn(label_encoder_deprecation_msg, UserWarning)
[18:06:23] WARNING: ../src/learner.cc:223: No visible GPU is found, setting `gpu_id` to -1
[18:06:23] WARNING: ../src/learner.cc:1115: Starting in XGBoost 1.3.0, the default evaluation metric used with the objective 'binary:logistic' was changed from 'error' to 'logloss'. Explicitly set eval_metric if you'd like to restore the old behavior.
[I 2023-11-06 18:06:56,076] Trial 408 finished with value: 0.8706185003869096 and parameters: {'n_estimators': 8600, 'max_depth': 6, 'min_child_weight': 8, 'learning_rate': 0.014123276041256334, 'subsample': 0.9702415926017606, 'colsample_bytree': 0.19475397777528217, 'reg_alpha': 4.66010996608573, 'reg_lambda': 9.331498604920506, 'gamma': 0.8999999999999999}. Best is trial 342 with value: 0.8708947894825139.
/home/stepa/.local/lib/python3.6/site-packages/xgboost/sklearn.py:1224: UserWarning: The use of label encoder in XGBClassifier is deprecated and will be removed in a future release. To remove this warning, do the following: 1) Pass option use_label_encoder=False when constructing XGBClassifier object; and 2) Encode your labels (y) as integers starting with 0, i.e. 0, 1, 2, ..., [num_class - 1].
  warnings.warn(label_encoder_deprecation_msg, UserWarning)
[18:06:56] WARNING: ../src/learner.cc:223: No visible GPU is found, setting `gpu_id` to -1
[18:06:56] WARNING: ../src/learner.cc:1115: Starting in XGBoost 1.3.0, the default evaluation metric used with the objective 'binary:logistic' was changed from 'error' to 'logloss'. Explicitly set eval_metric if you'd like to restore the old behavior.
[I 2023-11-06 18:07:30,811] Trial 409 finished with value: 0.8701215521334594 and parameters: {'n_estimators': 9300, 'max_depth': 6, 'min_child_weight': 8, 'learning_rate': 0.02487656116858985, 'subsample': 0.9624683966170071, 'colsample_bytree': 0.13302182793064746, 'reg_alpha': 3.9355899598642847, 'reg_lambda': 9.293024268795085, 'gamma': 0.8999999999999999}. Best is trial 342 with value: 0.8708947894825139.
/home/stepa/.local/lib/python3.6/site-packages/xgboost/sklearn.py:1224: UserWarning: The use of label encoder in XGBClassifier is deprecated and will be removed in a future release. To remove this warning, do the following: 1) Pass option use_label_encoder=False when constructing XGBClassifier object; and 2) Encode your labels (y) as integers starting with 0, i.e. 0, 1, 2, ..., [num_class - 1].
  warnings.warn(label_encoder_deprecation_msg, UserWarning)
[18:07:30] WARNING: ../src/learner.cc:223: No visible GPU is found, setting `gpu_id` to -1
[18:07:30] WARNING: ../src/learner.cc:1115: Starting in XGBoost 1.3.0, the default evaluation metric used with the objective 'binary:logistic' was changed from 'error' to 'logloss'. Explicitly set eval_metric if you'd like to restore the old behavior.
[I 2023-11-06 18:08:02,639] Trial 410 finished with value: 0.8699676704846053 and parameters: {'n_estimators': 8600, 'max_depth': 6, 'min_child_weight': 8, 'learning_rate': 0.018936072200313646, 'subsample': 0.7672337637063067, 'colsample_bytree': 0.16049330419611005, 'reg_alpha': 0.9160234557870721, 'reg_lambda': 5.893067646493238, 'gamma': 0.8999999999999999}. Best is trial 342 with value: 0.8708947894825139.
/home/stepa/.local/lib/python3.6/site-packages/xgboost/sklearn.py:1224: UserWarning: The use of label encoder in XGBClassifier is deprecated and will be removed in a future release. To remove this warning, do the following: 1) Pass option use_label_encoder=False when constructing XGBClassifier object; and 2) Encode your labels (y) as integers starting with 0, i.e. 0, 1, 2, ..., [num_class - 1].
  warnings.warn(label_encoder_deprecation_msg, UserWarning)
[18:08:02] WARNING: ../src/learner.cc:223: No visible GPU is found, setting `gpu_id` to -1
[18:08:02] WARNING: ../src/learner.cc:1115: Starting in XGBoost 1.3.0, the default evaluation metric used with the objective 'binary:logistic' was changed from 'error' to 'logloss'. Explicitly set eval_metric if you'd like to restore the old behavior.
[I 2023-11-06 18:08:43,470] Trial 411 finished with value: 0.8706164699221601 and parameters: {'n_estimators': 9500, 'max_depth': 7, 'min_child_weight': 8, 'learning_rate': 0.011830517160808726, 'subsample': 0.9531290642078621, 'colsample_bytree': 0.18326354516927576, 'reg_alpha': 4.835575871029929, 'reg_lambda': 6.201394730776256, 'gamma': 0.8999999999999999}. Best is trial 342 with value: 0.8708947894825139.
/home/stepa/.local/lib/python3.6/site-packages/xgboost/sklearn.py:1224: UserWarning: The use of label encoder in XGBClassifier is deprecated and will be removed in a future release. To remove this warning, do the following: 1) Pass option use_label_encoder=False when constructing XGBClassifier object; and 2) Encode your labels (y) as integers starting with 0, i.e. 0, 1, 2, ..., [num_class - 1].
  warnings.warn(label_encoder_deprecation_msg, UserWarning)
[18:08:43] WARNING: ../src/learner.cc:223: No visible GPU is found, setting `gpu_id` to -1
[18:08:43] WARNING: ../src/learner.cc:1115: Starting in XGBoost 1.3.0, the default evaluation metric used with the objective 'binary:logistic' was changed from 'error' to 'logloss'. Explicitly set eval_metric if you'd like to restore the old behavior.
[I 2023-11-06 18:09:15,366] Trial 412 finished with value: 0.8702051169494336 and parameters: {'n_estimators': 8700, 'max_depth': 6, 'min_child_weight': 8, 'learning_rate': 0.016549295650750643, 'subsample': 0.9840846637415581, 'colsample_bytree': 0.11443339401872299, 'reg_alpha': 4.217061335895727, 'reg_lambda': 7.42659769713304, 'gamma': 0.8999999999999999}. Best is trial 342 with value: 0.8708947894825139.
/home/stepa/.local/lib/python3.6/site-packages/xgboost/sklearn.py:1224: UserWarning: The use of label encoder in XGBClassifier is deprecated and will be removed in a future release. To remove this warning, do the following: 1) Pass option use_label_encoder=False when constructing XGBClassifier object; and 2) Encode your labels (y) as integers starting with 0, i.e. 0, 1, 2, ..., [num_class - 1].
  warnings.warn(label_encoder_deprecation_msg, UserWarning)
[18:09:15] WARNING: ../src/learner.cc:223: No visible GPU is found, setting `gpu_id` to -1
[18:09:15] WARNING: ../src/learner.cc:1115: Starting in XGBoost 1.3.0, the default evaluation metric used with the objective 'binary:logistic' was changed from 'error' to 'logloss'. Explicitly set eval_metric if you'd like to restore the old behavior.
[I 2023-11-06 18:09:46,683] Trial 413 finished with value: 0.8707383018040995 and parameters: {'n_estimators': 8500, 'max_depth': 6, 'min_child_weight': 8, 'learning_rate': 0.02145148636257072, 'subsample': 0.9753102746982605, 'colsample_bytree': 0.1474628960317624, 'reg_alpha': 4.390730427222003, 'reg_lambda': 6.804333198914219, 'gamma': 0.8999999999999999}. Best is trial 342 with value: 0.8708947894825139.
/home/stepa/.local/lib/python3.6/site-packages/xgboost/sklearn.py:1224: UserWarning: The use of label encoder in XGBClassifier is deprecated and will be removed in a future release. To remove this warning, do the following: 1) Pass option use_label_encoder=False when constructing XGBClassifier object; and 2) Encode your labels (y) as integers starting with 0, i.e. 0, 1, 2, ..., [num_class - 1].
  warnings.warn(label_encoder_deprecation_msg, UserWarning)
[18:09:46] WARNING: ../src/learner.cc:223: No visible GPU is found, setting `gpu_id` to -1
[18:09:46] WARNING: ../src/learner.cc:1115: Starting in XGBoost 1.3.0, the default evaluation metric used with the objective 'binary:logistic' was changed from 'error' to 'logloss'. Explicitly set eval_metric if you'd like to restore the old behavior.
