[I 2023-11-06 16:21:04,599] Trial 216 finished with value: 0.8708315772777675 and parameters: {'n_estimators': 8300, 'max_depth': 6, 'min_child_weight': 8, 'learning_rate': 0.01722214722983095, 'subsample': 0.964645585270954, 'colsample_bytree': 0.14975904205454718, 'reg_alpha': 4.019426402686464, 'reg_lambda': 5.9263016361983105, 'gamma': 0.8999999999999999}. Best is trial 216 with value: 0.8708315772777675.
/home/stepa/.local/lib/python3.6/site-packages/xgboost/sklearn.py:1224: UserWarning: The use of label encoder in XGBClassifier is deprecated and will be removed in a future release. To remove this warning, do the following: 1) Pass option use_label_encoder=False when constructing XGBClassifier object; and 2) Encode your labels (y) as integers starting with 0, i.e. 0, 1, 2, ..., [num_class - 1].
  warnings.warn(label_encoder_deprecation_msg, UserWarning)
[16:21:04] WARNING: ../src/learner.cc:223: No visible GPU is found, setting `gpu_id` to -1
[16:21:04] WARNING: ../src/learner.cc:1115: Starting in XGBoost 1.3.0, the default evaluation metric used with the objective 'binary:logistic' was changed from 'error' to 'logloss'. Explicitly set eval_metric if you'd like to restore the old behavior.
[I 2023-11-06 16:21:35,503] Trial 217 finished with value: 0.8696662563862163 and parameters: {'n_estimators': 8300, 'max_depth': 6, 'min_child_weight': 8, 'learning_rate': 0.01247837245035527, 'subsample': 0.9600447134473152, 'colsample_bytree': 0.12788830100725374, 'reg_alpha': 4.0438102077816405, 'reg_lambda': 5.918549484539003, 'gamma': 0.8999999999999999}. Best is trial 216 with value: 0.8708315772777675.
/home/stepa/.local/lib/python3.6/site-packages/xgboost/sklearn.py:1224: UserWarning: The use of label encoder in XGBClassifier is deprecated and will be removed in a future release. To remove this warning, do the following: 1) Pass option use_label_encoder=False when constructing XGBClassifier object; and 2) Encode your labels (y) as integers starting with 0, i.e. 0, 1, 2, ..., [num_class - 1].
  warnings.warn(label_encoder_deprecation_msg, UserWarning)
[16:21:35] WARNING: ../src/learner.cc:223: No visible GPU is found, setting `gpu_id` to -1
[16:21:35] WARNING: ../src/learner.cc:1115: Starting in XGBoost 1.3.0, the default evaluation metric used with the objective 'binary:logistic' was changed from 'error' to 'logloss'. Explicitly set eval_metric if you'd like to restore the old behavior.
[I 2023-11-06 16:22:06,437] Trial 218 finished with value: 0.8708277621624069 and parameters: {'n_estimators': 8400, 'max_depth': 6, 'min_child_weight': 8, 'learning_rate': 0.01670145561242366, 'subsample': 0.9653349146072469, 'colsample_bytree': 0.15926321599296644, 'reg_alpha': 3.9845515230022923, 'reg_lambda': 5.561973923565077, 'gamma': 0.8999999999999999}. Best is trial 216 with value: 0.8708315772777675.
/home/stepa/.local/lib/python3.6/site-packages/xgboost/sklearn.py:1224: UserWarning: The use of label encoder in XGBClassifier is deprecated and will be removed in a future release. To remove this warning, do the following: 1) Pass option use_label_encoder=False when constructing XGBClassifier object; and 2) Encode your labels (y) as integers starting with 0, i.e. 0, 1, 2, ..., [num_class - 1].
  warnings.warn(label_encoder_deprecation_msg, UserWarning)
[16:22:06] WARNING: ../src/learner.cc:223: No visible GPU is found, setting `gpu_id` to -1
[16:22:06] WARNING: ../src/learner.cc:1115: Starting in XGBoost 1.3.0, the default evaluation metric used with the objective 'binary:logistic' was changed from 'error' to 'logloss'. Explicitly set eval_metric if you'd like to restore the old behavior.
[I 2023-11-06 16:22:37,340] Trial 219 finished with value: 0.870076763998127 and parameters: {'n_estimators': 8400, 'max_depth': 6, 'min_child_weight': 8, 'learning_rate': 0.016246668147043834, 'subsample': 0.9669875257034205, 'colsample_bytree': 0.11656185888480336, 'reg_alpha': 3.9987107314771286, 'reg_lambda': 6.140917080680912, 'gamma': 0.8999999999999999}. Best is trial 216 with value: 0.8708315772777675.
/home/stepa/.local/lib/python3.6/site-packages/xgboost/sklearn.py:1224: UserWarning: The use of label encoder in XGBClassifier is deprecated and will be removed in a future release. To remove this warning, do the following: 1) Pass option use_label_encoder=False when constructing XGBClassifier object; and 2) Encode your labels (y) as integers starting with 0, i.e. 0, 1, 2, ..., [num_class - 1].
  warnings.warn(label_encoder_deprecation_msg, UserWarning)
[16:22:37] WARNING: ../src/learner.cc:223: No visible GPU is found, setting `gpu_id` to -1
[16:22:37] WARNING: ../src/learner.cc:1115: Starting in XGBoost 1.3.0, the default evaluation metric used with the objective 'binary:logistic' was changed from 'error' to 'logloss'. Explicitly set eval_metric if you'd like to restore the old behavior.
[I 2023-11-06 16:23:07,934] Trial 220 finished with value: 0.8702915955622625 and parameters: {'n_estimators': 8300, 'max_depth': 6, 'min_child_weight': 8, 'learning_rate': 0.02363056431398577, 'subsample': 0.962840684390428, 'colsample_bytree': 0.15909181315415194, 'reg_alpha': 4.183377916291974, 'reg_lambda': 5.946851296840235, 'gamma': 0.8999999999999999}. Best is trial 216 with value: 0.8708315772777675.
/home/stepa/.local/lib/python3.6/site-packages/xgboost/sklearn.py:1224: UserWarning: The use of label encoder in XGBClassifier is deprecated and will be removed in a future release. To remove this warning, do the following: 1) Pass option use_label_encoder=False when constructing XGBClassifier object; and 2) Encode your labels (y) as integers starting with 0, i.e. 0, 1, 2, ..., [num_class - 1].
  warnings.warn(label_encoder_deprecation_msg, UserWarning)
[16:23:07] WARNING: ../src/learner.cc:223: No visible GPU is found, setting `gpu_id` to -1
[16:23:08] WARNING: ../src/learner.cc:1115: Starting in XGBoost 1.3.0, the default evaluation metric used with the objective 'binary:logistic' was changed from 'error' to 'logloss'. Explicitly set eval_metric if you'd like to restore the old behavior.
[I 2023-11-06 16:23:39,380] Trial 221 finished with value: 0.868148384061624 and parameters: {'n_estimators': 8200, 'max_depth': 6, 'min_child_weight': 8, 'learning_rate': 0.013851214251852284, 'subsample': 0.9530316271665091, 'colsample_bytree': 0.6818020278200735, 'reg_alpha': 3.821455920412543, 'reg_lambda': 5.588541959130733, 'gamma': 0.8999999999999999}. Best is trial 216 with value: 0.8708315772777675.
/home/stepa/.local/lib/python3.6/site-packages/xgboost/sklearn.py:1224: UserWarning: The use of label encoder in XGBClassifier is deprecated and will be removed in a future release. To remove this warning, do the following: 1) Pass option use_label_encoder=False when constructing XGBClassifier object; and 2) Encode your labels (y) as integers starting with 0, i.e. 0, 1, 2, ..., [num_class - 1].
  warnings.warn(label_encoder_deprecation_msg, UserWarning)
[16:23:39] WARNING: ../src/learner.cc:223: No visible GPU is found, setting `gpu_id` to -1
[16:23:39] WARNING: ../src/learner.cc:1115: Starting in XGBoost 1.3.0, the default evaluation metric used with the objective 'binary:logistic' was changed from 'error' to 'logloss'. Explicitly set eval_metric if you'd like to restore the old behavior.
[I 2023-11-06 16:24:10,409] Trial 222 finished with value: 0.8707621337845485 and parameters: {'n_estimators': 8400, 'max_depth': 6, 'min_child_weight': 8, 'learning_rate': 0.016337961478208336, 'subsample': 0.9715564238940295, 'colsample_bytree': 0.15250878080960006, 'reg_alpha': 3.6076053244569537, 'reg_lambda': 5.776313708691367, 'gamma': 0.8999999999999999}. Best is trial 216 with value: 0.8708315772777675.
/home/stepa/.local/lib/python3.6/site-packages/xgboost/sklearn.py:1224: UserWarning: The use of label encoder in XGBClassifier is deprecated and will be removed in a future release. To remove this warning, do the following: 1) Pass option use_label_encoder=False when constructing XGBClassifier object; and 2) Encode your labels (y) as integers starting with 0, i.e. 0, 1, 2, ..., [num_class - 1].
  warnings.warn(label_encoder_deprecation_msg, UserWarning)
[16:24:10] WARNING: ../src/learner.cc:223: No visible GPU is found, setting `gpu_id` to -1
[16:24:10] WARNING: ../src/learner.cc:1115: Starting in XGBoost 1.3.0, the default evaluation metric used with the objective 'binary:logistic' was changed from 'error' to 'logloss'. Explicitly set eval_metric if you'd like to restore the old behavior.
[I 2023-11-06 16:24:42,163] Trial 223 finished with value: 0.8705442545247998 and parameters: {'n_estimators': 8500, 'max_depth': 6, 'min_child_weight': 8, 'learning_rate': 0.019969925772318434, 'subsample': 0.9696636449535403, 'colsample_bytree': 0.14447152121885837, 'reg_alpha': 3.632912424751431, 'reg_lambda': 5.77037348854416, 'gamma': 0.8999999999999999}. Best is trial 216 with value: 0.8708315772777675.
/home/stepa/.local/lib/python3.6/site-packages/xgboost/sklearn.py:1224: UserWarning: The use of label encoder in XGBClassifier is deprecated and will be removed in a future release. To remove this warning, do the following: 1) Pass option use_label_encoder=False when constructing XGBClassifier object; and 2) Encode your labels (y) as integers starting with 0, i.e. 0, 1, 2, ..., [num_class - 1].
  warnings.warn(label_encoder_deprecation_msg, UserWarning)
[16:24:42] WARNING: ../src/learner.cc:223: No visible GPU is found, setting `gpu_id` to -1
[16:24:42] WARNING: ../src/learner.cc:1115: Starting in XGBoost 1.3.0, the default evaluation metric used with the objective 'binary:logistic' was changed from 'error' to 'logloss'. Explicitly set eval_metric if you'd like to restore the old behavior.
[I 2023-11-06 16:25:13,164] Trial 224 finished with value: 0.8706197994047118 and parameters: {'n_estimators': 8400, 'max_depth': 6, 'min_child_weight': 8, 'learning_rate': 0.0170416292088699, 'subsample': 0.958463444076256, 'colsample_bytree': 0.15728483089876813, 'reg_alpha': 3.9025024214469326, 'reg_lambda': 6.178458750574245, 'gamma': 0.8999999999999999}. Best is trial 216 with value: 0.8708315772777675.
/home/stepa/.local/lib/python3.6/site-packages/xgboost/sklearn.py:1224: UserWarning: The use of label encoder in XGBClassifier is deprecated and will be removed in a future release. To remove this warning, do the following: 1) Pass option use_label_encoder=False when constructing XGBClassifier object; and 2) Encode your labels (y) as integers starting with 0, i.e. 0, 1, 2, ..., [num_class - 1].
  warnings.warn(label_encoder_deprecation_msg, UserWarning)
[16:25:13] WARNING: ../src/learner.cc:223: No visible GPU is found, setting `gpu_id` to -1
[16:25:13] WARNING: ../src/learner.cc:1115: Starting in XGBoost 1.3.0, the default evaluation metric used with the objective 'binary:logistic' was changed from 'error' to 'logloss'. Explicitly set eval_metric if you'd like to restore the old behavior.
[I 2023-11-06 16:25:44,503] Trial 225 finished with value: 0.8706651611063663 and parameters: {'n_estimators': 8400, 'max_depth': 6, 'min_child_weight': 8, 'learning_rate': 0.0170491110905435, 'subsample': 0.9577074410866337, 'colsample_bytree': 0.1515473867602118, 'reg_alpha': 3.707246598257235, 'reg_lambda': 6.256905329493163, 'gamma': 0.8999999999999999}. Best is trial 216 with value: 0.8708315772777675.
/home/stepa/.local/lib/python3.6/site-packages/xgboost/sklearn.py:1224: UserWarning: The use of label encoder in XGBClassifier is deprecated and will be removed in a future release. To remove this warning, do the following: 1) Pass option use_label_encoder=False when constructing XGBClassifier object; and 2) Encode your labels (y) as integers starting with 0, i.e. 0, 1, 2, ..., [num_class - 1].
  warnings.warn(label_encoder_deprecation_msg, UserWarning)
[16:25:44] WARNING: ../src/learner.cc:223: No visible GPU is found, setting `gpu_id` to -1
[16:25:44] WARNING: ../src/learner.cc:1115: Starting in XGBoost 1.3.0, the default evaluation metric used with the objective 'binary:logistic' was changed from 'error' to 'logloss'. Explicitly set eval_metric if you'd like to restore the old behavior.
[I 2023-11-06 16:26:15,582] Trial 226 finished with value: 0.8707594598063647 and parameters: {'n_estimators': 8400, 'max_depth': 6, 'min_child_weight': 8, 'learning_rate': 0.017591953959642085, 'subsample': 0.959730368064114, 'colsample_bytree': 0.13111377182543865, 'reg_alpha': 3.787126117460963, 'reg_lambda': 6.271872715986612, 'gamma': 0.8999999999999999}. Best is trial 216 with value: 0.8708315772777675.
/home/stepa/.local/lib/python3.6/site-packages/xgboost/sklearn.py:1224: UserWarning: The use of label encoder in XGBClassifier is deprecated and will be removed in a future release. To remove this warning, do the following: 1) Pass option use_label_encoder=False when constructing XGBClassifier object; and 2) Encode your labels (y) as integers starting with 0, i.e. 0, 1, 2, ..., [num_class - 1].
  warnings.warn(label_encoder_deprecation_msg, UserWarning)
[16:26:15] WARNING: ../src/learner.cc:223: No visible GPU is found, setting `gpu_id` to -1
[16:26:15] WARNING: ../src/learner.cc:1115: Starting in XGBoost 1.3.0, the default evaluation metric used with the objective 'binary:logistic' was changed from 'error' to 'logloss'. Explicitly set eval_metric if you'd like to restore the old behavior.
[I 2023-11-06 16:26:46,471] Trial 227 finished with value: 0.8704927554636519 and parameters: {'n_estimators': 8400, 'max_depth': 6, 'min_child_weight': 8, 'learning_rate': 0.020739421456590166, 'subsample': 0.9647067819501653, 'colsample_bytree': 0.14108101808370227, 'reg_alpha': 3.8492454547797332, 'reg_lambda': 6.206002612450646, 'gamma': 0.8999999999999999}. Best is trial 216 with value: 0.8708315772777675.
/home/stepa/.local/lib/python3.6/site-packages/xgboost/sklearn.py:1224: UserWarning: The use of label encoder in XGBClassifier is deprecated and will be removed in a future release. To remove this warning, do the following: 1) Pass option use_label_encoder=False when constructing XGBClassifier object; and 2) Encode your labels (y) as integers starting with 0, i.e. 0, 1, 2, ..., [num_class - 1].
  warnings.warn(label_encoder_deprecation_msg, UserWarning)
[16:26:46] WARNING: ../src/learner.cc:223: No visible GPU is found, setting `gpu_id` to -1
[16:26:46] WARNING: ../src/learner.cc:1115: Starting in XGBoost 1.3.0, the default evaluation metric used with the objective 'binary:logistic' was changed from 'error' to 'logloss'. Explicitly set eval_metric if you'd like to restore the old behavior.
[I 2023-11-06 16:27:17,574] Trial 228 finished with value: 0.8702875146478747 and parameters: {'n_estimators': 8500, 'max_depth': 6, 'min_child_weight': 8, 'learning_rate': 0.017100216193597126, 'subsample': 0.9581433767034827, 'colsample_bytree': 0.11751904187748123, 'reg_alpha': 4.271634106138378, 'reg_lambda': 6.281787406748664, 'gamma': 0.8999999999999999}. Best is trial 216 with value: 0.8708315772777675.
/home/stepa/.local/lib/python3.6/site-packages/xgboost/sklearn.py:1224: UserWarning: The use of label encoder in XGBClassifier is deprecated and will be removed in a future release. To remove this warning, do the following: 1) Pass option use_label_encoder=False when constructing XGBClassifier object; and 2) Encode your labels (y) as integers starting with 0, i.e. 0, 1, 2, ..., [num_class - 1].
  warnings.warn(label_encoder_deprecation_msg, UserWarning)
[16:27:17] WARNING: ../src/learner.cc:223: No visible GPU is found, setting `gpu_id` to -1
[16:27:17] WARNING: ../src/learner.cc:1115: Starting in XGBoost 1.3.0, the default evaluation metric used with the objective 'binary:logistic' was changed from 'error' to 'logloss'. Explicitly set eval_metric if you'd like to restore the old behavior.
[I 2023-11-06 16:27:47,921] Trial 229 finished with value: 0.870233643380371 and parameters: {'n_estimators': 8300, 'max_depth': 6, 'min_child_weight': 8, 'learning_rate': 0.01837417881929539, 'subsample': 0.9725471558618581, 'colsample_bytree': 0.1254645333245905, 'reg_alpha': 3.6565610717198975, 'reg_lambda': 5.399161894899555, 'gamma': 0.8999999999999999}. Best is trial 216 with value: 0.8708315772777675.
/home/stepa/.local/lib/python3.6/site-packages/xgboost/sklearn.py:1224: UserWarning: The use of label encoder in XGBClassifier is deprecated and will be removed in a future release. To remove this warning, do the following: 1) Pass option use_label_encoder=False when constructing XGBClassifier object; and 2) Encode your labels (y) as integers starting with 0, i.e. 0, 1, 2, ..., [num_class - 1].
  warnings.warn(label_encoder_deprecation_msg, UserWarning)
[16:27:47] WARNING: ../src/learner.cc:223: No visible GPU is found, setting `gpu_id` to -1
[16:27:48] WARNING: ../src/learner.cc:1115: Starting in XGBoost 1.3.0, the default evaluation metric used with the objective 'binary:logistic' was changed from 'error' to 'logloss'. Explicitly set eval_metric if you'd like to restore the old behavior.
[I 2023-11-06 16:28:19,034] Trial 230 finished with value: 0.8704343636141963 and parameters: {'n_estimators': 8400, 'max_depth': 6, 'min_child_weight': 8, 'learning_rate': 0.02354804669816274, 'subsample': 0.9609400198390947, 'colsample_bytree': 0.1510224177922805, 'reg_alpha': 3.8009695476195273, 'reg_lambda': 6.073586849870496, 'gamma': 0.8999999999999999}. Best is trial 216 with value: 0.8708315772777675.
/home/stepa/.local/lib/python3.6/site-packages/xgboost/sklearn.py:1224: UserWarning: The use of label encoder in XGBClassifier is deprecated and will be removed in a future release. To remove this warning, do the following: 1) Pass option use_label_encoder=False when constructing XGBClassifier object; and 2) Encode your labels (y) as integers starting with 0, i.e. 0, 1, 2, ..., [num_class - 1].
  warnings.warn(label_encoder_deprecation_msg, UserWarning)
[16:28:19] WARNING: ../src/learner.cc:223: No visible GPU is found, setting `gpu_id` to -1
[16:28:19] WARNING: ../src/learner.cc:1115: Starting in XGBoost 1.3.0, the default evaluation metric used with the objective 'binary:logistic' was changed from 'error' to 'logloss'. Explicitly set eval_metric if you'd like to restore the old behavior.
[I 2023-11-06 16:28:49,861] Trial 231 finished with value: 0.870691305338503 and parameters: {'n_estimators': 8300, 'max_depth': 6, 'min_child_weight': 8, 'learning_rate': 0.017626907483808827, 'subsample': 0.9523159002602191, 'colsample_bytree': 0.15890710707529246, 'reg_alpha': 4.092803118829127, 'reg_lambda': 6.336780857776477, 'gamma': 0.8999999999999999}. Best is trial 216 with value: 0.8708315772777675.
/home/stepa/.local/lib/python3.6/site-packages/xgboost/sklearn.py:1224: UserWarning: The use of label encoder in XGBClassifier is deprecated and will be removed in a future release. To remove this warning, do the following: 1) Pass option use_label_encoder=False when constructing XGBClassifier object; and 2) Encode your labels (y) as integers starting with 0, i.e. 0, 1, 2, ..., [num_class - 1].
  warnings.warn(label_encoder_deprecation_msg, UserWarning)
[16:28:49] WARNING: ../src/learner.cc:223: No visible GPU is found, setting `gpu_id` to -1
[16:28:49] WARNING: ../src/learner.cc:1115: Starting in XGBoost 1.3.0, the default evaluation metric used with the objective 'binary:logistic' was changed from 'error' to 'logloss'. Explicitly set eval_metric if you'd like to restore the old behavior.
[I 2023-11-06 16:29:20,683] Trial 232 finished with value: 0.8707498990353403 and parameters: {'n_estimators': 8300, 'max_depth': 6, 'min_child_weight': 8, 'learning_rate': 0.0172168103455965, 'subsample': 0.9658639163883579, 'colsample_bytree': 0.15748192962856167, 'reg_alpha': 4.026735584533936, 'reg_lambda': 6.424398819654726, 'gamma': 0.8999999999999999}. Best is trial 216 with value: 0.8708315772777675.
/home/stepa/.local/lib/python3.6/site-packages/xgboost/sklearn.py:1224: UserWarning: The use of label encoder in XGBClassifier is deprecated and will be removed in a future release. To remove this warning, do the following: 1) Pass option use_label_encoder=False when constructing XGBClassifier object; and 2) Encode your labels (y) as integers starting with 0, i.e. 0, 1, 2, ..., [num_class - 1].
  warnings.warn(label_encoder_deprecation_msg, UserWarning)
[16:29:20] WARNING: ../src/learner.cc:223: No visible GPU is found, setting `gpu_id` to -1
[16:29:20] WARNING: ../src/learner.cc:1115: Starting in XGBoost 1.3.0, the default evaluation metric used with the objective 'binary:logistic' was changed from 'error' to 'logloss'. Explicitly set eval_metric if you'd like to restore the old behavior.
[I 2023-11-06 16:29:51,214] Trial 233 finished with value: 0.8707335913656997 and parameters: {'n_estimators': 8300, 'max_depth': 6, 'min_child_weight': 8, 'learning_rate': 0.017344010273834504, 'subsample': 0.9664113093999395, 'colsample_bytree': 0.13431090186074368, 'reg_alpha': 4.090105241010922, 'reg_lambda': 6.466954646008924, 'gamma': 0.8999999999999999}. Best is trial 216 with value: 0.8708315772777675.
/home/stepa/.local/lib/python3.6/site-packages/xgboost/sklearn.py:1224: UserWarning: The use of label encoder in XGBClassifier is deprecated and will be removed in a future release. To remove this warning, do the following: 1) Pass option use_label_encoder=False when constructing XGBClassifier object; and 2) Encode your labels (y) as integers starting with 0, i.e. 0, 1, 2, ..., [num_class - 1].
  warnings.warn(label_encoder_deprecation_msg, UserWarning)
[16:29:51] WARNING: ../src/learner.cc:223: No visible GPU is found, setting `gpu_id` to -1
[16:29:51] WARNING: ../src/learner.cc:1115: Starting in XGBoost 1.3.0, the default evaluation metric used with the objective 'binary:logistic' was changed from 'error' to 'logloss'. Explicitly set eval_metric if you'd like to restore the old behavior.
