[I 2023-11-06 15:14:40,174] Trial 90 finished with value: 0.868082499877183 and parameters: {'n_estimators': 8200, 'max_depth': 7, 'min_child_weight': 7, 'learning_rate': 0.019262885785254067, 'subsample': 0.8249627121861411, 'colsample_bytree': 0.26243210436051767, 'reg_alpha': 6.827793705921124, 'reg_lambda': 7.300694420900323, 'gamma': 0.7999999999999999}. Best is trial 74 with value: 0.8707075030912526.
/home/stepa/.local/lib/python3.6/site-packages/xgboost/sklearn.py:1224: UserWarning: The use of label encoder in XGBClassifier is deprecated and will be removed in a future release. To remove this warning, do the following: 1) Pass option use_label_encoder=False when constructing XGBClassifier object; and 2) Encode your labels (y) as integers starting with 0, i.e. 0, 1, 2, ..., [num_class - 1].
  warnings.warn(label_encoder_deprecation_msg, UserWarning)
[15:14:40] WARNING: ../src/learner.cc:223: No visible GPU is found, setting `gpu_id` to -1
[15:14:40] WARNING: ../src/learner.cc:1115: Starting in XGBoost 1.3.0, the default evaluation metric used with the objective 'binary:logistic' was changed from 'error' to 'logloss'. Explicitly set eval_metric if you'd like to restore the old behavior.
[I 2023-11-06 15:15:14,062] Trial 91 finished with value: 0.8704331245510618 and parameters: {'n_estimators': 8800, 'max_depth': 6, 'min_child_weight': 7, 'learning_rate': 0.01191682612381446, 'subsample': 0.8697405838326592, 'colsample_bytree': 0.18524352668097852, 'reg_alpha': 4.75439279655411, 'reg_lambda': 6.518709977102154, 'gamma': 0.7999999999999999}. Best is trial 74 with value: 0.8707075030912526.
/home/stepa/.local/lib/python3.6/site-packages/xgboost/sklearn.py:1224: UserWarning: The use of label encoder in XGBClassifier is deprecated and will be removed in a future release. To remove this warning, do the following: 1) Pass option use_label_encoder=False when constructing XGBClassifier object; and 2) Encode your labels (y) as integers starting with 0, i.e. 0, 1, 2, ..., [num_class - 1].
  warnings.warn(label_encoder_deprecation_msg, UserWarning)
[15:15:14] WARNING: ../src/learner.cc:223: No visible GPU is found, setting `gpu_id` to -1
[15:15:14] WARNING: ../src/learner.cc:1115: Starting in XGBoost 1.3.0, the default evaluation metric used with the objective 'binary:logistic' was changed from 'error' to 'logloss'. Explicitly set eval_metric if you'd like to restore the old behavior.
[I 2023-11-06 15:15:48,391] Trial 92 finished with value: 0.8704777428148357 and parameters: {'n_estimators': 8900, 'max_depth': 6, 'min_child_weight': 7, 'learning_rate': 0.00974269076227611, 'subsample': 0.871766082068492, 'colsample_bytree': 0.18483128143886932, 'reg_alpha': 4.023312158652505, 'reg_lambda': 5.050498169143416, 'gamma': 0.7999999999999999}. Best is trial 74 with value: 0.8707075030912526.
/home/stepa/.local/lib/python3.6/site-packages/xgboost/sklearn.py:1224: UserWarning: The use of label encoder in XGBClassifier is deprecated and will be removed in a future release. To remove this warning, do the following: 1) Pass option use_label_encoder=False when constructing XGBClassifier object; and 2) Encode your labels (y) as integers starting with 0, i.e. 0, 1, 2, ..., [num_class - 1].
  warnings.warn(label_encoder_deprecation_msg, UserWarning)
[15:15:48] WARNING: ../src/learner.cc:223: No visible GPU is found, setting `gpu_id` to -1
[15:15:48] WARNING: ../src/learner.cc:1115: Starting in XGBoost 1.3.0, the default evaluation metric used with the objective 'binary:logistic' was changed from 'error' to 'logloss'. Explicitly set eval_metric if you'd like to restore the old behavior.
[I 2023-11-06 15:16:22,639] Trial 93 finished with value: 0.870248767944567 and parameters: {'n_estimators': 8900, 'max_depth': 6, 'min_child_weight': 7, 'learning_rate': 0.009866716716418774, 'subsample': 0.8808686462147425, 'colsample_bytree': 0.23328037982770577, 'reg_alpha': 4.010684982859941, 'reg_lambda': 5.248942622898668, 'gamma': 0.7999999999999999}. Best is trial 74 with value: 0.8707075030912526.
/home/stepa/.local/lib/python3.6/site-packages/xgboost/sklearn.py:1224: UserWarning: The use of label encoder in XGBClassifier is deprecated and will be removed in a future release. To remove this warning, do the following: 1) Pass option use_label_encoder=False when constructing XGBClassifier object; and 2) Encode your labels (y) as integers starting with 0, i.e. 0, 1, 2, ..., [num_class - 1].
  warnings.warn(label_encoder_deprecation_msg, UserWarning)
[15:16:22] WARNING: ../src/learner.cc:223: No visible GPU is found, setting `gpu_id` to -1
[15:16:22] WARNING: ../src/learner.cc:1115: Starting in XGBoost 1.3.0, the default evaluation metric used with the objective 'binary:logistic' was changed from 'error' to 'logloss'. Explicitly set eval_metric if you'd like to restore the old behavior.
[I 2023-11-06 15:16:58,438] Trial 94 finished with value: 0.8681633887164844 and parameters: {'n_estimators': 8800, 'max_depth': 6, 'min_child_weight': 7, 'learning_rate': 0.01154844817191671, 'subsample': 0.8503073537752176, 'colsample_bytree': 0.6448173582504371, 'reg_alpha': 4.31374323098156, 'reg_lambda': 4.997803224518073, 'gamma': 0.7999999999999999}. Best is trial 74 with value: 0.8707075030912526.
/home/stepa/.local/lib/python3.6/site-packages/xgboost/sklearn.py:1224: UserWarning: The use of label encoder in XGBClassifier is deprecated and will be removed in a future release. To remove this warning, do the following: 1) Pass option use_label_encoder=False when constructing XGBClassifier object; and 2) Encode your labels (y) as integers starting with 0, i.e. 0, 1, 2, ..., [num_class - 1].
  warnings.warn(label_encoder_deprecation_msg, UserWarning)
[15:16:58] WARNING: ../src/learner.cc:223: No visible GPU is found, setting `gpu_id` to -1
[15:16:58] WARNING: ../src/learner.cc:1115: Starting in XGBoost 1.3.0, the default evaluation metric used with the objective 'binary:logistic' was changed from 'error' to 'logloss'. Explicitly set eval_metric if you'd like to restore the old behavior.
[I 2023-11-06 15:17:29,342] Trial 95 finished with value: 0.8703596281222997 and parameters: {'n_estimators': 9000, 'max_depth': 5, 'min_child_weight': 7, 'learning_rate': 0.013758864597787359, 'subsample': 0.8716167798267971, 'colsample_bytree': 0.18693980391792786, 'reg_alpha': 5.276271569757505, 'reg_lambda': 4.093933177294521, 'gamma': 0.7999999999999999}. Best is trial 74 with value: 0.8707075030912526.
/home/stepa/.local/lib/python3.6/site-packages/xgboost/sklearn.py:1224: UserWarning: The use of label encoder in XGBClassifier is deprecated and will be removed in a future release. To remove this warning, do the following: 1) Pass option use_label_encoder=False when constructing XGBClassifier object; and 2) Encode your labels (y) as integers starting with 0, i.e. 0, 1, 2, ..., [num_class - 1].
  warnings.warn(label_encoder_deprecation_msg, UserWarning)
[15:17:29] WARNING: ../src/learner.cc:223: No visible GPU is found, setting `gpu_id` to -1
[15:17:29] WARNING: ../src/learner.cc:1115: Starting in XGBoost 1.3.0, the default evaluation metric used with the objective 'binary:logistic' was changed from 'error' to 'logloss'. Explicitly set eval_metric if you'd like to restore the old behavior.
[I 2023-11-06 15:18:02,576] Trial 96 finished with value: 0.8653809005780257 and parameters: {'n_estimators': 8400, 'max_depth': 6, 'min_child_weight': 7, 'learning_rate': 0.0046334568807130504, 'subsample': 0.8887787484971458, 'colsample_bytree': 0.11566884857778088, 'reg_alpha': 3.8935127326006627, 'reg_lambda': 5.684929312648114, 'gamma': 0.7999999999999999}. Best is trial 74 with value: 0.8707075030912526.
/home/stepa/.local/lib/python3.6/site-packages/xgboost/sklearn.py:1224: UserWarning: The use of label encoder in XGBClassifier is deprecated and will be removed in a future release. To remove this warning, do the following: 1) Pass option use_label_encoder=False when constructing XGBClassifier object; and 2) Encode your labels (y) as integers starting with 0, i.e. 0, 1, 2, ..., [num_class - 1].
  warnings.warn(label_encoder_deprecation_msg, UserWarning)
[15:18:02] WARNING: ../src/learner.cc:223: No visible GPU is found, setting `gpu_id` to -1
[15:18:02] WARNING: ../src/learner.cc:1115: Starting in XGBoost 1.3.0, the default evaluation metric used with the objective 'binary:logistic' was changed from 'error' to 'logloss'. Explicitly set eval_metric if you'd like to restore the old behavior.
[I 2023-11-06 15:18:35,154] Trial 97 finished with value: 0.8701072329603008 and parameters: {'n_estimators': 8500, 'max_depth': 6, 'min_child_weight': 7, 'learning_rate': 0.008036964984792623, 'subsample': 0.8768933660377077, 'colsample_bytree': 0.20673111035410058, 'reg_alpha': 4.656252559259283, 'reg_lambda': 6.457779729686221, 'gamma': 0.7999999999999999}. Best is trial 74 with value: 0.8707075030912526.
/home/stepa/.local/lib/python3.6/site-packages/xgboost/sklearn.py:1224: UserWarning: The use of label encoder in XGBClassifier is deprecated and will be removed in a future release. To remove this warning, do the following: 1) Pass option use_label_encoder=False when constructing XGBClassifier object; and 2) Encode your labels (y) as integers starting with 0, i.e. 0, 1, 2, ..., [num_class - 1].
  warnings.warn(label_encoder_deprecation_msg, UserWarning)
[15:18:35] WARNING: ../src/learner.cc:223: No visible GPU is found, setting `gpu_id` to -1
[15:18:35] WARNING: ../src/learner.cc:1115: Starting in XGBoost 1.3.0, the default evaluation metric used with the objective 'binary:logistic' was changed from 'error' to 'logloss'. Explicitly set eval_metric if you'd like to restore the old behavior.
[I 2023-11-06 15:19:04,821] Trial 98 finished with value: 0.8702966597332026 and parameters: {'n_estimators': 8800, 'max_depth': 5, 'min_child_weight': 8, 'learning_rate': 0.015001588333222817, 'subsample': 0.8539487836810934, 'colsample_bytree': 0.1668629886968143, 'reg_alpha': 5.00413236280506, 'reg_lambda': 4.73453448677586, 'gamma': 0.7999999999999999}. Best is trial 74 with value: 0.8707075030912526.
/home/stepa/.local/lib/python3.6/site-packages/xgboost/sklearn.py:1224: UserWarning: The use of label encoder in XGBClassifier is deprecated and will be removed in a future release. To remove this warning, do the following: 1) Pass option use_label_encoder=False when constructing XGBClassifier object; and 2) Encode your labels (y) as integers starting with 0, i.e. 0, 1, 2, ..., [num_class - 1].
  warnings.warn(label_encoder_deprecation_msg, UserWarning)
[15:19:04] WARNING: ../src/learner.cc:223: No visible GPU is found, setting `gpu_id` to -1
[15:19:04] WARNING: ../src/learner.cc:1115: Starting in XGBoost 1.3.0, the default evaluation metric used with the objective 'binary:logistic' was changed from 'error' to 'logloss'. Explicitly set eval_metric if you'd like to restore the old behavior.
[I 2023-11-06 15:19:42,634] Trial 99 finished with value: 0.8701439212200142 and parameters: {'n_estimators': 9100, 'max_depth': 7, 'min_child_weight': 7, 'learning_rate': 0.011684875247262562, 'subsample': 0.9011935598610354, 'colsample_bytree': 0.10031684973645001, 'reg_alpha': 3.245472772861911, 'reg_lambda': 5.904131500558533, 'gamma': 0.7999999999999999}. Best is trial 74 with value: 0.8707075030912526.
/home/stepa/.local/lib/python3.6/site-packages/xgboost/sklearn.py:1224: UserWarning: The use of label encoder in XGBClassifier is deprecated and will be removed in a future release. To remove this warning, do the following: 1) Pass option use_label_encoder=False when constructing XGBClassifier object; and 2) Encode your labels (y) as integers starting with 0, i.e. 0, 1, 2, ..., [num_class - 1].
  warnings.warn(label_encoder_deprecation_msg, UserWarning)
[15:19:42] WARNING: ../src/learner.cc:223: No visible GPU is found, setting `gpu_id` to -1
[15:19:42] WARNING: ../src/learner.cc:1115: Starting in XGBoost 1.3.0, the default evaluation metric used with the objective 'binary:logistic' was changed from 'error' to 'logloss'. Explicitly set eval_metric if you'd like to restore the old behavior.
[I 2023-11-06 15:20:20,911] Trial 100 finished with value: 0.8512769426934139 and parameters: {'n_estimators': 9200, 'max_depth': 6, 'min_child_weight': 7, 'learning_rate': 0.000852918859943787, 'subsample': 0.8412949028509762, 'colsample_bytree': 0.14231090779561623, 'reg_alpha': 3.6884710197448944, 'reg_lambda': 4.349988916894444, 'gamma': 0.7999999999999999}. Best is trial 74 with value: 0.8707075030912526.
/home/stepa/.local/lib/python3.6/site-packages/xgboost/sklearn.py:1224: UserWarning: The use of label encoder in XGBClassifier is deprecated and will be removed in a future release. To remove this warning, do the following: 1) Pass option use_label_encoder=False when constructing XGBClassifier object; and 2) Encode your labels (y) as integers starting with 0, i.e. 0, 1, 2, ..., [num_class - 1].
  warnings.warn(label_encoder_deprecation_msg, UserWarning)
[15:20:20] WARNING: ../src/learner.cc:223: No visible GPU is found, setting `gpu_id` to -1
[15:20:20] WARNING: ../src/learner.cc:1115: Starting in XGBoost 1.3.0, the default evaluation metric used with the objective 'binary:logistic' was changed from 'error' to 'logloss'. Explicitly set eval_metric if you'd like to restore the old behavior.
[I 2023-11-06 15:20:55,042] Trial 101 finished with value: 0.8701752415384709 and parameters: {'n_estimators': 8800, 'max_depth': 6, 'min_child_weight': 7, 'learning_rate': 0.016556984775217724, 'subsample': 0.8649506876323, 'colsample_bytree': 0.1871027413802308, 'reg_alpha': 5.534140207629603, 'reg_lambda': 7.1339804314987125, 'gamma': 0.7999999999999999}. Best is trial 74 with value: 0.8707075030912526.
/home/stepa/.local/lib/python3.6/site-packages/xgboost/sklearn.py:1224: UserWarning: The use of label encoder in XGBClassifier is deprecated and will be removed in a future release. To remove this warning, do the following: 1) Pass option use_label_encoder=False when constructing XGBClassifier object; and 2) Encode your labels (y) as integers starting with 0, i.e. 0, 1, 2, ..., [num_class - 1].
  warnings.warn(label_encoder_deprecation_msg, UserWarning)
[15:20:55] WARNING: ../src/learner.cc:223: No visible GPU is found, setting `gpu_id` to -1
[15:20:55] WARNING: ../src/learner.cc:1115: Starting in XGBoost 1.3.0, the default evaluation metric used with the objective 'binary:logistic' was changed from 'error' to 'logloss'. Explicitly set eval_metric if you'd like to restore the old behavior.
[I 2023-11-06 15:21:25,267] Trial 102 finished with value: 0.8681596935104592 and parameters: {'n_estimators': 7500, 'max_depth': 6, 'min_child_weight': 7, 'learning_rate': 0.009130237976362766, 'subsample': 0.8877183652947712, 'colsample_bytree': 0.9731248216748934, 'reg_alpha': 4.159594746306904, 'reg_lambda': 7.581082711194597, 'gamma': 0.7999999999999999}. Best is trial 74 with value: 0.8707075030912526.
/home/stepa/.local/lib/python3.6/site-packages/xgboost/sklearn.py:1224: UserWarning: The use of label encoder in XGBClassifier is deprecated and will be removed in a future release. To remove this warning, do the following: 1) Pass option use_label_encoder=False when constructing XGBClassifier object; and 2) Encode your labels (y) as integers starting with 0, i.e. 0, 1, 2, ..., [num_class - 1].
  warnings.warn(label_encoder_deprecation_msg, UserWarning)
[15:21:25] WARNING: ../src/learner.cc:223: No visible GPU is found, setting `gpu_id` to -1
[15:21:25] WARNING: ../src/learner.cc:1115: Starting in XGBoost 1.3.0, the default evaluation metric used with the objective 'binary:logistic' was changed from 'error' to 'logloss'. Explicitly set eval_metric if you'd like to restore the old behavior.
[I 2023-11-06 15:22:00,341] Trial 103 finished with value: 0.8664578442922678 and parameters: {'n_estimators': 8700, 'max_depth': 6, 'min_child_weight': 7, 'learning_rate': 0.02125365489238263, 'subsample': 0.8702419368183406, 'colsample_bytree': 0.5302961969467584, 'reg_alpha': 6.474479298027501, 'reg_lambda': 6.801116230971514, 'gamma': 0.7999999999999999}. Best is trial 74 with value: 0.8707075030912526.
/home/stepa/.local/lib/python3.6/site-packages/xgboost/sklearn.py:1224: UserWarning: The use of label encoder in XGBClassifier is deprecated and will be removed in a future release. To remove this warning, do the following: 1) Pass option use_label_encoder=False when constructing XGBClassifier object; and 2) Encode your labels (y) as integers starting with 0, i.e. 0, 1, 2, ..., [num_class - 1].
  warnings.warn(label_encoder_deprecation_msg, UserWarning)
[15:22:00] WARNING: ../src/learner.cc:223: No visible GPU is found, setting `gpu_id` to -1
[15:22:00] WARNING: ../src/learner.cc:1115: Starting in XGBoost 1.3.0, the default evaluation metric used with the objective 'binary:logistic' was changed from 'error' to 'logloss'. Explicitly set eval_metric if you'd like to restore the old behavior.
[I 2023-11-06 15:22:32,821] Trial 104 finished with value: 0.8697820248527526 and parameters: {'n_estimators': 8600, 'max_depth': 6, 'min_child_weight': 7, 'learning_rate': 0.02498101823408617, 'subsample': 0.8612386033778433, 'colsample_bytree': 0.14283959098097834, 'reg_alpha': 4.469085681995217, 'reg_lambda': 5.2185062424513164, 'gamma': 0.7999999999999999}. Best is trial 74 with value: 0.8707075030912526.
/home/stepa/.local/lib/python3.6/site-packages/xgboost/sklearn.py:1224: UserWarning: The use of label encoder in XGBClassifier is deprecated and will be removed in a future release. To remove this warning, do the following: 1) Pass option use_label_encoder=False when constructing XGBClassifier object; and 2) Encode your labels (y) as integers starting with 0, i.e. 0, 1, 2, ..., [num_class - 1].
  warnings.warn(label_encoder_deprecation_msg, UserWarning)
[15:22:32] WARNING: ../src/learner.cc:223: No visible GPU is found, setting `gpu_id` to -1
[15:22:32] WARNING: ../src/learner.cc:1115: Starting in XGBoost 1.3.0, the default evaluation metric used with the objective 'binary:logistic' was changed from 'error' to 'logloss'. Explicitly set eval_metric if you'd like to restore the old behavior.
[I 2023-11-06 15:23:06,977] Trial 105 finished with value: 0.8700920524384149 and parameters: {'n_estimators': 8900, 'max_depth': 6, 'min_child_weight': 7, 'learning_rate': 0.013391235804756875, 'subsample': 0.8757249580264787, 'colsample_bytree': 0.23067948536245564, 'reg_alpha': 5.878951791749752, 'reg_lambda': 6.276973165335333, 'gamma': 0.7999999999999999}. Best is trial 74 with value: 0.8707075030912526.
/home/stepa/.local/lib/python3.6/site-packages/xgboost/sklearn.py:1224: UserWarning: The use of label encoder in XGBClassifier is deprecated and will be removed in a future release. To remove this warning, do the following: 1) Pass option use_label_encoder=False when constructing XGBClassifier object; and 2) Encode your labels (y) as integers starting with 0, i.e. 0, 1, 2, ..., [num_class - 1].
  warnings.warn(label_encoder_deprecation_msg, UserWarning)
[15:23:07] WARNING: ../src/learner.cc:223: No visible GPU is found, setting `gpu_id` to -1
[15:23:07] WARNING: ../src/learner.cc:1115: Starting in XGBoost 1.3.0, the default evaluation metric used with the objective 'binary:logistic' was changed from 'error' to 'logloss'. Explicitly set eval_metric if you'd like to restore the old behavior.
[I 2023-11-06 15:23:40,005] Trial 106 finished with value: 0.869186700981894 and parameters: {'n_estimators': 8700, 'max_depth': 6, 'min_child_weight': 7, 'learning_rate': 0.010243530244549983, 'subsample': 0.8488029394942566, 'colsample_bytree': 0.12139041530787545, 'reg_alpha': 6.14708874619041, 'reg_lambda': 5.923522330020949, 'gamma': 0.7999999999999999}. Best is trial 74 with value: 0.8707075030912526.
/home/stepa/.local/lib/python3.6/site-packages/xgboost/sklearn.py:1224: UserWarning: The use of label encoder in XGBClassifier is deprecated and will be removed in a future release. To remove this warning, do the following: 1) Pass option use_label_encoder=False when constructing XGBClassifier object; and 2) Encode your labels (y) as integers starting with 0, i.e. 0, 1, 2, ..., [num_class - 1].
  warnings.warn(label_encoder_deprecation_msg, UserWarning)
[15:23:40] WARNING: ../src/learner.cc:223: No visible GPU is found, setting `gpu_id` to -1
[15:23:40] WARNING: ../src/learner.cc:1115: Starting in XGBoost 1.3.0, the default evaluation metric used with the objective 'binary:logistic' was changed from 'error' to 'logloss'. Explicitly set eval_metric if you'd like to restore the old behavior.
[I 2023-11-06 15:24:12,853] Trial 107 finished with value: 0.870559181238592 and parameters: {'n_estimators': 8500, 'max_depth': 6, 'min_child_weight': 7, 'learning_rate': 0.018288447698131073, 'subsample': 0.8287885935918718, 'colsample_bytree': 0.15597501858887683, 'reg_alpha': 5.361294368547485, 'reg_lambda': 6.530614564503897, 'gamma': 0.7999999999999999}. Best is trial 74 with value: 0.8707075030912526.
/home/stepa/.local/lib/python3.6/site-packages/xgboost/sklearn.py:1224: UserWarning: The use of label encoder in XGBClassifier is deprecated and will be removed in a future release. To remove this warning, do the following: 1) Pass option use_label_encoder=False when constructing XGBClassifier object; and 2) Encode your labels (y) as integers starting with 0, i.e. 0, 1, 2, ..., [num_class - 1].
  warnings.warn(label_encoder_deprecation_msg, UserWarning)
[15:24:12] WARNING: ../src/learner.cc:223: No visible GPU is found, setting `gpu_id` to -1
[15:24:12] WARNING: ../src/learner.cc:1115: Starting in XGBoost 1.3.0, the default evaluation metric used with the objective 'binary:logistic' was changed from 'error' to 'logloss'. Explicitly set eval_metric if you'd like to restore the old behavior.
