[I 2023-11-09 02:04:29,392] A new study created in memory with name: no-name-182213b6-6262-4919-a448-391e43cdc638
[02:04:29] WARNING: ../src/learner.cc:223: No visible GPU is found, setting `gpu_id` to -1
[02:04:29] WARNING: ../src/learner.cc:1115: Starting in XGBoost 1.3.0, the default evaluation metric used with the objective 'binary:logistic' was changed from 'error' to 'logloss'. Explicitly set eval_metric if you'd like to restore the old behavior.
[I 2023-11-09 02:05:03,205] Trial 0 finished with value: 0.8607197549075563 and parameters: {'n_estimators': 7000, 'max_depth': 6, 'min_child_weight': 7, 'learning_rate': 0.01867645211074207, 'subsample': 0.7131041026091791, 'colsample_bytree': 0.4095275527241392, 'reg_alpha': 9.58615689584827, 'reg_lambda': 9.568062603887954, 'gamma': 0.7999999999999999}. Best is trial 0 with value: 0.8607197549075563.
/home/stepa/.local/lib/python3.6/site-packages/xgboost/sklearn.py:1224: UserWarning: The use of label encoder in XGBClassifier is deprecated and will be removed in a future release. To remove this warning, do the following: 1) Pass option use_label_encoder=False when constructing XGBClassifier object; and 2) Encode your labels (y) as integers starting with 0, i.e. 0, 1, 2, ..., [num_class - 1].
  warnings.warn(label_encoder_deprecation_msg, UserWarning)
[02:05:03] WARNING: ../src/learner.cc:223: No visible GPU is found, setting `gpu_id` to -1
[02:05:03] WARNING: ../src/learner.cc:1115: Starting in XGBoost 1.3.0, the default evaluation metric used with the objective 'binary:logistic' was changed from 'error' to 'logloss'. Explicitly set eval_metric if you'd like to restore the old behavior.
[I 2023-11-09 02:05:50,662] Trial 1 finished with value: 0.8562324298099613 and parameters: {'n_estimators': 11000, 'max_depth': 6, 'min_child_weight': 8, 'learning_rate': 0.021305555673583085, 'subsample': 0.8803211984528259, 'colsample_bytree': 0.6376790375382565, 'reg_alpha': 2.1693288489257636, 'reg_lambda': 0.9784594743486924, 'gamma': 1.0}. Best is trial 0 with value: 0.8607197549075563.
/home/stepa/.local/lib/python3.6/site-packages/xgboost/sklearn.py:1224: UserWarning: The use of label encoder in XGBClassifier is deprecated and will be removed in a future release. To remove this warning, do the following: 1) Pass option use_label_encoder=False when constructing XGBClassifier object; and 2) Encode your labels (y) as integers starting with 0, i.e. 0, 1, 2, ..., [num_class - 1].
  warnings.warn(label_encoder_deprecation_msg, UserWarning)
[02:05:50] WARNING: ../src/learner.cc:223: No visible GPU is found, setting `gpu_id` to -1
[02:05:50] WARNING: ../src/learner.cc:1115: Starting in XGBoost 1.3.0, the default evaluation metric used with the objective 'binary:logistic' was changed from 'error' to 'logloss'. Explicitly set eval_metric if you'd like to restore the old behavior.
[I 2023-11-09 02:06:30,363] Trial 2 finished with value: 0.8627367558370176 and parameters: {'n_estimators': 10700, 'max_depth': 4, 'min_child_weight': 7, 'learning_rate': 0.004734046316828683, 'subsample': 0.7656231426950657, 'colsample_bytree': 0.5524308218165851, 'reg_alpha': 9.646090775847014, 'reg_lambda': 3.332175776255603, 'gamma': 0.8999999999999999}. Best is trial 2 with value: 0.8627367558370176.
/home/stepa/.local/lib/python3.6/site-packages/xgboost/sklearn.py:1224: UserWarning: The use of label encoder in XGBClassifier is deprecated and will be removed in a future release. To remove this warning, do the following: 1) Pass option use_label_encoder=False when constructing XGBClassifier object; and 2) Encode your labels (y) as integers starting with 0, i.e. 0, 1, 2, ..., [num_class - 1].
  warnings.warn(label_encoder_deprecation_msg, UserWarning)
[02:06:30] WARNING: ../src/learner.cc:223: No visible GPU is found, setting `gpu_id` to -1
[02:06:30] WARNING: ../src/learner.cc:1115: Starting in XGBoost 1.3.0, the default evaluation metric used with the objective 'binary:logistic' was changed from 'error' to 'logloss'. Explicitly set eval_metric if you'd like to restore the old behavior.
[I 2023-11-09 02:08:23,949] Trial 3 finished with value: 0.8512709172493005 and parameters: {'n_estimators': 11500, 'max_depth': 10, 'min_child_weight': 7, 'learning_rate': 0.02962124901007559, 'subsample': 0.7490710697771309, 'colsample_bytree': 0.9904581618863996, 'reg_alpha': 5.749433816608109, 'reg_lambda': 7.023297651281327, 'gamma': 0.7999999999999999}. Best is trial 2 with value: 0.8627367558370176.
/home/stepa/.local/lib/python3.6/site-packages/xgboost/sklearn.py:1224: UserWarning: The use of label encoder in XGBClassifier is deprecated and will be removed in a future release. To remove this warning, do the following: 1) Pass option use_label_encoder=False when constructing XGBClassifier object; and 2) Encode your labels (y) as integers starting with 0, i.e. 0, 1, 2, ..., [num_class - 1].
  warnings.warn(label_encoder_deprecation_msg, UserWarning)
[02:08:23] WARNING: ../src/learner.cc:223: No visible GPU is found, setting `gpu_id` to -1
[02:08:24] WARNING: ../src/learner.cc:1115: Starting in XGBoost 1.3.0, the default evaluation metric used with the objective 'binary:logistic' was changed from 'error' to 'logloss'. Explicitly set eval_metric if you'd like to restore the old behavior.
[I 2023-11-09 02:09:07,315] Trial 4 finished with value: 0.8501502585882792 and parameters: {'n_estimators': 9100, 'max_depth': 7, 'min_child_weight': 7, 'learning_rate': 0.06657386841179279, 'subsample': 0.8634284985420899, 'colsample_bytree': 0.3328739160241066, 'reg_alpha': 0.8385405423470331, 'reg_lambda': 7.947121968907436, 'gamma': 0.8999999999999999}. Best is trial 2 with value: 0.8627367558370176.
/home/stepa/.local/lib/python3.6/site-packages/xgboost/sklearn.py:1224: UserWarning: The use of label encoder in XGBClassifier is deprecated and will be removed in a future release. To remove this warning, do the following: 1) Pass option use_label_encoder=False when constructing XGBClassifier object; and 2) Encode your labels (y) as integers starting with 0, i.e. 0, 1, 2, ..., [num_class - 1].
  warnings.warn(label_encoder_deprecation_msg, UserWarning)
[02:09:07] WARNING: ../src/learner.cc:223: No visible GPU is found, setting `gpu_id` to -1
[02:09:07] WARNING: ../src/learner.cc:1115: Starting in XGBoost 1.3.0, the default evaluation metric used with the objective 'binary:logistic' was changed from 'error' to 'logloss'. Explicitly set eval_metric if you'd like to restore the old behavior.
[I 2023-11-09 02:10:07,346] Trial 5 finished with value: 0.8457049717052539 and parameters: {'n_estimators': 10000, 'max_depth': 8, 'min_child_weight': 7, 'learning_rate': 0.09623095270355386, 'subsample': 0.8317943035683689, 'colsample_bytree': 0.3076772351588236, 'reg_alpha': 2.1320984263104132, 'reg_lambda': 1.4755660186785087, 'gamma': 1.0}. Best is trial 2 with value: 0.8627367558370176.
/home/stepa/.local/lib/python3.6/site-packages/xgboost/sklearn.py:1224: UserWarning: The use of label encoder in XGBClassifier is deprecated and will be removed in a future release. To remove this warning, do the following: 1) Pass option use_label_encoder=False when constructing XGBClassifier object; and 2) Encode your labels (y) as integers starting with 0, i.e. 0, 1, 2, ..., [num_class - 1].
  warnings.warn(label_encoder_deprecation_msg, UserWarning)
[02:10:07] WARNING: ../src/learner.cc:223: No visible GPU is found, setting `gpu_id` to -1
[02:10:07] WARNING: ../src/learner.cc:1115: Starting in XGBoost 1.3.0, the default evaluation metric used with the objective 'binary:logistic' was changed from 'error' to 'logloss'. Explicitly set eval_metric if you'd like to restore the old behavior.
[I 2023-11-09 02:11:18,137] Trial 6 finished with value: 0.8516790346684548 and parameters: {'n_estimators': 10900, 'max_depth': 8, 'min_child_weight': 8, 'learning_rate': 0.031198106731420008, 'subsample': 0.8969096533212593, 'colsample_bytree': 0.8282968392319842, 'reg_alpha': 3.3462453194941904, 'reg_lambda': 6.015041706741749, 'gamma': 0.7}. Best is trial 2 with value: 0.8627367558370176.
/home/stepa/.local/lib/python3.6/site-packages/xgboost/sklearn.py:1224: UserWarning: The use of label encoder in XGBClassifier is deprecated and will be removed in a future release. To remove this warning, do the following: 1) Pass option use_label_encoder=False when constructing XGBClassifier object; and 2) Encode your labels (y) as integers starting with 0, i.e. 0, 1, 2, ..., [num_class - 1].
  warnings.warn(label_encoder_deprecation_msg, UserWarning)
[02:11:18] WARNING: ../src/learner.cc:223: No visible GPU is found, setting `gpu_id` to -1
[02:11:18] WARNING: ../src/learner.cc:1115: Starting in XGBoost 1.3.0, the default evaluation metric used with the objective 'binary:logistic' was changed from 'error' to 'logloss'. Explicitly set eval_metric if you'd like to restore the old behavior.
[I 2023-11-09 02:12:27,288] Trial 7 finished with value: 0.8652553175323713 and parameters: {'n_estimators': 11900, 'max_depth': 9, 'min_child_weight': 8, 'learning_rate': 0.0007303578022755703, 'subsample': 0.7317921392482419, 'colsample_bytree': 0.14655051946646125, 'reg_alpha': 7.045295383184624, 'reg_lambda': 5.42735097022817, 'gamma': 0.7}. Best is trial 7 with value: 0.8652553175323713.
/home/stepa/.local/lib/python3.6/site-packages/xgboost/sklearn.py:1224: UserWarning: The use of label encoder in XGBClassifier is deprecated and will be removed in a future release. To remove this warning, do the following: 1) Pass option use_label_encoder=False when constructing XGBClassifier object; and 2) Encode your labels (y) as integers starting with 0, i.e. 0, 1, 2, ..., [num_class - 1].
  warnings.warn(label_encoder_deprecation_msg, UserWarning)
[02:12:27] WARNING: ../src/learner.cc:223: No visible GPU is found, setting `gpu_id` to -1
[02:12:27] WARNING: ../src/learner.cc:1115: Starting in XGBoost 1.3.0, the default evaluation metric used with the objective 'binary:logistic' was changed from 'error' to 'logloss'. Explicitly set eval_metric if you'd like to restore the old behavior.
[I 2023-11-09 02:13:43,641] Trial 8 finished with value: 0.8610692086827614 and parameters: {'n_estimators': 11600, 'max_depth': 8, 'min_child_weight': 7, 'learning_rate': 0.004278730520225558, 'subsample': 0.8516014767651501, 'colsample_bytree': 0.8668454366189227, 'reg_alpha': 9.23682618666413, 'reg_lambda': 4.2778830430777495, 'gamma': 0.7999999999999999}. Best is trial 7 with value: 0.8652553175323713.
/home/stepa/.local/lib/python3.6/site-packages/xgboost/sklearn.py:1224: UserWarning: The use of label encoder in XGBClassifier is deprecated and will be removed in a future release. To remove this warning, do the following: 1) Pass option use_label_encoder=False when constructing XGBClassifier object; and 2) Encode your labels (y) as integers starting with 0, i.e. 0, 1, 2, ..., [num_class - 1].
  warnings.warn(label_encoder_deprecation_msg, UserWarning)
[02:13:43] WARNING: ../src/learner.cc:223: No visible GPU is found, setting `gpu_id` to -1
[02:13:43] WARNING: ../src/learner.cc:1115: Starting in XGBoost 1.3.0, the default evaluation metric used with the objective 'binary:logistic' was changed from 'error' to 'logloss'. Explicitly set eval_metric if you'd like to restore the old behavior.
[I 2023-11-09 02:14:34,955] Trial 9 finished with value: 0.8636091302277618 and parameters: {'n_estimators': 8300, 'max_depth': 8, 'min_child_weight': 8, 'learning_rate': 0.0006581100646449083, 'subsample': 0.8572028793840829, 'colsample_bytree': 0.37957789177596213, 'reg_alpha': 2.607327166432773, 'reg_lambda': 4.738399364944147, 'gamma': 0.8999999999999999}. Best is trial 7 with value: 0.8652553175323713.
/home/stepa/.local/lib/python3.6/site-packages/xgboost/sklearn.py:1224: UserWarning: The use of label encoder in XGBClassifier is deprecated and will be removed in a future release. To remove this warning, do the following: 1) Pass option use_label_encoder=False when constructing XGBClassifier object; and 2) Encode your labels (y) as integers starting with 0, i.e. 0, 1, 2, ..., [num_class - 1].
  warnings.warn(label_encoder_deprecation_msg, UserWarning)
[02:14:34] WARNING: ../src/learner.cc:223: No visible GPU is found, setting `gpu_id` to -1
[02:14:35] WARNING: ../src/learner.cc:1115: Starting in XGBoost 1.3.0, the default evaluation metric used with the objective 'binary:logistic' was changed from 'error' to 'logloss'. Explicitly set eval_metric if you'd like to restore the old behavior.
[I 2023-11-09 02:15:36,857] Trial 10 finished with value: 0.8698153516540916 and parameters: {'n_estimators': 9500, 'max_depth': 10, 'min_child_weight': 8, 'learning_rate': 0.00011050462313146896, 'subsample': 0.9841405387740002, 'colsample_bytree': 0.10207931404141657, 'reg_alpha': 6.758636515396309, 'reg_lambda': 2.8710988580502335, 'gamma': 0.7}. Best is trial 10 with value: 0.8698153516540916.
/home/stepa/.local/lib/python3.6/site-packages/xgboost/sklearn.py:1224: UserWarning: The use of label encoder in XGBClassifier is deprecated and will be removed in a future release. To remove this warning, do the following: 1) Pass option use_label_encoder=False when constructing XGBClassifier object; and 2) Encode your labels (y) as integers starting with 0, i.e. 0, 1, 2, ..., [num_class - 1].
  warnings.warn(label_encoder_deprecation_msg, UserWarning)
[02:15:36] WARNING: ../src/learner.cc:223: No visible GPU is found, setting `gpu_id` to -1
[02:15:36] WARNING: ../src/learner.cc:1115: Starting in XGBoost 1.3.0, the default evaluation metric used with the objective 'binary:logistic' was changed from 'error' to 'logloss'. Explicitly set eval_metric if you'd like to restore the old behavior.
[I 2023-11-09 02:16:37,586] Trial 11 finished with value: 0.8697917534968471 and parameters: {'n_estimators': 9200, 'max_depth': 10, 'min_child_weight': 8, 'learning_rate': 0.00012308927343011492, 'subsample': 0.9943125367467753, 'colsample_bytree': 0.11851977790942278, 'reg_alpha': 6.448917358832888, 'reg_lambda': 3.140386400307711, 'gamma': 0.7}. Best is trial 10 with value: 0.8698153516540916.
/home/stepa/.local/lib/python3.6/site-packages/xgboost/sklearn.py:1224: UserWarning: The use of label encoder in XGBClassifier is deprecated and will be removed in a future release. To remove this warning, do the following: 1) Pass option use_label_encoder=False when constructing XGBClassifier object; and 2) Encode your labels (y) as integers starting with 0, i.e. 0, 1, 2, ..., [num_class - 1].
  warnings.warn(label_encoder_deprecation_msg, UserWarning)
[02:16:37] WARNING: ../src/learner.cc:223: No visible GPU is found, setting `gpu_id` to -1
[02:16:37] WARNING: ../src/learner.cc:1115: Starting in XGBoost 1.3.0, the default evaluation metric used with the objective 'binary:logistic' was changed from 'error' to 'logloss'. Explicitly set eval_metric if you'd like to restore the old behavior.
[I 2023-11-09 02:17:38,528] Trial 12 finished with value: 0.8698515003217946 and parameters: {'n_estimators': 9000, 'max_depth': 10, 'min_child_weight': 8, 'learning_rate': 0.00010311176194734689, 'subsample': 0.97388217551394, 'colsample_bytree': 0.10208250466400903, 'reg_alpha': 7.096581024850337, 'reg_lambda': 2.3072091492156317, 'gamma': 0.7}. Best is trial 12 with value: 0.8698515003217946.
/home/stepa/.local/lib/python3.6/site-packages/xgboost/sklearn.py:1224: UserWarning: The use of label encoder in XGBClassifier is deprecated and will be removed in a future release. To remove this warning, do the following: 1) Pass option use_label_encoder=False when constructing XGBClassifier object; and 2) Encode your labels (y) as integers starting with 0, i.e. 0, 1, 2, ..., [num_class - 1].
  warnings.warn(label_encoder_deprecation_msg, UserWarning)
[02:17:38] WARNING: ../src/learner.cc:223: No visible GPU is found, setting `gpu_id` to -1
[02:17:38] WARNING: ../src/learner.cc:1115: Starting in XGBoost 1.3.0, the default evaluation metric used with the objective 'binary:logistic' was changed from 'error' to 'logloss'. Explicitly set eval_metric if you'd like to restore the old behavior.
[I 2023-11-09 02:18:47,064] Trial 13 finished with value: 0.8672095219427829 and parameters: {'n_estimators': 8000, 'max_depth': 10, 'min_child_weight': 8, 'learning_rate': 0.000110279610089097, 'subsample': 0.9984601768154898, 'colsample_bytree': 0.21140042942422493, 'reg_alpha': 7.7060164797630515, 'reg_lambda': 0.10598871195849524, 'gamma': 0.7}. Best is trial 12 with value: 0.8698515003217946.
/home/stepa/.local/lib/python3.6/site-packages/xgboost/sklearn.py:1224: UserWarning: The use of label encoder in XGBClassifier is deprecated and will be removed in a future release. To remove this warning, do the following: 1) Pass option use_label_encoder=False when constructing XGBClassifier object; and 2) Encode your labels (y) as integers starting with 0, i.e. 0, 1, 2, ..., [num_class - 1].
  warnings.warn(label_encoder_deprecation_msg, UserWarning)
[02:18:47] WARNING: ../src/learner.cc:223: No visible GPU is found, setting `gpu_id` to -1
[02:18:47] WARNING: ../src/learner.cc:1115: Starting in XGBoost 1.3.0, the default evaluation metric used with the objective 'binary:logistic' was changed from 'error' to 'logloss'. Explicitly set eval_metric if you'd like to restore the old behavior.
[I 2023-11-09 02:20:03,198] Trial 14 finished with value: 0.8653102659854063 and parameters: {'n_estimators': 9900, 'max_depth': 9, 'min_child_weight': 8, 'learning_rate': 0.000312357375958808, 'subsample': 0.9455588361651457, 'colsample_bytree': 0.23846266385371778, 'reg_alpha': 4.5661701860718455, 'reg_lambda': 2.105681526005136, 'gamma': 0.7}. Best is trial 12 with value: 0.8698515003217946.
/home/stepa/.local/lib/python3.6/site-packages/xgboost/sklearn.py:1224: UserWarning: The use of label encoder in XGBClassifier is deprecated and will be removed in a future release. To remove this warning, do the following: 1) Pass option use_label_encoder=False when constructing XGBClassifier object; and 2) Encode your labels (y) as integers starting with 0, i.e. 0, 1, 2, ..., [num_class - 1].
  warnings.warn(label_encoder_deprecation_msg, UserWarning)
[02:20:03] WARNING: ../src/learner.cc:223: No visible GPU is found, setting `gpu_id` to -1
[02:20:03] WARNING: ../src/learner.cc:1115: Starting in XGBoost 1.3.0, the default evaluation metric used with the objective 'binary:logistic' was changed from 'error' to 'logloss'. Explicitly set eval_metric if you'd like to restore the old behavior.
[I 2023-11-09 02:21:07,815] Trial 15 finished with value: 0.864821759349182 and parameters: {'n_estimators': 8400, 'max_depth': 9, 'min_child_weight': 8, 'learning_rate': 0.000305606752592167, 'subsample': 0.95152385253788, 'colsample_bytree': 0.4952003094711205, 'reg_alpha': 8.111784552773836, 'reg_lambda': 2.898424619409268, 'gamma': 0.7999999999999999}. Best is trial 12 with value: 0.8698515003217946.
/home/stepa/.local/lib/python3.6/site-packages/xgboost/sklearn.py:1224: UserWarning: The use of label encoder in XGBClassifier is deprecated and will be removed in a future release. To remove this warning, do the following: 1) Pass option use_label_encoder=False when constructing XGBClassifier object; and 2) Encode your labels (y) as integers starting with 0, i.e. 0, 1, 2, ..., [num_class - 1].
  warnings.warn(label_encoder_deprecation_msg, UserWarning)
[02:21:07] WARNING: ../src/learner.cc:223: No visible GPU is found, setting `gpu_id` to -1
[02:21:07] WARNING: ../src/learner.cc:1115: Starting in XGBoost 1.3.0, the default evaluation metric used with the objective 'binary:logistic' was changed from 'error' to 'logloss'. Explicitly set eval_metric if you'd like to restore the old behavior.
[I 2023-11-09 02:22:08,627] Trial 16 finished with value: 0.8625906243282204 and parameters: {'n_estimators': 8800, 'max_depth': 10, 'min_child_weight': 8, 'learning_rate': 0.001439853238513713, 'subsample': 0.9385958618659656, 'colsample_bytree': 0.22527921795989497, 'reg_alpha': 5.154297451463767, 'reg_lambda': 0.14927943315215497, 'gamma': 0.7}. Best is trial 12 with value: 0.8698515003217946.
/home/stepa/.local/lib/python3.6/site-packages/xgboost/sklearn.py:1224: UserWarning: The use of label encoder in XGBClassifier is deprecated and will be removed in a future release. To remove this warning, do the following: 1) Pass option use_label_encoder=False when constructing XGBClassifier object; and 2) Encode your labels (y) as integers starting with 0, i.e. 0, 1, 2, ..., [num_class - 1].
  warnings.warn(label_encoder_deprecation_msg, UserWarning)
[02:22:08] WARNING: ../src/learner.cc:223: No visible GPU is found, setting `gpu_id` to -1
[02:22:08] WARNING: ../src/learner.cc:1115: Starting in XGBoost 1.3.0, the default evaluation metric used with the objective 'binary:logistic' was changed from 'error' to 'logloss'. Explicitly set eval_metric if you'd like to restore the old behavior.
