[I 2023-11-06 15:53:58,649] Trial 162 finished with value: 0.8706084319996975 and parameters: {'n_estimators': 7800, 'max_depth': 6, 'min_child_weight': 7, 'learning_rate': 0.014548095886176556, 'subsample': 0.9509162776303403, 'colsample_bytree': 0.1789897071188124, 'reg_alpha': 3.242496554356805, 'reg_lambda': 6.262206605535187, 'gamma': 0.8999999999999999}. Best is trial 74 with value: 0.8707075030912526.
/home/stepa/.local/lib/python3.6/site-packages/xgboost/sklearn.py:1224: UserWarning: The use of label encoder in XGBClassifier is deprecated and will be removed in a future release. To remove this warning, do the following: 1) Pass option use_label_encoder=False when constructing XGBClassifier object; and 2) Encode your labels (y) as integers starting with 0, i.e. 0, 1, 2, ..., [num_class - 1].
  warnings.warn(label_encoder_deprecation_msg, UserWarning)
[15:53:58] WARNING: ../src/learner.cc:223: No visible GPU is found, setting `gpu_id` to -1
[15:53:58] WARNING: ../src/learner.cc:1115: Starting in XGBoost 1.3.0, the default evaluation metric used with the objective 'binary:logistic' was changed from 'error' to 'logloss'. Explicitly set eval_metric if you'd like to restore the old behavior.
[I 2023-11-06 15:54:27,616] Trial 163 finished with value: 0.8699333544312478 and parameters: {'n_estimators': 7900, 'max_depth': 6, 'min_child_weight': 7, 'learning_rate': 0.014798154725909151, 'subsample': 0.9526837181806277, 'colsample_bytree': 0.10055613968320862, 'reg_alpha': 2.65574662032145, 'reg_lambda': 6.383179038455191, 'gamma': 0.8999999999999999}. Best is trial 74 with value: 0.8707075030912526.
/home/stepa/.local/lib/python3.6/site-packages/xgboost/sklearn.py:1224: UserWarning: The use of label encoder in XGBClassifier is deprecated and will be removed in a future release. To remove this warning, do the following: 1) Pass option use_label_encoder=False when constructing XGBClassifier object; and 2) Encode your labels (y) as integers starting with 0, i.e. 0, 1, 2, ..., [num_class - 1].
  warnings.warn(label_encoder_deprecation_msg, UserWarning)
[15:54:27] WARNING: ../src/learner.cc:223: No visible GPU is found, setting `gpu_id` to -1
[15:54:27] WARNING: ../src/learner.cc:1115: Starting in XGBoost 1.3.0, the default evaluation metric used with the objective 'binary:logistic' was changed from 'error' to 'logloss'. Explicitly set eval_metric if you'd like to restore the old behavior.
[I 2023-11-06 15:54:58,430] Trial 164 finished with value: 0.8705251629600845 and parameters: {'n_estimators': 8300, 'max_depth': 6, 'min_child_weight': 7, 'learning_rate': 0.019756524474768795, 'subsample': 0.9401972774503902, 'colsample_bytree': 0.13515196671096566, 'reg_alpha': 3.22341245885163, 'reg_lambda': 6.482076561634532, 'gamma': 0.8999999999999999}. Best is trial 74 with value: 0.8707075030912526.
/home/stepa/.local/lib/python3.6/site-packages/xgboost/sklearn.py:1224: UserWarning: The use of label encoder in XGBClassifier is deprecated and will be removed in a future release. To remove this warning, do the following: 1) Pass option use_label_encoder=False when constructing XGBClassifier object; and 2) Encode your labels (y) as integers starting with 0, i.e. 0, 1, 2, ..., [num_class - 1].
  warnings.warn(label_encoder_deprecation_msg, UserWarning)
[15:54:58] WARNING: ../src/learner.cc:223: No visible GPU is found, setting `gpu_id` to -1
[15:54:58] WARNING: ../src/learner.cc:1115: Starting in XGBoost 1.3.0, the default evaluation metric used with the objective 'binary:logistic' was changed from 'error' to 'logloss'. Explicitly set eval_metric if you'd like to restore the old behavior.
[I 2023-11-06 15:55:28,324] Trial 165 finished with value: 0.8706142296160734 and parameters: {'n_estimators': 8000, 'max_depth': 6, 'min_child_weight': 7, 'learning_rate': 0.01393569337458314, 'subsample': 0.9508339270192491, 'colsample_bytree': 0.19146266542471943, 'reg_alpha': 3.1158271933811523, 'reg_lambda': 5.701897333758417, 'gamma': 0.8999999999999999}. Best is trial 74 with value: 0.8707075030912526.
/home/stepa/.local/lib/python3.6/site-packages/xgboost/sklearn.py:1224: UserWarning: The use of label encoder in XGBClassifier is deprecated and will be removed in a future release. To remove this warning, do the following: 1) Pass option use_label_encoder=False when constructing XGBClassifier object; and 2) Encode your labels (y) as integers starting with 0, i.e. 0, 1, 2, ..., [num_class - 1].
  warnings.warn(label_encoder_deprecation_msg, UserWarning)
[15:55:28] WARNING: ../src/learner.cc:223: No visible GPU is found, setting `gpu_id` to -1
[15:55:28] WARNING: ../src/learner.cc:1115: Starting in XGBoost 1.3.0, the default evaluation metric used with the objective 'binary:logistic' was changed from 'error' to 'logloss'. Explicitly set eval_metric if you'd like to restore the old behavior.
[I 2023-11-06 15:55:57,527] Trial 166 finished with value: 0.8704289037424491 and parameters: {'n_estimators': 8000, 'max_depth': 6, 'min_child_weight': 7, 'learning_rate': 0.018817498410066275, 'subsample': 0.9672903464368111, 'colsample_bytree': 0.21097727714383785, 'reg_alpha': 2.9621233277880767, 'reg_lambda': 5.695376838389916, 'gamma': 0.8999999999999999}. Best is trial 74 with value: 0.8707075030912526.
/home/stepa/.local/lib/python3.6/site-packages/xgboost/sklearn.py:1224: UserWarning: The use of label encoder in XGBClassifier is deprecated and will be removed in a future release. To remove this warning, do the following: 1) Pass option use_label_encoder=False when constructing XGBClassifier object; and 2) Encode your labels (y) as integers starting with 0, i.e. 0, 1, 2, ..., [num_class - 1].
  warnings.warn(label_encoder_deprecation_msg, UserWarning)
[15:55:57] WARNING: ../src/learner.cc:223: No visible GPU is found, setting `gpu_id` to -1
[15:55:57] WARNING: ../src/learner.cc:1115: Starting in XGBoost 1.3.0, the default evaluation metric used with the objective 'binary:logistic' was changed from 'error' to 'logloss'. Explicitly set eval_metric if you'd like to restore the old behavior.
[I 2023-11-06 15:56:27,973] Trial 167 finished with value: 0.870592967692384 and parameters: {'n_estimators': 8100, 'max_depth': 6, 'min_child_weight': 7, 'learning_rate': 0.013941087626847197, 'subsample': 0.94399481079879, 'colsample_bytree': 0.19722642502805351, 'reg_alpha': 2.440165249745477, 'reg_lambda': 5.569919435235162, 'gamma': 0.8999999999999999}. Best is trial 74 with value: 0.8707075030912526.
/home/stepa/.local/lib/python3.6/site-packages/xgboost/sklearn.py:1224: UserWarning: The use of label encoder in XGBClassifier is deprecated and will be removed in a future release. To remove this warning, do the following: 1) Pass option use_label_encoder=False when constructing XGBClassifier object; and 2) Encode your labels (y) as integers starting with 0, i.e. 0, 1, 2, ..., [num_class - 1].
  warnings.warn(label_encoder_deprecation_msg, UserWarning)
[15:56:28] WARNING: ../src/learner.cc:223: No visible GPU is found, setting `gpu_id` to -1
[15:56:28] WARNING: ../src/learner.cc:1115: Starting in XGBoost 1.3.0, the default evaluation metric used with the objective 'binary:logistic' was changed from 'error' to 'logloss'. Explicitly set eval_metric if you'd like to restore the old behavior.
[I 2023-11-06 15:56:57,512] Trial 168 finished with value: 0.87053317690068 and parameters: {'n_estimators': 8100, 'max_depth': 6, 'min_child_weight': 7, 'learning_rate': 0.011713972286290657, 'subsample': 0.9388182352336236, 'colsample_bytree': 0.1934763769796704, 'reg_alpha': 1.9285769532861403, 'reg_lambda': 6.23862046076493, 'gamma': 0.8999999999999999}. Best is trial 74 with value: 0.8707075030912526.
/home/stepa/.local/lib/python3.6/site-packages/xgboost/sklearn.py:1224: UserWarning: The use of label encoder in XGBClassifier is deprecated and will be removed in a future release. To remove this warning, do the following: 1) Pass option use_label_encoder=False when constructing XGBClassifier object; and 2) Encode your labels (y) as integers starting with 0, i.e. 0, 1, 2, ..., [num_class - 1].
  warnings.warn(label_encoder_deprecation_msg, UserWarning)
[15:56:57] WARNING: ../src/learner.cc:223: No visible GPU is found, setting `gpu_id` to -1
[15:56:57] WARNING: ../src/learner.cc:1115: Starting in XGBoost 1.3.0, the default evaluation metric used with the objective 'binary:logistic' was changed from 'error' to 'logloss'. Explicitly set eval_metric if you'd like to restore the old behavior.
[I 2023-11-06 15:57:25,845] Trial 169 finished with value: 0.8702338991869535 and parameters: {'n_estimators': 7700, 'max_depth': 6, 'min_child_weight': 7, 'learning_rate': 0.014358749741722732, 'subsample': 0.9540556695716683, 'colsample_bytree': 0.22323369783352248, 'reg_alpha': 2.359841012576769, 'reg_lambda': 5.610769479746121, 'gamma': 0.8999999999999999}. Best is trial 74 with value: 0.8707075030912526.
/home/stepa/.local/lib/python3.6/site-packages/xgboost/sklearn.py:1224: UserWarning: The use of label encoder in XGBClassifier is deprecated and will be removed in a future release. To remove this warning, do the following: 1) Pass option use_label_encoder=False when constructing XGBClassifier object; and 2) Encode your labels (y) as integers starting with 0, i.e. 0, 1, 2, ..., [num_class - 1].
  warnings.warn(label_encoder_deprecation_msg, UserWarning)
[15:57:25] WARNING: ../src/learner.cc:223: No visible GPU is found, setting `gpu_id` to -1
[15:57:25] WARNING: ../src/learner.cc:1115: Starting in XGBoost 1.3.0, the default evaluation metric used with the objective 'binary:logistic' was changed from 'error' to 'logloss'. Explicitly set eval_metric if you'd like to restore the old behavior.
[I 2023-11-06 15:57:54,358] Trial 170 finished with value: 0.8706664721151021 and parameters: {'n_estimators': 7800, 'max_depth': 6, 'min_child_weight': 7, 'learning_rate': 0.013244794754424987, 'subsample': 0.9254594310940032, 'colsample_bytree': 0.1828203910255744, 'reg_alpha': 2.8111149059879406, 'reg_lambda': 5.818761205522733, 'gamma': 0.8999999999999999}. Best is trial 74 with value: 0.8707075030912526.
/home/stepa/.local/lib/python3.6/site-packages/xgboost/sklearn.py:1224: UserWarning: The use of label encoder in XGBClassifier is deprecated and will be removed in a future release. To remove this warning, do the following: 1) Pass option use_label_encoder=False when constructing XGBClassifier object; and 2) Encode your labels (y) as integers starting with 0, i.e. 0, 1, 2, ..., [num_class - 1].
  warnings.warn(label_encoder_deprecation_msg, UserWarning)
[15:57:54] WARNING: ../src/learner.cc:223: No visible GPU is found, setting `gpu_id` to -1
[15:57:54] WARNING: ../src/learner.cc:1115: Starting in XGBoost 1.3.0, the default evaluation metric used with the objective 'binary:logistic' was changed from 'error' to 'logloss'. Explicitly set eval_metric if you'd like to restore the old behavior.
[I 2023-11-06 15:58:22,734] Trial 171 finished with value: 0.8704421157527424 and parameters: {'n_estimators': 7800, 'max_depth': 6, 'min_child_weight': 7, 'learning_rate': 0.012955807583419148, 'subsample': 0.953268589433194, 'colsample_bytree': 0.18096760437941845, 'reg_alpha': 2.46810573019464, 'reg_lambda': 5.863215337058777, 'gamma': 0.8999999999999999}. Best is trial 74 with value: 0.8707075030912526.
/home/stepa/.local/lib/python3.6/site-packages/xgboost/sklearn.py:1224: UserWarning: The use of label encoder in XGBClassifier is deprecated and will be removed in a future release. To remove this warning, do the following: 1) Pass option use_label_encoder=False when constructing XGBClassifier object; and 2) Encode your labels (y) as integers starting with 0, i.e. 0, 1, 2, ..., [num_class - 1].
  warnings.warn(label_encoder_deprecation_msg, UserWarning)
[15:58:22] WARNING: ../src/learner.cc:223: No visible GPU is found, setting `gpu_id` to -1
[15:58:22] WARNING: ../src/learner.cc:1115: Starting in XGBoost 1.3.0, the default evaluation metric used with the objective 'binary:logistic' was changed from 'error' to 'logloss'. Explicitly set eval_metric if you'd like to restore the old behavior.
[I 2023-11-06 15:58:52,152] Trial 172 finished with value: 0.8706077864877743 and parameters: {'n_estimators': 7900, 'max_depth': 6, 'min_child_weight': 7, 'learning_rate': 0.015074732336257937, 'subsample': 0.9270421029383198, 'colsample_bytree': 0.17109490720172854, 'reg_alpha': 3.08044344687178, 'reg_lambda': 5.984403483101769, 'gamma': 0.8999999999999999}. Best is trial 74 with value: 0.8707075030912526.
/home/stepa/.local/lib/python3.6/site-packages/xgboost/sklearn.py:1224: UserWarning: The use of label encoder in XGBClassifier is deprecated and will be removed in a future release. To remove this warning, do the following: 1) Pass option use_label_encoder=False when constructing XGBClassifier object; and 2) Encode your labels (y) as integers starting with 0, i.e. 0, 1, 2, ..., [num_class - 1].
  warnings.warn(label_encoder_deprecation_msg, UserWarning)
[15:58:52] WARNING: ../src/learner.cc:223: No visible GPU is found, setting `gpu_id` to -1
[15:58:52] WARNING: ../src/learner.cc:1115: Starting in XGBoost 1.3.0, the default evaluation metric used with the objective 'binary:logistic' was changed from 'error' to 'logloss'. Explicitly set eval_metric if you'd like to restore the old behavior.
[I 2023-11-06 15:59:21,763] Trial 173 finished with value: 0.870517752563145 and parameters: {'n_estimators': 8000, 'max_depth': 6, 'min_child_weight': 7, 'learning_rate': 0.011439947701717374, 'subsample': 0.9453829073483089, 'colsample_bytree': 0.19126917795682277, 'reg_alpha': 2.823510687191024, 'reg_lambda': 6.225018637373886, 'gamma': 0.8999999999999999}. Best is trial 74 with value: 0.8707075030912526.
/home/stepa/.local/lib/python3.6/site-packages/xgboost/sklearn.py:1224: UserWarning: The use of label encoder in XGBClassifier is deprecated and will be removed in a future release. To remove this warning, do the following: 1) Pass option use_label_encoder=False when constructing XGBClassifier object; and 2) Encode your labels (y) as integers starting with 0, i.e. 0, 1, 2, ..., [num_class - 1].
  warnings.warn(label_encoder_deprecation_msg, UserWarning)
[15:59:21] WARNING: ../src/learner.cc:223: No visible GPU is found, setting `gpu_id` to -1
[15:59:21] WARNING: ../src/learner.cc:1115: Starting in XGBoost 1.3.0, the default evaluation metric used with the objective 'binary:logistic' was changed from 'error' to 'logloss'. Explicitly set eval_metric if you'd like to restore the old behavior.
[I 2023-11-06 15:59:51,310] Trial 174 finished with value: 0.8705264759673094 and parameters: {'n_estimators': 7900, 'max_depth': 6, 'min_child_weight': 7, 'learning_rate': 0.014705968590366044, 'subsample': 0.9284637941215717, 'colsample_bytree': 0.20591720821958706, 'reg_alpha': 3.122790716101156, 'reg_lambda': 6.5161265119219, 'gamma': 0.8999999999999999}. Best is trial 74 with value: 0.8707075030912526.
/home/stepa/.local/lib/python3.6/site-packages/xgboost/sklearn.py:1224: UserWarning: The use of label encoder in XGBClassifier is deprecated and will be removed in a future release. To remove this warning, do the following: 1) Pass option use_label_encoder=False when constructing XGBClassifier object; and 2) Encode your labels (y) as integers starting with 0, i.e. 0, 1, 2, ..., [num_class - 1].
  warnings.warn(label_encoder_deprecation_msg, UserWarning)
[15:59:51] WARNING: ../src/learner.cc:223: No visible GPU is found, setting `gpu_id` to -1
[15:59:51] WARNING: ../src/learner.cc:1115: Starting in XGBoost 1.3.0, the default evaluation metric used with the objective 'binary:logistic' was changed from 'error' to 'logloss'. Explicitly set eval_metric if you'd like to restore the old behavior.
[I 2023-11-06 16:00:21,932] Trial 175 finished with value: 0.8707008361321937 and parameters: {'n_estimators': 8200, 'max_depth': 6, 'min_child_weight': 7, 'learning_rate': 0.01336646735349899, 'subsample': 0.970448871435319, 'colsample_bytree': 0.1709128667208214, 'reg_alpha': 2.8381561592443827, 'reg_lambda': 5.54443557319805, 'gamma': 0.8999999999999999}. Best is trial 74 with value: 0.8707075030912526.
/home/stepa/.local/lib/python3.6/site-packages/xgboost/sklearn.py:1224: UserWarning: The use of label encoder in XGBClassifier is deprecated and will be removed in a future release. To remove this warning, do the following: 1) Pass option use_label_encoder=False when constructing XGBClassifier object; and 2) Encode your labels (y) as integers starting with 0, i.e. 0, 1, 2, ..., [num_class - 1].
  warnings.warn(label_encoder_deprecation_msg, UserWarning)
[16:00:21] WARNING: ../src/learner.cc:223: No visible GPU is found, setting `gpu_id` to -1
[16:00:22] WARNING: ../src/learner.cc:1115: Starting in XGBoost 1.3.0, the default evaluation metric used with the objective 'binary:logistic' was changed from 'error' to 'logloss'. Explicitly set eval_metric if you'd like to restore the old behavior.
[I 2023-11-06 16:00:52,175] Trial 176 finished with value: 0.8669392742792033 and parameters: {'n_estimators': 8100, 'max_depth': 6, 'min_child_weight': 7, 'learning_rate': 0.021588358837065544, 'subsample': 0.973557596986912, 'colsample_bytree': 0.6033069797374512, 'reg_alpha': 2.568172068081787, 'reg_lambda': 5.523050164920026, 'gamma': 0.8999999999999999}. Best is trial 74 with value: 0.8707075030912526.
/home/stepa/.local/lib/python3.6/site-packages/xgboost/sklearn.py:1224: UserWarning: The use of label encoder in XGBClassifier is deprecated and will be removed in a future release. To remove this warning, do the following: 1) Pass option use_label_encoder=False when constructing XGBClassifier object; and 2) Encode your labels (y) as integers starting with 0, i.e. 0, 1, 2, ..., [num_class - 1].
  warnings.warn(label_encoder_deprecation_msg, UserWarning)
[16:00:52] WARNING: ../src/learner.cc:223: No visible GPU is found, setting `gpu_id` to -1
[16:00:52] WARNING: ../src/learner.cc:1115: Starting in XGBoost 1.3.0, the default evaluation metric used with the objective 'binary:logistic' was changed from 'error' to 'logloss'. Explicitly set eval_metric if you'd like to restore the old behavior.
[I 2023-11-06 16:01:23,663] Trial 177 finished with value: 0.8683313697047153 and parameters: {'n_estimators': 8200, 'max_depth': 6, 'min_child_weight': 7, 'learning_rate': 0.008586356243268624, 'subsample': 0.9222645874584978, 'colsample_bytree': 0.7485702277409488, 'reg_alpha': 2.8868193093934904, 'reg_lambda': 4.923718466326749, 'gamma': 0.8999999999999999}. Best is trial 74 with value: 0.8707075030912526.
/home/stepa/.local/lib/python3.6/site-packages/xgboost/sklearn.py:1224: UserWarning: The use of label encoder in XGBClassifier is deprecated and will be removed in a future release. To remove this warning, do the following: 1) Pass option use_label_encoder=False when constructing XGBClassifier object; and 2) Encode your labels (y) as integers starting with 0, i.e. 0, 1, 2, ..., [num_class - 1].
  warnings.warn(label_encoder_deprecation_msg, UserWarning)
[16:01:23] WARNING: ../src/learner.cc:223: No visible GPU is found, setting `gpu_id` to -1
[16:01:23] WARNING: ../src/learner.cc:1115: Starting in XGBoost 1.3.0, the default evaluation metric used with the objective 'binary:logistic' was changed from 'error' to 'logloss'. Explicitly set eval_metric if you'd like to restore the old behavior.
[I 2023-11-06 16:01:52,990] Trial 178 finished with value: 0.8704333164059989 and parameters: {'n_estimators': 8100, 'max_depth': 6, 'min_child_weight': 7, 'learning_rate': 0.018535728463626527, 'subsample': 0.9629066015336171, 'colsample_bytree': 0.1711343573251919, 'reg_alpha': 1.887134148869015, 'reg_lambda': 5.7315710035564775, 'gamma': 0.8999999999999999}. Best is trial 74 with value: 0.8707075030912526.
/home/stepa/.local/lib/python3.6/site-packages/xgboost/sklearn.py:1224: UserWarning: The use of label encoder in XGBClassifier is deprecated and will be removed in a future release. To remove this warning, do the following: 1) Pass option use_label_encoder=False when constructing XGBClassifier object; and 2) Encode your labels (y) as integers starting with 0, i.e. 0, 1, 2, ..., [num_class - 1].
  warnings.warn(label_encoder_deprecation_msg, UserWarning)
[16:01:53] WARNING: ../src/learner.cc:223: No visible GPU is found, setting `gpu_id` to -1
[16:01:53] WARNING: ../src/learner.cc:1115: Starting in XGBoost 1.3.0, the default evaluation metric used with the objective 'binary:logistic' was changed from 'error' to 'logloss'. Explicitly set eval_metric if you'd like to restore the old behavior.
[I 2023-11-06 16:02:21,952] Trial 179 finished with value: 0.8702262589637874 and parameters: {'n_estimators': 7900, 'max_depth': 6, 'min_child_weight': 7, 'learning_rate': 0.012488862863189284, 'subsample': 0.9466379306388515, 'colsample_bytree': 0.2438629658116541, 'reg_alpha': 2.159851034767267, 'reg_lambda': 6.911281186878976, 'gamma': 0.8999999999999999}. Best is trial 74 with value: 0.8707075030912526.
/home/stepa/.local/lib/python3.6/site-packages/xgboost/sklearn.py:1224: UserWarning: The use of label encoder in XGBClassifier is deprecated and will be removed in a future release. To remove this warning, do the following: 1) Pass option use_label_encoder=False when constructing XGBClassifier object; and 2) Encode your labels (y) as integers starting with 0, i.e. 0, 1, 2, ..., [num_class - 1].
  warnings.warn(label_encoder_deprecation_msg, UserWarning)
[16:02:21] WARNING: ../src/learner.cc:223: No visible GPU is found, setting `gpu_id` to -1
[16:02:22] WARNING: ../src/learner.cc:1115: Starting in XGBoost 1.3.0, the default evaluation metric used with the objective 'binary:logistic' was changed from 'error' to 'logloss'. Explicitly set eval_metric if you'd like to restore the old behavior.
