[I 2023-11-06 18:50:27,727] Trial 486 finished with value: 0.8704490465123397 and parameters: {'n_estimators': 8200, 'max_depth': 6, 'min_child_weight': 8, 'learning_rate': 0.026097599660454284, 'subsample': 0.9582602706564098, 'colsample_bytree': 0.10579905496740637, 'reg_alpha': 5.406376891002604, 'reg_lambda': 7.108377505397634, 'gamma': 0.8999999999999999}. Best is trial 418 with value: 0.8708987165132547.
/home/stepa/.local/lib/python3.6/site-packages/xgboost/sklearn.py:1224: UserWarning: The use of label encoder in XGBClassifier is deprecated and will be removed in a future release. To remove this warning, do the following: 1) Pass option use_label_encoder=False when constructing XGBClassifier object; and 2) Encode your labels (y) as integers starting with 0, i.e. 0, 1, 2, ..., [num_class - 1].
  warnings.warn(label_encoder_deprecation_msg, UserWarning)
[18:50:27] WARNING: ../src/learner.cc:223: No visible GPU is found, setting `gpu_id` to -1
[18:50:27] WARNING: ../src/learner.cc:1115: Starting in XGBoost 1.3.0, the default evaluation metric used with the objective 'binary:logistic' was changed from 'error' to 'logloss'. Explicitly set eval_metric if you'd like to restore the old behavior.
[I 2023-11-06 18:50:59,963] Trial 487 finished with value: 0.8703297267309809 and parameters: {'n_estimators': 8600, 'max_depth': 6, 'min_child_weight': 8, 'learning_rate': 0.021750157527287112, 'subsample': 0.9658855918785747, 'colsample_bytree': 0.1341078417039609, 'reg_alpha': 5.14701209951663, 'reg_lambda': 6.788613010655286, 'gamma': 0.8999999999999999}. Best is trial 418 with value: 0.8708987165132547.
/home/stepa/.local/lib/python3.6/site-packages/xgboost/sklearn.py:1224: UserWarning: The use of label encoder in XGBClassifier is deprecated and will be removed in a future release. To remove this warning, do the following: 1) Pass option use_label_encoder=False when constructing XGBClassifier object; and 2) Encode your labels (y) as integers starting with 0, i.e. 0, 1, 2, ..., [num_class - 1].
  warnings.warn(label_encoder_deprecation_msg, UserWarning)
[18:51:00] WARNING: ../src/learner.cc:223: No visible GPU is found, setting `gpu_id` to -1
[18:51:00] WARNING: ../src/learner.cc:1115: Starting in XGBoost 1.3.0, the default evaluation metric used with the objective 'binary:logistic' was changed from 'error' to 'logloss'. Explicitly set eval_metric if you'd like to restore the old behavior.
[I 2023-11-06 18:51:32,176] Trial 488 finished with value: 0.8704052276441364 and parameters: {'n_estimators': 8400, 'max_depth': 6, 'min_child_weight': 8, 'learning_rate': 0.01674892894546351, 'subsample': 0.7233035805243802, 'colsample_bytree': 0.13869724141209397, 'reg_alpha': 4.325537682936373, 'reg_lambda': 6.68325961916476, 'gamma': 0.8999999999999999}. Best is trial 418 with value: 0.8708987165132547.
/home/stepa/.local/lib/python3.6/site-packages/xgboost/sklearn.py:1224: UserWarning: The use of label encoder in XGBClassifier is deprecated and will be removed in a future release. To remove this warning, do the following: 1) Pass option use_label_encoder=False when constructing XGBClassifier object; and 2) Encode your labels (y) as integers starting with 0, i.e. 0, 1, 2, ..., [num_class - 1].
  warnings.warn(label_encoder_deprecation_msg, UserWarning)
[18:51:32] WARNING: ../src/learner.cc:223: No visible GPU is found, setting `gpu_id` to -1
[18:51:32] WARNING: ../src/learner.cc:1115: Starting in XGBoost 1.3.0, the default evaluation metric used with the objective 'binary:logistic' was changed from 'error' to 'logloss'. Explicitly set eval_metric if you'd like to restore the old behavior.
[I 2023-11-06 18:52:15,584] Trial 489 finished with value: 0.8680370542389935 and parameters: {'n_estimators': 11400, 'max_depth': 6, 'min_child_weight': 8, 'learning_rate': 0.005802782758633916, 'subsample': 0.9550152535006934, 'colsample_bytree': 0.11775300404000141, 'reg_alpha': 5.22599135294863, 'reg_lambda': 6.926088623901752, 'gamma': 0.8999999999999999}. Best is trial 418 with value: 0.8708987165132547.
/home/stepa/.local/lib/python3.6/site-packages/xgboost/sklearn.py:1224: UserWarning: The use of label encoder in XGBClassifier is deprecated and will be removed in a future release. To remove this warning, do the following: 1) Pass option use_label_encoder=False when constructing XGBClassifier object; and 2) Encode your labels (y) as integers starting with 0, i.e. 0, 1, 2, ..., [num_class - 1].
  warnings.warn(label_encoder_deprecation_msg, UserWarning)
[18:52:15] WARNING: ../src/learner.cc:223: No visible GPU is found, setting `gpu_id` to -1
[18:52:15] WARNING: ../src/learner.cc:1115: Starting in XGBoost 1.3.0, the default evaluation metric used with the objective 'binary:logistic' was changed from 'error' to 'logloss'. Explicitly set eval_metric if you'd like to restore the old behavior.
[I 2023-11-06 18:52:45,496] Trial 490 finished with value: 0.8695071646767306 and parameters: {'n_estimators': 9000, 'max_depth': 5, 'min_child_weight': 8, 'learning_rate': 0.011755775331122586, 'subsample': 0.9637722196409337, 'colsample_bytree': 0.5035410187767972, 'reg_alpha': 5.0111755285359365, 'reg_lambda': 6.59751251561196, 'gamma': 0.8999999999999999}. Best is trial 418 with value: 0.8708987165132547.
/home/stepa/.local/lib/python3.6/site-packages/xgboost/sklearn.py:1224: UserWarning: The use of label encoder in XGBClassifier is deprecated and will be removed in a future release. To remove this warning, do the following: 1) Pass option use_label_encoder=False when constructing XGBClassifier object; and 2) Encode your labels (y) as integers starting with 0, i.e. 0, 1, 2, ..., [num_class - 1].
  warnings.warn(label_encoder_deprecation_msg, UserWarning)
[18:52:45] WARNING: ../src/learner.cc:223: No visible GPU is found, setting `gpu_id` to -1
[18:52:45] WARNING: ../src/learner.cc:1115: Starting in XGBoost 1.3.0, the default evaluation metric used with the objective 'binary:logistic' was changed from 'error' to 'logloss'. Explicitly set eval_metric if you'd like to restore the old behavior.
[I 2023-11-06 18:53:17,132] Trial 491 finished with value: 0.8706547429835922 and parameters: {'n_estimators': 8500, 'max_depth': 6, 'min_child_weight': 8, 'learning_rate': 0.01871130949644699, 'subsample': 0.9695439860875084, 'colsample_bytree': 0.1490093216130004, 'reg_alpha': 5.566781977840315, 'reg_lambda': 7.083264343774706, 'gamma': 0.8999999999999999}. Best is trial 418 with value: 0.8708987165132547.
/home/stepa/.local/lib/python3.6/site-packages/xgboost/sklearn.py:1224: UserWarning: The use of label encoder in XGBClassifier is deprecated and will be removed in a future release. To remove this warning, do the following: 1) Pass option use_label_encoder=False when constructing XGBClassifier object; and 2) Encode your labels (y) as integers starting with 0, i.e. 0, 1, 2, ..., [num_class - 1].
  warnings.warn(label_encoder_deprecation_msg, UserWarning)
[18:53:17] WARNING: ../src/learner.cc:223: No visible GPU is found, setting `gpu_id` to -1
[18:53:17] WARNING: ../src/learner.cc:1115: Starting in XGBoost 1.3.0, the default evaluation metric used with the objective 'binary:logistic' was changed from 'error' to 'logloss'. Explicitly set eval_metric if you'd like to restore the old behavior.
[I 2023-11-06 18:53:47,907] Trial 492 finished with value: 0.8708597279927868 and parameters: {'n_estimators': 8200, 'max_depth': 6, 'min_child_weight': 8, 'learning_rate': 0.015904273454796027, 'subsample': 0.9605926689274372, 'colsample_bytree': 0.13292544598046632, 'reg_alpha': 3.884309535122721, 'reg_lambda': 6.751822669230588, 'gamma': 0.8999999999999999}. Best is trial 418 with value: 0.8708987165132547.
/home/stepa/.local/lib/python3.6/site-packages/xgboost/sklearn.py:1224: UserWarning: The use of label encoder in XGBClassifier is deprecated and will be removed in a future release. To remove this warning, do the following: 1) Pass option use_label_encoder=False when constructing XGBClassifier object; and 2) Encode your labels (y) as integers starting with 0, i.e. 0, 1, 2, ..., [num_class - 1].
  warnings.warn(label_encoder_deprecation_msg, UserWarning)
[18:53:47] WARNING: ../src/learner.cc:223: No visible GPU is found, setting `gpu_id` to -1
[18:53:47] WARNING: ../src/learner.cc:1115: Starting in XGBoost 1.3.0, the default evaluation metric used with the objective 'binary:logistic' was changed from 'error' to 'logloss'. Explicitly set eval_metric if you'd like to restore the old behavior.
[I 2023-11-06 18:54:17,959] Trial 493 finished with value: 0.8699590370124426 and parameters: {'n_estimators': 8100, 'max_depth': 6, 'min_child_weight': 8, 'learning_rate': 0.013660649078618381, 'subsample': 0.9472283295207735, 'colsample_bytree': 0.10249339969383395, 'reg_alpha': 3.4906252370924595, 'reg_lambda': 2.950279744353048, 'gamma': 0.8999999999999999}. Best is trial 418 with value: 0.8708987165132547.
/home/stepa/.local/lib/python3.6/site-packages/xgboost/sklearn.py:1224: UserWarning: The use of label encoder in XGBClassifier is deprecated and will be removed in a future release. To remove this warning, do the following: 1) Pass option use_label_encoder=False when constructing XGBClassifier object; and 2) Encode your labels (y) as integers starting with 0, i.e. 0, 1, 2, ..., [num_class - 1].
  warnings.warn(label_encoder_deprecation_msg, UserWarning)
[18:54:18] WARNING: ../src/learner.cc:223: No visible GPU is found, setting `gpu_id` to -1
[18:54:18] WARNING: ../src/learner.cc:1115: Starting in XGBoost 1.3.0, the default evaluation metric used with the objective 'binary:logistic' was changed from 'error' to 'logloss'. Explicitly set eval_metric if you'd like to restore the old behavior.
[I 2023-11-06 18:54:46,685] Trial 494 finished with value: 0.8668547881598341 and parameters: {'n_estimators': 8000, 'max_depth': 6, 'min_child_weight': 8, 'learning_rate': 0.0794953922894499, 'subsample': 0.9575257080918126, 'colsample_bytree': 0.12791354899696888, 'reg_alpha': 3.731850303438444, 'reg_lambda': 6.392613081191319, 'gamma': 0.8999999999999999}. Best is trial 418 with value: 0.8708987165132547.
/home/stepa/.local/lib/python3.6/site-packages/xgboost/sklearn.py:1224: UserWarning: The use of label encoder in XGBClassifier is deprecated and will be removed in a future release. To remove this warning, do the following: 1) Pass option use_label_encoder=False when constructing XGBClassifier object; and 2) Encode your labels (y) as integers starting with 0, i.e. 0, 1, 2, ..., [num_class - 1].
  warnings.warn(label_encoder_deprecation_msg, UserWarning)
[18:54:46] WARNING: ../src/learner.cc:223: No visible GPU is found, setting `gpu_id` to -1
[18:54:46] WARNING: ../src/learner.cc:1115: Starting in XGBoost 1.3.0, the default evaluation metric used with the objective 'binary:logistic' was changed from 'error' to 'logloss'. Explicitly set eval_metric if you'd like to restore the old behavior.
[I 2023-11-06 18:55:17,555] Trial 495 finished with value: 0.8689727887226644 and parameters: {'n_estimators': 8200, 'max_depth': 6, 'min_child_weight': 8, 'learning_rate': 0.015496960362805061, 'subsample': 0.9513722836986862, 'colsample_bytree': 0.4031027254773366, 'reg_alpha': 3.1480223727040184, 'reg_lambda': 5.318001043448212, 'gamma': 0.8999999999999999}. Best is trial 418 with value: 0.8708987165132547.
/home/stepa/.local/lib/python3.6/site-packages/xgboost/sklearn.py:1224: UserWarning: The use of label encoder in XGBClassifier is deprecated and will be removed in a future release. To remove this warning, do the following: 1) Pass option use_label_encoder=False when constructing XGBClassifier object; and 2) Encode your labels (y) as integers starting with 0, i.e. 0, 1, 2, ..., [num_class - 1].
  warnings.warn(label_encoder_deprecation_msg, UserWarning)
[18:55:17] WARNING: ../src/learner.cc:223: No visible GPU is found, setting `gpu_id` to -1
[18:55:17] WARNING: ../src/learner.cc:1115: Starting in XGBoost 1.3.0, the default evaluation metric used with the objective 'binary:logistic' was changed from 'error' to 'logloss'. Explicitly set eval_metric if you'd like to restore the old behavior.
[I 2023-11-06 18:55:56,112] Trial 496 finished with value: 0.8704721810201532 and parameters: {'n_estimators': 8100, 'max_depth': 8, 'min_child_weight': 8, 'learning_rate': 0.012101079323268708, 'subsample': 0.7970780235831458, 'colsample_bytree': 0.1377027705153703, 'reg_alpha': 3.6471210214002996, 'reg_lambda': 7.22959073821632, 'gamma': 0.8999999999999999}. Best is trial 418 with value: 0.8708987165132547.
/home/stepa/.local/lib/python3.6/site-packages/xgboost/sklearn.py:1224: UserWarning: The use of label encoder in XGBClassifier is deprecated and will be removed in a future release. To remove this warning, do the following: 1) Pass option use_label_encoder=False when constructing XGBClassifier object; and 2) Encode your labels (y) as integers starting with 0, i.e. 0, 1, 2, ..., [num_class - 1].
  warnings.warn(label_encoder_deprecation_msg, UserWarning)
[18:55:56] WARNING: ../src/learner.cc:223: No visible GPU is found, setting `gpu_id` to -1
[18:55:56] WARNING: ../src/learner.cc:1115: Starting in XGBoost 1.3.0, the default evaluation metric used with the objective 'binary:logistic' was changed from 'error' to 'logloss'. Explicitly set eval_metric if you'd like to restore the old behavior.
[I 2023-11-06 18:56:25,945] Trial 497 finished with value: 0.8702297743058092 and parameters: {'n_estimators': 8300, 'max_depth': 6, 'min_child_weight': 8, 'learning_rate': 0.02197444270505269, 'subsample': 0.9627036064450184, 'colsample_bytree': 0.12120165274200101, 'reg_alpha': 3.8986748470699695, 'reg_lambda': 6.6268755817800065, 'gamma': 0.8999999999999999}. Best is trial 418 with value: 0.8708987165132547.
/home/stepa/.local/lib/python3.6/site-packages/xgboost/sklearn.py:1224: UserWarning: The use of label encoder in XGBClassifier is deprecated and will be removed in a future release. To remove this warning, do the following: 1) Pass option use_label_encoder=False when constructing XGBClassifier object; and 2) Encode your labels (y) as integers starting with 0, i.e. 0, 1, 2, ..., [num_class - 1].
  warnings.warn(label_encoder_deprecation_msg, UserWarning)
[18:56:26] WARNING: ../src/learner.cc:223: No visible GPU is found, setting `gpu_id` to -1
[18:56:26] WARNING: ../src/learner.cc:1115: Starting in XGBoost 1.3.0, the default evaluation metric used with the objective 'binary:logistic' was changed from 'error' to 'logloss'. Explicitly set eval_metric if you'd like to restore the old behavior.
[I 2023-11-06 18:56:55,577] Trial 498 finished with value: 0.8707272721437138 and parameters: {'n_estimators': 8000, 'max_depth': 6, 'min_child_weight': 8, 'learning_rate': 0.017689507623951068, 'subsample': 0.9589366392546882, 'colsample_bytree': 0.15446029847598997, 'reg_alpha': 3.41958304899941, 'reg_lambda': 6.995374741950122, 'gamma': 0.8999999999999999}. Best is trial 418 with value: 0.8708987165132547.
/home/stepa/.local/lib/python3.6/site-packages/xgboost/sklearn.py:1224: UserWarning: The use of label encoder in XGBClassifier is deprecated and will be removed in a future release. To remove this warning, do the following: 1) Pass option use_label_encoder=False when constructing XGBClassifier object; and 2) Encode your labels (y) as integers starting with 0, i.e. 0, 1, 2, ..., [num_class - 1].
  warnings.warn(label_encoder_deprecation_msg, UserWarning)
[18:56:55] WARNING: ../src/learner.cc:223: No visible GPU is found, setting `gpu_id` to -1
[18:56:55] WARNING: ../src/learner.cc:1115: Starting in XGBoost 1.3.0, the default evaluation metric used with the objective 'binary:logistic' was changed from 'error' to 'logloss'. Explicitly set eval_metric if you'd like to restore the old behavior.
[I 2023-11-06 18:57:36,442] Trial 499 finished with value: 0.827959731023695 and parameters: {'n_estimators': 8900, 'max_depth': 7, 'min_child_weight': 8, 'learning_rate': 0.0002040225508886204, 'subsample': 0.753243311186846, 'colsample_bytree': 0.17373298469266293, 'reg_alpha': 3.969128582428838, 'reg_lambda': 6.237084968133001, 'gamma': 0.8999999999999999}. Best is trial 418 with value: 0.8708987165132547.
/home/stepa/.local/lib/python3.6/site-packages/xgboost/sklearn.py:1224: UserWarning: The use of label encoder in XGBClassifier is deprecated and will be removed in a future release. To remove this warning, do the following: 1) Pass option use_label_encoder=False when constructing XGBClassifier object; and 2) Encode your labels (y) as integers starting with 0, i.e. 0, 1, 2, ..., [num_class - 1].
  warnings.warn(label_encoder_deprecation_msg, UserWarning)
Best Hyperparameters: {'n_estimators': 9000, 'max_depth': 5, 'min_child_weight': 8, 'learning_rate': 0.019925100564174642, 'subsample': 0.9833606080473388, 'colsample_bytree': 0.15072571696817483, 'reg_alpha': 3.7747417859109538, 'reg_lambda': 6.927397684989897, 'gamma': 0.8999999999999999}
Best ROC AUC: 0.8708987165132547
[18:57:36] WARNING: ../src/learner.cc:1115: Starting in XGBoost 1.3.0, the default evaluation metric used with the objective 'binary:logistic' was changed from 'error' to 'logloss'. Explicitly set eval_metric if you'd like to restore the old behavior.
Final ROC AUC with Best Hyperparameters: 0.8707700118278969