[I 2023-11-06 14:17:39,516] Trial 0 finished with value: 0.868527105707158 and parameters: {'n_estimators': 8700, 'max_depth': 4, 'min_child_weight': 7, 'learning_rate': 0.02792136751992547, 'subsample': 0.8535839226188378, 'colsample_bytree': 0.7784928295818555, 'reg_alpha': 7.56408254742139, 'reg_lambda': 9.653723093224336, 'gamma': 0.7999999999999999}. Best is trial 0 with value: 0.868527105707158.
/home/stepa/.local/lib/python3.6/site-packages/xgboost/sklearn.py:1224: UserWarning: The use of label encoder in XGBClassifier is deprecated and will be removed in a future release. To remove this warning, do the following: 1) Pass option use_label_encoder=False when constructing XGBClassifier object; and 2) Encode your labels (y) as integers starting with 0, i.e. 0, 1, 2, ..., [num_class - 1].
  warnings.warn(label_encoder_deprecation_msg, UserWarning)
[14:17:39] WARNING: ../src/learner.cc:223: No visible GPU is found, setting `gpu_id` to -1
[14:17:39] WARNING: ../src/learner.cc:1115: Starting in XGBoost 1.3.0, the default evaluation metric used with the objective 'binary:logistic' was changed from 'error' to 'logloss'. Explicitly set eval_metric if you'd like to restore the old behavior.
[I 2023-11-06 14:18:09,159] Trial 1 finished with value: 0.86507287148129 and parameters: {'n_estimators': 8500, 'max_depth': 5, 'min_child_weight': 8, 'learning_rate': 0.002565363540938196, 'subsample': 0.833495376446622, 'colsample_bytree': 0.44309817126862605, 'reg_alpha': 4.114871575847266, 'reg_lambda': 7.451451810258368, 'gamma': 0.8999999999999999}. Best is trial 0 with value: 0.868527105707158.
/home/stepa/.local/lib/python3.6/site-packages/xgboost/sklearn.py:1224: UserWarning: The use of label encoder in XGBClassifier is deprecated and will be removed in a future release. To remove this warning, do the following: 1) Pass option use_label_encoder=False when constructing XGBClassifier object; and 2) Encode your labels (y) as integers starting with 0, i.e. 0, 1, 2, ..., [num_class - 1].
  warnings.warn(label_encoder_deprecation_msg, UserWarning)
[14:18:09] WARNING: ../src/learner.cc:223: No visible GPU is found, setting `gpu_id` to -1
[14:18:09] WARNING: ../src/learner.cc:1115: Starting in XGBoost 1.3.0, the default evaluation metric used with the objective 'binary:logistic' was changed from 'error' to 'logloss'. Explicitly set eval_metric if you'd like to restore the old behavior.
[I 2023-11-06 14:18:39,082] Trial 2 finished with value: 0.8544897414705562 and parameters: {'n_estimators': 9100, 'max_depth': 4, 'min_child_weight': 8, 'learning_rate': 0.0006503094560059708, 'subsample': 0.7558419892632215, 'colsample_bytree': 0.4846475199301731, 'reg_alpha': 5.417325837460134, 'reg_lambda': 6.882531980516907, 'gamma': 0.8999999999999999}. Best is trial 0 with value: 0.868527105707158.
/home/stepa/.local/lib/python3.6/site-packages/xgboost/sklearn.py:1224: UserWarning: The use of label encoder in XGBClassifier is deprecated and will be removed in a future release. To remove this warning, do the following: 1) Pass option use_label_encoder=False when constructing XGBClassifier object; and 2) Encode your labels (y) as integers starting with 0, i.e. 0, 1, 2, ..., [num_class - 1].
  warnings.warn(label_encoder_deprecation_msg, UserWarning)
[14:18:39] WARNING: ../src/learner.cc:223: No visible GPU is found, setting `gpu_id` to -1
[14:18:39] WARNING: ../src/learner.cc:1115: Starting in XGBoost 1.3.0, the default evaluation metric used with the objective 'binary:logistic' was changed from 'error' to 'logloss'. Explicitly set eval_metric if you'd like to restore the old behavior.
[I 2023-11-06 14:19:17,875] Trial 3 finished with value: 0.866678623359449 and parameters: {'n_estimators': 8100, 'max_depth': 8, 'min_child_weight': 7, 'learning_rate': 0.009993792448791396, 'subsample': 0.8923445029270897, 'colsample_bytree': 0.7125710854061122, 'reg_alpha': 0.17731307807234703, 'reg_lambda': 5.900400013889047, 'gamma': 0.8999999999999999}. Best is trial 0 with value: 0.868527105707158.
/home/stepa/.local/lib/python3.6/site-packages/xgboost/sklearn.py:1224: UserWarning: The use of label encoder in XGBClassifier is deprecated and will be removed in a future release. To remove this warning, do the following: 1) Pass option use_label_encoder=False when constructing XGBClassifier object; and 2) Encode your labels (y) as integers starting with 0, i.e. 0, 1, 2, ..., [num_class - 1].
  warnings.warn(label_encoder_deprecation_msg, UserWarning)
[14:19:17] WARNING: ../src/learner.cc:223: No visible GPU is found, setting `gpu_id` to -1
[14:19:17] WARNING: ../src/learner.cc:1115: Starting in XGBoost 1.3.0, the default evaluation metric used with the objective 'binary:logistic' was changed from 'error' to 'logloss'. Explicitly set eval_metric if you'd like to restore the old behavior.
[I 2023-11-06 14:20:01,382] Trial 4 finished with value: 0.8519535431104259 and parameters: {'n_estimators': 9200, 'max_depth': 7, 'min_child_weight': 7, 'learning_rate': 0.000611433340108814, 'subsample': 0.8571869059220407, 'colsample_bytree': 0.18515104108253438, 'reg_alpha': 5.650983849774797, 'reg_lambda': 7.719110062170077, 'gamma': 0.7}. Best is trial 0 with value: 0.868527105707158.
/home/stepa/.local/lib/python3.6/site-packages/xgboost/sklearn.py:1224: UserWarning: The use of label encoder in XGBClassifier is deprecated and will be removed in a future release. To remove this warning, do the following: 1) Pass option use_label_encoder=False when constructing XGBClassifier object; and 2) Encode your labels (y) as integers starting with 0, i.e. 0, 1, 2, ..., [num_class - 1].
  warnings.warn(label_encoder_deprecation_msg, UserWarning)
[14:20:01] WARNING: ../src/learner.cc:223: No visible GPU is found, setting `gpu_id` to -1
[14:20:01] WARNING: ../src/learner.cc:1115: Starting in XGBoost 1.3.0, the default evaluation metric used with the objective 'binary:logistic' was changed from 'error' to 'logloss'. Explicitly set eval_metric if you'd like to restore the old behavior.
[I 2023-11-06 14:20:35,249] Trial 5 finished with value: 0.8671986002007993 and parameters: {'n_estimators': 8700, 'max_depth': 6, 'min_child_weight': 8, 'learning_rate': 0.003472904280033967, 'subsample': 0.9333939663595832, 'colsample_bytree': 0.6930794686185774, 'reg_alpha': 1.4688271242200817, 'reg_lambda': 1.0777056213145277, 'gamma': 0.7999999999999999}. Best is trial 0 with value: 0.868527105707158.
/home/stepa/.local/lib/python3.6/site-packages/xgboost/sklearn.py:1224: UserWarning: The use of label encoder in XGBClassifier is deprecated and will be removed in a future release. To remove this warning, do the following: 1) Pass option use_label_encoder=False when constructing XGBClassifier object; and 2) Encode your labels (y) as integers starting with 0, i.e. 0, 1, 2, ..., [num_class - 1].
  warnings.warn(label_encoder_deprecation_msg, UserWarning)
[14:20:35] WARNING: ../src/learner.cc:223: No visible GPU is found, setting `gpu_id` to -1
[14:20:35] WARNING: ../src/learner.cc:1115: Starting in XGBoost 1.3.0, the default evaluation metric used with the objective 'binary:logistic' was changed from 'error' to 'logloss'. Explicitly set eval_metric if you'd like to restore the old behavior.
[I 2023-11-06 14:22:00,006] Trial 6 finished with value: 0.8555576320299612 and parameters: {'n_estimators': 10000, 'max_depth': 10, 'min_child_weight': 7, 'learning_rate': 0.00020271316492183496, 'subsample': 0.8942978226714375, 'colsample_bytree': 0.8157502298293717, 'reg_alpha': 9.902658537101571, 'reg_lambda': 8.48240355484012, 'gamma': 0.7}. Best is trial 0 with value: 0.868527105707158.
/home/stepa/.local/lib/python3.6/site-packages/xgboost/sklearn.py:1224: UserWarning: The use of label encoder in XGBClassifier is deprecated and will be removed in a future release. To remove this warning, do the following: 1) Pass option use_label_encoder=False when constructing XGBClassifier object; and 2) Encode your labels (y) as integers starting with 0, i.e. 0, 1, 2, ..., [num_class - 1].
  warnings.warn(label_encoder_deprecation_msg, UserWarning)
[14:22:00] WARNING: ../src/learner.cc:223: No visible GPU is found, setting `gpu_id` to -1
[14:22:00] WARNING: ../src/learner.cc:1115: Starting in XGBoost 1.3.0, the default evaluation metric used with the objective 'binary:logistic' was changed from 'error' to 'logloss'. Explicitly set eval_metric if you'd like to restore the old behavior.
[I 2023-11-06 14:22:42,246] Trial 7 finished with value: 0.868590355883194 and parameters: {'n_estimators': 10100, 'max_depth': 7, 'min_child_weight': 7, 'learning_rate': 0.010595000877754605, 'subsample': 0.9323483979604587, 'colsample_bytree': 0.4286495760040768, 'reg_alpha': 1.6930994479518162, 'reg_lambda': 2.5487702651827187, 'gamma': 1.0}. Best is trial 7 with value: 0.868590355883194.
/home/stepa/.local/lib/python3.6/site-packages/xgboost/sklearn.py:1224: UserWarning: The use of label encoder in XGBClassifier is deprecated and will be removed in a future release. To remove this warning, do the following: 1) Pass option use_label_encoder=False when constructing XGBClassifier object; and 2) Encode your labels (y) as integers starting with 0, i.e. 0, 1, 2, ..., [num_class - 1].
  warnings.warn(label_encoder_deprecation_msg, UserWarning)
[14:22:42] WARNING: ../src/learner.cc:223: No visible GPU is found, setting `gpu_id` to -1
[14:22:42] WARNING: ../src/learner.cc:1115: Starting in XGBoost 1.3.0, the default evaluation metric used with the objective 'binary:logistic' was changed from 'error' to 'logloss'. Explicitly set eval_metric if you'd like to restore the old behavior.
[I 2023-11-06 14:23:18,230] Trial 8 finished with value: 0.8475282231302655 and parameters: {'n_estimators': 10700, 'max_depth': 4, 'min_child_weight': 7, 'learning_rate': 0.0003126902421413648, 'subsample': 0.9082363144122785, 'colsample_bytree': 0.5673741128135562, 'reg_alpha': 2.3949190176028643, 'reg_lambda': 8.155711137438482, 'gamma': 0.7}. Best is trial 7 with value: 0.868590355883194.
/home/stepa/.local/lib/python3.6/site-packages/xgboost/sklearn.py:1224: UserWarning: The use of label encoder in XGBClassifier is deprecated and will be removed in a future release. To remove this warning, do the following: 1) Pass option use_label_encoder=False when constructing XGBClassifier object; and 2) Encode your labels (y) as integers starting with 0, i.e. 0, 1, 2, ..., [num_class - 1].
  warnings.warn(label_encoder_deprecation_msg, UserWarning)
[14:23:18] WARNING: ../src/learner.cc:223: No visible GPU is found, setting `gpu_id` to -1
[14:23:18] WARNING: ../src/learner.cc:1115: Starting in XGBoost 1.3.0, the default evaluation metric used with the objective 'binary:logistic' was changed from 'error' to 'logloss'. Explicitly set eval_metric if you'd like to restore the old behavior.
[I 2023-11-06 14:24:11,353] Trial 9 finished with value: 0.8583080983803499 and parameters: {'n_estimators': 10700, 'max_depth': 7, 'min_child_weight': 7, 'learning_rate': 0.00045928623471997945, 'subsample': 0.8094099893284873, 'colsample_bytree': 0.36077622691315503, 'reg_alpha': 8.258490712153126, 'reg_lambda': 1.3398537217127844, 'gamma': 1.0}. Best is trial 7 with value: 0.868590355883194.
/home/stepa/.local/lib/python3.6/site-packages/xgboost/sklearn.py:1224: UserWarning: The use of label encoder in XGBClassifier is deprecated and will be removed in a future release. To remove this warning, do the following: 1) Pass option use_label_encoder=False when constructing XGBClassifier object; and 2) Encode your labels (y) as integers starting with 0, i.e. 0, 1, 2, ..., [num_class - 1].
  warnings.warn(label_encoder_deprecation_msg, UserWarning)
[14:24:11] WARNING: ../src/learner.cc:223: No visible GPU is found, setting `gpu_id` to -1
[14:24:11] WARNING: ../src/learner.cc:1115: Starting in XGBoost 1.3.0, the default evaluation metric used with the objective 'binary:logistic' was changed from 'error' to 'logloss'. Explicitly set eval_metric if you'd like to restore the old behavior.
[I 2023-11-06 14:25:12,733] Trial 10 finished with value: 0.8595228399045654 and parameters: {'n_estimators': 11900, 'max_depth': 10, 'min_child_weight': 8, 'learning_rate': 0.08043343568776655, 'subsample': 0.9805907719547887, 'colsample_bytree': 0.10239053663465886, 'reg_alpha': 3.2327088939541673, 'reg_lambda': 3.480748418994632, 'gamma': 1.0}. Best is trial 7 with value: 0.868590355883194.
/home/stepa/.local/lib/python3.6/site-packages/xgboost/sklearn.py:1224: UserWarning: The use of label encoder in XGBClassifier is deprecated and will be removed in a future release. To remove this warning, do the following: 1) Pass option use_label_encoder=False when constructing XGBClassifier object; and 2) Encode your labels (y) as integers starting with 0, i.e. 0, 1, 2, ..., [num_class - 1].
  warnings.warn(label_encoder_deprecation_msg, UserWarning)
[14:25:12] WARNING: ../src/learner.cc:223: No visible GPU is found, setting `gpu_id` to -1
[14:25:12] WARNING: ../src/learner.cc:1115: Starting in XGBoost 1.3.0, the default evaluation metric used with the objective 'binary:logistic' was changed from 'error' to 'logloss'. Explicitly set eval_metric if you'd like to restore the old behavior.
[I 2023-11-06 14:25:58,317] Trial 11 finished with value: 0.8600867315415875 and parameters: {'n_estimators': 7600, 'max_depth': 8, 'min_child_weight': 7, 'learning_rate': 0.03756850390881108, 'subsample': 0.9824976980496832, 'colsample_bytree': 0.953148433160124, 'reg_alpha': 7.0176073377703805, 'reg_lambda': 3.7250586596601334, 'gamma': 0.7999999999999999}. Best is trial 7 with value: 0.868590355883194.
/home/stepa/.local/lib/python3.6/site-packages/xgboost/sklearn.py:1224: UserWarning: The use of label encoder in XGBClassifier is deprecated and will be removed in a future release. To remove this warning, do the following: 1) Pass option use_label_encoder=False when constructing XGBClassifier object; and 2) Encode your labels (y) as integers starting with 0, i.e. 0, 1, 2, ..., [num_class - 1].
  warnings.warn(label_encoder_deprecation_msg, UserWarning)
[14:25:58] WARNING: ../src/learner.cc:223: No visible GPU is found, setting `gpu_id` to -1
[14:25:58] WARNING: ../src/learner.cc:1115: Starting in XGBoost 1.3.0, the default evaluation metric used with the objective 'binary:logistic' was changed from 'error' to 'logloss'. Explicitly set eval_metric if you'd like to restore the old behavior.
[I 2023-11-06 14:26:32,930] Trial 12 finished with value: 0.8695686901568228 and parameters: {'n_estimators': 9900, 'max_depth': 5, 'min_child_weight': 7, 'learning_rate': 0.016287604413180407, 'subsample': 0.7580453207803938, 'colsample_bytree': 0.2921100327293232, 'reg_alpha': 7.484925529983073, 'reg_lambda': 9.563916326563318, 'gamma': 0.7999999999999999}. Best is trial 12 with value: 0.8695686901568228.
/home/stepa/.local/lib/python3.6/site-packages/xgboost/sklearn.py:1224: UserWarning: The use of label encoder in XGBClassifier is deprecated and will be removed in a future release. To remove this warning, do the following: 1) Pass option use_label_encoder=False when constructing XGBClassifier object; and 2) Encode your labels (y) as integers starting with 0, i.e. 0, 1, 2, ..., [num_class - 1].
  warnings.warn(label_encoder_deprecation_msg, UserWarning)
[14:26:32] WARNING: ../src/learner.cc:223: No visible GPU is found, setting `gpu_id` to -1
[14:26:33] WARNING: ../src/learner.cc:1115: Starting in XGBoost 1.3.0, the default evaluation metric used with the objective 'binary:logistic' was changed from 'error' to 'logloss'. Explicitly set eval_metric if you'd like to restore the old behavior.
[I 2023-11-06 14:27:10,760] Trial 13 finished with value: 0.8694353689620449 and parameters: {'n_estimators': 10200, 'max_depth': 6, 'min_child_weight': 7, 'learning_rate': 0.009062801336386797, 'subsample': 0.7115198502629181, 'colsample_bytree': 0.27151163431715697, 'reg_alpha': 0.04235243836697844, 'reg_lambda': 2.852080111486017, 'gamma': 1.0}. Best is trial 12 with value: 0.8695686901568228.
/home/stepa/.local/lib/python3.6/site-packages/xgboost/sklearn.py:1224: UserWarning: The use of label encoder in XGBClassifier is deprecated and will be removed in a future release. To remove this warning, do the following: 1) Pass option use_label_encoder=False when constructing XGBClassifier object; and 2) Encode your labels (y) as integers starting with 0, i.e. 0, 1, 2, ..., [num_class - 1].
  warnings.warn(label_encoder_deprecation_msg, UserWarning)
[14:27:10] WARNING: ../src/learner.cc:223: No visible GPU is found, setting `gpu_id` to -1
[14:27:10] WARNING: ../src/learner.cc:1115: Starting in XGBoost 1.3.0, the default evaluation metric used with the objective 'binary:logistic' was changed from 'error' to 'logloss'. Explicitly set eval_metric if you'd like to restore the old behavior.
[I 2023-11-06 14:27:50,161] Trial 14 finished with value: 0.8677289392072339 and parameters: {'n_estimators': 11000, 'max_depth': 5, 'min_child_weight': 7, 'learning_rate': 0.004020081627778875, 'subsample': 0.7042801204787349, 'colsample_bytree': 0.28244580695828836, 'reg_alpha': 8.808940153161906, 'reg_lambda': 5.154401088203941, 'gamma': 0.8999999999999999}. Best is trial 12 with value: 0.8695686901568228.
/home/stepa/.local/lib/python3.6/site-packages/xgboost/sklearn.py:1224: UserWarning: The use of label encoder in XGBClassifier is deprecated and will be removed in a future release. To remove this warning, do the following: 1) Pass option use_label_encoder=False when constructing XGBClassifier object; and 2) Encode your labels (y) as integers starting with 0, i.e. 0, 1, 2, ..., [num_class - 1].
  warnings.warn(label_encoder_deprecation_msg, UserWarning)
[14:27:50] WARNING: ../src/learner.cc:223: No visible GPU is found, setting `gpu_id` to -1
[14:27:50] WARNING: ../src/learner.cc:1115: Starting in XGBoost 1.3.0, the default evaluation metric used with the objective 'binary:logistic' was changed from 'error' to 'logloss'. Explicitly set eval_metric if you'd like to restore the old behavior.
[I 2023-11-06 14:28:28,642] Trial 15 finished with value: 0.8701835792342724 and parameters: {'n_estimators': 9600, 'max_depth': 6, 'min_child_weight': 7, 'learning_rate': 0.008856744848490564, 'subsample': 0.7060995814739744, 'colsample_bytree': 0.25103948154180394, 'reg_alpha': 6.346808198649656, 'reg_lambda': 0.1287774683610987, 'gamma': 0.7999999999999999}. Best is trial 15 with value: 0.8701835792342724.
/home/stepa/.local/lib/python3.6/site-packages/xgboost/sklearn.py:1224: UserWarning: The use of label encoder in XGBClassifier is deprecated and will be removed in a future release. To remove this warning, do the following: 1) Pass option use_label_encoder=False when constructing XGBClassifier object; and 2) Encode your labels (y) as integers starting with 0, i.e. 0, 1, 2, ..., [num_class - 1].
  warnings.warn(label_encoder_deprecation_msg, UserWarning)
[14:28:28] WARNING: ../src/learner.cc:223: No visible GPU is found, setting `gpu_id` to -1
[14:28:28] WARNING: ../src/learner.cc:1115: Starting in XGBoost 1.3.0, the default evaluation metric used with the objective 'binary:logistic' was changed from 'error' to 'logloss'. Explicitly set eval_metric if you'd like to restore the old behavior.
[I 2023-11-06 14:29:00,870] Trial 16 finished with value: 0.8692640724806848 and parameters: {'n_estimators': 9200, 'max_depth': 5, 'min_child_weight': 7, 'learning_rate': 0.023785930652431737, 'subsample': 0.7600088253970477, 'colsample_bytree': 0.23517933870047006, 'reg_alpha': 6.441104332566428, 'reg_lambda': 0.2105323850326002, 'gamma': 0.7999999999999999}. Best is trial 15 with value: 0.8701835792342724.
/home/stepa/.local/lib/python3.6/site-packages/xgboost/sklearn.py:1224: UserWarning: The use of label encoder in XGBClassifier is deprecated and will be removed in a future release. To remove this warning, do the following: 1) Pass option use_label_encoder=False when constructing XGBClassifier object; and 2) Encode your labels (y) as integers starting with 0, i.e. 0, 1, 2, ..., [num_class - 1].
  warnings.warn(label_encoder_deprecation_msg, UserWarning)
[14:29:00] WARNING: ../src/learner.cc:223: No visible GPU is found, setting `gpu_id` to -1
[14:29:00] WARNING: ../src/learner.cc:1115: Starting in XGBoost 1.3.0, the default evaluation metric used with the objective 'binary:logistic' was changed from 'error' to 'logloss'. Explicitly set eval_metric if you'd like to restore the old behavior.
[I 2023-11-06 14:29:40,275] Trial 17 finished with value: 0.8602200247575206 and parameters: {'n_estimators': 9500, 'max_depth': 6, 'min_child_weight': 8, 'learning_rate': 0.0015118376809133245, 'subsample': 0.7672129086889299, 'colsample_bytree': 0.14369431390396642, 'reg_alpha': 4.4695843980574566, 'reg_lambda': 9.271680763065621, 'gamma': 0.7999999999999999}. Best is trial 15 with value: 0.8701835792342724.
/home/stepa/.local/lib/python3.6/site-packages/xgboost/sklearn.py:1224: UserWarning: The use of label encoder in XGBClassifier is deprecated and will be removed in a future release. To remove this warning, do the following: 1) Pass option use_label_encoder=False when constructing XGBClassifier object; and 2) Encode your labels (y) as integers starting with 0, i.e. 0, 1, 2, ..., [num_class - 1].
  warnings.warn(label_encoder_deprecation_msg, UserWarning)
[14:29:40] WARNING: ../src/learner.cc:223: No visible GPU is found, setting `gpu_id` to -1
[14:29:40] WARNING: ../src/learner.cc:1115: Starting in XGBoost 1.3.0, the default evaluation metric used with the objective 'binary:logistic' was changed from 'error' to 'logloss'. Explicitly set eval_metric if you'd like to restore the old behavior.
