[I 2023-11-06 16:39:49,727] Trial 252 finished with value: 0.8706075027023469 and parameters: {'n_estimators': 8600, 'max_depth': 6, 'min_child_weight': 8, 'learning_rate': 0.016556372307187584, 'subsample': 0.9554670746596083, 'colsample_bytree': 0.1697375762902413, 'reg_alpha': 4.373592259633525, 'reg_lambda': 6.542728483219103, 'gamma': 0.8999999999999999}. Best is trial 247 with value: 0.8708422392161907.
/home/stepa/.local/lib/python3.6/site-packages/xgboost/sklearn.py:1224: UserWarning: The use of label encoder in XGBClassifier is deprecated and will be removed in a future release. To remove this warning, do the following: 1) Pass option use_label_encoder=False when constructing XGBClassifier object; and 2) Encode your labels (y) as integers starting with 0, i.e. 0, 1, 2, ..., [num_class - 1].
  warnings.warn(label_encoder_deprecation_msg, UserWarning)
[16:39:49] WARNING: ../src/learner.cc:223: No visible GPU is found, setting `gpu_id` to -1
[16:39:49] WARNING: ../src/learner.cc:1115: Starting in XGBoost 1.3.0, the default evaluation metric used with the objective 'binary:logistic' was changed from 'error' to 'logloss'. Explicitly set eval_metric if you'd like to restore the old behavior.
[I 2023-11-06 16:40:21,037] Trial 253 finished with value: 0.8707027806619192 and parameters: {'n_estimators': 8400, 'max_depth': 6, 'min_child_weight': 8, 'learning_rate': 0.019859625926393804, 'subsample': 0.9621319668020525, 'colsample_bytree': 0.14918955481237503, 'reg_alpha': 4.7752619204159545, 'reg_lambda': 6.311933226141895, 'gamma': 0.8999999999999999}. Best is trial 247 with value: 0.8708422392161907.
/home/stepa/.local/lib/python3.6/site-packages/xgboost/sklearn.py:1224: UserWarning: The use of label encoder in XGBClassifier is deprecated and will be removed in a future release. To remove this warning, do the following: 1) Pass option use_label_encoder=False when constructing XGBClassifier object; and 2) Encode your labels (y) as integers starting with 0, i.e. 0, 1, 2, ..., [num_class - 1].
  warnings.warn(label_encoder_deprecation_msg, UserWarning)
[16:40:21] WARNING: ../src/learner.cc:223: No visible GPU is found, setting `gpu_id` to -1
[16:40:21] WARNING: ../src/learner.cc:1115: Starting in XGBoost 1.3.0, the default evaluation metric used with the objective 'binary:logistic' was changed from 'error' to 'logloss'. Explicitly set eval_metric if you'd like to restore the old behavior.
[I 2023-11-06 16:40:51,908] Trial 254 finished with value: 0.8702438176874959 and parameters: {'n_estimators': 8400, 'max_depth': 6, 'min_child_weight': 8, 'learning_rate': 0.0203376184135685, 'subsample': 0.9624461783930253, 'colsample_bytree': 0.12439783979593066, 'reg_alpha': 4.7338132064436165, 'reg_lambda': 6.828342863343491, 'gamma': 0.8999999999999999}. Best is trial 247 with value: 0.8708422392161907.
/home/stepa/.local/lib/python3.6/site-packages/xgboost/sklearn.py:1224: UserWarning: The use of label encoder in XGBClassifier is deprecated and will be removed in a future release. To remove this warning, do the following: 1) Pass option use_label_encoder=False when constructing XGBClassifier object; and 2) Encode your labels (y) as integers starting with 0, i.e. 0, 1, 2, ..., [num_class - 1].
  warnings.warn(label_encoder_deprecation_msg, UserWarning)
[16:40:51] WARNING: ../src/learner.cc:223: No visible GPU is found, setting `gpu_id` to -1
[16:40:51] WARNING: ../src/learner.cc:1115: Starting in XGBoost 1.3.0, the default evaluation metric used with the objective 'binary:logistic' was changed from 'error' to 'logloss'. Explicitly set eval_metric if you'd like to restore the old behavior.
[I 2023-11-06 16:41:23,762] Trial 255 finished with value: 0.8698484126564032 and parameters: {'n_estimators': 8500, 'max_depth': 6, 'min_child_weight': 8, 'learning_rate': 0.02942823546487598, 'subsample': 0.9634904472811291, 'colsample_bytree': 0.1414765858915604, 'reg_alpha': 4.467722385012569, 'reg_lambda': 7.119152148121548, 'gamma': 0.8999999999999999}. Best is trial 247 with value: 0.8708422392161907.
/home/stepa/.local/lib/python3.6/site-packages/xgboost/sklearn.py:1224: UserWarning: The use of label encoder in XGBClassifier is deprecated and will be removed in a future release. To remove this warning, do the following: 1) Pass option use_label_encoder=False when constructing XGBClassifier object; and 2) Encode your labels (y) as integers starting with 0, i.e. 0, 1, 2, ..., [num_class - 1].
  warnings.warn(label_encoder_deprecation_msg, UserWarning)
[16:41:23] WARNING: ../src/learner.cc:223: No visible GPU is found, setting `gpu_id` to -1
[16:41:23] WARNING: ../src/learner.cc:1115: Starting in XGBoost 1.3.0, the default evaluation metric used with the objective 'binary:logistic' was changed from 'error' to 'logloss'. Explicitly set eval_metric if you'd like to restore the old behavior.
[I 2023-11-06 16:41:55,159] Trial 256 finished with value: 0.870195370318939 and parameters: {'n_estimators': 8400, 'max_depth': 6, 'min_child_weight': 8, 'learning_rate': 0.024124708089212386, 'subsample': 0.9487689598996983, 'colsample_bytree': 0.17078498905168843, 'reg_alpha': 4.2629529088801075, 'reg_lambda': 6.323494109240016, 'gamma': 0.8999999999999999}. Best is trial 247 with value: 0.8708422392161907.
/home/stepa/.local/lib/python3.6/site-packages/xgboost/sklearn.py:1224: UserWarning: The use of label encoder in XGBClassifier is deprecated and will be removed in a future release. To remove this warning, do the following: 1) Pass option use_label_encoder=False when constructing XGBClassifier object; and 2) Encode your labels (y) as integers starting with 0, i.e. 0, 1, 2, ..., [num_class - 1].
  warnings.warn(label_encoder_deprecation_msg, UserWarning)
[16:41:55] WARNING: ../src/learner.cc:223: No visible GPU is found, setting `gpu_id` to -1
[16:41:55] WARNING: ../src/learner.cc:1115: Starting in XGBoost 1.3.0, the default evaluation metric used with the objective 'binary:logistic' was changed from 'error' to 'logloss'. Explicitly set eval_metric if you'd like to restore the old behavior.
[I 2023-11-06 16:42:26,589] Trial 257 finished with value: 0.8703392655186272 and parameters: {'n_estimators': 8600, 'max_depth': 6, 'min_child_weight': 8, 'learning_rate': 0.018911144016633033, 'subsample': 0.9738913202704935, 'colsample_bytree': 0.11279443586215515, 'reg_alpha': 4.855021417659277, 'reg_lambda': 6.715173287165452, 'gamma': 0.8999999999999999}. Best is trial 247 with value: 0.8708422392161907.
/home/stepa/.local/lib/python3.6/site-packages/xgboost/sklearn.py:1224: UserWarning: The use of label encoder in XGBClassifier is deprecated and will be removed in a future release. To remove this warning, do the following: 1) Pass option use_label_encoder=False when constructing XGBClassifier object; and 2) Encode your labels (y) as integers starting with 0, i.e. 0, 1, 2, ..., [num_class - 1].
  warnings.warn(label_encoder_deprecation_msg, UserWarning)
[16:42:26] WARNING: ../src/learner.cc:223: No visible GPU is found, setting `gpu_id` to -1
[16:42:26] WARNING: ../src/learner.cc:1115: Starting in XGBoost 1.3.0, the default evaluation metric used with the objective 'binary:logistic' was changed from 'error' to 'logloss'. Explicitly set eval_metric if you'd like to restore the old behavior.
[I 2023-11-06 16:42:57,363] Trial 258 finished with value: 0.8707813852283777 and parameters: {'n_estimators': 8300, 'max_depth': 6, 'min_child_weight': 8, 'learning_rate': 0.016321920439387256, 'subsample': 0.9650845840826153, 'colsample_bytree': 0.15871756898603268, 'reg_alpha': 4.603814156952513, 'reg_lambda': 6.457927415885688, 'gamma': 0.8999999999999999}. Best is trial 247 with value: 0.8708422392161907.
/home/stepa/.local/lib/python3.6/site-packages/xgboost/sklearn.py:1224: UserWarning: The use of label encoder in XGBClassifier is deprecated and will be removed in a future release. To remove this warning, do the following: 1) Pass option use_label_encoder=False when constructing XGBClassifier object; and 2) Encode your labels (y) as integers starting with 0, i.e. 0, 1, 2, ..., [num_class - 1].
  warnings.warn(label_encoder_deprecation_msg, UserWarning)
[16:42:57] WARNING: ../src/learner.cc:223: No visible GPU is found, setting `gpu_id` to -1
[16:42:57] WARNING: ../src/learner.cc:1115: Starting in XGBoost 1.3.0, the default evaluation metric used with the objective 'binary:logistic' was changed from 'error' to 'logloss'. Explicitly set eval_metric if you'd like to restore the old behavior.
[I 2023-11-06 16:43:28,160] Trial 259 finished with value: 0.8704681680543888 and parameters: {'n_estimators': 8300, 'max_depth': 6, 'min_child_weight': 8, 'learning_rate': 0.02111603151234806, 'subsample': 0.9648301154104373, 'colsample_bytree': 0.15694912405719946, 'reg_alpha': 4.5540808086539215, 'reg_lambda': 6.522939161809333, 'gamma': 0.8999999999999999}. Best is trial 247 with value: 0.8708422392161907.
/home/stepa/.local/lib/python3.6/site-packages/xgboost/sklearn.py:1224: UserWarning: The use of label encoder in XGBClassifier is deprecated and will be removed in a future release. To remove this warning, do the following: 1) Pass option use_label_encoder=False when constructing XGBClassifier object; and 2) Encode your labels (y) as integers starting with 0, i.e. 0, 1, 2, ..., [num_class - 1].
  warnings.warn(label_encoder_deprecation_msg, UserWarning)
[16:43:28] WARNING: ../src/learner.cc:223: No visible GPU is found, setting `gpu_id` to -1
[16:43:28] WARNING: ../src/learner.cc:1115: Starting in XGBoost 1.3.0, the default evaluation metric used with the objective 'binary:logistic' was changed from 'error' to 'logloss'. Explicitly set eval_metric if you'd like to restore the old behavior.
[I 2023-11-06 16:43:59,480] Trial 260 finished with value: 0.8700748374548017 and parameters: {'n_estimators': 8500, 'max_depth': 6, 'min_child_weight': 8, 'learning_rate': 0.016181948626916957, 'subsample': 0.9736638363348764, 'colsample_bytree': 0.12835107698916026, 'reg_alpha': 4.682986714467424, 'reg_lambda': 6.606246164036717, 'gamma': 0.8999999999999999}. Best is trial 247 with value: 0.8708422392161907.
/home/stepa/.local/lib/python3.6/site-packages/xgboost/sklearn.py:1224: UserWarning: The use of label encoder in XGBClassifier is deprecated and will be removed in a future release. To remove this warning, do the following: 1) Pass option use_label_encoder=False when constructing XGBClassifier object; and 2) Encode your labels (y) as integers starting with 0, i.e. 0, 1, 2, ..., [num_class - 1].
  warnings.warn(label_encoder_deprecation_msg, UserWarning)
[16:43:59] WARNING: ../src/learner.cc:223: No visible GPU is found, setting `gpu_id` to -1
[16:43:59] WARNING: ../src/learner.cc:1115: Starting in XGBoost 1.3.0, the default evaluation metric used with the objective 'binary:logistic' was changed from 'error' to 'logloss'. Explicitly set eval_metric if you'd like to restore the old behavior.
[I 2023-11-06 16:44:30,415] Trial 261 finished with value: 0.8705332548417481 and parameters: {'n_estimators': 8300, 'max_depth': 6, 'min_child_weight': 8, 'learning_rate': 0.018885089910664492, 'subsample': 0.9593991142022709, 'colsample_bytree': 0.1436267125454083, 'reg_alpha': 4.14256506569668, 'reg_lambda': 6.324983289671166, 'gamma': 0.8999999999999999}. Best is trial 247 with value: 0.8708422392161907.
/home/stepa/.local/lib/python3.6/site-packages/xgboost/sklearn.py:1224: UserWarning: The use of label encoder in XGBClassifier is deprecated and will be removed in a future release. To remove this warning, do the following: 1) Pass option use_label_encoder=False when constructing XGBClassifier object; and 2) Encode your labels (y) as integers starting with 0, i.e. 0, 1, 2, ..., [num_class - 1].
  warnings.warn(label_encoder_deprecation_msg, UserWarning)
[16:44:30] WARNING: ../src/learner.cc:223: No visible GPU is found, setting `gpu_id` to -1
[16:44:30] WARNING: ../src/learner.cc:1115: Starting in XGBoost 1.3.0, the default evaluation metric used with the objective 'binary:logistic' was changed from 'error' to 'logloss'. Explicitly set eval_metric if you'd like to restore the old behavior.
[I 2023-11-06 16:45:01,277] Trial 262 finished with value: 0.870053555546223 and parameters: {'n_estimators': 8400, 'max_depth': 6, 'min_child_weight': 8, 'learning_rate': 0.01597090556307668, 'subsample': 0.9671501698571366, 'colsample_bytree': 0.10046594784057589, 'reg_alpha': 4.397667759227203, 'reg_lambda': 6.969453406342808, 'gamma': 0.8999999999999999}. Best is trial 247 with value: 0.8708422392161907.
/home/stepa/.local/lib/python3.6/site-packages/xgboost/sklearn.py:1224: UserWarning: The use of label encoder in XGBClassifier is deprecated and will be removed in a future release. To remove this warning, do the following: 1) Pass option use_label_encoder=False when constructing XGBClassifier object; and 2) Encode your labels (y) as integers starting with 0, i.e. 0, 1, 2, ..., [num_class - 1].
  warnings.warn(label_encoder_deprecation_msg, UserWarning)
[16:45:01] WARNING: ../src/learner.cc:223: No visible GPU is found, setting `gpu_id` to -1
[16:45:01] WARNING: ../src/learner.cc:1115: Starting in XGBoost 1.3.0, the default evaluation metric used with the objective 'binary:logistic' was changed from 'error' to 'logloss'. Explicitly set eval_metric if you'd like to restore the old behavior.
[I 2023-11-06 16:45:32,407] Trial 263 finished with value: 0.8671339031187807 and parameters: {'n_estimators': 8200, 'max_depth': 6, 'min_child_weight': 8, 'learning_rate': 0.023885800320702786, 'subsample': 0.9786647098112535, 'colsample_bytree': 0.514057903211809, 'reg_alpha': 4.0303012906225435, 'reg_lambda': 6.8154620509878345, 'gamma': 0.8999999999999999}. Best is trial 247 with value: 0.8708422392161907.
/home/stepa/.local/lib/python3.6/site-packages/xgboost/sklearn.py:1224: UserWarning: The use of label encoder in XGBClassifier is deprecated and will be removed in a future release. To remove this warning, do the following: 1) Pass option use_label_encoder=False when constructing XGBClassifier object; and 2) Encode your labels (y) as integers starting with 0, i.e. 0, 1, 2, ..., [num_class - 1].
  warnings.warn(label_encoder_deprecation_msg, UserWarning)
[16:45:32] WARNING: ../src/learner.cc:223: No visible GPU is found, setting `gpu_id` to -1
[16:45:32] WARNING: ../src/learner.cc:1115: Starting in XGBoost 1.3.0, the default evaluation metric used with the objective 'binary:logistic' was changed from 'error' to 'logloss'. Explicitly set eval_metric if you'd like to restore the old behavior.
[I 2023-11-06 16:46:03,605] Trial 264 finished with value: 0.8706519570900286 and parameters: {'n_estimators': 8400, 'max_depth': 6, 'min_child_weight': 8, 'learning_rate': 0.01626286651421789, 'subsample': 0.9547055706863778, 'colsample_bytree': 0.17251634448344239, 'reg_alpha': 4.81908573520642, 'reg_lambda': 6.153584481223833, 'gamma': 0.8999999999999999}. Best is trial 247 with value: 0.8708422392161907.
/home/stepa/.local/lib/python3.6/site-packages/xgboost/sklearn.py:1224: UserWarning: The use of label encoder in XGBClassifier is deprecated and will be removed in a future release. To remove this warning, do the following: 1) Pass option use_label_encoder=False when constructing XGBClassifier object; and 2) Encode your labels (y) as integers starting with 0, i.e. 0, 1, 2, ..., [num_class - 1].
  warnings.warn(label_encoder_deprecation_msg, UserWarning)
[16:46:03] WARNING: ../src/learner.cc:223: No visible GPU is found, setting `gpu_id` to -1
[16:46:03] WARNING: ../src/learner.cc:1115: Starting in XGBoost 1.3.0, the default evaluation metric used with the objective 'binary:logistic' was changed from 'error' to 'logloss'. Explicitly set eval_metric if you'd like to restore the old behavior.
[I 2023-11-06 16:46:35,245] Trial 265 finished with value: 0.8704180559445558 and parameters: {'n_estimators': 8600, 'max_depth': 6, 'min_child_weight': 8, 'learning_rate': 0.021498960410786503, 'subsample': 0.9706820012944299, 'colsample_bytree': 0.1582987651834325, 'reg_alpha': 4.2820404704087345, 'reg_lambda': 6.402195789979844, 'gamma': 0.8999999999999999}. Best is trial 247 with value: 0.8708422392161907.
/home/stepa/.local/lib/python3.6/site-packages/xgboost/sklearn.py:1224: UserWarning: The use of label encoder in XGBClassifier is deprecated and will be removed in a future release. To remove this warning, do the following: 1) Pass option use_label_encoder=False when constructing XGBClassifier object; and 2) Encode your labels (y) as integers starting with 0, i.e. 0, 1, 2, ..., [num_class - 1].
  warnings.warn(label_encoder_deprecation_msg, UserWarning)
[16:46:35] WARNING: ../src/learner.cc:223: No visible GPU is found, setting `gpu_id` to -1
[16:46:35] WARNING: ../src/learner.cc:1115: Starting in XGBoost 1.3.0, the default evaluation metric used with the objective 'binary:logistic' was changed from 'error' to 'logloss'. Explicitly set eval_metric if you'd like to restore the old behavior.
[I 2023-11-06 16:46:59,969] Trial 266 finished with value: 0.8700309826137977 and parameters: {'n_estimators': 8500, 'max_depth': 4, 'min_child_weight': 8, 'learning_rate': 0.018551067006045144, 'subsample': 0.962064255492501, 'colsample_bytree': 0.1384001371392785, 'reg_alpha': 4.521612842050322, 'reg_lambda': 6.6487573194803655, 'gamma': 0.8999999999999999}. Best is trial 247 with value: 0.8708422392161907.
/home/stepa/.local/lib/python3.6/site-packages/xgboost/sklearn.py:1224: UserWarning: The use of label encoder in XGBClassifier is deprecated and will be removed in a future release. To remove this warning, do the following: 1) Pass option use_label_encoder=False when constructing XGBClassifier object; and 2) Encode your labels (y) as integers starting with 0, i.e. 0, 1, 2, ..., [num_class - 1].
  warnings.warn(label_encoder_deprecation_msg, UserWarning)
[16:47:00] WARNING: ../src/learner.cc:223: No visible GPU is found, setting `gpu_id` to -1
[16:47:00] WARNING: ../src/learner.cc:1115: Starting in XGBoost 1.3.0, the default evaluation metric used with the objective 'binary:logistic' was changed from 'error' to 'logloss'. Explicitly set eval_metric if you'd like to restore the old behavior.
[I 2023-11-06 16:47:29,055] Trial 267 finished with value: 0.870188971157396 and parameters: {'n_estimators': 8300, 'max_depth': 6, 'min_child_weight': 8, 'learning_rate': 0.015467432360775066, 'subsample': 0.9986626736986769, 'colsample_bytree': 0.16779628949522477, 'reg_alpha': 0.3624757121788713, 'reg_lambda': 6.109905129381334, 'gamma': 0.8999999999999999}. Best is trial 247 with value: 0.8708422392161907.
/home/stepa/.local/lib/python3.6/site-packages/xgboost/sklearn.py:1224: UserWarning: The use of label encoder in XGBClassifier is deprecated and will be removed in a future release. To remove this warning, do the following: 1) Pass option use_label_encoder=False when constructing XGBClassifier object; and 2) Encode your labels (y) as integers starting with 0, i.e. 0, 1, 2, ..., [num_class - 1].
  warnings.warn(label_encoder_deprecation_msg, UserWarning)
[16:47:29] WARNING: ../src/learner.cc:223: No visible GPU is found, setting `gpu_id` to -1
[16:47:29] WARNING: ../src/learner.cc:1115: Starting in XGBoost 1.3.0, the default evaluation metric used with the objective 'binary:logistic' was changed from 'error' to 'logloss'. Explicitly set eval_metric if you'd like to restore the old behavior.
[I 2023-11-06 16:47:59,667] Trial 268 finished with value: 0.8700187178872556 and parameters: {'n_estimators': 8300, 'max_depth': 6, 'min_child_weight': 8, 'learning_rate': 0.026215326663803013, 'subsample': 0.9426018905568241, 'colsample_bytree': 0.14874813121998695, 'reg_alpha': 4.0946997410048045, 'reg_lambda': 6.28011038384643, 'gamma': 0.8999999999999999}. Best is trial 247 with value: 0.8708422392161907.
/home/stepa/.local/lib/python3.6/site-packages/xgboost/sklearn.py:1224: UserWarning: The use of label encoder in XGBClassifier is deprecated and will be removed in a future release. To remove this warning, do the following: 1) Pass option use_label_encoder=False when constructing XGBClassifier object; and 2) Encode your labels (y) as integers starting with 0, i.e. 0, 1, 2, ..., [num_class - 1].
  warnings.warn(label_encoder_deprecation_msg, UserWarning)
[16:47:59] WARNING: ../src/learner.cc:223: No visible GPU is found, setting `gpu_id` to -1
[16:47:59] WARNING: ../src/learner.cc:1115: Starting in XGBoost 1.3.0, the default evaluation metric used with the objective 'binary:logistic' was changed from 'error' to 'logloss'. Explicitly set eval_metric if you'd like to restore the old behavior.
[I 2023-11-06 16:48:30,403] Trial 269 finished with value: 0.870368239611084 and parameters: {'n_estimators': 8400, 'max_depth': 6, 'min_child_weight': 8, 'learning_rate': 0.0192003066174204, 'subsample': 0.9534831622354668, 'colsample_bytree': 0.12233216809859128, 'reg_alpha': 3.9507244029005175, 'reg_lambda': 6.480742085976775, 'gamma': 0.8999999999999999}. Best is trial 247 with value: 0.8708422392161907.
/home/stepa/.local/lib/python3.6/site-packages/xgboost/sklearn.py:1224: UserWarning: The use of label encoder in XGBClassifier is deprecated and will be removed in a future release. To remove this warning, do the following: 1) Pass option use_label_encoder=False when constructing XGBClassifier object; and 2) Encode your labels (y) as integers starting with 0, i.e. 0, 1, 2, ..., [num_class - 1].
  warnings.warn(label_encoder_deprecation_msg, UserWarning)
[16:48:30] WARNING: ../src/learner.cc:223: No visible GPU is found, setting `gpu_id` to -1
[16:48:30] WARNING: ../src/learner.cc:1115: Starting in XGBoost 1.3.0, the default evaluation metric used with the objective 'binary:logistic' was changed from 'error' to 'logloss'. Explicitly set eval_metric if you'd like to restore the old behavior.
