[I 2023-11-06 17:08:51,458] Trial 306 finished with value: 0.8705813904460326 and parameters: {'n_estimators': 8500, 'max_depth': 5, 'min_child_weight': 8, 'learning_rate': 0.017219064147514077, 'subsample': 0.9860149817577597, 'colsample_bytree': 0.15600590338586134, 'reg_alpha': 4.606239235957787, 'reg_lambda': 6.886578297808856, 'gamma': 0.8999999999999999}. Best is trial 273 with value: 0.8708834900261233.
/home/stepa/.local/lib/python3.6/site-packages/xgboost/sklearn.py:1224: UserWarning: The use of label encoder in XGBClassifier is deprecated and will be removed in a future release. To remove this warning, do the following: 1) Pass option use_label_encoder=False when constructing XGBClassifier object; and 2) Encode your labels (y) as integers starting with 0, i.e. 0, 1, 2, ..., [num_class - 1].
  warnings.warn(label_encoder_deprecation_msg, UserWarning)
[17:08:51] WARNING: ../src/learner.cc:223: No visible GPU is found, setting `gpu_id` to -1
[17:08:51] WARNING: ../src/learner.cc:1115: Starting in XGBoost 1.3.0, the default evaluation metric used with the objective 'binary:logistic' was changed from 'error' to 'logloss'. Explicitly set eval_metric if you'd like to restore the old behavior.
[I 2023-11-06 17:09:25,126] Trial 307 finished with value: 0.8645624634049199 and parameters: {'n_estimators': 8200, 'max_depth': 6, 'min_child_weight': 8, 'learning_rate': 0.002797423019326081, 'subsample': 0.9872883608162417, 'colsample_bytree': 0.15076520866672327, 'reg_alpha': 4.8237651653301725, 'reg_lambda': 6.823984129340665, 'gamma': 0.8999999999999999}. Best is trial 273 with value: 0.8708834900261233.
/home/stepa/.local/lib/python3.6/site-packages/xgboost/sklearn.py:1224: UserWarning: The use of label encoder in XGBClassifier is deprecated and will be removed in a future release. To remove this warning, do the following: 1) Pass option use_label_encoder=False when constructing XGBClassifier object; and 2) Encode your labels (y) as integers starting with 0, i.e. 0, 1, 2, ..., [num_class - 1].
  warnings.warn(label_encoder_deprecation_msg, UserWarning)
[17:09:25] WARNING: ../src/learner.cc:223: No visible GPU is found, setting `gpu_id` to -1
[17:09:25] WARNING: ../src/learner.cc:1115: Starting in XGBoost 1.3.0, the default evaluation metric used with the objective 'binary:logistic' was changed from 'error' to 'logloss'. Explicitly set eval_metric if you'd like to restore the old behavior.
[I 2023-11-06 17:09:54,250] Trial 308 finished with value: 0.8702646559315329 and parameters: {'n_estimators': 8100, 'max_depth': 6, 'min_child_weight': 8, 'learning_rate': 0.02789865651671506, 'subsample': 0.9814188385035524, 'colsample_bytree': 0.1144006199178425, 'reg_alpha': 4.149156335220764, 'reg_lambda': 6.672145491218192, 'gamma': 0.8999999999999999}. Best is trial 273 with value: 0.8708834900261233.
/home/stepa/.local/lib/python3.6/site-packages/xgboost/sklearn.py:1224: UserWarning: The use of label encoder in XGBClassifier is deprecated and will be removed in a future release. To remove this warning, do the following: 1) Pass option use_label_encoder=False when constructing XGBClassifier object; and 2) Encode your labels (y) as integers starting with 0, i.e. 0, 1, 2, ..., [num_class - 1].
  warnings.warn(label_encoder_deprecation_msg, UserWarning)
[17:09:54] WARNING: ../src/learner.cc:223: No visible GPU is found, setting `gpu_id` to -1
[17:09:54] WARNING: ../src/learner.cc:1115: Starting in XGBoost 1.3.0, the default evaluation metric used with the objective 'binary:logistic' was changed from 'error' to 'logloss'. Explicitly set eval_metric if you'd like to restore the old behavior.
[I 2023-11-06 17:10:28,772] Trial 309 finished with value: 0.8324818178376785 and parameters: {'n_estimators': 8300, 'max_depth': 6, 'min_child_weight': 8, 'learning_rate': 0.0003400897141528949, 'subsample': 0.9962583438537526, 'colsample_bytree': 0.13400911520982206, 'reg_alpha': 4.427749481081698, 'reg_lambda': 6.47966298278512, 'gamma': 0.8999999999999999}. Best is trial 273 with value: 0.8708834900261233.
/home/stepa/.local/lib/python3.6/site-packages/xgboost/sklearn.py:1224: UserWarning: The use of label encoder in XGBClassifier is deprecated and will be removed in a future release. To remove this warning, do the following: 1) Pass option use_label_encoder=False when constructing XGBClassifier object; and 2) Encode your labels (y) as integers starting with 0, i.e. 0, 1, 2, ..., [num_class - 1].
  warnings.warn(label_encoder_deprecation_msg, UserWarning)
[17:10:28] WARNING: ../src/learner.cc:223: No visible GPU is found, setting `gpu_id` to -1
[17:10:28] WARNING: ../src/learner.cc:1115: Starting in XGBoost 1.3.0, the default evaluation metric used with the objective 'binary:logistic' was changed from 'error' to 'logloss'. Explicitly set eval_metric if you'd like to restore the old behavior.
[I 2023-11-06 17:11:00,098] Trial 310 finished with value: 0.8703231277205454 and parameters: {'n_estimators': 8500, 'max_depth': 6, 'min_child_weight': 8, 'learning_rate': 0.02341295741933796, 'subsample': 0.9925376393876981, 'colsample_bytree': 0.16390654350535763, 'reg_alpha': 4.985071279577457, 'reg_lambda': 9.482155589258532, 'gamma': 0.8999999999999999}. Best is trial 273 with value: 0.8708834900261233.
/home/stepa/.local/lib/python3.6/site-packages/xgboost/sklearn.py:1224: UserWarning: The use of label encoder in XGBClassifier is deprecated and will be removed in a future release. To remove this warning, do the following: 1) Pass option use_label_encoder=False when constructing XGBClassifier object; and 2) Encode your labels (y) as integers starting with 0, i.e. 0, 1, 2, ..., [num_class - 1].
  warnings.warn(label_encoder_deprecation_msg, UserWarning)
[17:11:00] WARNING: ../src/learner.cc:223: No visible GPU is found, setting `gpu_id` to -1
[17:11:00] WARNING: ../src/learner.cc:1115: Starting in XGBoost 1.3.0, the default evaluation metric used with the objective 'binary:logistic' was changed from 'error' to 'logloss'. Explicitly set eval_metric if you'd like to restore the old behavior.
[I 2023-11-06 17:11:36,148] Trial 311 finished with value: 0.870209155895554 and parameters: {'n_estimators': 8400, 'max_depth': 7, 'min_child_weight': 8, 'learning_rate': 0.016013881938786435, 'subsample': 0.9741251308712948, 'colsample_bytree': 0.20433200936879067, 'reg_alpha': 4.641545375778582, 'reg_lambda': 6.736176962349841, 'gamma': 0.8999999999999999}. Best is trial 273 with value: 0.8708834900261233.
/home/stepa/.local/lib/python3.6/site-packages/xgboost/sklearn.py:1224: UserWarning: The use of label encoder in XGBClassifier is deprecated and will be removed in a future release. To remove this warning, do the following: 1) Pass option use_label_encoder=False when constructing XGBClassifier object; and 2) Encode your labels (y) as integers starting with 0, i.e. 0, 1, 2, ..., [num_class - 1].
  warnings.warn(label_encoder_deprecation_msg, UserWarning)
[17:11:36] WARNING: ../src/learner.cc:223: No visible GPU is found, setting `gpu_id` to -1
[17:11:36] WARNING: ../src/learner.cc:1115: Starting in XGBoost 1.3.0, the default evaluation metric used with the objective 'binary:logistic' was changed from 'error' to 'logloss'. Explicitly set eval_metric if you'd like to restore the old behavior.
[I 2023-11-06 17:12:10,680] Trial 312 finished with value: 0.8645098731688181 and parameters: {'n_estimators': 8300, 'max_depth': 6, 'min_child_weight': 8, 'learning_rate': 0.0017674003713791446, 'subsample': 0.9738990526265363, 'colsample_bytree': 0.3158762448253588, 'reg_alpha': 4.192269613013956, 'reg_lambda': 7.213405585767948, 'gamma': 0.8999999999999999}. Best is trial 273 with value: 0.8708834900261233.
/home/stepa/.local/lib/python3.6/site-packages/xgboost/sklearn.py:1224: UserWarning: The use of label encoder in XGBClassifier is deprecated and will be removed in a future release. To remove this warning, do the following: 1) Pass option use_label_encoder=False when constructing XGBClassifier object; and 2) Encode your labels (y) as integers starting with 0, i.e. 0, 1, 2, ..., [num_class - 1].
  warnings.warn(label_encoder_deprecation_msg, UserWarning)
[17:12:10] WARNING: ../src/learner.cc:223: No visible GPU is found, setting `gpu_id` to -1
[17:12:10] WARNING: ../src/learner.cc:1115: Starting in XGBoost 1.3.0, the default evaluation metric used with the objective 'binary:logistic' was changed from 'error' to 'logloss'. Explicitly set eval_metric if you'd like to restore the old behavior.
[I 2023-11-06 17:12:40,785] Trial 313 finished with value: 0.870585627242557 and parameters: {'n_estimators': 8200, 'max_depth': 6, 'min_child_weight': 8, 'learning_rate': 0.018778888675127146, 'subsample': 0.9553632502902614, 'colsample_bytree': 0.15012802034488215, 'reg_alpha': 3.971094796608164, 'reg_lambda': 6.96289321191503, 'gamma': 0.8999999999999999}. Best is trial 273 with value: 0.8708834900261233.
/home/stepa/.local/lib/python3.6/site-packages/xgboost/sklearn.py:1224: UserWarning: The use of label encoder in XGBClassifier is deprecated and will be removed in a future release. To remove this warning, do the following: 1) Pass option use_label_encoder=False when constructing XGBClassifier object; and 2) Encode your labels (y) as integers starting with 0, i.e. 0, 1, 2, ..., [num_class - 1].
  warnings.warn(label_encoder_deprecation_msg, UserWarning)
[17:12:40] WARNING: ../src/learner.cc:223: No visible GPU is found, setting `gpu_id` to -1
[17:12:40] WARNING: ../src/learner.cc:1115: Starting in XGBoost 1.3.0, the default evaluation metric used with the objective 'binary:logistic' was changed from 'error' to 'logloss'. Explicitly set eval_metric if you'd like to restore the old behavior.
[I 2023-11-06 17:13:12,335] Trial 314 finished with value: 0.8707373964886158 and parameters: {'n_estimators': 8500, 'max_depth': 6, 'min_child_weight': 8, 'learning_rate': 0.012941062610432626, 'subsample': 0.9667399216294561, 'colsample_bytree': 0.18301322784199017, 'reg_alpha': 4.502423179364588, 'reg_lambda': 6.213808857253055, 'gamma': 0.8999999999999999}. Best is trial 273 with value: 0.8708834900261233.
/home/stepa/.local/lib/python3.6/site-packages/xgboost/sklearn.py:1224: UserWarning: The use of label encoder in XGBClassifier is deprecated and will be removed in a future release. To remove this warning, do the following: 1) Pass option use_label_encoder=False when constructing XGBClassifier object; and 2) Encode your labels (y) as integers starting with 0, i.e. 0, 1, 2, ..., [num_class - 1].
  warnings.warn(label_encoder_deprecation_msg, UserWarning)
[17:13:12] WARNING: ../src/learner.cc:223: No visible GPU is found, setting `gpu_id` to -1
[17:13:12] WARNING: ../src/learner.cc:1115: Starting in XGBoost 1.3.0, the default evaluation metric used with the objective 'binary:logistic' was changed from 'error' to 'logloss'. Explicitly set eval_metric if you'd like to restore the old behavior.
[I 2023-11-06 17:13:45,036] Trial 315 finished with value: 0.8689669751183773 and parameters: {'n_estimators': 8600, 'max_depth': 6, 'min_child_weight': 8, 'learning_rate': 0.01225505011139758, 'subsample': 0.9686395626360442, 'colsample_bytree': 0.5776518751201067, 'reg_alpha': 4.478035677639655, 'reg_lambda': 6.2462327812915746, 'gamma': 0.8999999999999999}. Best is trial 273 with value: 0.8708834900261233.
/home/stepa/.local/lib/python3.6/site-packages/xgboost/sklearn.py:1224: UserWarning: The use of label encoder in XGBClassifier is deprecated and will be removed in a future release. To remove this warning, do the following: 1) Pass option use_label_encoder=False when constructing XGBClassifier object; and 2) Encode your labels (y) as integers starting with 0, i.e. 0, 1, 2, ..., [num_class - 1].
  warnings.warn(label_encoder_deprecation_msg, UserWarning)
[17:13:45] WARNING: ../src/learner.cc:223: No visible GPU is found, setting `gpu_id` to -1
[17:13:45] WARNING: ../src/learner.cc:1115: Starting in XGBoost 1.3.0, the default evaluation metric used with the objective 'binary:logistic' was changed from 'error' to 'logloss'. Explicitly set eval_metric if you'd like to restore the old behavior.
[I 2023-11-06 17:14:16,639] Trial 316 finished with value: 0.8689563031875094 and parameters: {'n_estimators': 8500, 'max_depth': 6, 'min_child_weight': 8, 'learning_rate': 0.012837113761422343, 'subsample': 0.9841534665365057, 'colsample_bytree': 0.48206502419461905, 'reg_alpha': 4.78619087316866, 'reg_lambda': 6.08104117525526, 'gamma': 0.8999999999999999}. Best is trial 273 with value: 0.8708834900261233.
/home/stepa/.local/lib/python3.6/site-packages/xgboost/sklearn.py:1224: UserWarning: The use of label encoder in XGBClassifier is deprecated and will be removed in a future release. To remove this warning, do the following: 1) Pass option use_label_encoder=False when constructing XGBClassifier object; and 2) Encode your labels (y) as integers starting with 0, i.e. 0, 1, 2, ..., [num_class - 1].
  warnings.warn(label_encoder_deprecation_msg, UserWarning)
[17:14:16] WARNING: ../src/learner.cc:223: No visible GPU is found, setting `gpu_id` to -1
[17:14:16] WARNING: ../src/learner.cc:1115: Starting in XGBoost 1.3.0, the default evaluation metric used with the objective 'binary:logistic' was changed from 'error' to 'logloss'. Explicitly set eval_metric if you'd like to restore the old behavior.
[I 2023-11-06 17:14:48,837] Trial 317 finished with value: 0.8705540151447169 and parameters: {'n_estimators': 8600, 'max_depth': 6, 'min_child_weight': 8, 'learning_rate': 0.015631549277865645, 'subsample': 0.9633454315614072, 'colsample_bytree': 0.18355824492591033, 'reg_alpha': 5.073113028763252, 'reg_lambda': 6.548749120031416, 'gamma': 0.8999999999999999}. Best is trial 273 with value: 0.8708834900261233.
/home/stepa/.local/lib/python3.6/site-packages/xgboost/sklearn.py:1224: UserWarning: The use of label encoder in XGBClassifier is deprecated and will be removed in a future release. To remove this warning, do the following: 1) Pass option use_label_encoder=False when constructing XGBClassifier object; and 2) Encode your labels (y) as integers starting with 0, i.e. 0, 1, 2, ..., [num_class - 1].
  warnings.warn(label_encoder_deprecation_msg, UserWarning)
[17:14:48] WARNING: ../src/learner.cc:223: No visible GPU is found, setting `gpu_id` to -1
[17:14:48] WARNING: ../src/learner.cc:1115: Starting in XGBoost 1.3.0, the default evaluation metric used with the objective 'binary:logistic' was changed from 'error' to 'logloss'. Explicitly set eval_metric if you'd like to restore the old behavior.
[I 2023-11-06 17:15:26,378] Trial 318 finished with value: 0.8701207347514885 and parameters: {'n_estimators': 10200, 'max_depth': 6, 'min_child_weight': 8, 'learning_rate': 0.013623601358387529, 'subsample': 0.9783938848315321, 'colsample_bytree': 0.12898541515700482, 'reg_alpha': 4.540412304637295, 'reg_lambda': 6.1788928021703144, 'gamma': 0.8999999999999999}. Best is trial 273 with value: 0.8708834900261233.
/home/stepa/.local/lib/python3.6/site-packages/xgboost/sklearn.py:1224: UserWarning: The use of label encoder in XGBClassifier is deprecated and will be removed in a future release. To remove this warning, do the following: 1) Pass option use_label_encoder=False when constructing XGBClassifier object; and 2) Encode your labels (y) as integers starting with 0, i.e. 0, 1, 2, ..., [num_class - 1].
  warnings.warn(label_encoder_deprecation_msg, UserWarning)
[17:15:26] WARNING: ../src/learner.cc:223: No visible GPU is found, setting `gpu_id` to -1
[17:15:26] WARNING: ../src/learner.cc:1115: Starting in XGBoost 1.3.0, the default evaluation metric used with the objective 'binary:logistic' was changed from 'error' to 'logloss'. Explicitly set eval_metric if you'd like to restore the old behavior.
[I 2023-11-06 17:15:53,856] Trial 319 finished with value: 0.8706354995337185 and parameters: {'n_estimators': 8400, 'max_depth': 5, 'min_child_weight': 8, 'learning_rate': 0.019940823669005032, 'subsample': 0.9724724469063091, 'colsample_bytree': 0.17595216723909335, 'reg_alpha': 4.383094296385864, 'reg_lambda': 6.73413943929484, 'gamma': 0.8999999999999999}. Best is trial 273 with value: 0.8708834900261233.
/home/stepa/.local/lib/python3.6/site-packages/xgboost/sklearn.py:1224: UserWarning: The use of label encoder in XGBClassifier is deprecated and will be removed in a future release. To remove this warning, do the following: 1) Pass option use_label_encoder=False when constructing XGBClassifier object; and 2) Encode your labels (y) as integers starting with 0, i.e. 0, 1, 2, ..., [num_class - 1].
  warnings.warn(label_encoder_deprecation_msg, UserWarning)
[17:15:53] WARNING: ../src/learner.cc:223: No visible GPU is found, setting `gpu_id` to -1
[17:15:53] WARNING: ../src/learner.cc:1115: Starting in XGBoost 1.3.0, the default evaluation metric used with the objective 'binary:logistic' was changed from 'error' to 'logloss'. Explicitly set eval_metric if you'd like to restore the old behavior.
[I 2023-11-06 17:16:24,782] Trial 320 finished with value: 0.8700374976876984 and parameters: {'n_estimators': 8400, 'max_depth': 6, 'min_child_weight': 8, 'learning_rate': 0.015163057579538893, 'subsample': 0.7847913065509031, 'colsample_bytree': 0.10107271276313948, 'reg_alpha': 4.75291134946314, 'reg_lambda': 6.376837418824687, 'gamma': 0.8999999999999999}. Best is trial 273 with value: 0.8708834900261233.
/home/stepa/.local/lib/python3.6/site-packages/xgboost/sklearn.py:1224: UserWarning: The use of label encoder in XGBClassifier is deprecated and will be removed in a future release. To remove this warning, do the following: 1) Pass option use_label_encoder=False when constructing XGBClassifier object; and 2) Encode your labels (y) as integers starting with 0, i.e. 0, 1, 2, ..., [num_class - 1].
  warnings.warn(label_encoder_deprecation_msg, UserWarning)
[17:16:24] WARNING: ../src/learner.cc:223: No visible GPU is found, setting `gpu_id` to -1
[17:16:24] WARNING: ../src/learner.cc:1115: Starting in XGBoost 1.3.0, the default evaluation metric used with the objective 'binary:logistic' was changed from 'error' to 'logloss'. Explicitly set eval_metric if you'd like to restore the old behavior.
[I 2023-11-06 17:16:56,589] Trial 321 finished with value: 0.8706267161748864 and parameters: {'n_estimators': 8500, 'max_depth': 6, 'min_child_weight': 8, 'learning_rate': 0.010354128711900383, 'subsample': 0.9664646655254238, 'colsample_bytree': 0.205452839505821, 'reg_alpha': 4.281039547360548, 'reg_lambda': 5.946643917998496, 'gamma': 0.8999999999999999}. Best is trial 273 with value: 0.8708834900261233.
/home/stepa/.local/lib/python3.6/site-packages/xgboost/sklearn.py:1224: UserWarning: The use of label encoder in XGBClassifier is deprecated and will be removed in a future release. To remove this warning, do the following: 1) Pass option use_label_encoder=False when constructing XGBClassifier object; and 2) Encode your labels (y) as integers starting with 0, i.e. 0, 1, 2, ..., [num_class - 1].
  warnings.warn(label_encoder_deprecation_msg, UserWarning)
[17:16:56] WARNING: ../src/learner.cc:223: No visible GPU is found, setting `gpu_id` to -1
[17:16:56] WARNING: ../src/learner.cc:1115: Starting in XGBoost 1.3.0, the default evaluation metric used with the objective 'binary:logistic' was changed from 'error' to 'logloss'. Explicitly set eval_metric if you'd like to restore the old behavior.
[I 2023-11-06 17:17:28,485] Trial 322 finished with value: 0.8708112166725841 and parameters: {'n_estimators': 8600, 'max_depth': 6, 'min_child_weight': 8, 'learning_rate': 0.016924240470669163, 'subsample': 0.9994678297155077, 'colsample_bytree': 0.1451449202745522, 'reg_alpha': 4.642157239573973, 'reg_lambda': 7.024134715770258, 'gamma': 0.8999999999999999}. Best is trial 273 with value: 0.8708834900261233.
/home/stepa/.local/lib/python3.6/site-packages/xgboost/sklearn.py:1224: UserWarning: The use of label encoder in XGBClassifier is deprecated and will be removed in a future release. To remove this warning, do the following: 1) Pass option use_label_encoder=False when constructing XGBClassifier object; and 2) Encode your labels (y) as integers starting with 0, i.e. 0, 1, 2, ..., [num_class - 1].
  warnings.warn(label_encoder_deprecation_msg, UserWarning)
[17:17:28] WARNING: ../src/learner.cc:223: No visible GPU is found, setting `gpu_id` to -1
[17:17:28] WARNING: ../src/learner.cc:1115: Starting in XGBoost 1.3.0, the default evaluation metric used with the objective 'binary:logistic' was changed from 'error' to 'logloss'. Explicitly set eval_metric if you'd like to restore the old behavior.
[I 2023-11-06 17:18:00,833] Trial 323 finished with value: 0.8705705726254733 and parameters: {'n_estimators': 8700, 'max_depth': 6, 'min_child_weight': 8, 'learning_rate': 0.020483912091477534, 'subsample': 0.9588423445596767, 'colsample_bytree': 0.16251717666470705, 'reg_alpha': 4.623846969724, 'reg_lambda': 7.092481425053611, 'gamma': 0.8999999999999999}. Best is trial 273 with value: 0.8708834900261233.
/home/stepa/.local/lib/python3.6/site-packages/xgboost/sklearn.py:1224: UserWarning: The use of label encoder in XGBClassifier is deprecated and will be removed in a future release. To remove this warning, do the following: 1) Pass option use_label_encoder=False when constructing XGBClassifier object; and 2) Encode your labels (y) as integers starting with 0, i.e. 0, 1, 2, ..., [num_class - 1].
  warnings.warn(label_encoder_deprecation_msg, UserWarning)
[17:18:00] WARNING: ../src/learner.cc:223: No visible GPU is found, setting `gpu_id` to -1
[17:18:00] WARNING: ../src/learner.cc:1115: Starting in XGBoost 1.3.0, the default evaluation metric used with the objective 'binary:logistic' was changed from 'error' to 'logloss'. Explicitly set eval_metric if you'd like to restore the old behavior.
