[I 2023-11-09 00:24:56,276] A new study created in memory with name: no-name-e544ca0a-e152-47a4-8d8d-206b2525b718
/home/stepa/.local/lib/python3.6/site-packages/xgboost/sklearn.py:1224: UserWarning: The use of label encoder in XGBClassifier is deprecated and will be removed in a future release. To remove this warning, do the following: 1) Pass option use_label_encoder=False when constructing XGBClassifier object; and 2) Encode your labels (y) as integers starting with 0, i.e. 0, 1, 2, ..., [num_class - 1].
  warnings.warn(label_encoder_deprecation_msg, UserWarning)
[00:24:56] WARNING: ../src/learner.cc:223: No visible GPU is found, setting `gpu_id` to -1
[00:24:56] WARNING: ../src/learner.cc:1115: Starting in XGBoost 1.3.0, the default evaluation metric used with the objective 'binary:logistic' was changed from 'error' to 'logloss'. Explicitly set eval_metric if you'd like to restore the old behavior.
[I 2023-11-09 00:25:07,018] Trial 0 finished with value: 0.8620258353696704 and parameters: {'n_estimators': 3800, 'max_depth': 4, 'min_child_weight': 7, 'learning_rate': 0.06492527022472001, 'subsample': 0.7206343234759518, 'colsample_bytree': 0.5109512425487346, 'reg_alpha': 9.077808066540882, 'reg_lambda': 4.778283878210614, 'gamma': 0.7}. Best is trial 0 with value: 0.8620258353696704.
/home/stepa/.local/lib/python3.6/site-packages/xgboost/sklearn.py:1224: UserWarning: The use of label encoder in XGBClassifier is deprecated and will be removed in a future release. To remove this warning, do the following: 1) Pass option use_label_encoder=False when constructing XGBClassifier object; and 2) Encode your labels (y) as integers starting with 0, i.e. 0, 1, 2, ..., [num_class - 1].
  warnings.warn(label_encoder_deprecation_msg, UserWarning)
[00:25:07] WARNING: ../src/learner.cc:223: No visible GPU is found, setting `gpu_id` to -1
[00:25:07] WARNING: ../src/learner.cc:1115: Starting in XGBoost 1.3.0, the default evaluation metric used with the objective 'binary:logistic' was changed from 'error' to 'logloss'. Explicitly set eval_metric if you'd like to restore the old behavior.
[I 2023-11-09 00:25:21,110] Trial 1 finished with value: 0.8690535316722743 and parameters: {'n_estimators': 5000, 'max_depth': 4, 'min_child_weight': 8, 'learning_rate': 0.003012960162936362, 'subsample': 0.7257911739860451, 'colsample_bytree': 0.40867573837086535, 'reg_alpha': 7.1192346931874795, 'reg_lambda': 1.3494806256812435, 'gamma': 0.7999999999999999}. Best is trial 1 with value: 0.8690535316722743.
/home/stepa/.local/lib/python3.6/site-packages/xgboost/sklearn.py:1224: UserWarning: The use of label encoder in XGBClassifier is deprecated and will be removed in a future release. To remove this warning, do the following: 1) Pass option use_label_encoder=False when constructing XGBClassifier object; and 2) Encode your labels (y) as integers starting with 0, i.e. 0, 1, 2, ..., [num_class - 1].
  warnings.warn(label_encoder_deprecation_msg, UserWarning)
[00:25:21] WARNING: ../src/learner.cc:223: No visible GPU is found, setting `gpu_id` to -1
[00:25:21] WARNING: ../src/learner.cc:1115: Starting in XGBoost 1.3.0, the default evaluation metric used with the objective 'binary:logistic' was changed from 'error' to 'logloss'. Explicitly set eval_metric if you'd like to restore the old behavior.
[I 2023-11-09 00:25:31,977] Trial 2 finished with value: 0.8698198782315102 and parameters: {'n_estimators': 3700, 'max_depth': 4, 'min_child_weight': 7, 'learning_rate': 0.00044047580955595375, 'subsample': 0.8584762654747369, 'colsample_bytree': 0.5318528033299075, 'reg_alpha': 5.513817956948731, 'reg_lambda': 0.23883202391479783, 'gamma': 0.7999999999999999}. Best is trial 2 with value: 0.8698198782315102.
/home/stepa/.local/lib/python3.6/site-packages/xgboost/sklearn.py:1224: UserWarning: The use of label encoder in XGBClassifier is deprecated and will be removed in a future release. To remove this warning, do the following: 1) Pass option use_label_encoder=False when constructing XGBClassifier object; and 2) Encode your labels (y) as integers starting with 0, i.e. 0, 1, 2, ..., [num_class - 1].
  warnings.warn(label_encoder_deprecation_msg, UserWarning)
[00:25:31] WARNING: ../src/learner.cc:223: No visible GPU is found, setting `gpu_id` to -1
[00:25:32] WARNING: ../src/learner.cc:1115: Starting in XGBoost 1.3.0, the default evaluation metric used with the objective 'binary:logistic' was changed from 'error' to 'logloss'. Explicitly set eval_metric if you'd like to restore the old behavior.
[I 2023-11-09 00:25:48,783] Trial 3 finished with value: 0.863149935428623 and parameters: {'n_estimators': 5600, 'max_depth': 6, 'min_child_weight': 8, 'learning_rate': 0.03108716707478547, 'subsample': 0.8401097734941748, 'colsample_bytree': 0.42469908779339627, 'reg_alpha': 9.34049340579594, 'reg_lambda': 2.516950202342149, 'gamma': 0.8999999999999999}. Best is trial 2 with value: 0.8698198782315102.
/home/stepa/.local/lib/python3.6/site-packages/xgboost/sklearn.py:1224: UserWarning: The use of label encoder in XGBClassifier is deprecated and will be removed in a future release. To remove this warning, do the following: 1) Pass option use_label_encoder=False when constructing XGBClassifier object; and 2) Encode your labels (y) as integers starting with 0, i.e. 0, 1, 2, ..., [num_class - 1].
  warnings.warn(label_encoder_deprecation_msg, UserWarning)
[00:25:48] WARNING: ../src/learner.cc:223: No visible GPU is found, setting `gpu_id` to -1
[00:25:48] WARNING: ../src/learner.cc:1115: Starting in XGBoost 1.3.0, the default evaluation metric used with the objective 'binary:logistic' was changed from 'error' to 'logloss'. Explicitly set eval_metric if you'd like to restore the old behavior.
[I 2023-11-09 00:26:11,654] Trial 4 finished with value: 0.8634064454793215 and parameters: {'n_estimators': 5400, 'max_depth': 10, 'min_child_weight': 7, 'learning_rate': 0.002789638495868168, 'subsample': 0.9710798167974274, 'colsample_bytree': 0.7104825458739576, 'reg_alpha': 9.523654678913156, 'reg_lambda': 9.236627777057523, 'gamma': 1.0}. Best is trial 2 with value: 0.8698198782315102.
/home/stepa/.local/lib/python3.6/site-packages/xgboost/sklearn.py:1224: UserWarning: The use of label encoder in XGBClassifier is deprecated and will be removed in a future release. To remove this warning, do the following: 1) Pass option use_label_encoder=False when constructing XGBClassifier object; and 2) Encode your labels (y) as integers starting with 0, i.e. 0, 1, 2, ..., [num_class - 1].
  warnings.warn(label_encoder_deprecation_msg, UserWarning)
[00:26:11] WARNING: ../src/learner.cc:223: No visible GPU is found, setting `gpu_id` to -1
[00:26:11] WARNING: ../src/learner.cc:1115: Starting in XGBoost 1.3.0, the default evaluation metric used with the objective 'binary:logistic' was changed from 'error' to 'logloss'. Explicitly set eval_metric if you'd like to restore the old behavior.
[I 2023-11-09 00:26:25,361] Trial 5 finished with value: 0.8531635562098413 and parameters: {'n_estimators': 3700, 'max_depth': 7, 'min_child_weight': 7, 'learning_rate': 0.08880813267543865, 'subsample': 0.7110185056060138, 'colsample_bytree': 0.8902349893989945, 'reg_alpha': 1.319803105554552, 'reg_lambda': 8.409913796643453, 'gamma': 0.7}. Best is trial 2 with value: 0.8698198782315102.
/home/stepa/.local/lib/python3.6/site-packages/xgboost/sklearn.py:1224: UserWarning: The use of label encoder in XGBClassifier is deprecated and will be removed in a future release. To remove this warning, do the following: 1) Pass option use_label_encoder=False when constructing XGBClassifier object; and 2) Encode your labels (y) as integers starting with 0, i.e. 0, 1, 2, ..., [num_class - 1].
  warnings.warn(label_encoder_deprecation_msg, UserWarning)
[00:26:25] WARNING: ../src/learner.cc:223: No visible GPU is found, setting `gpu_id` to -1
[00:26:25] WARNING: ../src/learner.cc:1115: Starting in XGBoost 1.3.0, the default evaluation metric used with the objective 'binary:logistic' was changed from 'error' to 'logloss'. Explicitly set eval_metric if you'd like to restore the old behavior.
[I 2023-11-09 00:26:32,767] Trial 6 finished with value: 0.8671363092994482 and parameters: {'n_estimators': 1900, 'max_depth': 7, 'min_child_weight': 7, 'learning_rate': 0.00014581613821518382, 'subsample': 0.9531754194337014, 'colsample_bytree': 0.9384609157067569, 'reg_alpha': 6.515955208629117, 'reg_lambda': 2.8322507831249015, 'gamma': 1.0}. Best is trial 2 with value: 0.8698198782315102.
/home/stepa/.local/lib/python3.6/site-packages/xgboost/sklearn.py:1224: UserWarning: The use of label encoder in XGBClassifier is deprecated and will be removed in a future release. To remove this warning, do the following: 1) Pass option use_label_encoder=False when constructing XGBClassifier object; and 2) Encode your labels (y) as integers starting with 0, i.e. 0, 1, 2, ..., [num_class - 1].
  warnings.warn(label_encoder_deprecation_msg, UserWarning)
[00:26:32] WARNING: ../src/learner.cc:223: No visible GPU is found, setting `gpu_id` to -1
[00:26:32] WARNING: ../src/learner.cc:1115: Starting in XGBoost 1.3.0, the default evaluation metric used with the objective 'binary:logistic' was changed from 'error' to 'logloss'. Explicitly set eval_metric if you'd like to restore the old behavior.
[I 2023-11-09 00:26:45,586] Trial 7 finished with value: 0.8624146373933499 and parameters: {'n_estimators': 4300, 'max_depth': 5, 'min_child_weight': 7, 'learning_rate': 0.04196214844018171, 'subsample': 0.8788502543527746, 'colsample_bytree': 0.33226716569089426, 'reg_alpha': 0.167849958002062, 'reg_lambda': 9.655088605000023, 'gamma': 0.7999999999999999}. Best is trial 2 with value: 0.8698198782315102.
/home/stepa/.local/lib/python3.6/site-packages/xgboost/sklearn.py:1224: UserWarning: The use of label encoder in XGBClassifier is deprecated and will be removed in a future release. To remove this warning, do the following: 1) Pass option use_label_encoder=False when constructing XGBClassifier object; and 2) Encode your labels (y) as integers starting with 0, i.e. 0, 1, 2, ..., [num_class - 1].
  warnings.warn(label_encoder_deprecation_msg, UserWarning)
[00:26:45] WARNING: ../src/learner.cc:223: No visible GPU is found, setting `gpu_id` to -1
[00:26:45] WARNING: ../src/learner.cc:1115: Starting in XGBoost 1.3.0, the default evaluation metric used with the objective 'binary:logistic' was changed from 'error' to 'logloss'. Explicitly set eval_metric if you'd like to restore the old behavior.
[I 2023-11-09 00:26:52,100] Trial 8 finished with value: 0.8595425270189807 and parameters: {'n_estimators': 1400, 'max_depth': 9, 'min_child_weight': 7, 'learning_rate': 0.08038510471747932, 'subsample': 0.7877381752145176, 'colsample_bytree': 0.876660162704793, 'reg_alpha': 6.32850801125894, 'reg_lambda': 7.354889234690634, 'gamma': 1.0}. Best is trial 2 with value: 0.8698198782315102.
/home/stepa/.local/lib/python3.6/site-packages/xgboost/sklearn.py:1224: UserWarning: The use of label encoder in XGBClassifier is deprecated and will be removed in a future release. To remove this warning, do the following: 1) Pass option use_label_encoder=False when constructing XGBClassifier object; and 2) Encode your labels (y) as integers starting with 0, i.e. 0, 1, 2, ..., [num_class - 1].
  warnings.warn(label_encoder_deprecation_msg, UserWarning)
[00:26:52] WARNING: ../src/learner.cc:223: No visible GPU is found, setting `gpu_id` to -1
[00:26:52] WARNING: ../src/learner.cc:1115: Starting in XGBoost 1.3.0, the default evaluation metric used with the objective 'binary:logistic' was changed from 'error' to 'logloss'. Explicitly set eval_metric if you'd like to restore the old behavior.
[I 2023-11-09 00:27:05,967] Trial 9 finished with value: 0.8626662291628002 and parameters: {'n_estimators': 4700, 'max_depth': 5, 'min_child_weight': 8, 'learning_rate': 0.0075283280038298235, 'subsample': 0.9343806068222291, 'colsample_bytree': 0.7992302611636715, 'reg_alpha': 5.38501516763422, 'reg_lambda': 6.3192746776595525, 'gamma': 0.8999999999999999}. Best is trial 2 with value: 0.8698198782315102.
/home/stepa/.local/lib/python3.6/site-packages/xgboost/sklearn.py:1224: UserWarning: The use of label encoder in XGBClassifier is deprecated and will be removed in a future release. To remove this warning, do the following: 1) Pass option use_label_encoder=False when constructing XGBClassifier object; and 2) Encode your labels (y) as integers starting with 0, i.e. 0, 1, 2, ..., [num_class - 1].
  warnings.warn(label_encoder_deprecation_msg, UserWarning)
[00:27:05] WARNING: ../src/learner.cc:223: No visible GPU is found, setting `gpu_id` to -1
[00:27:06] WARNING: ../src/learner.cc:1115: Starting in XGBoost 1.3.0, the default evaluation metric used with the objective 'binary:logistic' was changed from 'error' to 'logloss'. Explicitly set eval_metric if you'd like to restore the old behavior.
[I 2023-11-09 00:27:14,905] Trial 10 finished with value: 0.8659465029215689 and parameters: {'n_estimators': 2600, 'max_depth': 8, 'min_child_weight': 8, 'learning_rate': 0.00017966039490205547, 'subsample': 0.8757731996798104, 'colsample_bytree': 0.20708129300820144, 'reg_alpha': 3.151299164944368, 'reg_lambda': 0.8371877390071631, 'gamma': 0.7999999999999999}. Best is trial 2 with value: 0.8698198782315102.
/home/stepa/.local/lib/python3.6/site-packages/xgboost/sklearn.py:1224: UserWarning: The use of label encoder in XGBClassifier is deprecated and will be removed in a future release. To remove this warning, do the following: 1) Pass option use_label_encoder=False when constructing XGBClassifier object; and 2) Encode your labels (y) as integers starting with 0, i.e. 0, 1, 2, ..., [num_class - 1].
  warnings.warn(label_encoder_deprecation_msg, UserWarning)
[00:27:14] WARNING: ../src/learner.cc:223: No visible GPU is found, setting `gpu_id` to -1
[00:27:14] WARNING: ../src/learner.cc:1115: Starting in XGBoost 1.3.0, the default evaluation metric used with the objective 'binary:logistic' was changed from 'error' to 'logloss'. Explicitly set eval_metric if you'd like to restore the old behavior.
[I 2023-11-09 00:27:23,447] Trial 11 finished with value: 0.8698300865129469 and parameters: {'n_estimators': 2900, 'max_depth': 4, 'min_child_weight': 8, 'learning_rate': 0.0008545235515027418, 'subsample': 0.7945610109591421, 'colsample_bytree': 0.6505400513402806, 'reg_alpha': 7.387364498845202, 'reg_lambda': 0.056777916077762364, 'gamma': 0.7999999999999999}. Best is trial 11 with value: 0.8698300865129469.
/home/stepa/.local/lib/python3.6/site-packages/xgboost/sklearn.py:1224: UserWarning: The use of label encoder in XGBClassifier is deprecated and will be removed in a future release. To remove this warning, do the following: 1) Pass option use_label_encoder=False when constructing XGBClassifier object; and 2) Encode your labels (y) as integers starting with 0, i.e. 0, 1, 2, ..., [num_class - 1].
  warnings.warn(label_encoder_deprecation_msg, UserWarning)
[00:27:23] WARNING: ../src/learner.cc:223: No visible GPU is found, setting `gpu_id` to -1
[00:27:23] WARNING: ../src/learner.cc:1115: Starting in XGBoost 1.3.0, the default evaluation metric used with the objective 'binary:logistic' was changed from 'error' to 'logloss'. Explicitly set eval_metric if you'd like to restore the old behavior.
[I 2023-11-09 00:27:32,644] Trial 12 finished with value: 0.8696178349980154 and parameters: {'n_estimators': 2800, 'max_depth': 5, 'min_child_weight': 8, 'learning_rate': 0.0005751954434832224, 'subsample': 0.7969940354349737, 'colsample_bytree': 0.638036984441291, 'reg_alpha': 3.991958706200604, 'reg_lambda': 0.11021867448767841, 'gamma': 0.7999999999999999}. Best is trial 11 with value: 0.8698300865129469.
/home/stepa/.local/lib/python3.6/site-packages/xgboost/sklearn.py:1224: UserWarning: The use of label encoder in XGBClassifier is deprecated and will be removed in a future release. To remove this warning, do the following: 1) Pass option use_label_encoder=False when constructing XGBClassifier object; and 2) Encode your labels (y) as integers starting with 0, i.e. 0, 1, 2, ..., [num_class - 1].
  warnings.warn(label_encoder_deprecation_msg, UserWarning)
[00:27:32] WARNING: ../src/learner.cc:223: No visible GPU is found, setting `gpu_id` to -1
[00:27:32] WARNING: ../src/learner.cc:1115: Starting in XGBoost 1.3.0, the default evaluation metric used with the objective 'binary:logistic' was changed from 'error' to 'logloss'. Explicitly set eval_metric if you'd like to restore the old behavior.
[I 2023-11-09 00:27:40,844] Trial 13 finished with value: 0.8697832139536639 and parameters: {'n_estimators': 2800, 'max_depth': 4, 'min_child_weight': 8, 'learning_rate': 0.000827123646357577, 'subsample': 0.7978558116649344, 'colsample_bytree': 0.6262031996751074, 'reg_alpha': 7.648175104517396, 'reg_lambda': 3.962240316318816, 'gamma': 0.7}. Best is trial 11 with value: 0.8698300865129469.
/home/stepa/.local/lib/python3.6/site-packages/xgboost/sklearn.py:1224: UserWarning: The use of label encoder in XGBClassifier is deprecated and will be removed in a future release. To remove this warning, do the following: 1) Pass option use_label_encoder=False when constructing XGBClassifier object; and 2) Encode your labels (y) as integers starting with 0, i.e. 0, 1, 2, ..., [num_class - 1].
  warnings.warn(label_encoder_deprecation_msg, UserWarning)
[00:27:40] WARNING: ../src/learner.cc:223: No visible GPU is found, setting `gpu_id` to -1
[00:27:40] WARNING: ../src/learner.cc:1115: Starting in XGBoost 1.3.0, the default evaluation metric used with the objective 'binary:logistic' was changed from 'error' to 'logloss'. Explicitly set eval_metric if you'd like to restore the old behavior.
[I 2023-11-09 00:27:52,116] Trial 14 finished with value: 0.8691519992201737 and parameters: {'n_estimators': 3200, 'max_depth': 6, 'min_child_weight': 8, 'learning_rate': 0.0006276521613825462, 'subsample': 0.845661620802459, 'colsample_bytree': 0.5279079503766076, 'reg_alpha': 4.573824377395109, 'reg_lambda': 2.121465897254031, 'gamma': 0.8999999999999999}. Best is trial 11 with value: 0.8698300865129469.
/home/stepa/.local/lib/python3.6/site-packages/xgboost/sklearn.py:1224: UserWarning: The use of label encoder in XGBClassifier is deprecated and will be removed in a future release. To remove this warning, do the following: 1) Pass option use_label_encoder=False when constructing XGBClassifier object; and 2) Encode your labels (y) as integers starting with 0, i.e. 0, 1, 2, ..., [num_class - 1].
  warnings.warn(label_encoder_deprecation_msg, UserWarning)
[00:27:52] WARNING: ../src/learner.cc:223: No visible GPU is found, setting `gpu_id` to -1
[00:27:52] WARNING: ../src/learner.cc:1115: Starting in XGBoost 1.3.0, the default evaluation metric used with the objective 'binary:logistic' was changed from 'error' to 'logloss'. Explicitly set eval_metric if you'd like to restore the old behavior.
[I 2023-11-09 00:27:55,653] Trial 15 finished with value: 0.8693687633231013 and parameters: {'n_estimators': 1000, 'max_depth': 6, 'min_child_weight': 7, 'learning_rate': 0.0013371502476212272, 'subsample': 0.906223568116208, 'colsample_bytree': 0.7014716605430508, 'reg_alpha': 8.197202749862093, 'reg_lambda': 0.1971319184750286, 'gamma': 0.7999999999999999}. Best is trial 11 with value: 0.8698300865129469.
/home/stepa/.local/lib/python3.6/site-packages/xgboost/sklearn.py:1224: UserWarning: The use of label encoder in XGBClassifier is deprecated and will be removed in a future release. To remove this warning, do the following: 1) Pass option use_label_encoder=False when constructing XGBClassifier object; and 2) Encode your labels (y) as integers starting with 0, i.e. 0, 1, 2, ..., [num_class - 1].
  warnings.warn(label_encoder_deprecation_msg, UserWarning)
[00:27:55] WARNING: ../src/learner.cc:223: No visible GPU is found, setting `gpu_id` to -1
[00:27:55] WARNING: ../src/learner.cc:1115: Starting in XGBoost 1.3.0, the default evaluation metric used with the objective 'binary:logistic' was changed from 'error' to 'logloss'. Explicitly set eval_metric if you'd like to restore the old behavior.
[I 2023-11-09 00:28:01,613] Trial 16 finished with value: 0.8657828606527975 and parameters: {'n_estimators': 2000, 'max_depth': 4, 'min_child_weight': 7, 'learning_rate': 0.0002649519527595574, 'subsample': 0.7607620188728929, 'colsample_bytree': 0.10883304884343037, 'reg_alpha': 5.47216981840895, 'reg_lambda': 3.670304072762724, 'gamma': 0.8999999999999999}. Best is trial 11 with value: 0.8698300865129469.
/home/stepa/.local/lib/python3.6/site-packages/xgboost/sklearn.py:1224: UserWarning: The use of label encoder in XGBClassifier is deprecated and will be removed in a future release. To remove this warning, do the following: 1) Pass option use_label_encoder=False when constructing XGBClassifier object; and 2) Encode your labels (y) as integers starting with 0, i.e. 0, 1, 2, ..., [num_class - 1].
  warnings.warn(label_encoder_deprecation_msg, UserWarning)
[00:28:01] WARNING: ../src/learner.cc:223: No visible GPU is found, setting `gpu_id` to -1
[00:28:01] WARNING: ../src/learner.cc:1115: Starting in XGBoost 1.3.0, the default evaluation metric used with the objective 'binary:logistic' was changed from 'error' to 'logloss'. Explicitly set eval_metric if you'd like to restore the old behavior.
