[I 2023-11-06 15:24:41,573] Trial 108 finished with value: 0.8688203459858374 and parameters: {'n_estimators': 8300, 'max_depth': 5, 'min_child_weight': 7, 'learning_rate': 0.007042642093184753, 'subsample': 0.8293935668885613, 'colsample_bytree': 0.18288457774480407, 'reg_alpha': 5.370882355043885, 'reg_lambda': 6.965875406651657, 'gamma': 0.7999999999999999}. Best is trial 74 with value: 0.8707075030912526.
/home/stepa/.local/lib/python3.6/site-packages/xgboost/sklearn.py:1224: UserWarning: The use of label encoder in XGBClassifier is deprecated and will be removed in a future release. To remove this warning, do the following: 1) Pass option use_label_encoder=False when constructing XGBClassifier object; and 2) Encode your labels (y) as integers starting with 0, i.e. 0, 1, 2, ..., [num_class - 1].
  warnings.warn(label_encoder_deprecation_msg, UserWarning)
[15:24:41] WARNING: ../src/learner.cc:223: No visible GPU is found, setting `gpu_id` to -1
[15:24:41] WARNING: ../src/learner.cc:1115: Starting in XGBoost 1.3.0, the default evaluation metric used with the objective 'binary:logistic' was changed from 'error' to 'logloss'. Explicitly set eval_metric if you'd like to restore the old behavior.
[I 2023-11-06 15:25:17,592] Trial 109 finished with value: 0.8700108938031084 and parameters: {'n_estimators': 8100, 'max_depth': 7, 'min_child_weight': 7, 'learning_rate': 0.015138964012822751, 'subsample': 0.8147055787408043, 'colsample_bytree': 0.2066415914259547, 'reg_alpha': 4.826459714026726, 'reg_lambda': 6.409827982558552, 'gamma': 0.7999999999999999}. Best is trial 74 with value: 0.8707075030912526.
/home/stepa/.local/lib/python3.6/site-packages/xgboost/sklearn.py:1224: UserWarning: The use of label encoder in XGBClassifier is deprecated and will be removed in a future release. To remove this warning, do the following: 1) Pass option use_label_encoder=False when constructing XGBClassifier object; and 2) Encode your labels (y) as integers starting with 0, i.e. 0, 1, 2, ..., [num_class - 1].
  warnings.warn(label_encoder_deprecation_msg, UserWarning)
[15:25:17] WARNING: ../src/learner.cc:223: No visible GPU is found, setting `gpu_id` to -1
[15:25:17] WARNING: ../src/learner.cc:1115: Starting in XGBoost 1.3.0, the default evaluation metric used with the objective 'binary:logistic' was changed from 'error' to 'logloss'. Explicitly set eval_metric if you'd like to restore the old behavior.
[I 2023-11-06 15:25:53,969] Trial 110 finished with value: 0.870078150949442 and parameters: {'n_estimators': 8400, 'max_depth': 7, 'min_child_weight': 7, 'learning_rate': 0.017486726062164087, 'subsample': 0.8569850855183105, 'colsample_bytree': 0.16062962914806053, 'reg_alpha': 3.747350637082917, 'reg_lambda': 6.609174114962896, 'gamma': 0.7999999999999999}. Best is trial 74 with value: 0.8707075030912526.
/home/stepa/.local/lib/python3.6/site-packages/xgboost/sklearn.py:1224: UserWarning: The use of label encoder in XGBClassifier is deprecated and will be removed in a future release. To remove this warning, do the following: 1) Pass option use_label_encoder=False when constructing XGBClassifier object; and 2) Encode your labels (y) as integers starting with 0, i.e. 0, 1, 2, ..., [num_class - 1].
  warnings.warn(label_encoder_deprecation_msg, UserWarning)
[15:25:54] WARNING: ../src/learner.cc:223: No visible GPU is found, setting `gpu_id` to -1
[15:25:54] WARNING: ../src/learner.cc:1115: Starting in XGBoost 1.3.0, the default evaluation metric used with the objective 'binary:logistic' was changed from 'error' to 'logloss'. Explicitly set eval_metric if you'd like to restore the old behavior.
[I 2023-11-06 15:26:27,160] Trial 111 finished with value: 0.8704195128429832 and parameters: {'n_estimators': 8600, 'max_depth': 6, 'min_child_weight': 7, 'learning_rate': 0.011752533652264202, 'subsample': 0.8690032711149743, 'colsample_bytree': 0.13731432876064617, 'reg_alpha': 5.765693761418908, 'reg_lambda': 7.149437413961521, 'gamma': 0.7999999999999999}. Best is trial 74 with value: 0.8707075030912526.
/home/stepa/.local/lib/python3.6/site-packages/xgboost/sklearn.py:1224: UserWarning: The use of label encoder in XGBClassifier is deprecated and will be removed in a future release. To remove this warning, do the following: 1) Pass option use_label_encoder=False when constructing XGBClassifier object; and 2) Encode your labels (y) as integers starting with 0, i.e. 0, 1, 2, ..., [num_class - 1].
  warnings.warn(label_encoder_deprecation_msg, UserWarning)
[15:26:27] WARNING: ../src/learner.cc:223: No visible GPU is found, setting `gpu_id` to -1
[15:26:27] WARNING: ../src/learner.cc:1115: Starting in XGBoost 1.3.0, the default evaluation metric used with the objective 'binary:logistic' was changed from 'error' to 'logloss'. Explicitly set eval_metric if you'd like to restore the old behavior.
[I 2023-11-06 15:27:01,521] Trial 112 finished with value: 0.8703885382631109 and parameters: {'n_estimators': 9000, 'max_depth': 6, 'min_child_weight': 7, 'learning_rate': 0.019901848216318244, 'subsample': 0.8825217201029779, 'colsample_bytree': 0.15322097646547203, 'reg_alpha': 5.1211138188885155, 'reg_lambda': 7.760197130989574, 'gamma': 0.7999999999999999}. Best is trial 74 with value: 0.8707075030912526.
/home/stepa/.local/lib/python3.6/site-packages/xgboost/sklearn.py:1224: UserWarning: The use of label encoder in XGBClassifier is deprecated and will be removed in a future release. To remove this warning, do the following: 1) Pass option use_label_encoder=False when constructing XGBClassifier object; and 2) Encode your labels (y) as integers starting with 0, i.e. 0, 1, 2, ..., [num_class - 1].
  warnings.warn(label_encoder_deprecation_msg, UserWarning)
[15:27:01] WARNING: ../src/learner.cc:223: No visible GPU is found, setting `gpu_id` to -1
[15:27:01] WARNING: ../src/learner.cc:1115: Starting in XGBoost 1.3.0, the default evaluation metric used with the objective 'binary:logistic' was changed from 'error' to 'logloss'. Explicitly set eval_metric if you'd like to restore the old behavior.
[I 2023-11-06 15:27:47,474] Trial 113 finished with value: 0.8699524859657414 and parameters: {'n_estimators': 11900, 'max_depth': 6, 'min_child_weight': 7, 'learning_rate': 0.013623223924038341, 'subsample': 0.8879383675404997, 'colsample_bytree': 0.17831299714704413, 'reg_alpha': 5.500282742642797, 'reg_lambda': 5.46240851292645, 'gamma': 0.7999999999999999}. Best is trial 74 with value: 0.8707075030912526.
/home/stepa/.local/lib/python3.6/site-packages/xgboost/sklearn.py:1224: UserWarning: The use of label encoder in XGBClassifier is deprecated and will be removed in a future release. To remove this warning, do the following: 1) Pass option use_label_encoder=False when constructing XGBClassifier object; and 2) Encode your labels (y) as integers starting with 0, i.e. 0, 1, 2, ..., [num_class - 1].
  warnings.warn(label_encoder_deprecation_msg, UserWarning)
[15:27:47] WARNING: ../src/learner.cc:223: No visible GPU is found, setting `gpu_id` to -1
[15:27:47] WARNING: ../src/learner.cc:1115: Starting in XGBoost 1.3.0, the default evaluation metric used with the objective 'binary:logistic' was changed from 'error' to 'logloss'. Explicitly set eval_metric if you'd like to restore the old behavior.
[I 2023-11-06 15:28:19,418] Trial 114 finished with value: 0.8703249683288469 and parameters: {'n_estimators': 8500, 'max_depth': 6, 'min_child_weight': 7, 'learning_rate': 0.018174566346131082, 'subsample': 0.8401117359401691, 'colsample_bytree': 0.12304277060112846, 'reg_alpha': 4.908084347008784, 'reg_lambda': 6.137320287309458, 'gamma': 0.7999999999999999}. Best is trial 74 with value: 0.8707075030912526.
/home/stepa/.local/lib/python3.6/site-packages/xgboost/sklearn.py:1224: UserWarning: The use of label encoder in XGBClassifier is deprecated and will be removed in a future release. To remove this warning, do the following: 1) Pass option use_label_encoder=False when constructing XGBClassifier object; and 2) Encode your labels (y) as integers starting with 0, i.e. 0, 1, 2, ..., [num_class - 1].
  warnings.warn(label_encoder_deprecation_msg, UserWarning)
[15:28:19] WARNING: ../src/learner.cc:223: No visible GPU is found, setting `gpu_id` to -1
[15:28:19] WARNING: ../src/learner.cc:1115: Starting in XGBoost 1.3.0, the default evaluation metric used with the objective 'binary:logistic' was changed from 'error' to 'logloss'. Explicitly set eval_metric if you'd like to restore the old behavior.
[I 2023-11-06 15:29:12,692] Trial 115 finished with value: 0.8396861705689433 and parameters: {'n_estimators': 8700, 'max_depth': 10, 'min_child_weight': 7, 'learning_rate': 0.0002730087477678739, 'subsample': 0.8616006475782354, 'colsample_bytree': 0.19687391029722817, 'reg_alpha': 6.620853109996242, 'reg_lambda': 6.556129934887583, 'gamma': 0.7999999999999999}. Best is trial 74 with value: 0.8707075030912526.
/home/stepa/.local/lib/python3.6/site-packages/xgboost/sklearn.py:1224: UserWarning: The use of label encoder in XGBClassifier is deprecated and will be removed in a future release. To remove this warning, do the following: 1) Pass option use_label_encoder=False when constructing XGBClassifier object; and 2) Encode your labels (y) as integers starting with 0, i.e. 0, 1, 2, ..., [num_class - 1].
  warnings.warn(label_encoder_deprecation_msg, UserWarning)
[15:29:12] WARNING: ../src/learner.cc:223: No visible GPU is found, setting `gpu_id` to -1
[15:29:12] WARNING: ../src/learner.cc:1115: Starting in XGBoost 1.3.0, the default evaluation metric used with the objective 'binary:logistic' was changed from 'error' to 'logloss'. Explicitly set eval_metric if you'd like to restore the old behavior.
[I 2023-11-06 15:29:48,192] Trial 116 finished with value: 0.8688260656611451 and parameters: {'n_estimators': 8900, 'max_depth': 6, 'min_child_weight': 7, 'learning_rate': 0.023395085449763577, 'subsample': 0.8927095529289942, 'colsample_bytree': 0.22387194254902174, 'reg_alpha': 7.154335998555355, 'reg_lambda': 6.865525394245425, 'gamma': 0.7999999999999999}. Best is trial 74 with value: 0.8707075030912526.
/home/stepa/.local/lib/python3.6/site-packages/xgboost/sklearn.py:1224: UserWarning: The use of label encoder in XGBClassifier is deprecated and will be removed in a future release. To remove this warning, do the following: 1) Pass option use_label_encoder=False when constructing XGBClassifier object; and 2) Encode your labels (y) as integers starting with 0, i.e. 0, 1, 2, ..., [num_class - 1].
  warnings.warn(label_encoder_deprecation_msg, UserWarning)
[15:29:48] WARNING: ../src/learner.cc:223: No visible GPU is found, setting `gpu_id` to -1
[15:29:48] WARNING: ../src/learner.cc:1115: Starting in XGBoost 1.3.0, the default evaluation metric used with the objective 'binary:logistic' was changed from 'error' to 'logloss'. Explicitly set eval_metric if you'd like to restore the old behavior.
[I 2023-11-06 15:30:21,321] Trial 117 finished with value: 0.8701398223192258 and parameters: {'n_estimators': 8500, 'max_depth': 6, 'min_child_weight': 7, 'learning_rate': 0.008081954821445017, 'subsample': 0.8327455633292647, 'colsample_bytree': 0.25548490617179287, 'reg_alpha': 5.981985476437308, 'reg_lambda': 5.700175771507521, 'gamma': 0.7999999999999999}. Best is trial 74 with value: 0.8707075030912526.
/home/stepa/.local/lib/python3.6/site-packages/xgboost/sklearn.py:1224: UserWarning: The use of label encoder in XGBClassifier is deprecated and will be removed in a future release. To remove this warning, do the following: 1) Pass option use_label_encoder=False when constructing XGBClassifier object; and 2) Encode your labels (y) as integers starting with 0, i.e. 0, 1, 2, ..., [num_class - 1].
  warnings.warn(label_encoder_deprecation_msg, UserWarning)
[15:30:21] WARNING: ../src/learner.cc:223: No visible GPU is found, setting `gpu_id` to -1
[15:30:21] WARNING: ../src/learner.cc:1115: Starting in XGBoost 1.3.0, the default evaluation metric used with the objective 'binary:logistic' was changed from 'error' to 'logloss'. Explicitly set eval_metric if you'd like to restore the old behavior.
[I 2023-11-06 15:30:55,052] Trial 118 finished with value: 0.8703065582488556 and parameters: {'n_estimators': 8800, 'max_depth': 6, 'min_child_weight': 7, 'learning_rate': 0.00983759808215996, 'subsample': 0.8778259462365211, 'colsample_bytree': 0.1436089642580432, 'reg_alpha': 5.688380112914514, 'reg_lambda': 8.33242853240989, 'gamma': 0.7999999999999999}. Best is trial 74 with value: 0.8707075030912526.
/home/stepa/.local/lib/python3.6/site-packages/xgboost/sklearn.py:1224: UserWarning: The use of label encoder in XGBClassifier is deprecated and will be removed in a future release. To remove this warning, do the following: 1) Pass option use_label_encoder=False when constructing XGBClassifier object; and 2) Encode your labels (y) as integers starting with 0, i.e. 0, 1, 2, ..., [num_class - 1].
  warnings.warn(label_encoder_deprecation_msg, UserWarning)
[15:30:55] WARNING: ../src/learner.cc:223: No visible GPU is found, setting `gpu_id` to -1
[15:30:55] WARNING: ../src/learner.cc:1115: Starting in XGBoost 1.3.0, the default evaluation metric used with the objective 'binary:logistic' was changed from 'error' to 'logloss'. Explicitly set eval_metric if you'd like to restore the old behavior.
[I 2023-11-06 15:31:28,315] Trial 119 finished with value: 0.8704477714764045 and parameters: {'n_estimators': 8600, 'max_depth': 6, 'min_child_weight': 7, 'learning_rate': 0.012329149511201691, 'subsample': 0.8663994294262813, 'colsample_bytree': 0.16798552786728954, 'reg_alpha': 4.504084458005498, 'reg_lambda': 6.320885874828436, 'gamma': 0.7999999999999999}. Best is trial 74 with value: 0.8707075030912526.
/home/stepa/.local/lib/python3.6/site-packages/xgboost/sklearn.py:1224: UserWarning: The use of label encoder in XGBClassifier is deprecated and will be removed in a future release. To remove this warning, do the following: 1) Pass option use_label_encoder=False when constructing XGBClassifier object; and 2) Encode your labels (y) as integers starting with 0, i.e. 0, 1, 2, ..., [num_class - 1].
  warnings.warn(label_encoder_deprecation_msg, UserWarning)
[15:31:28] WARNING: ../src/learner.cc:223: No visible GPU is found, setting `gpu_id` to -1
[15:31:28] WARNING: ../src/learner.cc:1115: Starting in XGBoost 1.3.0, the default evaluation metric used with the objective 'binary:logistic' was changed from 'error' to 'logloss'. Explicitly set eval_metric if you'd like to restore the old behavior.
[I 2023-11-06 15:32:04,405] Trial 120 finished with value: 0.8701588859050962 and parameters: {'n_estimators': 8200, 'max_depth': 7, 'min_child_weight': 7, 'learning_rate': 0.006316453963107298, 'subsample': 0.8521177039247866, 'colsample_bytree': 0.17586879343390646, 'reg_alpha': 3.340025777780301, 'reg_lambda': 6.26611490311759, 'gamma': 0.7999999999999999}. Best is trial 74 with value: 0.8707075030912526.
/home/stepa/.local/lib/python3.6/site-packages/xgboost/sklearn.py:1224: UserWarning: The use of label encoder in XGBClassifier is deprecated and will be removed in a future release. To remove this warning, do the following: 1) Pass option use_label_encoder=False when constructing XGBClassifier object; and 2) Encode your labels (y) as integers starting with 0, i.e. 0, 1, 2, ..., [num_class - 1].
  warnings.warn(label_encoder_deprecation_msg, UserWarning)
[15:32:04] WARNING: ../src/learner.cc:223: No visible GPU is found, setting `gpu_id` to -1
[15:32:04] WARNING: ../src/learner.cc:1115: Starting in XGBoost 1.3.0, the default evaluation metric used with the objective 'binary:logistic' was changed from 'error' to 'logloss'. Explicitly set eval_metric if you'd like to restore the old behavior.
[I 2023-11-06 15:32:36,871] Trial 121 finished with value: 0.8697471472240067 and parameters: {'n_estimators': 8600, 'max_depth': 6, 'min_child_weight': 7, 'learning_rate': 0.012513940752157181, 'subsample': 0.8667373461841609, 'colsample_bytree': 0.11366828065018686, 'reg_alpha': 4.493504064913777, 'reg_lambda': 7.516702785642836, 'gamma': 0.7999999999999999}. Best is trial 74 with value: 0.8707075030912526.
/home/stepa/.local/lib/python3.6/site-packages/xgboost/sklearn.py:1224: UserWarning: The use of label encoder in XGBClassifier is deprecated and will be removed in a future release. To remove this warning, do the following: 1) Pass option use_label_encoder=False when constructing XGBClassifier object; and 2) Encode your labels (y) as integers starting with 0, i.e. 0, 1, 2, ..., [num_class - 1].
  warnings.warn(label_encoder_deprecation_msg, UserWarning)
[15:32:36] WARNING: ../src/learner.cc:223: No visible GPU is found, setting `gpu_id` to -1
[15:32:36] WARNING: ../src/learner.cc:1115: Starting in XGBoost 1.3.0, the default evaluation metric used with the objective 'binary:logistic' was changed from 'error' to 'logloss'. Explicitly set eval_metric if you'd like to restore the old behavior.
[I 2023-11-06 15:33:09,206] Trial 122 finished with value: 0.8706670197010677 and parameters: {'n_estimators': 8400, 'max_depth': 6, 'min_child_weight': 7, 'learning_rate': 0.014627697445660164, 'subsample': 0.8445102973854033, 'colsample_bytree': 0.15972566304641414, 'reg_alpha': 4.126615969574033, 'reg_lambda': 5.878650984861997, 'gamma': 0.7999999999999999}. Best is trial 74 with value: 0.8707075030912526.
/home/stepa/.local/lib/python3.6/site-packages/xgboost/sklearn.py:1224: UserWarning: The use of label encoder in XGBClassifier is deprecated and will be removed in a future release. To remove this warning, do the following: 1) Pass option use_label_encoder=False when constructing XGBClassifier object; and 2) Encode your labels (y) as integers starting with 0, i.e. 0, 1, 2, ..., [num_class - 1].
  warnings.warn(label_encoder_deprecation_msg, UserWarning)
[15:33:09] WARNING: ../src/learner.cc:223: No visible GPU is found, setting `gpu_id` to -1
[15:33:09] WARNING: ../src/learner.cc:1115: Starting in XGBoost 1.3.0, the default evaluation metric used with the objective 'binary:logistic' was changed from 'error' to 'logloss'. Explicitly set eval_metric if you'd like to restore the old behavior.
[I 2023-11-06 15:33:41,361] Trial 123 finished with value: 0.8706008637221327 and parameters: {'n_estimators': 8400, 'max_depth': 6, 'min_child_weight': 7, 'learning_rate': 0.015141670929939894, 'subsample': 0.8451007865510342, 'colsample_bytree': 0.16203000610397125, 'reg_alpha': 3.983229272809507, 'reg_lambda': 5.80368892453665, 'gamma': 0.7999999999999999}. Best is trial 74 with value: 0.8707075030912526.
/home/stepa/.local/lib/python3.6/site-packages/xgboost/sklearn.py:1224: UserWarning: The use of label encoder in XGBClassifier is deprecated and will be removed in a future release. To remove this warning, do the following: 1) Pass option use_label_encoder=False when constructing XGBClassifier object; and 2) Encode your labels (y) as integers starting with 0, i.e. 0, 1, 2, ..., [num_class - 1].
  warnings.warn(label_encoder_deprecation_msg, UserWarning)
[15:33:41] WARNING: ../src/learner.cc:223: No visible GPU is found, setting `gpu_id` to -1
[15:33:41] WARNING: ../src/learner.cc:1115: Starting in XGBoost 1.3.0, the default evaluation metric used with the objective 'binary:logistic' was changed from 'error' to 'logloss'. Explicitly set eval_metric if you'd like to restore the old behavior.
[I 2023-11-06 15:34:13,606] Trial 124 finished with value: 0.8706992013682517 and parameters: {'n_estimators': 8400, 'max_depth': 6, 'min_child_weight': 7, 'learning_rate': 0.013786340519640769, 'subsample': 0.8464748739399316, 'colsample_bytree': 0.1679892998812855, 'reg_alpha': 4.133477480562352, 'reg_lambda': 5.094683192594616, 'gamma': 0.7999999999999999}. Best is trial 74 with value: 0.8707075030912526.
/home/stepa/.local/lib/python3.6/site-packages/xgboost/sklearn.py:1224: UserWarning: The use of label encoder in XGBClassifier is deprecated and will be removed in a future release. To remove this warning, do the following: 1) Pass option use_label_encoder=False when constructing XGBClassifier object; and 2) Encode your labels (y) as integers starting with 0, i.e. 0, 1, 2, ..., [num_class - 1].
  warnings.warn(label_encoder_deprecation_msg, UserWarning)
[15:34:13] WARNING: ../src/learner.cc:223: No visible GPU is found, setting `gpu_id` to -1
[15:34:13] WARNING: ../src/learner.cc:1115: Starting in XGBoost 1.3.0, the default evaluation metric used with the objective 'binary:logistic' was changed from 'error' to 'logloss'. Explicitly set eval_metric if you'd like to restore the old behavior.
[I 2023-11-06 15:34:45,184] Trial 125 finished with value: 0.8701893268884251 and parameters: {'n_estimators': 8300, 'max_depth': 6, 'min_child_weight': 7, 'learning_rate': 0.01548595862136423, 'subsample': 0.8451635480187271, 'colsample_bytree': 0.2132660299199704, 'reg_alpha': 3.040538679211595, 'reg_lambda': 5.0181076113664185, 'gamma': 0.7999999999999999}. Best is trial 74 with value: 0.8707075030912526.
/home/stepa/.local/lib/python3.6/site-packages/xgboost/sklearn.py:1224: UserWarning: The use of label encoder in XGBClassifier is deprecated and will be removed in a future release. To remove this warning, do the following: 1) Pass option use_label_encoder=False when constructing XGBClassifier object; and 2) Encode your labels (y) as integers starting with 0, i.e. 0, 1, 2, ..., [num_class - 1].
  warnings.warn(label_encoder_deprecation_msg, UserWarning)
[15:34:45] WARNING: ../src/learner.cc:223: No visible GPU is found, setting `gpu_id` to -1
[15:34:45] WARNING: ../src/learner.cc:1115: Starting in XGBoost 1.3.0, the default evaluation metric used with the objective 'binary:logistic' was changed from 'error' to 'logloss'. Explicitly set eval_metric if you'd like to restore the old behavior.
