[I 2023-11-09 00:28:14,668] Trial 17 finished with value: 0.8667825747609625 and parameters: {'n_estimators': 4200, 'max_depth': 5, 'min_child_weight': 8, 'learning_rate': 0.00040097117069520067, 'subsample': 0.8164567629921733, 'colsample_bytree': 0.2728859073265186, 'reg_alpha': 4.011802476384467, 'reg_lambda': 1.666836088551259, 'gamma': 0.7}. Best is trial 11 with value: 0.8698300865129469.
/home/stepa/.local/lib/python3.6/site-packages/xgboost/sklearn.py:1224: UserWarning: The use of label encoder in XGBClassifier is deprecated and will be removed in a future release. To remove this warning, do the following: 1) Pass option use_label_encoder=False when constructing XGBClassifier object; and 2) Encode your labels (y) as integers starting with 0, i.e. 0, 1, 2, ..., [num_class - 1].
  warnings.warn(label_encoder_deprecation_msg, UserWarning)
[00:28:14] WARNING: ../src/learner.cc:223: No visible GPU is found, setting `gpu_id` to -1
[00:28:14] WARNING: ../src/learner.cc:1115: Starting in XGBoost 1.3.0, the default evaluation metric used with the objective 'binary:logistic' was changed from 'error' to 'logloss'. Explicitly set eval_metric if you'd like to restore the old behavior.
[I 2023-11-09 00:28:28,939] Trial 18 finished with value: 0.8641159370270863 and parameters: {'n_estimators': 3400, 'max_depth': 8, 'min_child_weight': 7, 'learning_rate': 0.001447317709145864, 'subsample': 0.7644304038707621, 'colsample_bytree': 0.7596512156773418, 'reg_alpha': 2.6275463844689737, 'reg_lambda': 5.0934680547495415, 'gamma': 0.7999999999999999}. Best is trial 11 with value: 0.8698300865129469.
/home/stepa/.local/lib/python3.6/site-packages/xgboost/sklearn.py:1224: UserWarning: The use of label encoder in XGBClassifier is deprecated and will be removed in a future release. To remove this warning, do the following: 1) Pass option use_label_encoder=False when constructing XGBClassifier object; and 2) Encode your labels (y) as integers starting with 0, i.e. 0, 1, 2, ..., [num_class - 1].
  warnings.warn(label_encoder_deprecation_msg, UserWarning)
[00:28:28] WARNING: ../src/learner.cc:223: No visible GPU is found, setting `gpu_id` to -1
[00:28:28] WARNING: ../src/learner.cc:1115: Starting in XGBoost 1.3.0, the default evaluation metric used with the objective 'binary:logistic' was changed from 'error' to 'logloss'. Explicitly set eval_metric if you'd like to restore the old behavior.
[I 2023-11-09 00:28:36,331] Trial 19 finished with value: 0.8631179216345087 and parameters: {'n_estimators': 2200, 'max_depth': 6, 'min_child_weight': 8, 'learning_rate': 0.008312028090020329, 'subsample': 0.8820042752973561, 'colsample_bytree': 0.6183748625314953, 'reg_alpha': 5.795288753085618, 'reg_lambda': 0.8956788414427759, 'gamma': 0.8999999999999999}. Best is trial 11 with value: 0.8698300865129469.
/home/stepa/.local/lib/python3.6/site-packages/xgboost/sklearn.py:1224: UserWarning: The use of label encoder in XGBClassifier is deprecated and will be removed in a future release. To remove this warning, do the following: 1) Pass option use_label_encoder=False when constructing XGBClassifier object; and 2) Encode your labels (y) as integers starting with 0, i.e. 0, 1, 2, ..., [num_class - 1].
  warnings.warn(label_encoder_deprecation_msg, UserWarning)
[00:28:36] WARNING: ../src/learner.cc:223: No visible GPU is found, setting `gpu_id` to -1
[00:28:36] WARNING: ../src/learner.cc:1115: Starting in XGBoost 1.3.0, the default evaluation metric used with the objective 'binary:logistic' was changed from 'error' to 'logloss'. Explicitly set eval_metric if you'd like to restore the old behavior.
[I 2023-11-09 00:28:48,306] Trial 20 finished with value: 0.8660816407427813 and parameters: {'n_estimators': 4300, 'max_depth': 4, 'min_child_weight': 7, 'learning_rate': 0.009774819976784848, 'subsample': 0.8246491928845454, 'colsample_bytree': 0.44845612580717126, 'reg_alpha': 8.182110317022072, 'reg_lambda': 3.0327929485190155, 'gamma': 0.7}. Best is trial 11 with value: 0.8698300865129469.
/home/stepa/.local/lib/python3.6/site-packages/xgboost/sklearn.py:1224: UserWarning: The use of label encoder in XGBClassifier is deprecated and will be removed in a future release. To remove this warning, do the following: 1) Pass option use_label_encoder=False when constructing XGBClassifier object; and 2) Encode your labels (y) as integers starting with 0, i.e. 0, 1, 2, ..., [num_class - 1].
  warnings.warn(label_encoder_deprecation_msg, UserWarning)
[00:28:48] WARNING: ../src/learner.cc:223: No visible GPU is found, setting `gpu_id` to -1
[00:28:48] WARNING: ../src/learner.cc:1115: Starting in XGBoost 1.3.0, the default evaluation metric used with the objective 'binary:logistic' was changed from 'error' to 'logloss'. Explicitly set eval_metric if you'd like to restore the old behavior.
[I 2023-11-09 00:28:56,775] Trial 21 finished with value: 0.8695461791775544 and parameters: {'n_estimators': 2900, 'max_depth': 4, 'min_child_weight': 8, 'learning_rate': 0.0011043159834283802, 'subsample': 0.7618954571698479, 'colsample_bytree': 0.6084561787307345, 'reg_alpha': 7.5909540851875015, 'reg_lambda': 3.799168471614514, 'gamma': 0.7}. Best is trial 11 with value: 0.8698300865129469.
/home/stepa/.local/lib/python3.6/site-packages/xgboost/sklearn.py:1224: UserWarning: The use of label encoder in XGBClassifier is deprecated and will be removed in a future release. To remove this warning, do the following: 1) Pass option use_label_encoder=False when constructing XGBClassifier object; and 2) Encode your labels (y) as integers starting with 0, i.e. 0, 1, 2, ..., [num_class - 1].
  warnings.warn(label_encoder_deprecation_msg, UserWarning)
[00:28:56] WARNING: ../src/learner.cc:223: No visible GPU is found, setting `gpu_id` to -1
[00:28:56] WARNING: ../src/learner.cc:1115: Starting in XGBoost 1.3.0, the default evaluation metric used with the objective 'binary:logistic' was changed from 'error' to 'logloss'. Explicitly set eval_metric if you'd like to restore the old behavior.
[I 2023-11-09 00:29:04,521] Trial 22 finished with value: 0.8696062717410865 and parameters: {'n_estimators': 2400, 'max_depth': 5, 'min_child_weight': 8, 'learning_rate': 0.00010451989608567605, 'subsample': 0.8002507122503901, 'colsample_bytree': 0.5871358954823633, 'reg_alpha': 7.244467975891189, 'reg_lambda': 6.036613138746334, 'gamma': 0.7}. Best is trial 11 with value: 0.8698300865129469.
/home/stepa/.local/lib/python3.6/site-packages/xgboost/sklearn.py:1224: UserWarning: The use of label encoder in XGBClassifier is deprecated and will be removed in a future release. To remove this warning, do the following: 1) Pass option use_label_encoder=False when constructing XGBClassifier object; and 2) Encode your labels (y) as integers starting with 0, i.e. 0, 1, 2, ..., [num_class - 1].
  warnings.warn(label_encoder_deprecation_msg, UserWarning)
[00:29:04] WARNING: ../src/learner.cc:223: No visible GPU is found, setting `gpu_id` to -1
[00:29:04] WARNING: ../src/learner.cc:1115: Starting in XGBoost 1.3.0, the default evaluation metric used with the objective 'binary:logistic' was changed from 'error' to 'logloss'. Explicitly set eval_metric if you'd like to restore the old behavior.
[I 2023-11-09 00:29:13,944] Trial 23 finished with value: 0.8698107431386269 and parameters: {'n_estimators': 3200, 'max_depth': 4, 'min_child_weight': 8, 'learning_rate': 0.0007733551688719792, 'subsample': 0.853352873751174, 'colsample_bytree': 0.6861704320406009, 'reg_alpha': 8.41370524803023, 'reg_lambda': 0.10466836918710577, 'gamma': 0.7999999999999999}. Best is trial 11 with value: 0.8698300865129469.
/home/stepa/.local/lib/python3.6/site-packages/xgboost/sklearn.py:1224: UserWarning: The use of label encoder in XGBClassifier is deprecated and will be removed in a future release. To remove this warning, do the following: 1) Pass option use_label_encoder=False when constructing XGBClassifier object; and 2) Encode your labels (y) as integers starting with 0, i.e. 0, 1, 2, ..., [num_class - 1].
  warnings.warn(label_encoder_deprecation_msg, UserWarning)
[00:29:13] WARNING: ../src/learner.cc:223: No visible GPU is found, setting `gpu_id` to -1
[00:29:13] WARNING: ../src/learner.cc:1115: Starting in XGBoost 1.3.0, the default evaluation metric used with the objective 'binary:logistic' was changed from 'error' to 'logloss'. Explicitly set eval_metric if you'd like to restore the old behavior.
[I 2023-11-09 00:29:24,298] Trial 24 finished with value: 0.8675676191825951 and parameters: {'n_estimators': 3200, 'max_depth': 5, 'min_child_weight': 8, 'learning_rate': 0.0003499283907695843, 'subsample': 0.9074800282148777, 'colsample_bytree': 0.7685428499943147, 'reg_alpha': 8.558520321372228, 'reg_lambda': 0.11134655570752361, 'gamma': 0.7999999999999999}. Best is trial 11 with value: 0.8698300865129469.
/home/stepa/.local/lib/python3.6/site-packages/xgboost/sklearn.py:1224: UserWarning: The use of label encoder in XGBClassifier is deprecated and will be removed in a future release. To remove this warning, do the following: 1) Pass option use_label_encoder=False when constructing XGBClassifier object; and 2) Encode your labels (y) as integers starting with 0, i.e. 0, 1, 2, ..., [num_class - 1].
  warnings.warn(label_encoder_deprecation_msg, UserWarning)
[00:29:24] WARNING: ../src/learner.cc:223: No visible GPU is found, setting `gpu_id` to -1
[00:29:24] WARNING: ../src/learner.cc:1115: Starting in XGBoost 1.3.0, the default evaluation metric used with the objective 'binary:logistic' was changed from 'error' to 'logloss'. Explicitly set eval_metric if you'd like to restore the old behavior.
[I 2023-11-09 00:29:35,140] Trial 25 finished with value: 0.8667453289228388 and parameters: {'n_estimators': 3800, 'max_depth': 4, 'min_child_weight': 8, 'learning_rate': 0.0020514254760188163, 'subsample': 0.859382635064379, 'colsample_bytree': 0.5275980729117667, 'reg_alpha': 6.48087377485868, 'reg_lambda': 1.1632043833244132, 'gamma': 0.7999999999999999}. Best is trial 11 with value: 0.8698300865129469.
/home/stepa/.local/lib/python3.6/site-packages/xgboost/sklearn.py:1224: UserWarning: The use of label encoder in XGBClassifier is deprecated and will be removed in a future release. To remove this warning, do the following: 1) Pass option use_label_encoder=False when constructing XGBClassifier object; and 2) Encode your labels (y) as integers starting with 0, i.e. 0, 1, 2, ..., [num_class - 1].
  warnings.warn(label_encoder_deprecation_msg, UserWarning)
[00:29:35] WARNING: ../src/learner.cc:223: No visible GPU is found, setting `gpu_id` to -1
[00:29:35] WARNING: ../src/learner.cc:1115: Starting in XGBoost 1.3.0, the default evaluation metric used with the objective 'binary:logistic' was changed from 'error' to 'logloss'. Explicitly set eval_metric if you'd like to restore the old behavior.
[I 2023-11-09 00:29:45,601] Trial 26 finished with value: 0.8637256860989352 and parameters: {'n_estimators': 3400, 'max_depth': 5, 'min_child_weight': 8, 'learning_rate': 0.004673917314874324, 'subsample': 0.9094825794406795, 'colsample_bytree': 0.6800386580237167, 'reg_alpha': 9.933497374375538, 'reg_lambda': 1.8793429778795616, 'gamma': 0.7999999999999999}. Best is trial 11 with value: 0.8698300865129469.
/home/stepa/.local/lib/python3.6/site-packages/xgboost/sklearn.py:1224: UserWarning: The use of label encoder in XGBClassifier is deprecated and will be removed in a future release. To remove this warning, do the following: 1) Pass option use_label_encoder=False when constructing XGBClassifier object; and 2) Encode your labels (y) as integers starting with 0, i.e. 0, 1, 2, ..., [num_class - 1].
  warnings.warn(label_encoder_deprecation_msg, UserWarning)
[00:29:45] WARNING: ../src/learner.cc:223: No visible GPU is found, setting `gpu_id` to -1
[00:29:45] WARNING: ../src/learner.cc:1115: Starting in XGBoost 1.3.0, the default evaluation metric used with the objective 'binary:logistic' was changed from 'error' to 'logloss'. Explicitly set eval_metric if you'd like to restore the old behavior.
[I 2023-11-09 00:29:57,452] Trial 27 finished with value: 0.8682577333817283 and parameters: {'n_estimators': 4000, 'max_depth': 4, 'min_child_weight': 8, 'learning_rate': 0.000257058386607209, 'subsample': 0.9956844492223593, 'colsample_bytree': 0.8228425819237115, 'reg_alpha': 6.833059550481996, 'reg_lambda': 0.5917369479752894, 'gamma': 0.8999999999999999}. Best is trial 11 with value: 0.8698300865129469.
/home/stepa/.local/lib/python3.6/site-packages/xgboost/sklearn.py:1224: UserWarning: The use of label encoder in XGBClassifier is deprecated and will be removed in a future release. To remove this warning, do the following: 1) Pass option use_label_encoder=False when constructing XGBClassifier object; and 2) Encode your labels (y) as integers starting with 0, i.e. 0, 1, 2, ..., [num_class - 1].
  warnings.warn(label_encoder_deprecation_msg, UserWarning)
[00:29:57] WARNING: ../src/learner.cc:223: No visible GPU is found, setting `gpu_id` to -1
[00:29:57] WARNING: ../src/learner.cc:1115: Starting in XGBoost 1.3.0, the default evaluation metric used with the objective 'binary:logistic' was changed from 'error' to 'logloss'. Explicitly set eval_metric if you'd like to restore the old behavior.
[I 2023-11-09 00:30:03,330] Trial 28 finished with value: 0.8672289492536378 and parameters: {'n_estimators': 1600, 'max_depth': 6, 'min_child_weight': 7, 'learning_rate': 0.0005293047949743052, 'subsample': 0.8250129575892191, 'colsample_bytree': 0.9979250329423919, 'reg_alpha': 4.911384651860649, 'reg_lambda': 1.502641262894162, 'gamma': 0.7999999999999999}. Best is trial 11 with value: 0.8698300865129469.
/home/stepa/.local/lib/python3.6/site-packages/xgboost/sklearn.py:1224: UserWarning: The use of label encoder in XGBClassifier is deprecated and will be removed in a future release. To remove this warning, do the following: 1) Pass option use_label_encoder=False when constructing XGBClassifier object; and 2) Encode your labels (y) as integers starting with 0, i.e. 0, 1, 2, ..., [num_class - 1].
  warnings.warn(label_encoder_deprecation_msg, UserWarning)
[00:30:03] WARNING: ../src/learner.cc:223: No visible GPU is found, setting `gpu_id` to -1
[00:30:03] WARNING: ../src/learner.cc:1115: Starting in XGBoost 1.3.0, the default evaluation metric used with the objective 'binary:logistic' was changed from 'error' to 'logloss'. Explicitly set eval_metric if you'd like to restore the old behavior.
[I 2023-11-09 00:30:12,195] Trial 29 finished with value: 0.8674519726238832 and parameters: {'n_estimators': 3100, 'max_depth': 4, 'min_child_weight': 8, 'learning_rate': 0.0008621723581754117, 'subsample': 0.8566475131584836, 'colsample_bytree': 0.4841920218259813, 'reg_alpha': 8.82203426645163, 'reg_lambda': 4.876862660151074, 'gamma': 0.7999999999999999}. Best is trial 11 with value: 0.8698300865129469.
/home/stepa/.local/lib/python3.6/site-packages/xgboost/sklearn.py:1224: UserWarning: The use of label encoder in XGBClassifier is deprecated and will be removed in a future release. To remove this warning, do the following: 1) Pass option use_label_encoder=False when constructing XGBClassifier object; and 2) Encode your labels (y) as integers starting with 0, i.e. 0, 1, 2, ..., [num_class - 1].
  warnings.warn(label_encoder_deprecation_msg, UserWarning)
[00:30:12] WARNING: ../src/learner.cc:223: No visible GPU is found, setting `gpu_id` to -1
[00:30:12] WARNING: ../src/learner.cc:1115: Starting in XGBoost 1.3.0, the default evaluation metric used with the objective 'binary:logistic' was changed from 'error' to 'logloss'. Explicitly set eval_metric if you'd like to restore the old behavior.
[I 2023-11-09 00:30:32,202] Trial 30 finished with value: 0.8693469098466895 and parameters: {'n_estimators': 6000, 'max_depth': 8, 'min_child_weight': 7, 'learning_rate': 0.0018287999746348237, 'subsample': 0.7366423864923113, 'colsample_bytree': 0.3575600926690194, 'reg_alpha': 5.962623612440098, 'reg_lambda': 0.026575096004517698, 'gamma': 0.8999999999999999}. Best is trial 11 with value: 0.8698300865129469.
/home/stepa/.local/lib/python3.6/site-packages/xgboost/sklearn.py:1224: UserWarning: The use of label encoder in XGBClassifier is deprecated and will be removed in a future release. To remove this warning, do the following: 1) Pass option use_label_encoder=False when constructing XGBClassifier object; and 2) Encode your labels (y) as integers starting with 0, i.e. 0, 1, 2, ..., [num_class - 1].
  warnings.warn(label_encoder_deprecation_msg, UserWarning)
[00:30:32] WARNING: ../src/learner.cc:223: No visible GPU is found, setting `gpu_id` to -1
[00:30:32] WARNING: ../src/learner.cc:1115: Starting in XGBoost 1.3.0, the default evaluation metric used with the objective 'binary:logistic' was changed from 'error' to 'logloss'. Explicitly set eval_metric if you'd like to restore the old behavior.
[I 2023-11-09 00:30:40,128] Trial 31 finished with value: 0.8698148160590591 and parameters: {'n_estimators': 2700, 'max_depth': 4, 'min_child_weight': 8, 'learning_rate': 0.0008310375263606789, 'subsample': 0.7739476865096694, 'colsample_bytree': 0.5643764161030296, 'reg_alpha': 7.916518215821345, 'reg_lambda': 3.584087563015914, 'gamma': 0.7}. Best is trial 11 with value: 0.8698300865129469.
/home/stepa/.local/lib/python3.6/site-packages/xgboost/sklearn.py:1224: UserWarning: The use of label encoder in XGBClassifier is deprecated and will be removed in a future release. To remove this warning, do the following: 1) Pass option use_label_encoder=False when constructing XGBClassifier object; and 2) Encode your labels (y) as integers starting with 0, i.e. 0, 1, 2, ..., [num_class - 1].
  warnings.warn(label_encoder_deprecation_msg, UserWarning)
[00:30:40] WARNING: ../src/learner.cc:223: No visible GPU is found, setting `gpu_id` to -1
[00:30:40] WARNING: ../src/learner.cc:1115: Starting in XGBoost 1.3.0, the default evaluation metric used with the objective 'binary:logistic' was changed from 'error' to 'logloss'. Explicitly set eval_metric if you'd like to restore the old behavior.
[I 2023-11-09 00:30:50,871] Trial 32 finished with value: 0.8695345639599135 and parameters: {'n_estimators': 3700, 'max_depth': 4, 'min_child_weight': 8, 'learning_rate': 0.0008760236590835791, 'subsample': 0.7426536253017997, 'colsample_bytree': 0.5583061302916038, 'reg_alpha': 7.839106900193496, 'reg_lambda': 0.8804866957595079, 'gamma': 0.7}. Best is trial 11 with value: 0.8698300865129469.
/home/stepa/.local/lib/python3.6/site-packages/xgboost/sklearn.py:1224: UserWarning: The use of label encoder in XGBClassifier is deprecated and will be removed in a future release. To remove this warning, do the following: 1) Pass option use_label_encoder=False when constructing XGBClassifier object; and 2) Encode your labels (y) as integers starting with 0, i.e. 0, 1, 2, ..., [num_class - 1].
  warnings.warn(label_encoder_deprecation_msg, UserWarning)
[00:30:50] WARNING: ../src/learner.cc:223: No visible GPU is found, setting `gpu_id` to -1
[00:30:50] WARNING: ../src/learner.cc:1115: Starting in XGBoost 1.3.0, the default evaluation metric used with the objective 'binary:logistic' was changed from 'error' to 'logloss'. Explicitly set eval_metric if you'd like to restore the old behavior.
[I 2023-11-09 00:30:58,810] Trial 33 finished with value: 0.8662443177414012 and parameters: {'n_estimators': 2600, 'max_depth': 5, 'min_child_weight': 8, 'learning_rate': 0.00037920295767014526, 'subsample': 0.7811659766433974, 'colsample_bytree': 0.49065237391763944, 'reg_alpha': 7.095847682386816, 'reg_lambda': 2.237449533125154, 'gamma': 0.7}. Best is trial 11 with value: 0.8698300865129469.
/home/stepa/.local/lib/python3.6/site-packages/xgboost/sklearn.py:1224: UserWarning: The use of label encoder in XGBClassifier is deprecated and will be removed in a future release. To remove this warning, do the following: 1) Pass option use_label_encoder=False when constructing XGBClassifier object; and 2) Encode your labels (y) as integers starting with 0, i.e. 0, 1, 2, ..., [num_class - 1].
  warnings.warn(label_encoder_deprecation_msg, UserWarning)
[00:30:58] WARNING: ../src/learner.cc:223: No visible GPU is found, setting `gpu_id` to -1
[00:30:58] WARNING: ../src/learner.cc:1115: Starting in XGBoost 1.3.0, the default evaluation metric used with the objective 'binary:logistic' was changed from 'error' to 'logloss'. Explicitly set eval_metric if you'd like to restore the old behavior.
[I 2023-11-09 00:31:11,831] Trial 34 finished with value: 0.8641940599577135 and parameters: {'n_estimators': 4600, 'max_depth': 4, 'min_child_weight': 8, 'learning_rate': 0.0035920195657626786, 'subsample': 0.8326967382845256, 'colsample_bytree': 0.6948382442159561, 'reg_alpha': 9.208000086581395, 'reg_lambda': 1.4101951285040435, 'gamma': 0.7999999999999999}. Best is trial 11 with value: 0.8698300865129469.
/home/stepa/.local/lib/python3.6/site-packages/xgboost/sklearn.py:1224: UserWarning: The use of label encoder in XGBClassifier is deprecated and will be removed in a future release. To remove this warning, do the following: 1) Pass option use_label_encoder=False when constructing XGBClassifier object; and 2) Encode your labels (y) as integers starting with 0, i.e. 0, 1, 2, ..., [num_class - 1].
  warnings.warn(label_encoder_deprecation_msg, UserWarning)
[00:31:11] WARNING: ../src/learner.cc:223: No visible GPU is found, setting `gpu_id` to -1
[00:31:11] WARNING: ../src/learner.cc:1115: Starting in XGBoost 1.3.0, the default evaluation metric used with the objective 'binary:logistic' was changed from 'error' to 'logloss'. Explicitly set eval_metric if you'd like to restore the old behavior.
