[I 2023-11-06 18:30:36,413] Trial 450 finished with value: 0.8705040089547972 and parameters: {'n_estimators': 9100, 'max_depth': 6, 'min_child_weight': 8, 'learning_rate': 0.01999537759294037, 'subsample': 0.9560815254170096, 'colsample_bytree': 0.15189617533724772, 'reg_alpha': 3.4897148255509074, 'reg_lambda': 5.300800024354699, 'gamma': 0.8999999999999999}. Best is trial 418 with value: 0.8708987165132547.
/home/stepa/.local/lib/python3.6/site-packages/xgboost/sklearn.py:1224: UserWarning: The use of label encoder in XGBClassifier is deprecated and will be removed in a future release. To remove this warning, do the following: 1) Pass option use_label_encoder=False when constructing XGBClassifier object; and 2) Encode your labels (y) as integers starting with 0, i.e. 0, 1, 2, ..., [num_class - 1].
  warnings.warn(label_encoder_deprecation_msg, UserWarning)
[18:30:36] WARNING: ../src/learner.cc:223: No visible GPU is found, setting `gpu_id` to -1
[18:30:36] WARNING: ../src/learner.cc:1115: Starting in XGBoost 1.3.0, the default evaluation metric used with the objective 'binary:logistic' was changed from 'error' to 'logloss'. Explicitly set eval_metric if you'd like to restore the old behavior.
[I 2023-11-06 18:31:06,880] Trial 451 finished with value: 0.8669796757313422 and parameters: {'n_estimators': 9100, 'max_depth': 5, 'min_child_weight': 8, 'learning_rate': 0.023979912832073305, 'subsample': 0.9664394154180507, 'colsample_bytree': 0.6994937362555679, 'reg_alpha': 3.45261895511712, 'reg_lambda': 5.775826125950795, 'gamma': 0.8999999999999999}. Best is trial 418 with value: 0.8708987165132547.
/home/stepa/.local/lib/python3.6/site-packages/xgboost/sklearn.py:1224: UserWarning: The use of label encoder in XGBClassifier is deprecated and will be removed in a future release. To remove this warning, do the following: 1) Pass option use_label_encoder=False when constructing XGBClassifier object; and 2) Encode your labels (y) as integers starting with 0, i.e. 0, 1, 2, ..., [num_class - 1].
  warnings.warn(label_encoder_deprecation_msg, UserWarning)
[18:31:06] WARNING: ../src/learner.cc:223: No visible GPU is found, setting `gpu_id` to -1
[18:31:06] WARNING: ../src/learner.cc:1115: Starting in XGBoost 1.3.0, the default evaluation metric used with the objective 'binary:logistic' was changed from 'error' to 'logloss'. Explicitly set eval_metric if you'd like to restore the old behavior.
[I 2023-11-06 18:31:38,711] Trial 452 finished with value: 0.8704377790317719 and parameters: {'n_estimators': 8600, 'max_depth': 6, 'min_child_weight': 8, 'learning_rate': 0.01648305849520961, 'subsample': 0.9606998010912553, 'colsample_bytree': 0.18099980818621705, 'reg_alpha': 3.264380486678361, 'reg_lambda': 5.649222213578456, 'gamma': 0.8999999999999999}. Best is trial 418 with value: 0.8708987165132547.
/home/stepa/.local/lib/python3.6/site-packages/xgboost/sklearn.py:1224: UserWarning: The use of label encoder in XGBClassifier is deprecated and will be removed in a future release. To remove this warning, do the following: 1) Pass option use_label_encoder=False when constructing XGBClassifier object; and 2) Encode your labels (y) as integers starting with 0, i.e. 0, 1, 2, ..., [num_class - 1].
  warnings.warn(label_encoder_deprecation_msg, UserWarning)
[18:31:38] WARNING: ../src/learner.cc:223: No visible GPU is found, setting `gpu_id` to -1
[18:31:38] WARNING: ../src/learner.cc:1115: Starting in XGBoost 1.3.0, the default evaluation metric used with the objective 'binary:logistic' was changed from 'error' to 'logloss'. Explicitly set eval_metric if you'd like to restore the old behavior.
[I 2023-11-06 18:32:09,920] Trial 453 finished with value: 0.8704619427613827 and parameters: {'n_estimators': 8300, 'max_depth': 6, 'min_child_weight': 8, 'learning_rate': 0.011488781517743452, 'subsample': 0.9501687066902991, 'colsample_bytree': 0.13924986602628553, 'reg_alpha': 3.5689390444544276, 'reg_lambda': 2.209866911464297, 'gamma': 0.8999999999999999}. Best is trial 418 with value: 0.8708987165132547.
/home/stepa/.local/lib/python3.6/site-packages/xgboost/sklearn.py:1224: UserWarning: The use of label encoder in XGBClassifier is deprecated and will be removed in a future release. To remove this warning, do the following: 1) Pass option use_label_encoder=False when constructing XGBClassifier object; and 2) Encode your labels (y) as integers starting with 0, i.e. 0, 1, 2, ..., [num_class - 1].
  warnings.warn(label_encoder_deprecation_msg, UserWarning)
[18:32:09] WARNING: ../src/learner.cc:223: No visible GPU is found, setting `gpu_id` to -1
[18:32:10] WARNING: ../src/learner.cc:1115: Starting in XGBoost 1.3.0, the default evaluation metric used with the objective 'binary:logistic' was changed from 'error' to 'logloss'. Explicitly set eval_metric if you'd like to restore the old behavior.
[I 2023-11-06 18:32:43,234] Trial 454 finished with value: 0.8701534819910387 and parameters: {'n_estimators': 9100, 'max_depth': 6, 'min_child_weight': 8, 'learning_rate': 0.016832823470290484, 'subsample': 0.9692706381573848, 'colsample_bytree': 0.11689505004960231, 'reg_alpha': 4.924183505586606, 'reg_lambda': 5.966347741928169, 'gamma': 0.8999999999999999}. Best is trial 418 with value: 0.8708987165132547.
/home/stepa/.local/lib/python3.6/site-packages/xgboost/sklearn.py:1224: UserWarning: The use of label encoder in XGBClassifier is deprecated and will be removed in a future release. To remove this warning, do the following: 1) Pass option use_label_encoder=False when constructing XGBClassifier object; and 2) Encode your labels (y) as integers starting with 0, i.e. 0, 1, 2, ..., [num_class - 1].
  warnings.warn(label_encoder_deprecation_msg, UserWarning)
[18:32:43] WARNING: ../src/learner.cc:223: No visible GPU is found, setting `gpu_id` to -1
[18:32:43] WARNING: ../src/learner.cc:1115: Starting in XGBoost 1.3.0, the default evaluation metric used with the objective 'binary:logistic' was changed from 'error' to 'logloss'. Explicitly set eval_metric if you'd like to restore the old behavior.
[I 2023-11-06 18:33:15,520] Trial 455 finished with value: 0.8705622808949172 and parameters: {'n_estimators': 8600, 'max_depth': 6, 'min_child_weight': 8, 'learning_rate': 0.02048818557859554, 'subsample': 0.9555096459372139, 'colsample_bytree': 0.16240009622052928, 'reg_alpha': 4.617581904838057, 'reg_lambda': 5.409135561333499, 'gamma': 0.8999999999999999}. Best is trial 418 with value: 0.8708987165132547.
/home/stepa/.local/lib/python3.6/site-packages/xgboost/sklearn.py:1224: UserWarning: The use of label encoder in XGBClassifier is deprecated and will be removed in a future release. To remove this warning, do the following: 1) Pass option use_label_encoder=False when constructing XGBClassifier object; and 2) Encode your labels (y) as integers starting with 0, i.e. 0, 1, 2, ..., [num_class - 1].
  warnings.warn(label_encoder_deprecation_msg, UserWarning)
[18:33:15] WARNING: ../src/learner.cc:223: No visible GPU is found, setting `gpu_id` to -1
[18:33:15] WARNING: ../src/learner.cc:1115: Starting in XGBoost 1.3.0, the default evaluation metric used with the objective 'binary:logistic' was changed from 'error' to 'logloss'. Explicitly set eval_metric if you'd like to restore the old behavior.
[I 2023-11-06 18:33:45,374] Trial 456 finished with value: 0.8698075875246118 and parameters: {'n_estimators': 8100, 'max_depth': 6, 'min_child_weight': 8, 'learning_rate': 0.013383057772186822, 'subsample': 0.972854575280421, 'colsample_bytree': 0.3337096626390782, 'reg_alpha': 3.696654608170725, 'reg_lambda': 6.325332465134661, 'gamma': 0.8999999999999999}. Best is trial 418 with value: 0.8708987165132547.
/home/stepa/.local/lib/python3.6/site-packages/xgboost/sklearn.py:1224: UserWarning: The use of label encoder in XGBClassifier is deprecated and will be removed in a future release. To remove this warning, do the following: 1) Pass option use_label_encoder=False when constructing XGBClassifier object; and 2) Encode your labels (y) as integers starting with 0, i.e. 0, 1, 2, ..., [num_class - 1].
  warnings.warn(label_encoder_deprecation_msg, UserWarning)
[18:33:45] WARNING: ../src/learner.cc:223: No visible GPU is found, setting `gpu_id` to -1
[18:33:45] WARNING: ../src/learner.cc:1115: Starting in XGBoost 1.3.0, the default evaluation metric used with the objective 'binary:logistic' was changed from 'error' to 'logloss'. Explicitly set eval_metric if you'd like to restore the old behavior.
[I 2023-11-06 18:34:16,439] Trial 457 finished with value: 0.869294041820627 and parameters: {'n_estimators': 8200, 'max_depth': 6, 'min_child_weight': 8, 'learning_rate': 0.029561183242450755, 'subsample': 0.9617040617007281, 'colsample_bytree': 0.20034871231457882, 'reg_alpha': 3.899915527909222, 'reg_lambda': 6.057193788453671, 'gamma': 0.8999999999999999}. Best is trial 418 with value: 0.8708987165132547.
/home/stepa/.local/lib/python3.6/site-packages/xgboost/sklearn.py:1224: UserWarning: The use of label encoder in XGBClassifier is deprecated and will be removed in a future release. To remove this warning, do the following: 1) Pass option use_label_encoder=False when constructing XGBClassifier object; and 2) Encode your labels (y) as integers starting with 0, i.e. 0, 1, 2, ..., [num_class - 1].
  warnings.warn(label_encoder_deprecation_msg, UserWarning)
[18:34:16] WARNING: ../src/learner.cc:223: No visible GPU is found, setting `gpu_id` to -1
[18:34:16] WARNING: ../src/learner.cc:1115: Starting in XGBoost 1.3.0, the default evaluation metric used with the objective 'binary:logistic' was changed from 'error' to 'logloss'. Explicitly set eval_metric if you'd like to restore the old behavior.
[I 2023-11-06 18:34:47,908] Trial 458 finished with value: 0.8705988352558724 and parameters: {'n_estimators': 8500, 'max_depth': 6, 'min_child_weight': 8, 'learning_rate': 0.01794425537760133, 'subsample': 0.9656888432394489, 'colsample_bytree': 0.14167143730957074, 'reg_alpha': 4.7430957948469175, 'reg_lambda': 5.675391880017494, 'gamma': 0.8999999999999999}. Best is trial 418 with value: 0.8708987165132547.
/home/stepa/.local/lib/python3.6/site-packages/xgboost/sklearn.py:1224: UserWarning: The use of label encoder in XGBClassifier is deprecated and will be removed in a future release. To remove this warning, do the following: 1) Pass option use_label_encoder=False when constructing XGBClassifier object; and 2) Encode your labels (y) as integers starting with 0, i.e. 0, 1, 2, ..., [num_class - 1].
  warnings.warn(label_encoder_deprecation_msg, UserWarning)
[18:34:47] WARNING: ../src/learner.cc:223: No visible GPU is found, setting `gpu_id` to -1
[18:34:47] WARNING: ../src/learner.cc:1115: Starting in XGBoost 1.3.0, the default evaluation metric used with the objective 'binary:logistic' was changed from 'error' to 'logloss'. Explicitly set eval_metric if you'd like to restore the old behavior.
[I 2023-11-06 18:35:23,745] Trial 459 finished with value: 0.862356279518206 and parameters: {'n_estimators': 8400, 'max_depth': 6, 'min_child_weight': 8, 'learning_rate': 0.0012747162684124097, 'subsample': 0.9938385006690877, 'colsample_bytree': 0.8686720291266541, 'reg_alpha': 5.359429703508575, 'reg_lambda': 6.221614993957601, 'gamma': 0.8999999999999999}. Best is trial 418 with value: 0.8708987165132547.
/home/stepa/.local/lib/python3.6/site-packages/xgboost/sklearn.py:1224: UserWarning: The use of label encoder in XGBClassifier is deprecated and will be removed in a future release. To remove this warning, do the following: 1) Pass option use_label_encoder=False when constructing XGBClassifier object; and 2) Encode your labels (y) as integers starting with 0, i.e. 0, 1, 2, ..., [num_class - 1].
  warnings.warn(label_encoder_deprecation_msg, UserWarning)
[18:35:23] WARNING: ../src/learner.cc:223: No visible GPU is found, setting `gpu_id` to -1
[18:35:23] WARNING: ../src/learner.cc:1115: Starting in XGBoost 1.3.0, the default evaluation metric used with the objective 'binary:logistic' was changed from 'error' to 'logloss'. Explicitly set eval_metric if you'd like to restore the old behavior.
[I 2023-11-06 18:35:57,323] Trial 460 finished with value: 0.8706031000312415 and parameters: {'n_estimators': 9200, 'max_depth': 6, 'min_child_weight': 8, 'learning_rate': 0.015953416581178045, 'subsample': 0.9718831593180296, 'colsample_bytree': 0.17511492430453457, 'reg_alpha': 3.2244159004215494, 'reg_lambda': 5.846549337801437, 'gamma': 0.8999999999999999}. Best is trial 418 with value: 0.8708987165132547.
/home/stepa/.local/lib/python3.6/site-packages/xgboost/sklearn.py:1224: UserWarning: The use of label encoder in XGBClassifier is deprecated and will be removed in a future release. To remove this warning, do the following: 1) Pass option use_label_encoder=False when constructing XGBClassifier object; and 2) Encode your labels (y) as integers starting with 0, i.e. 0, 1, 2, ..., [num_class - 1].
  warnings.warn(label_encoder_deprecation_msg, UserWarning)
[18:35:57] WARNING: ../src/learner.cc:223: No visible GPU is found, setting `gpu_id` to -1
[18:35:57] WARNING: ../src/learner.cc:1115: Starting in XGBoost 1.3.0, the default evaluation metric used with the objective 'binary:logistic' was changed from 'error' to 'logloss'. Explicitly set eval_metric if you'd like to restore the old behavior.
[I 2023-11-06 18:36:29,636] Trial 461 finished with value: 0.870310003643765 and parameters: {'n_estimators': 8800, 'max_depth': 6, 'min_child_weight': 8, 'learning_rate': 0.02285536937961421, 'subsample': 0.958117940407096, 'colsample_bytree': 0.1274489848794913, 'reg_alpha': 5.034071348876749, 'reg_lambda': 6.606919092806293, 'gamma': 0.8999999999999999}. Best is trial 418 with value: 0.8708987165132547.
/home/stepa/.local/lib/python3.6/site-packages/xgboost/sklearn.py:1224: UserWarning: The use of label encoder in XGBClassifier is deprecated and will be removed in a future release. To remove this warning, do the following: 1) Pass option use_label_encoder=False when constructing XGBClassifier object; and 2) Encode your labels (y) as integers starting with 0, i.e. 0, 1, 2, ..., [num_class - 1].
  warnings.warn(label_encoder_deprecation_msg, UserWarning)
[18:36:29] WARNING: ../src/learner.cc:223: No visible GPU is found, setting `gpu_id` to -1
[18:36:29] WARNING: ../src/learner.cc:1115: Starting in XGBoost 1.3.0, the default evaluation metric used with the objective 'binary:logistic' was changed from 'error' to 'logloss'. Explicitly set eval_metric if you'd like to restore the old behavior.
[I 2023-11-06 18:37:25,588] Trial 462 finished with value: 0.8683836541720114 and parameters: {'n_estimators': 9000, 'max_depth': 10, 'min_child_weight': 8, 'learning_rate': 0.012668150636386585, 'subsample': 0.9844119568240657, 'colsample_bytree': 0.2242271562468462, 'reg_alpha': 4.514302536284227, 'reg_lambda': 6.405178279223681, 'gamma': 0.8999999999999999}. Best is trial 418 with value: 0.8708987165132547.
/home/stepa/.local/lib/python3.6/site-packages/xgboost/sklearn.py:1224: UserWarning: The use of label encoder in XGBClassifier is deprecated and will be removed in a future release. To remove this warning, do the following: 1) Pass option use_label_encoder=False when constructing XGBClassifier object; and 2) Encode your labels (y) as integers starting with 0, i.e. 0, 1, 2, ..., [num_class - 1].
  warnings.warn(label_encoder_deprecation_msg, UserWarning)
[18:37:25] WARNING: ../src/learner.cc:223: No visible GPU is found, setting `gpu_id` to -1
[18:37:25] WARNING: ../src/learner.cc:1115: Starting in XGBoost 1.3.0, the default evaluation metric used with the objective 'binary:logistic' was changed from 'error' to 'logloss'. Explicitly set eval_metric if you'd like to restore the old behavior.
[I 2023-11-06 18:37:56,395] Trial 463 finished with value: 0.8705391803614152 and parameters: {'n_estimators': 8300, 'max_depth': 6, 'min_child_weight': 8, 'learning_rate': 0.019150582787470193, 'subsample': 0.96564195625652, 'colsample_bytree': 0.16098917144700467, 'reg_alpha': 4.748534725190195, 'reg_lambda': 5.483815965350896, 'gamma': 0.8999999999999999}. Best is trial 418 with value: 0.8708987165132547.
/home/stepa/.local/lib/python3.6/site-packages/xgboost/sklearn.py:1224: UserWarning: The use of label encoder in XGBClassifier is deprecated and will be removed in a future release. To remove this warning, do the following: 1) Pass option use_label_encoder=False when constructing XGBClassifier object; and 2) Encode your labels (y) as integers starting with 0, i.e. 0, 1, 2, ..., [num_class - 1].
  warnings.warn(label_encoder_deprecation_msg, UserWarning)
[18:37:56] WARNING: ../src/learner.cc:223: No visible GPU is found, setting `gpu_id` to -1
[18:37:56] WARNING: ../src/learner.cc:1115: Starting in XGBoost 1.3.0, the default evaluation metric used with the objective 'binary:logistic' was changed from 'error' to 'logloss'. Explicitly set eval_metric if you'd like to restore the old behavior.
[I 2023-11-06 18:38:28,325] Trial 464 finished with value: 0.8706368505122328 and parameters: {'n_estimators': 8700, 'max_depth': 6, 'min_child_weight': 8, 'learning_rate': 0.014609300081018673, 'subsample': 0.976359243645012, 'colsample_bytree': 0.19075039514153275, 'reg_alpha': 4.370178995713209, 'reg_lambda': 6.7056811272901955, 'gamma': 0.8999999999999999}. Best is trial 418 with value: 0.8708987165132547.
/home/stepa/.local/lib/python3.6/site-packages/xgboost/sklearn.py:1224: UserWarning: The use of label encoder in XGBClassifier is deprecated and will be removed in a future release. To remove this warning, do the following: 1) Pass option use_label_encoder=False when constructing XGBClassifier object; and 2) Encode your labels (y) as integers starting with 0, i.e. 0, 1, 2, ..., [num_class - 1].
  warnings.warn(label_encoder_deprecation_msg, UserWarning)
[18:38:28] WARNING: ../src/learner.cc:223: No visible GPU is found, setting `gpu_id` to -1
[18:38:28] WARNING: ../src/learner.cc:1115: Starting in XGBoost 1.3.0, the default evaluation metric used with the objective 'binary:logistic' was changed from 'error' to 'logloss'. Explicitly set eval_metric if you'd like to restore the old behavior.
[I 2023-11-06 18:39:03,000] Trial 465 finished with value: 0.8653755146503688 and parameters: {'n_estimators': 8500, 'max_depth': 6, 'min_child_weight': 8, 'learning_rate': 0.0029655344205158853, 'subsample': 0.9527156558488783, 'colsample_bytree': 0.14892819456286444, 'reg_alpha': 3.877926545675829, 'reg_lambda': 6.01342160368477, 'gamma': 0.8999999999999999}. Best is trial 418 with value: 0.8708987165132547.
/home/stepa/.local/lib/python3.6/site-packages/xgboost/sklearn.py:1224: UserWarning: The use of label encoder in XGBClassifier is deprecated and will be removed in a future release. To remove this warning, do the following: 1) Pass option use_label_encoder=False when constructing XGBClassifier object; and 2) Encode your labels (y) as integers starting with 0, i.e. 0, 1, 2, ..., [num_class - 1].
  warnings.warn(label_encoder_deprecation_msg, UserWarning)
[18:39:03] WARNING: ../src/learner.cc:223: No visible GPU is found, setting `gpu_id` to -1
[18:39:03] WARNING: ../src/learner.cc:1115: Starting in XGBoost 1.3.0, the default evaluation metric used with the objective 'binary:logistic' was changed from 'error' to 'logloss'. Explicitly set eval_metric if you'd like to restore the old behavior.
[I 2023-11-06 18:39:40,442] Trial 466 finished with value: 0.8701118654576325 and parameters: {'n_estimators': 10400, 'max_depth': 6, 'min_child_weight': 8, 'learning_rate': 0.016505478493189875, 'subsample': 0.9996087448411664, 'colsample_bytree': 0.11538722945934254, 'reg_alpha': 3.451538963982873, 'reg_lambda': 6.831869655016961, 'gamma': 0.8999999999999999}. Best is trial 418 with value: 0.8708987165132547.
/home/stepa/.local/lib/python3.6/site-packages/xgboost/sklearn.py:1224: UserWarning: The use of label encoder in XGBClassifier is deprecated and will be removed in a future release. To remove this warning, do the following: 1) Pass option use_label_encoder=False when constructing XGBClassifier object; and 2) Encode your labels (y) as integers starting with 0, i.e. 0, 1, 2, ..., [num_class - 1].
  warnings.warn(label_encoder_deprecation_msg, UserWarning)
[18:39:40] WARNING: ../src/learner.cc:223: No visible GPU is found, setting `gpu_id` to -1
[18:39:40] WARNING: ../src/learner.cc:1115: Starting in XGBoost 1.3.0, the default evaluation metric used with the objective 'binary:logistic' was changed from 'error' to 'logloss'. Explicitly set eval_metric if you'd like to restore the old behavior.
[I 2023-11-06 18:40:11,386] Trial 467 finished with value: 0.8705954378246973 and parameters: {'n_estimators': 8400, 'max_depth': 6, 'min_child_weight': 8, 'learning_rate': 0.02077050826701271, 'subsample': 0.9722688069571154, 'colsample_bytree': 0.17282744576103798, 'reg_alpha': 3.6343947010775652, 'reg_lambda': 6.211558016787894, 'gamma': 0.8999999999999999}. Best is trial 418 with value: 0.8708987165132547.
/home/stepa/.local/lib/python3.6/site-packages/xgboost/sklearn.py:1224: UserWarning: The use of label encoder in XGBClassifier is deprecated and will be removed in a future release. To remove this warning, do the following: 1) Pass option use_label_encoder=False when constructing XGBClassifier object; and 2) Encode your labels (y) as integers starting with 0, i.e. 0, 1, 2, ..., [num_class - 1].
  warnings.warn(label_encoder_deprecation_msg, UserWarning)
[18:40:11] WARNING: ../src/learner.cc:223: No visible GPU is found, setting `gpu_id` to -1
[18:40:11] WARNING: ../src/learner.cc:1115: Starting in XGBoost 1.3.0, the default evaluation metric used with the objective 'binary:logistic' was changed from 'error' to 'logloss'. Explicitly set eval_metric if you'd like to restore the old behavior.
