[I 2023-11-09 00:31:23,472] Trial 35 finished with value: 0.8692099014398422 and parameters: {'n_estimators': 3500, 'max_depth': 10, 'min_child_weight': 8, 'learning_rate': 0.0019518920362275518, 'subsample': 0.8081923375022931, 'colsample_bytree': 0.4157536805347686, 'reg_alpha': 8.645269261752427, 'reg_lambda': 3.153227630234372, 'gamma': 0.7999999999999999}. Best is trial 11 with value: 0.8698300865129469.
/home/stepa/.local/lib/python3.6/site-packages/xgboost/sklearn.py:1224: UserWarning: The use of label encoder in XGBClassifier is deprecated and will be removed in a future release. To remove this warning, do the following: 1) Pass option use_label_encoder=False when constructing XGBClassifier object; and 2) Encode your labels (y) as integers starting with 0, i.e. 0, 1, 2, ..., [num_class - 1].
  warnings.warn(label_encoder_deprecation_msg, UserWarning)
[00:31:23] WARNING: ../src/learner.cc:223: No visible GPU is found, setting `gpu_id` to -1
[00:31:23] WARNING: ../src/learner.cc:1115: Starting in XGBoost 1.3.0, the default evaluation metric used with the objective 'binary:logistic' was changed from 'error' to 'logloss'. Explicitly set eval_metric if you'd like to restore the old behavior.
[I 2023-11-09 00:31:30,834] Trial 36 finished with value: 0.8695113135397421 and parameters: {'n_estimators': 2300, 'max_depth': 5, 'min_child_weight': 8, 'learning_rate': 0.00021904006321446715, 'subsample': 0.7763471867485315, 'colsample_bytree': 0.6604493807385048, 'reg_alpha': 9.954364636501943, 'reg_lambda': 5.7417151856484505, 'gamma': 0.7}. Best is trial 11 with value: 0.8698300865129469.
/home/stepa/.local/lib/python3.6/site-packages/xgboost/sklearn.py:1224: UserWarning: The use of label encoder in XGBClassifier is deprecated and will be removed in a future release. To remove this warning, do the following: 1) Pass option use_label_encoder=False when constructing XGBClassifier object; and 2) Encode your labels (y) as integers starting with 0, i.e. 0, 1, 2, ..., [num_class - 1].
  warnings.warn(label_encoder_deprecation_msg, UserWarning)
[00:31:30] WARNING: ../src/learner.cc:223: No visible GPU is found, setting `gpu_id` to -1
[00:31:30] WARNING: ../src/learner.cc:1115: Starting in XGBoost 1.3.0, the default evaluation metric used with the objective 'binary:logistic' was changed from 'error' to 'logloss'. Explicitly set eval_metric if you'd like to restore the old behavior.
[I 2023-11-09 00:31:39,736] Trial 37 finished with value: 0.8697857540330896 and parameters: {'n_estimators': 3000, 'max_depth': 4, 'min_child_weight': 8, 'learning_rate': 0.0004830502488941522, 'subsample': 0.7113224943526335, 'colsample_bytree': 0.5668333717716851, 'reg_alpha': 8.176699761766296, 'reg_lambda': 7.3062342287414275, 'gamma': 0.7999999999999999}. Best is trial 11 with value: 0.8698300865129469.
/home/stepa/.local/lib/python3.6/site-packages/xgboost/sklearn.py:1224: UserWarning: The use of label encoder in XGBClassifier is deprecated and will be removed in a future release. To remove this warning, do the following: 1) Pass option use_label_encoder=False when constructing XGBClassifier object; and 2) Encode your labels (y) as integers starting with 0, i.e. 0, 1, 2, ..., [num_class - 1].
  warnings.warn(label_encoder_deprecation_msg, UserWarning)
[00:31:39] WARNING: ../src/learner.cc:223: No visible GPU is found, setting `gpu_id` to -1
[00:31:39] WARNING: ../src/learner.cc:1115: Starting in XGBoost 1.3.0, the default evaluation metric used with the objective 'binary:logistic' was changed from 'error' to 'logloss'. Explicitly set eval_metric if you'd like to restore the old behavior.
[I 2023-11-09 00:31:49,266] Trial 38 finished with value: 0.8691382955816044 and parameters: {'n_estimators': 2600, 'max_depth': 7, 'min_child_weight': 7, 'learning_rate': 0.0006938156674991447, 'subsample': 0.8416276396444324, 'colsample_bytree': 0.7383072788788283, 'reg_alpha': 9.382363553071093, 'reg_lambda': 2.5975179731214144, 'gamma': 0.7}. Best is trial 11 with value: 0.8698300865129469.
/home/stepa/.local/lib/python3.6/site-packages/xgboost/sklearn.py:1224: UserWarning: The use of label encoder in XGBClassifier is deprecated and will be removed in a future release. To remove this warning, do the following: 1) Pass option use_label_encoder=False when constructing XGBClassifier object; and 2) Encode your labels (y) as integers starting with 0, i.e. 0, 1, 2, ..., [num_class - 1].
  warnings.warn(label_encoder_deprecation_msg, UserWarning)
[00:31:49] WARNING: ../src/learner.cc:223: No visible GPU is found, setting `gpu_id` to -1
[00:31:49] WARNING: ../src/learner.cc:1115: Starting in XGBoost 1.3.0, the default evaluation metric used with the objective 'binary:logistic' was changed from 'error' to 'logloss'. Explicitly set eval_metric if you'd like to restore the old behavior.
[I 2023-11-09 00:32:03,584] Trial 39 finished with value: 0.864022557631994 and parameters: {'n_estimators': 5200, 'max_depth': 4, 'min_child_weight': 8, 'learning_rate': 0.01664223719716873, 'subsample': 0.8650734313071788, 'colsample_bytree': 0.4568014223387334, 'reg_alpha': 7.295120649984987, 'reg_lambda': 0.5825451133463065, 'gamma': 0.8999999999999999}. Best is trial 11 with value: 0.8698300865129469.
/home/stepa/.local/lib/python3.6/site-packages/xgboost/sklearn.py:1224: UserWarning: The use of label encoder in XGBClassifier is deprecated and will be removed in a future release. To remove this warning, do the following: 1) Pass option use_label_encoder=False when constructing XGBClassifier object; and 2) Encode your labels (y) as integers starting with 0, i.e. 0, 1, 2, ..., [num_class - 1].
  warnings.warn(label_encoder_deprecation_msg, UserWarning)
[00:32:03] WARNING: ../src/learner.cc:223: No visible GPU is found, setting `gpu_id` to -1
[00:32:03] WARNING: ../src/learner.cc:1115: Starting in XGBoost 1.3.0, the default evaluation metric used with the objective 'binary:logistic' was changed from 'error' to 'logloss'. Explicitly set eval_metric if you'd like to restore the old behavior.
[I 2023-11-09 00:32:15,311] Trial 40 finished with value: 0.8693829046307455 and parameters: {'n_estimators': 3900, 'max_depth': 5, 'min_child_weight': 7, 'learning_rate': 0.002853461228671044, 'subsample': 0.8966959288831301, 'colsample_bytree': 0.37479656887860047, 'reg_alpha': 6.722345220114695, 'reg_lambda': 4.290120204723557, 'gamma': 0.7999999999999999}. Best is trial 11 with value: 0.8698300865129469.
/home/stepa/.local/lib/python3.6/site-packages/xgboost/sklearn.py:1224: UserWarning: The use of label encoder in XGBClassifier is deprecated and will be removed in a future release. To remove this warning, do the following: 1) Pass option use_label_encoder=False when constructing XGBClassifier object; and 2) Encode your labels (y) as integers starting with 0, i.e. 0, 1, 2, ..., [num_class - 1].
  warnings.warn(label_encoder_deprecation_msg, UserWarning)
[00:32:15] WARNING: ../src/learner.cc:223: No visible GPU is found, setting `gpu_id` to -1
[00:32:15] WARNING: ../src/learner.cc:1115: Starting in XGBoost 1.3.0, the default evaluation metric used with the objective 'binary:logistic' was changed from 'error' to 'logloss'. Explicitly set eval_metric if you'd like to restore the old behavior.
[I 2023-11-09 00:32:24,157] Trial 41 finished with value: 0.8697243104910433 and parameters: {'n_estimators': 3000, 'max_depth': 4, 'min_child_weight': 8, 'learning_rate': 0.000446685220484352, 'subsample': 0.7171643356756174, 'colsample_bytree': 0.554305231556477, 'reg_alpha': 8.164396521673737, 'reg_lambda': 8.167886041589725, 'gamma': 0.7999999999999999}. Best is trial 11 with value: 0.8698300865129469.
/home/stepa/.local/lib/python3.6/site-packages/xgboost/sklearn.py:1224: UserWarning: The use of label encoder in XGBClassifier is deprecated and will be removed in a future release. To remove this warning, do the following: 1) Pass option use_label_encoder=False when constructing XGBClassifier object; and 2) Encode your labels (y) as integers starting with 0, i.e. 0, 1, 2, ..., [num_class - 1].
  warnings.warn(label_encoder_deprecation_msg, UserWarning)
[00:32:24] WARNING: ../src/learner.cc:223: No visible GPU is found, setting `gpu_id` to -1
[00:32:24] WARNING: ../src/learner.cc:1115: Starting in XGBoost 1.3.0, the default evaluation metric used with the objective 'binary:logistic' was changed from 'error' to 'logloss'. Explicitly set eval_metric if you'd like to restore the old behavior.
[I 2023-11-09 00:32:33,816] Trial 42 finished with value: 0.8694650585135374 and parameters: {'n_estimators': 3300, 'max_depth': 4, 'min_child_weight': 8, 'learning_rate': 0.0010341201738303636, 'subsample': 0.7011249042993631, 'colsample_bytree': 0.5807374011101195, 'reg_alpha': 9.096633212921008, 'reg_lambda': 6.946425520956773, 'gamma': 0.7999999999999999}. Best is trial 11 with value: 0.8698300865129469.
/home/stepa/.local/lib/python3.6/site-packages/xgboost/sklearn.py:1224: UserWarning: The use of label encoder in XGBClassifier is deprecated and will be removed in a future release. To remove this warning, do the following: 1) Pass option use_label_encoder=False when constructing XGBClassifier object; and 2) Encode your labels (y) as integers starting with 0, i.e. 0, 1, 2, ..., [num_class - 1].
  warnings.warn(label_encoder_deprecation_msg, UserWarning)
[00:32:33] WARNING: ../src/learner.cc:223: No visible GPU is found, setting `gpu_id` to -1
[00:32:33] WARNING: ../src/learner.cc:1115: Starting in XGBoost 1.3.0, the default evaluation metric used with the objective 'binary:logistic' was changed from 'error' to 'logloss'. Explicitly set eval_metric if you'd like to restore the old behavior.
[I 2023-11-09 00:32:39,716] Trial 43 finished with value: 0.8692651396737715 and parameters: {'n_estimators': 2000, 'max_depth': 4, 'min_child_weight': 8, 'learning_rate': 0.00015387939337247486, 'subsample': 0.7458219403222626, 'colsample_bytree': 0.5106336524568381, 'reg_alpha': 8.287265142620821, 'reg_lambda': 8.114900249235141, 'gamma': 0.7999999999999999}. Best is trial 11 with value: 0.8698300865129469.
/home/stepa/.local/lib/python3.6/site-packages/xgboost/sklearn.py:1224: UserWarning: The use of label encoder in XGBClassifier is deprecated and will be removed in a future release. To remove this warning, do the following: 1) Pass option use_label_encoder=False when constructing XGBClassifier object; and 2) Encode your labels (y) as integers starting with 0, i.e. 0, 1, 2, ..., [num_class - 1].
  warnings.warn(label_encoder_deprecation_msg, UserWarning)
[00:32:39] WARNING: ../src/learner.cc:223: No visible GPU is found, setting `gpu_id` to -1
[00:32:39] WARNING: ../src/learner.cc:1115: Starting in XGBoost 1.3.0, the default evaluation metric used with the objective 'binary:logistic' was changed from 'error' to 'logloss'. Explicitly set eval_metric if you'd like to restore the old behavior.
[I 2023-11-09 00:32:51,630] Trial 44 finished with value: 0.8676586363637763 and parameters: {'n_estimators': 3700, 'max_depth': 5, 'min_child_weight': 8, 'learning_rate': 0.00030307387487078655, 'subsample': 0.7313887332448175, 'colsample_bytree': 0.8360111950497059, 'reg_alpha': 7.6036403048742445, 'reg_lambda': 8.878775252983035, 'gamma': 0.7999999999999999}. Best is trial 11 with value: 0.8698300865129469.
/home/stepa/.local/lib/python3.6/site-packages/xgboost/sklearn.py:1224: UserWarning: The use of label encoder in XGBClassifier is deprecated and will be removed in a future release. To remove this warning, do the following: 1) Pass option use_label_encoder=False when constructing XGBClassifier object; and 2) Encode your labels (y) as integers starting with 0, i.e. 0, 1, 2, ..., [num_class - 1].
  warnings.warn(label_encoder_deprecation_msg, UserWarning)
[00:32:51] WARNING: ../src/learner.cc:223: No visible GPU is found, setting `gpu_id` to -1
[00:32:51] WARNING: ../src/learner.cc:1115: Starting in XGBoost 1.3.0, the default evaluation metric used with the objective 'binary:logistic' was changed from 'error' to 'logloss'. Explicitly set eval_metric if you'd like to restore the old behavior.
[I 2023-11-09 00:32:59,888] Trial 45 finished with value: 0.8697876505990808 and parameters: {'n_estimators': 2800, 'max_depth': 4, 'min_child_weight': 8, 'learning_rate': 0.0005020996571535238, 'subsample': 0.8137518525922386, 'colsample_bytree': 0.6538068264541522, 'reg_alpha': 6.204754406291016, 'reg_lambda': 6.997235301363237, 'gamma': 0.7999999999999999}. Best is trial 11 with value: 0.8698300865129469.
/home/stepa/.local/lib/python3.6/site-packages/xgboost/sklearn.py:1224: UserWarning: The use of label encoder in XGBClassifier is deprecated and will be removed in a future release. To remove this warning, do the following: 1) Pass option use_label_encoder=False when constructing XGBClassifier object; and 2) Encode your labels (y) as integers starting with 0, i.e. 0, 1, 2, ..., [num_class - 1].
  warnings.warn(label_encoder_deprecation_msg, UserWarning)
[00:32:59] WARNING: ../src/learner.cc:223: No visible GPU is found, setting `gpu_id` to -1
[00:32:59] WARNING: ../src/learner.cc:1115: Starting in XGBoost 1.3.0, the default evaluation metric used with the objective 'binary:logistic' was changed from 'error' to 'logloss'. Explicitly set eval_metric if you'd like to restore the old behavior.
[I 2023-11-09 00:33:07,930] Trial 46 finished with value: 0.8694719373124227 and parameters: {'n_estimators': 2700, 'max_depth': 4, 'min_child_weight': 8, 'learning_rate': 0.0012379523473606373, 'subsample': 0.7858499166938584, 'colsample_bytree': 0.6566955734088342, 'reg_alpha': 5.999905379183151, 'reg_lambda': 5.43604618620019, 'gamma': 0.7999999999999999}. Best is trial 11 with value: 0.8698300865129469.
/home/stepa/.local/lib/python3.6/site-packages/xgboost/sklearn.py:1224: UserWarning: The use of label encoder in XGBClassifier is deprecated and will be removed in a future release. To remove this warning, do the following: 1) Pass option use_label_encoder=False when constructing XGBClassifier object; and 2) Encode your labels (y) as integers starting with 0, i.e. 0, 1, 2, ..., [num_class - 1].
  warnings.warn(label_encoder_deprecation_msg, UserWarning)
[00:33:07] WARNING: ../src/learner.cc:223: No visible GPU is found, setting `gpu_id` to -1
[00:33:07] WARNING: ../src/learner.cc:1115: Starting in XGBoost 1.3.0, the default evaluation metric used with the objective 'binary:logistic' was changed from 'error' to 'logloss'. Explicitly set eval_metric if you'd like to restore the old behavior.
[I 2023-11-09 00:33:15,905] Trial 47 finished with value: 0.8694374174131945 and parameters: {'n_estimators': 2300, 'max_depth': 6, 'min_child_weight': 8, 'learning_rate': 0.0006674668746934667, 'subsample': 0.8165533472255894, 'colsample_bytree': 0.7249937249522773, 'reg_alpha': 4.988266700365372, 'reg_lambda': 6.721963728408025, 'gamma': 0.8999999999999999}. Best is trial 11 with value: 0.8698300865129469.
/home/stepa/.local/lib/python3.6/site-packages/xgboost/sklearn.py:1224: UserWarning: The use of label encoder in XGBClassifier is deprecated and will be removed in a future release. To remove this warning, do the following: 1) Pass option use_label_encoder=False when constructing XGBClassifier object; and 2) Encode your labels (y) as integers starting with 0, i.e. 0, 1, 2, ..., [num_class - 1].
  warnings.warn(label_encoder_deprecation_msg, UserWarning)
[00:33:15] WARNING: ../src/learner.cc:223: No visible GPU is found, setting `gpu_id` to -1
[00:33:15] WARNING: ../src/learner.cc:1115: Starting in XGBoost 1.3.0, the default evaluation metric used with the objective 'binary:logistic' was changed from 'error' to 'logloss'. Explicitly set eval_metric if you'd like to restore the old behavior.
[I 2023-11-09 00:33:21,749] Trial 48 finished with value: 0.8678448295815947 and parameters: {'n_estimators': 1800, 'max_depth': 5, 'min_child_weight': 8, 'learning_rate': 0.00021068248284319147, 'subsample': 0.9306920587675445, 'colsample_bytree': 0.7854301532553556, 'reg_alpha': 5.403544989294968, 'reg_lambda': 0.610942377475819, 'gamma': 1.0}. Best is trial 11 with value: 0.8698300865129469.
/home/stepa/.local/lib/python3.6/site-packages/xgboost/sklearn.py:1224: UserWarning: The use of label encoder in XGBClassifier is deprecated and will be removed in a future release. To remove this warning, do the following: 1) Pass option use_label_encoder=False when constructing XGBClassifier object; and 2) Encode your labels (y) as integers starting with 0, i.e. 0, 1, 2, ..., [num_class - 1].
  warnings.warn(label_encoder_deprecation_msg, UserWarning)
[00:33:21] WARNING: ../src/learner.cc:223: No visible GPU is found, setting `gpu_id` to -1
[00:33:21] WARNING: ../src/learner.cc:1115: Starting in XGBoost 1.3.0, the default evaluation metric used with the objective 'binary:logistic' was changed from 'error' to 'logloss'. Explicitly set eval_metric if you'd like to restore the old behavior.
[I 2023-11-09 00:33:32,869] Trial 49 finished with value: 0.8695287383646925 and parameters: {'n_estimators': 3500, 'max_depth': 5, 'min_child_weight': 7, 'learning_rate': 0.00010699070937639803, 'subsample': 0.8713924633052561, 'colsample_bytree': 0.6316181167744243, 'reg_alpha': 3.9199528493828266, 'reg_lambda': 9.730593266514758, 'gamma': 0.7}. Best is trial 11 with value: 0.8698300865129469.
/home/stepa/.local/lib/python3.6/site-packages/xgboost/sklearn.py:1224: UserWarning: The use of label encoder in XGBClassifier is deprecated and will be removed in a future release. To remove this warning, do the following: 1) Pass option use_label_encoder=False when constructing XGBClassifier object; and 2) Encode your labels (y) as integers starting with 0, i.e. 0, 1, 2, ..., [num_class - 1].
  warnings.warn(label_encoder_deprecation_msg, UserWarning)
Best Hyperparameters: {'n_estimators': 2900, 'max_depth': 4, 'min_child_weight': 8, 'learning_rate': 0.0008545235515027418, 'subsample': 0.7945610109591421, 'colsample_bytree': 0.6505400513402806, 'reg_alpha': 7.387364498845202, 'reg_lambda': 0.056777916077762364, 'gamma': 0.7999999999999999}
Best ROC AUC: 0.8698300865129469
[00:33:32] WARNING: ../src/learner.cc:1115: Starting in XGBoost 1.3.0, the default evaluation metric used with the objective 'binary:logistic' was changed from 'error' to 'logloss'. Explicitly set eval_metric if you'd like to restore the old behavior.