[I 2023-11-06 14:53:33,125] Trial 54 finished with value: 0.8655795084090558 and parameters: {'n_estimators': 9700, 'max_depth': 5, 'min_child_weight': 7, 'learning_rate': 0.0024868624864238594, 'subsample': 0.7896961946805882, 'colsample_bytree': 0.2998639867000427, 'reg_alpha': 2.8256570150442006, 'reg_lambda': 2.4444835337750908, 'gamma': 0.8999999999999999}. Best is trial 43 with value: 0.8703820791469004.
/home/stepa/.local/lib/python3.6/site-packages/xgboost/sklearn.py:1224: UserWarning: The use of label encoder in XGBClassifier is deprecated and will be removed in a future release. To remove this warning, do the following: 1) Pass option use_label_encoder=False when constructing XGBClassifier object; and 2) Encode your labels (y) as integers starting with 0, i.e. 0, 1, 2, ..., [num_class - 1].
  warnings.warn(label_encoder_deprecation_msg, UserWarning)
[14:53:33] WARNING: ../src/learner.cc:223: No visible GPU is found, setting `gpu_id` to -1
[14:53:33] WARNING: ../src/learner.cc:1115: Starting in XGBoost 1.3.0, the default evaluation metric used with the objective 'binary:logistic' was changed from 'error' to 'logloss'. Explicitly set eval_metric if you'd like to restore the old behavior.
[I 2023-11-06 14:54:10,662] Trial 55 finished with value: 0.8681250357154953 and parameters: {'n_estimators': 9300, 'max_depth': 6, 'min_child_weight': 7, 'learning_rate': 0.009141043020935833, 'subsample': 0.7577961398723205, 'colsample_bytree': 0.731027200534882, 'reg_alpha': 3.5612937152515083, 'reg_lambda': 0.05040046876113924, 'gamma': 1.0}. Best is trial 43 with value: 0.8703820791469004.
/home/stepa/.local/lib/python3.6/site-packages/xgboost/sklearn.py:1224: UserWarning: The use of label encoder in XGBClassifier is deprecated and will be removed in a future release. To remove this warning, do the following: 1) Pass option use_label_encoder=False when constructing XGBClassifier object; and 2) Encode your labels (y) as integers starting with 0, i.e. 0, 1, 2, ..., [num_class - 1].
  warnings.warn(label_encoder_deprecation_msg, UserWarning)
[14:54:10] WARNING: ../src/learner.cc:223: No visible GPU is found, setting `gpu_id` to -1
[14:54:10] WARNING: ../src/learner.cc:1115: Starting in XGBoost 1.3.0, the default evaluation metric used with the objective 'binary:logistic' was changed from 'error' to 'logloss'. Explicitly set eval_metric if you'd like to restore the old behavior.
[I 2023-11-06 14:54:44,317] Trial 56 finished with value: 0.8705786385267807 and parameters: {'n_estimators': 8700, 'max_depth': 6, 'min_child_weight': 7, 'learning_rate': 0.014941062922038268, 'subsample': 0.8744235657323164, 'colsample_bytree': 0.1424675346287164, 'reg_alpha': 4.956605750304388, 'reg_lambda': 6.971709654405539, 'gamma': 0.7999999999999999}. Best is trial 56 with value: 0.8705786385267807.
/home/stepa/.local/lib/python3.6/site-packages/xgboost/sklearn.py:1224: UserWarning: The use of label encoder in XGBClassifier is deprecated and will be removed in a future release. To remove this warning, do the following: 1) Pass option use_label_encoder=False when constructing XGBClassifier object; and 2) Encode your labels (y) as integers starting with 0, i.e. 0, 1, 2, ..., [num_class - 1].
  warnings.warn(label_encoder_deprecation_msg, UserWarning)
[14:54:44] WARNING: ../src/learner.cc:223: No visible GPU is found, setting `gpu_id` to -1
[14:54:44] WARNING: ../src/learner.cc:1115: Starting in XGBoost 1.3.0, the default evaluation metric used with the objective 'binary:logistic' was changed from 'error' to 'logloss'. Explicitly set eval_metric if you'd like to restore the old behavior.
[I 2023-11-06 14:55:18,077] Trial 57 finished with value: 0.8704231460958517 and parameters: {'n_estimators': 8700, 'max_depth': 6, 'min_child_weight': 7, 'learning_rate': 0.01910869951330202, 'subsample': 0.867015629772569, 'colsample_bytree': 0.14606807043888723, 'reg_alpha': 5.882871879501651, 'reg_lambda': 7.464937664709127, 'gamma': 0.7999999999999999}. Best is trial 56 with value: 0.8705786385267807.
/home/stepa/.local/lib/python3.6/site-packages/xgboost/sklearn.py:1224: UserWarning: The use of label encoder in XGBClassifier is deprecated and will be removed in a future release. To remove this warning, do the following: 1) Pass option use_label_encoder=False when constructing XGBClassifier object; and 2) Encode your labels (y) as integers starting with 0, i.e. 0, 1, 2, ..., [num_class - 1].
  warnings.warn(label_encoder_deprecation_msg, UserWarning)
[14:55:18] WARNING: ../src/learner.cc:223: No visible GPU is found, setting `gpu_id` to -1
[14:55:18] WARNING: ../src/learner.cc:1115: Starting in XGBoost 1.3.0, the default evaluation metric used with the objective 'binary:logistic' was changed from 'error' to 'logloss'. Explicitly set eval_metric if you'd like to restore the old behavior.
[I 2023-11-06 14:55:52,050] Trial 58 finished with value: 0.8693396773152644 and parameters: {'n_estimators': 8700, 'max_depth': 6, 'min_child_weight': 7, 'learning_rate': 0.03165096412878345, 'subsample': 0.8784491818672814, 'colsample_bytree': 0.13561722691370132, 'reg_alpha': 5.938360807998089, 'reg_lambda': 6.88435177817267, 'gamma': 0.7999999999999999}. Best is trial 56 with value: 0.8705786385267807.
/home/stepa/.local/lib/python3.6/site-packages/xgboost/sklearn.py:1224: UserWarning: The use of label encoder in XGBClassifier is deprecated and will be removed in a future release. To remove this warning, do the following: 1) Pass option use_label_encoder=False when constructing XGBClassifier object; and 2) Encode your labels (y) as integers starting with 0, i.e. 0, 1, 2, ..., [num_class - 1].
  warnings.warn(label_encoder_deprecation_msg, UserWarning)
[14:55:52] WARNING: ../src/learner.cc:223: No visible GPU is found, setting `gpu_id` to -1
[14:55:52] WARNING: ../src/learner.cc:1115: Starting in XGBoost 1.3.0, the default evaluation metric used with the objective 'binary:logistic' was changed from 'error' to 'logloss'. Explicitly set eval_metric if you'd like to restore the old behavior.
[I 2023-11-06 14:56:26,869] Trial 59 finished with value: 0.8688259077805198 and parameters: {'n_estimators': 8500, 'max_depth': 7, 'min_child_weight': 8, 'learning_rate': 0.0483512891590462, 'subsample': 0.9070308486135008, 'colsample_bytree': 0.10727794797768353, 'reg_alpha': 7.397562372902804, 'reg_lambda': 8.44526664415494, 'gamma': 0.7999999999999999}. Best is trial 56 with value: 0.8705786385267807.
/home/stepa/.local/lib/python3.6/site-packages/xgboost/sklearn.py:1224: UserWarning: The use of label encoder in XGBClassifier is deprecated and will be removed in a future release. To remove this warning, do the following: 1) Pass option use_label_encoder=False when constructing XGBClassifier object; and 2) Encode your labels (y) as integers starting with 0, i.e. 0, 1, 2, ..., [num_class - 1].
  warnings.warn(label_encoder_deprecation_msg, UserWarning)
[14:56:26] WARNING: ../src/learner.cc:223: No visible GPU is found, setting `gpu_id` to -1
[14:56:26] WARNING: ../src/learner.cc:1115: Starting in XGBoost 1.3.0, the default evaluation metric used with the objective 'binary:logistic' was changed from 'error' to 'logloss'. Explicitly set eval_metric if you'd like to restore the old behavior.
[I 2023-11-06 14:56:59,375] Trial 60 finished with value: 0.86859663713389 and parameters: {'n_estimators': 8000, 'max_depth': 6, 'min_child_weight': 7, 'learning_rate': 0.018163859627280447, 'subsample': 0.843005369653909, 'colsample_bytree': 0.3718876765901069, 'reg_alpha': 6.560520857212871, 'reg_lambda': 7.577498160516032, 'gamma': 0.7999999999999999}. Best is trial 56 with value: 0.8705786385267807.
/home/stepa/.local/lib/python3.6/site-packages/xgboost/sklearn.py:1224: UserWarning: The use of label encoder in XGBClassifier is deprecated and will be removed in a future release. To remove this warning, do the following: 1) Pass option use_label_encoder=False when constructing XGBClassifier object; and 2) Encode your labels (y) as integers starting with 0, i.e. 0, 1, 2, ..., [num_class - 1].
  warnings.warn(label_encoder_deprecation_msg, UserWarning)
[14:56:59] WARNING: ../src/learner.cc:223: No visible GPU is found, setting `gpu_id` to -1
[14:56:59] WARNING: ../src/learner.cc:1115: Starting in XGBoost 1.3.0, the default evaluation metric used with the objective 'binary:logistic' was changed from 'error' to 'logloss'. Explicitly set eval_metric if you'd like to restore the old behavior.
[I 2023-11-06 14:57:33,549] Trial 61 finished with value: 0.870556111559601 and parameters: {'n_estimators': 8800, 'max_depth': 6, 'min_child_weight': 7, 'learning_rate': 0.013640151111452626, 'subsample': 0.8668028015714505, 'colsample_bytree': 0.14922992346868913, 'reg_alpha': 4.9547728559440785, 'reg_lambda': 6.1181216845186785, 'gamma': 0.7999999999999999}. Best is trial 56 with value: 0.8705786385267807.
/home/stepa/.local/lib/python3.6/site-packages/xgboost/sklearn.py:1224: UserWarning: The use of label encoder in XGBClassifier is deprecated and will be removed in a future release. To remove this warning, do the following: 1) Pass option use_label_encoder=False when constructing XGBClassifier object; and 2) Encode your labels (y) as integers starting with 0, i.e. 0, 1, 2, ..., [num_class - 1].
  warnings.warn(label_encoder_deprecation_msg, UserWarning)
[14:57:33] WARNING: ../src/learner.cc:223: No visible GPU is found, setting `gpu_id` to -1
[14:57:33] WARNING: ../src/learner.cc:1115: Starting in XGBoost 1.3.0, the default evaluation metric used with the objective 'binary:logistic' was changed from 'error' to 'logloss'. Explicitly set eval_metric if you'd like to restore the old behavior.
[I 2023-11-06 14:58:07,820] Trial 62 finished with value: 0.8705740120249159 and parameters: {'n_estimators': 8800, 'max_depth': 6, 'min_child_weight': 7, 'learning_rate': 0.014243389533920708, 'subsample': 0.8668973794813635, 'colsample_bytree': 0.1538078710078963, 'reg_alpha': 6.062346067477854, 'reg_lambda': 6.446040885152027, 'gamma': 0.7999999999999999}. Best is trial 56 with value: 0.8705786385267807.
/home/stepa/.local/lib/python3.6/site-packages/xgboost/sklearn.py:1224: UserWarning: The use of label encoder in XGBClassifier is deprecated and will be removed in a future release. To remove this warning, do the following: 1) Pass option use_label_encoder=False when constructing XGBClassifier object; and 2) Encode your labels (y) as integers starting with 0, i.e. 0, 1, 2, ..., [num_class - 1].
  warnings.warn(label_encoder_deprecation_msg, UserWarning)
[14:58:07] WARNING: ../src/learner.cc:223: No visible GPU is found, setting `gpu_id` to -1
[14:58:07] WARNING: ../src/learner.cc:1115: Starting in XGBoost 1.3.0, the default evaluation metric used with the objective 'binary:logistic' was changed from 'error' to 'logloss'. Explicitly set eval_metric if you'd like to restore the old behavior.
[I 2023-11-06 14:58:41,966] Trial 63 finished with value: 0.8705356050647258 and parameters: {'n_estimators': 8800, 'max_depth': 6, 'min_child_weight': 7, 'learning_rate': 0.013423461570458041, 'subsample': 0.8624235390752685, 'colsample_bytree': 0.14983326688524456, 'reg_alpha': 5.916877827946927, 'reg_lambda': 5.946552946838462, 'gamma': 0.7999999999999999}. Best is trial 56 with value: 0.8705786385267807.
/home/stepa/.local/lib/python3.6/site-packages/xgboost/sklearn.py:1224: UserWarning: The use of label encoder in XGBClassifier is deprecated and will be removed in a future release. To remove this warning, do the following: 1) Pass option use_label_encoder=False when constructing XGBClassifier object; and 2) Encode your labels (y) as integers starting with 0, i.e. 0, 1, 2, ..., [num_class - 1].
  warnings.warn(label_encoder_deprecation_msg, UserWarning)
[14:58:42] WARNING: ../src/learner.cc:223: No visible GPU is found, setting `gpu_id` to -1
[14:58:42] WARNING: ../src/learner.cc:1115: Starting in XGBoost 1.3.0, the default evaluation metric used with the objective 'binary:logistic' was changed from 'error' to 'logloss'. Explicitly set eval_metric if you'd like to restore the old behavior.
[I 2023-11-06 14:59:20,313] Trial 64 finished with value: 0.8704643629314727 and parameters: {'n_estimators': 8700, 'max_depth': 7, 'min_child_weight': 7, 'learning_rate': 0.013695879962454603, 'subsample': 0.8641107548723171, 'colsample_bytree': 0.1412641885639164, 'reg_alpha': 5.88837968003344, 'reg_lambda': 5.830208770892595, 'gamma': 0.7999999999999999}. Best is trial 56 with value: 0.8705786385267807.
/home/stepa/.local/lib/python3.6/site-packages/xgboost/sklearn.py:1224: UserWarning: The use of label encoder in XGBClassifier is deprecated and will be removed in a future release. To remove this warning, do the following: 1) Pass option use_label_encoder=False when constructing XGBClassifier object; and 2) Encode your labels (y) as integers starting with 0, i.e. 0, 1, 2, ..., [num_class - 1].
  warnings.warn(label_encoder_deprecation_msg, UserWarning)
[14:59:20] WARNING: ../src/learner.cc:223: No visible GPU is found, setting `gpu_id` to -1
[14:59:20] WARNING: ../src/learner.cc:1115: Starting in XGBoost 1.3.0, the default evaluation metric used with the objective 'binary:logistic' was changed from 'error' to 'logloss'. Explicitly set eval_metric if you'd like to restore the old behavior.
[I 2023-11-06 15:00:00,627] Trial 65 finished with value: 0.870247872621528 and parameters: {'n_estimators': 8200, 'max_depth': 8, 'min_child_weight': 7, 'learning_rate': 0.014035679516800058, 'subsample': 0.8661604269845611, 'colsample_bytree': 0.1513172269459116, 'reg_alpha': 4.8318271972618945, 'reg_lambda': 5.884825356775872, 'gamma': 0.7999999999999999}. Best is trial 56 with value: 0.8705786385267807.
/home/stepa/.local/lib/python3.6/site-packages/xgboost/sklearn.py:1224: UserWarning: The use of label encoder in XGBClassifier is deprecated and will be removed in a future release. To remove this warning, do the following: 1) Pass option use_label_encoder=False when constructing XGBClassifier object; and 2) Encode your labels (y) as integers starting with 0, i.e. 0, 1, 2, ..., [num_class - 1].
  warnings.warn(label_encoder_deprecation_msg, UserWarning)
[15:00:00] WARNING: ../src/learner.cc:223: No visible GPU is found, setting `gpu_id` to -1
[15:00:00] WARNING: ../src/learner.cc:1115: Starting in XGBoost 1.3.0, the default evaluation metric used with the objective 'binary:logistic' was changed from 'error' to 'logloss'. Explicitly set eval_metric if you'd like to restore the old behavior.
[I 2023-11-06 15:00:37,026] Trial 66 finished with value: 0.870271264934413 and parameters: {'n_estimators': 8800, 'max_depth': 7, 'min_child_weight': 7, 'learning_rate': 0.02338861863322765, 'subsample': 0.8884744932269982, 'colsample_bytree': 0.10044382526523317, 'reg_alpha': 6.0678755179389885, 'reg_lambda': 7.02887493808592, 'gamma': 0.7999999999999999}. Best is trial 56 with value: 0.8705786385267807.
/home/stepa/.local/lib/python3.6/site-packages/xgboost/sklearn.py:1224: UserWarning: The use of label encoder in XGBClassifier is deprecated and will be removed in a future release. To remove this warning, do the following: 1) Pass option use_label_encoder=False when constructing XGBClassifier object; and 2) Encode your labels (y) as integers starting with 0, i.e. 0, 1, 2, ..., [num_class - 1].
  warnings.warn(label_encoder_deprecation_msg, UserWarning)
[15:00:37] WARNING: ../src/learner.cc:223: No visible GPU is found, setting `gpu_id` to -1
[15:00:37] WARNING: ../src/learner.cc:1115: Starting in XGBoost 1.3.0, the default evaluation metric used with the objective 'binary:logistic' was changed from 'error' to 'logloss'. Explicitly set eval_metric if you'd like to restore the old behavior.
[I 2023-11-06 15:01:15,101] Trial 67 finished with value: 0.8696697897146384 and parameters: {'n_estimators': 8700, 'max_depth': 7, 'min_child_weight': 7, 'learning_rate': 0.02042303338342266, 'subsample': 0.8569690822941994, 'colsample_bytree': 0.14861756019633746, 'reg_alpha': 5.629032039608743, 'reg_lambda': 6.348308955466164, 'gamma': 0.7999999999999999}. Best is trial 56 with value: 0.8705786385267807.
/home/stepa/.local/lib/python3.6/site-packages/xgboost/sklearn.py:1224: UserWarning: The use of label encoder in XGBClassifier is deprecated and will be removed in a future release. To remove this warning, do the following: 1) Pass option use_label_encoder=False when constructing XGBClassifier object; and 2) Encode your labels (y) as integers starting with 0, i.e. 0, 1, 2, ..., [num_class - 1].
  warnings.warn(label_encoder_deprecation_msg, UserWarning)
[15:01:15] WARNING: ../src/learner.cc:223: No visible GPU is found, setting `gpu_id` to -1
[15:01:15] WARNING: ../src/learner.cc:1115: Starting in XGBoost 1.3.0, the default evaluation metric used with the objective 'binary:logistic' was changed from 'error' to 'logloss'. Explicitly set eval_metric if you'd like to restore the old behavior.
[I 2023-11-06 15:01:58,628] Trial 68 finished with value: 0.8652313456576974 and parameters: {'n_estimators': 8000, 'max_depth': 9, 'min_child_weight': 7, 'learning_rate': 0.037623808240645006, 'subsample': 0.8838122505756162, 'colsample_bytree': 0.1397867607708908, 'reg_alpha': 5.242916149452204, 'reg_lambda': 5.44442366001512, 'gamma': 0.7999999999999999}. Best is trial 56 with value: 0.8705786385267807.
/home/stepa/.local/lib/python3.6/site-packages/xgboost/sklearn.py:1224: UserWarning: The use of label encoder in XGBClassifier is deprecated and will be removed in a future release. To remove this warning, do the following: 1) Pass option use_label_encoder=False when constructing XGBClassifier object; and 2) Encode your labels (y) as integers starting with 0, i.e. 0, 1, 2, ..., [num_class - 1].
  warnings.warn(label_encoder_deprecation_msg, UserWarning)
[15:01:58] WARNING: ../src/learner.cc:223: No visible GPU is found, setting `gpu_id` to -1
[15:01:58] WARNING: ../src/learner.cc:1115: Starting in XGBoost 1.3.0, the default evaluation metric used with the objective 'binary:logistic' was changed from 'error' to 'logloss'. Explicitly set eval_metric if you'd like to restore the old behavior.
[I 2023-11-06 15:02:35,460] Trial 69 finished with value: 0.870102738358705 and parameters: {'n_estimators': 8300, 'max_depth': 7, 'min_child_weight': 7, 'learning_rate': 0.015329810632791227, 'subsample': 0.9053704794336817, 'colsample_bytree': 0.19727399300474907, 'reg_alpha': 6.776181475941176, 'reg_lambda': 6.431069661005486, 'gamma': 0.7999999999999999}. Best is trial 56 with value: 0.8705786385267807.
/home/stepa/.local/lib/python3.6/site-packages/xgboost/sklearn.py:1224: UserWarning: The use of label encoder in XGBClassifier is deprecated and will be removed in a future release. To remove this warning, do the following: 1) Pass option use_label_encoder=False when constructing XGBClassifier object; and 2) Encode your labels (y) as integers starting with 0, i.e. 0, 1, 2, ..., [num_class - 1].
  warnings.warn(label_encoder_deprecation_msg, UserWarning)
[15:02:35] WARNING: ../src/learner.cc:223: No visible GPU is found, setting `gpu_id` to -1
[15:02:35] WARNING: ../src/learner.cc:1115: Starting in XGBoost 1.3.0, the default evaluation metric used with the objective 'binary:logistic' was changed from 'error' to 'logloss'. Explicitly set eval_metric if you'd like to restore the old behavior.
[I 2023-11-06 15:03:19,068] Trial 70 finished with value: 0.8685212081663357 and parameters: {'n_estimators': 8900, 'max_depth': 8, 'min_child_weight': 7, 'learning_rate': 0.027412151773411733, 'subsample': 0.8348710111656296, 'colsample_bytree': 0.16733116640973858, 'reg_alpha': 8.147016951795067, 'reg_lambda': 7.329781172416882, 'gamma': 0.7999999999999999}. Best is trial 56 with value: 0.8705786385267807.
/home/stepa/.local/lib/python3.6/site-packages/xgboost/sklearn.py:1224: UserWarning: The use of label encoder in XGBClassifier is deprecated and will be removed in a future release. To remove this warning, do the following: 1) Pass option use_label_encoder=False when constructing XGBClassifier object; and 2) Encode your labels (y) as integers starting with 0, i.e. 0, 1, 2, ..., [num_class - 1].
  warnings.warn(label_encoder_deprecation_msg, UserWarning)
[15:03:19] WARNING: ../src/learner.cc:223: No visible GPU is found, setting `gpu_id` to -1
[15:03:19] WARNING: ../src/learner.cc:1115: Starting in XGBoost 1.3.0, the default evaluation metric used with the objective 'binary:logistic' was changed from 'error' to 'logloss'. Explicitly set eval_metric if you'd like to restore the old behavior.
[I 2023-11-06 15:03:55,199] Trial 71 finished with value: 0.8701721938428579 and parameters: {'n_estimators': 8800, 'max_depth': 7, 'min_child_weight': 7, 'learning_rate': 0.022916949780709076, 'subsample': 0.9219169914743633, 'colsample_bytree': 0.10425556290808294, 'reg_alpha': 6.034480273760083, 'reg_lambda': 7.025405099365613, 'gamma': 0.7999999999999999}. Best is trial 56 with value: 0.8705786385267807.
/home/stepa/.local/lib/python3.6/site-packages/xgboost/sklearn.py:1224: UserWarning: The use of label encoder in XGBClassifier is deprecated and will be removed in a future release. To remove this warning, do the following: 1) Pass option use_label_encoder=False when constructing XGBClassifier object; and 2) Encode your labels (y) as integers starting with 0, i.e. 0, 1, 2, ..., [num_class - 1].
  warnings.warn(label_encoder_deprecation_msg, UserWarning)
[15:03:55] WARNING: ../src/learner.cc:223: No visible GPU is found, setting `gpu_id` to -1
[15:03:55] WARNING: ../src/learner.cc:1115: Starting in XGBoost 1.3.0, the default evaluation metric used with the objective 'binary:logistic' was changed from 'error' to 'logloss'. Explicitly set eval_metric if you'd like to restore the old behavior.
