[I 2023-11-06 15:04:27,499] Trial 72 finished with value: 0.8684921401448993 and parameters: {'n_estimators': 8600, 'max_depth': 6, 'min_child_weight': 7, 'learning_rate': 0.058268949505153704, 'subsample': 0.8944934314038434, 'colsample_bytree': 0.12560499904004965, 'reg_alpha': 6.302272988331683, 'reg_lambda': 5.7476353155216255, 'gamma': 0.7999999999999999}. Best is trial 56 with value: 0.8705786385267807.
/home/stepa/.local/lib/python3.6/site-packages/xgboost/sklearn.py:1224: UserWarning: The use of label encoder in XGBClassifier is deprecated and will be removed in a future release. To remove this warning, do the following: 1) Pass option use_label_encoder=False when constructing XGBClassifier object; and 2) Encode your labels (y) as integers starting with 0, i.e. 0, 1, 2, ..., [num_class - 1].
  warnings.warn(label_encoder_deprecation_msg, UserWarning)
[15:04:27] WARNING: ../src/learner.cc:223: No visible GPU is found, setting `gpu_id` to -1
[15:04:27] WARNING: ../src/learner.cc:1115: Starting in XGBoost 1.3.0, the default evaluation metric used with the objective 'binary:logistic' was changed from 'error' to 'logloss'. Explicitly set eval_metric if you'd like to restore the old behavior.
[I 2023-11-06 15:05:07,059] Trial 73 finished with value: 0.8700894743876997 and parameters: {'n_estimators': 9000, 'max_depth': 7, 'min_child_weight': 7, 'learning_rate': 0.01293349103515811, 'subsample': 0.8691482227857433, 'colsample_bytree': 0.21614258274581538, 'reg_alpha': 4.8922958067721325, 'reg_lambda': 7.8539867012468365, 'gamma': 0.7999999999999999}. Best is trial 56 with value: 0.8705786385267807.
/home/stepa/.local/lib/python3.6/site-packages/xgboost/sklearn.py:1224: UserWarning: The use of label encoder in XGBClassifier is deprecated and will be removed in a future release. To remove this warning, do the following: 1) Pass option use_label_encoder=False when constructing XGBClassifier object; and 2) Encode your labels (y) as integers starting with 0, i.e. 0, 1, 2, ..., [num_class - 1].
  warnings.warn(label_encoder_deprecation_msg, UserWarning)
[15:05:07] WARNING: ../src/learner.cc:223: No visible GPU is found, setting `gpu_id` to -1
[15:05:07] WARNING: ../src/learner.cc:1115: Starting in XGBoost 1.3.0, the default evaluation metric used with the objective 'binary:logistic' was changed from 'error' to 'logloss'. Explicitly set eval_metric if you'd like to restore the old behavior.
[I 2023-11-06 15:05:39,820] Trial 74 finished with value: 0.8707075030912526 and parameters: {'n_estimators': 8500, 'max_depth': 6, 'min_child_weight': 7, 'learning_rate': 0.016630700537715093, 'subsample': 0.8785628086643911, 'colsample_bytree': 0.16557763892827976, 'reg_alpha': 5.7394645919929905, 'reg_lambda': 4.877699667724593, 'gamma': 0.7999999999999999}. Best is trial 74 with value: 0.8707075030912526.
/home/stepa/.local/lib/python3.6/site-packages/xgboost/sklearn.py:1224: UserWarning: The use of label encoder in XGBClassifier is deprecated and will be removed in a future release. To remove this warning, do the following: 1) Pass option use_label_encoder=False when constructing XGBClassifier object; and 2) Encode your labels (y) as integers starting with 0, i.e. 0, 1, 2, ..., [num_class - 1].
  warnings.warn(label_encoder_deprecation_msg, UserWarning)
[15:05:39] WARNING: ../src/learner.cc:223: No visible GPU is found, setting `gpu_id` to -1
[15:05:39] WARNING: ../src/learner.cc:1115: Starting in XGBoost 1.3.0, the default evaluation metric used with the objective 'binary:logistic' was changed from 'error' to 'logloss'. Explicitly set eval_metric if you'd like to restore the old behavior.
[I 2023-11-06 15:06:12,706] Trial 75 finished with value: 0.8702611705668452 and parameters: {'n_estimators': 8500, 'max_depth': 6, 'min_child_weight': 7, 'learning_rate': 0.01751354328051878, 'subsample': 0.8761041299326418, 'colsample_bytree': 0.17548807608514724, 'reg_alpha': 5.47475873984631, 'reg_lambda': 4.831039218489708, 'gamma': 0.7999999999999999}. Best is trial 74 with value: 0.8707075030912526.
/home/stepa/.local/lib/python3.6/site-packages/xgboost/sklearn.py:1224: UserWarning: The use of label encoder in XGBClassifier is deprecated and will be removed in a future release. To remove this warning, do the following: 1) Pass option use_label_encoder=False when constructing XGBClassifier object; and 2) Encode your labels (y) as integers starting with 0, i.e. 0, 1, 2, ..., [num_class - 1].
  warnings.warn(label_encoder_deprecation_msg, UserWarning)
[15:06:12] WARNING: ../src/learner.cc:223: No visible GPU is found, setting `gpu_id` to -1
[15:06:12] WARNING: ../src/learner.cc:1115: Starting in XGBoost 1.3.0, the default evaluation metric used with the objective 'binary:logistic' was changed from 'error' to 'logloss'. Explicitly set eval_metric if you'd like to restore the old behavior.
[I 2023-11-06 15:06:46,693] Trial 76 finished with value: 0.8695229107709828 and parameters: {'n_estimators': 8600, 'max_depth': 6, 'min_child_weight': 7, 'learning_rate': 0.032748321970131944, 'subsample': 0.8519067933724962, 'colsample_bytree': 0.1534227652950152, 'reg_alpha': 7.321215316077744, 'reg_lambda': 6.623977385258381, 'gamma': 0.7999999999999999}. Best is trial 74 with value: 0.8707075030912526.
/home/stepa/.local/lib/python3.6/site-packages/xgboost/sklearn.py:1224: UserWarning: The use of label encoder in XGBClassifier is deprecated and will be removed in a future release. To remove this warning, do the following: 1) Pass option use_label_encoder=False when constructing XGBClassifier object; and 2) Encode your labels (y) as integers starting with 0, i.e. 0, 1, 2, ..., [num_class - 1].
  warnings.warn(label_encoder_deprecation_msg, UserWarning)
[15:06:46] WARNING: ../src/learner.cc:223: No visible GPU is found, setting `gpu_id` to -1
[15:06:46] WARNING: ../src/learner.cc:1115: Starting in XGBoost 1.3.0, the default evaluation metric used with the objective 'binary:logistic' was changed from 'error' to 'logloss'. Explicitly set eval_metric if you'd like to restore the old behavior.
[I 2023-11-06 15:07:22,518] Trial 77 finished with value: 0.8700743598159484 and parameters: {'n_estimators': 9100, 'max_depth': 6, 'min_child_weight': 7, 'learning_rate': 0.010276666270879793, 'subsample': 0.8961821268420009, 'colsample_bytree': 0.2659484509324812, 'reg_alpha': 5.804972197428565, 'reg_lambda': 5.401031392104387, 'gamma': 0.7999999999999999}. Best is trial 74 with value: 0.8707075030912526.
/home/stepa/.local/lib/python3.6/site-packages/xgboost/sklearn.py:1224: UserWarning: The use of label encoder in XGBClassifier is deprecated and will be removed in a future release. To remove this warning, do the following: 1) Pass option use_label_encoder=False when constructing XGBClassifier object; and 2) Encode your labels (y) as integers starting with 0, i.e. 0, 1, 2, ..., [num_class - 1].
  warnings.warn(label_encoder_deprecation_msg, UserWarning)
[15:07:22] WARNING: ../src/learner.cc:223: No visible GPU is found, setting `gpu_id` to -1
[15:07:22] WARNING: ../src/learner.cc:1115: Starting in XGBoost 1.3.0, the default evaluation metric used with the objective 'binary:logistic' was changed from 'error' to 'logloss'. Explicitly set eval_metric if you'd like to restore the old behavior.
[I 2023-11-06 15:07:54,302] Trial 78 finished with value: 0.8701519411560763 and parameters: {'n_estimators': 8300, 'max_depth': 6, 'min_child_weight': 7, 'learning_rate': 0.01565171293635087, 'subsample': 0.8376820564234563, 'colsample_bytree': 0.1262830543228368, 'reg_alpha': 5.116897891449888, 'reg_lambda': 4.596364882515766, 'gamma': 0.7999999999999999}. Best is trial 74 with value: 0.8707075030912526.
/home/stepa/.local/lib/python3.6/site-packages/xgboost/sklearn.py:1224: UserWarning: The use of label encoder in XGBClassifier is deprecated and will be removed in a future release. To remove this warning, do the following: 1) Pass option use_label_encoder=False when constructing XGBClassifier object; and 2) Encode your labels (y) as integers starting with 0, i.e. 0, 1, 2, ..., [num_class - 1].
  warnings.warn(label_encoder_deprecation_msg, UserWarning)
[15:07:54] WARNING: ../src/learner.cc:223: No visible GPU is found, setting `gpu_id` to -1
[15:07:54] WARNING: ../src/learner.cc:1115: Starting in XGBoost 1.3.0, the default evaluation metric used with the objective 'binary:logistic' was changed from 'error' to 'logloss'. Explicitly set eval_metric if you'd like to restore the old behavior.
[I 2023-11-06 15:08:25,753] Trial 79 finished with value: 0.8684086133002148 and parameters: {'n_estimators': 8900, 'max_depth': 5, 'min_child_weight': 7, 'learning_rate': 0.04016413498523809, 'subsample': 0.8240651675972535, 'colsample_bytree': 0.2118530708196353, 'reg_alpha': 6.376545005767096, 'reg_lambda': 6.081302511275107, 'gamma': 0.7999999999999999}. Best is trial 74 with value: 0.8707075030912526.
/home/stepa/.local/lib/python3.6/site-packages/xgboost/sklearn.py:1224: UserWarning: The use of label encoder in XGBClassifier is deprecated and will be removed in a future release. To remove this warning, do the following: 1) Pass option use_label_encoder=False when constructing XGBClassifier object; and 2) Encode your labels (y) as integers starting with 0, i.e. 0, 1, 2, ..., [num_class - 1].
  warnings.warn(label_encoder_deprecation_msg, UserWarning)
[15:08:25] WARNING: ../src/learner.cc:223: No visible GPU is found, setting `gpu_id` to -1
[15:08:25] WARNING: ../src/learner.cc:1115: Starting in XGBoost 1.3.0, the default evaluation metric used with the objective 'binary:logistic' was changed from 'error' to 'logloss'. Explicitly set eval_metric if you'd like to restore the old behavior.
[I 2023-11-06 15:08:59,499] Trial 80 finished with value: 0.8703881245759031 and parameters: {'n_estimators': 8700, 'max_depth': 6, 'min_child_weight': 7, 'learning_rate': 0.012596967528397864, 'subsample': 0.87297368010571, 'colsample_bytree': 0.18077053519988323, 'reg_alpha': 4.699021540716455, 'reg_lambda': 6.698245824967996, 'gamma': 0.7999999999999999}. Best is trial 74 with value: 0.8707075030912526.
/home/stepa/.local/lib/python3.6/site-packages/xgboost/sklearn.py:1224: UserWarning: The use of label encoder in XGBClassifier is deprecated and will be removed in a future release. To remove this warning, do the following: 1) Pass option use_label_encoder=False when constructing XGBClassifier object; and 2) Encode your labels (y) as integers starting with 0, i.e. 0, 1, 2, ..., [num_class - 1].
  warnings.warn(label_encoder_deprecation_msg, UserWarning)
[15:08:59] WARNING: ../src/learner.cc:223: No visible GPU is found, setting `gpu_id` to -1
[15:08:59] WARNING: ../src/learner.cc:1115: Starting in XGBoost 1.3.0, the default evaluation metric used with the objective 'binary:logistic' was changed from 'error' to 'logloss'. Explicitly set eval_metric if you'd like to restore the old behavior.
[I 2023-11-06 15:09:33,127] Trial 81 finished with value: 0.8705135357515099 and parameters: {'n_estimators': 8700, 'max_depth': 6, 'min_child_weight': 7, 'learning_rate': 0.012414040184453539, 'subsample': 0.8608701559674425, 'colsample_bytree': 0.1783993756477832, 'reg_alpha': 4.067990760321493, 'reg_lambda': 6.630690466923933, 'gamma': 0.7999999999999999}. Best is trial 74 with value: 0.8707075030912526.
/home/stepa/.local/lib/python3.6/site-packages/xgboost/sklearn.py:1224: UserWarning: The use of label encoder in XGBClassifier is deprecated and will be removed in a future release. To remove this warning, do the following: 1) Pass option use_label_encoder=False when constructing XGBClassifier object; and 2) Encode your labels (y) as integers starting with 0, i.e. 0, 1, 2, ..., [num_class - 1].
  warnings.warn(label_encoder_deprecation_msg, UserWarning)
[15:09:33] WARNING: ../src/learner.cc:223: No visible GPU is found, setting `gpu_id` to -1
[15:09:33] WARNING: ../src/learner.cc:1115: Starting in XGBoost 1.3.0, the default evaluation metric used with the objective 'binary:logistic' was changed from 'error' to 'logloss'. Explicitly set eval_metric if you'd like to restore the old behavior.
[I 2023-11-06 15:10:03,439] Trial 82 finished with value: 0.8703618804193199 and parameters: {'n_estimators': 7800, 'max_depth': 6, 'min_child_weight': 7, 'learning_rate': 0.020339493922204275, 'subsample': 0.8611552812617714, 'colsample_bytree': 0.17318356135356971, 'reg_alpha': 4.622787048398654, 'reg_lambda': 6.683669130639221, 'gamma': 0.7999999999999999}. Best is trial 74 with value: 0.8707075030912526.
/home/stepa/.local/lib/python3.6/site-packages/xgboost/sklearn.py:1224: UserWarning: The use of label encoder in XGBClassifier is deprecated and will be removed in a future release. To remove this warning, do the following: 1) Pass option use_label_encoder=False when constructing XGBClassifier object; and 2) Encode your labels (y) as integers starting with 0, i.e. 0, 1, 2, ..., [num_class - 1].
  warnings.warn(label_encoder_deprecation_msg, UserWarning)
[15:10:03] WARNING: ../src/learner.cc:223: No visible GPU is found, setting `gpu_id` to -1
[15:10:03] WARNING: ../src/learner.cc:1115: Starting in XGBoost 1.3.0, the default evaluation metric used with the objective 'binary:logistic' was changed from 'error' to 'logloss'. Explicitly set eval_metric if you'd like to restore the old behavior.
[I 2023-11-06 15:10:35,562] Trial 83 finished with value: 0.8704837942393053 and parameters: {'n_estimators': 8400, 'max_depth': 6, 'min_child_weight': 7, 'learning_rate': 0.010968342763685452, 'subsample': 0.8761508660361332, 'colsample_bytree': 0.14565192455589293, 'reg_alpha': 3.994355391447989, 'reg_lambda': 7.187945368693956, 'gamma': 0.7999999999999999}. Best is trial 74 with value: 0.8707075030912526.
/home/stepa/.local/lib/python3.6/site-packages/xgboost/sklearn.py:1224: UserWarning: The use of label encoder in XGBClassifier is deprecated and will be removed in a future release. To remove this warning, do the following: 1) Pass option use_label_encoder=False when constructing XGBClassifier object; and 2) Encode your labels (y) as integers starting with 0, i.e. 0, 1, 2, ..., [num_class - 1].
  warnings.warn(label_encoder_deprecation_msg, UserWarning)
[15:10:35] WARNING: ../src/learner.cc:223: No visible GPU is found, setting `gpu_id` to -1
[15:10:35] WARNING: ../src/learner.cc:1115: Starting in XGBoost 1.3.0, the default evaluation metric used with the objective 'binary:logistic' was changed from 'error' to 'logloss'. Explicitly set eval_metric if you'd like to restore the old behavior.
[I 2023-11-06 15:11:07,330] Trial 84 finished with value: 0.8702736771105473 and parameters: {'n_estimators': 8100, 'max_depth': 6, 'min_child_weight': 7, 'learning_rate': 0.010693241733643284, 'subsample': 0.8832000306072282, 'colsample_bytree': 0.15436354621372833, 'reg_alpha': 5.293862181976404, 'reg_lambda': 7.333792718399398, 'gamma': 0.7999999999999999}. Best is trial 74 with value: 0.8707075030912526.
/home/stepa/.local/lib/python3.6/site-packages/xgboost/sklearn.py:1224: UserWarning: The use of label encoder in XGBClassifier is deprecated and will be removed in a future release. To remove this warning, do the following: 1) Pass option use_label_encoder=False when constructing XGBClassifier object; and 2) Encode your labels (y) as integers starting with 0, i.e. 0, 1, 2, ..., [num_class - 1].
  warnings.warn(label_encoder_deprecation_msg, UserWarning)
[15:11:07] WARNING: ../src/learner.cc:223: No visible GPU is found, setting `gpu_id` to -1
[15:11:07] WARNING: ../src/learner.cc:1115: Starting in XGBoost 1.3.0, the default evaluation metric used with the objective 'binary:logistic' was changed from 'error' to 'logloss'. Explicitly set eval_metric if you'd like to restore the old behavior.
[I 2023-11-06 15:11:39,790] Trial 85 finished with value: 0.870028394570638 and parameters: {'n_estimators': 8300, 'max_depth': 6, 'min_child_weight': 7, 'learning_rate': 0.02594203557979593, 'subsample': 0.8567815686550959, 'colsample_bytree': 0.13422258566507236, 'reg_alpha': 4.055536618720939, 'reg_lambda': 8.038124449954587, 'gamma': 0.7999999999999999}. Best is trial 74 with value: 0.8707075030912526.
/home/stepa/.local/lib/python3.6/site-packages/xgboost/sklearn.py:1224: UserWarning: The use of label encoder in XGBClassifier is deprecated and will be removed in a future release. To remove this warning, do the following: 1) Pass option use_label_encoder=False when constructing XGBClassifier object; and 2) Encode your labels (y) as integers starting with 0, i.e. 0, 1, 2, ..., [num_class - 1].
  warnings.warn(label_encoder_deprecation_msg, UserWarning)
[15:11:39] WARNING: ../src/learner.cc:223: No visible GPU is found, setting `gpu_id` to -1
[15:11:39] WARNING: ../src/learner.cc:1115: Starting in XGBoost 1.3.0, the default evaluation metric used with the objective 'binary:logistic' was changed from 'error' to 'logloss'. Explicitly set eval_metric if you'd like to restore the old behavior.
[I 2023-11-06 15:12:28,983] Trial 86 finished with value: 0.8674878215182474 and parameters: {'n_estimators': 8400, 'max_depth': 9, 'min_child_weight': 7, 'learning_rate': 0.016454589484428205, 'subsample': 0.8462438380124021, 'colsample_bytree': 0.2420262358465079, 'reg_alpha': 5.582559125526373, 'reg_lambda': 6.097114907153162, 'gamma': 0.7999999999999999}. Best is trial 74 with value: 0.8707075030912526.
/home/stepa/.local/lib/python3.6/site-packages/xgboost/sklearn.py:1224: UserWarning: The use of label encoder in XGBClassifier is deprecated and will be removed in a future release. To remove this warning, do the following: 1) Pass option use_label_encoder=False when constructing XGBClassifier object; and 2) Encode your labels (y) as integers starting with 0, i.e. 0, 1, 2, ..., [num_class - 1].
  warnings.warn(label_encoder_deprecation_msg, UserWarning)
[15:12:29] WARNING: ../src/learner.cc:223: No visible GPU is found, setting `gpu_id` to -1
[15:12:29] WARNING: ../src/learner.cc:1115: Starting in XGBoost 1.3.0, the default evaluation metric used with the objective 'binary:logistic' was changed from 'error' to 'logloss'. Explicitly set eval_metric if you'd like to restore the old behavior.
[I 2023-11-06 15:12:57,866] Trial 87 finished with value: 0.8695658123327688 and parameters: {'n_estimators': 8600, 'max_depth': 5, 'min_child_weight': 7, 'learning_rate': 0.02952049758683476, 'subsample': 0.9163298166596078, 'colsample_bytree': 0.21506396837920239, 'reg_alpha': 5.025593889608547, 'reg_lambda': 5.572874689943703, 'gamma': 0.7999999999999999}. Best is trial 74 with value: 0.8707075030912526.
/home/stepa/.local/lib/python3.6/site-packages/xgboost/sklearn.py:1224: UserWarning: The use of label encoder in XGBClassifier is deprecated and will be removed in a future release. To remove this warning, do the following: 1) Pass option use_label_encoder=False when constructing XGBClassifier object; and 2) Encode your labels (y) as integers starting with 0, i.e. 0, 1, 2, ..., [num_class - 1].
  warnings.warn(label_encoder_deprecation_msg, UserWarning)
[15:12:57] WARNING: ../src/learner.cc:223: No visible GPU is found, setting `gpu_id` to -1
[15:12:57] WARNING: ../src/learner.cc:1115: Starting in XGBoost 1.3.0, the default evaluation metric used with the objective 'binary:logistic' was changed from 'error' to 'logloss'. Explicitly set eval_metric if you'd like to restore the old behavior.
[I 2023-11-06 15:13:28,681] Trial 88 finished with value: 0.8659225510317845 and parameters: {'n_estimators': 7900, 'max_depth': 6, 'min_child_weight': 7, 'learning_rate': 0.005743383575382155, 'subsample': 0.8620253808290498, 'colsample_bytree': 0.11970421469218762, 'reg_alpha': 5.768487312287631, 'reg_lambda': 9.127093356134209, 'gamma': 0.7999999999999999}. Best is trial 74 with value: 0.8707075030912526.
/home/stepa/.local/lib/python3.6/site-packages/xgboost/sklearn.py:1224: UserWarning: The use of label encoder in XGBClassifier is deprecated and will be removed in a future release. To remove this warning, do the following: 1) Pass option use_label_encoder=False when constructing XGBClassifier object; and 2) Encode your labels (y) as integers starting with 0, i.e. 0, 1, 2, ..., [num_class - 1].
  warnings.warn(label_encoder_deprecation_msg, UserWarning)
[15:13:28] WARNING: ../src/learner.cc:223: No visible GPU is found, setting `gpu_id` to -1
[15:13:28] WARNING: ../src/learner.cc:1115: Starting in XGBoost 1.3.0, the default evaluation metric used with the objective 'binary:logistic' was changed from 'error' to 'logloss'. Explicitly set eval_metric if you'd like to restore the old behavior.
[I 2023-11-06 15:14:02,544] Trial 89 finished with value: 0.8693213751536752 and parameters: {'n_estimators': 8500, 'max_depth': 6, 'min_child_weight': 7, 'learning_rate': 0.007061749814278284, 'subsample': 0.8989115259667094, 'colsample_bytree': 0.16045185175847956, 'reg_alpha': 6.202670308012854, 'reg_lambda': 6.131604551150982, 'gamma': 0.7999999999999999}. Best is trial 74 with value: 0.8707075030912526.
/home/stepa/.local/lib/python3.6/site-packages/xgboost/sklearn.py:1224: UserWarning: The use of label encoder in XGBClassifier is deprecated and will be removed in a future release. To remove this warning, do the following: 1) Pass option use_label_encoder=False when constructing XGBClassifier object; and 2) Encode your labels (y) as integers starting with 0, i.e. 0, 1, 2, ..., [num_class - 1].
  warnings.warn(label_encoder_deprecation_msg, UserWarning)
[15:14:02] WARNING: ../src/learner.cc:223: No visible GPU is found, setting `gpu_id` to -1
[15:14:02] WARNING: ../src/learner.cc:1115: Starting in XGBoost 1.3.0, the default evaluation metric used with the objective 'binary:logistic' was changed from 'error' to 'logloss'. Explicitly set eval_metric if you'd like to restore the old behavior.
