[I 2023-11-06 15:45:05,441] Trial 144 finished with value: 0.8700149986993635 and parameters: {'n_estimators': 8400, 'max_depth': 6, 'min_child_weight': 7, 'learning_rate': 0.02522011602609627, 'subsample': 0.8284275552275718, 'colsample_bytree': 0.1645694608625475, 'reg_alpha': 5.059347927631271, 'reg_lambda': 5.063512556931324, 'gamma': 0.7999999999999999}. Best is trial 74 with value: 0.8707075030912526.
/home/stepa/.local/lib/python3.6/site-packages/xgboost/sklearn.py:1224: UserWarning: The use of label encoder in XGBClassifier is deprecated and will be removed in a future release. To remove this warning, do the following: 1) Pass option use_label_encoder=False when constructing XGBClassifier object; and 2) Encode your labels (y) as integers starting with 0, i.e. 0, 1, 2, ..., [num_class - 1].
  warnings.warn(label_encoder_deprecation_msg, UserWarning)
[15:45:05] WARNING: ../src/learner.cc:223: No visible GPU is found, setting `gpu_id` to -1
[15:45:05] WARNING: ../src/learner.cc:1115: Starting in XGBoost 1.3.0, the default evaluation metric used with the objective 'binary:logistic' was changed from 'error' to 'logloss'. Explicitly set eval_metric if you'd like to restore the old behavior.
[I 2023-11-06 15:45:37,445] Trial 145 finished with value: 0.8696286608125304 and parameters: {'n_estimators': 8200, 'max_depth': 6, 'min_child_weight': 7, 'learning_rate': 0.018310190611588683, 'subsample': 0.8806488399876873, 'colsample_bytree': 0.22012500193802387, 'reg_alpha': 5.289084064790099, 'reg_lambda': 6.092427786244601, 'gamma': 0.7999999999999999}. Best is trial 74 with value: 0.8707075030912526.
/home/stepa/.local/lib/python3.6/site-packages/xgboost/sklearn.py:1224: UserWarning: The use of label encoder in XGBClassifier is deprecated and will be removed in a future release. To remove this warning, do the following: 1) Pass option use_label_encoder=False when constructing XGBClassifier object; and 2) Encode your labels (y) as integers starting with 0, i.e. 0, 1, 2, ..., [num_class - 1].
  warnings.warn(label_encoder_deprecation_msg, UserWarning)
[15:45:37] WARNING: ../src/learner.cc:223: No visible GPU is found, setting `gpu_id` to -1
[15:45:37] WARNING: ../src/learner.cc:1115: Starting in XGBoost 1.3.0, the default evaluation metric used with the objective 'binary:logistic' was changed from 'error' to 'logloss'. Explicitly set eval_metric if you'd like to restore the old behavior.
[I 2023-11-06 15:46:09,282] Trial 146 finished with value: 0.8702830080553452 and parameters: {'n_estimators': 8600, 'max_depth': 6, 'min_child_weight': 7, 'learning_rate': 0.021188047347898455, 'subsample': 0.8756099809587486, 'colsample_bytree': 0.12422454886405011, 'reg_alpha': 3.789181376468908, 'reg_lambda': 4.146681955833367, 'gamma': 0.7999999999999999}. Best is trial 74 with value: 0.8707075030912526.
/home/stepa/.local/lib/python3.6/site-packages/xgboost/sklearn.py:1224: UserWarning: The use of label encoder in XGBClassifier is deprecated and will be removed in a future release. To remove this warning, do the following: 1) Pass option use_label_encoder=False when constructing XGBClassifier object; and 2) Encode your labels (y) as integers starting with 0, i.e. 0, 1, 2, ..., [num_class - 1].
  warnings.warn(label_encoder_deprecation_msg, UserWarning)
[15:46:09] WARNING: ../src/learner.cc:223: No visible GPU is found, setting `gpu_id` to -1
[15:46:09] WARNING: ../src/learner.cc:1115: Starting in XGBoost 1.3.0, the default evaluation metric used with the objective 'binary:logistic' was changed from 'error' to 'logloss'. Explicitly set eval_metric if you'd like to restore the old behavior.
[I 2023-11-06 15:46:41,997] Trial 147 finished with value: 0.86872658487936 and parameters: {'n_estimators': 8500, 'max_depth': 6, 'min_child_weight': 7, 'learning_rate': 0.03306429407531772, 'subsample': 0.8378173336859166, 'colsample_bytree': 0.14682763940209934, 'reg_alpha': 4.577378450823263, 'reg_lambda': 6.747699622100041, 'gamma': 0.7999999999999999}. Best is trial 74 with value: 0.8707075030912526.
/home/stepa/.local/lib/python3.6/site-packages/xgboost/sklearn.py:1224: UserWarning: The use of label encoder in XGBClassifier is deprecated and will be removed in a future release. To remove this warning, do the following: 1) Pass option use_label_encoder=False when constructing XGBClassifier object; and 2) Encode your labels (y) as integers starting with 0, i.e. 0, 1, 2, ..., [num_class - 1].
  warnings.warn(label_encoder_deprecation_msg, UserWarning)
[15:46:42] WARNING: ../src/learner.cc:223: No visible GPU is found, setting `gpu_id` to -1
[15:46:42] WARNING: ../src/learner.cc:1115: Starting in XGBoost 1.3.0, the default evaluation metric used with the objective 'binary:logistic' was changed from 'error' to 'logloss'. Explicitly set eval_metric if you'd like to restore the old behavior.
[I 2023-11-06 15:47:09,431] Trial 148 finished with value: 0.8697861097641184 and parameters: {'n_estimators': 8100, 'max_depth': 5, 'min_child_weight': 7, 'learning_rate': 0.010055629383428792, 'subsample': 0.8596758039902783, 'colsample_bytree': 0.1984853861258834, 'reg_alpha': 4.369913706227838, 'reg_lambda': 5.552835318318637, 'gamma': 0.7999999999999999}. Best is trial 74 with value: 0.8707075030912526.
/home/stepa/.local/lib/python3.6/site-packages/xgboost/sklearn.py:1224: UserWarning: The use of label encoder in XGBClassifier is deprecated and will be removed in a future release. To remove this warning, do the following: 1) Pass option use_label_encoder=False when constructing XGBClassifier object; and 2) Encode your labels (y) as integers starting with 0, i.e. 0, 1, 2, ..., [num_class - 1].
  warnings.warn(label_encoder_deprecation_msg, UserWarning)
[15:47:09] WARNING: ../src/learner.cc:223: No visible GPU is found, setting `gpu_id` to -1
[15:47:09] WARNING: ../src/learner.cc:1115: Starting in XGBoost 1.3.0, the default evaluation metric used with the objective 'binary:logistic' was changed from 'error' to 'logloss'. Explicitly set eval_metric if you'd like to restore the old behavior.
[I 2023-11-06 15:47:39,417] Trial 149 finished with value: 0.8704864282477104 and parameters: {'n_estimators': 7900, 'max_depth': 6, 'min_child_weight': 7, 'learning_rate': 0.016676184406613954, 'subsample': 0.885611809010152, 'colsample_bytree': 0.17218592728519194, 'reg_alpha': 3.633460202213413, 'reg_lambda': 5.291816845439564, 'gamma': 0.7999999999999999}. Best is trial 74 with value: 0.8707075030912526.
/home/stepa/.local/lib/python3.6/site-packages/xgboost/sklearn.py:1224: UserWarning: The use of label encoder in XGBClassifier is deprecated and will be removed in a future release. To remove this warning, do the following: 1) Pass option use_label_encoder=False when constructing XGBClassifier object; and 2) Encode your labels (y) as integers starting with 0, i.e. 0, 1, 2, ..., [num_class - 1].
  warnings.warn(label_encoder_deprecation_msg, UserWarning)
[15:47:39] WARNING: ../src/learner.cc:223: No visible GPU is found, setting `gpu_id` to -1
[15:47:39] WARNING: ../src/learner.cc:1115: Starting in XGBoost 1.3.0, the default evaluation metric used with the objective 'binary:logistic' was changed from 'error' to 'logloss'. Explicitly set eval_metric if you'd like to restore the old behavior.
[I 2023-11-06 15:48:08,618] Trial 150 finished with value: 0.8705666755720666 and parameters: {'n_estimators': 7700, 'max_depth': 6, 'min_child_weight': 7, 'learning_rate': 0.018405144898432334, 'subsample': 0.8835854848734193, 'colsample_bytree': 0.1665722898341084, 'reg_alpha': 3.548901594330448, 'reg_lambda': 5.8081672361347625, 'gamma': 0.7999999999999999}. Best is trial 74 with value: 0.8707075030912526.
/home/stepa/.local/lib/python3.6/site-packages/xgboost/sklearn.py:1224: UserWarning: The use of label encoder in XGBClassifier is deprecated and will be removed in a future release. To remove this warning, do the following: 1) Pass option use_label_encoder=False when constructing XGBClassifier object; and 2) Encode your labels (y) as integers starting with 0, i.e. 0, 1, 2, ..., [num_class - 1].
  warnings.warn(label_encoder_deprecation_msg, UserWarning)
[15:48:08] WARNING: ../src/learner.cc:223: No visible GPU is found, setting `gpu_id` to -1
[15:48:08] WARNING: ../src/learner.cc:1115: Starting in XGBoost 1.3.0, the default evaluation metric used with the objective 'binary:logistic' was changed from 'error' to 'logloss'. Explicitly set eval_metric if you'd like to restore the old behavior.
[I 2023-11-06 15:48:37,832] Trial 151 finished with value: 0.8705511533085741 and parameters: {'n_estimators': 7700, 'max_depth': 6, 'min_child_weight': 7, 'learning_rate': 0.01691264363196683, 'subsample': 0.8864956129583468, 'colsample_bytree': 0.1656181530430502, 'reg_alpha': 3.324536376706423, 'reg_lambda': 5.882061951700239, 'gamma': 0.7999999999999999}. Best is trial 74 with value: 0.8707075030912526.
/home/stepa/.local/lib/python3.6/site-packages/xgboost/sklearn.py:1224: UserWarning: The use of label encoder in XGBClassifier is deprecated and will be removed in a future release. To remove this warning, do the following: 1) Pass option use_label_encoder=False when constructing XGBClassifier object; and 2) Encode your labels (y) as integers starting with 0, i.e. 0, 1, 2, ..., [num_class - 1].
  warnings.warn(label_encoder_deprecation_msg, UserWarning)
[15:48:37] WARNING: ../src/learner.cc:223: No visible GPU is found, setting `gpu_id` to -1
[15:48:37] WARNING: ../src/learner.cc:1115: Starting in XGBoost 1.3.0, the default evaluation metric used with the objective 'binary:logistic' was changed from 'error' to 'logloss'. Explicitly set eval_metric if you'd like to restore the old behavior.
[I 2023-11-06 15:49:06,408] Trial 152 finished with value: 0.8700695694379914 and parameters: {'n_estimators': 7600, 'max_depth': 6, 'min_child_weight': 7, 'learning_rate': 0.022548002943465373, 'subsample': 0.8863269413255627, 'colsample_bytree': 0.16940876233697122, 'reg_alpha': 2.960765025911507, 'reg_lambda': 5.778670742065835, 'gamma': 0.7999999999999999}. Best is trial 74 with value: 0.8707075030912526.
/home/stepa/.local/lib/python3.6/site-packages/xgboost/sklearn.py:1224: UserWarning: The use of label encoder in XGBClassifier is deprecated and will be removed in a future release. To remove this warning, do the following: 1) Pass option use_label_encoder=False when constructing XGBClassifier object; and 2) Encode your labels (y) as integers starting with 0, i.e. 0, 1, 2, ..., [num_class - 1].
  warnings.warn(label_encoder_deprecation_msg, UserWarning)
[15:49:06] WARNING: ../src/learner.cc:223: No visible GPU is found, setting `gpu_id` to -1
[15:49:06] WARNING: ../src/learner.cc:1115: Starting in XGBoost 1.3.0, the default evaluation metric used with the objective 'binary:logistic' was changed from 'error' to 'logloss'. Explicitly set eval_metric if you'd like to restore the old behavior.
[I 2023-11-06 15:49:36,031] Trial 153 finished with value: 0.8703247385026203 and parameters: {'n_estimators': 7900, 'max_depth': 6, 'min_child_weight': 7, 'learning_rate': 0.018560645093960947, 'subsample': 0.9106132895619936, 'colsample_bytree': 0.1191313331297579, 'reg_alpha': 3.362285958473091, 'reg_lambda': 6.235562380084654, 'gamma': 0.7999999999999999}. Best is trial 74 with value: 0.8707075030912526.
/home/stepa/.local/lib/python3.6/site-packages/xgboost/sklearn.py:1224: UserWarning: The use of label encoder in XGBClassifier is deprecated and will be removed in a future release. To remove this warning, do the following: 1) Pass option use_label_encoder=False when constructing XGBClassifier object; and 2) Encode your labels (y) as integers starting with 0, i.e. 0, 1, 2, ..., [num_class - 1].
  warnings.warn(label_encoder_deprecation_msg, UserWarning)
[15:49:36] WARNING: ../src/learner.cc:223: No visible GPU is found, setting `gpu_id` to -1
[15:49:36] WARNING: ../src/learner.cc:1115: Starting in XGBoost 1.3.0, the default evaluation metric used with the objective 'binary:logistic' was changed from 'error' to 'logloss'. Explicitly set eval_metric if you'd like to restore the old behavior.
[I 2023-11-06 15:50:05,173] Trial 154 finished with value: 0.8705087133977303 and parameters: {'n_estimators': 7700, 'max_depth': 6, 'min_child_weight': 7, 'learning_rate': 0.016734815257579, 'subsample': 0.9021239156455187, 'colsample_bytree': 0.15716755575593183, 'reg_alpha': 3.6659711414595195, 'reg_lambda': 5.310456356989512, 'gamma': 1.0}. Best is trial 74 with value: 0.8707075030912526.
/home/stepa/.local/lib/python3.6/site-packages/xgboost/sklearn.py:1224: UserWarning: The use of label encoder in XGBClassifier is deprecated and will be removed in a future release. To remove this warning, do the following: 1) Pass option use_label_encoder=False when constructing XGBClassifier object; and 2) Encode your labels (y) as integers starting with 0, i.e. 0, 1, 2, ..., [num_class - 1].
  warnings.warn(label_encoder_deprecation_msg, UserWarning)
[15:50:05] WARNING: ../src/learner.cc:223: No visible GPU is found, setting `gpu_id` to -1
[15:50:05] WARNING: ../src/learner.cc:1115: Starting in XGBoost 1.3.0, the default evaluation metric used with the objective 'binary:logistic' was changed from 'error' to 'logloss'. Explicitly set eval_metric if you'd like to restore the old behavior.
[I 2023-11-06 15:50:33,946] Trial 155 finished with value: 0.8697915736328437 and parameters: {'n_estimators': 7700, 'max_depth': 6, 'min_child_weight': 7, 'learning_rate': 0.029196144833985013, 'subsample': 0.9000567573240597, 'colsample_bytree': 0.15507506340621485, 'reg_alpha': 2.9824339975800207, 'reg_lambda': 5.7778480000171255, 'gamma': 1.0}. Best is trial 74 with value: 0.8707075030912526.
/home/stepa/.local/lib/python3.6/site-packages/xgboost/sklearn.py:1224: UserWarning: The use of label encoder in XGBClassifier is deprecated and will be removed in a future release. To remove this warning, do the following: 1) Pass option use_label_encoder=False when constructing XGBClassifier object; and 2) Encode your labels (y) as integers starting with 0, i.e. 0, 1, 2, ..., [num_class - 1].
  warnings.warn(label_encoder_deprecation_msg, UserWarning)
[15:50:33] WARNING: ../src/learner.cc:223: No visible GPU is found, setting `gpu_id` to -1
[15:50:34] WARNING: ../src/learner.cc:1115: Starting in XGBoost 1.3.0, the default evaluation metric used with the objective 'binary:logistic' was changed from 'error' to 'logloss'. Explicitly set eval_metric if you'd like to restore the old behavior.
[I 2023-11-06 15:51:01,961] Trial 156 finished with value: 0.8703622561352381 and parameters: {'n_estimators': 7500, 'max_depth': 6, 'min_child_weight': 7, 'learning_rate': 0.02051602257011229, 'subsample': 0.8942320094694393, 'colsample_bytree': 0.13890959818914544, 'reg_alpha': 2.4132980143937304, 'reg_lambda': 5.486115411501741, 'gamma': 1.0}. Best is trial 74 with value: 0.8707075030912526.
/home/stepa/.local/lib/python3.6/site-packages/xgboost/sklearn.py:1224: UserWarning: The use of label encoder in XGBClassifier is deprecated and will be removed in a future release. To remove this warning, do the following: 1) Pass option use_label_encoder=False when constructing XGBClassifier object; and 2) Encode your labels (y) as integers starting with 0, i.e. 0, 1, 2, ..., [num_class - 1].
  warnings.warn(label_encoder_deprecation_msg, UserWarning)
[15:51:02] WARNING: ../src/learner.cc:223: No visible GPU is found, setting `gpu_id` to -1
[15:51:02] WARNING: ../src/learner.cc:1115: Starting in XGBoost 1.3.0, the default evaluation metric used with the objective 'binary:logistic' was changed from 'error' to 'logloss'. Explicitly set eval_metric if you'd like to restore the old behavior.
[I 2023-11-06 15:51:31,258] Trial 157 finished with value: 0.870526376042863 and parameters: {'n_estimators': 7800, 'max_depth': 6, 'min_child_weight': 7, 'learning_rate': 0.015503121393030955, 'subsample': 0.9118551795424282, 'colsample_bytree': 0.18563123508364537, 'reg_alpha': 3.4910327098615497, 'reg_lambda': 6.08299912155658, 'gamma': 0.8999999999999999}. Best is trial 74 with value: 0.8707075030912526.
/home/stepa/.local/lib/python3.6/site-packages/xgboost/sklearn.py:1224: UserWarning: The use of label encoder in XGBClassifier is deprecated and will be removed in a future release. To remove this warning, do the following: 1) Pass option use_label_encoder=False when constructing XGBClassifier object; and 2) Encode your labels (y) as integers starting with 0, i.e. 0, 1, 2, ..., [num_class - 1].
  warnings.warn(label_encoder_deprecation_msg, UserWarning)
[15:51:31] WARNING: ../src/learner.cc:223: No visible GPU is found, setting `gpu_id` to -1
[15:51:31] WARNING: ../src/learner.cc:1115: Starting in XGBoost 1.3.0, the default evaluation metric used with the objective 'binary:logistic' was changed from 'error' to 'logloss'. Explicitly set eval_metric if you'd like to restore the old behavior.
[I 2023-11-06 15:52:00,815] Trial 158 finished with value: 0.8703654037552974 and parameters: {'n_estimators': 7600, 'max_depth': 6, 'min_child_weight': 7, 'learning_rate': 0.012777975275095233, 'subsample': 0.9134296045315992, 'colsample_bytree': 0.2062711627095878, 'reg_alpha': 9.384951659504338, 'reg_lambda': 6.073910843316933, 'gamma': 0.8999999999999999}. Best is trial 74 with value: 0.8707075030912526.
/home/stepa/.local/lib/python3.6/site-packages/xgboost/sklearn.py:1224: UserWarning: The use of label encoder in XGBClassifier is deprecated and will be removed in a future release. To remove this warning, do the following: 1) Pass option use_label_encoder=False when constructing XGBClassifier object; and 2) Encode your labels (y) as integers starting with 0, i.e. 0, 1, 2, ..., [num_class - 1].
  warnings.warn(label_encoder_deprecation_msg, UserWarning)
[15:52:00] WARNING: ../src/learner.cc:223: No visible GPU is found, setting `gpu_id` to -1
[15:52:00] WARNING: ../src/learner.cc:1115: Starting in XGBoost 1.3.0, the default evaluation metric used with the objective 'binary:logistic' was changed from 'error' to 'logloss'. Explicitly set eval_metric if you'd like to restore the old behavior.
[I 2023-11-06 15:52:30,716] Trial 159 finished with value: 0.8705801573783649 and parameters: {'n_estimators': 8100, 'max_depth': 6, 'min_child_weight': 7, 'learning_rate': 0.015177429464803747, 'subsample': 0.9443590739608153, 'colsample_bytree': 0.1837548082201878, 'reg_alpha': 3.4787172343806967, 'reg_lambda': 5.839683356633189, 'gamma': 0.8999999999999999}. Best is trial 74 with value: 0.8707075030912526.
/home/stepa/.local/lib/python3.6/site-packages/xgboost/sklearn.py:1224: UserWarning: The use of label encoder in XGBClassifier is deprecated and will be removed in a future release. To remove this warning, do the following: 1) Pass option use_label_encoder=False when constructing XGBClassifier object; and 2) Encode your labels (y) as integers starting with 0, i.e. 0, 1, 2, ..., [num_class - 1].
  warnings.warn(label_encoder_deprecation_msg, UserWarning)
[15:52:30] WARNING: ../src/learner.cc:223: No visible GPU is found, setting `gpu_id` to -1
[15:52:30] WARNING: ../src/learner.cc:1115: Starting in XGBoost 1.3.0, the default evaluation metric used with the objective 'binary:logistic' was changed from 'error' to 'logloss'. Explicitly set eval_metric if you'd like to restore the old behavior.
[I 2023-11-06 15:52:59,002] Trial 160 finished with value: 0.869480031192575 and parameters: {'n_estimators': 7800, 'max_depth': 6, 'min_child_weight': 7, 'learning_rate': 0.0241426082195379, 'subsample': 0.9849879214326296, 'colsample_bytree': 0.22867436979916697, 'reg_alpha': 3.3267531825214043, 'reg_lambda': 5.920014490648468, 'gamma': 0.8999999999999999}. Best is trial 74 with value: 0.8707075030912526.
/home/stepa/.local/lib/python3.6/site-packages/xgboost/sklearn.py:1224: UserWarning: The use of label encoder in XGBClassifier is deprecated and will be removed in a future release. To remove this warning, do the following: 1) Pass option use_label_encoder=False when constructing XGBClassifier object; and 2) Encode your labels (y) as integers starting with 0, i.e. 0, 1, 2, ..., [num_class - 1].
  warnings.warn(label_encoder_deprecation_msg, UserWarning)
[15:52:59] WARNING: ../src/learner.cc:223: No visible GPU is found, setting `gpu_id` to -1
[15:52:59] WARNING: ../src/learner.cc:1115: Starting in XGBoost 1.3.0, the default evaluation metric used with the objective 'binary:logistic' was changed from 'error' to 'logloss'. Explicitly set eval_metric if you'd like to restore the old behavior.
[I 2023-11-06 15:53:29,888] Trial 161 finished with value: 0.8706851000303862 and parameters: {'n_estimators': 8300, 'max_depth': 6, 'min_child_weight': 7, 'learning_rate': 0.014406966359123053, 'subsample': 0.9476657697496216, 'colsample_bytree': 0.18647582101650328, 'reg_alpha': 3.512800132189008, 'reg_lambda': 6.441805945094429, 'gamma': 0.8999999999999999}. Best is trial 74 with value: 0.8707075030912526.
/home/stepa/.local/lib/python3.6/site-packages/xgboost/sklearn.py:1224: UserWarning: The use of label encoder in XGBClassifier is deprecated and will be removed in a future release. To remove this warning, do the following: 1) Pass option use_label_encoder=False when constructing XGBClassifier object; and 2) Encode your labels (y) as integers starting with 0, i.e. 0, 1, 2, ..., [num_class - 1].
  warnings.warn(label_encoder_deprecation_msg, UserWarning)
[15:53:29] WARNING: ../src/learner.cc:223: No visible GPU is found, setting `gpu_id` to -1
[15:53:29] WARNING: ../src/learner.cc:1115: Starting in XGBoost 1.3.0, the default evaluation metric used with the objective 'binary:logistic' was changed from 'error' to 'logloss'. Explicitly set eval_metric if you'd like to restore the old behavior.
